<?xml version="1.0" encoding="UTF-8"?>
<testsuite xmlns:xsi="http://www.w3.org/2001/XMLSchema-instance" xsi:noNamespaceSchemaLocation="https://maven.apache.org/surefire/maven-failsafe-plugin/xsd/failsafe-test-report-3.0.xsd" version="3.0" name="starter.CucumberTestSuite" time="189.777" tests="6" errors="0" skipped="0" failures="0">
  <properties>
    <property name="gopherProxySet" value="false"/>
    <property name="awt.toolkit" value="sun.lwawt.macosx.LWCToolkit"/>
    <property name="java.specification.version" value="1.8"/>
    <property name="file.encoding.pkg" value="sun.io"/>
    <property name="webdriver.chrome.driver" value="src/test/resources/webdriver/chromedriver"/>
    <property name="sun.cpu.isalist" value=""/>
    <property name="sun.jnu.encoding" value="UTF-8"/>
    <property name="java.class.path" value="/Users/masgilang/Downloads/test-automation-MinProWEB/target/test-classes:/Users/masgilang/Downloads/test-automation-MinProWEB/target/test-automation-MinProWEB-1.0-SNAPSHOT.jar:/Users/masgilang/.m2/repository/net/serenity-bdd/serenity-core/3.6.21/serenity-core-3.6.21.jar:/Users/masgilang/.m2/repository/net/serenity-bdd/serenity-model/3.6.21/serenity-model-3.6.21.jar:/Users/masgilang/.m2/repository/org/apache/commons/commons-text/1.10.0/commons-text-1.10.0.jar:/Users/masgilang/.m2/repository/commons-net/commons-net/3.9.0/commons-net-3.9.0.jar:/Users/masgilang/.m2/repository/com/google/guava/guava/31.1-jre/guava-31.1-jre.jar:/Users/masgilang/.m2/repository/com/google/guava/failureaccess/1.0.1/failureaccess-1.0.1.jar:/Users/masgilang/.m2/repository/com/google/guava/listenablefuture/9999.0-empty-to-avoid-conflict-with-guava/listenablefuture-9999.0-empty-to-avoid-conflict-with-guava.jar:/Users/masgilang/.m2/repository/com/google/code/findbugs/jsr305/3.0.2/jsr305-3.0.2.jar:/Users/masgilang/.m2/repository/org/checkerframework/checker-qual/3.12.0/checker-qual-3.12.0.jar:/Users/masgilang/.m2/repository/com/google/errorprone/error_prone_annotations/2.11.0/error_prone_annotations-2.11.0.jar:/Users/masgilang/.m2/repository/com/google/j2objc/j2objc-annotations/1.3/j2objc-annotations-1.3.jar:/Users/masgilang/.m2/repository/com/google/inject/guice/5.1.0/guice-5.1.0.jar:/Users/masgilang/.m2/repository/javax/inject/javax.inject/1/javax.inject-1.jar:/Users/masgilang/.m2/repository/aopalliance/aopalliance/1.0/aopalliance-1.0.jar:/Users/masgilang/.m2/repository/org/jsoup/jsoup/1.14.3/jsoup-1.14.3.jar:/Users/masgilang/.m2/repository/com/thoughtworks/xstream/xstream/1.4.20/xstream-1.4.20.jar:/Users/masgilang/.m2/repository/io/github/x-stream/mxparser/1.2.2/mxparser-1.2.2.jar:/Users/masgilang/.m2/repository/xmlpull/xmlpull/1.1.3.1/xmlpull-1.1.3.1.jar:/Users/masgilang/.m2/repository/com/typesafe/config/1.4.2/config-1.4.2.jar:/Users/masgilang/.m2/repository/org/imgscalr/imgscalr-lib/4.2/imgscalr-lib-4.2.jar:/Users/masgilang/.m2/repository/org/awaitility/awaitility/4.2.0/awaitility-4.2.0.jar:/Users/masgilang/.m2/repository/org/freemarker/freemarker/2.3.31/freemarker-2.3.31.jar:/Users/masgilang/.m2/repository/io/github/classgraph/classgraph/4.8.138/classgraph-4.8.138.jar:/Users/masgilang/.m2/repository/net/sourceforge/jexcelapi/jxl/2.6.12/jxl-2.6.12.jar:/Users/masgilang/.m2/repository/net/bytebuddy/byte-buddy-agent/1.14.2/byte-buddy-agent-1.14.2.jar:/Users/masgilang/.m2/repository/org/objenesis/objenesis/3.3/objenesis-3.3.jar:/Users/masgilang/.m2/repository/net/serenity-bdd/serenity-reports/3.6.21/serenity-reports-3.6.21.jar:/Users/masgilang/.m2/repository/net/serenity-bdd/serenity-stats/3.6.21/serenity-stats-3.6.21.jar:/Users/masgilang/.m2/repository/net/serenity-bdd/serenity-reports-configuration/3.6.21/serenity-reports-configuration-3.6.21.jar:/Users/masgilang/.m2/repository/com/vladsch/flexmark/flexmark-all/0.62.2/flexmark-all-0.62.2.jar:/Users/masgilang/.m2/repository/com/vladsch/flexmark/flexmark/0.62.2/flexmark-0.62.2.jar:/Users/masgilang/.m2/repository/com/vladsch/flexmark/flexmark-ext-abbreviation/0.62.2/flexmark-ext-abbreviation-0.62.2.jar:/Users/masgilang/.m2/repository/com/vladsch/flexmark/flexmark-util/0.62.2/flexmark-util-0.62.2.jar:/Users/masgilang/.m2/repository/com/vladsch/flexmark/flexmark-ext-admonition/0.62.2/flexmark-ext-admonition-0.62.2.jar:/Users/masgilang/.m2/repository/com/vladsch/flexmark/flexmark-ext-anchorlink/0.62.2/flexmark-ext-anchorlink-0.62.2.jar:/Users/masgilang/.m2/repository/com/vladsch/flexmark/flexmark-ext-aside/0.62.2/flexmark-ext-aside-0.62.2.jar:/Users/masgilang/.m2/repository/com/vladsch/flexmark/flexmark-ext-attributes/0.62.2/flexmark-ext-attributes-0.62.2.jar:/Users/masgilang/.m2/repository/com/vladsch/flexmark/flexmark-ext-autolink/0.62.2/flexmark-ext-autolink-0.62.2.jar:/Users/masgilang/.m2/repository/org/nibor/autolink/autolink/0.6.0/autolink-0.6.0.jar:/Users/masgilang/.m2/repository/com/vladsch/flexmark/flexmark-ext-definition/0.62.2/flexmark-ext-definition-0.62.2.jar:/Users/masgilang/.m2/repository/com/vladsch/flexmark/flexmark-ext-emoji/0.62.2/flexmark-ext-emoji-0.62.2.jar:/Users/masgilang/.m2/repository/com/vladsch/flexmark/flexmark-ext-enumerated-reference/0.62.2/flexmark-ext-enumerated-reference-0.62.2.jar:/Users/masgilang/.m2/repository/com/vladsch/flexmark/flexmark-ext-escaped-character/0.62.2/flexmark-ext-escaped-character-0.62.2.jar:/Users/masgilang/.m2/repository/com/vladsch/flexmark/flexmark-ext-footnotes/0.62.2/flexmark-ext-footnotes-0.62.2.jar:/Users/masgilang/.m2/repository/com/vladsch/flexmark/flexmark-ext-gfm-issues/0.62.2/flexmark-ext-gfm-issues-0.62.2.jar:/Users/masgilang/.m2/repository/com/vladsch/flexmark/flexmark-ext-gfm-strikethrough/0.62.2/flexmark-ext-gfm-strikethrough-0.62.2.jar:/Users/masgilang/.m2/repository/com/vladsch/flexmark/flexmark-ext-gfm-tasklist/0.62.2/flexmark-ext-gfm-tasklist-0.62.2.jar:/Users/masgilang/.m2/repository/com/vladsch/flexmark/flexmark-ext-gfm-users/0.62.2/flexmark-ext-gfm-users-0.62.2.jar:/Users/masgilang/.m2/repository/com/vladsch/flexmark/flexmark-ext-gitlab/0.62.2/flexmark-ext-gitlab-0.62.2.jar:/Users/masgilang/.m2/repository/com/vladsch/flexmark/flexmark-ext-jekyll-front-matter/0.62.2/flexmark-ext-jekyll-front-matter-0.62.2.jar:/Users/masgilang/.m2/repository/com/vladsch/flexmark/flexmark-ext-jekyll-tag/0.62.2/flexmark-ext-jekyll-tag-0.62.2.jar:/Users/masgilang/.m2/repository/com/vladsch/flexmark/flexmark-ext-media-tags/0.62.2/flexmark-ext-media-tags-0.62.2.jar:/Users/masgilang/.m2/repository/com/vladsch/flexmark/flexmark-ext-macros/0.62.2/flexmark-ext-macros-0.62.2.jar:/Users/masgilang/.m2/repository/com/vladsch/flexmark/flexmark-ext-ins/0.62.2/flexmark-ext-ins-0.62.2.jar:/Users/masgilang/.m2/repository/com/vladsch/flexmark/flexmark-ext-xwiki-macros/0.62.2/flexmark-ext-xwiki-macros-0.62.2.jar:/Users/masgilang/.m2/repository/com/vladsch/flexmark/flexmark-ext-superscript/0.62.2/flexmark-ext-superscript-0.62.2.jar:/Users/masgilang/.m2/repository/com/vladsch/flexmark/flexmark-ext-tables/0.62.2/flexmark-ext-tables-0.62.2.jar:/Users/masgilang/.m2/repository/com/vladsch/flexmark/flexmark-ext-toc/0.62.2/flexmark-ext-toc-0.62.2.jar:/Users/masgilang/.m2/repository/com/vladsch/flexmark/flexmark-ext-typographic/0.62.2/flexmark-ext-typographic-0.62.2.jar:/Users/masgilang/.m2/repository/com/vladsch/flexmark/flexmark-ext-wikilink/0.62.2/flexmark-ext-wikilink-0.62.2.jar:/Users/masgilang/.m2/repository/com/vladsch/flexmark/flexmark-ext-yaml-front-matter/0.62.2/flexmark-ext-yaml-front-matter-0.62.2.jar:/Users/masgilang/.m2/repository/com/vladsch/flexmark/flexmark-ext-youtube-embedded/0.62.2/flexmark-ext-youtube-embedded-0.62.2.jar:/Users/masgilang/.m2/repository/com/vladsch/flexmark/flexmark-html2md-converter/0.62.2/flexmark-html2md-converter-0.62.2.jar:/Users/masgilang/.m2/repository/com/vladsch/flexmark/flexmark-jira-converter/0.62.2/flexmark-jira-converter-0.62.2.jar:/Users/masgilang/.m2/repository/com/vladsch/flexmark/flexmark-pdf-converter/0.62.2/flexmark-pdf-converter-0.62.2.jar:/Users/masgilang/.m2/repository/com/openhtmltopdf/openhtmltopdf-core/1.0.0/openhtmltopdf-core-1.0.0.jar:/Users/masgilang/.m2/repository/com/openhtmltopdf/openhtmltopdf-pdfbox/1.0.0/openhtmltopdf-pdfbox-1.0.0.jar:/Users/masgilang/.m2/repository/org/apache/pdfbox/pdfbox/2.0.16/pdfbox-2.0.16.jar:/Users/masgilang/.m2/repository/org/apache/pdfbox/fontbox/2.0.16/fontbox-2.0.16.jar:/Users/masgilang/.m2/repository/org/apache/pdfbox/xmpbox/2.0.16/xmpbox-2.0.16.jar:/Users/masgilang/.m2/repository/de/rototor/pdfbox/graphics2d/0.24/graphics2d-0.24.jar:/Users/masgilang/.m2/repository/com/openhtmltopdf/openhtmltopdf-rtl-support/1.0.0/openhtmltopdf-rtl-support-1.0.0.jar:/Users/masgilang/.m2/repository/com/openhtmltopdf/openhtmltopdf-jsoup-dom-converter/1.0.0/openhtmltopdf-jsoup-dom-converter-1.0.0.jar:/Users/masgilang/.m2/repository/com/vladsch/flexmark/flexmark-profile-pegdown/0.62.2/flexmark-profile-pegdown-0.62.2.jar:/Users/masgilang/.m2/repository/com/vladsch/flexmark/flexmark-util-ast/0.62.2/flexmark-util-ast-0.62.2.jar:/Users/masgilang/.m2/repository/com/vladsch/flexmark/flexmark-util-builder/0.62.2/flexmark-util-builder-0.62.2.jar:/Users/masgilang/.m2/repository/com/vladsch/flexmark/flexmark-util-collection/0.62.2/flexmark-util-collection-0.62.2.jar:/Users/masgilang/.m2/repository/com/vladsch/flexmark/flexmark-util-data/0.62.2/flexmark-util-data-0.62.2.jar:/Users/masgilang/.m2/repository/com/vladsch/flexmark/flexmark-util-dependency/0.62.2/flexmark-util-dependency-0.62.2.jar:/Users/masgilang/.m2/repository/com/vladsch/flexmark/flexmark-util-format/0.62.2/flexmark-util-format-0.62.2.jar:/Users/masgilang/.m2/repository/com/vladsch/flexmark/flexmark-util-html/0.62.2/flexmark-util-html-0.62.2.jar:/Users/masgilang/.m2/repository/com/vladsch/flexmark/flexmark-util-misc/0.62.2/flexmark-util-misc-0.62.2.jar:/Users/masgilang/.m2/repository/com/vladsch/flexmark/flexmark-util-options/0.62.2/flexmark-util-options-0.62.2.jar:/Users/masgilang/.m2/repository/com/vladsch/flexmark/flexmark-util-sequence/0.62.2/flexmark-util-sequence-0.62.2.jar:/Users/masgilang/.m2/repository/com/vladsch/flexmark/flexmark-util-visitor/0.62.2/flexmark-util-visitor-0.62.2.jar:/Users/masgilang/.m2/repository/com/vladsch/flexmark/flexmark-youtrack-converter/0.62.2/flexmark-youtrack-converter-0.62.2.jar:/Users/masgilang/.m2/repository/com/ibm/icu/icu4j/72.1/icu4j-72.1.jar:/Users/masgilang/.m2/repository/es/nitaur/markdown/txtmark/0.16/txtmark-0.16.jar:/Users/masgilang/.m2/repository/net/serenity-bdd/serenity-report-resources/3.6.21/serenity-report-resources-3.6.21.jar:/Users/masgilang/.m2/repository/com/google/code/gson/gson/2.10.1/gson-2.10.1.jar:/Users/masgilang/.m2/repository/com/fasterxml/jackson/core/jackson-core/2.15.0-rc1/jackson-core-2.15.0-rc1.jar:/Users/masgilang/.m2/repository/com/fasterxml/jackson/core/jackson-databind/2.15.0-rc1/jackson-databind-2.15.0-rc1.jar:/Users/masgilang/.m2/repository/com/fasterxml/jackson/core/jackson-annotations/2.15.0-rc1/jackson-annotations-2.15.0-rc1.jar:/Users/masgilang/.m2/repository/commons-codec/commons-codec/1.15/commons-codec-1.15.jar:/Users/masgilang/.m2/repository/commons-io/commons-io/2.11.0/commons-io-2.11.0.jar:/Users/masgilang/.m2/repository/org/apache/httpcomponents/httpclient/4.5.13/httpclient-4.5.13.jar:/Users/masgilang/.m2/repository/org/apache/httpcomponents/httpcore/4.4.13/httpcore-4.4.13.jar:/Users/masgilang/.m2/repository/commons-logging/commons-logging/1.2/commons-logging-1.2.jar:/Users/masgilang/.m2/repository/org/seleniumhq/selenium/selenium-java/4.8.1/selenium-java-4.8.1.jar:/Users/masgilang/.m2/repository/org/seleniumhq/selenium/selenium-devtools-v108/4.8.1/selenium-devtools-v108-4.8.1.jar:/Users/masgilang/.m2/repository/org/seleniumhq/selenium/selenium-devtools-v109/4.8.1/selenium-devtools-v109-4.8.1.jar:/Users/masgilang/.m2/repository/org/seleniumhq/selenium/selenium-devtools-v110/4.8.1/selenium-devtools-v110-4.8.1.jar:/Users/masgilang/.m2/repository/org/seleniumhq/selenium/selenium-devtools-v85/4.8.1/selenium-devtools-v85-4.8.1.jar:/Users/masgilang/.m2/repository/org/seleniumhq/selenium/selenium-remote-driver/4.8.1/selenium-remote-driver-4.8.1.jar:/Users/masgilang/.m2/repository/com/beust/jcommander/1.82/jcommander-1.82.jar:/Users/masgilang/.m2/repository/io/netty/netty-buffer/4.1.87.Final/netty-buffer-4.1.87.Final.jar:/Users/masgilang/.m2/repository/io/netty/netty-codec-http/4.1.87.Final/netty-codec-http-4.1.87.Final.jar:/Users/masgilang/.m2/repository/io/netty/netty-codec/4.1.87.Final/netty-codec-4.1.87.Final.jar:/Users/masgilang/.m2/repository/io/netty/netty-handler/4.1.87.Final/netty-handler-4.1.87.Final.jar:/Users/masgilang/.m2/repository/io/netty/netty-common/4.1.87.Final/netty-common-4.1.87.Final.jar:/Users/masgilang/.m2/repository/io/netty/netty-transport-classes-epoll/4.1.87.Final/netty-transport-classes-epoll-4.1.87.Final.jar:/Users/masgilang/.m2/repository/io/netty/netty-transport-classes-kqueue/4.1.87.Final/netty-transport-classes-kqueue-4.1.87.Final.jar:/Users/masgilang/.m2/repository/io/netty/netty-transport-native-epoll/4.1.87.Final/netty-transport-native-epoll-4.1.87.Final.jar:/Users/masgilang/.m2/repository/io/netty/netty-transport-native-kqueue/4.1.87.Final/netty-transport-native-kqueue-4.1.87.Final.jar:/Users/masgilang/.m2/repository/io/netty/netty-transport-native-unix-common/4.1.87.Final/netty-transport-native-unix-common-4.1.87.Final.jar:/Users/masgilang/.m2/repository/io/netty/netty-transport/4.1.87.Final/netty-transport-4.1.87.Final.jar:/Users/masgilang/.m2/repository/io/netty/netty-resolver/4.1.87.Final/netty-resolver-4.1.87.Final.jar:/Users/masgilang/.m2/repository/io/opentelemetry/opentelemetry-api/1.22.0/opentelemetry-api-1.22.0.jar:/Users/masgilang/.m2/repository/io/opentelemetry/opentelemetry-context/1.22.0/opentelemetry-context-1.22.0.jar:/Users/masgilang/.m2/repository/io/opentelemetry/opentelemetry-exporter-logging/1.22.0/opentelemetry-exporter-logging-1.22.0.jar:/Users/masgilang/.m2/repository/io/opentelemetry/opentelemetry-sdk-metrics/1.22.0/opentelemetry-sdk-metrics-1.22.0.jar:/Users/masgilang/.m2/repository/io/opentelemetry/opentelemetry-sdk-logs/1.22.0-alpha/opentelemetry-sdk-logs-1.22.0-alpha.jar:/Users/masgilang/.m2/repository/io/opentelemetry/opentelemetry-api-logs/1.22.0-alpha/opentelemetry-api-logs-1.22.0-alpha.jar:/Users/masgilang/.m2/repository/io/opentelemetry/opentelemetry-sdk-common/1.22.0/opentelemetry-sdk-common-1.22.0.jar:/Users/masgilang/.m2/repository/io/opentelemetry/opentelemetry-sdk-extension-autoconfigure-spi/1.22.0/opentelemetry-sdk-extension-autoconfigure-spi-1.22.0.jar:/Users/masgilang/.m2/repository/io/opentelemetry/opentelemetry-sdk-extension-autoconfigure/1.22.0-alpha/opentelemetry-sdk-extension-autoconfigure-1.22.0-alpha.jar:/Users/masgilang/.m2/repository/io/opentelemetry/opentelemetry-sdk-trace/1.22.0/opentelemetry-sdk-trace-1.22.0.jar:/Users/masgilang/.m2/repository/io/opentelemetry/opentelemetry-sdk/1.22.0/opentelemetry-sdk-1.22.0.jar:/Users/masgilang/.m2/repository/io/opentelemetry/opentelemetry-semconv/1.22.0-alpha/opentelemetry-semconv-1.22.0-alpha.jar:/Users/masgilang/.m2/repository/io/ous/jtoml/2.0.0/jtoml-2.0.0.jar:/Users/masgilang/.m2/repository/org/apache/commons/commons-exec/1.3/commons-exec-1.3.jar:/Users/masgilang/.m2/repository/org/asynchttpclient/async-http-client/2.12.3/async-http-client-2.12.3.jar:/Users/masgilang/.m2/repository/org/asynchttpclient/async-http-client-netty-utils/2.12.3/async-http-client-netty-utils-2.12.3.jar:/Users/masgilang/.m2/repository/io/netty/netty-codec-socks/4.1.60.Final/netty-codec-socks-4.1.60.Final.jar:/Users/masgilang/.m2/repository/io/netty/netty-handler-proxy/4.1.60.Final/netty-handler-proxy-4.1.60.Final.jar:/Users/masgilang/.m2/repository/io/netty/netty-transport-native-epoll/4.1.60.Final/netty-transport-native-epoll-4.1.60.Final-linux-x86_64.jar:/Users/masgilang/.m2/repository/io/netty/netty-transport-native-kqueue/4.1.60.Final/netty-transport-native-kqueue-4.1.60.Final-osx-x86_64.jar:/Users/masgilang/.m2/repository/org/reactivestreams/reactive-streams/1.0.3/reactive-streams-1.0.3.jar:/Users/masgilang/.m2/repository/com/typesafe/netty/netty-reactive-streams/2.0.4/netty-reactive-streams-2.0.4.jar:/Users/masgilang/.m2/repository/org/seleniumhq/selenium/selenium-manager/4.8.1/selenium-manager-4.8.1.jar:/Users/masgilang/.m2/repository/org/seleniumhq/selenium/selenium-safari-driver/4.8.1/selenium-safari-driver-4.8.1.jar:/Users/masgilang/.m2/repository/org/seleniumhq/selenium/selenium-api/4.8.1/selenium-api-4.8.1.jar:/Users/masgilang/.m2/repository/org/seleniumhq/selenium/selenium-support/4.8.1/selenium-support-4.8.1.jar:/Users/masgilang/.m2/repository/com/google/auto/service/auto-service-annotations/1.0.1/auto-service-annotations-1.0.1.jar:/Users/masgilang/.m2/repository/com/google/auto/service/auto-service/1.0.1/auto-service-1.0.1.jar:/Users/masgilang/.m2/repository/com/google/auto/auto-common/1.2/auto-common-1.2.jar:/Users/masgilang/.m2/repository/org/seleniumhq/selenium/selenium-json/4.8.1/selenium-json-4.8.1.jar:/Users/masgilang/.m2/repository/org/seleniumhq/selenium/selenium-chrome-driver/4.8.1/selenium-chrome-driver-4.8.1.jar:/Users/masgilang/.m2/repository/org/seleniumhq/selenium/selenium-chromium-driver/4.8.1/selenium-chromium-driver-4.8.1.jar:/Users/masgilang/.m2/repository/org/seleniumhq/selenium/selenium-firefox-driver/4.8.1/selenium-firefox-driver-4.8.1.jar:/Users/masgilang/.m2/repository/org/seleniumhq/selenium/selenium-http/4.8.1/selenium-http-4.8.1.jar:/Users/masgilang/.m2/repository/dev/failsafe/failsafe/3.3.0/failsafe-3.3.0.jar:/Users/masgilang/.m2/repository/org/seleniumhq/selenium/selenium-edge-driver/4.8.1/selenium-edge-driver-4.8.1.jar:/Users/masgilang/.m2/repository/org/seleniumhq/selenium/selenium-ie-driver/4.8.1/selenium-ie-driver-4.8.1.jar:/Users/masgilang/.m2/repository/org/projectlombok/lombok/1.18.20/lombok-1.18.20.jar:/Users/masgilang/.m2/repository/io/appium/java-client/8.3.0/java-client-8.3.0.jar:/Users/masgilang/.m2/repository/commons-validator/commons-validator/1.7/commons-validator-1.7.jar:/Users/masgilang/.m2/repository/commons-digester/commons-digester/2.1/commons-digester-2.1.jar:/Users/masgilang/.m2/repository/org/apache/groovy/groovy/4.0.10/groovy-4.0.10.jar:/Users/masgilang/.m2/repository/net/sf/opencsv/opencsv/2.0/opencsv-2.0.jar:/Users/masgilang/.m2/repository/commons-beanutils/commons-beanutils/1.9.4/commons-beanutils-1.9.4.jar:/Users/masgilang/.m2/repository/org/apache/commons/commons-lang3/3.12.0/commons-lang3-3.12.0.jar:/Users/masgilang/.m2/repository/commons-collections/commons-collections/3.2.2/commons-collections-3.2.2.jar:/Users/masgilang/.m2/repository/org/fluentlenium/fluentlenium-core/0.10.2/fluentlenium-core-0.10.2.jar:/Users/masgilang/.m2/repository/io/github/bonigarcia/webdrivermanager/5.3.0/webdrivermanager-5.3.0.jar:/Users/masgilang/.m2/repository/com/github/docker-java/docker-java/3.2.13/docker-java-3.2.13.jar:/Users/masgilang/.m2/repository/com/github/docker-java/docker-java-core/3.2.13/docker-java-core-3.2.13.jar:/Users/masgilang/.m2/repository/com/github/docker-java/docker-java-api/3.2.13/docker-java-api-3.2.13.jar:/Users/masgilang/.m2/repository/org/apache/commons/commons-compress/1.21/commons-compress-1.21.jar:/Users/masgilang/.m2/repository/org/bouncycastle/bcpkix-jdk15on/1.64/bcpkix-jdk15on-1.64.jar:/Users/masgilang/.m2/repository/org/bouncycastle/bcprov-jdk15on/1.64/bcprov-jdk15on-1.64.jar:/Users/masgilang/.m2/repository/org/slf4j/jcl-over-slf4j/1.7.30/jcl-over-slf4j-1.7.30.jar:/Users/masgilang/.m2/repository/com/github/docker-java/docker-java-transport-httpclient5/3.2.13/docker-java-transport-httpclient5-3.2.13.jar:/Users/masgilang/.m2/repository/com/github/docker-java/docker-java-transport/3.2.13/docker-java-transport-3.2.13.jar:/Users/masgilang/.m2/repository/net/java/dev/jna/jna/5.8.0/jna-5.8.0.jar:/Users/masgilang/.m2/repository/org/brotli/dec/0.1.2/dec-0.1.2.jar:/Users/masgilang/.m2/repository/org/apache/httpcomponents/client5/httpclient5/5.1.3/httpclient5-5.1.3.jar:/Users/masgilang/.m2/repository/org/apache/httpcomponents/core5/httpcore5/5.1.3/httpcore5-5.1.3.jar:/Users/masgilang/.m2/repository/org/apache/httpcomponents/core5/httpcore5-h2/5.1.3/httpcore5-h2-5.1.3.jar:/Users/masgilang/.m2/repository/com/jhlabs/filters/2.0.235/filters-2.0.235.jar:/Users/masgilang/.m2/repository/com/paulhammant/ngwebdriver/1.1.6/ngwebdriver-1.1.6.jar:/Users/masgilang/.m2/repository/joda-time/joda-time/2.12.2/joda-time-2.12.2.jar:/Users/masgilang/.m2/repository/org/hamcrest/hamcrest/2.2/hamcrest-2.2.jar:/Users/masgilang/.m2/repository/com/google/jimfs/jimfs/1.2/jimfs-1.2.jar:/Users/masgilang/.m2/repository/org/mockito/mockito-core/3.3.3/mockito-core-3.3.3.jar:/Users/masgilang/.m2/repository/javax/xml/bind/jaxb-api/2.3.1/jaxb-api-2.3.1.jar:/Users/masgilang/.m2/repository/javax/activation/javax.activation-api/1.2.0/javax.activation-api-1.2.0.jar:/Users/masgilang/.m2/repository/com/sun/xml/bind/jaxb-core/2.3.0.1/jaxb-core-2.3.0.1.jar:/Users/masgilang/.m2/repository/com/sun/xml/bind/jaxb-impl/2.3.3/jaxb-impl-2.3.3.jar:/Users/masgilang/.m2/repository/jakarta/xml/bind/jakarta.xml.bind-api/2.3.3/jakarta.xml.bind-api-2.3.3.jar:/Users/masgilang/.m2/repository/com/sun/activation/jakarta.activation/1.2.2/jakarta.activation-1.2.2.jar:/Users/masgilang/.m2/repository/javax/activation/activation/1.1.1/activation-1.1.1.jar:/Users/masgilang/.m2/repository/net/serenity-bdd/serenity-cucumber/3.6.21/serenity-cucumber-3.6.21.jar:/Users/masgilang/.m2/repository/io/cucumber/cucumber-core/7.11.0/cucumber-core-7.11.0.jar:/Users/masgilang/.m2/repository/io/cucumber/cucumber-gherkin/7.11.0/cucumber-gherkin-7.11.0.jar:/Users/masgilang/.m2/repository/io/cucumber/cucumber-gherkin-messages/7.11.0/cucumber-gherkin-messages-7.11.0.jar:/Users/masgilang/.m2/repository/io/cucumber/gherkin/26.0.3/gherkin-26.0.3.jar:/Users/masgilang/.m2/repository/io/cucumber/messages/21.0.1/messages-21.0.1.jar:/Users/masgilang/.m2/repository/io/cucumber/tag-expressions/5.0.1/tag-expressions-5.0.1.jar:/Users/masgilang/.m2/repository/io/cucumber/cucumber-expressions/16.1.1/cucumber-expressions-16.1.1.jar:/Users/masgilang/.m2/repository/io/cucumber/datatable/7.11.0/datatable-7.11.0.jar:/Users/masgilang/.m2/repository/io/cucumber/cucumber-plugin/7.11.0/cucumber-plugin-7.11.0.jar:/Users/masgilang/.m2/repository/io/cucumber/docstring/7.11.0/docstring-7.11.0.jar:/Users/masgilang/.m2/repository/io/cucumber/html-formatter/20.2.1/html-formatter-20.2.1.jar:/Users/masgilang/.m2/repository/io/cucumber/junit-xml-formatter/0.1.0/junit-xml-formatter-0.1.0.jar:/Users/masgilang/.m2/repository/io/cucumber/ci-environment/9.1.0/ci-environment-9.1.0.jar:/Users/masgilang/.m2/repository/io/cucumber/cucumber-java/7.11.0/cucumber-java-7.11.0.jar:/Users/masgilang/.m2/repository/io/cucumber/cucumber-junit/7.11.0/cucumber-junit-7.11.0.jar:/Users/masgilang/.m2/repository/org/apache/commons/commons-csv/1.5/commons-csv-1.5.jar:/Users/masgilang/.m2/repository/net/serenity-bdd/serenity-screenplay/3.6.21/serenity-screenplay-3.6.21.jar:/Users/masgilang/.m2/repository/net/serenity-bdd/serenity-screenplay-webdriver/3.6.21/serenity-screenplay-webdriver-3.6.21.jar:/Users/masgilang/.m2/repository/net/serenity-bdd/serenity-ensure/3.6.21/serenity-ensure-3.6.21.jar:/Users/masgilang/.m2/repository/net/serenity-bdd/serenity-junit/3.6.21/serenity-junit-3.6.21.jar:/Users/masgilang/.m2/repository/org/jetbrains/kotlin/kotlin-stdlib/1.8.10/kotlin-stdlib-1.8.10.jar:/Users/masgilang/.m2/repository/org/jetbrains/kotlin/kotlin-stdlib-common/1.8.10/kotlin-stdlib-common-1.8.10.jar:/Users/masgilang/.m2/repository/org/jetbrains/annotations/13.0/annotations-13.0.jar:/Users/masgilang/.m2/repository/org/junit/platform/junit-platform-launcher/1.8.2/junit-platform-launcher-1.8.2.jar:/Users/masgilang/.m2/repository/org/junit/platform/junit-platform-engine/1.8.2/junit-platform-engine-1.8.2.jar:/Users/masgilang/.m2/repository/org/opentest4j/opentest4j/1.2.0/opentest4j-1.2.0.jar:/Users/masgilang/.m2/repository/org/junit/platform/junit-platform-commons/1.8.2/junit-platform-commons-1.8.2.jar:/Users/masgilang/.m2/repository/org/apiguardian/apiguardian-api/1.1.2/apiguardian-api-1.1.2.jar:/Users/masgilang/.m2/repository/org/junit/jupiter/junit-jupiter-engine/5.8.2/junit-jupiter-engine-5.8.2.jar:/Users/masgilang/.m2/repository/org/junit/jupiter/junit-jupiter-api/5.8.2/junit-jupiter-api-5.8.2.jar:/Users/masgilang/.m2/repository/org/junit/vintage/junit-vintage-engine/5.8.2/junit-vintage-engine-5.8.2.jar:/Users/masgilang/.m2/repository/junit/junit/4.13.2/junit-4.13.2.jar:/Users/masgilang/.m2/repository/org/hamcrest/hamcrest-core/1.3/hamcrest-core-1.3.jar:/Users/masgilang/.m2/repository/ch/qos/logback/logback-classic/1.2.10/logback-classic-1.2.10.jar:/Users/masgilang/.m2/repository/ch/qos/logback/logback-core/1.2.10/logback-core-1.2.10.jar:/Users/masgilang/.m2/repository/org/slf4j/slf4j-api/1.7.32/slf4j-api-1.7.32.jar:/Users/masgilang/.m2/repository/org/assertj/assertj-core/3.23.1/assertj-core-3.23.1.jar:/Users/masgilang/.m2/repository/net/bytebuddy/byte-buddy/1.12.10/byte-buddy-1.12.10.jar:"/>
    <property name="java.vm.vendor" value="Amazon.com Inc."/>
    <property name="sun.arch.data.model" value="64"/>
    <property name="sun.font.fontmanager" value="sun.font.CFontManager"/>
    <property name="java.vendor.url" value="https://aws.amazon.com/corretto/"/>
    <property name="user.timezone" value="Asia/Jakarta"/>
    <property name="java.vm.specification.version" value="1.8"/>
    <property name="os.name" value="Mac OS X"/>
    <property name="user.country" value="ID"/>
    <property name="sun.java.launcher" value="SUN_STANDARD"/>
    <property name="sun.boot.library.path" value="/Users/masgilang/Library/Java/JavaVirtualMachines/corretto-1.8.0_372/Contents/Home/jre/lib"/>
    <property name="sun.java.command" value="/Users/masgilang/Downloads/test-automation-MinProWEB/target/surefire/surefirebooter4041362655663250185.jar /Users/masgilang/Downloads/test-automation-MinProWEB/target/surefire 2023-05-09T20-05-16_016-jvmRun1 surefire7970402530826590355tmp surefire_07103750941484372916tmp"/>
    <property name="http.nonProxyHosts" value="local|*.local|169.254/16|*.169.254/16"/>
    <property name="surefire.test.class.path" value="/Users/masgilang/Downloads/test-automation-MinProWEB/target/test-classes:/Users/masgilang/Downloads/test-automation-MinProWEB/target/test-automation-MinProWEB-1.0-SNAPSHOT.jar:/Users/masgilang/.m2/repository/net/serenity-bdd/serenity-core/3.6.21/serenity-core-3.6.21.jar:/Users/masgilang/.m2/repository/net/serenity-bdd/serenity-model/3.6.21/serenity-model-3.6.21.jar:/Users/masgilang/.m2/repository/org/apache/commons/commons-text/1.10.0/commons-text-1.10.0.jar:/Users/masgilang/.m2/repository/commons-net/commons-net/3.9.0/commons-net-3.9.0.jar:/Users/masgilang/.m2/repository/com/google/guava/guava/31.1-jre/guava-31.1-jre.jar:/Users/masgilang/.m2/repository/com/google/guava/failureaccess/1.0.1/failureaccess-1.0.1.jar:/Users/masgilang/.m2/repository/com/google/guava/listenablefuture/9999.0-empty-to-avoid-conflict-with-guava/listenablefuture-9999.0-empty-to-avoid-conflict-with-guava.jar:/Users/masgilang/.m2/repository/com/google/code/findbugs/jsr305/3.0.2/jsr305-3.0.2.jar:/Users/masgilang/.m2/repository/org/checkerframework/checker-qual/3.12.0/checker-qual-3.12.0.jar:/Users/masgilang/.m2/repository/com/google/errorprone/error_prone_annotations/2.11.0/error_prone_annotations-2.11.0.jar:/Users/masgilang/.m2/repository/com/google/j2objc/j2objc-annotations/1.3/j2objc-annotations-1.3.jar:/Users/masgilang/.m2/repository/com/google/inject/guice/5.1.0/guice-5.1.0.jar:/Users/masgilang/.m2/repository/javax/inject/javax.inject/1/javax.inject-1.jar:/Users/masgilang/.m2/repository/aopalliance/aopalliance/1.0/aopalliance-1.0.jar:/Users/masgilang/.m2/repository/org/jsoup/jsoup/1.14.3/jsoup-1.14.3.jar:/Users/masgilang/.m2/repository/com/thoughtworks/xstream/xstream/1.4.20/xstream-1.4.20.jar:/Users/masgilang/.m2/repository/io/github/x-stream/mxparser/1.2.2/mxparser-1.2.2.jar:/Users/masgilang/.m2/repository/xmlpull/xmlpull/1.1.3.1/xmlpull-1.1.3.1.jar:/Users/masgilang/.m2/repository/com/typesafe/config/1.4.2/config-1.4.2.jar:/Users/masgilang/.m2/repository/org/imgscalr/imgscalr-lib/4.2/imgscalr-lib-4.2.jar:/Users/masgilang/.m2/repository/org/awaitility/awaitility/4.2.0/awaitility-4.2.0.jar:/Users/masgilang/.m2/repository/org/freemarker/freemarker/2.3.31/freemarker-2.3.31.jar:/Users/masgilang/.m2/repository/io/github/classgraph/classgraph/4.8.138/classgraph-4.8.138.jar:/Users/masgilang/.m2/repository/net/sourceforge/jexcelapi/jxl/2.6.12/jxl-2.6.12.jar:/Users/masgilang/.m2/repository/net/bytebuddy/byte-buddy-agent/1.14.2/byte-buddy-agent-1.14.2.jar:/Users/masgilang/.m2/repository/org/objenesis/objenesis/3.3/objenesis-3.3.jar:/Users/masgilang/.m2/repository/net/serenity-bdd/serenity-reports/3.6.21/serenity-reports-3.6.21.jar:/Users/masgilang/.m2/repository/net/serenity-bdd/serenity-stats/3.6.21/serenity-stats-3.6.21.jar:/Users/masgilang/.m2/repository/net/serenity-bdd/serenity-reports-configuration/3.6.21/serenity-reports-configuration-3.6.21.jar:/Users/masgilang/.m2/repository/com/vladsch/flexmark/flexmark-all/0.62.2/flexmark-all-0.62.2.jar:/Users/masgilang/.m2/repository/com/vladsch/flexmark/flexmark/0.62.2/flexmark-0.62.2.jar:/Users/masgilang/.m2/repository/com/vladsch/flexmark/flexmark-ext-abbreviation/0.62.2/flexmark-ext-abbreviation-0.62.2.jar:/Users/masgilang/.m2/repository/com/vladsch/flexmark/flexmark-util/0.62.2/flexmark-util-0.62.2.jar:/Users/masgilang/.m2/repository/com/vladsch/flexmark/flexmark-ext-admonition/0.62.2/flexmark-ext-admonition-0.62.2.jar:/Users/masgilang/.m2/repository/com/vladsch/flexmark/flexmark-ext-anchorlink/0.62.2/flexmark-ext-anchorlink-0.62.2.jar:/Users/masgilang/.m2/repository/com/vladsch/flexmark/flexmark-ext-aside/0.62.2/flexmark-ext-aside-0.62.2.jar:/Users/masgilang/.m2/repository/com/vladsch/flexmark/flexmark-ext-attributes/0.62.2/flexmark-ext-attributes-0.62.2.jar:/Users/masgilang/.m2/repository/com/vladsch/flexmark/flexmark-ext-autolink/0.62.2/flexmark-ext-autolink-0.62.2.jar:/Users/masgilang/.m2/repository/org/nibor/autolink/autolink/0.6.0/autolink-0.6.0.jar:/Users/masgilang/.m2/repository/com/vladsch/flexmark/flexmark-ext-definition/0.62.2/flexmark-ext-definition-0.62.2.jar:/Users/masgilang/.m2/repository/com/vladsch/flexmark/flexmark-ext-emoji/0.62.2/flexmark-ext-emoji-0.62.2.jar:/Users/masgilang/.m2/repository/com/vladsch/flexmark/flexmark-ext-enumerated-reference/0.62.2/flexmark-ext-enumerated-reference-0.62.2.jar:/Users/masgilang/.m2/repository/com/vladsch/flexmark/flexmark-ext-escaped-character/0.62.2/flexmark-ext-escaped-character-0.62.2.jar:/Users/masgilang/.m2/repository/com/vladsch/flexmark/flexmark-ext-footnotes/0.62.2/flexmark-ext-footnotes-0.62.2.jar:/Users/masgilang/.m2/repository/com/vladsch/flexmark/flexmark-ext-gfm-issues/0.62.2/flexmark-ext-gfm-issues-0.62.2.jar:/Users/masgilang/.m2/repository/com/vladsch/flexmark/flexmark-ext-gfm-strikethrough/0.62.2/flexmark-ext-gfm-strikethrough-0.62.2.jar:/Users/masgilang/.m2/repository/com/vladsch/flexmark/flexmark-ext-gfm-tasklist/0.62.2/flexmark-ext-gfm-tasklist-0.62.2.jar:/Users/masgilang/.m2/repository/com/vladsch/flexmark/flexmark-ext-gfm-users/0.62.2/flexmark-ext-gfm-users-0.62.2.jar:/Users/masgilang/.m2/repository/com/vladsch/flexmark/flexmark-ext-gitlab/0.62.2/flexmark-ext-gitlab-0.62.2.jar:/Users/masgilang/.m2/repository/com/vladsch/flexmark/flexmark-ext-jekyll-front-matter/0.62.2/flexmark-ext-jekyll-front-matter-0.62.2.jar:/Users/masgilang/.m2/repository/com/vladsch/flexmark/flexmark-ext-jekyll-tag/0.62.2/flexmark-ext-jekyll-tag-0.62.2.jar:/Users/masgilang/.m2/repository/com/vladsch/flexmark/flexmark-ext-media-tags/0.62.2/flexmark-ext-media-tags-0.62.2.jar:/Users/masgilang/.m2/repository/com/vladsch/flexmark/flexmark-ext-macros/0.62.2/flexmark-ext-macros-0.62.2.jar:/Users/masgilang/.m2/repository/com/vladsch/flexmark/flexmark-ext-ins/0.62.2/flexmark-ext-ins-0.62.2.jar:/Users/masgilang/.m2/repository/com/vladsch/flexmark/flexmark-ext-xwiki-macros/0.62.2/flexmark-ext-xwiki-macros-0.62.2.jar:/Users/masgilang/.m2/repository/com/vladsch/flexmark/flexmark-ext-superscript/0.62.2/flexmark-ext-superscript-0.62.2.jar:/Users/masgilang/.m2/repository/com/vladsch/flexmark/flexmark-ext-tables/0.62.2/flexmark-ext-tables-0.62.2.jar:/Users/masgilang/.m2/repository/com/vladsch/flexmark/flexmark-ext-toc/0.62.2/flexmark-ext-toc-0.62.2.jar:/Users/masgilang/.m2/repository/com/vladsch/flexmark/flexmark-ext-typographic/0.62.2/flexmark-ext-typographic-0.62.2.jar:/Users/masgilang/.m2/repository/com/vladsch/flexmark/flexmark-ext-wikilink/0.62.2/flexmark-ext-wikilink-0.62.2.jar:/Users/masgilang/.m2/repository/com/vladsch/flexmark/flexmark-ext-yaml-front-matter/0.62.2/flexmark-ext-yaml-front-matter-0.62.2.jar:/Users/masgilang/.m2/repository/com/vladsch/flexmark/flexmark-ext-youtube-embedded/0.62.2/flexmark-ext-youtube-embedded-0.62.2.jar:/Users/masgilang/.m2/repository/com/vladsch/flexmark/flexmark-html2md-converter/0.62.2/flexmark-html2md-converter-0.62.2.jar:/Users/masgilang/.m2/repository/com/vladsch/flexmark/flexmark-jira-converter/0.62.2/flexmark-jira-converter-0.62.2.jar:/Users/masgilang/.m2/repository/com/vladsch/flexmark/flexmark-pdf-converter/0.62.2/flexmark-pdf-converter-0.62.2.jar:/Users/masgilang/.m2/repository/com/openhtmltopdf/openhtmltopdf-core/1.0.0/openhtmltopdf-core-1.0.0.jar:/Users/masgilang/.m2/repository/com/openhtmltopdf/openhtmltopdf-pdfbox/1.0.0/openhtmltopdf-pdfbox-1.0.0.jar:/Users/masgilang/.m2/repository/org/apache/pdfbox/pdfbox/2.0.16/pdfbox-2.0.16.jar:/Users/masgilang/.m2/repository/org/apache/pdfbox/fontbox/2.0.16/fontbox-2.0.16.jar:/Users/masgilang/.m2/repository/org/apache/pdfbox/xmpbox/2.0.16/xmpbox-2.0.16.jar:/Users/masgilang/.m2/repository/de/rototor/pdfbox/graphics2d/0.24/graphics2d-0.24.jar:/Users/masgilang/.m2/repository/com/openhtmltopdf/openhtmltopdf-rtl-support/1.0.0/openhtmltopdf-rtl-support-1.0.0.jar:/Users/masgilang/.m2/repository/com/openhtmltopdf/openhtmltopdf-jsoup-dom-converter/1.0.0/openhtmltopdf-jsoup-dom-converter-1.0.0.jar:/Users/masgilang/.m2/repository/com/vladsch/flexmark/flexmark-profile-pegdown/0.62.2/flexmark-profile-pegdown-0.62.2.jar:/Users/masgilang/.m2/repository/com/vladsch/flexmark/flexmark-util-ast/0.62.2/flexmark-util-ast-0.62.2.jar:/Users/masgilang/.m2/repository/com/vladsch/flexmark/flexmark-util-builder/0.62.2/flexmark-util-builder-0.62.2.jar:/Users/masgilang/.m2/repository/com/vladsch/flexmark/flexmark-util-collection/0.62.2/flexmark-util-collection-0.62.2.jar:/Users/masgilang/.m2/repository/com/vladsch/flexmark/flexmark-util-data/0.62.2/flexmark-util-data-0.62.2.jar:/Users/masgilang/.m2/repository/com/vladsch/flexmark/flexmark-util-dependency/0.62.2/flexmark-util-dependency-0.62.2.jar:/Users/masgilang/.m2/repository/com/vladsch/flexmark/flexmark-util-format/0.62.2/flexmark-util-format-0.62.2.jar:/Users/masgilang/.m2/repository/com/vladsch/flexmark/flexmark-util-html/0.62.2/flexmark-util-html-0.62.2.jar:/Users/masgilang/.m2/repository/com/vladsch/flexmark/flexmark-util-misc/0.62.2/flexmark-util-misc-0.62.2.jar:/Users/masgilang/.m2/repository/com/vladsch/flexmark/flexmark-util-options/0.62.2/flexmark-util-options-0.62.2.jar:/Users/masgilang/.m2/repository/com/vladsch/flexmark/flexmark-util-sequence/0.62.2/flexmark-util-sequence-0.62.2.jar:/Users/masgilang/.m2/repository/com/vladsch/flexmark/flexmark-util-visitor/0.62.2/flexmark-util-visitor-0.62.2.jar:/Users/masgilang/.m2/repository/com/vladsch/flexmark/flexmark-youtrack-converter/0.62.2/flexmark-youtrack-converter-0.62.2.jar:/Users/masgilang/.m2/repository/com/ibm/icu/icu4j/72.1/icu4j-72.1.jar:/Users/masgilang/.m2/repository/es/nitaur/markdown/txtmark/0.16/txtmark-0.16.jar:/Users/masgilang/.m2/repository/net/serenity-bdd/serenity-report-resources/3.6.21/serenity-report-resources-3.6.21.jar:/Users/masgilang/.m2/repository/com/google/code/gson/gson/2.10.1/gson-2.10.1.jar:/Users/masgilang/.m2/repository/com/fasterxml/jackson/core/jackson-core/2.15.0-rc1/jackson-core-2.15.0-rc1.jar:/Users/masgilang/.m2/repository/com/fasterxml/jackson/core/jackson-databind/2.15.0-rc1/jackson-databind-2.15.0-rc1.jar:/Users/masgilang/.m2/repository/com/fasterxml/jackson/core/jackson-annotations/2.15.0-rc1/jackson-annotations-2.15.0-rc1.jar:/Users/masgilang/.m2/repository/commons-codec/commons-codec/1.15/commons-codec-1.15.jar:/Users/masgilang/.m2/repository/commons-io/commons-io/2.11.0/commons-io-2.11.0.jar:/Users/masgilang/.m2/repository/org/apache/httpcomponents/httpclient/4.5.13/httpclient-4.5.13.jar:/Users/masgilang/.m2/repository/org/apache/httpcomponents/httpcore/4.4.13/httpcore-4.4.13.jar:/Users/masgilang/.m2/repository/commons-logging/commons-logging/1.2/commons-logging-1.2.jar:/Users/masgilang/.m2/repository/org/seleniumhq/selenium/selenium-java/4.8.1/selenium-java-4.8.1.jar:/Users/masgilang/.m2/repository/org/seleniumhq/selenium/selenium-devtools-v108/4.8.1/selenium-devtools-v108-4.8.1.jar:/Users/masgilang/.m2/repository/org/seleniumhq/selenium/selenium-devtools-v109/4.8.1/selenium-devtools-v109-4.8.1.jar:/Users/masgilang/.m2/repository/org/seleniumhq/selenium/selenium-devtools-v110/4.8.1/selenium-devtools-v110-4.8.1.jar:/Users/masgilang/.m2/repository/org/seleniumhq/selenium/selenium-devtools-v85/4.8.1/selenium-devtools-v85-4.8.1.jar:/Users/masgilang/.m2/repository/org/seleniumhq/selenium/selenium-remote-driver/4.8.1/selenium-remote-driver-4.8.1.jar:/Users/masgilang/.m2/repository/com/beust/jcommander/1.82/jcommander-1.82.jar:/Users/masgilang/.m2/repository/io/netty/netty-buffer/4.1.87.Final/netty-buffer-4.1.87.Final.jar:/Users/masgilang/.m2/repository/io/netty/netty-codec-http/4.1.87.Final/netty-codec-http-4.1.87.Final.jar:/Users/masgilang/.m2/repository/io/netty/netty-codec/4.1.87.Final/netty-codec-4.1.87.Final.jar:/Users/masgilang/.m2/repository/io/netty/netty-handler/4.1.87.Final/netty-handler-4.1.87.Final.jar:/Users/masgilang/.m2/repository/io/netty/netty-common/4.1.87.Final/netty-common-4.1.87.Final.jar:/Users/masgilang/.m2/repository/io/netty/netty-transport-classes-epoll/4.1.87.Final/netty-transport-classes-epoll-4.1.87.Final.jar:/Users/masgilang/.m2/repository/io/netty/netty-transport-classes-kqueue/4.1.87.Final/netty-transport-classes-kqueue-4.1.87.Final.jar:/Users/masgilang/.m2/repository/io/netty/netty-transport-native-epoll/4.1.87.Final/netty-transport-native-epoll-4.1.87.Final.jar:/Users/masgilang/.m2/repository/io/netty/netty-transport-native-kqueue/4.1.87.Final/netty-transport-native-kqueue-4.1.87.Final.jar:/Users/masgilang/.m2/repository/io/netty/netty-transport-native-unix-common/4.1.87.Final/netty-transport-native-unix-common-4.1.87.Final.jar:/Users/masgilang/.m2/repository/io/netty/netty-transport/4.1.87.Final/netty-transport-4.1.87.Final.jar:/Users/masgilang/.m2/repository/io/netty/netty-resolver/4.1.87.Final/netty-resolver-4.1.87.Final.jar:/Users/masgilang/.m2/repository/io/opentelemetry/opentelemetry-api/1.22.0/opentelemetry-api-1.22.0.jar:/Users/masgilang/.m2/repository/io/opentelemetry/opentelemetry-context/1.22.0/opentelemetry-context-1.22.0.jar:/Users/masgilang/.m2/repository/io/opentelemetry/opentelemetry-exporter-logging/1.22.0/opentelemetry-exporter-logging-1.22.0.jar:/Users/masgilang/.m2/repository/io/opentelemetry/opentelemetry-sdk-metrics/1.22.0/opentelemetry-sdk-metrics-1.22.0.jar:/Users/masgilang/.m2/repository/io/opentelemetry/opentelemetry-sdk-logs/1.22.0-alpha/opentelemetry-sdk-logs-1.22.0-alpha.jar:/Users/masgilang/.m2/repository/io/opentelemetry/opentelemetry-api-logs/1.22.0-alpha/opentelemetry-api-logs-1.22.0-alpha.jar:/Users/masgilang/.m2/repository/io/opentelemetry/opentelemetry-sdk-common/1.22.0/opentelemetry-sdk-common-1.22.0.jar:/Users/masgilang/.m2/repository/io/opentelemetry/opentelemetry-sdk-extension-autoconfigure-spi/1.22.0/opentelemetry-sdk-extension-autoconfigure-spi-1.22.0.jar:/Users/masgilang/.m2/repository/io/opentelemetry/opentelemetry-sdk-extension-autoconfigure/1.22.0-alpha/opentelemetry-sdk-extension-autoconfigure-1.22.0-alpha.jar:/Users/masgilang/.m2/repository/io/opentelemetry/opentelemetry-sdk-trace/1.22.0/opentelemetry-sdk-trace-1.22.0.jar:/Users/masgilang/.m2/repository/io/opentelemetry/opentelemetry-sdk/1.22.0/opentelemetry-sdk-1.22.0.jar:/Users/masgilang/.m2/repository/io/opentelemetry/opentelemetry-semconv/1.22.0-alpha/opentelemetry-semconv-1.22.0-alpha.jar:/Users/masgilang/.m2/repository/io/ous/jtoml/2.0.0/jtoml-2.0.0.jar:/Users/masgilang/.m2/repository/org/apache/commons/commons-exec/1.3/commons-exec-1.3.jar:/Users/masgilang/.m2/repository/org/asynchttpclient/async-http-client/2.12.3/async-http-client-2.12.3.jar:/Users/masgilang/.m2/repository/org/asynchttpclient/async-http-client-netty-utils/2.12.3/async-http-client-netty-utils-2.12.3.jar:/Users/masgilang/.m2/repository/io/netty/netty-codec-socks/4.1.60.Final/netty-codec-socks-4.1.60.Final.jar:/Users/masgilang/.m2/repository/io/netty/netty-handler-proxy/4.1.60.Final/netty-handler-proxy-4.1.60.Final.jar:/Users/masgilang/.m2/repository/io/netty/netty-transport-native-epoll/4.1.60.Final/netty-transport-native-epoll-4.1.60.Final-linux-x86_64.jar:/Users/masgilang/.m2/repository/io/netty/netty-transport-native-kqueue/4.1.60.Final/netty-transport-native-kqueue-4.1.60.Final-osx-x86_64.jar:/Users/masgilang/.m2/repository/org/reactivestreams/reactive-streams/1.0.3/reactive-streams-1.0.3.jar:/Users/masgilang/.m2/repository/com/typesafe/netty/netty-reactive-streams/2.0.4/netty-reactive-streams-2.0.4.jar:/Users/masgilang/.m2/repository/org/seleniumhq/selenium/selenium-manager/4.8.1/selenium-manager-4.8.1.jar:/Users/masgilang/.m2/repository/org/seleniumhq/selenium/selenium-safari-driver/4.8.1/selenium-safari-driver-4.8.1.jar:/Users/masgilang/.m2/repository/org/seleniumhq/selenium/selenium-api/4.8.1/selenium-api-4.8.1.jar:/Users/masgilang/.m2/repository/org/seleniumhq/selenium/selenium-support/4.8.1/selenium-support-4.8.1.jar:/Users/masgilang/.m2/repository/com/google/auto/service/auto-service-annotations/1.0.1/auto-service-annotations-1.0.1.jar:/Users/masgilang/.m2/repository/com/google/auto/service/auto-service/1.0.1/auto-service-1.0.1.jar:/Users/masgilang/.m2/repository/com/google/auto/auto-common/1.2/auto-common-1.2.jar:/Users/masgilang/.m2/repository/org/seleniumhq/selenium/selenium-json/4.8.1/selenium-json-4.8.1.jar:/Users/masgilang/.m2/repository/org/seleniumhq/selenium/selenium-chrome-driver/4.8.1/selenium-chrome-driver-4.8.1.jar:/Users/masgilang/.m2/repository/org/seleniumhq/selenium/selenium-chromium-driver/4.8.1/selenium-chromium-driver-4.8.1.jar:/Users/masgilang/.m2/repository/org/seleniumhq/selenium/selenium-firefox-driver/4.8.1/selenium-firefox-driver-4.8.1.jar:/Users/masgilang/.m2/repository/org/seleniumhq/selenium/selenium-http/4.8.1/selenium-http-4.8.1.jar:/Users/masgilang/.m2/repository/dev/failsafe/failsafe/3.3.0/failsafe-3.3.0.jar:/Users/masgilang/.m2/repository/org/seleniumhq/selenium/selenium-edge-driver/4.8.1/selenium-edge-driver-4.8.1.jar:/Users/masgilang/.m2/repository/org/seleniumhq/selenium/selenium-ie-driver/4.8.1/selenium-ie-driver-4.8.1.jar:/Users/masgilang/.m2/repository/org/projectlombok/lombok/1.18.20/lombok-1.18.20.jar:/Users/masgilang/.m2/repository/io/appium/java-client/8.3.0/java-client-8.3.0.jar:/Users/masgilang/.m2/repository/commons-validator/commons-validator/1.7/commons-validator-1.7.jar:/Users/masgilang/.m2/repository/commons-digester/commons-digester/2.1/commons-digester-2.1.jar:/Users/masgilang/.m2/repository/org/apache/groovy/groovy/4.0.10/groovy-4.0.10.jar:/Users/masgilang/.m2/repository/net/sf/opencsv/opencsv/2.0/opencsv-2.0.jar:/Users/masgilang/.m2/repository/commons-beanutils/commons-beanutils/1.9.4/commons-beanutils-1.9.4.jar:/Users/masgilang/.m2/repository/org/apache/commons/commons-lang3/3.12.0/commons-lang3-3.12.0.jar:/Users/masgilang/.m2/repository/commons-collections/commons-collections/3.2.2/commons-collections-3.2.2.jar:/Users/masgilang/.m2/repository/org/fluentlenium/fluentlenium-core/0.10.2/fluentlenium-core-0.10.2.jar:/Users/masgilang/.m2/repository/io/github/bonigarcia/webdrivermanager/5.3.0/webdrivermanager-5.3.0.jar:/Users/masgilang/.m2/repository/com/github/docker-java/docker-java/3.2.13/docker-java-3.2.13.jar:/Users/masgilang/.m2/repository/com/github/docker-java/docker-java-core/3.2.13/docker-java-core-3.2.13.jar:/Users/masgilang/.m2/repository/com/github/docker-java/docker-java-api/3.2.13/docker-java-api-3.2.13.jar:/Users/masgilang/.m2/repository/org/apache/commons/commons-compress/1.21/commons-compress-1.21.jar:/Users/masgilang/.m2/repository/org/bouncycastle/bcpkix-jdk15on/1.64/bcpkix-jdk15on-1.64.jar:/Users/masgilang/.m2/repository/org/bouncycastle/bcprov-jdk15on/1.64/bcprov-jdk15on-1.64.jar:/Users/masgilang/.m2/repository/org/slf4j/jcl-over-slf4j/1.7.30/jcl-over-slf4j-1.7.30.jar:/Users/masgilang/.m2/repository/com/github/docker-java/docker-java-transport-httpclient5/3.2.13/docker-java-transport-httpclient5-3.2.13.jar:/Users/masgilang/.m2/repository/com/github/docker-java/docker-java-transport/3.2.13/docker-java-transport-3.2.13.jar:/Users/masgilang/.m2/repository/net/java/dev/jna/jna/5.8.0/jna-5.8.0.jar:/Users/masgilang/.m2/repository/org/brotli/dec/0.1.2/dec-0.1.2.jar:/Users/masgilang/.m2/repository/org/apache/httpcomponents/client5/httpclient5/5.1.3/httpclient5-5.1.3.jar:/Users/masgilang/.m2/repository/org/apache/httpcomponents/core5/httpcore5/5.1.3/httpcore5-5.1.3.jar:/Users/masgilang/.m2/repository/org/apache/httpcomponents/core5/httpcore5-h2/5.1.3/httpcore5-h2-5.1.3.jar:/Users/masgilang/.m2/repository/com/jhlabs/filters/2.0.235/filters-2.0.235.jar:/Users/masgilang/.m2/repository/com/paulhammant/ngwebdriver/1.1.6/ngwebdriver-1.1.6.jar:/Users/masgilang/.m2/repository/joda-time/joda-time/2.12.2/joda-time-2.12.2.jar:/Users/masgilang/.m2/repository/org/hamcrest/hamcrest/2.2/hamcrest-2.2.jar:/Users/masgilang/.m2/repository/com/google/jimfs/jimfs/1.2/jimfs-1.2.jar:/Users/masgilang/.m2/repository/org/mockito/mockito-core/3.3.3/mockito-core-3.3.3.jar:/Users/masgilang/.m2/repository/javax/xml/bind/jaxb-api/2.3.1/jaxb-api-2.3.1.jar:/Users/masgilang/.m2/repository/javax/activation/javax.activation-api/1.2.0/javax.activation-api-1.2.0.jar:/Users/masgilang/.m2/repository/com/sun/xml/bind/jaxb-core/2.3.0.1/jaxb-core-2.3.0.1.jar:/Users/masgilang/.m2/repository/com/sun/xml/bind/jaxb-impl/2.3.3/jaxb-impl-2.3.3.jar:/Users/masgilang/.m2/repository/jakarta/xml/bind/jakarta.xml.bind-api/2.3.3/jakarta.xml.bind-api-2.3.3.jar:/Users/masgilang/.m2/repository/com/sun/activation/jakarta.activation/1.2.2/jakarta.activation-1.2.2.jar:/Users/masgilang/.m2/repository/javax/activation/activation/1.1.1/activation-1.1.1.jar:/Users/masgilang/.m2/repository/net/serenity-bdd/serenity-cucumber/3.6.21/serenity-cucumber-3.6.21.jar:/Users/masgilang/.m2/repository/io/cucumber/cucumber-core/7.11.0/cucumber-core-7.11.0.jar:/Users/masgilang/.m2/repository/io/cucumber/cucumber-gherkin/7.11.0/cucumber-gherkin-7.11.0.jar:/Users/masgilang/.m2/repository/io/cucumber/cucumber-gherkin-messages/7.11.0/cucumber-gherkin-messages-7.11.0.jar:/Users/masgilang/.m2/repository/io/cucumber/gherkin/26.0.3/gherkin-26.0.3.jar:/Users/masgilang/.m2/repository/io/cucumber/messages/21.0.1/messages-21.0.1.jar:/Users/masgilang/.m2/repository/io/cucumber/tag-expressions/5.0.1/tag-expressions-5.0.1.jar:/Users/masgilang/.m2/repository/io/cucumber/cucumber-expressions/16.1.1/cucumber-expressions-16.1.1.jar:/Users/masgilang/.m2/repository/io/cucumber/datatable/7.11.0/datatable-7.11.0.jar:/Users/masgilang/.m2/repository/io/cucumber/cucumber-plugin/7.11.0/cucumber-plugin-7.11.0.jar:/Users/masgilang/.m2/repository/io/cucumber/docstring/7.11.0/docstring-7.11.0.jar:/Users/masgilang/.m2/repository/io/cucumber/html-formatter/20.2.1/html-formatter-20.2.1.jar:/Users/masgilang/.m2/repository/io/cucumber/junit-xml-formatter/0.1.0/junit-xml-formatter-0.1.0.jar:/Users/masgilang/.m2/repository/io/cucumber/ci-environment/9.1.0/ci-environment-9.1.0.jar:/Users/masgilang/.m2/repository/io/cucumber/cucumber-java/7.11.0/cucumber-java-7.11.0.jar:/Users/masgilang/.m2/repository/io/cucumber/cucumber-junit/7.11.0/cucumber-junit-7.11.0.jar:/Users/masgilang/.m2/repository/org/apache/commons/commons-csv/1.5/commons-csv-1.5.jar:/Users/masgilang/.m2/repository/net/serenity-bdd/serenity-screenplay/3.6.21/serenity-screenplay-3.6.21.jar:/Users/masgilang/.m2/repository/net/serenity-bdd/serenity-screenplay-webdriver/3.6.21/serenity-screenplay-webdriver-3.6.21.jar:/Users/masgilang/.m2/repository/net/serenity-bdd/serenity-ensure/3.6.21/serenity-ensure-3.6.21.jar:/Users/masgilang/.m2/repository/net/serenity-bdd/serenity-junit/3.6.21/serenity-junit-3.6.21.jar:/Users/masgilang/.m2/repository/org/jetbrains/kotlin/kotlin-stdlib/1.8.10/kotlin-stdlib-1.8.10.jar:/Users/masgilang/.m2/repository/org/jetbrains/kotlin/kotlin-stdlib-common/1.8.10/kotlin-stdlib-common-1.8.10.jar:/Users/masgilang/.m2/repository/org/jetbrains/annotations/13.0/annotations-13.0.jar:/Users/masgilang/.m2/repository/org/junit/platform/junit-platform-launcher/1.8.2/junit-platform-launcher-1.8.2.jar:/Users/masgilang/.m2/repository/org/junit/platform/junit-platform-engine/1.8.2/junit-platform-engine-1.8.2.jar:/Users/masgilang/.m2/repository/org/opentest4j/opentest4j/1.2.0/opentest4j-1.2.0.jar:/Users/masgilang/.m2/repository/org/junit/platform/junit-platform-commons/1.8.2/junit-platform-commons-1.8.2.jar:/Users/masgilang/.m2/repository/org/apiguardian/apiguardian-api/1.1.2/apiguardian-api-1.1.2.jar:/Users/masgilang/.m2/repository/org/junit/jupiter/junit-jupiter-engine/5.8.2/junit-jupiter-engine-5.8.2.jar:/Users/masgilang/.m2/repository/org/junit/jupiter/junit-jupiter-api/5.8.2/junit-jupiter-api-5.8.2.jar:/Users/masgilang/.m2/repository/org/junit/vintage/junit-vintage-engine/5.8.2/junit-vintage-engine-5.8.2.jar:/Users/masgilang/.m2/repository/junit/junit/4.13.2/junit-4.13.2.jar:/Users/masgilang/.m2/repository/org/hamcrest/hamcrest-core/1.3/hamcrest-core-1.3.jar:/Users/masgilang/.m2/repository/ch/qos/logback/logback-classic/1.2.10/logback-classic-1.2.10.jar:/Users/masgilang/.m2/repository/ch/qos/logback/logback-core/1.2.10/logback-core-1.2.10.jar:/Users/masgilang/.m2/repository/org/slf4j/slf4j-api/1.7.32/slf4j-api-1.7.32.jar:/Users/masgilang/.m2/repository/org/assertj/assertj-core/3.23.1/assertj-core-3.23.1.jar:/Users/masgilang/.m2/repository/net/bytebuddy/byte-buddy/1.12.10/byte-buddy-1.12.10.jar:"/>
    <property name="sun.cpu.endian" value="little"/>
    <property name="user.home" value="/Users/masgilang"/>
    <property name="user.language" value="en"/>
    <property name="java.specification.vendor" value="Oracle Corporation"/>
    <property name="java.home" value="/Users/masgilang/Library/Java/JavaVirtualMachines/corretto-1.8.0_372/Contents/Home/jre"/>
    <property name="tags" value="@products"/>
    <property name="basedir" value="/Users/masgilang/Downloads/test-automation-MinProWEB"/>
    <property name="file.separator" value="/"/>
    <property name="line.separator" value="&#10;"/>
    <property name="java.vm.specification.vendor" value="Oracle Corporation"/>
    <property name="java.specification.name" value="Java Platform API Specification"/>
    <property name="java.awt.graphicsenv" value="sun.awt.CGraphicsEnvironment"/>
    <property name="surefire.real.class.path" value="/Users/masgilang/Downloads/test-automation-MinProWEB/target/surefire/surefirebooter4041362655663250185.jar"/>
    <property name="sun.boot.class.path" value="/Users/masgilang/Library/Java/JavaVirtualMachines/corretto-1.8.0_372/Contents/Home/jre/lib/resources.jar:/Users/masgilang/Library/Java/JavaVirtualMachines/corretto-1.8.0_372/Contents/Home/jre/lib/rt.jar:/Users/masgilang/Library/Java/JavaVirtualMachines/corretto-1.8.0_372/Contents/Home/jre/lib/sunrsasign.jar:/Users/masgilang/Library/Java/JavaVirtualMachines/corretto-1.8.0_372/Contents/Home/jre/lib/jsse.jar:/Users/masgilang/Library/Java/JavaVirtualMachines/corretto-1.8.0_372/Contents/Home/jre/lib/jce.jar:/Users/masgilang/Library/Java/JavaVirtualMachines/corretto-1.8.0_372/Contents/Home/jre/lib/charsets.jar:/Users/masgilang/Library/Java/JavaVirtualMachines/corretto-1.8.0_372/Contents/Home/jre/lib/jfr.jar:/Users/masgilang/Library/Java/JavaVirtualMachines/corretto-1.8.0_372/Contents/Home/jre/classes"/>
    <property name="java.protocol.handler.pkgs" value="com.google.common"/>
    <property name="sun.management.compiler" value="HotSpot 64-Bit Tiered Compilers"/>
    <property name="ftp.nonProxyHosts" value="local|*.local|169.254/16|*.169.254/16"/>
    <property name="java.runtime.version" value="1.8.0_372-b07"/>
    <property name="user.name" value="masgilang"/>
    <property name="path.separator" value=":"/>
    <property name="os.version" value="13.1"/>
    <property name="java.endorsed.dirs" value="/Users/masgilang/Library/Java/JavaVirtualMachines/corretto-1.8.0_372/Contents/Home/jre/lib/endorsed"/>
    <property name="java.runtime.name" value="OpenJDK Runtime Environment"/>
    <property name="file.encoding" value="UTF-8"/>
    <property name="webdriver.base.url" value=""/>
    <property name="java.vm.name" value="OpenJDK 64-Bit Server VM"/>
    <property name="localRepository" value="/Users/masgilang/.m2/repository"/>
    <property name="java.vendor.url.bug" value="https://github.com/corretto/corretto-8/issues/"/>
    <property name="java.io.tmpdir" value="/var/folders/d_/lr8j0c_90pd7y80q43_0jvwc0000gn/T/"/>
    <property name="java.version" value="1.8.0_372"/>
    <property name="user.dir" value="/Users/masgilang/Downloads/test-automation-MinProWEB"/>
    <property name="os.arch" value="x86_64"/>
    <property name="java.vm.specification.name" value="Java Virtual Machine Specification"/>
    <property name="java.awt.printerjob" value="sun.lwawt.macosx.CPrinterJob"/>
    <property name="sun.os.patch.level" value="unknown"/>
    <property name="java.library.path" value="/Users/masgilang/Library/Java/Extensions:/Library/Java/Extensions:/Network/Library/Java/Extensions:/System/Library/Java/Extensions:/usr/lib/java:."/>
    <property name="java.vm.info" value="mixed mode"/>
    <property name="java.vendor" value="Amazon.com Inc."/>
    <property name="java.vm.version" value="25.372-b07"/>
    <property name="java.specification.maintenance.version" value="4"/>
    <property name="java.ext.dirs" value="/Users/masgilang/Library/Java/Extensions:/Users/masgilang/Library/Java/JavaVirtualMachines/corretto-1.8.0_372/Contents/Home/jre/lib/ext:/Library/Java/Extensions:/Network/Library/Java/Extensions:/System/Library/Java/Extensions:/usr/lib/java"/>
    <property name="sun.io.unicode.encoding" value="UnicodeBig"/>
    <property name="java.class.version" value="52.0"/>
    <property name="socksNonProxyHosts" value="local|*.local|169.254/16|*.169.254/16"/>
  </properties>
  <testcase name="As user, I can login and view all products" classname="products #1" time="33.499">
    <system-out><![CDATA[20:05:18.614 [main] DEBUG net.thucydides.core.guice.Injectors - Created injector for module net.thucydides.core.guice.ThucydidesModule
20:05:19.047 [main] DEBUG io.cucumber.core.plugin.SerenityReporter - Running feature from file:///Users/masgilang/Downloads/test-automation-MinProWEB/src/test/resources/features/Login.feature
20:05:19.313 [main] DEBUG net.thucydides.core.guice.Injectors - Created injector for module net.thucydides.core.guice.webdriver.WebDriverModule
20:05:19.339 [main] INFO  - 

-------------------------------------------------------------------------------------
     _______. _______ .______       _______ .__   __.  __  .___________.____    ____ 
    /       ||   ____||   _  \     |   ____||  \ |  | |  | |           |\   \  /   / 
   |   (----`|  |__   |  |_)  |    |  |__   |   \|  | |  | `---|  |----` \   \/   /  
    \   \    |   __|  |      /     |   __|  |  . `  | |  |     |  |       \_    _/   
.----)   |   |  |____ |  |\  \----.|  |____ |  |\   | |  |     |  |         |  |     
|_______/    |_______|| _| `._____||_______||__| \__| |__|     |__|         |__|    
                                                                                     
 News and tutorials at http://www.serenity-bdd.info                                  
 Documentation at https://wakaleo.gitbooks.io/the-serenity-book/content/             
 Join the Serenity Community on Gitter: https://gitter.im/serenity-bdd/serenity-core 
 Serenity BDD Support and Training at http://serenity-bdd.info/#/trainingandsupport  
-------------------------------------------------------------------------------------

20:05:19.343 [main] DEBUG net.thucydides.core.steps.StepEventBus - Test suite started for story net.thucydides.core.model.Story@23282f08
20:05:19.347 [main] INFO  - Test Suite Started: Login
20:05:19.357 [main] DEBUG io.cucumber.core.plugin.SerenityReporter - Running feature from file:///Users/masgilang/Downloads/test-automation-MinProWEB/src/test/resources/features/Products.feature
20:05:19.370 [main] DEBUG net.thucydides.core.steps.StepEventBus - Test suite started for story net.thucydides.core.model.Story@31b157a8
20:05:19.371 [main] INFO  - Test Suite Started: Products
20:05:19.371 [main] DEBUG io.cucumber.core.plugin.SerenityReporter - Running feature from file:///Users/masgilang/Downloads/test-automation-MinProWEB/src/test/resources/features/Register.feature
20:05:19.380 [main] DEBUG net.thucydides.core.steps.StepEventBus - Test suite started for story net.thucydides.core.model.Story@30e75088
20:05:19.381 [main] INFO  - Test Suite Started: Register
20:05:19.381 [main] DEBUG io.cucumber.core.plugin.SerenityReporter - Running feature from file:///Users/masgilang/Downloads/test-automation-MinProWEB/src/test/resources/features/Transaction.feature
20:05:19.388 [main] DEBUG net.thucydides.core.steps.StepEventBus - Test suite started for story net.thucydides.core.model.Story@1221c2e2
20:05:19.389 [main] INFO  - Test Suite Started: Products
20:05:19.390 [main] DEBUG io.cucumber.core.plugin.SerenityReporter - Running feature from file:///Users/masgilang/Downloads/test-automation-MinProWEB/src/test/resources/features/Products.feature
20:05:19.392 [main] DEBUG net.thucydides.core.steps.StepEventBus - Test suite started for story net.thucydides.core.model.Story@31b157a8
20:05:19.392 [main] INFO  - Test Suite Started: Products

@products @viewallproducts
Scenario: As user, I can login and view all products   &amp#27;[90m# src/test/resources/features/Products.feature:7&amp#27;[0m
20:05:19.537 [main] DEBUG io.cucumber.core.plugin.SerenityReporter - Running feature from file:///Users/masgilang/Downloads/test-automation-MinProWEB/src/test/resources/features/Products.feature
20:05:19.651 [main] INFO  - 
  _____   ___   ___   _____     ___   _____     _     ___   _____   ___   ___  
 |_   _| | __| / __| |_   _|   / __| |_   _|   /_\   | _ \ |_   _| | __| |   \ 
   | |   | _|  \__ \   | |     \__ \   | |    / _ \  |   /   | |   | _|  | |) |
   |_|   |___| |___/   |_|     |___/   |_|   /_/ \_\ |_|_\   |_|   |___| |___/ 

As user, I can login and view all products(products;as-user--i-can-login-and-view-all-products)
--------------------------------------------------------------------------------
20:05:19.702 [main] DEBUG net.thucydides.core.requirements.model.cucumber.CucumberParser - Loading feature /Users/masgilang/Downloads/test-automation-MinProWEB/src/test/resources/features/Transaction.feature
20:05:19.720 [main] DEBUG net.thucydides.core.requirements.model.cucumber.CucumberParser - Loading feature /Users/masgilang/Downloads/test-automation-MinProWEB/src/test/resources/features/Login.feature
20:05:19.743 [main] DEBUG net.thucydides.core.requirements.model.cucumber.CucumberParser - Loading feature /Users/masgilang/Downloads/test-automation-MinProWEB/src/test/resources/features/Register.feature
20:05:19.761 [main] DEBUG net.thucydides.core.requirements.model.cucumber.CucumberParser - Loading feature /Users/masgilang/Downloads/test-automation-MinProWEB/src/test/resources/features/Products.feature
20:05:21.247 [main] INFO net.serenitybdd.core.webdriver.driverproviders.ChromeDriverProvider - Starting Chrome driver instance with capabilities:
20:05:21.252 [main] INFO net.serenitybdd.core.webdriver.driverproviders.ChromeDriverProvider - Capabilities {acceptInsecureCerts: false, browserName: chrome, goog:chromeOptions: {args: [remote-allow-origins=*], extensions: []}}
20:05:21.368 [main] DEBUG io.netty.util.internal.logging.InternalLoggerFactory - Using SLF4J as the default logging framework
20:05:21.370 [main] DEBUG io.netty.util.ResourceLeakDetector - -Dio.netty.leakDetection.level: simple
20:05:21.370 [main] DEBUG io.netty.util.ResourceLeakDetector - -Dio.netty.leakDetection.targetRecords: 4
20:05:21.375 [main] DEBUG io.netty.util.ResourceLeakDetectorFactory - Loaded default ResourceLeakDetector: io.netty.util.ResourceLeakDetector@5b39a3e6
20:05:21.400 [main] DEBUG io.netty.util.internal.PlatformDependent0 - -Dio.netty.noUnsafe: false
20:05:21.400 [main] DEBUG io.netty.util.internal.PlatformDependent0 - Java version: 8
20:05:21.401 [main] DEBUG io.netty.util.internal.PlatformDependent0 - sun.misc.Unsafe.theUnsafe: available
20:05:21.402 [main] DEBUG io.netty.util.internal.PlatformDependent0 - sun.misc.Unsafe.copyMemory: available
20:05:21.403 [main] DEBUG io.netty.util.internal.PlatformDependent0 - sun.misc.Unsafe.storeFence: available
20:05:21.403 [main] DEBUG io.netty.util.internal.PlatformDependent0 - java.nio.Buffer.address: available
20:05:21.403 [main] DEBUG io.netty.util.internal.PlatformDependent0 - direct buffer constructor: available
20:05:21.404 [main] DEBUG io.netty.util.internal.PlatformDependent0 - java.nio.Bits.unaligned: available, true
20:05:21.405 [main] DEBUG io.netty.util.internal.PlatformDependent0 - jdk.internal.misc.Unsafe.allocateUninitializedArray(int): unavailable prior to Java9
20:05:21.405 [main] DEBUG io.netty.util.internal.PlatformDependent0 - java.nio.DirectByteBuffer.<init>(long, int): available
20:05:21.405 [main] DEBUG io.netty.util.internal.PlatformDependent - sun.misc.Unsafe: available
20:05:21.405 [main] DEBUG io.netty.util.internal.PlatformDependent - -Dio.netty.tmpdir: /var/folders/d_/lr8j0c_90pd7y80q43_0jvwc0000gn/T (java.io.tmpdir)
20:05:21.406 [main] DEBUG io.netty.util.internal.PlatformDependent - -Dio.netty.bitMode: 64 (sun.arch.data.model)
20:05:21.408 [main] DEBUG io.netty.util.internal.PlatformDependent - Platform: MacOS
20:05:21.410 [main] DEBUG io.netty.util.internal.PlatformDependent - -Dio.netty.maxDirectMemory: 1908932608 bytes
20:05:21.410 [main] DEBUG io.netty.util.internal.PlatformDependent - -Dio.netty.uninitializedArrayAllocationThreshold: -1
20:05:21.412 [main] DEBUG io.netty.util.internal.CleanerJava6 - java.nio.ByteBuffer.cleaner(): available
20:05:21.412 [main] DEBUG io.netty.util.internal.PlatformDependent - -Dio.netty.noPreferDirect: false
20:05:21.430 [main] DEBUG io.netty.util.internal.PlatformDependent - org.jctools-core.MpscChunkedArrayQueue: available
20:05:21.479 [main] DEBUG io.netty.util.internal.InternalThreadLocalMap - -Dio.netty.threadLocalMap.stringBuilder.initialSize: 1024
20:05:21.479 [main] DEBUG io.netty.util.internal.InternalThreadLocalMap - -Dio.netty.threadLocalMap.stringBuilder.maxSize: 4096
20:05:21.726 [main] DEBUG io.netty.handler.ssl.JdkSslContext - Default protocols (JDK): [TLSv1.3, TLSv1.2, TLSv1.1, TLSv1] 
20:05:21.727 [main] DEBUG io.netty.handler.ssl.JdkSslContext - Default cipher suites (JDK): [TLS_ECDHE_ECDSA_WITH_AES_256_GCM_SHA384, TLS_ECDHE_ECDSA_WITH_AES_128_GCM_SHA256, TLS_ECDHE_RSA_WITH_AES_128_GCM_SHA256, TLS_ECDHE_RSA_WITH_AES_256_GCM_SHA384, TLS_ECDHE_RSA_WITH_AES_128_CBC_SHA, TLS_ECDHE_RSA_WITH_AES_256_CBC_SHA, TLS_RSA_WITH_AES_128_GCM_SHA256, TLS_RSA_WITH_AES_128_CBC_SHA, TLS_RSA_WITH_AES_256_CBC_SHA, TLS_AES_128_GCM_SHA256, TLS_AES_256_GCM_SHA384]
20:05:21.748 [main] DEBUG io.netty.channel.MultithreadEventLoopGroup - -Dio.netty.eventLoopThreads: 16
20:05:21.754 [main] DEBUG io.netty.channel.nio.NioEventLoop - -Dio.netty.noKeySetOptimization: false
20:05:21.754 [main] DEBUG io.netty.channel.nio.NioEventLoop - -Dio.netty.selectorAutoRebuildThreshold: 512
20:05:21.837 [main] DEBUG io.netty.buffer.PooledByteBufAllocator - -Dio.netty.allocator.numHeapArenas: 16
20:05:21.839 [main] DEBUG io.netty.buffer.PooledByteBufAllocator - -Dio.netty.allocator.numDirectArenas: 16
20:05:21.839 [main] DEBUG io.netty.buffer.PooledByteBufAllocator - -Dio.netty.allocator.pageSize: 8192
20:05:21.839 [main] DEBUG io.netty.buffer.PooledByteBufAllocator - -Dio.netty.allocator.maxOrder: 9
20:05:21.839 [main] DEBUG io.netty.buffer.PooledByteBufAllocator - -Dio.netty.allocator.chunkSize: 4194304
20:05:21.839 [main] DEBUG io.netty.buffer.PooledByteBufAllocator - -Dio.netty.allocator.smallCacheSize: 256
20:05:21.839 [main] DEBUG io.netty.buffer.PooledByteBufAllocator - -Dio.netty.allocator.normalCacheSize: 64
20:05:21.839 [main] DEBUG io.netty.buffer.PooledByteBufAllocator - -Dio.netty.allocator.maxCachedBufferCapacity: 32768
20:05:21.840 [main] DEBUG io.netty.buffer.PooledByteBufAllocator - -Dio.netty.allocator.cacheTrimInterval: 8192
20:05:21.840 [main] DEBUG io.netty.buffer.PooledByteBufAllocator - -Dio.netty.allocator.cacheTrimIntervalMillis: 0
20:05:21.840 [main] DEBUG io.netty.buffer.PooledByteBufAllocator - -Dio.netty.allocator.useCacheForAllThreads: false
20:05:21.840 [main] DEBUG io.netty.buffer.PooledByteBufAllocator - -Dio.netty.allocator.maxCachedByteBuffersPerChunk: 1023
20:05:21.857 [main] DEBUG io.netty.buffer.ByteBufUtil - -Dio.netty.allocator.type: pooled
20:05:21.859 [main] DEBUG io.netty.buffer.ByteBufUtil - -Dio.netty.threadLocalDirectBufferSize: 0
20:05:21.859 [main] DEBUG io.netty.buffer.ByteBufUtil - -Dio.netty.maxThreadLocalCharBufferSize: 16384
20:05:22.351 [Forwarding newSession on session null to remote] DEBUG io.netty.channel.DefaultChannelId - -Dio.netty.processId: 68872 (auto-detected)
20:05:22.353 [Forwarding newSession on session null to remote] DEBUG io.netty.util.NetUtil - -Djava.net.preferIPv4Stack: false
20:05:22.354 [Forwarding newSession on session null to remote] DEBUG io.netty.util.NetUtil - -Djava.net.preferIPv6Addresses: false
20:05:22.355 [Forwarding newSession on session null to remote] DEBUG io.netty.util.NetUtilInitializations - Loopback interface: lo0 (lo0, 0:0:0:0:0:0:0:1%lo0)
20:05:22.356 [Forwarding newSession on session null to remote] DEBUG io.netty.util.NetUtil - Failed to get SOMAXCONN from sysctl and file /proc/sys/net/core/somaxconn. Default: 128
20:05:22.357 [Forwarding newSession on session null to remote] DEBUG io.netty.channel.DefaultChannelId - -Dio.netty.machineId: 3c:06:30:ff:fe:47:8f:a2 (auto-detected)
20:05:22.410 [AsyncHttpClient-1-2] DEBUG io.netty.buffer.AbstractByteBuf - -Dio.netty.buffer.checkAccessible: true
20:05:22.411 [AsyncHttpClient-1-2] DEBUG io.netty.buffer.AbstractByteBuf - -Dio.netty.buffer.checkBounds: true
20:05:22.411 [AsyncHttpClient-1-2] DEBUG io.netty.util.ResourceLeakDetectorFactory - Loaded default ResourceLeakDetector: io.netty.util.ResourceLeakDetector@2c83160b
20:05:22.424 [AsyncHttpClient-1-2] DEBUG org.asynchttpclient.netty.channel.NettyConnectListener - Using new Channel '[id: 0x0d4a1cf0, L:/127.0.0.1:56217 - R:localhost/127.0.0.1:17183]' for 'POST' to '/session'
20:05:22.443 [AsyncHttpClient-1-2] DEBUG io.netty.util.Recycler - -Dio.netty.recycler.maxCapacityPerThread: 4096
20:05:22.444 [AsyncHttpClient-1-2] DEBUG io.netty.util.Recycler - -Dio.netty.recycler.ratio: 8
20:05:22.444 [AsyncHttpClient-1-2] DEBUG io.netty.util.Recycler - -Dio.netty.recycler.chunkSize: 32
20:05:22.444 [AsyncHttpClient-1-2] DEBUG io.netty.util.Recycler - -Dio.netty.recycler.blocking: false
20:05:29.451 [AsyncHttpClient-1-2] DEBUG io.netty.handler.codec.compression.Brotli - brotli4j not in the classpath; Brotli support will be unavailable.
20:05:29.453 [AsyncHttpClient-1-2] DEBUG org.asynchttpclient.netty.handler.HttpHandler - 

Request DefaultHttpRequest(decodeResult: success, version: HTTP/1.1)
POST /session HTTP/1.1
User-Agent: selenium/4.8.1 (java mac)
Content-Length: 507
Content-Type: application/json; charset=utf-8
host: localhost:17183
accept: */*

Response DefaultHttpResponse(decodeResult: success, version: HTTP/1.1)
HTTP/1.1 200 OK
Content-Length: 869
Content-Type: application/json; charset=utf-8
cache-control: no-cache

20:05:29.479 [AsyncHttpClient-1-2] DEBUG org.asynchttpclient.netty.channel.ChannelManager - Adding key: http://localhost:17183 for channel [id: 0x0d4a1cf0, L:/127.0.0.1:56217 - R:localhost/127.0.0.1:17183]
20:05:29.579 [AsyncHttpClient-1-3] DEBUG org.asynchttpclient.netty.channel.NettyConnectListener - Using new Channel '[id: 0x0a1c46e9, L:/127.0.0.1:56223 - R:localhost/127.0.0.1:56218]' for 'GET' to '/json/version'
20:05:29.586 [AsyncHttpClient-1-3] DEBUG org.asynchttpclient.netty.handler.HttpHandler - 

Request DefaultFullHttpRequest(decodeResult: success, version: HTTP/1.1, content: EmptyByteBufBE)
GET /json/version HTTP/1.1
User-Agent: selenium/4.8.1 (java mac)
host: localhost:56218
accept: */*

Response DefaultHttpResponse(decodeResult: success, version: HTTP/1.1)
HTTP/1.1 200 OK
Content-Security-Policy: frame-ancestors 'none'
Content-Length: 422
Content-Type: application/json; charset=UTF-8

20:05:29.587 [AsyncHttpClient-1-3] DEBUG org.asynchttpclient.netty.channel.ChannelManager - Adding key: http://localhost:56218 for channel [id: 0x0a1c46e9, L:/127.0.0.1:56223 - R:localhost/127.0.0.1:56218]
20:05:29.616 [main] DEBUG io.netty.util.internal.ThreadLocalRandom - -Dio.netty.initialSeedUniquifier: 0xe71cb6826b6f1ab0
20:05:29.624 [AsyncHttpClient-1-4] DEBUG org.asynchttpclient.netty.channel.NettyConnectListener - Using new Channel '[id: 0xa561597b, L:/127.0.0.1:56224 - R:localhost/127.0.0.1:56218]' for 'GET' to '/devtools/browser/20e3ad3b-9dcd-4153-8c93-b4c74ec8dc48'
20:05:29.626 [AsyncHttpClient-1-4] DEBUG org.asynchttpclient.netty.handler.WebSocketHandler - 

Request DefaultFullHttpRequest(decodeResult: success, version: HTTP/1.1, content: EmptyByteBufBE)
GET /devtools/browser/20e3ad3b-9dcd-4153-8c93-b4c74ec8dc48 HTTP/1.1
upgrade: websocket
connection: upgrade
sec-websocket-key: /LKegmelvaPf7aapHZfOfg==
sec-websocket-version: 13
origin: http://localhost:56218
host: localhost:56218
accept: */*
user-agent: AHC/2.1

Response DefaultHttpResponse(decodeResult: success, version: HTTP/1.1)
HTTP/1.1 101 WebSocket Protocol Handshake
Upgrade: WebSocket
Connection: Upgrade
Sec-WebSocket-Accept: 9NCgJtiPB3mtSWNM9SYhrI+i3to=

20:05:29.754 [Forwarding get on session 5c921c77ac3df309467ce2db2ac4f852 to remote] DEBUG org.asynchttpclient.netty.request.NettyRequestSender - Using pooled Channel '[id: 0x0d4a1cf0, L:/127.0.0.1:56217 - R:localhost/127.0.0.1:17183]' for 'POST' to 'http://localhost:17183/session/5c921c77ac3df309467ce2db2ac4f852/url'
20:05:29.756 [Forwarding get on session 5c921c77ac3df309467ce2db2ac4f852 to remote] DEBUG org.asynchttpclient.netty.request.NettyRequestSender - Using open Channel [id: 0x0d4a1cf0, L:/127.0.0.1:56217 - R:localhost/127.0.0.1:17183] for POST '/session/5c921c77ac3df309467ce2db2ac4f852/url'
20:05:30.449 [AsyncHttpClient-1-1] DEBUG org.asynchttpclient.netty.channel.DefaultChannelPool - Entry count for : http://localhost:56218 : 1
20:05:31.546 [AsyncHttpClient-1-1] DEBUG org.asynchttpclient.netty.channel.DefaultChannelPool - Entry count for : http://localhost:56218 : 1
20:05:32.649 [AsyncHttpClient-1-1] DEBUG org.asynchttpclient.netty.channel.DefaultChannelPool - Entry count for : http://localhost:56218 : 1
20:05:33.747 [AsyncHttpClient-1-1] DEBUG org.asynchttpclient.netty.channel.DefaultChannelPool - Entry count for : http://localhost:56218 : 1
20:05:34.849 [AsyncHttpClient-1-1] DEBUG org.asynchttpclient.netty.channel.DefaultChannelPool - Entry count for : http://localhost:56218 : 1
20:05:35.948 [AsyncHttpClient-1-1] DEBUG org.asynchttpclient.netty.channel.DefaultChannelPool - Entry count for : http://localhost:56218 : 1
20:05:37.047 [AsyncHttpClient-1-1] DEBUG org.asynchttpclient.netty.channel.DefaultChannelPool - Entry count for : http://localhost:56218 : 1
20:05:38.146 [AsyncHttpClient-1-1] DEBUG org.asynchttpclient.netty.channel.DefaultChannelPool - Entry count for : http://localhost:56218 : 1
20:05:39.246 [AsyncHttpClient-1-1] DEBUG org.asynchttpclient.netty.channel.DefaultChannelPool - Entry count for : http://localhost:56218 : 1
20:05:40.349 [AsyncHttpClient-1-1] DEBUG org.asynchttpclient.netty.channel.DefaultChannelPool - Entry count for : http://localhost:56218 : 1
20:05:41.447 [AsyncHttpClient-1-1] DEBUG org.asynchttpclient.netty.channel.DefaultChannelPool - Entry count for : http://localhost:56218 : 1
20:05:41.617 [AsyncHttpClient-1-2] DEBUG org.asynchttpclient.netty.handler.HttpHandler - 

Request DefaultHttpRequest(decodeResult: success, version: HTTP/1.1)
POST /session/5c921c77ac3df309467ce2db2ac4f852/url HTTP/1.1
User-Agent: selenium/4.8.1 (java mac)
Content-Length: 53
Content-Type: application/json; charset=utf-8
host: localhost:17183
accept: */*

Response DefaultHttpResponse(decodeResult: success, version: HTTP/1.1)
HTTP/1.1 200 OK
Content-Length: 14
Content-Type: application/json; charset=utf-8
cache-control: no-cache

20:05:41.619 [AsyncHttpClient-1-2] DEBUG org.asynchttpclient.netty.channel.ChannelManager - Adding key: http://localhost:17183 for channel [id: 0x0d4a1cf0, L:/127.0.0.1:56217 - R:localhost/127.0.0.1:17183]
20:05:41.637 [Forwarding setTimeout on session 5c921c77ac3df309467ce2db2ac4f852 to remote] DEBUG org.asynchttpclient.netty.request.NettyRequestSender - Using pooled Channel '[id: 0x0d4a1cf0, L:/127.0.0.1:56217 - R:localhost/127.0.0.1:17183]' for 'POST' to 'http://localhost:17183/session/5c921c77ac3df309467ce2db2ac4f852/timeouts'
20:05:41.638 [Forwarding setTimeout on session 5c921c77ac3df309467ce2db2ac4f852 to remote] DEBUG org.asynchttpclient.netty.request.NettyRequestSender - Using open Channel [id: 0x0d4a1cf0, L:/127.0.0.1:56217 - R:localhost/127.0.0.1:17183] for POST '/session/5c921c77ac3df309467ce2db2ac4f852/timeouts'
20:05:41.641 [AsyncHttpClient-1-2] DEBUG org.asynchttpclient.netty.handler.HttpHandler - 

Request DefaultHttpRequest(decodeResult: success, version: HTTP/1.1)
POST /session/5c921c77ac3df309467ce2db2ac4f852/timeouts HTTP/1.1
User-Agent: selenium/4.8.1 (java mac)
Content-Length: 22
Content-Type: application/json; charset=utf-8
host: localhost:17183
accept: */*

Response DefaultHttpResponse(decodeResult: success, version: HTTP/1.1)
HTTP/1.1 200 OK
Content-Length: 14
Content-Type: application/json; charset=utf-8
cache-control: no-cache

20:05:41.641 [AsyncHttpClient-1-2] DEBUG org.asynchttpclient.netty.channel.ChannelManager - Adding key: http://localhost:17183 for channel [id: 0x0d4a1cf0, L:/127.0.0.1:56217 - R:localhost/127.0.0.1:17183]
20:05:41.720 [main] DEBUG net.serenitybdd.core.photography.Darkroom - Opening darkroom
20:05:41.721 [Darkroom Processing Line] DEBUG net.serenitybdd.core.photography.DarkroomProcessingLine - Darkroom processing line starting up
20:05:41.745 [Forwarding getAlertText on session 5c921c77ac3df309467ce2db2ac4f852 to remote] DEBUG org.asynchttpclient.netty.request.NettyRequestSender - Using pooled Channel '[id: 0x0d4a1cf0, L:/127.0.0.1:56217 - R:localhost/127.0.0.1:17183]' for 'GET' to 'http://localhost:17183/session/5c921c77ac3df309467ce2db2ac4f852/alert/text'
20:05:41.745 [Forwarding getAlertText on session 5c921c77ac3df309467ce2db2ac4f852 to remote] DEBUG org.asynchttpclient.netty.request.NettyRequestSender - Using open Channel [id: 0x0d4a1cf0, L:/127.0.0.1:56217 - R:localhost/127.0.0.1:17183] for GET '/session/5c921c77ac3df309467ce2db2ac4f852/alert/text'
20:05:41.749 [AsyncHttpClient-1-2] DEBUG org.asynchttpclient.netty.handler.HttpHandler - 

Request DefaultFullHttpRequest(decodeResult: success, version: HTTP/1.1, content: EmptyByteBufBE)
GET /session/5c921c77ac3df309467ce2db2ac4f852/alert/text HTTP/1.1
User-Agent: selenium/4.8.1 (java mac)
Cache-Control: no-cache
Content-Type: application/json; charset=utf-8
host: localhost:17183
accept: */*

Response DefaultHttpResponse(decodeResult: success, version: HTTP/1.1)
HTTP/1.1 404 Not Found
Content-Length: 1763
Content-Type: application/json; charset=utf-8
cache-control: no-cache

20:05:41.749 [AsyncHttpClient-1-2] DEBUG org.asynchttpclient.netty.channel.ChannelManager - Adding key: http://localhost:17183 for channel [id: 0x0d4a1cf0, L:/127.0.0.1:56217 - R:localhost/127.0.0.1:17183]
20:05:41.762 [Forwarding getCurrentUrl on session 5c921c77ac3df309467ce2db2ac4f852 to remote] DEBUG org.asynchttpclient.netty.request.NettyRequestSender - Using pooled Channel '[id: 0x0d4a1cf0, L:/127.0.0.1:56217 - R:localhost/127.0.0.1:17183]' for 'GET' to 'http://localhost:17183/session/5c921c77ac3df309467ce2db2ac4f852/url'
20:05:41.762 [Forwarding getCurrentUrl on session 5c921c77ac3df309467ce2db2ac4f852 to remote] DEBUG org.asynchttpclient.netty.request.NettyRequestSender - Using open Channel [id: 0x0d4a1cf0, L:/127.0.0.1:56217 - R:localhost/127.0.0.1:17183] for GET '/session/5c921c77ac3df309467ce2db2ac4f852/url'
20:05:41.801 [AsyncHttpClient-1-2] DEBUG org.asynchttpclient.netty.handler.HttpHandler - 

Request DefaultFullHttpRequest(decodeResult: success, version: HTTP/1.1, content: EmptyByteBufBE)
GET /session/5c921c77ac3df309467ce2db2ac4f852/url HTTP/1.1
User-Agent: selenium/4.8.1 (java mac)
Cache-Control: no-cache
Content-Type: application/json; charset=utf-8
host: localhost:17183
accept: */*

Response DefaultHttpResponse(decodeResult: success, version: HTTP/1.1)
HTTP/1.1 200 OK
Content-Length: 41
Content-Type: application/json; charset=utf-8
cache-control: no-cache

20:05:41.801 [AsyncHttpClient-1-2] DEBUG org.asynchttpclient.netty.channel.ChannelManager - Adding key: http://localhost:17183 for channel [id: 0x0d4a1cf0, L:/127.0.0.1:56217 - R:localhost/127.0.0.1:17183]
20:05:41.806 [Forwarding screenshot on session 5c921c77ac3df309467ce2db2ac4f852 to remote] DEBUG org.asynchttpclient.netty.request.NettyRequestSender - Using pooled Channel '[id: 0x0d4a1cf0, L:/127.0.0.1:56217 - R:localhost/127.0.0.1:17183]' for 'GET' to 'http://localhost:17183/session/5c921c77ac3df309467ce2db2ac4f852/screenshot'
20:05:41.807 [Forwarding screenshot on session 5c921c77ac3df309467ce2db2ac4f852 to remote] DEBUG org.asynchttpclient.netty.request.NettyRequestSender - Using open Channel [id: 0x0d4a1cf0, L:/127.0.0.1:56217 - R:localhost/127.0.0.1:17183] for GET '/session/5c921c77ac3df309467ce2db2ac4f852/screenshot'
20:05:42.014 [AsyncHttpClient-1-2] DEBUG org.asynchttpclient.netty.handler.HttpHandler - 

Request DefaultFullHttpRequest(decodeResult: success, version: HTTP/1.1, content: EmptyByteBufBE)
GET /session/5c921c77ac3df309467ce2db2ac4f852/screenshot HTTP/1.1
User-Agent: selenium/4.8.1 (java mac)
Cache-Control: no-cache
Content-Type: application/json; charset=utf-8
host: localhost:17183
accept: */*

Response DefaultHttpResponse(decodeResult: success, version: HTTP/1.1)
HTTP/1.1 200 OK
Content-Length: 176288
Content-Type: application/json; charset=utf-8
cache-control: no-cache

20:05:42.017 [AsyncHttpClient-1-2] DEBUG org.asynchttpclient.netty.channel.ChannelManager - Adding key: http://localhost:17183 for channel [id: 0x0d4a1cf0, L:/127.0.0.1:56217 - R:localhost/127.0.0.1:17183]
20:05:42.116 [main] DEBUG net.serenitybdd.core.photography.Darkroom - Send negative for processing for target/site/serenity/62e880ea594c5605ab57320c1af36392b86605e3995980385501369639630060.png
20:05:42.118 [Darkroom Processing Line] DEBUG net.serenitybdd.core.photography.DarkroomProcessingLine - Processing screenshot image in /var/screenshots/screenshot-6665466063811491439
20:05:42.119 [Darkroom Processing Line] DEBUG net.serenitybdd.core.photography.DarkroomProcessingLine - Saving screenshot to target/site/serenity/62e880ea594c5605ab57320c1af36392b86605e3995980385501369639630060.png
20:05:42.127 [Forwarding getPageSource on session 5c921c77ac3df309467ce2db2ac4f852 to remote] DEBUG org.asynchttpclient.netty.request.NettyRequestSender - Using pooled Channel '[id: 0x0d4a1cf0, L:/127.0.0.1:56217 - R:localhost/127.0.0.1:17183]' for 'POST' to 'http://localhost:17183/session/5c921c77ac3df309467ce2db2ac4f852/execute/sync'
20:05:42.129 [Forwarding getPageSource on session 5c921c77ac3df309467ce2db2ac4f852 to remote] DEBUG org.asynchttpclient.netty.request.NettyRequestSender - Using open Channel [id: 0x0d4a1cf0, L:/127.0.0.1:56217 - R:localhost/127.0.0.1:17183] for POST '/session/5c921c77ac3df309467ce2db2ac4f852/execute/sync'
20:05:42.209 [AsyncHttpClient-1-2] DEBUG org.asynchttpclient.netty.handler.HttpHandler - 

Request DefaultHttpRequest(decodeResult: success, version: HTTP/1.1)
POST /session/5c921c77ac3df309467ce2db2ac4f852/execute/sync HTTP/1.1
User-Agent: selenium/4.8.1 (java mac)
Content-Length: 176
Content-Type: application/json; charset=utf-8
host: localhost:17183
accept: */*

Response DefaultHttpResponse(decodeResult: success, version: HTTP/1.1)
HTTP/1.1 200 OK
Content-Length: 918569
Content-Type: application/json; charset=utf-8
cache-control: no-cache

20:05:42.218 [AsyncHttpClient-1-2] DEBUG org.asynchttpclient.netty.channel.ChannelManager - Adding key: http://localhost:17183 for channel [id: 0x0d4a1cf0, L:/127.0.0.1:56217 - R:localhost/127.0.0.1:17183]
20:05:42.549 [AsyncHttpClient-1-1] DEBUG org.asynchttpclient.netty.channel.DefaultChannelPool - Entry count for : http://localhost:17183 : 1
20:05:42.550 [AsyncHttpClient-1-1] DEBUG org.asynchttpclient.netty.channel.DefaultChannelPool - Entry count for : http://localhost:56218 : 1
20:05:42.737 [Forwarding getCurrentUrl on session 5c921c77ac3df309467ce2db2ac4f852 to remote] DEBUG org.asynchttpclient.netty.request.NettyRequestSender - Using pooled Channel '[id: 0x0d4a1cf0, L:/127.0.0.1:56217 - R:localhost/127.0.0.1:17183]' for 'GET' to 'http://localhost:17183/session/5c921c77ac3df309467ce2db2ac4f852/url'
20:05:42.738 [Forwarding getCurrentUrl on session 5c921c77ac3df309467ce2db2ac4f852 to remote] DEBUG org.asynchttpclient.netty.request.NettyRequestSender - Using open Channel [id: 0x0d4a1cf0, L:/127.0.0.1:56217 - R:localhost/127.0.0.1:17183] for GET '/session/5c921c77ac3df309467ce2db2ac4f852/url'
20:05:42.742 [AsyncHttpClient-1-2] DEBUG org.asynchttpclient.netty.handler.HttpHandler - 

Request DefaultFullHttpRequest(decodeResult: success, version: HTTP/1.1, content: EmptyByteBufBE)
GET /session/5c921c77ac3df309467ce2db2ac4f852/url HTTP/1.1
User-Agent: selenium/4.8.1 (java mac)
Cache-Control: no-cache
Content-Type: application/json; charset=utf-8
host: localhost:17183
accept: */*

Response DefaultHttpResponse(decodeResult: success, version: HTTP/1.1)
HTTP/1.1 200 OK
Content-Length: 41
Content-Type: application/json; charset=utf-8
cache-control: no-cache

20:05:42.742 [AsyncHttpClient-1-2] DEBUG org.asynchttpclient.netty.channel.ChannelManager - Adding key: http://localhost:17183 for channel [id: 0x0d4a1cf0, L:/127.0.0.1:56217 - R:localhost/127.0.0.1:17183]
20:05:42.760 [main] DEBUG net.thucydides.core.steps.StepInterceptor - STARTING STEP: viewAllProductsSteps.openTheHomePage - openTheHomePage
20:05:42.780 [Forwarding findElement on session 5c921c77ac3df309467ce2db2ac4f852 to remote] DEBUG org.asynchttpclient.netty.request.NettyRequestSender - Using pooled Channel '[id: 0x0d4a1cf0, L:/127.0.0.1:56217 - R:localhost/127.0.0.1:17183]' for 'POST' to 'http://localhost:17183/session/5c921c77ac3df309467ce2db2ac4f852/element'
20:05:42.781 [Forwarding findElement on session 5c921c77ac3df309467ce2db2ac4f852 to remote] DEBUG org.asynchttpclient.netty.request.NettyRequestSender - Using open Channel [id: 0x0d4a1cf0, L:/127.0.0.1:56217 - R:localhost/127.0.0.1:17183] for POST '/session/5c921c77ac3df309467ce2db2ac4f852/element'
20:05:43.019 [AsyncHttpClient-1-2] DEBUG org.asynchttpclient.netty.handler.HttpHandler - 

Request DefaultHttpRequest(decodeResult: success, version: HTTP/1.1)
POST /session/5c921c77ac3df309467ce2db2ac4f852/element HTTP/1.1
User-Agent: selenium/4.8.1 (java mac)
Content-Length: 54
Content-Type: application/json; charset=utf-8
host: localhost:17183
accept: */*

Response DefaultHttpResponse(decodeResult: success, version: HTTP/1.1)
HTTP/1.1 200 OK
Content-Length: 88
Content-Type: application/json; charset=utf-8
cache-control: no-cache

20:05:43.021 [AsyncHttpClient-1-2] DEBUG org.asynchttpclient.netty.channel.ChannelManager - Adding key: http://localhost:17183 for channel [id: 0x0d4a1cf0, L:/127.0.0.1:56217 - R:localhost/127.0.0.1:17183]
20:05:43.036 [Forwarding isElementDisplayed on session 5c921c77ac3df309467ce2db2ac4f852 to remote] DEBUG org.asynchttpclient.netty.request.NettyRequestSender - Using pooled Channel '[id: 0x0d4a1cf0, L:/127.0.0.1:56217 - R:localhost/127.0.0.1:17183]' for 'POST' to 'http://localhost:17183/session/5c921c77ac3df309467ce2db2ac4f852/execute/sync'
20:05:43.036 [Forwarding isElementDisplayed on session 5c921c77ac3df309467ce2db2ac4f852 to remote] DEBUG org.asynchttpclient.netty.request.NettyRequestSender - Using open Channel [id: 0x0d4a1cf0, L:/127.0.0.1:56217 - R:localhost/127.0.0.1:17183] for POST '/session/5c921c77ac3df309467ce2db2ac4f852/execute/sync'
20:05:43.075 [AsyncHttpClient-1-2] DEBUG org.asynchttpclient.netty.handler.HttpHandler - 

Request DefaultHttpRequest(decodeResult: success, version: HTTP/1.1)
POST /session/5c921c77ac3df309467ce2db2ac4f852/execute/sync HTTP/1.1
User-Agent: selenium/4.8.1 (java mac)
Content-Length: 48807
Content-Type: application/json; charset=utf-8
host: localhost:17183
accept: */*

Response DefaultHttpResponse(decodeResult: success, version: HTTP/1.1)
HTTP/1.1 200 OK
Content-Length: 14
Content-Type: application/json; charset=utf-8
cache-control: no-cache

20:05:43.075 [AsyncHttpClient-1-2] DEBUG org.asynchttpclient.netty.channel.ChannelManager - Adding key: http://localhost:17183 for channel [id: 0x0d4a1cf0, L:/127.0.0.1:56217 - R:localhost/127.0.0.1:17183]
20:05:43.088 [Forwarding getAlertText on session 5c921c77ac3df309467ce2db2ac4f852 to remote] DEBUG org.asynchttpclient.netty.request.NettyRequestSender - Using pooled Channel '[id: 0x0d4a1cf0, L:/127.0.0.1:56217 - R:localhost/127.0.0.1:17183]' for 'GET' to 'http://localhost:17183/session/5c921c77ac3df309467ce2db2ac4f852/alert/text'
20:05:43.089 [Forwarding getAlertText on session 5c921c77ac3df309467ce2db2ac4f852 to remote] DEBUG org.asynchttpclient.netty.request.NettyRequestSender - Using open Channel [id: 0x0d4a1cf0, L:/127.0.0.1:56217 - R:localhost/127.0.0.1:17183] for GET '/session/5c921c77ac3df309467ce2db2ac4f852/alert/text'
20:05:43.091 [AsyncHttpClient-1-2] DEBUG org.asynchttpclient.netty.handler.HttpHandler - 

Request DefaultFullHttpRequest(decodeResult: success, version: HTTP/1.1, content: EmptyByteBufBE)
GET /session/5c921c77ac3df309467ce2db2ac4f852/alert/text HTTP/1.1
User-Agent: selenium/4.8.1 (java mac)
Cache-Control: no-cache
Content-Type: application/json; charset=utf-8
host: localhost:17183
accept: */*

Response DefaultHttpResponse(decodeResult: success, version: HTTP/1.1)
HTTP/1.1 404 Not Found
Content-Length: 1763
Content-Type: application/json; charset=utf-8
cache-control: no-cache

20:05:43.092 [AsyncHttpClient-1-2] DEBUG org.asynchttpclient.netty.channel.ChannelManager - Adding key: http://localhost:17183 for channel [id: 0x0d4a1cf0, L:/127.0.0.1:56217 - R:localhost/127.0.0.1:17183]
20:05:43.100 [Forwarding getCurrentUrl on session 5c921c77ac3df309467ce2db2ac4f852 to remote] DEBUG org.asynchttpclient.netty.request.NettyRequestSender - Using pooled Channel '[id: 0x0d4a1cf0, L:/127.0.0.1:56217 - R:localhost/127.0.0.1:17183]' for 'GET' to 'http://localhost:17183/session/5c921c77ac3df309467ce2db2ac4f852/url'
20:05:43.100 [Forwarding getCurrentUrl on session 5c921c77ac3df309467ce2db2ac4f852 to remote] DEBUG org.asynchttpclient.netty.request.NettyRequestSender - Using open Channel [id: 0x0d4a1cf0, L:/127.0.0.1:56217 - R:localhost/127.0.0.1:17183] for GET '/session/5c921c77ac3df309467ce2db2ac4f852/url'
20:05:43.103 [AsyncHttpClient-1-2] DEBUG org.asynchttpclient.netty.handler.HttpHandler - 

Request DefaultFullHttpRequest(decodeResult: success, version: HTTP/1.1, content: EmptyByteBufBE)
GET /session/5c921c77ac3df309467ce2db2ac4f852/url HTTP/1.1
User-Agent: selenium/4.8.1 (java mac)
Cache-Control: no-cache
Content-Type: application/json; charset=utf-8
host: localhost:17183
accept: */*

Response DefaultHttpResponse(decodeResult: success, version: HTTP/1.1)
HTTP/1.1 200 OK
Content-Length: 41
Content-Type: application/json; charset=utf-8
cache-control: no-cache

20:05:43.106 [AsyncHttpClient-1-2] DEBUG org.asynchttpclient.netty.channel.ChannelManager - Adding key: http://localhost:17183 for channel [id: 0x0d4a1cf0, L:/127.0.0.1:56217 - R:localhost/127.0.0.1:17183]
20:05:43.111 [Forwarding screenshot on session 5c921c77ac3df309467ce2db2ac4f852 to remote] DEBUG org.asynchttpclient.netty.request.NettyRequestSender - Using pooled Channel '[id: 0x0d4a1cf0, L:/127.0.0.1:56217 - R:localhost/127.0.0.1:17183]' for 'GET' to 'http://localhost:17183/session/5c921c77ac3df309467ce2db2ac4f852/screenshot'
20:05:43.111 [Forwarding screenshot on session 5c921c77ac3df309467ce2db2ac4f852 to remote] DEBUG org.asynchttpclient.netty.request.NettyRequestSender - Using open Channel [id: 0x0d4a1cf0, L:/127.0.0.1:56217 - R:localhost/127.0.0.1:17183] for GET '/session/5c921c77ac3df309467ce2db2ac4f852/screenshot'
20:05:43.298 [AsyncHttpClient-1-2] DEBUG org.asynchttpclient.netty.handler.HttpHandler - 

Request DefaultFullHttpRequest(decodeResult: success, version: HTTP/1.1, content: EmptyByteBufBE)
GET /session/5c921c77ac3df309467ce2db2ac4f852/screenshot HTTP/1.1
User-Agent: selenium/4.8.1 (java mac)
Cache-Control: no-cache
Content-Type: application/json; charset=utf-8
host: localhost:17183
accept: */*

Response DefaultHttpResponse(decodeResult: success, version: HTTP/1.1)
HTTP/1.1 200 OK
Content-Length: 176288
Content-Type: application/json; charset=utf-8
cache-control: no-cache

20:05:43.301 [AsyncHttpClient-1-2] DEBUG org.asynchttpclient.netty.channel.ChannelManager - Adding key: http://localhost:17183 for channel [id: 0x0d4a1cf0, L:/127.0.0.1:56217 - R:localhost/127.0.0.1:17183]
20:05:43.357 [main] DEBUG net.serenitybdd.core.photography.Darkroom - Send negative for processing for target/site/serenity/62e880ea594c5605ab57320c1af36392b86605e3995980385501369639630060.png
20:05:43.366 [main] DEBUG net.thucydides.core.steps.StepInterceptor - STEP DONE: openTheHomePage
  &amp#27;[32mGiven &amp#27;[0m&amp#27;[32mI am open the home page to view all products&amp#27;[0m   &amp#27;[90m# starter.stepdefinitions.viewAllProductsSteps.openTheHomePage()&amp#27;[0m
20:05:43.415 [Forwarding getPageSource on session 5c921c77ac3df309467ce2db2ac4f852 to remote] DEBUG org.asynchttpclient.netty.request.NettyRequestSender - Using pooled Channel '[id: 0x0d4a1cf0, L:/127.0.0.1:56217 - R:localhost/127.0.0.1:17183]' for 'POST' to 'http://localhost:17183/session/5c921c77ac3df309467ce2db2ac4f852/execute/sync'
20:05:43.417 [Forwarding getPageSource on session 5c921c77ac3df309467ce2db2ac4f852 to remote] DEBUG org.asynchttpclient.netty.request.NettyRequestSender - Using open Channel [id: 0x0d4a1cf0, L:/127.0.0.1:56217 - R:localhost/127.0.0.1:17183] for POST '/session/5c921c77ac3df309467ce2db2ac4f852/execute/sync'
20:05:43.468 [AsyncHttpClient-1-2] DEBUG org.asynchttpclient.netty.handler.HttpHandler - 

Request DefaultHttpRequest(decodeResult: success, version: HTTP/1.1)
POST /session/5c921c77ac3df309467ce2db2ac4f852/execute/sync HTTP/1.1
User-Agent: selenium/4.8.1 (java mac)
Content-Length: 176
Content-Type: application/json; charset=utf-8
host: localhost:17183
accept: */*

Response DefaultHttpResponse(decodeResult: success, version: HTTP/1.1)
HTTP/1.1 200 OK
Content-Length: 918569
Content-Type: application/json; charset=utf-8
cache-control: no-cache

20:05:43.474 [AsyncHttpClient-1-2] DEBUG org.asynchttpclient.netty.channel.ChannelManager - Adding key: http://localhost:17183 for channel [id: 0x0d4a1cf0, L:/127.0.0.1:56217 - R:localhost/127.0.0.1:17183]
20:05:43.650 [AsyncHttpClient-1-1] DEBUG org.asynchttpclient.netty.channel.DefaultChannelPool - Entry count for : http://localhost:17183 : 1
20:05:43.652 [AsyncHttpClient-1-1] DEBUG org.asynchttpclient.netty.channel.DefaultChannelPool - Entry count for : http://localhost:56218 : 1
20:05:43.752 [Forwarding getCurrentUrl on session 5c921c77ac3df309467ce2db2ac4f852 to remote] DEBUG org.asynchttpclient.netty.request.NettyRequestSender - Using pooled Channel '[id: 0x0d4a1cf0, L:/127.0.0.1:56217 - R:localhost/127.0.0.1:17183]' for 'GET' to 'http://localhost:17183/session/5c921c77ac3df309467ce2db2ac4f852/url'
20:05:43.753 [Forwarding getCurrentUrl on session 5c921c77ac3df309467ce2db2ac4f852 to remote] DEBUG org.asynchttpclient.netty.request.NettyRequestSender - Using open Channel [id: 0x0d4a1cf0, L:/127.0.0.1:56217 - R:localhost/127.0.0.1:17183] for GET '/session/5c921c77ac3df309467ce2db2ac4f852/url'
20:05:43.757 [AsyncHttpClient-1-2] DEBUG org.asynchttpclient.netty.handler.HttpHandler - 

Request DefaultFullHttpRequest(decodeResult: success, version: HTTP/1.1, content: EmptyByteBufBE)
GET /session/5c921c77ac3df309467ce2db2ac4f852/url HTTP/1.1
User-Agent: selenium/4.8.1 (java mac)
Cache-Control: no-cache
Content-Type: application/json; charset=utf-8
host: localhost:17183
accept: */*

Response DefaultHttpResponse(decodeResult: success, version: HTTP/1.1)
HTTP/1.1 200 OK
Content-Length: 41
Content-Type: application/json; charset=utf-8
cache-control: no-cache

20:05:43.758 [AsyncHttpClient-1-2] DEBUG org.asynchttpclient.netty.channel.ChannelManager - Adding key: http://localhost:17183 for channel [id: 0x0d4a1cf0, L:/127.0.0.1:56217 - R:localhost/127.0.0.1:17183]
20:05:43.790 [Forwarding getAlertText on session 5c921c77ac3df309467ce2db2ac4f852 to remote] DEBUG org.asynchttpclient.netty.request.NettyRequestSender - Using pooled Channel '[id: 0x0d4a1cf0, L:/127.0.0.1:56217 - R:localhost/127.0.0.1:17183]' for 'GET' to 'http://localhost:17183/session/5c921c77ac3df309467ce2db2ac4f852/alert/text'
20:05:43.790 [Forwarding getAlertText on session 5c921c77ac3df309467ce2db2ac4f852 to remote] DEBUG org.asynchttpclient.netty.request.NettyRequestSender - Using open Channel [id: 0x0d4a1cf0, L:/127.0.0.1:56217 - R:localhost/127.0.0.1:17183] for GET '/session/5c921c77ac3df309467ce2db2ac4f852/alert/text'
20:05:43.792 [AsyncHttpClient-1-2] DEBUG org.asynchttpclient.netty.handler.HttpHandler - 

Request DefaultFullHttpRequest(decodeResult: success, version: HTTP/1.1, content: EmptyByteBufBE)
GET /session/5c921c77ac3df309467ce2db2ac4f852/alert/text HTTP/1.1
User-Agent: selenium/4.8.1 (java mac)
Cache-Control: no-cache
Content-Type: application/json; charset=utf-8
host: localhost:17183
accept: */*

Response DefaultHttpResponse(decodeResult: success, version: HTTP/1.1)
HTTP/1.1 404 Not Found
Content-Length: 1763
Content-Type: application/json; charset=utf-8
cache-control: no-cache

20:05:43.792 [AsyncHttpClient-1-2] DEBUG org.asynchttpclient.netty.channel.ChannelManager - Adding key: http://localhost:17183 for channel [id: 0x0d4a1cf0, L:/127.0.0.1:56217 - R:localhost/127.0.0.1:17183]
20:05:43.797 [Forwarding getCurrentUrl on session 5c921c77ac3df309467ce2db2ac4f852 to remote] DEBUG org.asynchttpclient.netty.request.NettyRequestSender - Using pooled Channel '[id: 0x0d4a1cf0, L:/127.0.0.1:56217 - R:localhost/127.0.0.1:17183]' for 'GET' to 'http://localhost:17183/session/5c921c77ac3df309467ce2db2ac4f852/url'
20:05:43.797 [Forwarding getCurrentUrl on session 5c921c77ac3df309467ce2db2ac4f852 to remote] DEBUG org.asynchttpclient.netty.request.NettyRequestSender - Using open Channel [id: 0x0d4a1cf0, L:/127.0.0.1:56217 - R:localhost/127.0.0.1:17183] for GET '/session/5c921c77ac3df309467ce2db2ac4f852/url'
20:05:43.800 [AsyncHttpClient-1-2] DEBUG org.asynchttpclient.netty.handler.HttpHandler - 

Request DefaultFullHttpRequest(decodeResult: success, version: HTTP/1.1, content: EmptyByteBufBE)
GET /session/5c921c77ac3df309467ce2db2ac4f852/url HTTP/1.1
User-Agent: selenium/4.8.1 (java mac)
Cache-Control: no-cache
Content-Type: application/json; charset=utf-8
host: localhost:17183
accept: */*

Response DefaultHttpResponse(decodeResult: success, version: HTTP/1.1)
HTTP/1.1 200 OK
Content-Length: 41
Content-Type: application/json; charset=utf-8
cache-control: no-cache

20:05:43.801 [AsyncHttpClient-1-2] DEBUG org.asynchttpclient.netty.channel.ChannelManager - Adding key: http://localhost:17183 for channel [id: 0x0d4a1cf0, L:/127.0.0.1:56217 - R:localhost/127.0.0.1:17183]
20:05:43.805 [Forwarding screenshot on session 5c921c77ac3df309467ce2db2ac4f852 to remote] DEBUG org.asynchttpclient.netty.request.NettyRequestSender - Using pooled Channel '[id: 0x0d4a1cf0, L:/127.0.0.1:56217 - R:localhost/127.0.0.1:17183]' for 'GET' to 'http://localhost:17183/session/5c921c77ac3df309467ce2db2ac4f852/screenshot'
20:05:43.805 [Forwarding screenshot on session 5c921c77ac3df309467ce2db2ac4f852 to remote] DEBUG org.asynchttpclient.netty.request.NettyRequestSender - Using open Channel [id: 0x0d4a1cf0, L:/127.0.0.1:56217 - R:localhost/127.0.0.1:17183] for GET '/session/5c921c77ac3df309467ce2db2ac4f852/screenshot'
20:05:43.974 [AsyncHttpClient-1-2] DEBUG org.asynchttpclient.netty.handler.HttpHandler - 

Request DefaultFullHttpRequest(decodeResult: success, version: HTTP/1.1, content: EmptyByteBufBE)
GET /session/5c921c77ac3df309467ce2db2ac4f852/screenshot HTTP/1.1
User-Agent: selenium/4.8.1 (java mac)
Cache-Control: no-cache
Content-Type: application/json; charset=utf-8
host: localhost:17183
accept: */*

Response DefaultHttpResponse(decodeResult: success, version: HTTP/1.1)
HTTP/1.1 200 OK
Content-Length: 176288
Content-Type: application/json; charset=utf-8
cache-control: no-cache

20:05:43.975 [AsyncHttpClient-1-2] DEBUG org.asynchttpclient.netty.channel.ChannelManager - Adding key: http://localhost:17183 for channel [id: 0x0d4a1cf0, L:/127.0.0.1:56217 - R:localhost/127.0.0.1:17183]
20:05:43.985 [main] DEBUG net.serenitybdd.core.photography.Darkroom - Send negative for processing for target/site/serenity/62e880ea594c5605ab57320c1af36392b86605e3995980385501369639630060.png
20:05:43.988 [Forwarding getPageSource on session 5c921c77ac3df309467ce2db2ac4f852 to remote] DEBUG org.asynchttpclient.netty.request.NettyRequestSender - Using pooled Channel '[id: 0x0d4a1cf0, L:/127.0.0.1:56217 - R:localhost/127.0.0.1:17183]' for 'POST' to 'http://localhost:17183/session/5c921c77ac3df309467ce2db2ac4f852/execute/sync'
20:05:43.988 [Forwarding getPageSource on session 5c921c77ac3df309467ce2db2ac4f852 to remote] DEBUG org.asynchttpclient.netty.request.NettyRequestSender - Using open Channel [id: 0x0d4a1cf0, L:/127.0.0.1:56217 - R:localhost/127.0.0.1:17183] for POST '/session/5c921c77ac3df309467ce2db2ac4f852/execute/sync'
20:05:44.017 [AsyncHttpClient-1-2] DEBUG org.asynchttpclient.netty.handler.HttpHandler - 

Request DefaultHttpRequest(decodeResult: success, version: HTTP/1.1)
POST /session/5c921c77ac3df309467ce2db2ac4f852/execute/sync HTTP/1.1
User-Agent: selenium/4.8.1 (java mac)
Content-Length: 176
Content-Type: application/json; charset=utf-8
host: localhost:17183
accept: */*

Response DefaultHttpResponse(decodeResult: success, version: HTTP/1.1)
HTTP/1.1 200 OK
Content-Length: 918569
Content-Type: application/json; charset=utf-8
cache-control: no-cache

20:05:44.026 [AsyncHttpClient-1-2] DEBUG org.asynchttpclient.netty.channel.ChannelManager - Adding key: http://localhost:17183 for channel [id: 0x0d4a1cf0, L:/127.0.0.1:56217 - R:localhost/127.0.0.1:17183]
20:05:44.169 [Forwarding getCurrentUrl on session 5c921c77ac3df309467ce2db2ac4f852 to remote] DEBUG org.asynchttpclient.netty.request.NettyRequestSender - Using pooled Channel '[id: 0x0d4a1cf0, L:/127.0.0.1:56217 - R:localhost/127.0.0.1:17183]' for 'GET' to 'http://localhost:17183/session/5c921c77ac3df309467ce2db2ac4f852/url'
20:05:44.169 [Forwarding getCurrentUrl on session 5c921c77ac3df309467ce2db2ac4f852 to remote] DEBUG org.asynchttpclient.netty.request.NettyRequestSender - Using open Channel [id: 0x0d4a1cf0, L:/127.0.0.1:56217 - R:localhost/127.0.0.1:17183] for GET '/session/5c921c77ac3df309467ce2db2ac4f852/url'
20:05:44.173 [AsyncHttpClient-1-2] DEBUG org.asynchttpclient.netty.handler.HttpHandler - 

Request DefaultFullHttpRequest(decodeResult: success, version: HTTP/1.1, content: EmptyByteBufBE)
GET /session/5c921c77ac3df309467ce2db2ac4f852/url HTTP/1.1
User-Agent: selenium/4.8.1 (java mac)
Cache-Control: no-cache
Content-Type: application/json; charset=utf-8
host: localhost:17183
accept: */*

Response DefaultHttpResponse(decodeResult: success, version: HTTP/1.1)
HTTP/1.1 200 OK
Content-Length: 41
Content-Type: application/json; charset=utf-8
cache-control: no-cache

20:05:44.174 [AsyncHttpClient-1-2] DEBUG org.asynchttpclient.netty.channel.ChannelManager - Adding key: http://localhost:17183 for channel [id: 0x0d4a1cf0, L:/127.0.0.1:56217 - R:localhost/127.0.0.1:17183]
20:05:44.189 [main] DEBUG net.thucydides.core.steps.StepInterceptor - STARTING STEP: viewAllProductsSteps.openTheLoginPage - openTheLoginPage
20:05:44.209 [Forwarding findElement on session 5c921c77ac3df309467ce2db2ac4f852 to remote] DEBUG org.asynchttpclient.netty.request.NettyRequestSender - Using pooled Channel '[id: 0x0d4a1cf0, L:/127.0.0.1:56217 - R:localhost/127.0.0.1:17183]' for 'POST' to 'http://localhost:17183/session/5c921c77ac3df309467ce2db2ac4f852/element'
20:05:44.210 [Forwarding findElement on session 5c921c77ac3df309467ce2db2ac4f852 to remote] DEBUG org.asynchttpclient.netty.request.NettyRequestSender - Using open Channel [id: 0x0d4a1cf0, L:/127.0.0.1:56217 - R:localhost/127.0.0.1:17183] for POST '/session/5c921c77ac3df309467ce2db2ac4f852/element'
20:05:44.338 [AsyncHttpClient-1-2] DEBUG org.asynchttpclient.netty.handler.HttpHandler - 

Request DefaultHttpRequest(decodeResult: success, version: HTTP/1.1)
POST /session/5c921c77ac3df309467ce2db2ac4f852/element HTTP/1.1
User-Agent: selenium/4.8.1 (java mac)
Content-Length: 106
Content-Type: application/json; charset=utf-8
host: localhost:17183
accept: */*

Response DefaultHttpResponse(decodeResult: success, version: HTTP/1.1)
HTTP/1.1 200 OK
Content-Length: 88
Content-Type: application/json; charset=utf-8
cache-control: no-cache

20:05:44.340 [AsyncHttpClient-1-2] DEBUG org.asynchttpclient.netty.channel.ChannelManager - Adding key: http://localhost:17183 for channel [id: 0x0d4a1cf0, L:/127.0.0.1:56217 - R:localhost/127.0.0.1:17183]
20:05:44.349 [Forwarding getElementTagName on session 5c921c77ac3df309467ce2db2ac4f852 to remote] DEBUG org.asynchttpclient.netty.request.NettyRequestSender - Using pooled Channel '[id: 0x0d4a1cf0, L:/127.0.0.1:56217 - R:localhost/127.0.0.1:17183]' for 'GET' to 'http://localhost:17183/session/5c921c77ac3df309467ce2db2ac4f852/element/0c7dcc94-fead-42d8-919e-9acb7469daa2/name'
20:05:44.349 [Forwarding getElementTagName on session 5c921c77ac3df309467ce2db2ac4f852 to remote] DEBUG org.asynchttpclient.netty.request.NettyRequestSender - Using open Channel [id: 0x0d4a1cf0, L:/127.0.0.1:56217 - R:localhost/127.0.0.1:17183] for GET '/session/5c921c77ac3df309467ce2db2ac4f852/element/0c7dcc94-fead-42d8-919e-9acb7469daa2/name'
20:05:44.360 [AsyncHttpClient-1-2] DEBUG org.asynchttpclient.netty.handler.HttpHandler - 

Request DefaultFullHttpRequest(decodeResult: success, version: HTTP/1.1, content: EmptyByteBufBE)
GET /session/5c921c77ac3df309467ce2db2ac4f852/element/0c7dcc94-fead-42d8-919e-9acb7469daa2/name HTTP/1.1
User-Agent: selenium/4.8.1 (java mac)
Cache-Control: no-cache
Content-Type: application/json; charset=utf-8
host: localhost:17183
accept: */*

Response DefaultHttpResponse(decodeResult: success, version: HTTP/1.1)
HTTP/1.1 200 OK
Content-Length: 13
Content-Type: application/json; charset=utf-8
cache-control: no-cache

20:05:44.360 [AsyncHttpClient-1-2] DEBUG org.asynchttpclient.netty.channel.ChannelManager - Adding key: http://localhost:17183 for channel [id: 0x0d4a1cf0, L:/127.0.0.1:56217 - R:localhost/127.0.0.1:17183]
20:05:44.365 [Forwarding getElementTagName on session 5c921c77ac3df309467ce2db2ac4f852 to remote] DEBUG org.asynchttpclient.netty.request.NettyRequestSender - Using pooled Channel '[id: 0x0d4a1cf0, L:/127.0.0.1:56217 - R:localhost/127.0.0.1:17183]' for 'GET' to 'http://localhost:17183/session/5c921c77ac3df309467ce2db2ac4f852/element/0c7dcc94-fead-42d8-919e-9acb7469daa2/name'
20:05:44.366 [Forwarding getElementTagName on session 5c921c77ac3df309467ce2db2ac4f852 to remote] DEBUG org.asynchttpclient.netty.request.NettyRequestSender - Using open Channel [id: 0x0d4a1cf0, L:/127.0.0.1:56217 - R:localhost/127.0.0.1:17183] for GET '/session/5c921c77ac3df309467ce2db2ac4f852/element/0c7dcc94-fead-42d8-919e-9acb7469daa2/name'
20:05:44.370 [AsyncHttpClient-1-2] DEBUG org.asynchttpclient.netty.handler.HttpHandler - 

Request DefaultFullHttpRequest(decodeResult: success, version: HTTP/1.1, content: EmptyByteBufBE)
GET /session/5c921c77ac3df309467ce2db2ac4f852/element/0c7dcc94-fead-42d8-919e-9acb7469daa2/name HTTP/1.1
User-Agent: selenium/4.8.1 (java mac)
Cache-Control: no-cache
Content-Type: application/json; charset=utf-8
host: localhost:17183
accept: */*

Response DefaultHttpResponse(decodeResult: success, version: HTTP/1.1)
HTTP/1.1 200 OK
Content-Length: 13
Content-Type: application/json; charset=utf-8
cache-control: no-cache

20:05:44.371 [AsyncHttpClient-1-2] DEBUG org.asynchttpclient.netty.channel.ChannelManager - Adding key: http://localhost:17183 for channel [id: 0x0d4a1cf0, L:/127.0.0.1:56217 - R:localhost/127.0.0.1:17183]
20:05:44.381 [Forwarding findElement on session 5c921c77ac3df309467ce2db2ac4f852 to remote] DEBUG org.asynchttpclient.netty.request.NettyRequestSender - Using pooled Channel '[id: 0x0d4a1cf0, L:/127.0.0.1:56217 - R:localhost/127.0.0.1:17183]' for 'POST' to 'http://localhost:17183/session/5c921c77ac3df309467ce2db2ac4f852/element'
20:05:44.381 [Forwarding findElement on session 5c921c77ac3df309467ce2db2ac4f852 to remote] DEBUG org.asynchttpclient.netty.request.NettyRequestSender - Using open Channel [id: 0x0d4a1cf0, L:/127.0.0.1:56217 - R:localhost/127.0.0.1:17183] for POST '/session/5c921c77ac3df309467ce2db2ac4f852/element'
20:05:44.391 [AsyncHttpClient-1-2] DEBUG org.asynchttpclient.netty.handler.HttpHandler - 

Request DefaultHttpRequest(decodeResult: success, version: HTTP/1.1)
POST /session/5c921c77ac3df309467ce2db2ac4f852/element HTTP/1.1
User-Agent: selenium/4.8.1 (java mac)
Content-Length: 106
Content-Type: application/json; charset=utf-8
host: localhost:17183
accept: */*

Response DefaultHttpResponse(decodeResult: success, version: HTTP/1.1)
HTTP/1.1 200 OK
Content-Length: 88
Content-Type: application/json; charset=utf-8
cache-control: no-cache

20:05:44.394 [AsyncHttpClient-1-2] DEBUG org.asynchttpclient.netty.channel.ChannelManager - Adding key: http://localhost:17183 for channel [id: 0x0d4a1cf0, L:/127.0.0.1:56217 - R:localhost/127.0.0.1:17183]
20:05:44.400 [Forwarding clickElement on session 5c921c77ac3df309467ce2db2ac4f852 to remote] DEBUG org.asynchttpclient.netty.request.NettyRequestSender - Using pooled Channel '[id: 0x0d4a1cf0, L:/127.0.0.1:56217 - R:localhost/127.0.0.1:17183]' for 'POST' to 'http://localhost:17183/session/5c921c77ac3df309467ce2db2ac4f852/element/0c7dcc94-fead-42d8-919e-9acb7469daa2/click'
20:05:44.400 [Forwarding clickElement on session 5c921c77ac3df309467ce2db2ac4f852 to remote] DEBUG org.asynchttpclient.netty.request.NettyRequestSender - Using open Channel [id: 0x0d4a1cf0, L:/127.0.0.1:56217 - R:localhost/127.0.0.1:17183] for POST '/session/5c921c77ac3df309467ce2db2ac4f852/element/0c7dcc94-fead-42d8-919e-9acb7469daa2/click'
20:05:44.748 [AsyncHttpClient-1-1] DEBUG org.asynchttpclient.netty.channel.DefaultChannelPool - Entry count for : http://localhost:56218 : 1
20:05:44.751 [AsyncHttpClient-1-2] DEBUG org.asynchttpclient.netty.handler.HttpHandler - 

Request DefaultHttpRequest(decodeResult: success, version: HTTP/1.1)
POST /session/5c921c77ac3df309467ce2db2ac4f852/element/0c7dcc94-fead-42d8-919e-9acb7469daa2/click HTTP/1.1
User-Agent: selenium/4.8.1 (java mac)
Content-Length: 50
Content-Type: application/json; charset=utf-8
host: localhost:17183
accept: */*

Response DefaultHttpResponse(decodeResult: success, version: HTTP/1.1)
HTTP/1.1 200 OK
Content-Length: 14
Content-Type: application/json; charset=utf-8
cache-control: no-cache

20:05:44.751 [AsyncHttpClient-1-2] DEBUG org.asynchttpclient.netty.channel.ChannelManager - Adding key: http://localhost:17183 for channel [id: 0x0d4a1cf0, L:/127.0.0.1:56217 - R:localhost/127.0.0.1:17183]
20:05:44.785 [Forwarding getAlertText on session 5c921c77ac3df309467ce2db2ac4f852 to remote] DEBUG org.asynchttpclient.netty.request.NettyRequestSender - Using pooled Channel '[id: 0x0d4a1cf0, L:/127.0.0.1:56217 - R:localhost/127.0.0.1:17183]' for 'GET' to 'http://localhost:17183/session/5c921c77ac3df309467ce2db2ac4f852/alert/text'
20:05:44.786 [Forwarding getAlertText on session 5c921c77ac3df309467ce2db2ac4f852 to remote] DEBUG org.asynchttpclient.netty.request.NettyRequestSender - Using open Channel [id: 0x0d4a1cf0, L:/127.0.0.1:56217 - R:localhost/127.0.0.1:17183] for GET '/session/5c921c77ac3df309467ce2db2ac4f852/alert/text'
20:05:44.807 [AsyncHttpClient-1-2] DEBUG org.asynchttpclient.netty.handler.HttpHandler - 

Request DefaultFullHttpRequest(decodeResult: success, version: HTTP/1.1, content: EmptyByteBufBE)
GET /session/5c921c77ac3df309467ce2db2ac4f852/alert/text HTTP/1.1
User-Agent: selenium/4.8.1 (java mac)
Cache-Control: no-cache
Content-Type: application/json; charset=utf-8
host: localhost:17183
accept: */*

Response DefaultHttpResponse(decodeResult: success, version: HTTP/1.1)
HTTP/1.1 404 Not Found
Content-Length: 1763
Content-Type: application/json; charset=utf-8
cache-control: no-cache

20:05:44.808 [AsyncHttpClient-1-2] DEBUG org.asynchttpclient.netty.channel.ChannelManager - Adding key: http://localhost:17183 for channel [id: 0x0d4a1cf0, L:/127.0.0.1:56217 - R:localhost/127.0.0.1:17183]
20:05:44.827 [Forwarding getCurrentUrl on session 5c921c77ac3df309467ce2db2ac4f852 to remote] DEBUG org.asynchttpclient.netty.request.NettyRequestSender - Using pooled Channel '[id: 0x0d4a1cf0, L:/127.0.0.1:56217 - R:localhost/127.0.0.1:17183]' for 'GET' to 'http://localhost:17183/session/5c921c77ac3df309467ce2db2ac4f852/url'
20:05:44.828 [Forwarding getCurrentUrl on session 5c921c77ac3df309467ce2db2ac4f852 to remote] DEBUG org.asynchttpclient.netty.request.NettyRequestSender - Using open Channel [id: 0x0d4a1cf0, L:/127.0.0.1:56217 - R:localhost/127.0.0.1:17183] for GET '/session/5c921c77ac3df309467ce2db2ac4f852/url'
20:05:45.343 [AsyncHttpClient-1-2] DEBUG org.asynchttpclient.netty.handler.HttpHandler - 

Request DefaultFullHttpRequest(decodeResult: success, version: HTTP/1.1, content: EmptyByteBufBE)
GET /session/5c921c77ac3df309467ce2db2ac4f852/url HTTP/1.1
User-Agent: selenium/4.8.1 (java mac)
Cache-Control: no-cache
Content-Type: application/json; charset=utf-8
host: localhost:17183
accept: */*

Response DefaultHttpResponse(decodeResult: success, version: HTTP/1.1)
HTTP/1.1 200 OK
Content-Length: 51
Content-Type: application/json; charset=utf-8
cache-control: no-cache

20:05:45.344 [AsyncHttpClient-1-2] DEBUG org.asynchttpclient.netty.channel.ChannelManager - Adding key: http://localhost:17183 for channel [id: 0x0d4a1cf0, L:/127.0.0.1:56217 - R:localhost/127.0.0.1:17183]
20:05:45.351 [Forwarding screenshot on session 5c921c77ac3df309467ce2db2ac4f852 to remote] DEBUG org.asynchttpclient.netty.request.NettyRequestSender - Using pooled Channel '[id: 0x0d4a1cf0, L:/127.0.0.1:56217 - R:localhost/127.0.0.1:17183]' for 'GET' to 'http://localhost:17183/session/5c921c77ac3df309467ce2db2ac4f852/screenshot'
20:05:45.351 [Forwarding screenshot on session 5c921c77ac3df309467ce2db2ac4f852 to remote] DEBUG org.asynchttpclient.netty.request.NettyRequestSender - Using open Channel [id: 0x0d4a1cf0, L:/127.0.0.1:56217 - R:localhost/127.0.0.1:17183] for GET '/session/5c921c77ac3df309467ce2db2ac4f852/screenshot'
20:05:45.533 [AsyncHttpClient-1-2] DEBUG org.asynchttpclient.netty.handler.HttpHandler - 

Request DefaultFullHttpRequest(decodeResult: success, version: HTTP/1.1, content: EmptyByteBufBE)
GET /session/5c921c77ac3df309467ce2db2ac4f852/screenshot HTTP/1.1
User-Agent: selenium/4.8.1 (java mac)
Cache-Control: no-cache
Content-Type: application/json; charset=utf-8
host: localhost:17183
accept: */*

Response DefaultHttpResponse(decodeResult: success, version: HTTP/1.1)
HTTP/1.1 200 OK
Content-Length: 61772
Content-Type: application/json; charset=utf-8
cache-control: no-cache

20:05:45.536 [AsyncHttpClient-1-2] DEBUG org.asynchttpclient.netty.channel.ChannelManager - Adding key: http://localhost:17183 for channel [id: 0x0d4a1cf0, L:/127.0.0.1:56217 - R:localhost/127.0.0.1:17183]
20:05:45.548 [main] DEBUG net.serenitybdd.core.photography.Darkroom - Send negative for processing for target/site/serenity/8e9cee939ce17a9fe29ea96908d1a8f3a55d0d59d1d36254b88f9fc15908342a.png
20:05:45.550 [Darkroom Processing Line] DEBUG net.serenitybdd.core.photography.DarkroomProcessingLine - Processing screenshot image in /var/screenshots/screenshot-8318737613966716672
20:05:45.550 [Darkroom Processing Line] DEBUG net.serenitybdd.core.photography.DarkroomProcessingLine - Saving screenshot to target/site/serenity/8e9cee939ce17a9fe29ea96908d1a8f3a55d0d59d1d36254b88f9fc15908342a.png
20:05:45.555 [main] DEBUG net.thucydides.core.steps.StepInterceptor - STEP DONE: openTheLoginPage
  &amp#27;[32mGiven &amp#27;[0m&amp#27;[32mI am open the login page to view all products&amp#27;[0m  &amp#27;[90m# starter.stepdefinitions.viewAllProductsSteps.openTheLoginPage()&amp#27;[0m
20:05:45.598 [Forwarding getPageSource on session 5c921c77ac3df309467ce2db2ac4f852 to remote] DEBUG org.asynchttpclient.netty.request.NettyRequestSender - Using pooled Channel '[id: 0x0d4a1cf0, L:/127.0.0.1:56217 - R:localhost/127.0.0.1:17183]' for 'POST' to 'http://localhost:17183/session/5c921c77ac3df309467ce2db2ac4f852/execute/sync'
20:05:45.599 [Forwarding getPageSource on session 5c921c77ac3df309467ce2db2ac4f852 to remote] DEBUG org.asynchttpclient.netty.request.NettyRequestSender - Using open Channel [id: 0x0d4a1cf0, L:/127.0.0.1:56217 - R:localhost/127.0.0.1:17183] for POST '/session/5c921c77ac3df309467ce2db2ac4f852/execute/sync'
20:05:45.606 [AsyncHttpClient-1-2] DEBUG org.asynchttpclient.netty.handler.HttpHandler - 

Request DefaultHttpRequest(decodeResult: success, version: HTTP/1.1)
POST /session/5c921c77ac3df309467ce2db2ac4f852/execute/sync HTTP/1.1
User-Agent: selenium/4.8.1 (java mac)
Content-Length: 176
Content-Type: application/json; charset=utf-8
host: localhost:17183
accept: */*

Response DefaultHttpResponse(decodeResult: success, version: HTTP/1.1)
HTTP/1.1 200 OK
Content-Length: 21667
Content-Type: application/json; charset=utf-8
cache-control: no-cache

20:05:45.607 [AsyncHttpClient-1-2] DEBUG org.asynchttpclient.netty.channel.ChannelManager - Adding key: http://localhost:17183 for channel [id: 0x0d4a1cf0, L:/127.0.0.1:56217 - R:localhost/127.0.0.1:17183]
20:05:45.639 [Forwarding getCurrentUrl on session 5c921c77ac3df309467ce2db2ac4f852 to remote] DEBUG org.asynchttpclient.netty.request.NettyRequestSender - Using pooled Channel '[id: 0x0d4a1cf0, L:/127.0.0.1:56217 - R:localhost/127.0.0.1:17183]' for 'GET' to 'http://localhost:17183/session/5c921c77ac3df309467ce2db2ac4f852/url'
20:05:45.639 [Forwarding getCurrentUrl on session 5c921c77ac3df309467ce2db2ac4f852 to remote] DEBUG org.asynchttpclient.netty.request.NettyRequestSender - Using open Channel [id: 0x0d4a1cf0, L:/127.0.0.1:56217 - R:localhost/127.0.0.1:17183] for GET '/session/5c921c77ac3df309467ce2db2ac4f852/url'
20:05:45.643 [AsyncHttpClient-1-2] DEBUG org.asynchttpclient.netty.handler.HttpHandler - 

Request DefaultFullHttpRequest(decodeResult: success, version: HTTP/1.1, content: EmptyByteBufBE)
GET /session/5c921c77ac3df309467ce2db2ac4f852/url HTTP/1.1
User-Agent: selenium/4.8.1 (java mac)
Cache-Control: no-cache
Content-Type: application/json; charset=utf-8
host: localhost:17183
accept: */*

Response DefaultHttpResponse(decodeResult: success, version: HTTP/1.1)
HTTP/1.1 200 OK
Content-Length: 51
Content-Type: application/json; charset=utf-8
cache-control: no-cache

20:05:45.644 [AsyncHttpClient-1-2] DEBUG org.asynchttpclient.netty.channel.ChannelManager - Adding key: http://localhost:17183 for channel [id: 0x0d4a1cf0, L:/127.0.0.1:56217 - R:localhost/127.0.0.1:17183]
20:05:45.667 [Forwarding getAlertText on session 5c921c77ac3df309467ce2db2ac4f852 to remote] DEBUG org.asynchttpclient.netty.request.NettyRequestSender - Using pooled Channel '[id: 0x0d4a1cf0, L:/127.0.0.1:56217 - R:localhost/127.0.0.1:17183]' for 'GET' to 'http://localhost:17183/session/5c921c77ac3df309467ce2db2ac4f852/alert/text'
20:05:45.668 [Forwarding getAlertText on session 5c921c77ac3df309467ce2db2ac4f852 to remote] DEBUG org.asynchttpclient.netty.request.NettyRequestSender - Using open Channel [id: 0x0d4a1cf0, L:/127.0.0.1:56217 - R:localhost/127.0.0.1:17183] for GET '/session/5c921c77ac3df309467ce2db2ac4f852/alert/text'
20:05:45.669 [AsyncHttpClient-1-2] DEBUG org.asynchttpclient.netty.handler.HttpHandler - 

Request DefaultFullHttpRequest(decodeResult: success, version: HTTP/1.1, content: EmptyByteBufBE)
GET /session/5c921c77ac3df309467ce2db2ac4f852/alert/text HTTP/1.1
User-Agent: selenium/4.8.1 (java mac)
Cache-Control: no-cache
Content-Type: application/json; charset=utf-8
host: localhost:17183
accept: */*

Response DefaultHttpResponse(decodeResult: success, version: HTTP/1.1)
HTTP/1.1 404 Not Found
Content-Length: 1763
Content-Type: application/json; charset=utf-8
cache-control: no-cache

20:05:45.670 [AsyncHttpClient-1-2] DEBUG org.asynchttpclient.netty.channel.ChannelManager - Adding key: http://localhost:17183 for channel [id: 0x0d4a1cf0, L:/127.0.0.1:56217 - R:localhost/127.0.0.1:17183]
20:05:45.673 [Forwarding getCurrentUrl on session 5c921c77ac3df309467ce2db2ac4f852 to remote] DEBUG org.asynchttpclient.netty.request.NettyRequestSender - Using pooled Channel '[id: 0x0d4a1cf0, L:/127.0.0.1:56217 - R:localhost/127.0.0.1:17183]' for 'GET' to 'http://localhost:17183/session/5c921c77ac3df309467ce2db2ac4f852/url'
20:05:45.673 [Forwarding getCurrentUrl on session 5c921c77ac3df309467ce2db2ac4f852 to remote] DEBUG org.asynchttpclient.netty.request.NettyRequestSender - Using open Channel [id: 0x0d4a1cf0, L:/127.0.0.1:56217 - R:localhost/127.0.0.1:17183] for GET '/session/5c921c77ac3df309467ce2db2ac4f852/url'
20:05:45.678 [AsyncHttpClient-1-2] DEBUG org.asynchttpclient.netty.handler.HttpHandler - 

Request DefaultFullHttpRequest(decodeResult: success, version: HTTP/1.1, content: EmptyByteBufBE)
GET /session/5c921c77ac3df309467ce2db2ac4f852/url HTTP/1.1
User-Agent: selenium/4.8.1 (java mac)
Cache-Control: no-cache
Content-Type: application/json; charset=utf-8
host: localhost:17183
accept: */*

Response DefaultHttpResponse(decodeResult: success, version: HTTP/1.1)
HTTP/1.1 200 OK
Content-Length: 51
Content-Type: application/json; charset=utf-8
cache-control: no-cache

20:05:45.679 [AsyncHttpClient-1-2] DEBUG org.asynchttpclient.netty.channel.ChannelManager - Adding key: http://localhost:17183 for channel [id: 0x0d4a1cf0, L:/127.0.0.1:56217 - R:localhost/127.0.0.1:17183]
20:05:45.681 [Forwarding screenshot on session 5c921c77ac3df309467ce2db2ac4f852 to remote] DEBUG org.asynchttpclient.netty.request.NettyRequestSender - Using pooled Channel '[id: 0x0d4a1cf0, L:/127.0.0.1:56217 - R:localhost/127.0.0.1:17183]' for 'GET' to 'http://localhost:17183/session/5c921c77ac3df309467ce2db2ac4f852/screenshot'
20:05:45.682 [Forwarding screenshot on session 5c921c77ac3df309467ce2db2ac4f852 to remote] DEBUG org.asynchttpclient.netty.request.NettyRequestSender - Using open Channel [id: 0x0d4a1cf0, L:/127.0.0.1:56217 - R:localhost/127.0.0.1:17183] for GET '/session/5c921c77ac3df309467ce2db2ac4f852/screenshot'
20:05:45.845 [AsyncHttpClient-1-1] DEBUG org.asynchttpclient.netty.channel.DefaultChannelPool - Entry count for : http://localhost:56218 : 1
20:05:45.854 [AsyncHttpClient-1-2] DEBUG org.asynchttpclient.netty.handler.HttpHandler - 

Request DefaultFullHttpRequest(decodeResult: success, version: HTTP/1.1, content: EmptyByteBufBE)
GET /session/5c921c77ac3df309467ce2db2ac4f852/screenshot HTTP/1.1
User-Agent: selenium/4.8.1 (java mac)
Cache-Control: no-cache
Content-Type: application/json; charset=utf-8
host: localhost:17183
accept: */*

Response DefaultHttpResponse(decodeResult: success, version: HTTP/1.1)
HTTP/1.1 200 OK
Content-Length: 61772
Content-Type: application/json; charset=utf-8
cache-control: no-cache

20:05:45.854 [AsyncHttpClient-1-2] DEBUG org.asynchttpclient.netty.channel.ChannelManager - Adding key: http://localhost:17183 for channel [id: 0x0d4a1cf0, L:/127.0.0.1:56217 - R:localhost/127.0.0.1:17183]
20:05:45.860 [main] DEBUG net.serenitybdd.core.photography.Darkroom - Send negative for processing for target/site/serenity/8e9cee939ce17a9fe29ea96908d1a8f3a55d0d59d1d36254b88f9fc15908342a.png
20:05:45.865 [Forwarding getPageSource on session 5c921c77ac3df309467ce2db2ac4f852 to remote] DEBUG org.asynchttpclient.netty.request.NettyRequestSender - Using pooled Channel '[id: 0x0d4a1cf0, L:/127.0.0.1:56217 - R:localhost/127.0.0.1:17183]' for 'POST' to 'http://localhost:17183/session/5c921c77ac3df309467ce2db2ac4f852/execute/sync'
20:05:45.866 [Forwarding getPageSource on session 5c921c77ac3df309467ce2db2ac4f852 to remote] DEBUG org.asynchttpclient.netty.request.NettyRequestSender - Using open Channel [id: 0x0d4a1cf0, L:/127.0.0.1:56217 - R:localhost/127.0.0.1:17183] for POST '/session/5c921c77ac3df309467ce2db2ac4f852/execute/sync'
20:05:45.870 [AsyncHttpClient-1-2] DEBUG org.asynchttpclient.netty.handler.HttpHandler - 

Request DefaultHttpRequest(decodeResult: success, version: HTTP/1.1)
POST /session/5c921c77ac3df309467ce2db2ac4f852/execute/sync HTTP/1.1
User-Agent: selenium/4.8.1 (java mac)
Content-Length: 176
Content-Type: application/json; charset=utf-8
host: localhost:17183
accept: */*

Response DefaultHttpResponse(decodeResult: success, version: HTTP/1.1)
HTTP/1.1 200 OK
Content-Length: 21667
Content-Type: application/json; charset=utf-8
cache-control: no-cache

20:05:45.871 [AsyncHttpClient-1-2] DEBUG org.asynchttpclient.netty.channel.ChannelManager - Adding key: http://localhost:17183 for channel [id: 0x0d4a1cf0, L:/127.0.0.1:56217 - R:localhost/127.0.0.1:17183]
20:05:45.888 [Forwarding getCurrentUrl on session 5c921c77ac3df309467ce2db2ac4f852 to remote] DEBUG org.asynchttpclient.netty.request.NettyRequestSender - Using pooled Channel '[id: 0x0d4a1cf0, L:/127.0.0.1:56217 - R:localhost/127.0.0.1:17183]' for 'GET' to 'http://localhost:17183/session/5c921c77ac3df309467ce2db2ac4f852/url'
20:05:45.888 [Forwarding getCurrentUrl on session 5c921c77ac3df309467ce2db2ac4f852 to remote] DEBUG org.asynchttpclient.netty.request.NettyRequestSender - Using open Channel [id: 0x0d4a1cf0, L:/127.0.0.1:56217 - R:localhost/127.0.0.1:17183] for GET '/session/5c921c77ac3df309467ce2db2ac4f852/url'
20:05:45.890 [AsyncHttpClient-1-2] DEBUG org.asynchttpclient.netty.handler.HttpHandler - 

Request DefaultFullHttpRequest(decodeResult: success, version: HTTP/1.1, content: EmptyByteBufBE)
GET /session/5c921c77ac3df309467ce2db2ac4f852/url HTTP/1.1
User-Agent: selenium/4.8.1 (java mac)
Cache-Control: no-cache
Content-Type: application/json; charset=utf-8
host: localhost:17183
accept: */*

Response DefaultHttpResponse(decodeResult: success, version: HTTP/1.1)
HTTP/1.1 200 OK
Content-Length: 51
Content-Type: application/json; charset=utf-8
cache-control: no-cache

20:05:45.890 [AsyncHttpClient-1-2] DEBUG org.asynchttpclient.netty.channel.ChannelManager - Adding key: http://localhost:17183 for channel [id: 0x0d4a1cf0, L:/127.0.0.1:56217 - R:localhost/127.0.0.1:17183]
20:05:45.894 [main] DEBUG net.thucydides.core.steps.StepInterceptor - STARTING STEP: viewAllProductsSteps.onTheLoginPage - validateOnTheLoginPage
20:05:45.897 [Forwarding findElement on session 5c921c77ac3df309467ce2db2ac4f852 to remote] DEBUG org.asynchttpclient.netty.request.NettyRequestSender - Using pooled Channel '[id: 0x0d4a1cf0, L:/127.0.0.1:56217 - R:localhost/127.0.0.1:17183]' for 'POST' to 'http://localhost:17183/session/5c921c77ac3df309467ce2db2ac4f852/element'
20:05:45.897 [Forwarding findElement on session 5c921c77ac3df309467ce2db2ac4f852 to remote] DEBUG org.asynchttpclient.netty.request.NettyRequestSender - Using open Channel [id: 0x0d4a1cf0, L:/127.0.0.1:56217 - R:localhost/127.0.0.1:17183] for POST '/session/5c921c77ac3df309467ce2db2ac4f852/element'
20:05:45.918 [AsyncHttpClient-1-2] DEBUG org.asynchttpclient.netty.handler.HttpHandler - 

Request DefaultHttpRequest(decodeResult: success, version: HTTP/1.1)
POST /session/5c921c77ac3df309467ce2db2ac4f852/element HTTP/1.1
User-Agent: selenium/4.8.1 (java mac)
Content-Length: 155
Content-Type: application/json; charset=utf-8
host: localhost:17183
accept: */*

Response DefaultHttpResponse(decodeResult: success, version: HTTP/1.1)
HTTP/1.1 200 OK
Content-Length: 88
Content-Type: application/json; charset=utf-8
cache-control: no-cache

20:05:45.919 [AsyncHttpClient-1-2] DEBUG org.asynchttpclient.netty.channel.ChannelManager - Adding key: http://localhost:17183 for channel [id: 0x0d4a1cf0, L:/127.0.0.1:56217 - R:localhost/127.0.0.1:17183]
20:05:45.926 [Forwarding isElementDisplayed on session 5c921c77ac3df309467ce2db2ac4f852 to remote] DEBUG org.asynchttpclient.netty.request.NettyRequestSender - Using pooled Channel '[id: 0x0d4a1cf0, L:/127.0.0.1:56217 - R:localhost/127.0.0.1:17183]' for 'POST' to 'http://localhost:17183/session/5c921c77ac3df309467ce2db2ac4f852/execute/sync'
20:05:45.927 [Forwarding isElementDisplayed on session 5c921c77ac3df309467ce2db2ac4f852 to remote] DEBUG org.asynchttpclient.netty.request.NettyRequestSender - Using open Channel [id: 0x0d4a1cf0, L:/127.0.0.1:56217 - R:localhost/127.0.0.1:17183] for POST '/session/5c921c77ac3df309467ce2db2ac4f852/execute/sync'
20:05:45.955 [AsyncHttpClient-1-2] DEBUG org.asynchttpclient.netty.handler.HttpHandler - 

Request DefaultHttpRequest(decodeResult: success, version: HTTP/1.1)
POST /session/5c921c77ac3df309467ce2db2ac4f852/execute/sync HTTP/1.1
User-Agent: selenium/4.8.1 (java mac)
Content-Length: 48807
Content-Type: application/json; charset=utf-8
host: localhost:17183
accept: */*

Response DefaultHttpResponse(decodeResult: success, version: HTTP/1.1)
HTTP/1.1 200 OK
Content-Length: 14
Content-Type: application/json; charset=utf-8
cache-control: no-cache

20:05:45.956 [AsyncHttpClient-1-2] DEBUG org.asynchttpclient.netty.channel.ChannelManager - Adding key: http://localhost:17183 for channel [id: 0x0d4a1cf0, L:/127.0.0.1:56217 - R:localhost/127.0.0.1:17183]
20:05:45.967 [Forwarding getAlertText on session 5c921c77ac3df309467ce2db2ac4f852 to remote] DEBUG org.asynchttpclient.netty.request.NettyRequestSender - Using pooled Channel '[id: 0x0d4a1cf0, L:/127.0.0.1:56217 - R:localhost/127.0.0.1:17183]' for 'GET' to 'http://localhost:17183/session/5c921c77ac3df309467ce2db2ac4f852/alert/text'
20:05:45.968 [Forwarding getAlertText on session 5c921c77ac3df309467ce2db2ac4f852 to remote] DEBUG org.asynchttpclient.netty.request.NettyRequestSender - Using open Channel [id: 0x0d4a1cf0, L:/127.0.0.1:56217 - R:localhost/127.0.0.1:17183] for GET '/session/5c921c77ac3df309467ce2db2ac4f852/alert/text'
20:05:45.971 [AsyncHttpClient-1-2] DEBUG org.asynchttpclient.netty.handler.HttpHandler - 

Request DefaultFullHttpRequest(decodeResult: success, version: HTTP/1.1, content: EmptyByteBufBE)
GET /session/5c921c77ac3df309467ce2db2ac4f852/alert/text HTTP/1.1
User-Agent: selenium/4.8.1 (java mac)
Cache-Control: no-cache
Content-Type: application/json; charset=utf-8
host: localhost:17183
accept: */*

Response DefaultHttpResponse(decodeResult: success, version: HTTP/1.1)
HTTP/1.1 404 Not Found
Content-Length: 1763
Content-Type: application/json; charset=utf-8
cache-control: no-cache

20:05:45.971 [AsyncHttpClient-1-2] DEBUG org.asynchttpclient.netty.channel.ChannelManager - Adding key: http://localhost:17183 for channel [id: 0x0d4a1cf0, L:/127.0.0.1:56217 - R:localhost/127.0.0.1:17183]
20:05:45.984 [Forwarding getCurrentUrl on session 5c921c77ac3df309467ce2db2ac4f852 to remote] DEBUG org.asynchttpclient.netty.request.NettyRequestSender - Using pooled Channel '[id: 0x0d4a1cf0, L:/127.0.0.1:56217 - R:localhost/127.0.0.1:17183]' for 'GET' to 'http://localhost:17183/session/5c921c77ac3df309467ce2db2ac4f852/url'
20:05:45.984 [Forwarding getCurrentUrl on session 5c921c77ac3df309467ce2db2ac4f852 to remote] DEBUG org.asynchttpclient.netty.request.NettyRequestSender - Using open Channel [id: 0x0d4a1cf0, L:/127.0.0.1:56217 - R:localhost/127.0.0.1:17183] for GET '/session/5c921c77ac3df309467ce2db2ac4f852/url'
20:05:45.989 [AsyncHttpClient-1-2] DEBUG org.asynchttpclient.netty.handler.HttpHandler - 

Request DefaultFullHttpRequest(decodeResult: success, version: HTTP/1.1, content: EmptyByteBufBE)
GET /session/5c921c77ac3df309467ce2db2ac4f852/url HTTP/1.1
User-Agent: selenium/4.8.1 (java mac)
Cache-Control: no-cache
Content-Type: application/json; charset=utf-8
host: localhost:17183
accept: */*

Response DefaultHttpResponse(decodeResult: success, version: HTTP/1.1)
HTTP/1.1 200 OK
Content-Length: 51
Content-Type: application/json; charset=utf-8
cache-control: no-cache

20:05:45.990 [AsyncHttpClient-1-2] DEBUG org.asynchttpclient.netty.channel.ChannelManager - Adding key: http://localhost:17183 for channel [id: 0x0d4a1cf0, L:/127.0.0.1:56217 - R:localhost/127.0.0.1:17183]
20:05:45.997 [Forwarding screenshot on session 5c921c77ac3df309467ce2db2ac4f852 to remote] DEBUG org.asynchttpclient.netty.request.NettyRequestSender - Using pooled Channel '[id: 0x0d4a1cf0, L:/127.0.0.1:56217 - R:localhost/127.0.0.1:17183]' for 'GET' to 'http://localhost:17183/session/5c921c77ac3df309467ce2db2ac4f852/screenshot'
20:05:45.998 [Forwarding screenshot on session 5c921c77ac3df309467ce2db2ac4f852 to remote] DEBUG org.asynchttpclient.netty.request.NettyRequestSender - Using open Channel [id: 0x0d4a1cf0, L:/127.0.0.1:56217 - R:localhost/127.0.0.1:17183] for GET '/session/5c921c77ac3df309467ce2db2ac4f852/screenshot'
20:05:46.194 [AsyncHttpClient-1-2] DEBUG org.asynchttpclient.netty.handler.HttpHandler - 

Request DefaultFullHttpRequest(decodeResult: success, version: HTTP/1.1, content: EmptyByteBufBE)
GET /session/5c921c77ac3df309467ce2db2ac4f852/screenshot HTTP/1.1
User-Agent: selenium/4.8.1 (java mac)
Cache-Control: no-cache
Content-Type: application/json; charset=utf-8
host: localhost:17183
accept: */*

Response DefaultHttpResponse(decodeResult: success, version: HTTP/1.1)
HTTP/1.1 200 OK
Content-Length: 61772
Content-Type: application/json; charset=utf-8
cache-control: no-cache

20:05:46.198 [AsyncHttpClient-1-2] DEBUG org.asynchttpclient.netty.channel.ChannelManager - Adding key: http://localhost:17183 for channel [id: 0x0d4a1cf0, L:/127.0.0.1:56217 - R:localhost/127.0.0.1:17183]
20:05:46.211 [main] DEBUG net.serenitybdd.core.photography.Darkroom - Send negative for processing for target/site/serenity/8e9cee939ce17a9fe29ea96908d1a8f3a55d0d59d1d36254b88f9fc15908342a.png
20:05:46.214 [main] DEBUG net.thucydides.core.steps.StepInterceptor - STEP DONE: validateOnTheLoginPage
  &amp#27;[32mGiven &amp#27;[0m&amp#27;[32mI am on the login page to view all products&amp#27;[0m    &amp#27;[90m# starter.stepdefinitions.viewAllProductsSteps.onTheLoginPage()&amp#27;[0m
20:05:46.239 [Forwarding getPageSource on session 5c921c77ac3df309467ce2db2ac4f852 to remote] DEBUG org.asynchttpclient.netty.request.NettyRequestSender - Using pooled Channel '[id: 0x0d4a1cf0, L:/127.0.0.1:56217 - R:localhost/127.0.0.1:17183]' for 'POST' to 'http://localhost:17183/session/5c921c77ac3df309467ce2db2ac4f852/execute/sync'
20:05:46.239 [Forwarding getPageSource on session 5c921c77ac3df309467ce2db2ac4f852 to remote] DEBUG org.asynchttpclient.netty.request.NettyRequestSender - Using open Channel [id: 0x0d4a1cf0, L:/127.0.0.1:56217 - R:localhost/127.0.0.1:17183] for POST '/session/5c921c77ac3df309467ce2db2ac4f852/execute/sync'
20:05:46.246 [AsyncHttpClient-1-2] DEBUG org.asynchttpclient.netty.handler.HttpHandler - 

Request DefaultHttpRequest(decodeResult: success, version: HTTP/1.1)
POST /session/5c921c77ac3df309467ce2db2ac4f852/execute/sync HTTP/1.1
User-Agent: selenium/4.8.1 (java mac)
Content-Length: 176
Content-Type: application/json; charset=utf-8
host: localhost:17183
accept: */*

Response DefaultHttpResponse(decodeResult: success, version: HTTP/1.1)
HTTP/1.1 200 OK
Content-Length: 21667
Content-Type: application/json; charset=utf-8
cache-control: no-cache

20:05:46.247 [AsyncHttpClient-1-2] DEBUG org.asynchttpclient.netty.channel.ChannelManager - Adding key: http://localhost:17183 for channel [id: 0x0d4a1cf0, L:/127.0.0.1:56217 - R:localhost/127.0.0.1:17183]
20:05:46.280 [Forwarding getCurrentUrl on session 5c921c77ac3df309467ce2db2ac4f852 to remote] DEBUG org.asynchttpclient.netty.request.NettyRequestSender - Using pooled Channel '[id: 0x0d4a1cf0, L:/127.0.0.1:56217 - R:localhost/127.0.0.1:17183]' for 'GET' to 'http://localhost:17183/session/5c921c77ac3df309467ce2db2ac4f852/url'
20:05:46.281 [Forwarding getCurrentUrl on session 5c921c77ac3df309467ce2db2ac4f852 to remote] DEBUG org.asynchttpclient.netty.request.NettyRequestSender - Using open Channel [id: 0x0d4a1cf0, L:/127.0.0.1:56217 - R:localhost/127.0.0.1:17183] for GET '/session/5c921c77ac3df309467ce2db2ac4f852/url'
20:05:46.288 [AsyncHttpClient-1-2] DEBUG org.asynchttpclient.netty.handler.HttpHandler - 

Request DefaultFullHttpRequest(decodeResult: success, version: HTTP/1.1, content: EmptyByteBufBE)
GET /session/5c921c77ac3df309467ce2db2ac4f852/url HTTP/1.1
User-Agent: selenium/4.8.1 (java mac)
Cache-Control: no-cache
Content-Type: application/json; charset=utf-8
host: localhost:17183
accept: */*

Response DefaultHttpResponse(decodeResult: success, version: HTTP/1.1)
HTTP/1.1 200 OK
Content-Length: 51
Content-Type: application/json; charset=utf-8
cache-control: no-cache

20:05:46.290 [AsyncHttpClient-1-2] DEBUG org.asynchttpclient.netty.channel.ChannelManager - Adding key: http://localhost:17183 for channel [id: 0x0d4a1cf0, L:/127.0.0.1:56217 - R:localhost/127.0.0.1:17183]
20:05:46.321 [Forwarding getAlertText on session 5c921c77ac3df309467ce2db2ac4f852 to remote] DEBUG org.asynchttpclient.netty.request.NettyRequestSender - Using pooled Channel '[id: 0x0d4a1cf0, L:/127.0.0.1:56217 - R:localhost/127.0.0.1:17183]' for 'GET' to 'http://localhost:17183/session/5c921c77ac3df309467ce2db2ac4f852/alert/text'
20:05:46.322 [Forwarding getAlertText on session 5c921c77ac3df309467ce2db2ac4f852 to remote] DEBUG org.asynchttpclient.netty.request.NettyRequestSender - Using open Channel [id: 0x0d4a1cf0, L:/127.0.0.1:56217 - R:localhost/127.0.0.1:17183] for GET '/session/5c921c77ac3df309467ce2db2ac4f852/alert/text'
20:05:46.326 [AsyncHttpClient-1-2] DEBUG org.asynchttpclient.netty.handler.HttpHandler - 

Request DefaultFullHttpRequest(decodeResult: success, version: HTTP/1.1, content: EmptyByteBufBE)
GET /session/5c921c77ac3df309467ce2db2ac4f852/alert/text HTTP/1.1
User-Agent: selenium/4.8.1 (java mac)
Cache-Control: no-cache
Content-Type: application/json; charset=utf-8
host: localhost:17183
accept: */*

Response DefaultHttpResponse(decodeResult: success, version: HTTP/1.1)
HTTP/1.1 404 Not Found
Content-Length: 1763
Content-Type: application/json; charset=utf-8
cache-control: no-cache

20:05:46.327 [AsyncHttpClient-1-2] DEBUG org.asynchttpclient.netty.channel.ChannelManager - Adding key: http://localhost:17183 for channel [id: 0x0d4a1cf0, L:/127.0.0.1:56217 - R:localhost/127.0.0.1:17183]
20:05:46.332 [Forwarding getCurrentUrl on session 5c921c77ac3df309467ce2db2ac4f852 to remote] DEBUG org.asynchttpclient.netty.request.NettyRequestSender - Using pooled Channel '[id: 0x0d4a1cf0, L:/127.0.0.1:56217 - R:localhost/127.0.0.1:17183]' for 'GET' to 'http://localhost:17183/session/5c921c77ac3df309467ce2db2ac4f852/url'
20:05:46.333 [Forwarding getCurrentUrl on session 5c921c77ac3df309467ce2db2ac4f852 to remote] DEBUG org.asynchttpclient.netty.request.NettyRequestSender - Using open Channel [id: 0x0d4a1cf0, L:/127.0.0.1:56217 - R:localhost/127.0.0.1:17183] for GET '/session/5c921c77ac3df309467ce2db2ac4f852/url'
20:05:46.337 [AsyncHttpClient-1-2] DEBUG org.asynchttpclient.netty.handler.HttpHandler - 

Request DefaultFullHttpRequest(decodeResult: success, version: HTTP/1.1, content: EmptyByteBufBE)
GET /session/5c921c77ac3df309467ce2db2ac4f852/url HTTP/1.1
User-Agent: selenium/4.8.1 (java mac)
Cache-Control: no-cache
Content-Type: application/json; charset=utf-8
host: localhost:17183
accept: */*

Response DefaultHttpResponse(decodeResult: success, version: HTTP/1.1)
HTTP/1.1 200 OK
Content-Length: 51
Content-Type: application/json; charset=utf-8
cache-control: no-cache

20:05:46.338 [AsyncHttpClient-1-2] DEBUG org.asynchttpclient.netty.channel.ChannelManager - Adding key: http://localhost:17183 for channel [id: 0x0d4a1cf0, L:/127.0.0.1:56217 - R:localhost/127.0.0.1:17183]
20:05:46.344 [Forwarding screenshot on session 5c921c77ac3df309467ce2db2ac4f852 to remote] DEBUG org.asynchttpclient.netty.request.NettyRequestSender - Using pooled Channel '[id: 0x0d4a1cf0, L:/127.0.0.1:56217 - R:localhost/127.0.0.1:17183]' for 'GET' to 'http://localhost:17183/session/5c921c77ac3df309467ce2db2ac4f852/screenshot'
20:05:46.344 [Forwarding screenshot on session 5c921c77ac3df309467ce2db2ac4f852 to remote] DEBUG org.asynchttpclient.netty.request.NettyRequestSender - Using open Channel [id: 0x0d4a1cf0, L:/127.0.0.1:56217 - R:localhost/127.0.0.1:17183] for GET '/session/5c921c77ac3df309467ce2db2ac4f852/screenshot'
20:05:46.507 [AsyncHttpClient-1-2] DEBUG org.asynchttpclient.netty.handler.HttpHandler - 

Request DefaultFullHttpRequest(decodeResult: success, version: HTTP/1.1, content: EmptyByteBufBE)
GET /session/5c921c77ac3df309467ce2db2ac4f852/screenshot HTTP/1.1
User-Agent: selenium/4.8.1 (java mac)
Cache-Control: no-cache
Content-Type: application/json; charset=utf-8
host: localhost:17183
accept: */*

Response DefaultHttpResponse(decodeResult: success, version: HTTP/1.1)
HTTP/1.1 200 OK
Content-Length: 61772
Content-Type: application/json; charset=utf-8
cache-control: no-cache

20:05:46.510 [AsyncHttpClient-1-2] DEBUG org.asynchttpclient.netty.channel.ChannelManager - Adding key: http://localhost:17183 for channel [id: 0x0d4a1cf0, L:/127.0.0.1:56217 - R:localhost/127.0.0.1:17183]
20:05:46.521 [main] DEBUG net.serenitybdd.core.photography.Darkroom - Send negative for processing for target/site/serenity/8e9cee939ce17a9fe29ea96908d1a8f3a55d0d59d1d36254b88f9fc15908342a.png
20:05:46.533 [Forwarding getPageSource on session 5c921c77ac3df309467ce2db2ac4f852 to remote] DEBUG org.asynchttpclient.netty.request.NettyRequestSender - Using pooled Channel '[id: 0x0d4a1cf0, L:/127.0.0.1:56217 - R:localhost/127.0.0.1:17183]' for 'POST' to 'http://localhost:17183/session/5c921c77ac3df309467ce2db2ac4f852/execute/sync'
20:05:46.533 [Forwarding getPageSource on session 5c921c77ac3df309467ce2db2ac4f852 to remote] DEBUG org.asynchttpclient.netty.request.NettyRequestSender - Using open Channel [id: 0x0d4a1cf0, L:/127.0.0.1:56217 - R:localhost/127.0.0.1:17183] for POST '/session/5c921c77ac3df309467ce2db2ac4f852/execute/sync'
20:05:46.540 [AsyncHttpClient-1-2] DEBUG org.asynchttpclient.netty.handler.HttpHandler - 

Request DefaultHttpRequest(decodeResult: success, version: HTTP/1.1)
POST /session/5c921c77ac3df309467ce2db2ac4f852/execute/sync HTTP/1.1
User-Agent: selenium/4.8.1 (java mac)
Content-Length: 176
Content-Type: application/json; charset=utf-8
host: localhost:17183
accept: */*

Response DefaultHttpResponse(decodeResult: success, version: HTTP/1.1)
HTTP/1.1 200 OK
Content-Length: 21667
Content-Type: application/json; charset=utf-8
cache-control: no-cache

20:05:46.541 [AsyncHttpClient-1-2] DEBUG org.asynchttpclient.netty.channel.ChannelManager - Adding key: http://localhost:17183 for channel [id: 0x0d4a1cf0, L:/127.0.0.1:56217 - R:localhost/127.0.0.1:17183]
20:05:46.559 [Forwarding getCurrentUrl on session 5c921c77ac3df309467ce2db2ac4f852 to remote] DEBUG org.asynchttpclient.netty.request.NettyRequestSender - Using pooled Channel '[id: 0x0d4a1cf0, L:/127.0.0.1:56217 - R:localhost/127.0.0.1:17183]' for 'GET' to 'http://localhost:17183/session/5c921c77ac3df309467ce2db2ac4f852/url'
20:05:46.559 [Forwarding getCurrentUrl on session 5c921c77ac3df309467ce2db2ac4f852 to remote] DEBUG org.asynchttpclient.netty.request.NettyRequestSender - Using open Channel [id: 0x0d4a1cf0, L:/127.0.0.1:56217 - R:localhost/127.0.0.1:17183] for GET '/session/5c921c77ac3df309467ce2db2ac4f852/url'
20:05:46.563 [AsyncHttpClient-1-2] DEBUG org.asynchttpclient.netty.handler.HttpHandler - 

Request DefaultFullHttpRequest(decodeResult: success, version: HTTP/1.1, content: EmptyByteBufBE)
GET /session/5c921c77ac3df309467ce2db2ac4f852/url HTTP/1.1
User-Agent: selenium/4.8.1 (java mac)
Cache-Control: no-cache
Content-Type: application/json; charset=utf-8
host: localhost:17183
accept: */*

Response DefaultHttpResponse(decodeResult: success, version: HTTP/1.1)
HTTP/1.1 200 OK
Content-Length: 51
Content-Type: application/json; charset=utf-8
cache-control: no-cache

20:05:46.563 [AsyncHttpClient-1-2] DEBUG org.asynchttpclient.netty.channel.ChannelManager - Adding key: http://localhost:17183 for channel [id: 0x0d4a1cf0, L:/127.0.0.1:56217 - R:localhost/127.0.0.1:17183]
20:05:46.569 [main] DEBUG net.thucydides.core.steps.StepInterceptor - STARTING STEP: viewAllProductsSteps.doEnterValidUsername - inputEmail
20:05:46.584 [Forwarding findElement on session 5c921c77ac3df309467ce2db2ac4f852 to remote] DEBUG org.asynchttpclient.netty.request.NettyRequestSender - Using pooled Channel '[id: 0x0d4a1cf0, L:/127.0.0.1:56217 - R:localhost/127.0.0.1:17183]' for 'POST' to 'http://localhost:17183/session/5c921c77ac3df309467ce2db2ac4f852/element'
20:05:46.584 [Forwarding findElement on session 5c921c77ac3df309467ce2db2ac4f852 to remote] DEBUG org.asynchttpclient.netty.request.NettyRequestSender - Using open Channel [id: 0x0d4a1cf0, L:/127.0.0.1:56217 - R:localhost/127.0.0.1:17183] for POST '/session/5c921c77ac3df309467ce2db2ac4f852/element'
20:05:46.612 [AsyncHttpClient-1-2] DEBUG org.asynchttpclient.netty.handler.HttpHandler - 

Request DefaultHttpRequest(decodeResult: success, version: HTTP/1.1)
POST /session/5c921c77ac3df309467ce2db2ac4f852/element HTTP/1.1
User-Agent: selenium/4.8.1 (java mac)
Content-Length: 100
Content-Type: application/json; charset=utf-8
host: localhost:17183
accept: */*

Response DefaultHttpResponse(decodeResult: success, version: HTTP/1.1)
HTTP/1.1 200 OK
Content-Length: 88
Content-Type: application/json; charset=utf-8
cache-control: no-cache

20:05:46.612 [AsyncHttpClient-1-2] DEBUG org.asynchttpclient.netty.channel.ChannelManager - Adding key: http://localhost:17183 for channel [id: 0x0d4a1cf0, L:/127.0.0.1:56217 - R:localhost/127.0.0.1:17183]
20:05:46.614 [Forwarding clearElement on session 5c921c77ac3df309467ce2db2ac4f852 to remote] DEBUG org.asynchttpclient.netty.request.NettyRequestSender - Using pooled Channel '[id: 0x0d4a1cf0, L:/127.0.0.1:56217 - R:localhost/127.0.0.1:17183]' for 'POST' to 'http://localhost:17183/session/5c921c77ac3df309467ce2db2ac4f852/element/b26b03a0-404c-4012-9641-abafa0e50572/clear'
20:05:46.615 [Forwarding clearElement on session 5c921c77ac3df309467ce2db2ac4f852 to remote] DEBUG org.asynchttpclient.netty.request.NettyRequestSender - Using open Channel [id: 0x0d4a1cf0, L:/127.0.0.1:56217 - R:localhost/127.0.0.1:17183] for POST '/session/5c921c77ac3df309467ce2db2ac4f852/element/b26b03a0-404c-4012-9641-abafa0e50572/clear'
20:05:46.664 [AsyncHttpClient-1-2] DEBUG org.asynchttpclient.netty.handler.HttpHandler - 

Request DefaultHttpRequest(decodeResult: success, version: HTTP/1.1)
POST /session/5c921c77ac3df309467ce2db2ac4f852/element/b26b03a0-404c-4012-9641-abafa0e50572/clear HTTP/1.1
User-Agent: selenium/4.8.1 (java mac)
Content-Length: 50
Content-Type: application/json; charset=utf-8
host: localhost:17183
accept: */*

Response DefaultHttpResponse(decodeResult: success, version: HTTP/1.1)
HTTP/1.1 200 OK
Content-Length: 14
Content-Type: application/json; charset=utf-8
cache-control: no-cache

20:05:46.665 [AsyncHttpClient-1-2] DEBUG org.asynchttpclient.netty.channel.ChannelManager - Adding key: http://localhost:17183 for channel [id: 0x0d4a1cf0, L:/127.0.0.1:56217 - R:localhost/127.0.0.1:17183]
20:05:46.673 [Forwarding sendKeysToElement on session 5c921c77ac3df309467ce2db2ac4f852 to remote] DEBUG org.asynchttpclient.netty.request.NettyRequestSender - Using pooled Channel '[id: 0x0d4a1cf0, L:/127.0.0.1:56217 - R:localhost/127.0.0.1:17183]' for 'POST' to 'http://localhost:17183/session/5c921c77ac3df309467ce2db2ac4f852/element/b26b03a0-404c-4012-9641-abafa0e50572/value'
20:05:46.673 [Forwarding sendKeysToElement on session 5c921c77ac3df309467ce2db2ac4f852 to remote] DEBUG org.asynchttpclient.netty.request.NettyRequestSender - Using open Channel [id: 0x0d4a1cf0, L:/127.0.0.1:56217 - R:localhost/127.0.0.1:17183] for POST '/session/5c921c77ac3df309467ce2db2ac4f852/element/b26b03a0-404c-4012-9641-abafa0e50572/value'
20:05:46.946 [AsyncHttpClient-1-1] DEBUG org.asynchttpclient.netty.channel.DefaultChannelPool - Entry count for : http://localhost:56218 : 1
20:05:47.411 [AsyncHttpClient-1-2] DEBUG org.asynchttpclient.netty.handler.HttpHandler - 

Request DefaultHttpRequest(decodeResult: success, version: HTTP/1.1)
POST /session/5c921c77ac3df309467ce2db2ac4f852/element/b26b03a0-404c-4012-9641-abafa0e50572/value HTTP/1.1
User-Agent: selenium/4.8.1 (java mac)
Content-Length: 241
Content-Type: application/json; charset=utf-8
host: localhost:17183
accept: */*

Response DefaultHttpResponse(decodeResult: success, version: HTTP/1.1)
HTTP/1.1 200 OK
Content-Length: 14
Content-Type: application/json; charset=utf-8
cache-control: no-cache

20:05:47.412 [AsyncHttpClient-1-2] DEBUG org.asynchttpclient.netty.channel.ChannelManager - Adding key: http://localhost:17183 for channel [id: 0x0d4a1cf0, L:/127.0.0.1:56217 - R:localhost/127.0.0.1:17183]
20:05:47.419 [Forwarding getAlertText on session 5c921c77ac3df309467ce2db2ac4f852 to remote] DEBUG org.asynchttpclient.netty.request.NettyRequestSender - Using pooled Channel '[id: 0x0d4a1cf0, L:/127.0.0.1:56217 - R:localhost/127.0.0.1:17183]' for 'GET' to 'http://localhost:17183/session/5c921c77ac3df309467ce2db2ac4f852/alert/text'
20:05:47.419 [Forwarding getAlertText on session 5c921c77ac3df309467ce2db2ac4f852 to remote] DEBUG org.asynchttpclient.netty.request.NettyRequestSender - Using open Channel [id: 0x0d4a1cf0, L:/127.0.0.1:56217 - R:localhost/127.0.0.1:17183] for GET '/session/5c921c77ac3df309467ce2db2ac4f852/alert/text'
20:05:47.421 [AsyncHttpClient-1-2] DEBUG org.asynchttpclient.netty.handler.HttpHandler - 

Request DefaultFullHttpRequest(decodeResult: success, version: HTTP/1.1, content: EmptyByteBufBE)
GET /session/5c921c77ac3df309467ce2db2ac4f852/alert/text HTTP/1.1
User-Agent: selenium/4.8.1 (java mac)
Cache-Control: no-cache
Content-Type: application/json; charset=utf-8
host: localhost:17183
accept: */*

Response DefaultHttpResponse(decodeResult: success, version: HTTP/1.1)
HTTP/1.1 404 Not Found
Content-Length: 1763
Content-Type: application/json; charset=utf-8
cache-control: no-cache

20:05:47.421 [AsyncHttpClient-1-2] DEBUG org.asynchttpclient.netty.channel.ChannelManager - Adding key: http://localhost:17183 for channel [id: 0x0d4a1cf0, L:/127.0.0.1:56217 - R:localhost/127.0.0.1:17183]
20:05:47.424 [Forwarding getCurrentUrl on session 5c921c77ac3df309467ce2db2ac4f852 to remote] DEBUG org.asynchttpclient.netty.request.NettyRequestSender - Using pooled Channel '[id: 0x0d4a1cf0, L:/127.0.0.1:56217 - R:localhost/127.0.0.1:17183]' for 'GET' to 'http://localhost:17183/session/5c921c77ac3df309467ce2db2ac4f852/url'
20:05:47.424 [Forwarding getCurrentUrl on session 5c921c77ac3df309467ce2db2ac4f852 to remote] DEBUG org.asynchttpclient.netty.request.NettyRequestSender - Using open Channel [id: 0x0d4a1cf0, L:/127.0.0.1:56217 - R:localhost/127.0.0.1:17183] for GET '/session/5c921c77ac3df309467ce2db2ac4f852/url'
20:05:47.428 [AsyncHttpClient-1-2] DEBUG org.asynchttpclient.netty.handler.HttpHandler - 

Request DefaultFullHttpRequest(decodeResult: success, version: HTTP/1.1, content: EmptyByteBufBE)
GET /session/5c921c77ac3df309467ce2db2ac4f852/url HTTP/1.1
User-Agent: selenium/4.8.1 (java mac)
Cache-Control: no-cache
Content-Type: application/json; charset=utf-8
host: localhost:17183
accept: */*

Response DefaultHttpResponse(decodeResult: success, version: HTTP/1.1)
HTTP/1.1 200 OK
Content-Length: 51
Content-Type: application/json; charset=utf-8
cache-control: no-cache

20:05:47.428 [AsyncHttpClient-1-2] DEBUG org.asynchttpclient.netty.channel.ChannelManager - Adding key: http://localhost:17183 for channel [id: 0x0d4a1cf0, L:/127.0.0.1:56217 - R:localhost/127.0.0.1:17183]
20:05:47.431 [Forwarding screenshot on session 5c921c77ac3df309467ce2db2ac4f852 to remote] DEBUG org.asynchttpclient.netty.request.NettyRequestSender - Using pooled Channel '[id: 0x0d4a1cf0, L:/127.0.0.1:56217 - R:localhost/127.0.0.1:17183]' for 'GET' to 'http://localhost:17183/session/5c921c77ac3df309467ce2db2ac4f852/screenshot'
20:05:47.431 [Forwarding screenshot on session 5c921c77ac3df309467ce2db2ac4f852 to remote] DEBUG org.asynchttpclient.netty.request.NettyRequestSender - Using open Channel [id: 0x0d4a1cf0, L:/127.0.0.1:56217 - R:localhost/127.0.0.1:17183] for GET '/session/5c921c77ac3df309467ce2db2ac4f852/screenshot'
20:05:47.614 [AsyncHttpClient-1-2] DEBUG org.asynchttpclient.netty.handler.HttpHandler - 

Request DefaultFullHttpRequest(decodeResult: success, version: HTTP/1.1, content: EmptyByteBufBE)
GET /session/5c921c77ac3df309467ce2db2ac4f852/screenshot HTTP/1.1
User-Agent: selenium/4.8.1 (java mac)
Cache-Control: no-cache
Content-Type: application/json; charset=utf-8
host: localhost:17183
accept: */*

Response DefaultHttpResponse(decodeResult: success, version: HTTP/1.1)
HTTP/1.1 200 OK
Content-Length: 70656
Content-Type: application/json; charset=utf-8
cache-control: no-cache

20:05:47.615 [AsyncHttpClient-1-2] DEBUG org.asynchttpclient.netty.channel.ChannelManager - Adding key: http://localhost:17183 for channel [id: 0x0d4a1cf0, L:/127.0.0.1:56217 - R:localhost/127.0.0.1:17183]
20:05:47.623 [main] DEBUG net.serenitybdd.core.photography.Darkroom - Send negative for processing for target/site/serenity/449ab01bfa9c8cbe6537b7e92b9016adbd47b3050ee01b1ecaa7b1bdb4680d88.png
20:05:47.624 [Darkroom Processing Line] DEBUG net.serenitybdd.core.photography.DarkroomProcessingLine - Processing screenshot image in /var/screenshots/screenshot-7473335088069942529
20:05:47.624 [Darkroom Processing Line] DEBUG net.serenitybdd.core.photography.DarkroomProcessingLine - Saving screenshot to target/site/serenity/449ab01bfa9c8cbe6537b7e92b9016adbd47b3050ee01b1ecaa7b1bdb4680d88.png
20:05:47.625 [main] DEBUG net.thucydides.core.steps.StepInterceptor - STEP DONE: inputEmail
  &amp#27;[32mWhen &amp#27;[0m&amp#27;[32mI enter valid username to view all products&amp#27;[0m     &amp#27;[90m# starter.stepdefinitions.viewAllProductsSteps.doEnterValidUsername()&amp#27;[0m
20:05:47.643 [Forwarding getPageSource on session 5c921c77ac3df309467ce2db2ac4f852 to remote] DEBUG org.asynchttpclient.netty.request.NettyRequestSender - Using pooled Channel '[id: 0x0d4a1cf0, L:/127.0.0.1:56217 - R:localhost/127.0.0.1:17183]' for 'POST' to 'http://localhost:17183/session/5c921c77ac3df309467ce2db2ac4f852/execute/sync'
20:05:47.643 [Forwarding getPageSource on session 5c921c77ac3df309467ce2db2ac4f852 to remote] DEBUG org.asynchttpclient.netty.request.NettyRequestSender - Using open Channel [id: 0x0d4a1cf0, L:/127.0.0.1:56217 - R:localhost/127.0.0.1:17183] for POST '/session/5c921c77ac3df309467ce2db2ac4f852/execute/sync'
20:05:47.648 [AsyncHttpClient-1-2] DEBUG org.asynchttpclient.netty.handler.HttpHandler - 

Request DefaultHttpRequest(decodeResult: success, version: HTTP/1.1)
POST /session/5c921c77ac3df309467ce2db2ac4f852/execute/sync HTTP/1.1
User-Agent: selenium/4.8.1 (java mac)
Content-Length: 176
Content-Type: application/json; charset=utf-8
host: localhost:17183
accept: */*

Response DefaultHttpResponse(decodeResult: success, version: HTTP/1.1)
HTTP/1.1 200 OK
Content-Length: 21788
Content-Type: application/json; charset=utf-8
cache-control: no-cache

20:05:47.648 [AsyncHttpClient-1-2] DEBUG org.asynchttpclient.netty.channel.ChannelManager - Adding key: http://localhost:17183 for channel [id: 0x0d4a1cf0, L:/127.0.0.1:56217 - R:localhost/127.0.0.1:17183]
20:05:47.656 [Forwarding getCurrentUrl on session 5c921c77ac3df309467ce2db2ac4f852 to remote] DEBUG org.asynchttpclient.netty.request.NettyRequestSender - Using pooled Channel '[id: 0x0d4a1cf0, L:/127.0.0.1:56217 - R:localhost/127.0.0.1:17183]' for 'GET' to 'http://localhost:17183/session/5c921c77ac3df309467ce2db2ac4f852/url'
20:05:47.656 [Forwarding getCurrentUrl on session 5c921c77ac3df309467ce2db2ac4f852 to remote] DEBUG org.asynchttpclient.netty.request.NettyRequestSender - Using open Channel [id: 0x0d4a1cf0, L:/127.0.0.1:56217 - R:localhost/127.0.0.1:17183] for GET '/session/5c921c77ac3df309467ce2db2ac4f852/url'
20:05:47.659 [AsyncHttpClient-1-2] DEBUG org.asynchttpclient.netty.handler.HttpHandler - 

Request DefaultFullHttpRequest(decodeResult: success, version: HTTP/1.1, content: EmptyByteBufBE)
GET /session/5c921c77ac3df309467ce2db2ac4f852/url HTTP/1.1
User-Agent: selenium/4.8.1 (java mac)
Cache-Control: no-cache
Content-Type: application/json; charset=utf-8
host: localhost:17183
accept: */*

Response DefaultHttpResponse(decodeResult: success, version: HTTP/1.1)
HTTP/1.1 200 OK
Content-Length: 51
Content-Type: application/json; charset=utf-8
cache-control: no-cache

20:05:47.659 [AsyncHttpClient-1-2] DEBUG org.asynchttpclient.netty.channel.ChannelManager - Adding key: http://localhost:17183 for channel [id: 0x0d4a1cf0, L:/127.0.0.1:56217 - R:localhost/127.0.0.1:17183]
20:05:47.679 [Forwarding getAlertText on session 5c921c77ac3df309467ce2db2ac4f852 to remote] DEBUG org.asynchttpclient.netty.request.NettyRequestSender - Using pooled Channel '[id: 0x0d4a1cf0, L:/127.0.0.1:56217 - R:localhost/127.0.0.1:17183]' for 'GET' to 'http://localhost:17183/session/5c921c77ac3df309467ce2db2ac4f852/alert/text'
20:05:47.681 [Forwarding getAlertText on session 5c921c77ac3df309467ce2db2ac4f852 to remote] DEBUG org.asynchttpclient.netty.request.NettyRequestSender - Using open Channel [id: 0x0d4a1cf0, L:/127.0.0.1:56217 - R:localhost/127.0.0.1:17183] for GET '/session/5c921c77ac3df309467ce2db2ac4f852/alert/text'
20:05:47.683 [AsyncHttpClient-1-2] DEBUG org.asynchttpclient.netty.handler.HttpHandler - 

Request DefaultFullHttpRequest(decodeResult: success, version: HTTP/1.1, content: EmptyByteBufBE)
GET /session/5c921c77ac3df309467ce2db2ac4f852/alert/text HTTP/1.1
User-Agent: selenium/4.8.1 (java mac)
Cache-Control: no-cache
Content-Type: application/json; charset=utf-8
host: localhost:17183
accept: */*

Response DefaultHttpResponse(decodeResult: success, version: HTTP/1.1)
HTTP/1.1 404 Not Found
Content-Length: 1763
Content-Type: application/json; charset=utf-8
cache-control: no-cache

20:05:47.684 [AsyncHttpClient-1-2] DEBUG org.asynchttpclient.netty.channel.ChannelManager - Adding key: http://localhost:17183 for channel [id: 0x0d4a1cf0, L:/127.0.0.1:56217 - R:localhost/127.0.0.1:17183]
20:05:47.689 [Forwarding getCurrentUrl on session 5c921c77ac3df309467ce2db2ac4f852 to remote] DEBUG org.asynchttpclient.netty.request.NettyRequestSender - Using pooled Channel '[id: 0x0d4a1cf0, L:/127.0.0.1:56217 - R:localhost/127.0.0.1:17183]' for 'GET' to 'http://localhost:17183/session/5c921c77ac3df309467ce2db2ac4f852/url'
20:05:47.689 [Forwarding getCurrentUrl on session 5c921c77ac3df309467ce2db2ac4f852 to remote] DEBUG org.asynchttpclient.netty.request.NettyRequestSender - Using open Channel [id: 0x0d4a1cf0, L:/127.0.0.1:56217 - R:localhost/127.0.0.1:17183] for GET '/session/5c921c77ac3df309467ce2db2ac4f852/url'
20:05:47.692 [AsyncHttpClient-1-2] DEBUG org.asynchttpclient.netty.handler.HttpHandler - 

Request DefaultFullHttpRequest(decodeResult: success, version: HTTP/1.1, content: EmptyByteBufBE)
GET /session/5c921c77ac3df309467ce2db2ac4f852/url HTTP/1.1
User-Agent: selenium/4.8.1 (java mac)
Cache-Control: no-cache
Content-Type: application/json; charset=utf-8
host: localhost:17183
accept: */*

Response DefaultHttpResponse(decodeResult: success, version: HTTP/1.1)
HTTP/1.1 200 OK
Content-Length: 51
Content-Type: application/json; charset=utf-8
cache-control: no-cache

20:05:47.693 [AsyncHttpClient-1-2] DEBUG org.asynchttpclient.netty.channel.ChannelManager - Adding key: http://localhost:17183 for channel [id: 0x0d4a1cf0, L:/127.0.0.1:56217 - R:localhost/127.0.0.1:17183]
20:05:47.696 [Forwarding screenshot on session 5c921c77ac3df309467ce2db2ac4f852 to remote] DEBUG org.asynchttpclient.netty.request.NettyRequestSender - Using pooled Channel '[id: 0x0d4a1cf0, L:/127.0.0.1:56217 - R:localhost/127.0.0.1:17183]' for 'GET' to 'http://localhost:17183/session/5c921c77ac3df309467ce2db2ac4f852/screenshot'
20:05:47.696 [Forwarding screenshot on session 5c921c77ac3df309467ce2db2ac4f852 to remote] DEBUG org.asynchttpclient.netty.request.NettyRequestSender - Using open Channel [id: 0x0d4a1cf0, L:/127.0.0.1:56217 - R:localhost/127.0.0.1:17183] for GET '/session/5c921c77ac3df309467ce2db2ac4f852/screenshot'
20:05:47.865 [AsyncHttpClient-1-2] DEBUG org.asynchttpclient.netty.handler.HttpHandler - 

Request DefaultFullHttpRequest(decodeResult: success, version: HTTP/1.1, content: EmptyByteBufBE)
GET /session/5c921c77ac3df309467ce2db2ac4f852/screenshot HTTP/1.1
User-Agent: selenium/4.8.1 (java mac)
Cache-Control: no-cache
Content-Type: application/json; charset=utf-8
host: localhost:17183
accept: */*

Response DefaultHttpResponse(decodeResult: success, version: HTTP/1.1)
HTTP/1.1 200 OK
Content-Length: 70656
Content-Type: application/json; charset=utf-8
cache-control: no-cache

20:05:47.867 [AsyncHttpClient-1-2] DEBUG org.asynchttpclient.netty.channel.ChannelManager - Adding key: http://localhost:17183 for channel [id: 0x0d4a1cf0, L:/127.0.0.1:56217 - R:localhost/127.0.0.1:17183]
20:05:47.881 [main] DEBUG net.serenitybdd.core.photography.Darkroom - Send negative for processing for target/site/serenity/9486d2a7fb3a21148e80e3b5ed7f9d095b8ad6a247bcddf3c9fa1ef64f86c559.png
20:05:47.883 [Darkroom Processing Line] DEBUG net.serenitybdd.core.photography.DarkroomProcessingLine - Processing screenshot image in /var/screenshots/screenshot-8942493797762365917
20:05:47.884 [Darkroom Processing Line] DEBUG net.serenitybdd.core.photography.DarkroomProcessingLine - Saving screenshot to target/site/serenity/9486d2a7fb3a21148e80e3b5ed7f9d095b8ad6a247bcddf3c9fa1ef64f86c559.png
20:05:47.890 [Forwarding getPageSource on session 5c921c77ac3df309467ce2db2ac4f852 to remote] DEBUG org.asynchttpclient.netty.request.NettyRequestSender - Using pooled Channel '[id: 0x0d4a1cf0, L:/127.0.0.1:56217 - R:localhost/127.0.0.1:17183]' for 'POST' to 'http://localhost:17183/session/5c921c77ac3df309467ce2db2ac4f852/execute/sync'
20:05:47.890 [Forwarding getPageSource on session 5c921c77ac3df309467ce2db2ac4f852 to remote] DEBUG org.asynchttpclient.netty.request.NettyRequestSender - Using open Channel [id: 0x0d4a1cf0, L:/127.0.0.1:56217 - R:localhost/127.0.0.1:17183] for POST '/session/5c921c77ac3df309467ce2db2ac4f852/execute/sync'
20:05:47.896 [AsyncHttpClient-1-2] DEBUG org.asynchttpclient.netty.handler.HttpHandler - 

Request DefaultHttpRequest(decodeResult: success, version: HTTP/1.1)
POST /session/5c921c77ac3df309467ce2db2ac4f852/execute/sync HTTP/1.1
User-Agent: selenium/4.8.1 (java mac)
Content-Length: 176
Content-Type: application/json; charset=utf-8
host: localhost:17183
accept: */*

Response DefaultHttpResponse(decodeResult: success, version: HTTP/1.1)
HTTP/1.1 200 OK
Content-Length: 21788
Content-Type: application/json; charset=utf-8
cache-control: no-cache

20:05:47.898 [AsyncHttpClient-1-2] DEBUG org.asynchttpclient.netty.channel.ChannelManager - Adding key: http://localhost:17183 for channel [id: 0x0d4a1cf0, L:/127.0.0.1:56217 - R:localhost/127.0.0.1:17183]
20:05:47.911 [Forwarding getCurrentUrl on session 5c921c77ac3df309467ce2db2ac4f852 to remote] DEBUG org.asynchttpclient.netty.request.NettyRequestSender - Using pooled Channel '[id: 0x0d4a1cf0, L:/127.0.0.1:56217 - R:localhost/127.0.0.1:17183]' for 'GET' to 'http://localhost:17183/session/5c921c77ac3df309467ce2db2ac4f852/url'
20:05:47.911 [Forwarding getCurrentUrl on session 5c921c77ac3df309467ce2db2ac4f852 to remote] DEBUG org.asynchttpclient.netty.request.NettyRequestSender - Using open Channel [id: 0x0d4a1cf0, L:/127.0.0.1:56217 - R:localhost/127.0.0.1:17183] for GET '/session/5c921c77ac3df309467ce2db2ac4f852/url'
20:05:47.917 [AsyncHttpClient-1-2] DEBUG org.asynchttpclient.netty.handler.HttpHandler - 

Request DefaultFullHttpRequest(decodeResult: success, version: HTTP/1.1, content: EmptyByteBufBE)
GET /session/5c921c77ac3df309467ce2db2ac4f852/url HTTP/1.1
User-Agent: selenium/4.8.1 (java mac)
Cache-Control: no-cache
Content-Type: application/json; charset=utf-8
host: localhost:17183
accept: */*

Response DefaultHttpResponse(decodeResult: success, version: HTTP/1.1)
HTTP/1.1 200 OK
Content-Length: 51
Content-Type: application/json; charset=utf-8
cache-control: no-cache

20:05:47.918 [AsyncHttpClient-1-2] DEBUG org.asynchttpclient.netty.channel.ChannelManager - Adding key: http://localhost:17183 for channel [id: 0x0d4a1cf0, L:/127.0.0.1:56217 - R:localhost/127.0.0.1:17183]
20:05:47.925 [main] DEBUG net.thucydides.core.steps.StepInterceptor - STARTING STEP: viewAllProductsSteps.doEnterValidPassword - inputPassword
20:05:47.931 [Forwarding findElement on session 5c921c77ac3df309467ce2db2ac4f852 to remote] DEBUG org.asynchttpclient.netty.request.NettyRequestSender - Using pooled Channel '[id: 0x0d4a1cf0, L:/127.0.0.1:56217 - R:localhost/127.0.0.1:17183]' for 'POST' to 'http://localhost:17183/session/5c921c77ac3df309467ce2db2ac4f852/element'
20:05:47.931 [Forwarding findElement on session 5c921c77ac3df309467ce2db2ac4f852 to remote] DEBUG org.asynchttpclient.netty.request.NettyRequestSender - Using open Channel [id: 0x0d4a1cf0, L:/127.0.0.1:56217 - R:localhost/127.0.0.1:17183] for POST '/session/5c921c77ac3df309467ce2db2ac4f852/element'
20:05:47.940 [AsyncHttpClient-1-2] DEBUG org.asynchttpclient.netty.handler.HttpHandler - 

Request DefaultHttpRequest(decodeResult: success, version: HTTP/1.1)
POST /session/5c921c77ac3df309467ce2db2ac4f852/element HTTP/1.1
User-Agent: selenium/4.8.1 (java mac)
Content-Length: 103
Content-Type: application/json; charset=utf-8
host: localhost:17183
accept: */*

Response DefaultHttpResponse(decodeResult: success, version: HTTP/1.1)
HTTP/1.1 200 OK
Content-Length: 88
Content-Type: application/json; charset=utf-8
cache-control: no-cache

20:05:47.941 [AsyncHttpClient-1-2] DEBUG org.asynchttpclient.netty.channel.ChannelManager - Adding key: http://localhost:17183 for channel [id: 0x0d4a1cf0, L:/127.0.0.1:56217 - R:localhost/127.0.0.1:17183]
20:05:47.944 [Forwarding clearElement on session 5c921c77ac3df309467ce2db2ac4f852 to remote] DEBUG org.asynchttpclient.netty.request.NettyRequestSender - Using pooled Channel '[id: 0x0d4a1cf0, L:/127.0.0.1:56217 - R:localhost/127.0.0.1:17183]' for 'POST' to 'http://localhost:17183/session/5c921c77ac3df309467ce2db2ac4f852/element/91377ac4-c1de-429c-b3c7-36cd73a321a6/clear'
20:05:47.944 [Forwarding clearElement on session 5c921c77ac3df309467ce2db2ac4f852 to remote] DEBUG org.asynchttpclient.netty.request.NettyRequestSender - Using open Channel [id: 0x0d4a1cf0, L:/127.0.0.1:56217 - R:localhost/127.0.0.1:17183] for POST '/session/5c921c77ac3df309467ce2db2ac4f852/element/91377ac4-c1de-429c-b3c7-36cd73a321a6/clear'
20:05:47.966 [AsyncHttpClient-1-2] DEBUG org.asynchttpclient.netty.handler.HttpHandler - 

Request DefaultHttpRequest(decodeResult: success, version: HTTP/1.1)
POST /session/5c921c77ac3df309467ce2db2ac4f852/element/91377ac4-c1de-429c-b3c7-36cd73a321a6/clear HTTP/1.1
User-Agent: selenium/4.8.1 (java mac)
Content-Length: 50
Content-Type: application/json; charset=utf-8
host: localhost:17183
accept: */*

Response DefaultHttpResponse(decodeResult: success, version: HTTP/1.1)
HTTP/1.1 200 OK
Content-Length: 14
Content-Type: application/json; charset=utf-8
cache-control: no-cache

20:05:47.968 [AsyncHttpClient-1-2] DEBUG org.asynchttpclient.netty.channel.ChannelManager - Adding key: http://localhost:17183 for channel [id: 0x0d4a1cf0, L:/127.0.0.1:56217 - R:localhost/127.0.0.1:17183]
20:05:47.971 [Forwarding sendKeysToElement on session 5c921c77ac3df309467ce2db2ac4f852 to remote] DEBUG org.asynchttpclient.netty.request.NettyRequestSender - Using pooled Channel '[id: 0x0d4a1cf0, L:/127.0.0.1:56217 - R:localhost/127.0.0.1:17183]' for 'POST' to 'http://localhost:17183/session/5c921c77ac3df309467ce2db2ac4f852/element/91377ac4-c1de-429c-b3c7-36cd73a321a6/value'
20:05:47.971 [Forwarding sendKeysToElement on session 5c921c77ac3df309467ce2db2ac4f852 to remote] DEBUG org.asynchttpclient.netty.request.NettyRequestSender - Using open Channel [id: 0x0d4a1cf0, L:/127.0.0.1:56217 - R:localhost/127.0.0.1:17183] for POST '/session/5c921c77ac3df309467ce2db2ac4f852/element/91377ac4-c1de-429c-b3c7-36cd73a321a6/value'
20:05:48.050 [AsyncHttpClient-1-1] DEBUG org.asynchttpclient.netty.channel.DefaultChannelPool - Entry count for : http://localhost:56218 : 1
20:05:48.165 [AsyncHttpClient-1-2] DEBUG org.asynchttpclient.netty.handler.HttpHandler - 

Request DefaultHttpRequest(decodeResult: success, version: HTTP/1.1)
POST /session/5c921c77ac3df309467ce2db2ac4f852/element/91377ac4-c1de-429c-b3c7-36cd73a321a6/value HTTP/1.1
User-Agent: selenium/4.8.1 (java mac)
Content-Length: 141
Content-Type: application/json; charset=utf-8
host: localhost:17183
accept: */*

Response DefaultHttpResponse(decodeResult: success, version: HTTP/1.1)
HTTP/1.1 200 OK
Content-Length: 14
Content-Type: application/json; charset=utf-8
cache-control: no-cache

20:05:48.166 [AsyncHttpClient-1-2] DEBUG org.asynchttpclient.netty.channel.ChannelManager - Adding key: http://localhost:17183 for channel [id: 0x0d4a1cf0, L:/127.0.0.1:56217 - R:localhost/127.0.0.1:17183]
20:05:48.180 [Forwarding getAlertText on session 5c921c77ac3df309467ce2db2ac4f852 to remote] DEBUG org.asynchttpclient.netty.request.NettyRequestSender - Using pooled Channel '[id: 0x0d4a1cf0, L:/127.0.0.1:56217 - R:localhost/127.0.0.1:17183]' for 'GET' to 'http://localhost:17183/session/5c921c77ac3df309467ce2db2ac4f852/alert/text'
20:05:48.180 [Forwarding getAlertText on session 5c921c77ac3df309467ce2db2ac4f852 to remote] DEBUG org.asynchttpclient.netty.request.NettyRequestSender - Using open Channel [id: 0x0d4a1cf0, L:/127.0.0.1:56217 - R:localhost/127.0.0.1:17183] for GET '/session/5c921c77ac3df309467ce2db2ac4f852/alert/text'
20:05:48.182 [AsyncHttpClient-1-2] DEBUG org.asynchttpclient.netty.handler.HttpHandler - 

Request DefaultFullHttpRequest(decodeResult: success, version: HTTP/1.1, content: EmptyByteBufBE)
GET /session/5c921c77ac3df309467ce2db2ac4f852/alert/text HTTP/1.1
User-Agent: selenium/4.8.1 (java mac)
Cache-Control: no-cache
Content-Type: application/json; charset=utf-8
host: localhost:17183
accept: */*

Response DefaultHttpResponse(decodeResult: success, version: HTTP/1.1)
HTTP/1.1 404 Not Found
Content-Length: 1763
Content-Type: application/json; charset=utf-8
cache-control: no-cache

20:05:48.182 [AsyncHttpClient-1-2] DEBUG org.asynchttpclient.netty.channel.ChannelManager - Adding key: http://localhost:17183 for channel [id: 0x0d4a1cf0, L:/127.0.0.1:56217 - R:localhost/127.0.0.1:17183]
20:05:48.186 [Forwarding getCurrentUrl on session 5c921c77ac3df309467ce2db2ac4f852 to remote] DEBUG org.asynchttpclient.netty.request.NettyRequestSender - Using pooled Channel '[id: 0x0d4a1cf0, L:/127.0.0.1:56217 - R:localhost/127.0.0.1:17183]' for 'GET' to 'http://localhost:17183/session/5c921c77ac3df309467ce2db2ac4f852/url'
20:05:48.186 [Forwarding getCurrentUrl on session 5c921c77ac3df309467ce2db2ac4f852 to remote] DEBUG org.asynchttpclient.netty.request.NettyRequestSender - Using open Channel [id: 0x0d4a1cf0, L:/127.0.0.1:56217 - R:localhost/127.0.0.1:17183] for GET '/session/5c921c77ac3df309467ce2db2ac4f852/url'
20:05:48.189 [AsyncHttpClient-1-2] DEBUG org.asynchttpclient.netty.handler.HttpHandler - 

Request DefaultFullHttpRequest(decodeResult: success, version: HTTP/1.1, content: EmptyByteBufBE)
GET /session/5c921c77ac3df309467ce2db2ac4f852/url HTTP/1.1
User-Agent: selenium/4.8.1 (java mac)
Cache-Control: no-cache
Content-Type: application/json; charset=utf-8
host: localhost:17183
accept: */*

Response DefaultHttpResponse(decodeResult: success, version: HTTP/1.1)
HTTP/1.1 200 OK
Content-Length: 51
Content-Type: application/json; charset=utf-8
cache-control: no-cache

20:05:48.190 [AsyncHttpClient-1-2] DEBUG org.asynchttpclient.netty.channel.ChannelManager - Adding key: http://localhost:17183 for channel [id: 0x0d4a1cf0, L:/127.0.0.1:56217 - R:localhost/127.0.0.1:17183]
20:05:48.191 [Forwarding screenshot on session 5c921c77ac3df309467ce2db2ac4f852 to remote] DEBUG org.asynchttpclient.netty.request.NettyRequestSender - Using pooled Channel '[id: 0x0d4a1cf0, L:/127.0.0.1:56217 - R:localhost/127.0.0.1:17183]' for 'GET' to 'http://localhost:17183/session/5c921c77ac3df309467ce2db2ac4f852/screenshot'
20:05:48.191 [Forwarding screenshot on session 5c921c77ac3df309467ce2db2ac4f852 to remote] DEBUG org.asynchttpclient.netty.request.NettyRequestSender - Using open Channel [id: 0x0d4a1cf0, L:/127.0.0.1:56217 - R:localhost/127.0.0.1:17183] for GET '/session/5c921c77ac3df309467ce2db2ac4f852/screenshot'
20:05:48.403 [AsyncHttpClient-1-2] DEBUG org.asynchttpclient.netty.handler.HttpHandler - 

Request DefaultFullHttpRequest(decodeResult: success, version: HTTP/1.1, content: EmptyByteBufBE)
GET /session/5c921c77ac3df309467ce2db2ac4f852/screenshot HTTP/1.1
User-Agent: selenium/4.8.1 (java mac)
Cache-Control: no-cache
Content-Type: application/json; charset=utf-8
host: localhost:17183
accept: */*

Response DefaultHttpResponse(decodeResult: success, version: HTTP/1.1)
HTTP/1.1 200 OK
Content-Length: 73568
Content-Type: application/json; charset=utf-8
cache-control: no-cache

20:05:48.404 [AsyncHttpClient-1-2] DEBUG org.asynchttpclient.netty.channel.ChannelManager - Adding key: http://localhost:17183 for channel [id: 0x0d4a1cf0, L:/127.0.0.1:56217 - R:localhost/127.0.0.1:17183]
20:05:48.410 [main] DEBUG net.serenitybdd.core.photography.Darkroom - Send negative for processing for target/site/serenity/9197add245a73e1a3c5e03f0cb594e1f59ff37cd787ba1d63283a357ce8547ca.png
20:05:48.410 [Darkroom Processing Line] DEBUG net.serenitybdd.core.photography.DarkroomProcessingLine - Processing screenshot image in /var/screenshots/screenshot-7390749934824437401
20:05:48.410 [Darkroom Processing Line] DEBUG net.serenitybdd.core.photography.DarkroomProcessingLine - Saving screenshot to target/site/serenity/9197add245a73e1a3c5e03f0cb594e1f59ff37cd787ba1d63283a357ce8547ca.png
20:05:48.412 [main] DEBUG net.thucydides.core.steps.StepInterceptor - STEP DONE: inputPassword
  &amp#27;[32mAnd &amp#27;[0m&amp#27;[32mI enter valid password to view all products&amp#27;[0m      &amp#27;[90m# starter.stepdefinitions.viewAllProductsSteps.doEnterValidPassword()&amp#27;[0m
20:05:48.441 [Forwarding getPageSource on session 5c921c77ac3df309467ce2db2ac4f852 to remote] DEBUG org.asynchttpclient.netty.request.NettyRequestSender - Using pooled Channel '[id: 0x0d4a1cf0, L:/127.0.0.1:56217 - R:localhost/127.0.0.1:17183]' for 'POST' to 'http://localhost:17183/session/5c921c77ac3df309467ce2db2ac4f852/execute/sync'
20:05:48.442 [Forwarding getPageSource on session 5c921c77ac3df309467ce2db2ac4f852 to remote] DEBUG org.asynchttpclient.netty.request.NettyRequestSender - Using open Channel [id: 0x0d4a1cf0, L:/127.0.0.1:56217 - R:localhost/127.0.0.1:17183] for POST '/session/5c921c77ac3df309467ce2db2ac4f852/execute/sync'
20:05:48.449 [AsyncHttpClient-1-2] DEBUG org.asynchttpclient.netty.handler.HttpHandler - 

Request DefaultHttpRequest(decodeResult: success, version: HTTP/1.1)
POST /session/5c921c77ac3df309467ce2db2ac4f852/execute/sync HTTP/1.1
User-Agent: selenium/4.8.1 (java mac)
Content-Length: 176
Content-Type: application/json; charset=utf-8
host: localhost:17183
accept: */*

Response DefaultHttpResponse(decodeResult: success, version: HTTP/1.1)
HTTP/1.1 200 OK
Content-Length: 21847
Content-Type: application/json; charset=utf-8
cache-control: no-cache

20:05:48.450 [AsyncHttpClient-1-2] DEBUG org.asynchttpclient.netty.channel.ChannelManager - Adding key: http://localhost:17183 for channel [id: 0x0d4a1cf0, L:/127.0.0.1:56217 - R:localhost/127.0.0.1:17183]
20:05:48.487 [Forwarding getCurrentUrl on session 5c921c77ac3df309467ce2db2ac4f852 to remote] DEBUG org.asynchttpclient.netty.request.NettyRequestSender - Using pooled Channel '[id: 0x0d4a1cf0, L:/127.0.0.1:56217 - R:localhost/127.0.0.1:17183]' for 'GET' to 'http://localhost:17183/session/5c921c77ac3df309467ce2db2ac4f852/url'
20:05:48.487 [Forwarding getCurrentUrl on session 5c921c77ac3df309467ce2db2ac4f852 to remote] DEBUG org.asynchttpclient.netty.request.NettyRequestSender - Using open Channel [id: 0x0d4a1cf0, L:/127.0.0.1:56217 - R:localhost/127.0.0.1:17183] for GET '/session/5c921c77ac3df309467ce2db2ac4f852/url'
20:05:48.492 [AsyncHttpClient-1-2] DEBUG org.asynchttpclient.netty.handler.HttpHandler - 

Request DefaultFullHttpRequest(decodeResult: success, version: HTTP/1.1, content: EmptyByteBufBE)
GET /session/5c921c77ac3df309467ce2db2ac4f852/url HTTP/1.1
User-Agent: selenium/4.8.1 (java mac)
Cache-Control: no-cache
Content-Type: application/json; charset=utf-8
host: localhost:17183
accept: */*

Response DefaultHttpResponse(decodeResult: success, version: HTTP/1.1)
HTTP/1.1 200 OK
Content-Length: 51
Content-Type: application/json; charset=utf-8
cache-control: no-cache

20:05:48.493 [AsyncHttpClient-1-2] DEBUG org.asynchttpclient.netty.channel.ChannelManager - Adding key: http://localhost:17183 for channel [id: 0x0d4a1cf0, L:/127.0.0.1:56217 - R:localhost/127.0.0.1:17183]
20:05:48.506 [Forwarding getAlertText on session 5c921c77ac3df309467ce2db2ac4f852 to remote] DEBUG org.asynchttpclient.netty.request.NettyRequestSender - Using pooled Channel '[id: 0x0d4a1cf0, L:/127.0.0.1:56217 - R:localhost/127.0.0.1:17183]' for 'GET' to 'http://localhost:17183/session/5c921c77ac3df309467ce2db2ac4f852/alert/text'
20:05:48.506 [Forwarding getAlertText on session 5c921c77ac3df309467ce2db2ac4f852 to remote] DEBUG org.asynchttpclient.netty.request.NettyRequestSender - Using open Channel [id: 0x0d4a1cf0, L:/127.0.0.1:56217 - R:localhost/127.0.0.1:17183] for GET '/session/5c921c77ac3df309467ce2db2ac4f852/alert/text'
20:05:48.512 [AsyncHttpClient-1-2] DEBUG org.asynchttpclient.netty.handler.HttpHandler - 

Request DefaultFullHttpRequest(decodeResult: success, version: HTTP/1.1, content: EmptyByteBufBE)
GET /session/5c921c77ac3df309467ce2db2ac4f852/alert/text HTTP/1.1
User-Agent: selenium/4.8.1 (java mac)
Cache-Control: no-cache
Content-Type: application/json; charset=utf-8
host: localhost:17183
accept: */*

Response DefaultHttpResponse(decodeResult: success, version: HTTP/1.1)
HTTP/1.1 404 Not Found
Content-Length: 1763
Content-Type: application/json; charset=utf-8
cache-control: no-cache

20:05:48.512 [AsyncHttpClient-1-2] DEBUG org.asynchttpclient.netty.channel.ChannelManager - Adding key: http://localhost:17183 for channel [id: 0x0d4a1cf0, L:/127.0.0.1:56217 - R:localhost/127.0.0.1:17183]
20:05:48.523 [Forwarding getCurrentUrl on session 5c921c77ac3df309467ce2db2ac4f852 to remote] DEBUG org.asynchttpclient.netty.request.NettyRequestSender - Using pooled Channel '[id: 0x0d4a1cf0, L:/127.0.0.1:56217 - R:localhost/127.0.0.1:17183]' for 'GET' to 'http://localhost:17183/session/5c921c77ac3df309467ce2db2ac4f852/url'
20:05:48.523 [Forwarding getCurrentUrl on session 5c921c77ac3df309467ce2db2ac4f852 to remote] DEBUG org.asynchttpclient.netty.request.NettyRequestSender - Using open Channel [id: 0x0d4a1cf0, L:/127.0.0.1:56217 - R:localhost/127.0.0.1:17183] for GET '/session/5c921c77ac3df309467ce2db2ac4f852/url'
20:05:48.526 [AsyncHttpClient-1-2] DEBUG org.asynchttpclient.netty.handler.HttpHandler - 

Request DefaultFullHttpRequest(decodeResult: success, version: HTTP/1.1, content: EmptyByteBufBE)
GET /session/5c921c77ac3df309467ce2db2ac4f852/url HTTP/1.1
User-Agent: selenium/4.8.1 (java mac)
Cache-Control: no-cache
Content-Type: application/json; charset=utf-8
host: localhost:17183
accept: */*

Response DefaultHttpResponse(decodeResult: success, version: HTTP/1.1)
HTTP/1.1 200 OK
Content-Length: 51
Content-Type: application/json; charset=utf-8
cache-control: no-cache

20:05:48.526 [AsyncHttpClient-1-2] DEBUG org.asynchttpclient.netty.channel.ChannelManager - Adding key: http://localhost:17183 for channel [id: 0x0d4a1cf0, L:/127.0.0.1:56217 - R:localhost/127.0.0.1:17183]
20:05:48.529 [Forwarding screenshot on session 5c921c77ac3df309467ce2db2ac4f852 to remote] DEBUG org.asynchttpclient.netty.request.NettyRequestSender - Using pooled Channel '[id: 0x0d4a1cf0, L:/127.0.0.1:56217 - R:localhost/127.0.0.1:17183]' for 'GET' to 'http://localhost:17183/session/5c921c77ac3df309467ce2db2ac4f852/screenshot'
20:05:48.529 [Forwarding screenshot on session 5c921c77ac3df309467ce2db2ac4f852 to remote] DEBUG org.asynchttpclient.netty.request.NettyRequestSender - Using open Channel [id: 0x0d4a1cf0, L:/127.0.0.1:56217 - R:localhost/127.0.0.1:17183] for GET '/session/5c921c77ac3df309467ce2db2ac4f852/screenshot'
20:05:48.729 [AsyncHttpClient-1-2] DEBUG org.asynchttpclient.netty.handler.HttpHandler - 

Request DefaultFullHttpRequest(decodeResult: success, version: HTTP/1.1, content: EmptyByteBufBE)
GET /session/5c921c77ac3df309467ce2db2ac4f852/screenshot HTTP/1.1
User-Agent: selenium/4.8.1 (java mac)
Cache-Control: no-cache
Content-Type: application/json; charset=utf-8
host: localhost:17183
accept: */*

Response DefaultHttpResponse(decodeResult: success, version: HTTP/1.1)
HTTP/1.1 200 OK
Content-Length: 72560
Content-Type: application/json; charset=utf-8
cache-control: no-cache

20:05:48.729 [AsyncHttpClient-1-2] DEBUG org.asynchttpclient.netty.channel.ChannelManager - Adding key: http://localhost:17183 for channel [id: 0x0d4a1cf0, L:/127.0.0.1:56217 - R:localhost/127.0.0.1:17183]
20:05:48.734 [main] DEBUG net.serenitybdd.core.photography.Darkroom - Send negative for processing for target/site/serenity/8b59f9814655df78557864a3ca0bb002d11876716a83fe5513d7c45f4646cd44.png
20:05:48.734 [Darkroom Processing Line] DEBUG net.serenitybdd.core.photography.DarkroomProcessingLine - Processing screenshot image in /var/screenshots/screenshot-7445044861262246699
20:05:48.735 [Darkroom Processing Line] DEBUG net.serenitybdd.core.photography.DarkroomProcessingLine - Saving screenshot to target/site/serenity/8b59f9814655df78557864a3ca0bb002d11876716a83fe5513d7c45f4646cd44.png
20:05:48.739 [Forwarding getPageSource on session 5c921c77ac3df309467ce2db2ac4f852 to remote] DEBUG org.asynchttpclient.netty.request.NettyRequestSender - Using pooled Channel '[id: 0x0d4a1cf0, L:/127.0.0.1:56217 - R:localhost/127.0.0.1:17183]' for 'POST' to 'http://localhost:17183/session/5c921c77ac3df309467ce2db2ac4f852/execute/sync'
20:05:48.739 [Forwarding getPageSource on session 5c921c77ac3df309467ce2db2ac4f852 to remote] DEBUG org.asynchttpclient.netty.request.NettyRequestSender - Using open Channel [id: 0x0d4a1cf0, L:/127.0.0.1:56217 - R:localhost/127.0.0.1:17183] for POST '/session/5c921c77ac3df309467ce2db2ac4f852/execute/sync'
20:05:48.743 [AsyncHttpClient-1-2] DEBUG org.asynchttpclient.netty.handler.HttpHandler - 

Request DefaultHttpRequest(decodeResult: success, version: HTTP/1.1)
POST /session/5c921c77ac3df309467ce2db2ac4f852/execute/sync HTTP/1.1
User-Agent: selenium/4.8.1 (java mac)
Content-Length: 176
Content-Type: application/json; charset=utf-8
host: localhost:17183
accept: */*

Response DefaultHttpResponse(decodeResult: success, version: HTTP/1.1)
HTTP/1.1 200 OK
Content-Length: 21847
Content-Type: application/json; charset=utf-8
cache-control: no-cache

20:05:48.744 [AsyncHttpClient-1-2] DEBUG org.asynchttpclient.netty.channel.ChannelManager - Adding key: http://localhost:17183 for channel [id: 0x0d4a1cf0, L:/127.0.0.1:56217 - R:localhost/127.0.0.1:17183]
20:05:48.747 [Forwarding getCurrentUrl on session 5c921c77ac3df309467ce2db2ac4f852 to remote] DEBUG org.asynchttpclient.netty.request.NettyRequestSender - Using pooled Channel '[id: 0x0d4a1cf0, L:/127.0.0.1:56217 - R:localhost/127.0.0.1:17183]' for 'GET' to 'http://localhost:17183/session/5c921c77ac3df309467ce2db2ac4f852/url'
20:05:48.747 [Forwarding getCurrentUrl on session 5c921c77ac3df309467ce2db2ac4f852 to remote] DEBUG org.asynchttpclient.netty.request.NettyRequestSender - Using open Channel [id: 0x0d4a1cf0, L:/127.0.0.1:56217 - R:localhost/127.0.0.1:17183] for GET '/session/5c921c77ac3df309467ce2db2ac4f852/url'
20:05:48.750 [AsyncHttpClient-1-2] DEBUG org.asynchttpclient.netty.handler.HttpHandler - 

Request DefaultFullHttpRequest(decodeResult: success, version: HTTP/1.1, content: EmptyByteBufBE)
GET /session/5c921c77ac3df309467ce2db2ac4f852/url HTTP/1.1
User-Agent: selenium/4.8.1 (java mac)
Cache-Control: no-cache
Content-Type: application/json; charset=utf-8
host: localhost:17183
accept: */*

Response DefaultHttpResponse(decodeResult: success, version: HTTP/1.1)
HTTP/1.1 200 OK
Content-Length: 51
Content-Type: application/json; charset=utf-8
cache-control: no-cache

20:05:48.750 [AsyncHttpClient-1-2] DEBUG org.asynchttpclient.netty.channel.ChannelManager - Adding key: http://localhost:17183 for channel [id: 0x0d4a1cf0, L:/127.0.0.1:56217 - R:localhost/127.0.0.1:17183]
20:05:48.752 [main] DEBUG net.thucydides.core.steps.StepInterceptor - STARTING STEP: viewAllProductsSteps.doClickLoginButton - clickButtonLogin
20:05:48.756 [Forwarding findElement on session 5c921c77ac3df309467ce2db2ac4f852 to remote] DEBUG org.asynchttpclient.netty.request.NettyRequestSender - Using pooled Channel '[id: 0x0d4a1cf0, L:/127.0.0.1:56217 - R:localhost/127.0.0.1:17183]' for 'POST' to 'http://localhost:17183/session/5c921c77ac3df309467ce2db2ac4f852/element'
20:05:48.756 [Forwarding findElement on session 5c921c77ac3df309467ce2db2ac4f852 to remote] DEBUG org.asynchttpclient.netty.request.NettyRequestSender - Using open Channel [id: 0x0d4a1cf0, L:/127.0.0.1:56217 - R:localhost/127.0.0.1:17183] for POST '/session/5c921c77ac3df309467ce2db2ac4f852/element'
20:05:48.762 [AsyncHttpClient-1-2] DEBUG org.asynchttpclient.netty.handler.HttpHandler - 

Request DefaultHttpRequest(decodeResult: success, version: HTTP/1.1)
POST /session/5c921c77ac3df309467ce2db2ac4f852/element HTTP/1.1
User-Agent: selenium/4.8.1 (java mac)
Content-Length: 155
Content-Type: application/json; charset=utf-8
host: localhost:17183
accept: */*

Response DefaultHttpResponse(decodeResult: success, version: HTTP/1.1)
HTTP/1.1 200 OK
Content-Length: 88
Content-Type: application/json; charset=utf-8
cache-control: no-cache

20:05:48.763 [AsyncHttpClient-1-2] DEBUG org.asynchttpclient.netty.channel.ChannelManager - Adding key: http://localhost:17183 for channel [id: 0x0d4a1cf0, L:/127.0.0.1:56217 - R:localhost/127.0.0.1:17183]
20:05:48.764 [Forwarding getElementTagName on session 5c921c77ac3df309467ce2db2ac4f852 to remote] DEBUG org.asynchttpclient.netty.request.NettyRequestSender - Using pooled Channel '[id: 0x0d4a1cf0, L:/127.0.0.1:56217 - R:localhost/127.0.0.1:17183]' for 'GET' to 'http://localhost:17183/session/5c921c77ac3df309467ce2db2ac4f852/element/b0c71557-5a47-4897-b4bc-5f2399bcecf3/name'
20:05:48.764 [Forwarding getElementTagName on session 5c921c77ac3df309467ce2db2ac4f852 to remote] DEBUG org.asynchttpclient.netty.request.NettyRequestSender - Using open Channel [id: 0x0d4a1cf0, L:/127.0.0.1:56217 - R:localhost/127.0.0.1:17183] for GET '/session/5c921c77ac3df309467ce2db2ac4f852/element/b0c71557-5a47-4897-b4bc-5f2399bcecf3/name'
20:05:48.768 [AsyncHttpClient-1-2] DEBUG org.asynchttpclient.netty.handler.HttpHandler - 

Request DefaultFullHttpRequest(decodeResult: success, version: HTTP/1.1, content: EmptyByteBufBE)
GET /session/5c921c77ac3df309467ce2db2ac4f852/element/b0c71557-5a47-4897-b4bc-5f2399bcecf3/name HTTP/1.1
User-Agent: selenium/4.8.1 (java mac)
Cache-Control: no-cache
Content-Type: application/json; charset=utf-8
host: localhost:17183
accept: */*

Response DefaultHttpResponse(decodeResult: success, version: HTTP/1.1)
HTTP/1.1 200 OK
Content-Length: 18
Content-Type: application/json; charset=utf-8
cache-control: no-cache

20:05:48.768 [AsyncHttpClient-1-2] DEBUG org.asynchttpclient.netty.channel.ChannelManager - Adding key: http://localhost:17183 for channel [id: 0x0d4a1cf0, L:/127.0.0.1:56217 - R:localhost/127.0.0.1:17183]
20:05:48.770 [Forwarding getElementTagName on session 5c921c77ac3df309467ce2db2ac4f852 to remote] DEBUG org.asynchttpclient.netty.request.NettyRequestSender - Using pooled Channel '[id: 0x0d4a1cf0, L:/127.0.0.1:56217 - R:localhost/127.0.0.1:17183]' for 'GET' to 'http://localhost:17183/session/5c921c77ac3df309467ce2db2ac4f852/element/b0c71557-5a47-4897-b4bc-5f2399bcecf3/name'
20:05:48.770 [Forwarding getElementTagName on session 5c921c77ac3df309467ce2db2ac4f852 to remote] DEBUG org.asynchttpclient.netty.request.NettyRequestSender - Using open Channel [id: 0x0d4a1cf0, L:/127.0.0.1:56217 - R:localhost/127.0.0.1:17183] for GET '/session/5c921c77ac3df309467ce2db2ac4f852/element/b0c71557-5a47-4897-b4bc-5f2399bcecf3/name'
20:05:48.773 [AsyncHttpClient-1-2] DEBUG org.asynchttpclient.netty.handler.HttpHandler - 

Request DefaultFullHttpRequest(decodeResult: success, version: HTTP/1.1, content: EmptyByteBufBE)
GET /session/5c921c77ac3df309467ce2db2ac4f852/element/b0c71557-5a47-4897-b4bc-5f2399bcecf3/name HTTP/1.1
User-Agent: selenium/4.8.1 (java mac)
Cache-Control: no-cache
Content-Type: application/json; charset=utf-8
host: localhost:17183
accept: */*

Response DefaultHttpResponse(decodeResult: success, version: HTTP/1.1)
HTTP/1.1 200 OK
Content-Length: 18
Content-Type: application/json; charset=utf-8
cache-control: no-cache

20:05:48.773 [AsyncHttpClient-1-2] DEBUG org.asynchttpclient.netty.channel.ChannelManager - Adding key: http://localhost:17183 for channel [id: 0x0d4a1cf0, L:/127.0.0.1:56217 - R:localhost/127.0.0.1:17183]
20:05:48.788 [Forwarding isElementEnabled on session 5c921c77ac3df309467ce2db2ac4f852 to remote] DEBUG org.asynchttpclient.netty.request.NettyRequestSender - Using pooled Channel '[id: 0x0d4a1cf0, L:/127.0.0.1:56217 - R:localhost/127.0.0.1:17183]' for 'GET' to 'http://localhost:17183/session/5c921c77ac3df309467ce2db2ac4f852/element/b0c71557-5a47-4897-b4bc-5f2399bcecf3/enabled'
20:05:48.788 [Forwarding isElementEnabled on session 5c921c77ac3df309467ce2db2ac4f852 to remote] DEBUG org.asynchttpclient.netty.request.NettyRequestSender - Using open Channel [id: 0x0d4a1cf0, L:/127.0.0.1:56217 - R:localhost/127.0.0.1:17183] for GET '/session/5c921c77ac3df309467ce2db2ac4f852/element/b0c71557-5a47-4897-b4bc-5f2399bcecf3/enabled'
20:05:48.796 [AsyncHttpClient-1-2] DEBUG org.asynchttpclient.netty.handler.HttpHandler - 

Request DefaultFullHttpRequest(decodeResult: success, version: HTTP/1.1, content: EmptyByteBufBE)
GET /session/5c921c77ac3df309467ce2db2ac4f852/element/b0c71557-5a47-4897-b4bc-5f2399bcecf3/enabled HTTP/1.1
User-Agent: selenium/4.8.1 (java mac)
Cache-Control: no-cache
Content-Type: application/json; charset=utf-8
host: localhost:17183
accept: */*

Response DefaultHttpResponse(decodeResult: success, version: HTTP/1.1)
HTTP/1.1 200 OK
Content-Length: 14
Content-Type: application/json; charset=utf-8
cache-control: no-cache

20:05:48.796 [AsyncHttpClient-1-2] DEBUG org.asynchttpclient.netty.channel.ChannelManager - Adding key: http://localhost:17183 for channel [id: 0x0d4a1cf0, L:/127.0.0.1:56217 - R:localhost/127.0.0.1:17183]
20:05:48.799 [Forwarding isElementEnabled on session 5c921c77ac3df309467ce2db2ac4f852 to remote] DEBUG org.asynchttpclient.netty.request.NettyRequestSender - Using pooled Channel '[id: 0x0d4a1cf0, L:/127.0.0.1:56217 - R:localhost/127.0.0.1:17183]' for 'GET' to 'http://localhost:17183/session/5c921c77ac3df309467ce2db2ac4f852/element/b0c71557-5a47-4897-b4bc-5f2399bcecf3/enabled'
20:05:48.800 [Forwarding isElementEnabled on session 5c921c77ac3df309467ce2db2ac4f852 to remote] DEBUG org.asynchttpclient.netty.request.NettyRequestSender - Using open Channel [id: 0x0d4a1cf0, L:/127.0.0.1:56217 - R:localhost/127.0.0.1:17183] for GET '/session/5c921c77ac3df309467ce2db2ac4f852/element/b0c71557-5a47-4897-b4bc-5f2399bcecf3/enabled'
20:05:48.803 [AsyncHttpClient-1-2] DEBUG org.asynchttpclient.netty.handler.HttpHandler - 

Request DefaultFullHttpRequest(decodeResult: success, version: HTTP/1.1, content: EmptyByteBufBE)
GET /session/5c921c77ac3df309467ce2db2ac4f852/element/b0c71557-5a47-4897-b4bc-5f2399bcecf3/enabled HTTP/1.1
User-Agent: selenium/4.8.1 (java mac)
Cache-Control: no-cache
Content-Type: application/json; charset=utf-8
host: localhost:17183
accept: */*

Response DefaultHttpResponse(decodeResult: success, version: HTTP/1.1)
HTTP/1.1 200 OK
Content-Length: 14
Content-Type: application/json; charset=utf-8
cache-control: no-cache

20:05:48.804 [AsyncHttpClient-1-2] DEBUG org.asynchttpclient.netty.channel.ChannelManager - Adding key: http://localhost:17183 for channel [id: 0x0d4a1cf0, L:/127.0.0.1:56217 - R:localhost/127.0.0.1:17183]
20:05:48.806 [Forwarding findElement on session 5c921c77ac3df309467ce2db2ac4f852 to remote] DEBUG org.asynchttpclient.netty.request.NettyRequestSender - Using pooled Channel '[id: 0x0d4a1cf0, L:/127.0.0.1:56217 - R:localhost/127.0.0.1:17183]' for 'POST' to 'http://localhost:17183/session/5c921c77ac3df309467ce2db2ac4f852/element'
20:05:48.806 [Forwarding findElement on session 5c921c77ac3df309467ce2db2ac4f852 to remote] DEBUG org.asynchttpclient.netty.request.NettyRequestSender - Using open Channel [id: 0x0d4a1cf0, L:/127.0.0.1:56217 - R:localhost/127.0.0.1:17183] for POST '/session/5c921c77ac3df309467ce2db2ac4f852/element'
20:05:48.810 [AsyncHttpClient-1-2] DEBUG org.asynchttpclient.netty.handler.HttpHandler - 

Request DefaultHttpRequest(decodeResult: success, version: HTTP/1.1)
POST /session/5c921c77ac3df309467ce2db2ac4f852/element HTTP/1.1
User-Agent: selenium/4.8.1 (java mac)
Content-Length: 155
Content-Type: application/json; charset=utf-8
host: localhost:17183
accept: */*

Response DefaultHttpResponse(decodeResult: success, version: HTTP/1.1)
HTTP/1.1 200 OK
Content-Length: 88
Content-Type: application/json; charset=utf-8
cache-control: no-cache

20:05:48.810 [AsyncHttpClient-1-2] DEBUG org.asynchttpclient.netty.channel.ChannelManager - Adding key: http://localhost:17183 for channel [id: 0x0d4a1cf0, L:/127.0.0.1:56217 - R:localhost/127.0.0.1:17183]
20:05:48.811 [Forwarding clickElement on session 5c921c77ac3df309467ce2db2ac4f852 to remote] DEBUG org.asynchttpclient.netty.request.NettyRequestSender - Using pooled Channel '[id: 0x0d4a1cf0, L:/127.0.0.1:56217 - R:localhost/127.0.0.1:17183]' for 'POST' to 'http://localhost:17183/session/5c921c77ac3df309467ce2db2ac4f852/element/b0c71557-5a47-4897-b4bc-5f2399bcecf3/click'
20:05:48.812 [Forwarding clickElement on session 5c921c77ac3df309467ce2db2ac4f852 to remote] DEBUG org.asynchttpclient.netty.request.NettyRequestSender - Using open Channel [id: 0x0d4a1cf0, L:/127.0.0.1:56217 - R:localhost/127.0.0.1:17183] for POST '/session/5c921c77ac3df309467ce2db2ac4f852/element/b0c71557-5a47-4897-b4bc-5f2399bcecf3/click'
20:05:48.936 [AsyncHttpClient-1-2] DEBUG org.asynchttpclient.netty.handler.HttpHandler - 

Request DefaultHttpRequest(decodeResult: success, version: HTTP/1.1)
POST /session/5c921c77ac3df309467ce2db2ac4f852/element/b0c71557-5a47-4897-b4bc-5f2399bcecf3/click HTTP/1.1
User-Agent: selenium/4.8.1 (java mac)
Content-Length: 50
Content-Type: application/json; charset=utf-8
host: localhost:17183
accept: */*

Response DefaultHttpResponse(decodeResult: success, version: HTTP/1.1)
HTTP/1.1 200 OK
Content-Length: 14
Content-Type: application/json; charset=utf-8
cache-control: no-cache

20:05:48.937 [AsyncHttpClient-1-2] DEBUG org.asynchttpclient.netty.channel.ChannelManager - Adding key: http://localhost:17183 for channel [id: 0x0d4a1cf0, L:/127.0.0.1:56217 - R:localhost/127.0.0.1:17183]
20:05:48.945 [Forwarding getAlertText on session 5c921c77ac3df309467ce2db2ac4f852 to remote] DEBUG org.asynchttpclient.netty.request.NettyRequestSender - Using pooled Channel '[id: 0x0d4a1cf0, L:/127.0.0.1:56217 - R:localhost/127.0.0.1:17183]' for 'GET' to 'http://localhost:17183/session/5c921c77ac3df309467ce2db2ac4f852/alert/text'
20:05:48.945 [Forwarding getAlertText on session 5c921c77ac3df309467ce2db2ac4f852 to remote] DEBUG org.asynchttpclient.netty.request.NettyRequestSender - Using open Channel [id: 0x0d4a1cf0, L:/127.0.0.1:56217 - R:localhost/127.0.0.1:17183] for GET '/session/5c921c77ac3df309467ce2db2ac4f852/alert/text'
20:05:48.946 [AsyncHttpClient-1-2] DEBUG org.asynchttpclient.netty.handler.HttpHandler - 

Request DefaultFullHttpRequest(decodeResult: success, version: HTTP/1.1, content: EmptyByteBufBE)
GET /session/5c921c77ac3df309467ce2db2ac4f852/alert/text HTTP/1.1
User-Agent: selenium/4.8.1 (java mac)
Cache-Control: no-cache
Content-Type: application/json; charset=utf-8
host: localhost:17183
accept: */*

Response DefaultHttpResponse(decodeResult: success, version: HTTP/1.1)
HTTP/1.1 404 Not Found
Content-Length: 1763
Content-Type: application/json; charset=utf-8
cache-control: no-cache

20:05:48.946 [AsyncHttpClient-1-2] DEBUG org.asynchttpclient.netty.channel.ChannelManager - Adding key: http://localhost:17183 for channel [id: 0x0d4a1cf0, L:/127.0.0.1:56217 - R:localhost/127.0.0.1:17183]
20:05:48.949 [Forwarding getCurrentUrl on session 5c921c77ac3df309467ce2db2ac4f852 to remote] DEBUG org.asynchttpclient.netty.request.NettyRequestSender - Using pooled Channel '[id: 0x0d4a1cf0, L:/127.0.0.1:56217 - R:localhost/127.0.0.1:17183]' for 'GET' to 'http://localhost:17183/session/5c921c77ac3df309467ce2db2ac4f852/url'
20:05:48.949 [Forwarding getCurrentUrl on session 5c921c77ac3df309467ce2db2ac4f852 to remote] DEBUG org.asynchttpclient.netty.request.NettyRequestSender - Using open Channel [id: 0x0d4a1cf0, L:/127.0.0.1:56217 - R:localhost/127.0.0.1:17183] for GET '/session/5c921c77ac3df309467ce2db2ac4f852/url'
20:05:48.951 [AsyncHttpClient-1-2] DEBUG org.asynchttpclient.netty.handler.HttpHandler - 

Request DefaultFullHttpRequest(decodeResult: success, version: HTTP/1.1, content: EmptyByteBufBE)
GET /session/5c921c77ac3df309467ce2db2ac4f852/url HTTP/1.1
User-Agent: selenium/4.8.1 (java mac)
Cache-Control: no-cache
Content-Type: application/json; charset=utf-8
host: localhost:17183
accept: */*

Response DefaultHttpResponse(decodeResult: success, version: HTTP/1.1)
HTTP/1.1 200 OK
Content-Length: 51
Content-Type: application/json; charset=utf-8
cache-control: no-cache

20:05:48.952 [AsyncHttpClient-1-2] DEBUG org.asynchttpclient.netty.channel.ChannelManager - Adding key: http://localhost:17183 for channel [id: 0x0d4a1cf0, L:/127.0.0.1:56217 - R:localhost/127.0.0.1:17183]
20:05:48.954 [Forwarding screenshot on session 5c921c77ac3df309467ce2db2ac4f852 to remote] DEBUG org.asynchttpclient.netty.request.NettyRequestSender - Using pooled Channel '[id: 0x0d4a1cf0, L:/127.0.0.1:56217 - R:localhost/127.0.0.1:17183]' for 'GET' to 'http://localhost:17183/session/5c921c77ac3df309467ce2db2ac4f852/screenshot'
20:05:48.954 [Forwarding screenshot on session 5c921c77ac3df309467ce2db2ac4f852 to remote] DEBUG org.asynchttpclient.netty.request.NettyRequestSender - Using open Channel [id: 0x0d4a1cf0, L:/127.0.0.1:56217 - R:localhost/127.0.0.1:17183] for GET '/session/5c921c77ac3df309467ce2db2ac4f852/screenshot'
20:05:49.145 [AsyncHttpClient-1-1] DEBUG org.asynchttpclient.netty.channel.DefaultChannelPool - Entry count for : http://localhost:56218 : 1
20:05:50.246 [AsyncHttpClient-1-1] DEBUG org.asynchttpclient.netty.channel.DefaultChannelPool - Entry count for : http://localhost:56218 : 1
20:05:50.421 [AsyncHttpClient-1-2] DEBUG org.asynchttpclient.netty.handler.HttpHandler - 

Request DefaultFullHttpRequest(decodeResult: success, version: HTTP/1.1, content: EmptyByteBufBE)
GET /session/5c921c77ac3df309467ce2db2ac4f852/screenshot HTTP/1.1
User-Agent: selenium/4.8.1 (java mac)
Cache-Control: no-cache
Content-Type: application/json; charset=utf-8
host: localhost:17183
accept: */*

Response DefaultHttpResponse(decodeResult: success, version: HTTP/1.1)
HTTP/1.1 200 OK
Content-Length: 70004
Content-Type: application/json; charset=utf-8
cache-control: no-cache

20:05:50.422 [AsyncHttpClient-1-2] DEBUG org.asynchttpclient.netty.channel.ChannelManager - Adding key: http://localhost:17183 for channel [id: 0x0d4a1cf0, L:/127.0.0.1:56217 - R:localhost/127.0.0.1:17183]
20:05:50.431 [main] DEBUG net.serenitybdd.core.photography.Darkroom - Send negative for processing for target/site/serenity/e841b8a1331b169911dcbffe0cb0305298bdd397b18f9b67e1cd7e28fc2cd05e.png
20:05:50.432 [Darkroom Processing Line] DEBUG net.serenitybdd.core.photography.DarkroomProcessingLine - Processing screenshot image in /var/screenshots/screenshot-1471169589989589087
20:05:50.432 [Darkroom Processing Line] DEBUG net.serenitybdd.core.photography.DarkroomProcessingLine - Saving screenshot to target/site/serenity/e841b8a1331b169911dcbffe0cb0305298bdd397b18f9b67e1cd7e28fc2cd05e.png
20:05:50.432 [main] DEBUG net.thucydides.core.steps.StepInterceptor - STEP DONE: clickButtonLogin
  &amp#27;[32mAnd &amp#27;[0m&amp#27;[32mI click login button to view all products&amp#27;[0m        &amp#27;[90m# starter.stepdefinitions.viewAllProductsSteps.doClickLoginButton()&amp#27;[0m
20:05:50.448 [Forwarding getPageSource on session 5c921c77ac3df309467ce2db2ac4f852 to remote] DEBUG org.asynchttpclient.netty.request.NettyRequestSender - Using pooled Channel '[id: 0x0d4a1cf0, L:/127.0.0.1:56217 - R:localhost/127.0.0.1:17183]' for 'POST' to 'http://localhost:17183/session/5c921c77ac3df309467ce2db2ac4f852/execute/sync'
20:05:50.448 [Forwarding getPageSource on session 5c921c77ac3df309467ce2db2ac4f852 to remote] DEBUG org.asynchttpclient.netty.request.NettyRequestSender - Using open Channel [id: 0x0d4a1cf0, L:/127.0.0.1:56217 - R:localhost/127.0.0.1:17183] for POST '/session/5c921c77ac3df309467ce2db2ac4f852/execute/sync'
20:05:50.452 [AsyncHttpClient-1-2] DEBUG org.asynchttpclient.netty.handler.HttpHandler - 

Request DefaultHttpRequest(decodeResult: success, version: HTTP/1.1)
POST /session/5c921c77ac3df309467ce2db2ac4f852/execute/sync HTTP/1.1
User-Agent: selenium/4.8.1 (java mac)
Content-Length: 176
Content-Type: application/json; charset=utf-8
host: localhost:17183
accept: */*

Response DefaultHttpResponse(decodeResult: success, version: HTTP/1.1)
HTTP/1.1 200 OK
Content-Length: 28804
Content-Type: application/json; charset=utf-8
cache-control: no-cache

20:05:50.453 [AsyncHttpClient-1-2] DEBUG org.asynchttpclient.netty.channel.ChannelManager - Adding key: http://localhost:17183 for channel [id: 0x0d4a1cf0, L:/127.0.0.1:56217 - R:localhost/127.0.0.1:17183]
20:05:50.461 [Forwarding getCurrentUrl on session 5c921c77ac3df309467ce2db2ac4f852 to remote] DEBUG org.asynchttpclient.netty.request.NettyRequestSender - Using pooled Channel '[id: 0x0d4a1cf0, L:/127.0.0.1:56217 - R:localhost/127.0.0.1:17183]' for 'GET' to 'http://localhost:17183/session/5c921c77ac3df309467ce2db2ac4f852/url'
20:05:50.462 [Forwarding getCurrentUrl on session 5c921c77ac3df309467ce2db2ac4f852 to remote] DEBUG org.asynchttpclient.netty.request.NettyRequestSender - Using open Channel [id: 0x0d4a1cf0, L:/127.0.0.1:56217 - R:localhost/127.0.0.1:17183] for GET '/session/5c921c77ac3df309467ce2db2ac4f852/url'
20:05:50.466 [AsyncHttpClient-1-2] DEBUG org.asynchttpclient.netty.handler.HttpHandler - 

Request DefaultFullHttpRequest(decodeResult: success, version: HTTP/1.1, content: EmptyByteBufBE)
GET /session/5c921c77ac3df309467ce2db2ac4f852/url HTTP/1.1
User-Agent: selenium/4.8.1 (java mac)
Cache-Control: no-cache
Content-Type: application/json; charset=utf-8
host: localhost:17183
accept: */*

Response DefaultHttpResponse(decodeResult: success, version: HTTP/1.1)
HTTP/1.1 200 OK
Content-Length: 41
Content-Type: application/json; charset=utf-8
cache-control: no-cache

20:05:50.467 [AsyncHttpClient-1-2] DEBUG org.asynchttpclient.netty.channel.ChannelManager - Adding key: http://localhost:17183 for channel [id: 0x0d4a1cf0, L:/127.0.0.1:56217 - R:localhost/127.0.0.1:17183]
20:05:50.480 [Forwarding getPageSource on session 5c921c77ac3df309467ce2db2ac4f852 to remote] DEBUG org.asynchttpclient.netty.request.NettyRequestSender - Using pooled Channel '[id: 0x0d4a1cf0, L:/127.0.0.1:56217 - R:localhost/127.0.0.1:17183]' for 'POST' to 'http://localhost:17183/session/5c921c77ac3df309467ce2db2ac4f852/execute/sync'
20:05:50.481 [Forwarding getPageSource on session 5c921c77ac3df309467ce2db2ac4f852 to remote] DEBUG org.asynchttpclient.netty.request.NettyRequestSender - Using open Channel [id: 0x0d4a1cf0, L:/127.0.0.1:56217 - R:localhost/127.0.0.1:17183] for POST '/session/5c921c77ac3df309467ce2db2ac4f852/execute/sync'
20:05:50.484 [AsyncHttpClient-1-2] DEBUG org.asynchttpclient.netty.handler.HttpHandler - 

Request DefaultHttpRequest(decodeResult: success, version: HTTP/1.1)
POST /session/5c921c77ac3df309467ce2db2ac4f852/execute/sync HTTP/1.1
User-Agent: selenium/4.8.1 (java mac)
Content-Length: 176
Content-Type: application/json; charset=utf-8
host: localhost:17183
accept: */*

Response DefaultHttpResponse(decodeResult: success, version: HTTP/1.1)
HTTP/1.1 200 OK
Content-Length: 28804
Content-Type: application/json; charset=utf-8
cache-control: no-cache

20:05:50.484 [AsyncHttpClient-1-2] DEBUG org.asynchttpclient.netty.channel.ChannelManager - Adding key: http://localhost:17183 for channel [id: 0x0d4a1cf0, L:/127.0.0.1:56217 - R:localhost/127.0.0.1:17183]
20:05:50.491 [Forwarding getCurrentUrl on session 5c921c77ac3df309467ce2db2ac4f852 to remote] DEBUG org.asynchttpclient.netty.request.NettyRequestSender - Using pooled Channel '[id: 0x0d4a1cf0, L:/127.0.0.1:56217 - R:localhost/127.0.0.1:17183]' for 'GET' to 'http://localhost:17183/session/5c921c77ac3df309467ce2db2ac4f852/url'
20:05:50.492 [Forwarding getCurrentUrl on session 5c921c77ac3df309467ce2db2ac4f852 to remote] DEBUG org.asynchttpclient.netty.request.NettyRequestSender - Using open Channel [id: 0x0d4a1cf0, L:/127.0.0.1:56217 - R:localhost/127.0.0.1:17183] for GET '/session/5c921c77ac3df309467ce2db2ac4f852/url'
20:05:50.496 [AsyncHttpClient-1-2] DEBUG org.asynchttpclient.netty.handler.HttpHandler - 

Request DefaultFullHttpRequest(decodeResult: success, version: HTTP/1.1, content: EmptyByteBufBE)
GET /session/5c921c77ac3df309467ce2db2ac4f852/url HTTP/1.1
User-Agent: selenium/4.8.1 (java mac)
Cache-Control: no-cache
Content-Type: application/json; charset=utf-8
host: localhost:17183
accept: */*

Response DefaultHttpResponse(decodeResult: success, version: HTTP/1.1)
HTTP/1.1 200 OK
Content-Length: 41
Content-Type: application/json; charset=utf-8
cache-control: no-cache

20:05:50.497 [AsyncHttpClient-1-2] DEBUG org.asynchttpclient.netty.channel.ChannelManager - Adding key: http://localhost:17183 for channel [id: 0x0d4a1cf0, L:/127.0.0.1:56217 - R:localhost/127.0.0.1:17183]
20:05:50.500 [main] DEBUG net.thucydides.core.steps.StepInterceptor - STARTING STEP: viewAllProductsSteps.onTheHomePage - validateOnTheHomePage
20:05:50.514 [Forwarding findElement on session 5c921c77ac3df309467ce2db2ac4f852 to remote] DEBUG org.asynchttpclient.netty.request.NettyRequestSender - Using pooled Channel '[id: 0x0d4a1cf0, L:/127.0.0.1:56217 - R:localhost/127.0.0.1:17183]' for 'POST' to 'http://localhost:17183/session/5c921c77ac3df309467ce2db2ac4f852/element'
20:05:50.514 [Forwarding findElement on session 5c921c77ac3df309467ce2db2ac4f852 to remote] DEBUG org.asynchttpclient.netty.request.NettyRequestSender - Using open Channel [id: 0x0d4a1cf0, L:/127.0.0.1:56217 - R:localhost/127.0.0.1:17183] for POST '/session/5c921c77ac3df309467ce2db2ac4f852/element'
20:05:51.350 [AsyncHttpClient-1-1] DEBUG org.asynchttpclient.netty.channel.DefaultChannelPool - Entry count for : http://localhost:56218 : 1
20:05:52.229 [AsyncHttpClient-1-2] DEBUG org.asynchttpclient.netty.handler.HttpHandler - 

Request DefaultHttpRequest(decodeResult: success, version: HTTP/1.1)
POST /session/5c921c77ac3df309467ce2db2ac4f852/element HTTP/1.1
User-Agent: selenium/4.8.1 (java mac)
Content-Length: 54
Content-Type: application/json; charset=utf-8
host: localhost:17183
accept: */*

Response DefaultHttpResponse(decodeResult: success, version: HTTP/1.1)
HTTP/1.1 200 OK
Content-Length: 88
Content-Type: application/json; charset=utf-8
cache-control: no-cache

20:05:52.232 [AsyncHttpClient-1-2] DEBUG org.asynchttpclient.netty.channel.ChannelManager - Adding key: http://localhost:17183 for channel [id: 0x0d4a1cf0, L:/127.0.0.1:56217 - R:localhost/127.0.0.1:17183]
20:05:52.243 [Forwarding isElementDisplayed on session 5c921c77ac3df309467ce2db2ac4f852 to remote] DEBUG org.asynchttpclient.netty.request.NettyRequestSender - Using pooled Channel '[id: 0x0d4a1cf0, L:/127.0.0.1:56217 - R:localhost/127.0.0.1:17183]' for 'POST' to 'http://localhost:17183/session/5c921c77ac3df309467ce2db2ac4f852/execute/sync'
20:05:52.243 [Forwarding isElementDisplayed on session 5c921c77ac3df309467ce2db2ac4f852 to remote] DEBUG org.asynchttpclient.netty.request.NettyRequestSender - Using open Channel [id: 0x0d4a1cf0, L:/127.0.0.1:56217 - R:localhost/127.0.0.1:17183] for POST '/session/5c921c77ac3df309467ce2db2ac4f852/execute/sync'
20:05:52.251 [AsyncHttpClient-1-2] DEBUG org.asynchttpclient.netty.handler.HttpHandler - 

Request DefaultHttpRequest(decodeResult: success, version: HTTP/1.1)
POST /session/5c921c77ac3df309467ce2db2ac4f852/execute/sync HTTP/1.1
User-Agent: selenium/4.8.1 (java mac)
Content-Length: 48807
Content-Type: application/json; charset=utf-8
host: localhost:17183
accept: */*

Response DefaultHttpResponse(decodeResult: success, version: HTTP/1.1)
HTTP/1.1 200 OK
Content-Length: 14
Content-Type: application/json; charset=utf-8
cache-control: no-cache

20:05:52.252 [AsyncHttpClient-1-2] DEBUG org.asynchttpclient.netty.channel.ChannelManager - Adding key: http://localhost:17183 for channel [id: 0x0d4a1cf0, L:/127.0.0.1:56217 - R:localhost/127.0.0.1:17183]
20:05:52.259 [Forwarding getAlertText on session 5c921c77ac3df309467ce2db2ac4f852 to remote] DEBUG org.asynchttpclient.netty.request.NettyRequestSender - Using pooled Channel '[id: 0x0d4a1cf0, L:/127.0.0.1:56217 - R:localhost/127.0.0.1:17183]' for 'GET' to 'http://localhost:17183/session/5c921c77ac3df309467ce2db2ac4f852/alert/text'
20:05:52.259 [Forwarding getAlertText on session 5c921c77ac3df309467ce2db2ac4f852 to remote] DEBUG org.asynchttpclient.netty.request.NettyRequestSender - Using open Channel [id: 0x0d4a1cf0, L:/127.0.0.1:56217 - R:localhost/127.0.0.1:17183] for GET '/session/5c921c77ac3df309467ce2db2ac4f852/alert/text'
20:05:52.263 [AsyncHttpClient-1-2] DEBUG org.asynchttpclient.netty.handler.HttpHandler - 

Request DefaultFullHttpRequest(decodeResult: success, version: HTTP/1.1, content: EmptyByteBufBE)
GET /session/5c921c77ac3df309467ce2db2ac4f852/alert/text HTTP/1.1
User-Agent: selenium/4.8.1 (java mac)
Cache-Control: no-cache
Content-Type: application/json; charset=utf-8
host: localhost:17183
accept: */*

Response DefaultHttpResponse(decodeResult: success, version: HTTP/1.1)
HTTP/1.1 404 Not Found
Content-Length: 1763
Content-Type: application/json; charset=utf-8
cache-control: no-cache

20:05:52.264 [AsyncHttpClient-1-2] DEBUG org.asynchttpclient.netty.channel.ChannelManager - Adding key: http://localhost:17183 for channel [id: 0x0d4a1cf0, L:/127.0.0.1:56217 - R:localhost/127.0.0.1:17183]
20:05:52.268 [Forwarding getCurrentUrl on session 5c921c77ac3df309467ce2db2ac4f852 to remote] DEBUG org.asynchttpclient.netty.request.NettyRequestSender - Using pooled Channel '[id: 0x0d4a1cf0, L:/127.0.0.1:56217 - R:localhost/127.0.0.1:17183]' for 'GET' to 'http://localhost:17183/session/5c921c77ac3df309467ce2db2ac4f852/url'
20:05:52.269 [Forwarding getCurrentUrl on session 5c921c77ac3df309467ce2db2ac4f852 to remote] DEBUG org.asynchttpclient.netty.request.NettyRequestSender - Using open Channel [id: 0x0d4a1cf0, L:/127.0.0.1:56217 - R:localhost/127.0.0.1:17183] for GET '/session/5c921c77ac3df309467ce2db2ac4f852/url'
20:05:52.272 [AsyncHttpClient-1-2] DEBUG org.asynchttpclient.netty.handler.HttpHandler - 

Request DefaultFullHttpRequest(decodeResult: success, version: HTTP/1.1, content: EmptyByteBufBE)
GET /session/5c921c77ac3df309467ce2db2ac4f852/url HTTP/1.1
User-Agent: selenium/4.8.1 (java mac)
Cache-Control: no-cache
Content-Type: application/json; charset=utf-8
host: localhost:17183
accept: */*

Response DefaultHttpResponse(decodeResult: success, version: HTTP/1.1)
HTTP/1.1 200 OK
Content-Length: 41
Content-Type: application/json; charset=utf-8
cache-control: no-cache

20:05:52.272 [AsyncHttpClient-1-2] DEBUG org.asynchttpclient.netty.channel.ChannelManager - Adding key: http://localhost:17183 for channel [id: 0x0d4a1cf0, L:/127.0.0.1:56217 - R:localhost/127.0.0.1:17183]
20:05:52.273 [Forwarding screenshot on session 5c921c77ac3df309467ce2db2ac4f852 to remote] DEBUG org.asynchttpclient.netty.request.NettyRequestSender - Using pooled Channel '[id: 0x0d4a1cf0, L:/127.0.0.1:56217 - R:localhost/127.0.0.1:17183]' for 'GET' to 'http://localhost:17183/session/5c921c77ac3df309467ce2db2ac4f852/screenshot'
20:05:52.273 [Forwarding screenshot on session 5c921c77ac3df309467ce2db2ac4f852 to remote] DEBUG org.asynchttpclient.netty.request.NettyRequestSender - Using open Channel [id: 0x0d4a1cf0, L:/127.0.0.1:56217 - R:localhost/127.0.0.1:17183] for GET '/session/5c921c77ac3df309467ce2db2ac4f852/screenshot'
20:05:52.450 [AsyncHttpClient-1-1] DEBUG org.asynchttpclient.netty.channel.DefaultChannelPool - Entry count for : http://localhost:56218 : 1
20:05:52.521 [AsyncHttpClient-1-2] DEBUG org.asynchttpclient.netty.handler.HttpHandler - 

Request DefaultFullHttpRequest(decodeResult: success, version: HTTP/1.1, content: EmptyByteBufBE)
GET /session/5c921c77ac3df309467ce2db2ac4f852/screenshot HTTP/1.1
User-Agent: selenium/4.8.1 (java mac)
Cache-Control: no-cache
Content-Type: application/json; charset=utf-8
host: localhost:17183
accept: */*

Response DefaultHttpResponse(decodeResult: success, version: HTTP/1.1)
HTTP/1.1 200 OK
Content-Length: 177668
Content-Type: application/json; charset=utf-8
cache-control: no-cache

20:05:52.523 [AsyncHttpClient-1-2] DEBUG org.asynchttpclient.netty.channel.ChannelManager - Adding key: http://localhost:17183 for channel [id: 0x0d4a1cf0, L:/127.0.0.1:56217 - R:localhost/127.0.0.1:17183]
20:05:52.532 [main] DEBUG net.serenitybdd.core.photography.Darkroom - Send negative for processing for target/site/serenity/1beadaf3326c66f1051947bed794d4dcd73538948d8efc69b374ba6cf770c54b.png
20:05:52.532 [Darkroom Processing Line] DEBUG net.serenitybdd.core.photography.DarkroomProcessingLine - Processing screenshot image in /var/screenshots/screenshot-4600666899064489352
20:05:52.532 [Darkroom Processing Line] DEBUG net.serenitybdd.core.photography.DarkroomProcessingLine - Saving screenshot to target/site/serenity/1beadaf3326c66f1051947bed794d4dcd73538948d8efc69b374ba6cf770c54b.png
20:05:52.533 [main] DEBUG net.thucydides.core.steps.StepInterceptor - STEP DONE: validateOnTheHomePage
  &amp#27;[32mThen &amp#27;[0m&amp#27;[32mI am on the home page and can view all products&amp#27;[0m &amp#27;[90m# starter.stepdefinitions.viewAllProductsSteps.onTheHomePage()&amp#27;[0m
20:05:52.547 [main] INFO  - 
  _____   ___   ___   _____     ___     _     ___   ___   ___   ___  
 |_   _| | __| / __| |_   _|   | _ \   /_\   / __| / __| | __| |   \ 
   | |   | _|  \__ \   | |     |  _/  / _ \  \__ \ \__ \ | _|  | |) |
   |_|   |___| |___/   |_|     |_|   /_/ \_\ |___/ |___/ |___| |___/ 

As user, I can login and view all products
----------------------------------------------------------------------
20:05:52.682 [Driver Command Executor] DEBUG org.asynchttpclient.netty.request.NettyRequestSender - Using pooled Channel '[id: 0x0d4a1cf0, L:/127.0.0.1:56217 - R:localhost/127.0.0.1:17183]' for 'DELETE' to 'http://localhost:17183/session/5c921c77ac3df309467ce2db2ac4f852'
20:05:52.683 [Driver Command Executor] DEBUG org.asynchttpclient.netty.request.NettyRequestSender - Using open Channel [id: 0x0d4a1cf0, L:/127.0.0.1:56217 - R:localhost/127.0.0.1:17183] for DELETE '/session/5c921c77ac3df309467ce2db2ac4f852'
20:05:52.709 [AsyncHttpClient-1-3] DEBUG org.asynchttpclient.netty.handler.HttpHandler - Channel Closed: [id: 0x0a1c46e9, L:/127.0.0.1:56223 ! R:localhost/127.0.0.1:56218] with attribute DISCARD
20:05:52.709 [AsyncHttpClient-1-4] DEBUG org.asynchttpclient.netty.handler.WebSocketHandler - Channel Closed: [id: 0xa561597b, L:/127.0.0.1:56224 ! R:localhost/127.0.0.1:56218] with attribute NettyResponseFuture{currentRetry=0,
	isDone=1,
	isCancelled=0,
	asyncHandler=org.asynchttpclient.ws.WebSocketUpgradeHandler@38a2c303,
	nettyRequest=org.asynchttpclient.netty.request.NettyRequest@28d30545,
	future=java.util.concurrent.CompletableFuture@38e08153[Completed normally],
	uri=ws://localhost:56218/devtools/browser/20e3ad3b-9dcd-4153-8c93-b4c74ec8dc48,
	keepAlive=true,
	redirectCount=0,
	timeoutsHolder=null,
	inAuth=0,
	touch=1683637529652}
20:05:52.713 [AsyncHttpClient-1-4] DEBUG org.asynchttpclient.netty.channel.ChannelManager - Closing Channel [id: 0xa561597b, L:/127.0.0.1:56224 ! R:localhost/127.0.0.1:56218] 
20:05:52.740 [AsyncHttpClient-1-2] DEBUG org.asynchttpclient.netty.handler.HttpHandler - 

Request DefaultFullHttpRequest(decodeResult: success, version: HTTP/1.1, content: EmptyByteBufBE)
DELETE /session/5c921c77ac3df309467ce2db2ac4f852 HTTP/1.1
User-Agent: selenium/4.8.1 (java mac)
Content-Type: application/json; charset=utf-8
host: localhost:17183
accept: */*

Response DefaultHttpResponse(decodeResult: success, version: HTTP/1.1)
HTTP/1.1 200 OK
Content-Length: 14
Content-Type: application/json; charset=utf-8
cache-control: no-cache

20:05:52.741 [AsyncHttpClient-1-2] DEBUG org.asynchttpclient.netty.channel.ChannelManager - Adding key: http://localhost:17183 for channel [id: 0x0d4a1cf0, L:/127.0.0.1:56217 - R:localhost/127.0.0.1:17183]
20:05:52.809 [AsyncHttpClient-1-2] DEBUG org.asynchttpclient.netty.handler.HttpHandler - Channel Closed: [id: 0x0d4a1cf0, L:/127.0.0.1:56217 ! R:localhost/127.0.0.1:17183] with attribute DISCARD
]]></system-out>
    <system-err><![CDATA[Starting ChromeDriver 111.0.5563.64 (c710e93d5b63b7095afe8c2c17df34408078439d-refs/branch-heads/5563@{#995}) on port 17183
Only local connections are allowed.
Please see https://chromedriver.chromium.org/security-considerations for suggestions on keeping ChromeDriver safe.
ChromeDriver was started successfully.
[1683637529.124][WARNING]: This version of ChromeDriver has not been tested with Chrome version 112.
May 09, 2023 8:05:29 PM org.openqa.selenium.devtools.CdpVersionFinder findNearestMatch
WARNING: Unable to find an exact match for CDP version 112, so returning the closest version found: 110
]]></system-err>
  </testcase>
  <testcase name="As user, I can login and view all products categories" classname="products #1" time="30.614">
    <system-out><![CDATA[
@products @viewallcategoriesproducts
Scenario: As user, I can login and view all products categories  &amp#27;[90m# src/test/resources/features/Products.feature:17&amp#27;[0m
20:05:52.963 [main] DEBUG io.cucumber.core.plugin.SerenityReporter - Running feature from file:///Users/masgilang/Downloads/test-automation-MinProWEB/src/test/resources/features/Products.feature
20:05:52.972 [main] INFO  - 
  _____   ___   ___   _____     ___   _____     _     ___   _____   ___   ___  
 |_   _| | __| / __| |_   _|   / __| |_   _|   /_\   | _ \ |_   _| | __| |   \ 
   | |   | _|  \__ \   | |     \__ \   | |    / _ \  |   /   | |   | _|  | |) |
   |_|   |___| |___/   |_|     |___/   |_|   /_/ \_\ |_|_\   |_|   |___| |___/ 

As user, I can login and view all products categories(products;as-user--i-can-login-and-view-all-products-categories)
--------------------------------------------------------------------------------
20:05:53.109 [main] INFO net.serenitybdd.core.webdriver.driverproviders.ChromeDriverProvider - Starting Chrome driver instance with capabilities:
20:05:53.118 [main] INFO net.serenitybdd.core.webdriver.driverproviders.ChromeDriverProvider - Capabilities {acceptInsecureCerts: false, browserName: chrome, goog:chromeOptions: {args: [remote-allow-origins=*], extensions: []}}
20:05:53.339 [AsyncHttpClient-1-5] DEBUG org.asynchttpclient.netty.channel.NettyConnectListener - Using new Channel '[id: 0x47d4eacb, L:/127.0.0.1:56240 - R:localhost/127.0.0.1:3529]' for 'POST' to '/session'
20:05:53.548 [AsyncHttpClient-1-1] DEBUG org.asynchttpclient.netty.channel.DefaultChannelPool - Entry count for : http://localhost:17183 : 1
20:05:53.551 [AsyncHttpClient-1-1] DEBUG org.asynchttpclient.netty.channel.DefaultChannelPool - Entry count for : http://localhost:56218 : 1
20:05:53.551 [AsyncHttpClient-1-1] DEBUG org.asynchttpclient.netty.channel.DefaultChannelPool - Adding Candidate expired Channel [id: 0x0d4a1cf0, L:/127.0.0.1:56217 ! R:localhost/127.0.0.1:17183] isIdleTimeoutExpired=false isRemotelyClosed=true isTtlExpired=false
20:05:53.552 [AsyncHttpClient-1-1] DEBUG org.asynchttpclient.netty.channel.DefaultChannelPool - Closing Idle Channel [id: 0x0d4a1cf0, L:/127.0.0.1:56217 ! R:localhost/127.0.0.1:17183]
20:05:53.552 [AsyncHttpClient-1-1] DEBUG org.asynchttpclient.netty.channel.DefaultChannelPool - Adding Candidate expired Channel [id: 0x0a1c46e9, L:/127.0.0.1:56223 ! R:localhost/127.0.0.1:56218] isIdleTimeoutExpired=false isRemotelyClosed=true isTtlExpired=false
20:05:53.552 [AsyncHttpClient-1-1] DEBUG org.asynchttpclient.netty.channel.DefaultChannelPool - Closing Idle Channel [id: 0x0a1c46e9, L:/127.0.0.1:56223 ! R:localhost/127.0.0.1:56218]
20:05:53.552 [AsyncHttpClient-1-1] DEBUG org.asynchttpclient.netty.channel.DefaultChannelPool - Closed 2 connections out of 2 in 1 ms
20:06:00.023 [AsyncHttpClient-1-5] DEBUG org.asynchttpclient.netty.handler.HttpHandler - 

Request DefaultHttpRequest(decodeResult: success, version: HTTP/1.1)
POST /session HTTP/1.1
User-Agent: selenium/4.8.1 (java mac)
Content-Length: 507
Content-Type: application/json; charset=utf-8
host: localhost:3529
accept: */*

Response DefaultHttpResponse(decodeResult: success, version: HTTP/1.1)
HTTP/1.1 200 OK
Content-Length: 869
Content-Type: application/json; charset=utf-8
cache-control: no-cache

20:06:00.052 [AsyncHttpClient-1-5] DEBUG org.asynchttpclient.netty.channel.ChannelManager - Adding key: http://localhost:3529 for channel [id: 0x47d4eacb, L:/127.0.0.1:56240 - R:localhost/127.0.0.1:3529]
20:06:00.145 [AsyncHttpClient-1-1] DEBUG org.asynchttpclient.netty.channel.DefaultChannelPool - Entry count for : http://localhost:3529 : 1
20:06:00.220 [AsyncHttpClient-1-6] DEBUG org.asynchttpclient.netty.channel.NettyConnectListener - Using new Channel '[id: 0x51b3e2e9, L:/127.0.0.1:56246 - R:localhost/127.0.0.1:56241]' for 'GET' to '/json/version'
20:06:00.249 [AsyncHttpClient-1-6] DEBUG org.asynchttpclient.netty.handler.HttpHandler - 

Request DefaultFullHttpRequest(decodeResult: success, version: HTTP/1.1, content: EmptyByteBufBE)
GET /json/version HTTP/1.1
User-Agent: selenium/4.8.1 (java mac)
host: localhost:56241
accept: */*

Response DefaultHttpResponse(decodeResult: success, version: HTTP/1.1)
HTTP/1.1 200 OK
Content-Security-Policy: frame-ancestors 'none'
Content-Length: 422
Content-Type: application/json; charset=UTF-8

20:06:00.252 [AsyncHttpClient-1-6] DEBUG org.asynchttpclient.netty.channel.ChannelManager - Adding key: http://localhost:56241 for channel [id: 0x51b3e2e9, L:/127.0.0.1:56246 - R:localhost/127.0.0.1:56241]
20:06:00.290 [AsyncHttpClient-1-7] DEBUG org.asynchttpclient.netty.channel.NettyConnectListener - Using new Channel '[id: 0x88b19e6d, L:/127.0.0.1:56247 - R:localhost/127.0.0.1:56241]' for 'GET' to '/devtools/browser/8fe87943-95c3-40bf-aac4-626bda24b913'
20:06:00.299 [AsyncHttpClient-1-7] DEBUG org.asynchttpclient.netty.handler.WebSocketHandler - 

Request DefaultFullHttpRequest(decodeResult: success, version: HTTP/1.1, content: EmptyByteBufBE)
GET /devtools/browser/8fe87943-95c3-40bf-aac4-626bda24b913 HTTP/1.1
upgrade: websocket
connection: upgrade
sec-websocket-key: TAiwmENVcPU3BHzU1gIJmg==
sec-websocket-version: 13
origin: http://localhost:56241
host: localhost:56241
accept: */*
user-agent: AHC/2.1

Response DefaultHttpResponse(decodeResult: success, version: HTTP/1.1)
HTTP/1.1 101 WebSocket Protocol Handshake
Upgrade: WebSocket
Connection: Upgrade
Sec-WebSocket-Accept: 6XJUSnWY5V1qxhcV8L8Cm1MDk3Y=

20:06:00.355 [Forwarding get on session d5d07d4685e2c448902f1ff3e3380e74 to remote] DEBUG org.asynchttpclient.netty.request.NettyRequestSender - Using pooled Channel '[id: 0x47d4eacb, L:/127.0.0.1:56240 - R:localhost/127.0.0.1:3529]' for 'POST' to 'http://localhost:3529/session/d5d07d4685e2c448902f1ff3e3380e74/url'
20:06:00.355 [Forwarding get on session d5d07d4685e2c448902f1ff3e3380e74 to remote] DEBUG org.asynchttpclient.netty.request.NettyRequestSender - Using open Channel [id: 0x47d4eacb, L:/127.0.0.1:56240 - R:localhost/127.0.0.1:3529] for POST '/session/d5d07d4685e2c448902f1ff3e3380e74/url'
20:06:01.248 [AsyncHttpClient-1-1] DEBUG org.asynchttpclient.netty.channel.DefaultChannelPool - Entry count for : http://localhost:56241 : 1
20:06:02.349 [AsyncHttpClient-1-1] DEBUG org.asynchttpclient.netty.channel.DefaultChannelPool - Entry count for : http://localhost:56241 : 1
20:06:03.458 [AsyncHttpClient-1-1] DEBUG org.asynchttpclient.netty.channel.DefaultChannelPool - Entry count for : http://localhost:56241 : 1
20:06:04.545 [AsyncHttpClient-1-1] DEBUG org.asynchttpclient.netty.channel.DefaultChannelPool - Entry count for : http://localhost:56241 : 1
20:06:05.649 [AsyncHttpClient-1-1] DEBUG org.asynchttpclient.netty.channel.DefaultChannelPool - Entry count for : http://localhost:56241 : 1
20:06:06.746 [AsyncHttpClient-1-1] DEBUG org.asynchttpclient.netty.channel.DefaultChannelPool - Entry count for : http://localhost:56241 : 1
20:06:07.848 [AsyncHttpClient-1-1] DEBUG org.asynchttpclient.netty.channel.DefaultChannelPool - Entry count for : http://localhost:56241 : 1
20:06:08.947 [AsyncHttpClient-1-1] DEBUG org.asynchttpclient.netty.channel.DefaultChannelPool - Entry count for : http://localhost:56241 : 1
20:06:10.050 [AsyncHttpClient-1-1] DEBUG org.asynchttpclient.netty.channel.DefaultChannelPool - Entry count for : http://localhost:56241 : 1
20:06:11.150 [AsyncHttpClient-1-1] DEBUG org.asynchttpclient.netty.channel.DefaultChannelPool - Entry count for : http://localhost:56241 : 1
20:06:12.248 [AsyncHttpClient-1-1] DEBUG org.asynchttpclient.netty.channel.DefaultChannelPool - Entry count for : http://localhost:56241 : 1
20:06:13.350 [AsyncHttpClient-1-1] DEBUG org.asynchttpclient.netty.channel.DefaultChannelPool - Entry count for : http://localhost:56241 : 1
20:06:13.363 [AsyncHttpClient-1-5] DEBUG org.asynchttpclient.netty.handler.HttpHandler - 

Request DefaultHttpRequest(decodeResult: success, version: HTTP/1.1)
POST /session/d5d07d4685e2c448902f1ff3e3380e74/url HTTP/1.1
User-Agent: selenium/4.8.1 (java mac)
Content-Length: 53
Content-Type: application/json; charset=utf-8
host: localhost:3529
accept: */*

Response DefaultHttpResponse(decodeResult: success, version: HTTP/1.1)
HTTP/1.1 200 OK
Content-Length: 14
Content-Type: application/json; charset=utf-8
cache-control: no-cache

20:06:13.364 [AsyncHttpClient-1-5] DEBUG org.asynchttpclient.netty.channel.ChannelManager - Adding key: http://localhost:3529 for channel [id: 0x47d4eacb, L:/127.0.0.1:56240 - R:localhost/127.0.0.1:3529]
20:06:13.375 [Forwarding setTimeout on session d5d07d4685e2c448902f1ff3e3380e74 to remote] DEBUG org.asynchttpclient.netty.request.NettyRequestSender - Using pooled Channel '[id: 0x47d4eacb, L:/127.0.0.1:56240 - R:localhost/127.0.0.1:3529]' for 'POST' to 'http://localhost:3529/session/d5d07d4685e2c448902f1ff3e3380e74/timeouts'
20:06:13.375 [Forwarding setTimeout on session d5d07d4685e2c448902f1ff3e3380e74 to remote] DEBUG org.asynchttpclient.netty.request.NettyRequestSender - Using open Channel [id: 0x47d4eacb, L:/127.0.0.1:56240 - R:localhost/127.0.0.1:3529] for POST '/session/d5d07d4685e2c448902f1ff3e3380e74/timeouts'
20:06:13.377 [AsyncHttpClient-1-5] DEBUG org.asynchttpclient.netty.handler.HttpHandler - 

Request DefaultHttpRequest(decodeResult: success, version: HTTP/1.1)
POST /session/d5d07d4685e2c448902f1ff3e3380e74/timeouts HTTP/1.1
User-Agent: selenium/4.8.1 (java mac)
Content-Length: 22
Content-Type: application/json; charset=utf-8
host: localhost:3529
accept: */*

Response DefaultHttpResponse(decodeResult: success, version: HTTP/1.1)
HTTP/1.1 200 OK
Content-Length: 14
Content-Type: application/json; charset=utf-8
cache-control: no-cache

20:06:13.378 [AsyncHttpClient-1-5] DEBUG org.asynchttpclient.netty.channel.ChannelManager - Adding key: http://localhost:3529 for channel [id: 0x47d4eacb, L:/127.0.0.1:56240 - R:localhost/127.0.0.1:3529]
20:06:13.416 [Forwarding getAlertText on session d5d07d4685e2c448902f1ff3e3380e74 to remote] DEBUG org.asynchttpclient.netty.request.NettyRequestSender - Using pooled Channel '[id: 0x47d4eacb, L:/127.0.0.1:56240 - R:localhost/127.0.0.1:3529]' for 'GET' to 'http://localhost:3529/session/d5d07d4685e2c448902f1ff3e3380e74/alert/text'
20:06:13.416 [Forwarding getAlertText on session d5d07d4685e2c448902f1ff3e3380e74 to remote] DEBUG org.asynchttpclient.netty.request.NettyRequestSender - Using open Channel [id: 0x47d4eacb, L:/127.0.0.1:56240 - R:localhost/127.0.0.1:3529] for GET '/session/d5d07d4685e2c448902f1ff3e3380e74/alert/text'
20:06:13.425 [AsyncHttpClient-1-5] DEBUG org.asynchttpclient.netty.handler.HttpHandler - 

Request DefaultFullHttpRequest(decodeResult: success, version: HTTP/1.1, content: EmptyByteBufBE)
GET /session/d5d07d4685e2c448902f1ff3e3380e74/alert/text HTTP/1.1
User-Agent: selenium/4.8.1 (java mac)
Cache-Control: no-cache
Content-Type: application/json; charset=utf-8
host: localhost:3529
accept: */*

Response DefaultHttpResponse(decodeResult: success, version: HTTP/1.1)
HTTP/1.1 404 Not Found
Content-Length: 1763
Content-Type: application/json; charset=utf-8
cache-control: no-cache

20:06:13.426 [AsyncHttpClient-1-5] DEBUG org.asynchttpclient.netty.channel.ChannelManager - Adding key: http://localhost:3529 for channel [id: 0x47d4eacb, L:/127.0.0.1:56240 - R:localhost/127.0.0.1:3529]
20:06:13.430 [Forwarding getCurrentUrl on session d5d07d4685e2c448902f1ff3e3380e74 to remote] DEBUG org.asynchttpclient.netty.request.NettyRequestSender - Using pooled Channel '[id: 0x47d4eacb, L:/127.0.0.1:56240 - R:localhost/127.0.0.1:3529]' for 'GET' to 'http://localhost:3529/session/d5d07d4685e2c448902f1ff3e3380e74/url'
20:06:13.430 [Forwarding getCurrentUrl on session d5d07d4685e2c448902f1ff3e3380e74 to remote] DEBUG org.asynchttpclient.netty.request.NettyRequestSender - Using open Channel [id: 0x47d4eacb, L:/127.0.0.1:56240 - R:localhost/127.0.0.1:3529] for GET '/session/d5d07d4685e2c448902f1ff3e3380e74/url'
20:06:13.475 [AsyncHttpClient-1-5] DEBUG org.asynchttpclient.netty.handler.HttpHandler - 

Request DefaultFullHttpRequest(decodeResult: success, version: HTTP/1.1, content: EmptyByteBufBE)
GET /session/d5d07d4685e2c448902f1ff3e3380e74/url HTTP/1.1
User-Agent: selenium/4.8.1 (java mac)
Cache-Control: no-cache
Content-Type: application/json; charset=utf-8
host: localhost:3529
accept: */*

Response DefaultHttpResponse(decodeResult: success, version: HTTP/1.1)
HTTP/1.1 200 OK
Content-Length: 41
Content-Type: application/json; charset=utf-8
cache-control: no-cache

20:06:13.476 [AsyncHttpClient-1-5] DEBUG org.asynchttpclient.netty.channel.ChannelManager - Adding key: http://localhost:3529 for channel [id: 0x47d4eacb, L:/127.0.0.1:56240 - R:localhost/127.0.0.1:3529]
20:06:13.477 [Forwarding screenshot on session d5d07d4685e2c448902f1ff3e3380e74 to remote] DEBUG org.asynchttpclient.netty.request.NettyRequestSender - Using pooled Channel '[id: 0x47d4eacb, L:/127.0.0.1:56240 - R:localhost/127.0.0.1:3529]' for 'GET' to 'http://localhost:3529/session/d5d07d4685e2c448902f1ff3e3380e74/screenshot'
20:06:13.477 [Forwarding screenshot on session d5d07d4685e2c448902f1ff3e3380e74 to remote] DEBUG org.asynchttpclient.netty.request.NettyRequestSender - Using open Channel [id: 0x47d4eacb, L:/127.0.0.1:56240 - R:localhost/127.0.0.1:3529] for GET '/session/d5d07d4685e2c448902f1ff3e3380e74/screenshot'
20:06:13.704 [AsyncHttpClient-1-5] DEBUG org.asynchttpclient.netty.handler.HttpHandler - 

Request DefaultFullHttpRequest(decodeResult: success, version: HTTP/1.1, content: EmptyByteBufBE)
GET /session/d5d07d4685e2c448902f1ff3e3380e74/screenshot HTTP/1.1
User-Agent: selenium/4.8.1 (java mac)
Cache-Control: no-cache
Content-Type: application/json; charset=utf-8
host: localhost:3529
accept: */*

Response DefaultHttpResponse(decodeResult: success, version: HTTP/1.1)
HTTP/1.1 200 OK
Content-Length: 176288
Content-Type: application/json; charset=utf-8
cache-control: no-cache

20:06:13.705 [AsyncHttpClient-1-5] DEBUG org.asynchttpclient.netty.channel.ChannelManager - Adding key: http://localhost:3529 for channel [id: 0x47d4eacb, L:/127.0.0.1:56240 - R:localhost/127.0.0.1:3529]
20:06:13.716 [main] DEBUG net.serenitybdd.core.photography.Darkroom - Send negative for processing for target/site/serenity/62e880ea594c5605ab57320c1af36392b86605e3995980385501369639630060.png
20:06:13.721 [Forwarding getPageSource on session d5d07d4685e2c448902f1ff3e3380e74 to remote] DEBUG org.asynchttpclient.netty.request.NettyRequestSender - Using pooled Channel '[id: 0x47d4eacb, L:/127.0.0.1:56240 - R:localhost/127.0.0.1:3529]' for 'POST' to 'http://localhost:3529/session/d5d07d4685e2c448902f1ff3e3380e74/execute/sync'
20:06:13.721 [Forwarding getPageSource on session d5d07d4685e2c448902f1ff3e3380e74 to remote] DEBUG org.asynchttpclient.netty.request.NettyRequestSender - Using open Channel [id: 0x47d4eacb, L:/127.0.0.1:56240 - R:localhost/127.0.0.1:3529] for POST '/session/d5d07d4685e2c448902f1ff3e3380e74/execute/sync'
20:06:13.797 [AsyncHttpClient-1-5] DEBUG org.asynchttpclient.netty.handler.HttpHandler - 

Request DefaultHttpRequest(decodeResult: success, version: HTTP/1.1)
POST /session/d5d07d4685e2c448902f1ff3e3380e74/execute/sync HTTP/1.1
User-Agent: selenium/4.8.1 (java mac)
Content-Length: 176
Content-Type: application/json; charset=utf-8
host: localhost:3529
accept: */*

Response DefaultHttpResponse(decodeResult: success, version: HTTP/1.1)
HTTP/1.1 200 OK
Content-Length: 918569
Content-Type: application/json; charset=utf-8
cache-control: no-cache

20:06:13.806 [AsyncHttpClient-1-5] DEBUG org.asynchttpclient.netty.channel.ChannelManager - Adding key: http://localhost:3529 for channel [id: 0x47d4eacb, L:/127.0.0.1:56240 - R:localhost/127.0.0.1:3529]
20:06:13.945 [Forwarding getCurrentUrl on session d5d07d4685e2c448902f1ff3e3380e74 to remote] DEBUG org.asynchttpclient.netty.request.NettyRequestSender - Using pooled Channel '[id: 0x47d4eacb, L:/127.0.0.1:56240 - R:localhost/127.0.0.1:3529]' for 'GET' to 'http://localhost:3529/session/d5d07d4685e2c448902f1ff3e3380e74/url'
20:06:13.945 [Forwarding getCurrentUrl on session d5d07d4685e2c448902f1ff3e3380e74 to remote] DEBUG org.asynchttpclient.netty.request.NettyRequestSender - Using open Channel [id: 0x47d4eacb, L:/127.0.0.1:56240 - R:localhost/127.0.0.1:3529] for GET '/session/d5d07d4685e2c448902f1ff3e3380e74/url'
20:06:13.949 [AsyncHttpClient-1-5] DEBUG org.asynchttpclient.netty.handler.HttpHandler - 

Request DefaultFullHttpRequest(decodeResult: success, version: HTTP/1.1, content: EmptyByteBufBE)
GET /session/d5d07d4685e2c448902f1ff3e3380e74/url HTTP/1.1
User-Agent: selenium/4.8.1 (java mac)
Cache-Control: no-cache
Content-Type: application/json; charset=utf-8
host: localhost:3529
accept: */*

Response DefaultHttpResponse(decodeResult: success, version: HTTP/1.1)
HTTP/1.1 200 OK
Content-Length: 41
Content-Type: application/json; charset=utf-8
cache-control: no-cache

20:06:13.949 [AsyncHttpClient-1-5] DEBUG org.asynchttpclient.netty.channel.ChannelManager - Adding key: http://localhost:3529 for channel [id: 0x47d4eacb, L:/127.0.0.1:56240 - R:localhost/127.0.0.1:3529]
20:06:13.955 [main] DEBUG net.thucydides.core.steps.StepInterceptor - STARTING STEP: viewAllProductsCategorySteps.openTheHomePage - openTheHomePage
20:06:13.958 [Forwarding findElement on session d5d07d4685e2c448902f1ff3e3380e74 to remote] DEBUG org.asynchttpclient.netty.request.NettyRequestSender - Using pooled Channel '[id: 0x47d4eacb, L:/127.0.0.1:56240 - R:localhost/127.0.0.1:3529]' for 'POST' to 'http://localhost:3529/session/d5d07d4685e2c448902f1ff3e3380e74/element'
20:06:13.958 [Forwarding findElement on session d5d07d4685e2c448902f1ff3e3380e74 to remote] DEBUG org.asynchttpclient.netty.request.NettyRequestSender - Using open Channel [id: 0x47d4eacb, L:/127.0.0.1:56240 - R:localhost/127.0.0.1:3529] for POST '/session/d5d07d4685e2c448902f1ff3e3380e74/element'
20:06:14.049 [AsyncHttpClient-1-5] DEBUG org.asynchttpclient.netty.handler.HttpHandler - 

Request DefaultHttpRequest(decodeResult: success, version: HTTP/1.1)
POST /session/d5d07d4685e2c448902f1ff3e3380e74/element HTTP/1.1
User-Agent: selenium/4.8.1 (java mac)
Content-Length: 54
Content-Type: application/json; charset=utf-8
host: localhost:3529
accept: */*

Response DefaultHttpResponse(decodeResult: success, version: HTTP/1.1)
HTTP/1.1 200 OK
Content-Length: 88
Content-Type: application/json; charset=utf-8
cache-control: no-cache

20:06:14.049 [AsyncHttpClient-1-5] DEBUG org.asynchttpclient.netty.channel.ChannelManager - Adding key: http://localhost:3529 for channel [id: 0x47d4eacb, L:/127.0.0.1:56240 - R:localhost/127.0.0.1:3529]
20:06:14.055 [Forwarding isElementDisplayed on session d5d07d4685e2c448902f1ff3e3380e74 to remote] DEBUG org.asynchttpclient.netty.request.NettyRequestSender - Using pooled Channel '[id: 0x47d4eacb, L:/127.0.0.1:56240 - R:localhost/127.0.0.1:3529]' for 'POST' to 'http://localhost:3529/session/d5d07d4685e2c448902f1ff3e3380e74/execute/sync'
20:06:14.056 [Forwarding isElementDisplayed on session d5d07d4685e2c448902f1ff3e3380e74 to remote] DEBUG org.asynchttpclient.netty.request.NettyRequestSender - Using open Channel [id: 0x47d4eacb, L:/127.0.0.1:56240 - R:localhost/127.0.0.1:3529] for POST '/session/d5d07d4685e2c448902f1ff3e3380e74/execute/sync'
20:06:14.094 [AsyncHttpClient-1-5] DEBUG org.asynchttpclient.netty.handler.HttpHandler - 

Request DefaultHttpRequest(decodeResult: success, version: HTTP/1.1)
POST /session/d5d07d4685e2c448902f1ff3e3380e74/execute/sync HTTP/1.1
User-Agent: selenium/4.8.1 (java mac)
Content-Length: 48807
Content-Type: application/json; charset=utf-8
host: localhost:3529
accept: */*

Response DefaultHttpResponse(decodeResult: success, version: HTTP/1.1)
HTTP/1.1 200 OK
Content-Length: 14
Content-Type: application/json; charset=utf-8
cache-control: no-cache

20:06:14.094 [AsyncHttpClient-1-5] DEBUG org.asynchttpclient.netty.channel.ChannelManager - Adding key: http://localhost:3529 for channel [id: 0x47d4eacb, L:/127.0.0.1:56240 - R:localhost/127.0.0.1:3529]
20:06:14.099 [Forwarding getAlertText on session d5d07d4685e2c448902f1ff3e3380e74 to remote] DEBUG org.asynchttpclient.netty.request.NettyRequestSender - Using pooled Channel '[id: 0x47d4eacb, L:/127.0.0.1:56240 - R:localhost/127.0.0.1:3529]' for 'GET' to 'http://localhost:3529/session/d5d07d4685e2c448902f1ff3e3380e74/alert/text'
20:06:14.099 [Forwarding getAlertText on session d5d07d4685e2c448902f1ff3e3380e74 to remote] DEBUG org.asynchttpclient.netty.request.NettyRequestSender - Using open Channel [id: 0x47d4eacb, L:/127.0.0.1:56240 - R:localhost/127.0.0.1:3529] for GET '/session/d5d07d4685e2c448902f1ff3e3380e74/alert/text'
20:06:14.102 [AsyncHttpClient-1-5] DEBUG org.asynchttpclient.netty.handler.HttpHandler - 

Request DefaultFullHttpRequest(decodeResult: success, version: HTTP/1.1, content: EmptyByteBufBE)
GET /session/d5d07d4685e2c448902f1ff3e3380e74/alert/text HTTP/1.1
User-Agent: selenium/4.8.1 (java mac)
Cache-Control: no-cache
Content-Type: application/json; charset=utf-8
host: localhost:3529
accept: */*

Response DefaultHttpResponse(decodeResult: success, version: HTTP/1.1)
HTTP/1.1 404 Not Found
Content-Length: 1763
Content-Type: application/json; charset=utf-8
cache-control: no-cache

20:06:14.102 [AsyncHttpClient-1-5] DEBUG org.asynchttpclient.netty.channel.ChannelManager - Adding key: http://localhost:3529 for channel [id: 0x47d4eacb, L:/127.0.0.1:56240 - R:localhost/127.0.0.1:3529]
20:06:14.104 [Forwarding getCurrentUrl on session d5d07d4685e2c448902f1ff3e3380e74 to remote] DEBUG org.asynchttpclient.netty.request.NettyRequestSender - Using pooled Channel '[id: 0x47d4eacb, L:/127.0.0.1:56240 - R:localhost/127.0.0.1:3529]' for 'GET' to 'http://localhost:3529/session/d5d07d4685e2c448902f1ff3e3380e74/url'
20:06:14.104 [Forwarding getCurrentUrl on session d5d07d4685e2c448902f1ff3e3380e74 to remote] DEBUG org.asynchttpclient.netty.request.NettyRequestSender - Using open Channel [id: 0x47d4eacb, L:/127.0.0.1:56240 - R:localhost/127.0.0.1:3529] for GET '/session/d5d07d4685e2c448902f1ff3e3380e74/url'
20:06:14.106 [AsyncHttpClient-1-5] DEBUG org.asynchttpclient.netty.handler.HttpHandler - 

Request DefaultFullHttpRequest(decodeResult: success, version: HTTP/1.1, content: EmptyByteBufBE)
GET /session/d5d07d4685e2c448902f1ff3e3380e74/url HTTP/1.1
User-Agent: selenium/4.8.1 (java mac)
Cache-Control: no-cache
Content-Type: application/json; charset=utf-8
host: localhost:3529
accept: */*

Response DefaultHttpResponse(decodeResult: success, version: HTTP/1.1)
HTTP/1.1 200 OK
Content-Length: 41
Content-Type: application/json; charset=utf-8
cache-control: no-cache

20:06:14.106 [AsyncHttpClient-1-5] DEBUG org.asynchttpclient.netty.channel.ChannelManager - Adding key: http://localhost:3529 for channel [id: 0x47d4eacb, L:/127.0.0.1:56240 - R:localhost/127.0.0.1:3529]
20:06:14.107 [Forwarding screenshot on session d5d07d4685e2c448902f1ff3e3380e74 to remote] DEBUG org.asynchttpclient.netty.request.NettyRequestSender - Using pooled Channel '[id: 0x47d4eacb, L:/127.0.0.1:56240 - R:localhost/127.0.0.1:3529]' for 'GET' to 'http://localhost:3529/session/d5d07d4685e2c448902f1ff3e3380e74/screenshot'
20:06:14.107 [Forwarding screenshot on session d5d07d4685e2c448902f1ff3e3380e74 to remote] DEBUG org.asynchttpclient.netty.request.NettyRequestSender - Using open Channel [id: 0x47d4eacb, L:/127.0.0.1:56240 - R:localhost/127.0.0.1:3529] for GET '/session/d5d07d4685e2c448902f1ff3e3380e74/screenshot'
20:06:14.289 [AsyncHttpClient-1-5] DEBUG org.asynchttpclient.netty.handler.HttpHandler - 

Request DefaultFullHttpRequest(decodeResult: success, version: HTTP/1.1, content: EmptyByteBufBE)
GET /session/d5d07d4685e2c448902f1ff3e3380e74/screenshot HTTP/1.1
User-Agent: selenium/4.8.1 (java mac)
Cache-Control: no-cache
Content-Type: application/json; charset=utf-8
host: localhost:3529
accept: */*

Response DefaultHttpResponse(decodeResult: success, version: HTTP/1.1)
HTTP/1.1 200 OK
Content-Length: 176288
Content-Type: application/json; charset=utf-8
cache-control: no-cache

20:06:14.289 [AsyncHttpClient-1-5] DEBUG org.asynchttpclient.netty.channel.ChannelManager - Adding key: http://localhost:3529 for channel [id: 0x47d4eacb, L:/127.0.0.1:56240 - R:localhost/127.0.0.1:3529]
20:06:14.297 [main] DEBUG net.serenitybdd.core.photography.Darkroom - Send negative for processing for target/site/serenity/62e880ea594c5605ab57320c1af36392b86605e3995980385501369639630060.png
20:06:14.299 [main] DEBUG net.thucydides.core.steps.StepInterceptor - STEP DONE: openTheHomePage
  &amp#27;[32mGiven &amp#27;[0m&amp#27;[32mI am open the home page to view all products categories&amp#27;[0m  &amp#27;[90m# starter.stepdefinitions.viewAllProductsCategorySteps.openTheHomePage()&amp#27;[0m
20:06:14.310 [Forwarding getPageSource on session d5d07d4685e2c448902f1ff3e3380e74 to remote] DEBUG org.asynchttpclient.netty.request.NettyRequestSender - Using pooled Channel '[id: 0x47d4eacb, L:/127.0.0.1:56240 - R:localhost/127.0.0.1:3529]' for 'POST' to 'http://localhost:3529/session/d5d07d4685e2c448902f1ff3e3380e74/execute/sync'
20:06:14.310 [Forwarding getPageSource on session d5d07d4685e2c448902f1ff3e3380e74 to remote] DEBUG org.asynchttpclient.netty.request.NettyRequestSender - Using open Channel [id: 0x47d4eacb, L:/127.0.0.1:56240 - R:localhost/127.0.0.1:3529] for POST '/session/d5d07d4685e2c448902f1ff3e3380e74/execute/sync'
20:06:14.342 [AsyncHttpClient-1-5] DEBUG org.asynchttpclient.netty.handler.HttpHandler - 

Request DefaultHttpRequest(decodeResult: success, version: HTTP/1.1)
POST /session/d5d07d4685e2c448902f1ff3e3380e74/execute/sync HTTP/1.1
User-Agent: selenium/4.8.1 (java mac)
Content-Length: 176
Content-Type: application/json; charset=utf-8
host: localhost:3529
accept: */*

Response DefaultHttpResponse(decodeResult: success, version: HTTP/1.1)
HTTP/1.1 200 OK
Content-Length: 918569
Content-Type: application/json; charset=utf-8
cache-control: no-cache

20:06:14.346 [AsyncHttpClient-1-5] DEBUG org.asynchttpclient.netty.channel.ChannelManager - Adding key: http://localhost:3529 for channel [id: 0x47d4eacb, L:/127.0.0.1:56240 - R:localhost/127.0.0.1:3529]
20:06:14.450 [AsyncHttpClient-1-1] DEBUG org.asynchttpclient.netty.channel.DefaultChannelPool - Entry count for : http://localhost:56241 : 1
20:06:14.450 [AsyncHttpClient-1-1] DEBUG org.asynchttpclient.netty.channel.DefaultChannelPool - Entry count for : http://localhost:3529 : 1
20:06:14.465 [Forwarding getCurrentUrl on session d5d07d4685e2c448902f1ff3e3380e74 to remote] DEBUG org.asynchttpclient.netty.request.NettyRequestSender - Using pooled Channel '[id: 0x47d4eacb, L:/127.0.0.1:56240 - R:localhost/127.0.0.1:3529]' for 'GET' to 'http://localhost:3529/session/d5d07d4685e2c448902f1ff3e3380e74/url'
20:06:14.466 [Forwarding getCurrentUrl on session d5d07d4685e2c448902f1ff3e3380e74 to remote] DEBUG org.asynchttpclient.netty.request.NettyRequestSender - Using open Channel [id: 0x47d4eacb, L:/127.0.0.1:56240 - R:localhost/127.0.0.1:3529] for GET '/session/d5d07d4685e2c448902f1ff3e3380e74/url'
20:06:14.470 [AsyncHttpClient-1-5] DEBUG org.asynchttpclient.netty.handler.HttpHandler - 

Request DefaultFullHttpRequest(decodeResult: success, version: HTTP/1.1, content: EmptyByteBufBE)
GET /session/d5d07d4685e2c448902f1ff3e3380e74/url HTTP/1.1
User-Agent: selenium/4.8.1 (java mac)
Cache-Control: no-cache
Content-Type: application/json; charset=utf-8
host: localhost:3529
accept: */*

Response DefaultHttpResponse(decodeResult: success, version: HTTP/1.1)
HTTP/1.1 200 OK
Content-Length: 41
Content-Type: application/json; charset=utf-8
cache-control: no-cache

20:06:14.470 [AsyncHttpClient-1-5] DEBUG org.asynchttpclient.netty.channel.ChannelManager - Adding key: http://localhost:3529 for channel [id: 0x47d4eacb, L:/127.0.0.1:56240 - R:localhost/127.0.0.1:3529]
20:06:14.501 [Forwarding getAlertText on session d5d07d4685e2c448902f1ff3e3380e74 to remote] DEBUG org.asynchttpclient.netty.request.NettyRequestSender - Using pooled Channel '[id: 0x47d4eacb, L:/127.0.0.1:56240 - R:localhost/127.0.0.1:3529]' for 'GET' to 'http://localhost:3529/session/d5d07d4685e2c448902f1ff3e3380e74/alert/text'
20:06:14.501 [Forwarding getAlertText on session d5d07d4685e2c448902f1ff3e3380e74 to remote] DEBUG org.asynchttpclient.netty.request.NettyRequestSender - Using open Channel [id: 0x47d4eacb, L:/127.0.0.1:56240 - R:localhost/127.0.0.1:3529] for GET '/session/d5d07d4685e2c448902f1ff3e3380e74/alert/text'
20:06:14.507 [AsyncHttpClient-1-5] DEBUG org.asynchttpclient.netty.handler.HttpHandler - 

Request DefaultFullHttpRequest(decodeResult: success, version: HTTP/1.1, content: EmptyByteBufBE)
GET /session/d5d07d4685e2c448902f1ff3e3380e74/alert/text HTTP/1.1
User-Agent: selenium/4.8.1 (java mac)
Cache-Control: no-cache
Content-Type: application/json; charset=utf-8
host: localhost:3529
accept: */*

Response DefaultHttpResponse(decodeResult: success, version: HTTP/1.1)
HTTP/1.1 404 Not Found
Content-Length: 1763
Content-Type: application/json; charset=utf-8
cache-control: no-cache

20:06:14.507 [AsyncHttpClient-1-5] DEBUG org.asynchttpclient.netty.channel.ChannelManager - Adding key: http://localhost:3529 for channel [id: 0x47d4eacb, L:/127.0.0.1:56240 - R:localhost/127.0.0.1:3529]
20:06:14.533 [Forwarding getCurrentUrl on session d5d07d4685e2c448902f1ff3e3380e74 to remote] DEBUG org.asynchttpclient.netty.request.NettyRequestSender - Using pooled Channel '[id: 0x47d4eacb, L:/127.0.0.1:56240 - R:localhost/127.0.0.1:3529]' for 'GET' to 'http://localhost:3529/session/d5d07d4685e2c448902f1ff3e3380e74/url'
20:06:14.534 [Forwarding getCurrentUrl on session d5d07d4685e2c448902f1ff3e3380e74 to remote] DEBUG org.asynchttpclient.netty.request.NettyRequestSender - Using open Channel [id: 0x47d4eacb, L:/127.0.0.1:56240 - R:localhost/127.0.0.1:3529] for GET '/session/d5d07d4685e2c448902f1ff3e3380e74/url'
20:06:14.540 [AsyncHttpClient-1-5] DEBUG org.asynchttpclient.netty.handler.HttpHandler - 

Request DefaultFullHttpRequest(decodeResult: success, version: HTTP/1.1, content: EmptyByteBufBE)
GET /session/d5d07d4685e2c448902f1ff3e3380e74/url HTTP/1.1
User-Agent: selenium/4.8.1 (java mac)
Cache-Control: no-cache
Content-Type: application/json; charset=utf-8
host: localhost:3529
accept: */*

Response DefaultHttpResponse(decodeResult: success, version: HTTP/1.1)
HTTP/1.1 200 OK
Content-Length: 41
Content-Type: application/json; charset=utf-8
cache-control: no-cache

20:06:14.540 [AsyncHttpClient-1-5] DEBUG org.asynchttpclient.netty.channel.ChannelManager - Adding key: http://localhost:3529 for channel [id: 0x47d4eacb, L:/127.0.0.1:56240 - R:localhost/127.0.0.1:3529]
20:06:14.542 [Forwarding screenshot on session d5d07d4685e2c448902f1ff3e3380e74 to remote] DEBUG org.asynchttpclient.netty.request.NettyRequestSender - Using pooled Channel '[id: 0x47d4eacb, L:/127.0.0.1:56240 - R:localhost/127.0.0.1:3529]' for 'GET' to 'http://localhost:3529/session/d5d07d4685e2c448902f1ff3e3380e74/screenshot'
20:06:14.542 [Forwarding screenshot on session d5d07d4685e2c448902f1ff3e3380e74 to remote] DEBUG org.asynchttpclient.netty.request.NettyRequestSender - Using open Channel [id: 0x47d4eacb, L:/127.0.0.1:56240 - R:localhost/127.0.0.1:3529] for GET '/session/d5d07d4685e2c448902f1ff3e3380e74/screenshot'
20:06:14.747 [AsyncHttpClient-1-5] DEBUG org.asynchttpclient.netty.handler.HttpHandler - 

Request DefaultFullHttpRequest(decodeResult: success, version: HTTP/1.1, content: EmptyByteBufBE)
GET /session/d5d07d4685e2c448902f1ff3e3380e74/screenshot HTTP/1.1
User-Agent: selenium/4.8.1 (java mac)
Cache-Control: no-cache
Content-Type: application/json; charset=utf-8
host: localhost:3529
accept: */*

Response DefaultHttpResponse(decodeResult: success, version: HTTP/1.1)
HTTP/1.1 200 OK
Content-Length: 176288
Content-Type: application/json; charset=utf-8
cache-control: no-cache

20:06:14.747 [AsyncHttpClient-1-5] DEBUG org.asynchttpclient.netty.channel.ChannelManager - Adding key: http://localhost:3529 for channel [id: 0x47d4eacb, L:/127.0.0.1:56240 - R:localhost/127.0.0.1:3529]
20:06:14.756 [main] DEBUG net.serenitybdd.core.photography.Darkroom - Send negative for processing for target/site/serenity/62e880ea594c5605ab57320c1af36392b86605e3995980385501369639630060.png
20:06:14.764 [Forwarding getPageSource on session d5d07d4685e2c448902f1ff3e3380e74 to remote] DEBUG org.asynchttpclient.netty.request.NettyRequestSender - Using pooled Channel '[id: 0x47d4eacb, L:/127.0.0.1:56240 - R:localhost/127.0.0.1:3529]' for 'POST' to 'http://localhost:3529/session/d5d07d4685e2c448902f1ff3e3380e74/execute/sync'
20:06:14.765 [Forwarding getPageSource on session d5d07d4685e2c448902f1ff3e3380e74 to remote] DEBUG org.asynchttpclient.netty.request.NettyRequestSender - Using open Channel [id: 0x47d4eacb, L:/127.0.0.1:56240 - R:localhost/127.0.0.1:3529] for POST '/session/d5d07d4685e2c448902f1ff3e3380e74/execute/sync'
20:06:14.798 [AsyncHttpClient-1-5] DEBUG org.asynchttpclient.netty.handler.HttpHandler - 

Request DefaultHttpRequest(decodeResult: success, version: HTTP/1.1)
POST /session/d5d07d4685e2c448902f1ff3e3380e74/execute/sync HTTP/1.1
User-Agent: selenium/4.8.1 (java mac)
Content-Length: 176
Content-Type: application/json; charset=utf-8
host: localhost:3529
accept: */*

Response DefaultHttpResponse(decodeResult: success, version: HTTP/1.1)
HTTP/1.1 200 OK
Content-Length: 918569
Content-Type: application/json; charset=utf-8
cache-control: no-cache

20:06:14.805 [AsyncHttpClient-1-5] DEBUG org.asynchttpclient.netty.channel.ChannelManager - Adding key: http://localhost:3529 for channel [id: 0x47d4eacb, L:/127.0.0.1:56240 - R:localhost/127.0.0.1:3529]
20:06:14.959 [Forwarding getCurrentUrl on session d5d07d4685e2c448902f1ff3e3380e74 to remote] DEBUG org.asynchttpclient.netty.request.NettyRequestSender - Using pooled Channel '[id: 0x47d4eacb, L:/127.0.0.1:56240 - R:localhost/127.0.0.1:3529]' for 'GET' to 'http://localhost:3529/session/d5d07d4685e2c448902f1ff3e3380e74/url'
20:06:14.960 [Forwarding getCurrentUrl on session d5d07d4685e2c448902f1ff3e3380e74 to remote] DEBUG org.asynchttpclient.netty.request.NettyRequestSender - Using open Channel [id: 0x47d4eacb, L:/127.0.0.1:56240 - R:localhost/127.0.0.1:3529] for GET '/session/d5d07d4685e2c448902f1ff3e3380e74/url'
20:06:14.963 [AsyncHttpClient-1-5] DEBUG org.asynchttpclient.netty.handler.HttpHandler - 

Request DefaultFullHttpRequest(decodeResult: success, version: HTTP/1.1, content: EmptyByteBufBE)
GET /session/d5d07d4685e2c448902f1ff3e3380e74/url HTTP/1.1
User-Agent: selenium/4.8.1 (java mac)
Cache-Control: no-cache
Content-Type: application/json; charset=utf-8
host: localhost:3529
accept: */*

Response DefaultHttpResponse(decodeResult: success, version: HTTP/1.1)
HTTP/1.1 200 OK
Content-Length: 41
Content-Type: application/json; charset=utf-8
cache-control: no-cache

20:06:14.963 [AsyncHttpClient-1-5] DEBUG org.asynchttpclient.netty.channel.ChannelManager - Adding key: http://localhost:3529 for channel [id: 0x47d4eacb, L:/127.0.0.1:56240 - R:localhost/127.0.0.1:3529]
20:06:14.968 [main] DEBUG net.thucydides.core.steps.StepInterceptor - STARTING STEP: viewAllProductsCategorySteps.openTheLoginPage - openTheLoginPage
20:06:14.974 [Forwarding findElement on session d5d07d4685e2c448902f1ff3e3380e74 to remote] DEBUG org.asynchttpclient.netty.request.NettyRequestSender - Using pooled Channel '[id: 0x47d4eacb, L:/127.0.0.1:56240 - R:localhost/127.0.0.1:3529]' for 'POST' to 'http://localhost:3529/session/d5d07d4685e2c448902f1ff3e3380e74/element'
20:06:14.974 [Forwarding findElement on session d5d07d4685e2c448902f1ff3e3380e74 to remote] DEBUG org.asynchttpclient.netty.request.NettyRequestSender - Using open Channel [id: 0x47d4eacb, L:/127.0.0.1:56240 - R:localhost/127.0.0.1:3529] for POST '/session/d5d07d4685e2c448902f1ff3e3380e74/element'
20:06:15.110 [AsyncHttpClient-1-5] DEBUG org.asynchttpclient.netty.handler.HttpHandler - 

Request DefaultHttpRequest(decodeResult: success, version: HTTP/1.1)
POST /session/d5d07d4685e2c448902f1ff3e3380e74/element HTTP/1.1
User-Agent: selenium/4.8.1 (java mac)
Content-Length: 106
Content-Type: application/json; charset=utf-8
host: localhost:3529
accept: */*

Response DefaultHttpResponse(decodeResult: success, version: HTTP/1.1)
HTTP/1.1 200 OK
Content-Length: 88
Content-Type: application/json; charset=utf-8
cache-control: no-cache

20:06:15.110 [AsyncHttpClient-1-5] DEBUG org.asynchttpclient.netty.channel.ChannelManager - Adding key: http://localhost:3529 for channel [id: 0x47d4eacb, L:/127.0.0.1:56240 - R:localhost/127.0.0.1:3529]
20:06:15.113 [Forwarding getElementTagName on session d5d07d4685e2c448902f1ff3e3380e74 to remote] DEBUG org.asynchttpclient.netty.request.NettyRequestSender - Using pooled Channel '[id: 0x47d4eacb, L:/127.0.0.1:56240 - R:localhost/127.0.0.1:3529]' for 'GET' to 'http://localhost:3529/session/d5d07d4685e2c448902f1ff3e3380e74/element/31263353-58d8-453f-baa4-bafc1889d131/name'
20:06:15.113 [Forwarding getElementTagName on session d5d07d4685e2c448902f1ff3e3380e74 to remote] DEBUG org.asynchttpclient.netty.request.NettyRequestSender - Using open Channel [id: 0x47d4eacb, L:/127.0.0.1:56240 - R:localhost/127.0.0.1:3529] for GET '/session/d5d07d4685e2c448902f1ff3e3380e74/element/31263353-58d8-453f-baa4-bafc1889d131/name'
20:06:15.118 [AsyncHttpClient-1-5] DEBUG org.asynchttpclient.netty.handler.HttpHandler - 

Request DefaultFullHttpRequest(decodeResult: success, version: HTTP/1.1, content: EmptyByteBufBE)
GET /session/d5d07d4685e2c448902f1ff3e3380e74/element/31263353-58d8-453f-baa4-bafc1889d131/name HTTP/1.1
User-Agent: selenium/4.8.1 (java mac)
Cache-Control: no-cache
Content-Type: application/json; charset=utf-8
host: localhost:3529
accept: */*

Response DefaultHttpResponse(decodeResult: success, version: HTTP/1.1)
HTTP/1.1 200 OK
Content-Length: 13
Content-Type: application/json; charset=utf-8
cache-control: no-cache

20:06:15.118 [AsyncHttpClient-1-5] DEBUG org.asynchttpclient.netty.channel.ChannelManager - Adding key: http://localhost:3529 for channel [id: 0x47d4eacb, L:/127.0.0.1:56240 - R:localhost/127.0.0.1:3529]
20:06:15.120 [Forwarding getElementTagName on session d5d07d4685e2c448902f1ff3e3380e74 to remote] DEBUG org.asynchttpclient.netty.request.NettyRequestSender - Using pooled Channel '[id: 0x47d4eacb, L:/127.0.0.1:56240 - R:localhost/127.0.0.1:3529]' for 'GET' to 'http://localhost:3529/session/d5d07d4685e2c448902f1ff3e3380e74/element/31263353-58d8-453f-baa4-bafc1889d131/name'
20:06:15.120 [Forwarding getElementTagName on session d5d07d4685e2c448902f1ff3e3380e74 to remote] DEBUG org.asynchttpclient.netty.request.NettyRequestSender - Using open Channel [id: 0x47d4eacb, L:/127.0.0.1:56240 - R:localhost/127.0.0.1:3529] for GET '/session/d5d07d4685e2c448902f1ff3e3380e74/element/31263353-58d8-453f-baa4-bafc1889d131/name'
20:06:15.122 [AsyncHttpClient-1-5] DEBUG org.asynchttpclient.netty.handler.HttpHandler - 

Request DefaultFullHttpRequest(decodeResult: success, version: HTTP/1.1, content: EmptyByteBufBE)
GET /session/d5d07d4685e2c448902f1ff3e3380e74/element/31263353-58d8-453f-baa4-bafc1889d131/name HTTP/1.1
User-Agent: selenium/4.8.1 (java mac)
Cache-Control: no-cache
Content-Type: application/json; charset=utf-8
host: localhost:3529
accept: */*

Response DefaultHttpResponse(decodeResult: success, version: HTTP/1.1)
HTTP/1.1 200 OK
Content-Length: 13
Content-Type: application/json; charset=utf-8
cache-control: no-cache

20:06:15.122 [AsyncHttpClient-1-5] DEBUG org.asynchttpclient.netty.channel.ChannelManager - Adding key: http://localhost:3529 for channel [id: 0x47d4eacb, L:/127.0.0.1:56240 - R:localhost/127.0.0.1:3529]
20:06:15.124 [Forwarding findElement on session d5d07d4685e2c448902f1ff3e3380e74 to remote] DEBUG org.asynchttpclient.netty.request.NettyRequestSender - Using pooled Channel '[id: 0x47d4eacb, L:/127.0.0.1:56240 - R:localhost/127.0.0.1:3529]' for 'POST' to 'http://localhost:3529/session/d5d07d4685e2c448902f1ff3e3380e74/element'
20:06:15.124 [Forwarding findElement on session d5d07d4685e2c448902f1ff3e3380e74 to remote] DEBUG org.asynchttpclient.netty.request.NettyRequestSender - Using open Channel [id: 0x47d4eacb, L:/127.0.0.1:56240 - R:localhost/127.0.0.1:3529] for POST '/session/d5d07d4685e2c448902f1ff3e3380e74/element'
20:06:15.131 [AsyncHttpClient-1-5] DEBUG org.asynchttpclient.netty.handler.HttpHandler - 

Request DefaultHttpRequest(decodeResult: success, version: HTTP/1.1)
POST /session/d5d07d4685e2c448902f1ff3e3380e74/element HTTP/1.1
User-Agent: selenium/4.8.1 (java mac)
Content-Length: 106
Content-Type: application/json; charset=utf-8
host: localhost:3529
accept: */*

Response DefaultHttpResponse(decodeResult: success, version: HTTP/1.1)
HTTP/1.1 200 OK
Content-Length: 88
Content-Type: application/json; charset=utf-8
cache-control: no-cache

20:06:15.131 [AsyncHttpClient-1-5] DEBUG org.asynchttpclient.netty.channel.ChannelManager - Adding key: http://localhost:3529 for channel [id: 0x47d4eacb, L:/127.0.0.1:56240 - R:localhost/127.0.0.1:3529]
20:06:15.132 [Forwarding clickElement on session d5d07d4685e2c448902f1ff3e3380e74 to remote] DEBUG org.asynchttpclient.netty.request.NettyRequestSender - Using pooled Channel '[id: 0x47d4eacb, L:/127.0.0.1:56240 - R:localhost/127.0.0.1:3529]' for 'POST' to 'http://localhost:3529/session/d5d07d4685e2c448902f1ff3e3380e74/element/31263353-58d8-453f-baa4-bafc1889d131/click'
20:06:15.132 [Forwarding clickElement on session d5d07d4685e2c448902f1ff3e3380e74 to remote] DEBUG org.asynchttpclient.netty.request.NettyRequestSender - Using open Channel [id: 0x47d4eacb, L:/127.0.0.1:56240 - R:localhost/127.0.0.1:3529] for POST '/session/d5d07d4685e2c448902f1ff3e3380e74/element/31263353-58d8-453f-baa4-bafc1889d131/click'
20:06:15.503 [AsyncHttpClient-1-5] DEBUG org.asynchttpclient.netty.handler.HttpHandler - 

Request DefaultHttpRequest(decodeResult: success, version: HTTP/1.1)
POST /session/d5d07d4685e2c448902f1ff3e3380e74/element/31263353-58d8-453f-baa4-bafc1889d131/click HTTP/1.1
User-Agent: selenium/4.8.1 (java mac)
Content-Length: 50
Content-Type: application/json; charset=utf-8
host: localhost:3529
accept: */*

Response DefaultHttpResponse(decodeResult: success, version: HTTP/1.1)
HTTP/1.1 200 OK
Content-Length: 14
Content-Type: application/json; charset=utf-8
cache-control: no-cache

20:06:15.503 [AsyncHttpClient-1-5] DEBUG org.asynchttpclient.netty.channel.ChannelManager - Adding key: http://localhost:3529 for channel [id: 0x47d4eacb, L:/127.0.0.1:56240 - R:localhost/127.0.0.1:3529]
20:06:15.511 [Forwarding getAlertText on session d5d07d4685e2c448902f1ff3e3380e74 to remote] DEBUG org.asynchttpclient.netty.request.NettyRequestSender - Using pooled Channel '[id: 0x47d4eacb, L:/127.0.0.1:56240 - R:localhost/127.0.0.1:3529]' for 'GET' to 'http://localhost:3529/session/d5d07d4685e2c448902f1ff3e3380e74/alert/text'
20:06:15.512 [Forwarding getAlertText on session d5d07d4685e2c448902f1ff3e3380e74 to remote] DEBUG org.asynchttpclient.netty.request.NettyRequestSender - Using open Channel [id: 0x47d4eacb, L:/127.0.0.1:56240 - R:localhost/127.0.0.1:3529] for GET '/session/d5d07d4685e2c448902f1ff3e3380e74/alert/text'
20:06:15.550 [AsyncHttpClient-1-1] DEBUG org.asynchttpclient.netty.channel.DefaultChannelPool - Entry count for : http://localhost:56241 : 1
20:06:15.555 [AsyncHttpClient-1-5] DEBUG org.asynchttpclient.netty.handler.HttpHandler - 

Request DefaultFullHttpRequest(decodeResult: success, version: HTTP/1.1, content: EmptyByteBufBE)
GET /session/d5d07d4685e2c448902f1ff3e3380e74/alert/text HTTP/1.1
User-Agent: selenium/4.8.1 (java mac)
Cache-Control: no-cache
Content-Type: application/json; charset=utf-8
host: localhost:3529
accept: */*

Response DefaultHttpResponse(decodeResult: success, version: HTTP/1.1)
HTTP/1.1 404 Not Found
Content-Length: 1763
Content-Type: application/json; charset=utf-8
cache-control: no-cache

20:06:15.556 [AsyncHttpClient-1-5] DEBUG org.asynchttpclient.netty.channel.ChannelManager - Adding key: http://localhost:3529 for channel [id: 0x47d4eacb, L:/127.0.0.1:56240 - R:localhost/127.0.0.1:3529]
20:06:15.560 [Forwarding getCurrentUrl on session d5d07d4685e2c448902f1ff3e3380e74 to remote] DEBUG org.asynchttpclient.netty.request.NettyRequestSender - Using pooled Channel '[id: 0x47d4eacb, L:/127.0.0.1:56240 - R:localhost/127.0.0.1:3529]' for 'GET' to 'http://localhost:3529/session/d5d07d4685e2c448902f1ff3e3380e74/url'
20:06:15.560 [Forwarding getCurrentUrl on session d5d07d4685e2c448902f1ff3e3380e74 to remote] DEBUG org.asynchttpclient.netty.request.NettyRequestSender - Using open Channel [id: 0x47d4eacb, L:/127.0.0.1:56240 - R:localhost/127.0.0.1:3529] for GET '/session/d5d07d4685e2c448902f1ff3e3380e74/url'
20:06:16.059 [AsyncHttpClient-1-5] DEBUG org.asynchttpclient.netty.handler.HttpHandler - 

Request DefaultFullHttpRequest(decodeResult: success, version: HTTP/1.1, content: EmptyByteBufBE)
GET /session/d5d07d4685e2c448902f1ff3e3380e74/url HTTP/1.1
User-Agent: selenium/4.8.1 (java mac)
Cache-Control: no-cache
Content-Type: application/json; charset=utf-8
host: localhost:3529
accept: */*

Response DefaultHttpResponse(decodeResult: success, version: HTTP/1.1)
HTTP/1.1 200 OK
Content-Length: 51
Content-Type: application/json; charset=utf-8
cache-control: no-cache

20:06:16.060 [AsyncHttpClient-1-5] DEBUG org.asynchttpclient.netty.channel.ChannelManager - Adding key: http://localhost:3529 for channel [id: 0x47d4eacb, L:/127.0.0.1:56240 - R:localhost/127.0.0.1:3529]
20:06:16.062 [Forwarding screenshot on session d5d07d4685e2c448902f1ff3e3380e74 to remote] DEBUG org.asynchttpclient.netty.request.NettyRequestSender - Using pooled Channel '[id: 0x47d4eacb, L:/127.0.0.1:56240 - R:localhost/127.0.0.1:3529]' for 'GET' to 'http://localhost:3529/session/d5d07d4685e2c448902f1ff3e3380e74/screenshot'
20:06:16.062 [Forwarding screenshot on session d5d07d4685e2c448902f1ff3e3380e74 to remote] DEBUG org.asynchttpclient.netty.request.NettyRequestSender - Using open Channel [id: 0x47d4eacb, L:/127.0.0.1:56240 - R:localhost/127.0.0.1:3529] for GET '/session/d5d07d4685e2c448902f1ff3e3380e74/screenshot'
20:06:16.246 [AsyncHttpClient-1-5] DEBUG org.asynchttpclient.netty.handler.HttpHandler - 

Request DefaultFullHttpRequest(decodeResult: success, version: HTTP/1.1, content: EmptyByteBufBE)
GET /session/d5d07d4685e2c448902f1ff3e3380e74/screenshot HTTP/1.1
User-Agent: selenium/4.8.1 (java mac)
Cache-Control: no-cache
Content-Type: application/json; charset=utf-8
host: localhost:3529
accept: */*

Response DefaultHttpResponse(decodeResult: success, version: HTTP/1.1)
HTTP/1.1 200 OK
Content-Length: 61772
Content-Type: application/json; charset=utf-8
cache-control: no-cache

20:06:16.248 [AsyncHttpClient-1-5] DEBUG org.asynchttpclient.netty.channel.ChannelManager - Adding key: http://localhost:3529 for channel [id: 0x47d4eacb, L:/127.0.0.1:56240 - R:localhost/127.0.0.1:3529]
20:06:16.251 [main] DEBUG net.serenitybdd.core.photography.Darkroom - Send negative for processing for target/site/serenity/8e9cee939ce17a9fe29ea96908d1a8f3a55d0d59d1d36254b88f9fc15908342a.png
20:06:16.253 [main] DEBUG net.thucydides.core.steps.StepInterceptor - STEP DONE: openTheLoginPage
  &amp#27;[32mGiven &amp#27;[0m&amp#27;[32mI am open the login page to view all products categories&amp#27;[0m &amp#27;[90m# starter.stepdefinitions.viewAllProductsCategorySteps.openTheLoginPage()&amp#27;[0m
20:06:16.279 [Forwarding getPageSource on session d5d07d4685e2c448902f1ff3e3380e74 to remote] DEBUG org.asynchttpclient.netty.request.NettyRequestSender - Using pooled Channel '[id: 0x47d4eacb, L:/127.0.0.1:56240 - R:localhost/127.0.0.1:3529]' for 'POST' to 'http://localhost:3529/session/d5d07d4685e2c448902f1ff3e3380e74/execute/sync'
20:06:16.282 [Forwarding getPageSource on session d5d07d4685e2c448902f1ff3e3380e74 to remote] DEBUG org.asynchttpclient.netty.request.NettyRequestSender - Using open Channel [id: 0x47d4eacb, L:/127.0.0.1:56240 - R:localhost/127.0.0.1:3529] for POST '/session/d5d07d4685e2c448902f1ff3e3380e74/execute/sync'
20:06:16.291 [AsyncHttpClient-1-5] DEBUG org.asynchttpclient.netty.handler.HttpHandler - 

Request DefaultHttpRequest(decodeResult: success, version: HTTP/1.1)
POST /session/d5d07d4685e2c448902f1ff3e3380e74/execute/sync HTTP/1.1
User-Agent: selenium/4.8.1 (java mac)
Content-Length: 176
Content-Type: application/json; charset=utf-8
host: localhost:3529
accept: */*

Response DefaultHttpResponse(decodeResult: success, version: HTTP/1.1)
HTTP/1.1 200 OK
Content-Length: 21667
Content-Type: application/json; charset=utf-8
cache-control: no-cache

20:06:16.292 [AsyncHttpClient-1-5] DEBUG org.asynchttpclient.netty.channel.ChannelManager - Adding key: http://localhost:3529 for channel [id: 0x47d4eacb, L:/127.0.0.1:56240 - R:localhost/127.0.0.1:3529]
20:06:16.311 [Forwarding getCurrentUrl on session d5d07d4685e2c448902f1ff3e3380e74 to remote] DEBUG org.asynchttpclient.netty.request.NettyRequestSender - Using pooled Channel '[id: 0x47d4eacb, L:/127.0.0.1:56240 - R:localhost/127.0.0.1:3529]' for 'GET' to 'http://localhost:3529/session/d5d07d4685e2c448902f1ff3e3380e74/url'
20:06:16.312 [Forwarding getCurrentUrl on session d5d07d4685e2c448902f1ff3e3380e74 to remote] DEBUG org.asynchttpclient.netty.request.NettyRequestSender - Using open Channel [id: 0x47d4eacb, L:/127.0.0.1:56240 - R:localhost/127.0.0.1:3529] for GET '/session/d5d07d4685e2c448902f1ff3e3380e74/url'
20:06:16.316 [AsyncHttpClient-1-5] DEBUG org.asynchttpclient.netty.handler.HttpHandler - 

Request DefaultFullHttpRequest(decodeResult: success, version: HTTP/1.1, content: EmptyByteBufBE)
GET /session/d5d07d4685e2c448902f1ff3e3380e74/url HTTP/1.1
User-Agent: selenium/4.8.1 (java mac)
Cache-Control: no-cache
Content-Type: application/json; charset=utf-8
host: localhost:3529
accept: */*

Response DefaultHttpResponse(decodeResult: success, version: HTTP/1.1)
HTTP/1.1 200 OK
Content-Length: 51
Content-Type: application/json; charset=utf-8
cache-control: no-cache

20:06:16.317 [AsyncHttpClient-1-5] DEBUG org.asynchttpclient.netty.channel.ChannelManager - Adding key: http://localhost:3529 for channel [id: 0x47d4eacb, L:/127.0.0.1:56240 - R:localhost/127.0.0.1:3529]
20:06:16.353 [Forwarding getAlertText on session d5d07d4685e2c448902f1ff3e3380e74 to remote] DEBUG org.asynchttpclient.netty.request.NettyRequestSender - Using pooled Channel '[id: 0x47d4eacb, L:/127.0.0.1:56240 - R:localhost/127.0.0.1:3529]' for 'GET' to 'http://localhost:3529/session/d5d07d4685e2c448902f1ff3e3380e74/alert/text'
20:06:16.355 [Forwarding getAlertText on session d5d07d4685e2c448902f1ff3e3380e74 to remote] DEBUG org.asynchttpclient.netty.request.NettyRequestSender - Using open Channel [id: 0x47d4eacb, L:/127.0.0.1:56240 - R:localhost/127.0.0.1:3529] for GET '/session/d5d07d4685e2c448902f1ff3e3380e74/alert/text'
20:06:16.361 [AsyncHttpClient-1-5] DEBUG org.asynchttpclient.netty.handler.HttpHandler - 

Request DefaultFullHttpRequest(decodeResult: success, version: HTTP/1.1, content: EmptyByteBufBE)
GET /session/d5d07d4685e2c448902f1ff3e3380e74/alert/text HTTP/1.1
User-Agent: selenium/4.8.1 (java mac)
Cache-Control: no-cache
Content-Type: application/json; charset=utf-8
host: localhost:3529
accept: */*

Response DefaultHttpResponse(decodeResult: success, version: HTTP/1.1)
HTTP/1.1 404 Not Found
Content-Length: 1763
Content-Type: application/json; charset=utf-8
cache-control: no-cache

20:06:16.362 [AsyncHttpClient-1-5] DEBUG org.asynchttpclient.netty.channel.ChannelManager - Adding key: http://localhost:3529 for channel [id: 0x47d4eacb, L:/127.0.0.1:56240 - R:localhost/127.0.0.1:3529]
20:06:16.369 [Forwarding getCurrentUrl on session d5d07d4685e2c448902f1ff3e3380e74 to remote] DEBUG org.asynchttpclient.netty.request.NettyRequestSender - Using pooled Channel '[id: 0x47d4eacb, L:/127.0.0.1:56240 - R:localhost/127.0.0.1:3529]' for 'GET' to 'http://localhost:3529/session/d5d07d4685e2c448902f1ff3e3380e74/url'
20:06:16.369 [Forwarding getCurrentUrl on session d5d07d4685e2c448902f1ff3e3380e74 to remote] DEBUG org.asynchttpclient.netty.request.NettyRequestSender - Using open Channel [id: 0x47d4eacb, L:/127.0.0.1:56240 - R:localhost/127.0.0.1:3529] for GET '/session/d5d07d4685e2c448902f1ff3e3380e74/url'
20:06:16.372 [AsyncHttpClient-1-5] DEBUG org.asynchttpclient.netty.handler.HttpHandler - 

Request DefaultFullHttpRequest(decodeResult: success, version: HTTP/1.1, content: EmptyByteBufBE)
GET /session/d5d07d4685e2c448902f1ff3e3380e74/url HTTP/1.1
User-Agent: selenium/4.8.1 (java mac)
Cache-Control: no-cache
Content-Type: application/json; charset=utf-8
host: localhost:3529
accept: */*

Response DefaultHttpResponse(decodeResult: success, version: HTTP/1.1)
HTTP/1.1 200 OK
Content-Length: 51
Content-Type: application/json; charset=utf-8
cache-control: no-cache

20:06:16.372 [AsyncHttpClient-1-5] DEBUG org.asynchttpclient.netty.channel.ChannelManager - Adding key: http://localhost:3529 for channel [id: 0x47d4eacb, L:/127.0.0.1:56240 - R:localhost/127.0.0.1:3529]
20:06:16.373 [Forwarding screenshot on session d5d07d4685e2c448902f1ff3e3380e74 to remote] DEBUG org.asynchttpclient.netty.request.NettyRequestSender - Using pooled Channel '[id: 0x47d4eacb, L:/127.0.0.1:56240 - R:localhost/127.0.0.1:3529]' for 'GET' to 'http://localhost:3529/session/d5d07d4685e2c448902f1ff3e3380e74/screenshot'
20:06:16.373 [Forwarding screenshot on session d5d07d4685e2c448902f1ff3e3380e74 to remote] DEBUG org.asynchttpclient.netty.request.NettyRequestSender - Using open Channel [id: 0x47d4eacb, L:/127.0.0.1:56240 - R:localhost/127.0.0.1:3529] for GET '/session/d5d07d4685e2c448902f1ff3e3380e74/screenshot'
20:06:16.537 [AsyncHttpClient-1-5] DEBUG org.asynchttpclient.netty.handler.HttpHandler - 

Request DefaultFullHttpRequest(decodeResult: success, version: HTTP/1.1, content: EmptyByteBufBE)
GET /session/d5d07d4685e2c448902f1ff3e3380e74/screenshot HTTP/1.1
User-Agent: selenium/4.8.1 (java mac)
Cache-Control: no-cache
Content-Type: application/json; charset=utf-8
host: localhost:3529
accept: */*

Response DefaultHttpResponse(decodeResult: success, version: HTTP/1.1)
HTTP/1.1 200 OK
Content-Length: 61772
Content-Type: application/json; charset=utf-8
cache-control: no-cache

20:06:16.538 [AsyncHttpClient-1-5] DEBUG org.asynchttpclient.netty.channel.ChannelManager - Adding key: http://localhost:3529 for channel [id: 0x47d4eacb, L:/127.0.0.1:56240 - R:localhost/127.0.0.1:3529]
20:06:16.546 [main] DEBUG net.serenitybdd.core.photography.Darkroom - Send negative for processing for target/site/serenity/8e9cee939ce17a9fe29ea96908d1a8f3a55d0d59d1d36254b88f9fc15908342a.png
20:06:16.551 [Forwarding getPageSource on session d5d07d4685e2c448902f1ff3e3380e74 to remote] DEBUG org.asynchttpclient.netty.request.NettyRequestSender - Using pooled Channel '[id: 0x47d4eacb, L:/127.0.0.1:56240 - R:localhost/127.0.0.1:3529]' for 'POST' to 'http://localhost:3529/session/d5d07d4685e2c448902f1ff3e3380e74/execute/sync'
20:06:16.551 [Forwarding getPageSource on session d5d07d4685e2c448902f1ff3e3380e74 to remote] DEBUG org.asynchttpclient.netty.request.NettyRequestSender - Using open Channel [id: 0x47d4eacb, L:/127.0.0.1:56240 - R:localhost/127.0.0.1:3529] for POST '/session/d5d07d4685e2c448902f1ff3e3380e74/execute/sync'
20:06:16.555 [AsyncHttpClient-1-5] DEBUG org.asynchttpclient.netty.handler.HttpHandler - 

Request DefaultHttpRequest(decodeResult: success, version: HTTP/1.1)
POST /session/d5d07d4685e2c448902f1ff3e3380e74/execute/sync HTTP/1.1
User-Agent: selenium/4.8.1 (java mac)
Content-Length: 176
Content-Type: application/json; charset=utf-8
host: localhost:3529
accept: */*

Response DefaultHttpResponse(decodeResult: success, version: HTTP/1.1)
HTTP/1.1 200 OK
Content-Length: 21667
Content-Type: application/json; charset=utf-8
cache-control: no-cache

20:06:16.556 [AsyncHttpClient-1-5] DEBUG org.asynchttpclient.netty.channel.ChannelManager - Adding key: http://localhost:3529 for channel [id: 0x47d4eacb, L:/127.0.0.1:56240 - R:localhost/127.0.0.1:3529]
20:06:16.607 [Forwarding getCurrentUrl on session d5d07d4685e2c448902f1ff3e3380e74 to remote] DEBUG org.asynchttpclient.netty.request.NettyRequestSender - Using pooled Channel '[id: 0x47d4eacb, L:/127.0.0.1:56240 - R:localhost/127.0.0.1:3529]' for 'GET' to 'http://localhost:3529/session/d5d07d4685e2c448902f1ff3e3380e74/url'
20:06:16.611 [Forwarding getCurrentUrl on session d5d07d4685e2c448902f1ff3e3380e74 to remote] DEBUG org.asynchttpclient.netty.request.NettyRequestSender - Using open Channel [id: 0x47d4eacb, L:/127.0.0.1:56240 - R:localhost/127.0.0.1:3529] for GET '/session/d5d07d4685e2c448902f1ff3e3380e74/url'
20:06:16.624 [AsyncHttpClient-1-5] DEBUG org.asynchttpclient.netty.handler.HttpHandler - 

Request DefaultFullHttpRequest(decodeResult: success, version: HTTP/1.1, content: EmptyByteBufBE)
GET /session/d5d07d4685e2c448902f1ff3e3380e74/url HTTP/1.1
User-Agent: selenium/4.8.1 (java mac)
Cache-Control: no-cache
Content-Type: application/json; charset=utf-8
host: localhost:3529
accept: */*

Response DefaultHttpResponse(decodeResult: success, version: HTTP/1.1)
HTTP/1.1 200 OK
Content-Length: 51
Content-Type: application/json; charset=utf-8
cache-control: no-cache

20:06:16.627 [AsyncHttpClient-1-5] DEBUG org.asynchttpclient.netty.channel.ChannelManager - Adding key: http://localhost:3529 for channel [id: 0x47d4eacb, L:/127.0.0.1:56240 - R:localhost/127.0.0.1:3529]
20:06:16.635 [main] DEBUG net.thucydides.core.steps.StepInterceptor - STARTING STEP: viewAllProductsCategorySteps.onTheLoginPage - validateOnTheLoginPage
20:06:16.641 [Forwarding findElement on session d5d07d4685e2c448902f1ff3e3380e74 to remote] DEBUG org.asynchttpclient.netty.request.NettyRequestSender - Using pooled Channel '[id: 0x47d4eacb, L:/127.0.0.1:56240 - R:localhost/127.0.0.1:3529]' for 'POST' to 'http://localhost:3529/session/d5d07d4685e2c448902f1ff3e3380e74/element'
20:06:16.641 [Forwarding findElement on session d5d07d4685e2c448902f1ff3e3380e74 to remote] DEBUG org.asynchttpclient.netty.request.NettyRequestSender - Using open Channel [id: 0x47d4eacb, L:/127.0.0.1:56240 - R:localhost/127.0.0.1:3529] for POST '/session/d5d07d4685e2c448902f1ff3e3380e74/element'
20:06:16.650 [AsyncHttpClient-1-1] DEBUG org.asynchttpclient.netty.channel.DefaultChannelPool - Entry count for : http://localhost:56241 : 1
20:06:16.670 [AsyncHttpClient-1-5] DEBUG org.asynchttpclient.netty.handler.HttpHandler - 

Request DefaultHttpRequest(decodeResult: success, version: HTTP/1.1)
POST /session/d5d07d4685e2c448902f1ff3e3380e74/element HTTP/1.1
User-Agent: selenium/4.8.1 (java mac)
Content-Length: 155
Content-Type: application/json; charset=utf-8
host: localhost:3529
accept: */*

Response DefaultHttpResponse(decodeResult: success, version: HTTP/1.1)
HTTP/1.1 200 OK
Content-Length: 88
Content-Type: application/json; charset=utf-8
cache-control: no-cache

20:06:16.671 [AsyncHttpClient-1-5] DEBUG org.asynchttpclient.netty.channel.ChannelManager - Adding key: http://localhost:3529 for channel [id: 0x47d4eacb, L:/127.0.0.1:56240 - R:localhost/127.0.0.1:3529]
20:06:16.687 [Forwarding isElementDisplayed on session d5d07d4685e2c448902f1ff3e3380e74 to remote] DEBUG org.asynchttpclient.netty.request.NettyRequestSender - Using pooled Channel '[id: 0x47d4eacb, L:/127.0.0.1:56240 - R:localhost/127.0.0.1:3529]' for 'POST' to 'http://localhost:3529/session/d5d07d4685e2c448902f1ff3e3380e74/execute/sync'
20:06:16.688 [Forwarding isElementDisplayed on session d5d07d4685e2c448902f1ff3e3380e74 to remote] DEBUG org.asynchttpclient.netty.request.NettyRequestSender - Using open Channel [id: 0x47d4eacb, L:/127.0.0.1:56240 - R:localhost/127.0.0.1:3529] for POST '/session/d5d07d4685e2c448902f1ff3e3380e74/execute/sync'
20:06:16.727 [AsyncHttpClient-1-5] DEBUG org.asynchttpclient.netty.handler.HttpHandler - 

Request DefaultHttpRequest(decodeResult: success, version: HTTP/1.1)
POST /session/d5d07d4685e2c448902f1ff3e3380e74/execute/sync HTTP/1.1
User-Agent: selenium/4.8.1 (java mac)
Content-Length: 48807
Content-Type: application/json; charset=utf-8
host: localhost:3529
accept: */*

Response DefaultHttpResponse(decodeResult: success, version: HTTP/1.1)
HTTP/1.1 200 OK
Content-Length: 14
Content-Type: application/json; charset=utf-8
cache-control: no-cache

20:06:16.729 [AsyncHttpClient-1-5] DEBUG org.asynchttpclient.netty.channel.ChannelManager - Adding key: http://localhost:3529 for channel [id: 0x47d4eacb, L:/127.0.0.1:56240 - R:localhost/127.0.0.1:3529]
20:06:16.742 [Forwarding getAlertText on session d5d07d4685e2c448902f1ff3e3380e74 to remote] DEBUG org.asynchttpclient.netty.request.NettyRequestSender - Using pooled Channel '[id: 0x47d4eacb, L:/127.0.0.1:56240 - R:localhost/127.0.0.1:3529]' for 'GET' to 'http://localhost:3529/session/d5d07d4685e2c448902f1ff3e3380e74/alert/text'
20:06:16.743 [Forwarding getAlertText on session d5d07d4685e2c448902f1ff3e3380e74 to remote] DEBUG org.asynchttpclient.netty.request.NettyRequestSender - Using open Channel [id: 0x47d4eacb, L:/127.0.0.1:56240 - R:localhost/127.0.0.1:3529] for GET '/session/d5d07d4685e2c448902f1ff3e3380e74/alert/text'
20:06:16.747 [AsyncHttpClient-1-5] DEBUG org.asynchttpclient.netty.handler.HttpHandler - 

Request DefaultFullHttpRequest(decodeResult: success, version: HTTP/1.1, content: EmptyByteBufBE)
GET /session/d5d07d4685e2c448902f1ff3e3380e74/alert/text HTTP/1.1
User-Agent: selenium/4.8.1 (java mac)
Cache-Control: no-cache
Content-Type: application/json; charset=utf-8
host: localhost:3529
accept: */*

Response DefaultHttpResponse(decodeResult: success, version: HTTP/1.1)
HTTP/1.1 404 Not Found
Content-Length: 1763
Content-Type: application/json; charset=utf-8
cache-control: no-cache

20:06:16.747 [AsyncHttpClient-1-5] DEBUG org.asynchttpclient.netty.channel.ChannelManager - Adding key: http://localhost:3529 for channel [id: 0x47d4eacb, L:/127.0.0.1:56240 - R:localhost/127.0.0.1:3529]
20:06:16.753 [Forwarding getCurrentUrl on session d5d07d4685e2c448902f1ff3e3380e74 to remote] DEBUG org.asynchttpclient.netty.request.NettyRequestSender - Using pooled Channel '[id: 0x47d4eacb, L:/127.0.0.1:56240 - R:localhost/127.0.0.1:3529]' for 'GET' to 'http://localhost:3529/session/d5d07d4685e2c448902f1ff3e3380e74/url'
20:06:16.754 [Forwarding getCurrentUrl on session d5d07d4685e2c448902f1ff3e3380e74 to remote] DEBUG org.asynchttpclient.netty.request.NettyRequestSender - Using open Channel [id: 0x47d4eacb, L:/127.0.0.1:56240 - R:localhost/127.0.0.1:3529] for GET '/session/d5d07d4685e2c448902f1ff3e3380e74/url'
20:06:16.758 [AsyncHttpClient-1-5] DEBUG org.asynchttpclient.netty.handler.HttpHandler - 

Request DefaultFullHttpRequest(decodeResult: success, version: HTTP/1.1, content: EmptyByteBufBE)
GET /session/d5d07d4685e2c448902f1ff3e3380e74/url HTTP/1.1
User-Agent: selenium/4.8.1 (java mac)
Cache-Control: no-cache
Content-Type: application/json; charset=utf-8
host: localhost:3529
accept: */*

Response DefaultHttpResponse(decodeResult: success, version: HTTP/1.1)
HTTP/1.1 200 OK
Content-Length: 51
Content-Type: application/json; charset=utf-8
cache-control: no-cache

20:06:16.759 [AsyncHttpClient-1-5] DEBUG org.asynchttpclient.netty.channel.ChannelManager - Adding key: http://localhost:3529 for channel [id: 0x47d4eacb, L:/127.0.0.1:56240 - R:localhost/127.0.0.1:3529]
20:06:16.762 [Forwarding screenshot on session d5d07d4685e2c448902f1ff3e3380e74 to remote] DEBUG org.asynchttpclient.netty.request.NettyRequestSender - Using pooled Channel '[id: 0x47d4eacb, L:/127.0.0.1:56240 - R:localhost/127.0.0.1:3529]' for 'GET' to 'http://localhost:3529/session/d5d07d4685e2c448902f1ff3e3380e74/screenshot'
20:06:16.763 [Forwarding screenshot on session d5d07d4685e2c448902f1ff3e3380e74 to remote] DEBUG org.asynchttpclient.netty.request.NettyRequestSender - Using open Channel [id: 0x47d4eacb, L:/127.0.0.1:56240 - R:localhost/127.0.0.1:3529] for GET '/session/d5d07d4685e2c448902f1ff3e3380e74/screenshot'
20:06:16.913 [AsyncHttpClient-1-5] DEBUG org.asynchttpclient.netty.handler.HttpHandler - 

Request DefaultFullHttpRequest(decodeResult: success, version: HTTP/1.1, content: EmptyByteBufBE)
GET /session/d5d07d4685e2c448902f1ff3e3380e74/screenshot HTTP/1.1
User-Agent: selenium/4.8.1 (java mac)
Cache-Control: no-cache
Content-Type: application/json; charset=utf-8
host: localhost:3529
accept: */*

Response DefaultHttpResponse(decodeResult: success, version: HTTP/1.1)
HTTP/1.1 200 OK
Content-Length: 61772
Content-Type: application/json; charset=utf-8
cache-control: no-cache

20:06:16.915 [AsyncHttpClient-1-5] DEBUG org.asynchttpclient.netty.channel.ChannelManager - Adding key: http://localhost:3529 for channel [id: 0x47d4eacb, L:/127.0.0.1:56240 - R:localhost/127.0.0.1:3529]
20:06:16.924 [main] DEBUG net.serenitybdd.core.photography.Darkroom - Send negative for processing for target/site/serenity/8e9cee939ce17a9fe29ea96908d1a8f3a55d0d59d1d36254b88f9fc15908342a.png
20:06:16.927 [main] DEBUG net.thucydides.core.steps.StepInterceptor - STEP DONE: validateOnTheLoginPage
  &amp#27;[32mGiven &amp#27;[0m&amp#27;[32mI am on the login page to view all products categories&amp#27;[0m   &amp#27;[90m# starter.stepdefinitions.viewAllProductsCategorySteps.onTheLoginPage()&amp#27;[0m
20:06:16.941 [Forwarding getPageSource on session d5d07d4685e2c448902f1ff3e3380e74 to remote] DEBUG org.asynchttpclient.netty.request.NettyRequestSender - Using pooled Channel '[id: 0x47d4eacb, L:/127.0.0.1:56240 - R:localhost/127.0.0.1:3529]' for 'POST' to 'http://localhost:3529/session/d5d07d4685e2c448902f1ff3e3380e74/execute/sync'
20:06:16.941 [Forwarding getPageSource on session d5d07d4685e2c448902f1ff3e3380e74 to remote] DEBUG org.asynchttpclient.netty.request.NettyRequestSender - Using open Channel [id: 0x47d4eacb, L:/127.0.0.1:56240 - R:localhost/127.0.0.1:3529] for POST '/session/d5d07d4685e2c448902f1ff3e3380e74/execute/sync'
20:06:16.945 [AsyncHttpClient-1-5] DEBUG org.asynchttpclient.netty.handler.HttpHandler - 

Request DefaultHttpRequest(decodeResult: success, version: HTTP/1.1)
POST /session/d5d07d4685e2c448902f1ff3e3380e74/execute/sync HTTP/1.1
User-Agent: selenium/4.8.1 (java mac)
Content-Length: 176
Content-Type: application/json; charset=utf-8
host: localhost:3529
accept: */*

Response DefaultHttpResponse(decodeResult: success, version: HTTP/1.1)
HTTP/1.1 200 OK
Content-Length: 21667
Content-Type: application/json; charset=utf-8
cache-control: no-cache

20:06:16.945 [AsyncHttpClient-1-5] DEBUG org.asynchttpclient.netty.channel.ChannelManager - Adding key: http://localhost:3529 for channel [id: 0x47d4eacb, L:/127.0.0.1:56240 - R:localhost/127.0.0.1:3529]
20:06:16.960 [Forwarding getCurrentUrl on session d5d07d4685e2c448902f1ff3e3380e74 to remote] DEBUG org.asynchttpclient.netty.request.NettyRequestSender - Using pooled Channel '[id: 0x47d4eacb, L:/127.0.0.1:56240 - R:localhost/127.0.0.1:3529]' for 'GET' to 'http://localhost:3529/session/d5d07d4685e2c448902f1ff3e3380e74/url'
20:06:16.960 [Forwarding getCurrentUrl on session d5d07d4685e2c448902f1ff3e3380e74 to remote] DEBUG org.asynchttpclient.netty.request.NettyRequestSender - Using open Channel [id: 0x47d4eacb, L:/127.0.0.1:56240 - R:localhost/127.0.0.1:3529] for GET '/session/d5d07d4685e2c448902f1ff3e3380e74/url'
20:06:16.963 [AsyncHttpClient-1-5] DEBUG org.asynchttpclient.netty.handler.HttpHandler - 

Request DefaultFullHttpRequest(decodeResult: success, version: HTTP/1.1, content: EmptyByteBufBE)
GET /session/d5d07d4685e2c448902f1ff3e3380e74/url HTTP/1.1
User-Agent: selenium/4.8.1 (java mac)
Cache-Control: no-cache
Content-Type: application/json; charset=utf-8
host: localhost:3529
accept: */*

Response DefaultHttpResponse(decodeResult: success, version: HTTP/1.1)
HTTP/1.1 200 OK
Content-Length: 51
Content-Type: application/json; charset=utf-8
cache-control: no-cache

20:06:16.963 [AsyncHttpClient-1-5] DEBUG org.asynchttpclient.netty.channel.ChannelManager - Adding key: http://localhost:3529 for channel [id: 0x47d4eacb, L:/127.0.0.1:56240 - R:localhost/127.0.0.1:3529]
20:06:16.977 [Forwarding getAlertText on session d5d07d4685e2c448902f1ff3e3380e74 to remote] DEBUG org.asynchttpclient.netty.request.NettyRequestSender - Using pooled Channel '[id: 0x47d4eacb, L:/127.0.0.1:56240 - R:localhost/127.0.0.1:3529]' for 'GET' to 'http://localhost:3529/session/d5d07d4685e2c448902f1ff3e3380e74/alert/text'
20:06:16.977 [Forwarding getAlertText on session d5d07d4685e2c448902f1ff3e3380e74 to remote] DEBUG org.asynchttpclient.netty.request.NettyRequestSender - Using open Channel [id: 0x47d4eacb, L:/127.0.0.1:56240 - R:localhost/127.0.0.1:3529] for GET '/session/d5d07d4685e2c448902f1ff3e3380e74/alert/text'
20:06:16.978 [AsyncHttpClient-1-5] DEBUG org.asynchttpclient.netty.handler.HttpHandler - 

Request DefaultFullHttpRequest(decodeResult: success, version: HTTP/1.1, content: EmptyByteBufBE)
GET /session/d5d07d4685e2c448902f1ff3e3380e74/alert/text HTTP/1.1
User-Agent: selenium/4.8.1 (java mac)
Cache-Control: no-cache
Content-Type: application/json; charset=utf-8
host: localhost:3529
accept: */*

Response DefaultHttpResponse(decodeResult: success, version: HTTP/1.1)
HTTP/1.1 404 Not Found
Content-Length: 1763
Content-Type: application/json; charset=utf-8
cache-control: no-cache

20:06:16.979 [AsyncHttpClient-1-5] DEBUG org.asynchttpclient.netty.channel.ChannelManager - Adding key: http://localhost:3529 for channel [id: 0x47d4eacb, L:/127.0.0.1:56240 - R:localhost/127.0.0.1:3529]
20:06:16.981 [Forwarding getCurrentUrl on session d5d07d4685e2c448902f1ff3e3380e74 to remote] DEBUG org.asynchttpclient.netty.request.NettyRequestSender - Using pooled Channel '[id: 0x47d4eacb, L:/127.0.0.1:56240 - R:localhost/127.0.0.1:3529]' for 'GET' to 'http://localhost:3529/session/d5d07d4685e2c448902f1ff3e3380e74/url'
20:06:16.981 [Forwarding getCurrentUrl on session d5d07d4685e2c448902f1ff3e3380e74 to remote] DEBUG org.asynchttpclient.netty.request.NettyRequestSender - Using open Channel [id: 0x47d4eacb, L:/127.0.0.1:56240 - R:localhost/127.0.0.1:3529] for GET '/session/d5d07d4685e2c448902f1ff3e3380e74/url'
20:06:16.983 [AsyncHttpClient-1-5] DEBUG org.asynchttpclient.netty.handler.HttpHandler - 

Request DefaultFullHttpRequest(decodeResult: success, version: HTTP/1.1, content: EmptyByteBufBE)
GET /session/d5d07d4685e2c448902f1ff3e3380e74/url HTTP/1.1
User-Agent: selenium/4.8.1 (java mac)
Cache-Control: no-cache
Content-Type: application/json; charset=utf-8
host: localhost:3529
accept: */*

Response DefaultHttpResponse(decodeResult: success, version: HTTP/1.1)
HTTP/1.1 200 OK
Content-Length: 51
Content-Type: application/json; charset=utf-8
cache-control: no-cache

20:06:16.983 [AsyncHttpClient-1-5] DEBUG org.asynchttpclient.netty.channel.ChannelManager - Adding key: http://localhost:3529 for channel [id: 0x47d4eacb, L:/127.0.0.1:56240 - R:localhost/127.0.0.1:3529]
20:06:16.985 [Forwarding screenshot on session d5d07d4685e2c448902f1ff3e3380e74 to remote] DEBUG org.asynchttpclient.netty.request.NettyRequestSender - Using pooled Channel '[id: 0x47d4eacb, L:/127.0.0.1:56240 - R:localhost/127.0.0.1:3529]' for 'GET' to 'http://localhost:3529/session/d5d07d4685e2c448902f1ff3e3380e74/screenshot'
20:06:16.985 [Forwarding screenshot on session d5d07d4685e2c448902f1ff3e3380e74 to remote] DEBUG org.asynchttpclient.netty.request.NettyRequestSender - Using open Channel [id: 0x47d4eacb, L:/127.0.0.1:56240 - R:localhost/127.0.0.1:3529] for GET '/session/d5d07d4685e2c448902f1ff3e3380e74/screenshot'
20:06:17.174 [AsyncHttpClient-1-5] DEBUG org.asynchttpclient.netty.handler.HttpHandler - 

Request DefaultFullHttpRequest(decodeResult: success, version: HTTP/1.1, content: EmptyByteBufBE)
GET /session/d5d07d4685e2c448902f1ff3e3380e74/screenshot HTTP/1.1
User-Agent: selenium/4.8.1 (java mac)
Cache-Control: no-cache
Content-Type: application/json; charset=utf-8
host: localhost:3529
accept: */*

Response DefaultHttpResponse(decodeResult: success, version: HTTP/1.1)
HTTP/1.1 200 OK
Content-Length: 61772
Content-Type: application/json; charset=utf-8
cache-control: no-cache

20:06:17.174 [AsyncHttpClient-1-5] DEBUG org.asynchttpclient.netty.channel.ChannelManager - Adding key: http://localhost:3529 for channel [id: 0x47d4eacb, L:/127.0.0.1:56240 - R:localhost/127.0.0.1:3529]
20:06:17.179 [main] DEBUG net.serenitybdd.core.photography.Darkroom - Send negative for processing for target/site/serenity/8e9cee939ce17a9fe29ea96908d1a8f3a55d0d59d1d36254b88f9fc15908342a.png
20:06:17.184 [Forwarding getPageSource on session d5d07d4685e2c448902f1ff3e3380e74 to remote] DEBUG org.asynchttpclient.netty.request.NettyRequestSender - Using pooled Channel '[id: 0x47d4eacb, L:/127.0.0.1:56240 - R:localhost/127.0.0.1:3529]' for 'POST' to 'http://localhost:3529/session/d5d07d4685e2c448902f1ff3e3380e74/execute/sync'
20:06:17.184 [Forwarding getPageSource on session d5d07d4685e2c448902f1ff3e3380e74 to remote] DEBUG org.asynchttpclient.netty.request.NettyRequestSender - Using open Channel [id: 0x47d4eacb, L:/127.0.0.1:56240 - R:localhost/127.0.0.1:3529] for POST '/session/d5d07d4685e2c448902f1ff3e3380e74/execute/sync'
20:06:17.188 [AsyncHttpClient-1-5] DEBUG org.asynchttpclient.netty.handler.HttpHandler - 

Request DefaultHttpRequest(decodeResult: success, version: HTTP/1.1)
POST /session/d5d07d4685e2c448902f1ff3e3380e74/execute/sync HTTP/1.1
User-Agent: selenium/4.8.1 (java mac)
Content-Length: 176
Content-Type: application/json; charset=utf-8
host: localhost:3529
accept: */*

Response DefaultHttpResponse(decodeResult: success, version: HTTP/1.1)
HTTP/1.1 200 OK
Content-Length: 21667
Content-Type: application/json; charset=utf-8
cache-control: no-cache

20:06:17.188 [AsyncHttpClient-1-5] DEBUG org.asynchttpclient.netty.channel.ChannelManager - Adding key: http://localhost:3529 for channel [id: 0x47d4eacb, L:/127.0.0.1:56240 - R:localhost/127.0.0.1:3529]
20:06:17.191 [Forwarding getCurrentUrl on session d5d07d4685e2c448902f1ff3e3380e74 to remote] DEBUG org.asynchttpclient.netty.request.NettyRequestSender - Using pooled Channel '[id: 0x47d4eacb, L:/127.0.0.1:56240 - R:localhost/127.0.0.1:3529]' for 'GET' to 'http://localhost:3529/session/d5d07d4685e2c448902f1ff3e3380e74/url'
20:06:17.192 [Forwarding getCurrentUrl on session d5d07d4685e2c448902f1ff3e3380e74 to remote] DEBUG org.asynchttpclient.netty.request.NettyRequestSender - Using open Channel [id: 0x47d4eacb, L:/127.0.0.1:56240 - R:localhost/127.0.0.1:3529] for GET '/session/d5d07d4685e2c448902f1ff3e3380e74/url'
20:06:17.193 [AsyncHttpClient-1-5] DEBUG org.asynchttpclient.netty.handler.HttpHandler - 

Request DefaultFullHttpRequest(decodeResult: success, version: HTTP/1.1, content: EmptyByteBufBE)
GET /session/d5d07d4685e2c448902f1ff3e3380e74/url HTTP/1.1
User-Agent: selenium/4.8.1 (java mac)
Cache-Control: no-cache
Content-Type: application/json; charset=utf-8
host: localhost:3529
accept: */*

Response DefaultHttpResponse(decodeResult: success, version: HTTP/1.1)
HTTP/1.1 200 OK
Content-Length: 51
Content-Type: application/json; charset=utf-8
cache-control: no-cache

20:06:17.194 [AsyncHttpClient-1-5] DEBUG org.asynchttpclient.netty.channel.ChannelManager - Adding key: http://localhost:3529 for channel [id: 0x47d4eacb, L:/127.0.0.1:56240 - R:localhost/127.0.0.1:3529]
20:06:17.195 [main] DEBUG net.thucydides.core.steps.StepInterceptor - STARTING STEP: viewAllProductsCategorySteps.doEnterValidUsername - inputEmail
20:06:17.198 [Forwarding findElement on session d5d07d4685e2c448902f1ff3e3380e74 to remote] DEBUG org.asynchttpclient.netty.request.NettyRequestSender - Using pooled Channel '[id: 0x47d4eacb, L:/127.0.0.1:56240 - R:localhost/127.0.0.1:3529]' for 'POST' to 'http://localhost:3529/session/d5d07d4685e2c448902f1ff3e3380e74/element'
20:06:17.198 [Forwarding findElement on session d5d07d4685e2c448902f1ff3e3380e74 to remote] DEBUG org.asynchttpclient.netty.request.NettyRequestSender - Using open Channel [id: 0x47d4eacb, L:/127.0.0.1:56240 - R:localhost/127.0.0.1:3529] for POST '/session/d5d07d4685e2c448902f1ff3e3380e74/element'
20:06:17.221 [AsyncHttpClient-1-5] DEBUG org.asynchttpclient.netty.handler.HttpHandler - 

Request DefaultHttpRequest(decodeResult: success, version: HTTP/1.1)
POST /session/d5d07d4685e2c448902f1ff3e3380e74/element HTTP/1.1
User-Agent: selenium/4.8.1 (java mac)
Content-Length: 100
Content-Type: application/json; charset=utf-8
host: localhost:3529
accept: */*

Response DefaultHttpResponse(decodeResult: success, version: HTTP/1.1)
HTTP/1.1 200 OK
Content-Length: 88
Content-Type: application/json; charset=utf-8
cache-control: no-cache

20:06:17.222 [AsyncHttpClient-1-5] DEBUG org.asynchttpclient.netty.channel.ChannelManager - Adding key: http://localhost:3529 for channel [id: 0x47d4eacb, L:/127.0.0.1:56240 - R:localhost/127.0.0.1:3529]
20:06:17.224 [Forwarding clearElement on session d5d07d4685e2c448902f1ff3e3380e74 to remote] DEBUG org.asynchttpclient.netty.request.NettyRequestSender - Using pooled Channel '[id: 0x47d4eacb, L:/127.0.0.1:56240 - R:localhost/127.0.0.1:3529]' for 'POST' to 'http://localhost:3529/session/d5d07d4685e2c448902f1ff3e3380e74/element/4e169020-bfe8-43a5-b8a2-e79f848e7aa4/clear'
20:06:17.224 [Forwarding clearElement on session d5d07d4685e2c448902f1ff3e3380e74 to remote] DEBUG org.asynchttpclient.netty.request.NettyRequestSender - Using open Channel [id: 0x47d4eacb, L:/127.0.0.1:56240 - R:localhost/127.0.0.1:3529] for POST '/session/d5d07d4685e2c448902f1ff3e3380e74/element/4e169020-bfe8-43a5-b8a2-e79f848e7aa4/clear'
20:06:17.276 [AsyncHttpClient-1-5] DEBUG org.asynchttpclient.netty.handler.HttpHandler - 

Request DefaultHttpRequest(decodeResult: success, version: HTTP/1.1)
POST /session/d5d07d4685e2c448902f1ff3e3380e74/element/4e169020-bfe8-43a5-b8a2-e79f848e7aa4/clear HTTP/1.1
User-Agent: selenium/4.8.1 (java mac)
Content-Length: 50
Content-Type: application/json; charset=utf-8
host: localhost:3529
accept: */*

Response DefaultHttpResponse(decodeResult: success, version: HTTP/1.1)
HTTP/1.1 200 OK
Content-Length: 14
Content-Type: application/json; charset=utf-8
cache-control: no-cache

20:06:17.276 [AsyncHttpClient-1-5] DEBUG org.asynchttpclient.netty.channel.ChannelManager - Adding key: http://localhost:3529 for channel [id: 0x47d4eacb, L:/127.0.0.1:56240 - R:localhost/127.0.0.1:3529]
20:06:17.279 [Forwarding sendKeysToElement on session d5d07d4685e2c448902f1ff3e3380e74 to remote] DEBUG org.asynchttpclient.netty.request.NettyRequestSender - Using pooled Channel '[id: 0x47d4eacb, L:/127.0.0.1:56240 - R:localhost/127.0.0.1:3529]' for 'POST' to 'http://localhost:3529/session/d5d07d4685e2c448902f1ff3e3380e74/element/4e169020-bfe8-43a5-b8a2-e79f848e7aa4/value'
20:06:17.280 [Forwarding sendKeysToElement on session d5d07d4685e2c448902f1ff3e3380e74 to remote] DEBUG org.asynchttpclient.netty.request.NettyRequestSender - Using open Channel [id: 0x47d4eacb, L:/127.0.0.1:56240 - R:localhost/127.0.0.1:3529] for POST '/session/d5d07d4685e2c448902f1ff3e3380e74/element/4e169020-bfe8-43a5-b8a2-e79f848e7aa4/value'
20:06:17.745 [AsyncHttpClient-1-1] DEBUG org.asynchttpclient.netty.channel.DefaultChannelPool - Entry count for : http://localhost:56241 : 1
20:06:17.910 [AsyncHttpClient-1-5] DEBUG org.asynchttpclient.netty.handler.HttpHandler - 

Request DefaultHttpRequest(decodeResult: success, version: HTTP/1.1)
POST /session/d5d07d4685e2c448902f1ff3e3380e74/element/4e169020-bfe8-43a5-b8a2-e79f848e7aa4/value HTTP/1.1
User-Agent: selenium/4.8.1 (java mac)
Content-Length: 241
Content-Type: application/json; charset=utf-8
host: localhost:3529
accept: */*

Response DefaultHttpResponse(decodeResult: success, version: HTTP/1.1)
HTTP/1.1 200 OK
Content-Length: 14
Content-Type: application/json; charset=utf-8
cache-control: no-cache

20:06:17.912 [AsyncHttpClient-1-5] DEBUG org.asynchttpclient.netty.channel.ChannelManager - Adding key: http://localhost:3529 for channel [id: 0x47d4eacb, L:/127.0.0.1:56240 - R:localhost/127.0.0.1:3529]
20:06:17.920 [Forwarding getAlertText on session d5d07d4685e2c448902f1ff3e3380e74 to remote] DEBUG org.asynchttpclient.netty.request.NettyRequestSender - Using pooled Channel '[id: 0x47d4eacb, L:/127.0.0.1:56240 - R:localhost/127.0.0.1:3529]' for 'GET' to 'http://localhost:3529/session/d5d07d4685e2c448902f1ff3e3380e74/alert/text'
20:06:17.920 [Forwarding getAlertText on session d5d07d4685e2c448902f1ff3e3380e74 to remote] DEBUG org.asynchttpclient.netty.request.NettyRequestSender - Using open Channel [id: 0x47d4eacb, L:/127.0.0.1:56240 - R:localhost/127.0.0.1:3529] for GET '/session/d5d07d4685e2c448902f1ff3e3380e74/alert/text'
20:06:17.961 [AsyncHttpClient-1-5] DEBUG org.asynchttpclient.netty.handler.HttpHandler - 

Request DefaultFullHttpRequest(decodeResult: success, version: HTTP/1.1, content: EmptyByteBufBE)
GET /session/d5d07d4685e2c448902f1ff3e3380e74/alert/text HTTP/1.1
User-Agent: selenium/4.8.1 (java mac)
Cache-Control: no-cache
Content-Type: application/json; charset=utf-8
host: localhost:3529
accept: */*

Response DefaultHttpResponse(decodeResult: success, version: HTTP/1.1)
HTTP/1.1 404 Not Found
Content-Length: 1763
Content-Type: application/json; charset=utf-8
cache-control: no-cache

20:06:17.961 [AsyncHttpClient-1-5] DEBUG org.asynchttpclient.netty.channel.ChannelManager - Adding key: http://localhost:3529 for channel [id: 0x47d4eacb, L:/127.0.0.1:56240 - R:localhost/127.0.0.1:3529]
20:06:17.963 [Forwarding getCurrentUrl on session d5d07d4685e2c448902f1ff3e3380e74 to remote] DEBUG org.asynchttpclient.netty.request.NettyRequestSender - Using pooled Channel '[id: 0x47d4eacb, L:/127.0.0.1:56240 - R:localhost/127.0.0.1:3529]' for 'GET' to 'http://localhost:3529/session/d5d07d4685e2c448902f1ff3e3380e74/url'
20:06:17.964 [Forwarding getCurrentUrl on session d5d07d4685e2c448902f1ff3e3380e74 to remote] DEBUG org.asynchttpclient.netty.request.NettyRequestSender - Using open Channel [id: 0x47d4eacb, L:/127.0.0.1:56240 - R:localhost/127.0.0.1:3529] for GET '/session/d5d07d4685e2c448902f1ff3e3380e74/url'
20:06:17.965 [AsyncHttpClient-1-5] DEBUG org.asynchttpclient.netty.handler.HttpHandler - 

Request DefaultFullHttpRequest(decodeResult: success, version: HTTP/1.1, content: EmptyByteBufBE)
GET /session/d5d07d4685e2c448902f1ff3e3380e74/url HTTP/1.1
User-Agent: selenium/4.8.1 (java mac)
Cache-Control: no-cache
Content-Type: application/json; charset=utf-8
host: localhost:3529
accept: */*

Response DefaultHttpResponse(decodeResult: success, version: HTTP/1.1)
HTTP/1.1 200 OK
Content-Length: 51
Content-Type: application/json; charset=utf-8
cache-control: no-cache

20:06:17.966 [AsyncHttpClient-1-5] DEBUG org.asynchttpclient.netty.channel.ChannelManager - Adding key: http://localhost:3529 for channel [id: 0x47d4eacb, L:/127.0.0.1:56240 - R:localhost/127.0.0.1:3529]
20:06:17.968 [Forwarding screenshot on session d5d07d4685e2c448902f1ff3e3380e74 to remote] DEBUG org.asynchttpclient.netty.request.NettyRequestSender - Using pooled Channel '[id: 0x47d4eacb, L:/127.0.0.1:56240 - R:localhost/127.0.0.1:3529]' for 'GET' to 'http://localhost:3529/session/d5d07d4685e2c448902f1ff3e3380e74/screenshot'
20:06:17.968 [Forwarding screenshot on session d5d07d4685e2c448902f1ff3e3380e74 to remote] DEBUG org.asynchttpclient.netty.request.NettyRequestSender - Using open Channel [id: 0x47d4eacb, L:/127.0.0.1:56240 - R:localhost/127.0.0.1:3529] for GET '/session/d5d07d4685e2c448902f1ff3e3380e74/screenshot'
20:06:18.158 [AsyncHttpClient-1-5] DEBUG org.asynchttpclient.netty.handler.HttpHandler - 

Request DefaultFullHttpRequest(decodeResult: success, version: HTTP/1.1, content: EmptyByteBufBE)
GET /session/d5d07d4685e2c448902f1ff3e3380e74/screenshot HTTP/1.1
User-Agent: selenium/4.8.1 (java mac)
Cache-Control: no-cache
Content-Type: application/json; charset=utf-8
host: localhost:3529
accept: */*

Response DefaultHttpResponse(decodeResult: success, version: HTTP/1.1)
HTTP/1.1 200 OK
Content-Length: 70656
Content-Type: application/json; charset=utf-8
cache-control: no-cache

20:06:18.158 [AsyncHttpClient-1-5] DEBUG org.asynchttpclient.netty.channel.ChannelManager - Adding key: http://localhost:3529 for channel [id: 0x47d4eacb, L:/127.0.0.1:56240 - R:localhost/127.0.0.1:3529]
20:06:18.164 [main] DEBUG net.serenitybdd.core.photography.Darkroom - Send negative for processing for target/site/serenity/942c4d9cade8e7a4893c9184dc0385b58883d739605d5629252eaf7c4659c8d1.png
20:06:18.164 [Darkroom Processing Line] DEBUG net.serenitybdd.core.photography.DarkroomProcessingLine - Processing screenshot image in /var/screenshots/screenshot-3226025086706671281
20:06:18.164 [Darkroom Processing Line] DEBUG net.serenitybdd.core.photography.DarkroomProcessingLine - Saving screenshot to target/site/serenity/942c4d9cade8e7a4893c9184dc0385b58883d739605d5629252eaf7c4659c8d1.png
20:06:18.165 [main] DEBUG net.thucydides.core.steps.StepInterceptor - STEP DONE: inputEmail
  &amp#27;[32mWhen &amp#27;[0m&amp#27;[32mI enter valid username to view all products categories&amp#27;[0m    &amp#27;[90m# starter.stepdefinitions.viewAllProductsCategorySteps.doEnterValidUsername()&amp#27;[0m
20:06:18.176 [Forwarding getPageSource on session d5d07d4685e2c448902f1ff3e3380e74 to remote] DEBUG org.asynchttpclient.netty.request.NettyRequestSender - Using pooled Channel '[id: 0x47d4eacb, L:/127.0.0.1:56240 - R:localhost/127.0.0.1:3529]' for 'POST' to 'http://localhost:3529/session/d5d07d4685e2c448902f1ff3e3380e74/execute/sync'
20:06:18.176 [Forwarding getPageSource on session d5d07d4685e2c448902f1ff3e3380e74 to remote] DEBUG org.asynchttpclient.netty.request.NettyRequestSender - Using open Channel [id: 0x47d4eacb, L:/127.0.0.1:56240 - R:localhost/127.0.0.1:3529] for POST '/session/d5d07d4685e2c448902f1ff3e3380e74/execute/sync'
20:06:18.180 [AsyncHttpClient-1-5] DEBUG org.asynchttpclient.netty.handler.HttpHandler - 

Request DefaultHttpRequest(decodeResult: success, version: HTTP/1.1)
POST /session/d5d07d4685e2c448902f1ff3e3380e74/execute/sync HTTP/1.1
User-Agent: selenium/4.8.1 (java mac)
Content-Length: 176
Content-Type: application/json; charset=utf-8
host: localhost:3529
accept: */*

Response DefaultHttpResponse(decodeResult: success, version: HTTP/1.1)
HTTP/1.1 200 OK
Content-Length: 21788
Content-Type: application/json; charset=utf-8
cache-control: no-cache

20:06:18.180 [AsyncHttpClient-1-5] DEBUG org.asynchttpclient.netty.channel.ChannelManager - Adding key: http://localhost:3529 for channel [id: 0x47d4eacb, L:/127.0.0.1:56240 - R:localhost/127.0.0.1:3529]
20:06:18.183 [Forwarding getCurrentUrl on session d5d07d4685e2c448902f1ff3e3380e74 to remote] DEBUG org.asynchttpclient.netty.request.NettyRequestSender - Using pooled Channel '[id: 0x47d4eacb, L:/127.0.0.1:56240 - R:localhost/127.0.0.1:3529]' for 'GET' to 'http://localhost:3529/session/d5d07d4685e2c448902f1ff3e3380e74/url'
20:06:18.183 [Forwarding getCurrentUrl on session d5d07d4685e2c448902f1ff3e3380e74 to remote] DEBUG org.asynchttpclient.netty.request.NettyRequestSender - Using open Channel [id: 0x47d4eacb, L:/127.0.0.1:56240 - R:localhost/127.0.0.1:3529] for GET '/session/d5d07d4685e2c448902f1ff3e3380e74/url'
20:06:18.186 [AsyncHttpClient-1-5] DEBUG org.asynchttpclient.netty.handler.HttpHandler - 

Request DefaultFullHttpRequest(decodeResult: success, version: HTTP/1.1, content: EmptyByteBufBE)
GET /session/d5d07d4685e2c448902f1ff3e3380e74/url HTTP/1.1
User-Agent: selenium/4.8.1 (java mac)
Cache-Control: no-cache
Content-Type: application/json; charset=utf-8
host: localhost:3529
accept: */*

Response DefaultHttpResponse(decodeResult: success, version: HTTP/1.1)
HTTP/1.1 200 OK
Content-Length: 51
Content-Type: application/json; charset=utf-8
cache-control: no-cache

20:06:18.186 [AsyncHttpClient-1-5] DEBUG org.asynchttpclient.netty.channel.ChannelManager - Adding key: http://localhost:3529 for channel [id: 0x47d4eacb, L:/127.0.0.1:56240 - R:localhost/127.0.0.1:3529]
20:06:18.199 [Forwarding getPageSource on session d5d07d4685e2c448902f1ff3e3380e74 to remote] DEBUG org.asynchttpclient.netty.request.NettyRequestSender - Using pooled Channel '[id: 0x47d4eacb, L:/127.0.0.1:56240 - R:localhost/127.0.0.1:3529]' for 'POST' to 'http://localhost:3529/session/d5d07d4685e2c448902f1ff3e3380e74/execute/sync'
20:06:18.199 [Forwarding getPageSource on session d5d07d4685e2c448902f1ff3e3380e74 to remote] DEBUG org.asynchttpclient.netty.request.NettyRequestSender - Using open Channel [id: 0x47d4eacb, L:/127.0.0.1:56240 - R:localhost/127.0.0.1:3529] for POST '/session/d5d07d4685e2c448902f1ff3e3380e74/execute/sync'
20:06:18.202 [AsyncHttpClient-1-5] DEBUG org.asynchttpclient.netty.handler.HttpHandler - 

Request DefaultHttpRequest(decodeResult: success, version: HTTP/1.1)
POST /session/d5d07d4685e2c448902f1ff3e3380e74/execute/sync HTTP/1.1
User-Agent: selenium/4.8.1 (java mac)
Content-Length: 176
Content-Type: application/json; charset=utf-8
host: localhost:3529
accept: */*

Response DefaultHttpResponse(decodeResult: success, version: HTTP/1.1)
HTTP/1.1 200 OK
Content-Length: 21788
Content-Type: application/json; charset=utf-8
cache-control: no-cache

20:06:18.203 [AsyncHttpClient-1-5] DEBUG org.asynchttpclient.netty.channel.ChannelManager - Adding key: http://localhost:3529 for channel [id: 0x47d4eacb, L:/127.0.0.1:56240 - R:localhost/127.0.0.1:3529]
20:06:18.206 [Forwarding getCurrentUrl on session d5d07d4685e2c448902f1ff3e3380e74 to remote] DEBUG org.asynchttpclient.netty.request.NettyRequestSender - Using pooled Channel '[id: 0x47d4eacb, L:/127.0.0.1:56240 - R:localhost/127.0.0.1:3529]' for 'GET' to 'http://localhost:3529/session/d5d07d4685e2c448902f1ff3e3380e74/url'
20:06:18.206 [Forwarding getCurrentUrl on session d5d07d4685e2c448902f1ff3e3380e74 to remote] DEBUG org.asynchttpclient.netty.request.NettyRequestSender - Using open Channel [id: 0x47d4eacb, L:/127.0.0.1:56240 - R:localhost/127.0.0.1:3529] for GET '/session/d5d07d4685e2c448902f1ff3e3380e74/url'
20:06:18.209 [AsyncHttpClient-1-5] DEBUG org.asynchttpclient.netty.handler.HttpHandler - 

Request DefaultFullHttpRequest(decodeResult: success, version: HTTP/1.1, content: EmptyByteBufBE)
GET /session/d5d07d4685e2c448902f1ff3e3380e74/url HTTP/1.1
User-Agent: selenium/4.8.1 (java mac)
Cache-Control: no-cache
Content-Type: application/json; charset=utf-8
host: localhost:3529
accept: */*

Response DefaultHttpResponse(decodeResult: success, version: HTTP/1.1)
HTTP/1.1 200 OK
Content-Length: 51
Content-Type: application/json; charset=utf-8
cache-control: no-cache

20:06:18.209 [AsyncHttpClient-1-5] DEBUG org.asynchttpclient.netty.channel.ChannelManager - Adding key: http://localhost:3529 for channel [id: 0x47d4eacb, L:/127.0.0.1:56240 - R:localhost/127.0.0.1:3529]
20:06:18.211 [main] DEBUG net.thucydides.core.steps.StepInterceptor - STARTING STEP: viewAllProductsCategorySteps.doEnterValidPassword - inputPassword
20:06:18.213 [Forwarding findElement on session d5d07d4685e2c448902f1ff3e3380e74 to remote] DEBUG org.asynchttpclient.netty.request.NettyRequestSender - Using pooled Channel '[id: 0x47d4eacb, L:/127.0.0.1:56240 - R:localhost/127.0.0.1:3529]' for 'POST' to 'http://localhost:3529/session/d5d07d4685e2c448902f1ff3e3380e74/element'
20:06:18.213 [Forwarding findElement on session d5d07d4685e2c448902f1ff3e3380e74 to remote] DEBUG org.asynchttpclient.netty.request.NettyRequestSender - Using open Channel [id: 0x47d4eacb, L:/127.0.0.1:56240 - R:localhost/127.0.0.1:3529] for POST '/session/d5d07d4685e2c448902f1ff3e3380e74/element'
20:06:18.221 [AsyncHttpClient-1-5] DEBUG org.asynchttpclient.netty.handler.HttpHandler - 

Request DefaultHttpRequest(decodeResult: success, version: HTTP/1.1)
POST /session/d5d07d4685e2c448902f1ff3e3380e74/element HTTP/1.1
User-Agent: selenium/4.8.1 (java mac)
Content-Length: 103
Content-Type: application/json; charset=utf-8
host: localhost:3529
accept: */*

Response DefaultHttpResponse(decodeResult: success, version: HTTP/1.1)
HTTP/1.1 200 OK
Content-Length: 88
Content-Type: application/json; charset=utf-8
cache-control: no-cache

20:06:18.221 [AsyncHttpClient-1-5] DEBUG org.asynchttpclient.netty.channel.ChannelManager - Adding key: http://localhost:3529 for channel [id: 0x47d4eacb, L:/127.0.0.1:56240 - R:localhost/127.0.0.1:3529]
20:06:18.223 [Forwarding clearElement on session d5d07d4685e2c448902f1ff3e3380e74 to remote] DEBUG org.asynchttpclient.netty.request.NettyRequestSender - Using pooled Channel '[id: 0x47d4eacb, L:/127.0.0.1:56240 - R:localhost/127.0.0.1:3529]' for 'POST' to 'http://localhost:3529/session/d5d07d4685e2c448902f1ff3e3380e74/element/3997cbab-b5c3-4022-90ff-91ed83f0d37d/clear'
20:06:18.223 [Forwarding clearElement on session d5d07d4685e2c448902f1ff3e3380e74 to remote] DEBUG org.asynchttpclient.netty.request.NettyRequestSender - Using open Channel [id: 0x47d4eacb, L:/127.0.0.1:56240 - R:localhost/127.0.0.1:3529] for POST '/session/d5d07d4685e2c448902f1ff3e3380e74/element/3997cbab-b5c3-4022-90ff-91ed83f0d37d/clear'
20:06:18.247 [AsyncHttpClient-1-5] DEBUG org.asynchttpclient.netty.handler.HttpHandler - 

Request DefaultHttpRequest(decodeResult: success, version: HTTP/1.1)
POST /session/d5d07d4685e2c448902f1ff3e3380e74/element/3997cbab-b5c3-4022-90ff-91ed83f0d37d/clear HTTP/1.1
User-Agent: selenium/4.8.1 (java mac)
Content-Length: 50
Content-Type: application/json; charset=utf-8
host: localhost:3529
accept: */*

Response DefaultHttpResponse(decodeResult: success, version: HTTP/1.1)
HTTP/1.1 200 OK
Content-Length: 14
Content-Type: application/json; charset=utf-8
cache-control: no-cache

20:06:18.247 [AsyncHttpClient-1-5] DEBUG org.asynchttpclient.netty.channel.ChannelManager - Adding key: http://localhost:3529 for channel [id: 0x47d4eacb, L:/127.0.0.1:56240 - R:localhost/127.0.0.1:3529]
20:06:18.250 [Forwarding sendKeysToElement on session d5d07d4685e2c448902f1ff3e3380e74 to remote] DEBUG org.asynchttpclient.netty.request.NettyRequestSender - Using pooled Channel '[id: 0x47d4eacb, L:/127.0.0.1:56240 - R:localhost/127.0.0.1:3529]' for 'POST' to 'http://localhost:3529/session/d5d07d4685e2c448902f1ff3e3380e74/element/3997cbab-b5c3-4022-90ff-91ed83f0d37d/value'
20:06:18.250 [Forwarding sendKeysToElement on session d5d07d4685e2c448902f1ff3e3380e74 to remote] DEBUG org.asynchttpclient.netty.request.NettyRequestSender - Using open Channel [id: 0x47d4eacb, L:/127.0.0.1:56240 - R:localhost/127.0.0.1:3529] for POST '/session/d5d07d4685e2c448902f1ff3e3380e74/element/3997cbab-b5c3-4022-90ff-91ed83f0d37d/value'
20:06:18.380 [AsyncHttpClient-1-5] DEBUG org.asynchttpclient.netty.handler.HttpHandler - 

Request DefaultHttpRequest(decodeResult: success, version: HTTP/1.1)
POST /session/d5d07d4685e2c448902f1ff3e3380e74/element/3997cbab-b5c3-4022-90ff-91ed83f0d37d/value HTTP/1.1
User-Agent: selenium/4.8.1 (java mac)
Content-Length: 141
Content-Type: application/json; charset=utf-8
host: localhost:3529
accept: */*

Response DefaultHttpResponse(decodeResult: success, version: HTTP/1.1)
HTTP/1.1 200 OK
Content-Length: 14
Content-Type: application/json; charset=utf-8
cache-control: no-cache

20:06:18.380 [AsyncHttpClient-1-5] DEBUG org.asynchttpclient.netty.channel.ChannelManager - Adding key: http://localhost:3529 for channel [id: 0x47d4eacb, L:/127.0.0.1:56240 - R:localhost/127.0.0.1:3529]
20:06:18.386 [Forwarding getAlertText on session d5d07d4685e2c448902f1ff3e3380e74 to remote] DEBUG org.asynchttpclient.netty.request.NettyRequestSender - Using pooled Channel '[id: 0x47d4eacb, L:/127.0.0.1:56240 - R:localhost/127.0.0.1:3529]' for 'GET' to 'http://localhost:3529/session/d5d07d4685e2c448902f1ff3e3380e74/alert/text'
20:06:18.386 [Forwarding getAlertText on session d5d07d4685e2c448902f1ff3e3380e74 to remote] DEBUG org.asynchttpclient.netty.request.NettyRequestSender - Using open Channel [id: 0x47d4eacb, L:/127.0.0.1:56240 - R:localhost/127.0.0.1:3529] for GET '/session/d5d07d4685e2c448902f1ff3e3380e74/alert/text'
20:06:18.388 [AsyncHttpClient-1-5] DEBUG org.asynchttpclient.netty.handler.HttpHandler - 

Request DefaultFullHttpRequest(decodeResult: success, version: HTTP/1.1, content: EmptyByteBufBE)
GET /session/d5d07d4685e2c448902f1ff3e3380e74/alert/text HTTP/1.1
User-Agent: selenium/4.8.1 (java mac)
Cache-Control: no-cache
Content-Type: application/json; charset=utf-8
host: localhost:3529
accept: */*

Response DefaultHttpResponse(decodeResult: success, version: HTTP/1.1)
HTTP/1.1 404 Not Found
Content-Length: 1763
Content-Type: application/json; charset=utf-8
cache-control: no-cache

20:06:18.389 [AsyncHttpClient-1-5] DEBUG org.asynchttpclient.netty.channel.ChannelManager - Adding key: http://localhost:3529 for channel [id: 0x47d4eacb, L:/127.0.0.1:56240 - R:localhost/127.0.0.1:3529]
20:06:18.391 [Forwarding getCurrentUrl on session d5d07d4685e2c448902f1ff3e3380e74 to remote] DEBUG org.asynchttpclient.netty.request.NettyRequestSender - Using pooled Channel '[id: 0x47d4eacb, L:/127.0.0.1:56240 - R:localhost/127.0.0.1:3529]' for 'GET' to 'http://localhost:3529/session/d5d07d4685e2c448902f1ff3e3380e74/url'
20:06:18.391 [Forwarding getCurrentUrl on session d5d07d4685e2c448902f1ff3e3380e74 to remote] DEBUG org.asynchttpclient.netty.request.NettyRequestSender - Using open Channel [id: 0x47d4eacb, L:/127.0.0.1:56240 - R:localhost/127.0.0.1:3529] for GET '/session/d5d07d4685e2c448902f1ff3e3380e74/url'
20:06:18.400 [AsyncHttpClient-1-5] DEBUG org.asynchttpclient.netty.handler.HttpHandler - 

Request DefaultFullHttpRequest(decodeResult: success, version: HTTP/1.1, content: EmptyByteBufBE)
GET /session/d5d07d4685e2c448902f1ff3e3380e74/url HTTP/1.1
User-Agent: selenium/4.8.1 (java mac)
Cache-Control: no-cache
Content-Type: application/json; charset=utf-8
host: localhost:3529
accept: */*

Response DefaultHttpResponse(decodeResult: success, version: HTTP/1.1)
HTTP/1.1 200 OK
Content-Length: 51
Content-Type: application/json; charset=utf-8
cache-control: no-cache

20:06:18.400 [AsyncHttpClient-1-5] DEBUG org.asynchttpclient.netty.channel.ChannelManager - Adding key: http://localhost:3529 for channel [id: 0x47d4eacb, L:/127.0.0.1:56240 - R:localhost/127.0.0.1:3529]
20:06:18.401 [Forwarding screenshot on session d5d07d4685e2c448902f1ff3e3380e74 to remote] DEBUG org.asynchttpclient.netty.request.NettyRequestSender - Using pooled Channel '[id: 0x47d4eacb, L:/127.0.0.1:56240 - R:localhost/127.0.0.1:3529]' for 'GET' to 'http://localhost:3529/session/d5d07d4685e2c448902f1ff3e3380e74/screenshot'
20:06:18.401 [Forwarding screenshot on session d5d07d4685e2c448902f1ff3e3380e74 to remote] DEBUG org.asynchttpclient.netty.request.NettyRequestSender - Using open Channel [id: 0x47d4eacb, L:/127.0.0.1:56240 - R:localhost/127.0.0.1:3529] for GET '/session/d5d07d4685e2c448902f1ff3e3380e74/screenshot'
20:06:18.636 [AsyncHttpClient-1-5] DEBUG org.asynchttpclient.netty.handler.HttpHandler - 

Request DefaultFullHttpRequest(decodeResult: success, version: HTTP/1.1, content: EmptyByteBufBE)
GET /session/d5d07d4685e2c448902f1ff3e3380e74/screenshot HTTP/1.1
User-Agent: selenium/4.8.1 (java mac)
Cache-Control: no-cache
Content-Type: application/json; charset=utf-8
host: localhost:3529
accept: */*

Response DefaultHttpResponse(decodeResult: success, version: HTTP/1.1)
HTTP/1.1 200 OK
Content-Length: 73992
Content-Type: application/json; charset=utf-8
cache-control: no-cache

20:06:18.637 [AsyncHttpClient-1-5] DEBUG org.asynchttpclient.netty.channel.ChannelManager - Adding key: http://localhost:3529 for channel [id: 0x47d4eacb, L:/127.0.0.1:56240 - R:localhost/127.0.0.1:3529]
20:06:18.643 [main] DEBUG net.serenitybdd.core.photography.Darkroom - Send negative for processing for target/site/serenity/6d0cc1f0d79a3d29249791e0b1dbbac7540a2cca9a277acb419292f9a48ef814.png
20:06:18.643 [Darkroom Processing Line] DEBUG net.serenitybdd.core.photography.DarkroomProcessingLine - Processing screenshot image in /var/screenshots/screenshot-2142313241473461718
20:06:18.643 [Darkroom Processing Line] DEBUG net.serenitybdd.core.photography.DarkroomProcessingLine - Saving screenshot to target/site/serenity/6d0cc1f0d79a3d29249791e0b1dbbac7540a2cca9a277acb419292f9a48ef814.png
20:06:18.644 [main] DEBUG net.thucydides.core.steps.StepInterceptor - STEP DONE: inputPassword
  &amp#27;[32mAnd &amp#27;[0m&amp#27;[32mI enter valid password to view all products categories&amp#27;[0m     &amp#27;[90m# starter.stepdefinitions.viewAllProductsCategorySteps.doEnterValidPassword()&amp#27;[0m
20:06:18.655 [Forwarding getPageSource on session d5d07d4685e2c448902f1ff3e3380e74 to remote] DEBUG org.asynchttpclient.netty.request.NettyRequestSender - Using pooled Channel '[id: 0x47d4eacb, L:/127.0.0.1:56240 - R:localhost/127.0.0.1:3529]' for 'POST' to 'http://localhost:3529/session/d5d07d4685e2c448902f1ff3e3380e74/execute/sync'
20:06:18.655 [Forwarding getPageSource on session d5d07d4685e2c448902f1ff3e3380e74 to remote] DEBUG org.asynchttpclient.netty.request.NettyRequestSender - Using open Channel [id: 0x47d4eacb, L:/127.0.0.1:56240 - R:localhost/127.0.0.1:3529] for POST '/session/d5d07d4685e2c448902f1ff3e3380e74/execute/sync'
20:06:18.661 [AsyncHttpClient-1-5] DEBUG org.asynchttpclient.netty.handler.HttpHandler - 

Request DefaultHttpRequest(decodeResult: success, version: HTTP/1.1)
POST /session/d5d07d4685e2c448902f1ff3e3380e74/execute/sync HTTP/1.1
User-Agent: selenium/4.8.1 (java mac)
Content-Length: 176
Content-Type: application/json; charset=utf-8
host: localhost:3529
accept: */*

Response DefaultHttpResponse(decodeResult: success, version: HTTP/1.1)
HTTP/1.1 200 OK
Content-Length: 21847
Content-Type: application/json; charset=utf-8
cache-control: no-cache

20:06:18.661 [AsyncHttpClient-1-5] DEBUG org.asynchttpclient.netty.channel.ChannelManager - Adding key: http://localhost:3529 for channel [id: 0x47d4eacb, L:/127.0.0.1:56240 - R:localhost/127.0.0.1:3529]
20:06:18.665 [Forwarding getCurrentUrl on session d5d07d4685e2c448902f1ff3e3380e74 to remote] DEBUG org.asynchttpclient.netty.request.NettyRequestSender - Using pooled Channel '[id: 0x47d4eacb, L:/127.0.0.1:56240 - R:localhost/127.0.0.1:3529]' for 'GET' to 'http://localhost:3529/session/d5d07d4685e2c448902f1ff3e3380e74/url'
20:06:18.665 [Forwarding getCurrentUrl on session d5d07d4685e2c448902f1ff3e3380e74 to remote] DEBUG org.asynchttpclient.netty.request.NettyRequestSender - Using open Channel [id: 0x47d4eacb, L:/127.0.0.1:56240 - R:localhost/127.0.0.1:3529] for GET '/session/d5d07d4685e2c448902f1ff3e3380e74/url'
20:06:18.668 [AsyncHttpClient-1-5] DEBUG org.asynchttpclient.netty.handler.HttpHandler - 

Request DefaultFullHttpRequest(decodeResult: success, version: HTTP/1.1, content: EmptyByteBufBE)
GET /session/d5d07d4685e2c448902f1ff3e3380e74/url HTTP/1.1
User-Agent: selenium/4.8.1 (java mac)
Cache-Control: no-cache
Content-Type: application/json; charset=utf-8
host: localhost:3529
accept: */*

Response DefaultHttpResponse(decodeResult: success, version: HTTP/1.1)
HTTP/1.1 200 OK
Content-Length: 51
Content-Type: application/json; charset=utf-8
cache-control: no-cache

20:06:18.668 [AsyncHttpClient-1-5] DEBUG org.asynchttpclient.netty.channel.ChannelManager - Adding key: http://localhost:3529 for channel [id: 0x47d4eacb, L:/127.0.0.1:56240 - R:localhost/127.0.0.1:3529]
20:06:18.677 [Forwarding getPageSource on session d5d07d4685e2c448902f1ff3e3380e74 to remote] DEBUG org.asynchttpclient.netty.request.NettyRequestSender - Using pooled Channel '[id: 0x47d4eacb, L:/127.0.0.1:56240 - R:localhost/127.0.0.1:3529]' for 'POST' to 'http://localhost:3529/session/d5d07d4685e2c448902f1ff3e3380e74/execute/sync'
20:06:18.677 [Forwarding getPageSource on session d5d07d4685e2c448902f1ff3e3380e74 to remote] DEBUG org.asynchttpclient.netty.request.NettyRequestSender - Using open Channel [id: 0x47d4eacb, L:/127.0.0.1:56240 - R:localhost/127.0.0.1:3529] for POST '/session/d5d07d4685e2c448902f1ff3e3380e74/execute/sync'
20:06:18.680 [AsyncHttpClient-1-5] DEBUG org.asynchttpclient.netty.handler.HttpHandler - 

Request DefaultHttpRequest(decodeResult: success, version: HTTP/1.1)
POST /session/d5d07d4685e2c448902f1ff3e3380e74/execute/sync HTTP/1.1
User-Agent: selenium/4.8.1 (java mac)
Content-Length: 176
Content-Type: application/json; charset=utf-8
host: localhost:3529
accept: */*

Response DefaultHttpResponse(decodeResult: success, version: HTTP/1.1)
HTTP/1.1 200 OK
Content-Length: 21847
Content-Type: application/json; charset=utf-8
cache-control: no-cache

20:06:18.680 [AsyncHttpClient-1-5] DEBUG org.asynchttpclient.netty.channel.ChannelManager - Adding key: http://localhost:3529 for channel [id: 0x47d4eacb, L:/127.0.0.1:56240 - R:localhost/127.0.0.1:3529]
20:06:18.683 [Forwarding getCurrentUrl on session d5d07d4685e2c448902f1ff3e3380e74 to remote] DEBUG org.asynchttpclient.netty.request.NettyRequestSender - Using pooled Channel '[id: 0x47d4eacb, L:/127.0.0.1:56240 - R:localhost/127.0.0.1:3529]' for 'GET' to 'http://localhost:3529/session/d5d07d4685e2c448902f1ff3e3380e74/url'
20:06:18.683 [Forwarding getCurrentUrl on session d5d07d4685e2c448902f1ff3e3380e74 to remote] DEBUG org.asynchttpclient.netty.request.NettyRequestSender - Using open Channel [id: 0x47d4eacb, L:/127.0.0.1:56240 - R:localhost/127.0.0.1:3529] for GET '/session/d5d07d4685e2c448902f1ff3e3380e74/url'
20:06:18.685 [AsyncHttpClient-1-5] DEBUG org.asynchttpclient.netty.handler.HttpHandler - 

Request DefaultFullHttpRequest(decodeResult: success, version: HTTP/1.1, content: EmptyByteBufBE)
GET /session/d5d07d4685e2c448902f1ff3e3380e74/url HTTP/1.1
User-Agent: selenium/4.8.1 (java mac)
Cache-Control: no-cache
Content-Type: application/json; charset=utf-8
host: localhost:3529
accept: */*

Response DefaultHttpResponse(decodeResult: success, version: HTTP/1.1)
HTTP/1.1 200 OK
Content-Length: 51
Content-Type: application/json; charset=utf-8
cache-control: no-cache

20:06:18.685 [AsyncHttpClient-1-5] DEBUG org.asynchttpclient.netty.channel.ChannelManager - Adding key: http://localhost:3529 for channel [id: 0x47d4eacb, L:/127.0.0.1:56240 - R:localhost/127.0.0.1:3529]
20:06:18.686 [main] DEBUG net.thucydides.core.steps.StepInterceptor - STARTING STEP: viewAllProductsCategorySteps.doClickLoginButton - clickButtonLogin
20:06:18.689 [Forwarding findElement on session d5d07d4685e2c448902f1ff3e3380e74 to remote] DEBUG org.asynchttpclient.netty.request.NettyRequestSender - Using pooled Channel '[id: 0x47d4eacb, L:/127.0.0.1:56240 - R:localhost/127.0.0.1:3529]' for 'POST' to 'http://localhost:3529/session/d5d07d4685e2c448902f1ff3e3380e74/element'
20:06:18.689 [Forwarding findElement on session d5d07d4685e2c448902f1ff3e3380e74 to remote] DEBUG org.asynchttpclient.netty.request.NettyRequestSender - Using open Channel [id: 0x47d4eacb, L:/127.0.0.1:56240 - R:localhost/127.0.0.1:3529] for POST '/session/d5d07d4685e2c448902f1ff3e3380e74/element'
20:06:18.694 [AsyncHttpClient-1-5] DEBUG org.asynchttpclient.netty.handler.HttpHandler - 

Request DefaultHttpRequest(decodeResult: success, version: HTTP/1.1)
POST /session/d5d07d4685e2c448902f1ff3e3380e74/element HTTP/1.1
User-Agent: selenium/4.8.1 (java mac)
Content-Length: 155
Content-Type: application/json; charset=utf-8
host: localhost:3529
accept: */*

Response DefaultHttpResponse(decodeResult: success, version: HTTP/1.1)
HTTP/1.1 200 OK
Content-Length: 88
Content-Type: application/json; charset=utf-8
cache-control: no-cache

20:06:18.694 [AsyncHttpClient-1-5] DEBUG org.asynchttpclient.netty.channel.ChannelManager - Adding key: http://localhost:3529 for channel [id: 0x47d4eacb, L:/127.0.0.1:56240 - R:localhost/127.0.0.1:3529]
20:06:18.697 [Forwarding getElementTagName on session d5d07d4685e2c448902f1ff3e3380e74 to remote] DEBUG org.asynchttpclient.netty.request.NettyRequestSender - Using pooled Channel '[id: 0x47d4eacb, L:/127.0.0.1:56240 - R:localhost/127.0.0.1:3529]' for 'GET' to 'http://localhost:3529/session/d5d07d4685e2c448902f1ff3e3380e74/element/9db9048b-d010-4b29-9ce6-4b7c21705386/name'
20:06:18.697 [Forwarding getElementTagName on session d5d07d4685e2c448902f1ff3e3380e74 to remote] DEBUG org.asynchttpclient.netty.request.NettyRequestSender - Using open Channel [id: 0x47d4eacb, L:/127.0.0.1:56240 - R:localhost/127.0.0.1:3529] for GET '/session/d5d07d4685e2c448902f1ff3e3380e74/element/9db9048b-d010-4b29-9ce6-4b7c21705386/name'
20:06:18.699 [AsyncHttpClient-1-5] DEBUG org.asynchttpclient.netty.handler.HttpHandler - 

Request DefaultFullHttpRequest(decodeResult: success, version: HTTP/1.1, content: EmptyByteBufBE)
GET /session/d5d07d4685e2c448902f1ff3e3380e74/element/9db9048b-d010-4b29-9ce6-4b7c21705386/name HTTP/1.1
User-Agent: selenium/4.8.1 (java mac)
Cache-Control: no-cache
Content-Type: application/json; charset=utf-8
host: localhost:3529
accept: */*

Response DefaultHttpResponse(decodeResult: success, version: HTTP/1.1)
HTTP/1.1 200 OK
Content-Length: 18
Content-Type: application/json; charset=utf-8
cache-control: no-cache

20:06:18.700 [AsyncHttpClient-1-5] DEBUG org.asynchttpclient.netty.channel.ChannelManager - Adding key: http://localhost:3529 for channel [id: 0x47d4eacb, L:/127.0.0.1:56240 - R:localhost/127.0.0.1:3529]
20:06:18.702 [Forwarding getElementTagName on session d5d07d4685e2c448902f1ff3e3380e74 to remote] DEBUG org.asynchttpclient.netty.request.NettyRequestSender - Using pooled Channel '[id: 0x47d4eacb, L:/127.0.0.1:56240 - R:localhost/127.0.0.1:3529]' for 'GET' to 'http://localhost:3529/session/d5d07d4685e2c448902f1ff3e3380e74/element/9db9048b-d010-4b29-9ce6-4b7c21705386/name'
20:06:18.703 [Forwarding getElementTagName on session d5d07d4685e2c448902f1ff3e3380e74 to remote] DEBUG org.asynchttpclient.netty.request.NettyRequestSender - Using open Channel [id: 0x47d4eacb, L:/127.0.0.1:56240 - R:localhost/127.0.0.1:3529] for GET '/session/d5d07d4685e2c448902f1ff3e3380e74/element/9db9048b-d010-4b29-9ce6-4b7c21705386/name'
20:06:18.706 [AsyncHttpClient-1-5] DEBUG org.asynchttpclient.netty.handler.HttpHandler - 

Request DefaultFullHttpRequest(decodeResult: success, version: HTTP/1.1, content: EmptyByteBufBE)
GET /session/d5d07d4685e2c448902f1ff3e3380e74/element/9db9048b-d010-4b29-9ce6-4b7c21705386/name HTTP/1.1
User-Agent: selenium/4.8.1 (java mac)
Cache-Control: no-cache
Content-Type: application/json; charset=utf-8
host: localhost:3529
accept: */*

Response DefaultHttpResponse(decodeResult: success, version: HTTP/1.1)
HTTP/1.1 200 OK
Content-Length: 18
Content-Type: application/json; charset=utf-8
cache-control: no-cache

20:06:18.706 [AsyncHttpClient-1-5] DEBUG org.asynchttpclient.netty.channel.ChannelManager - Adding key: http://localhost:3529 for channel [id: 0x47d4eacb, L:/127.0.0.1:56240 - R:localhost/127.0.0.1:3529]
20:06:18.708 [Forwarding isElementEnabled on session d5d07d4685e2c448902f1ff3e3380e74 to remote] DEBUG org.asynchttpclient.netty.request.NettyRequestSender - Using pooled Channel '[id: 0x47d4eacb, L:/127.0.0.1:56240 - R:localhost/127.0.0.1:3529]' for 'GET' to 'http://localhost:3529/session/d5d07d4685e2c448902f1ff3e3380e74/element/9db9048b-d010-4b29-9ce6-4b7c21705386/enabled'
20:06:18.708 [Forwarding isElementEnabled on session d5d07d4685e2c448902f1ff3e3380e74 to remote] DEBUG org.asynchttpclient.netty.request.NettyRequestSender - Using open Channel [id: 0x47d4eacb, L:/127.0.0.1:56240 - R:localhost/127.0.0.1:3529] for GET '/session/d5d07d4685e2c448902f1ff3e3380e74/element/9db9048b-d010-4b29-9ce6-4b7c21705386/enabled'
20:06:18.716 [AsyncHttpClient-1-5] DEBUG org.asynchttpclient.netty.handler.HttpHandler - 

Request DefaultFullHttpRequest(decodeResult: success, version: HTTP/1.1, content: EmptyByteBufBE)
GET /session/d5d07d4685e2c448902f1ff3e3380e74/element/9db9048b-d010-4b29-9ce6-4b7c21705386/enabled HTTP/1.1
User-Agent: selenium/4.8.1 (java mac)
Cache-Control: no-cache
Content-Type: application/json; charset=utf-8
host: localhost:3529
accept: */*

Response DefaultHttpResponse(decodeResult: success, version: HTTP/1.1)
HTTP/1.1 200 OK
Content-Length: 14
Content-Type: application/json; charset=utf-8
cache-control: no-cache

20:06:18.716 [AsyncHttpClient-1-5] DEBUG org.asynchttpclient.netty.channel.ChannelManager - Adding key: http://localhost:3529 for channel [id: 0x47d4eacb, L:/127.0.0.1:56240 - R:localhost/127.0.0.1:3529]
20:06:18.718 [Forwarding isElementEnabled on session d5d07d4685e2c448902f1ff3e3380e74 to remote] DEBUG org.asynchttpclient.netty.request.NettyRequestSender - Using pooled Channel '[id: 0x47d4eacb, L:/127.0.0.1:56240 - R:localhost/127.0.0.1:3529]' for 'GET' to 'http://localhost:3529/session/d5d07d4685e2c448902f1ff3e3380e74/element/9db9048b-d010-4b29-9ce6-4b7c21705386/enabled'
20:06:18.718 [Forwarding isElementEnabled on session d5d07d4685e2c448902f1ff3e3380e74 to remote] DEBUG org.asynchttpclient.netty.request.NettyRequestSender - Using open Channel [id: 0x47d4eacb, L:/127.0.0.1:56240 - R:localhost/127.0.0.1:3529] for GET '/session/d5d07d4685e2c448902f1ff3e3380e74/element/9db9048b-d010-4b29-9ce6-4b7c21705386/enabled'
20:06:18.724 [AsyncHttpClient-1-5] DEBUG org.asynchttpclient.netty.handler.HttpHandler - 

Request DefaultFullHttpRequest(decodeResult: success, version: HTTP/1.1, content: EmptyByteBufBE)
GET /session/d5d07d4685e2c448902f1ff3e3380e74/element/9db9048b-d010-4b29-9ce6-4b7c21705386/enabled HTTP/1.1
User-Agent: selenium/4.8.1 (java mac)
Cache-Control: no-cache
Content-Type: application/json; charset=utf-8
host: localhost:3529
accept: */*

Response DefaultHttpResponse(decodeResult: success, version: HTTP/1.1)
HTTP/1.1 200 OK
Content-Length: 14
Content-Type: application/json; charset=utf-8
cache-control: no-cache

20:06:18.724 [AsyncHttpClient-1-5] DEBUG org.asynchttpclient.netty.channel.ChannelManager - Adding key: http://localhost:3529 for channel [id: 0x47d4eacb, L:/127.0.0.1:56240 - R:localhost/127.0.0.1:3529]
20:06:18.727 [Forwarding findElement on session d5d07d4685e2c448902f1ff3e3380e74 to remote] DEBUG org.asynchttpclient.netty.request.NettyRequestSender - Using pooled Channel '[id: 0x47d4eacb, L:/127.0.0.1:56240 - R:localhost/127.0.0.1:3529]' for 'POST' to 'http://localhost:3529/session/d5d07d4685e2c448902f1ff3e3380e74/element'
20:06:18.727 [Forwarding findElement on session d5d07d4685e2c448902f1ff3e3380e74 to remote] DEBUG org.asynchttpclient.netty.request.NettyRequestSender - Using open Channel [id: 0x47d4eacb, L:/127.0.0.1:56240 - R:localhost/127.0.0.1:3529] for POST '/session/d5d07d4685e2c448902f1ff3e3380e74/element'
20:06:18.732 [AsyncHttpClient-1-5] DEBUG org.asynchttpclient.netty.handler.HttpHandler - 

Request DefaultHttpRequest(decodeResult: success, version: HTTP/1.1)
POST /session/d5d07d4685e2c448902f1ff3e3380e74/element HTTP/1.1
User-Agent: selenium/4.8.1 (java mac)
Content-Length: 155
Content-Type: application/json; charset=utf-8
host: localhost:3529
accept: */*

Response DefaultHttpResponse(decodeResult: success, version: HTTP/1.1)
HTTP/1.1 200 OK
Content-Length: 88
Content-Type: application/json; charset=utf-8
cache-control: no-cache

20:06:18.732 [AsyncHttpClient-1-5] DEBUG org.asynchttpclient.netty.channel.ChannelManager - Adding key: http://localhost:3529 for channel [id: 0x47d4eacb, L:/127.0.0.1:56240 - R:localhost/127.0.0.1:3529]
20:06:18.733 [Forwarding clickElement on session d5d07d4685e2c448902f1ff3e3380e74 to remote] DEBUG org.asynchttpclient.netty.request.NettyRequestSender - Using pooled Channel '[id: 0x47d4eacb, L:/127.0.0.1:56240 - R:localhost/127.0.0.1:3529]' for 'POST' to 'http://localhost:3529/session/d5d07d4685e2c448902f1ff3e3380e74/element/9db9048b-d010-4b29-9ce6-4b7c21705386/click'
20:06:18.733 [Forwarding clickElement on session d5d07d4685e2c448902f1ff3e3380e74 to remote] DEBUG org.asynchttpclient.netty.request.NettyRequestSender - Using open Channel [id: 0x47d4eacb, L:/127.0.0.1:56240 - R:localhost/127.0.0.1:3529] for POST '/session/d5d07d4685e2c448902f1ff3e3380e74/element/9db9048b-d010-4b29-9ce6-4b7c21705386/click'
20:06:18.847 [AsyncHttpClient-1-1] DEBUG org.asynchttpclient.netty.channel.DefaultChannelPool - Entry count for : http://localhost:56241 : 1
20:06:18.878 [AsyncHttpClient-1-5] DEBUG org.asynchttpclient.netty.handler.HttpHandler - 

Request DefaultHttpRequest(decodeResult: success, version: HTTP/1.1)
POST /session/d5d07d4685e2c448902f1ff3e3380e74/element/9db9048b-d010-4b29-9ce6-4b7c21705386/click HTTP/1.1
User-Agent: selenium/4.8.1 (java mac)
Content-Length: 50
Content-Type: application/json; charset=utf-8
host: localhost:3529
accept: */*

Response DefaultHttpResponse(decodeResult: success, version: HTTP/1.1)
HTTP/1.1 200 OK
Content-Length: 14
Content-Type: application/json; charset=utf-8
cache-control: no-cache

20:06:18.879 [AsyncHttpClient-1-5] DEBUG org.asynchttpclient.netty.channel.ChannelManager - Adding key: http://localhost:3529 for channel [id: 0x47d4eacb, L:/127.0.0.1:56240 - R:localhost/127.0.0.1:3529]
20:06:18.886 [Forwarding getAlertText on session d5d07d4685e2c448902f1ff3e3380e74 to remote] DEBUG org.asynchttpclient.netty.request.NettyRequestSender - Using pooled Channel '[id: 0x47d4eacb, L:/127.0.0.1:56240 - R:localhost/127.0.0.1:3529]' for 'GET' to 'http://localhost:3529/session/d5d07d4685e2c448902f1ff3e3380e74/alert/text'
20:06:18.886 [Forwarding getAlertText on session d5d07d4685e2c448902f1ff3e3380e74 to remote] DEBUG org.asynchttpclient.netty.request.NettyRequestSender - Using open Channel [id: 0x47d4eacb, L:/127.0.0.1:56240 - R:localhost/127.0.0.1:3529] for GET '/session/d5d07d4685e2c448902f1ff3e3380e74/alert/text'
20:06:18.888 [AsyncHttpClient-1-5] DEBUG org.asynchttpclient.netty.handler.HttpHandler - 

Request DefaultFullHttpRequest(decodeResult: success, version: HTTP/1.1, content: EmptyByteBufBE)
GET /session/d5d07d4685e2c448902f1ff3e3380e74/alert/text HTTP/1.1
User-Agent: selenium/4.8.1 (java mac)
Cache-Control: no-cache
Content-Type: application/json; charset=utf-8
host: localhost:3529
accept: */*

Response DefaultHttpResponse(decodeResult: success, version: HTTP/1.1)
HTTP/1.1 404 Not Found
Content-Length: 1763
Content-Type: application/json; charset=utf-8
cache-control: no-cache

20:06:18.889 [AsyncHttpClient-1-5] DEBUG org.asynchttpclient.netty.channel.ChannelManager - Adding key: http://localhost:3529 for channel [id: 0x47d4eacb, L:/127.0.0.1:56240 - R:localhost/127.0.0.1:3529]
20:06:18.891 [Forwarding getCurrentUrl on session d5d07d4685e2c448902f1ff3e3380e74 to remote] DEBUG org.asynchttpclient.netty.request.NettyRequestSender - Using pooled Channel '[id: 0x47d4eacb, L:/127.0.0.1:56240 - R:localhost/127.0.0.1:3529]' for 'GET' to 'http://localhost:3529/session/d5d07d4685e2c448902f1ff3e3380e74/url'
20:06:18.891 [Forwarding getCurrentUrl on session d5d07d4685e2c448902f1ff3e3380e74 to remote] DEBUG org.asynchttpclient.netty.request.NettyRequestSender - Using open Channel [id: 0x47d4eacb, L:/127.0.0.1:56240 - R:localhost/127.0.0.1:3529] for GET '/session/d5d07d4685e2c448902f1ff3e3380e74/url'
20:06:18.893 [AsyncHttpClient-1-5] DEBUG org.asynchttpclient.netty.handler.HttpHandler - 

Request DefaultFullHttpRequest(decodeResult: success, version: HTTP/1.1, content: EmptyByteBufBE)
GET /session/d5d07d4685e2c448902f1ff3e3380e74/url HTTP/1.1
User-Agent: selenium/4.8.1 (java mac)
Cache-Control: no-cache
Content-Type: application/json; charset=utf-8
host: localhost:3529
accept: */*

Response DefaultHttpResponse(decodeResult: success, version: HTTP/1.1)
HTTP/1.1 200 OK
Content-Length: 51
Content-Type: application/json; charset=utf-8
cache-control: no-cache

20:06:18.893 [AsyncHttpClient-1-5] DEBUG org.asynchttpclient.netty.channel.ChannelManager - Adding key: http://localhost:3529 for channel [id: 0x47d4eacb, L:/127.0.0.1:56240 - R:localhost/127.0.0.1:3529]
20:06:18.895 [Forwarding screenshot on session d5d07d4685e2c448902f1ff3e3380e74 to remote] DEBUG org.asynchttpclient.netty.request.NettyRequestSender - Using pooled Channel '[id: 0x47d4eacb, L:/127.0.0.1:56240 - R:localhost/127.0.0.1:3529]' for 'GET' to 'http://localhost:3529/session/d5d07d4685e2c448902f1ff3e3380e74/screenshot'
20:06:18.895 [Forwarding screenshot on session d5d07d4685e2c448902f1ff3e3380e74 to remote] DEBUG org.asynchttpclient.netty.request.NettyRequestSender - Using open Channel [id: 0x47d4eacb, L:/127.0.0.1:56240 - R:localhost/127.0.0.1:3529] for GET '/session/d5d07d4685e2c448902f1ff3e3380e74/screenshot'
20:06:19.950 [AsyncHttpClient-1-1] DEBUG org.asynchttpclient.netty.channel.DefaultChannelPool - Entry count for : http://localhost:56241 : 1
20:06:20.721 [AsyncHttpClient-1-5] DEBUG org.asynchttpclient.netty.handler.HttpHandler - 

Request DefaultFullHttpRequest(decodeResult: success, version: HTTP/1.1, content: EmptyByteBufBE)
GET /session/d5d07d4685e2c448902f1ff3e3380e74/screenshot HTTP/1.1
User-Agent: selenium/4.8.1 (java mac)
Cache-Control: no-cache
Content-Type: application/json; charset=utf-8
host: localhost:3529
accept: */*

Response DefaultHttpResponse(decodeResult: success, version: HTTP/1.1)
HTTP/1.1 200 OK
Content-Length: 69920
Content-Type: application/json; charset=utf-8
cache-control: no-cache

20:06:20.723 [AsyncHttpClient-1-5] DEBUG org.asynchttpclient.netty.channel.ChannelManager - Adding key: http://localhost:3529 for channel [id: 0x47d4eacb, L:/127.0.0.1:56240 - R:localhost/127.0.0.1:3529]
20:06:20.733 [main] DEBUG net.serenitybdd.core.photography.Darkroom - Send negative for processing for target/site/serenity/cce53675130a24a92a20a85558982598488c12b3a3a78c4871037b6eb644e4e1.png
20:06:20.734 [Darkroom Processing Line] DEBUG net.serenitybdd.core.photography.DarkroomProcessingLine - Processing screenshot image in /var/screenshots/screenshot-5721144107634994355
20:06:20.734 [Darkroom Processing Line] DEBUG net.serenitybdd.core.photography.DarkroomProcessingLine - Saving screenshot to target/site/serenity/cce53675130a24a92a20a85558982598488c12b3a3a78c4871037b6eb644e4e1.png
20:06:20.736 [main] DEBUG net.thucydides.core.steps.StepInterceptor - STEP DONE: clickButtonLogin
  &amp#27;[32mAnd &amp#27;[0m&amp#27;[32mI click login button to view all products categories&amp#27;[0m       &amp#27;[90m# starter.stepdefinitions.viewAllProductsCategorySteps.doClickLoginButton()&amp#27;[0m
20:06:20.766 [Forwarding getPageSource on session d5d07d4685e2c448902f1ff3e3380e74 to remote] DEBUG org.asynchttpclient.netty.request.NettyRequestSender - Using pooled Channel '[id: 0x47d4eacb, L:/127.0.0.1:56240 - R:localhost/127.0.0.1:3529]' for 'POST' to 'http://localhost:3529/session/d5d07d4685e2c448902f1ff3e3380e74/execute/sync'
20:06:20.766 [Forwarding getPageSource on session d5d07d4685e2c448902f1ff3e3380e74 to remote] DEBUG org.asynchttpclient.netty.request.NettyRequestSender - Using open Channel [id: 0x47d4eacb, L:/127.0.0.1:56240 - R:localhost/127.0.0.1:3529] for POST '/session/d5d07d4685e2c448902f1ff3e3380e74/execute/sync'
20:06:20.772 [AsyncHttpClient-1-5] DEBUG org.asynchttpclient.netty.handler.HttpHandler - 

Request DefaultHttpRequest(decodeResult: success, version: HTTP/1.1)
POST /session/d5d07d4685e2c448902f1ff3e3380e74/execute/sync HTTP/1.1
User-Agent: selenium/4.8.1 (java mac)
Content-Length: 176
Content-Type: application/json; charset=utf-8
host: localhost:3529
accept: */*

Response DefaultHttpResponse(decodeResult: success, version: HTTP/1.1)
HTTP/1.1 200 OK
Content-Length: 28804
Content-Type: application/json; charset=utf-8
cache-control: no-cache

20:06:20.772 [AsyncHttpClient-1-5] DEBUG org.asynchttpclient.netty.channel.ChannelManager - Adding key: http://localhost:3529 for channel [id: 0x47d4eacb, L:/127.0.0.1:56240 - R:localhost/127.0.0.1:3529]
20:06:20.779 [Forwarding getCurrentUrl on session d5d07d4685e2c448902f1ff3e3380e74 to remote] DEBUG org.asynchttpclient.netty.request.NettyRequestSender - Using pooled Channel '[id: 0x47d4eacb, L:/127.0.0.1:56240 - R:localhost/127.0.0.1:3529]' for 'GET' to 'http://localhost:3529/session/d5d07d4685e2c448902f1ff3e3380e74/url'
20:06:20.780 [Forwarding getCurrentUrl on session d5d07d4685e2c448902f1ff3e3380e74 to remote] DEBUG org.asynchttpclient.netty.request.NettyRequestSender - Using open Channel [id: 0x47d4eacb, L:/127.0.0.1:56240 - R:localhost/127.0.0.1:3529] for GET '/session/d5d07d4685e2c448902f1ff3e3380e74/url'
20:06:20.782 [AsyncHttpClient-1-5] DEBUG org.asynchttpclient.netty.handler.HttpHandler - 

Request DefaultFullHttpRequest(decodeResult: success, version: HTTP/1.1, content: EmptyByteBufBE)
GET /session/d5d07d4685e2c448902f1ff3e3380e74/url HTTP/1.1
User-Agent: selenium/4.8.1 (java mac)
Cache-Control: no-cache
Content-Type: application/json; charset=utf-8
host: localhost:3529
accept: */*

Response DefaultHttpResponse(decodeResult: success, version: HTTP/1.1)
HTTP/1.1 200 OK
Content-Length: 41
Content-Type: application/json; charset=utf-8
cache-control: no-cache

20:06:20.782 [AsyncHttpClient-1-5] DEBUG org.asynchttpclient.netty.channel.ChannelManager - Adding key: http://localhost:3529 for channel [id: 0x47d4eacb, L:/127.0.0.1:56240 - R:localhost/127.0.0.1:3529]
20:06:20.797 [Forwarding getAlertText on session d5d07d4685e2c448902f1ff3e3380e74 to remote] DEBUG org.asynchttpclient.netty.request.NettyRequestSender - Using pooled Channel '[id: 0x47d4eacb, L:/127.0.0.1:56240 - R:localhost/127.0.0.1:3529]' for 'GET' to 'http://localhost:3529/session/d5d07d4685e2c448902f1ff3e3380e74/alert/text'
20:06:20.797 [Forwarding getAlertText on session d5d07d4685e2c448902f1ff3e3380e74 to remote] DEBUG org.asynchttpclient.netty.request.NettyRequestSender - Using open Channel [id: 0x47d4eacb, L:/127.0.0.1:56240 - R:localhost/127.0.0.1:3529] for GET '/session/d5d07d4685e2c448902f1ff3e3380e74/alert/text'
20:06:21.051 [AsyncHttpClient-1-1] DEBUG org.asynchttpclient.netty.channel.DefaultChannelPool - Entry count for : http://localhost:56241 : 1
20:06:21.797 [AsyncHttpClient-1-5] DEBUG org.asynchttpclient.netty.handler.HttpHandler - 

Request DefaultFullHttpRequest(decodeResult: success, version: HTTP/1.1, content: EmptyByteBufBE)
GET /session/d5d07d4685e2c448902f1ff3e3380e74/alert/text HTTP/1.1
User-Agent: selenium/4.8.1 (java mac)
Cache-Control: no-cache
Content-Type: application/json; charset=utf-8
host: localhost:3529
accept: */*

Response DefaultHttpResponse(decodeResult: success, version: HTTP/1.1)
HTTP/1.1 404 Not Found
Content-Length: 1763
Content-Type: application/json; charset=utf-8
cache-control: no-cache

20:06:21.797 [AsyncHttpClient-1-5] DEBUG org.asynchttpclient.netty.channel.ChannelManager - Adding key: http://localhost:3529 for channel [id: 0x47d4eacb, L:/127.0.0.1:56240 - R:localhost/127.0.0.1:3529]
20:06:21.801 [Forwarding getCurrentUrl on session d5d07d4685e2c448902f1ff3e3380e74 to remote] DEBUG org.asynchttpclient.netty.request.NettyRequestSender - Using pooled Channel '[id: 0x47d4eacb, L:/127.0.0.1:56240 - R:localhost/127.0.0.1:3529]' for 'GET' to 'http://localhost:3529/session/d5d07d4685e2c448902f1ff3e3380e74/url'
20:06:21.801 [Forwarding getCurrentUrl on session d5d07d4685e2c448902f1ff3e3380e74 to remote] DEBUG org.asynchttpclient.netty.request.NettyRequestSender - Using open Channel [id: 0x47d4eacb, L:/127.0.0.1:56240 - R:localhost/127.0.0.1:3529] for GET '/session/d5d07d4685e2c448902f1ff3e3380e74/url'
20:06:21.803 [AsyncHttpClient-1-5] DEBUG org.asynchttpclient.netty.handler.HttpHandler - 

Request DefaultFullHttpRequest(decodeResult: success, version: HTTP/1.1, content: EmptyByteBufBE)
GET /session/d5d07d4685e2c448902f1ff3e3380e74/url HTTP/1.1
User-Agent: selenium/4.8.1 (java mac)
Cache-Control: no-cache
Content-Type: application/json; charset=utf-8
host: localhost:3529
accept: */*

Response DefaultHttpResponse(decodeResult: success, version: HTTP/1.1)
HTTP/1.1 200 OK
Content-Length: 41
Content-Type: application/json; charset=utf-8
cache-control: no-cache

20:06:21.803 [AsyncHttpClient-1-5] DEBUG org.asynchttpclient.netty.channel.ChannelManager - Adding key: http://localhost:3529 for channel [id: 0x47d4eacb, L:/127.0.0.1:56240 - R:localhost/127.0.0.1:3529]
20:06:21.804 [Forwarding screenshot on session d5d07d4685e2c448902f1ff3e3380e74 to remote] DEBUG org.asynchttpclient.netty.request.NettyRequestSender - Using pooled Channel '[id: 0x47d4eacb, L:/127.0.0.1:56240 - R:localhost/127.0.0.1:3529]' for 'GET' to 'http://localhost:3529/session/d5d07d4685e2c448902f1ff3e3380e74/screenshot'
20:06:21.804 [Forwarding screenshot on session d5d07d4685e2c448902f1ff3e3380e74 to remote] DEBUG org.asynchttpclient.netty.request.NettyRequestSender - Using open Channel [id: 0x47d4eacb, L:/127.0.0.1:56240 - R:localhost/127.0.0.1:3529] for GET '/session/d5d07d4685e2c448902f1ff3e3380e74/screenshot'
20:06:22.037 [AsyncHttpClient-1-5] DEBUG org.asynchttpclient.netty.handler.HttpHandler - 

Request DefaultFullHttpRequest(decodeResult: success, version: HTTP/1.1, content: EmptyByteBufBE)
GET /session/d5d07d4685e2c448902f1ff3e3380e74/screenshot HTTP/1.1
User-Agent: selenium/4.8.1 (java mac)
Cache-Control: no-cache
Content-Type: application/json; charset=utf-8
host: localhost:3529
accept: */*

Response DefaultHttpResponse(decodeResult: success, version: HTTP/1.1)
HTTP/1.1 200 OK
Content-Length: 177484
Content-Type: application/json; charset=utf-8
cache-control: no-cache

20:06:22.039 [AsyncHttpClient-1-5] DEBUG org.asynchttpclient.netty.channel.ChannelManager - Adding key: http://localhost:3529 for channel [id: 0x47d4eacb, L:/127.0.0.1:56240 - R:localhost/127.0.0.1:3529]
20:06:22.047 [main] DEBUG net.serenitybdd.core.photography.Darkroom - Send negative for processing for target/site/serenity/dbbc94647a92aed955a0f6af1f2365fc21d187e1b7ac5840e4d5d26579ff6a3e.png
20:06:22.047 [Darkroom Processing Line] DEBUG net.serenitybdd.core.photography.DarkroomProcessingLine - Processing screenshot image in /var/screenshots/screenshot-1859483397105894862
20:06:22.047 [Darkroom Processing Line] DEBUG net.serenitybdd.core.photography.DarkroomProcessingLine - Saving screenshot to target/site/serenity/dbbc94647a92aed955a0f6af1f2365fc21d187e1b7ac5840e4d5d26579ff6a3e.png
20:06:22.050 [Forwarding getPageSource on session d5d07d4685e2c448902f1ff3e3380e74 to remote] DEBUG org.asynchttpclient.netty.request.NettyRequestSender - Using pooled Channel '[id: 0x47d4eacb, L:/127.0.0.1:56240 - R:localhost/127.0.0.1:3529]' for 'POST' to 'http://localhost:3529/session/d5d07d4685e2c448902f1ff3e3380e74/execute/sync'
20:06:22.051 [Forwarding getPageSource on session d5d07d4685e2c448902f1ff3e3380e74 to remote] DEBUG org.asynchttpclient.netty.request.NettyRequestSender - Using open Channel [id: 0x47d4eacb, L:/127.0.0.1:56240 - R:localhost/127.0.0.1:3529] for POST '/session/d5d07d4685e2c448902f1ff3e3380e74/execute/sync'
20:06:22.083 [AsyncHttpClient-1-5] DEBUG org.asynchttpclient.netty.handler.HttpHandler - 

Request DefaultHttpRequest(decodeResult: success, version: HTTP/1.1)
POST /session/d5d07d4685e2c448902f1ff3e3380e74/execute/sync HTTP/1.1
User-Agent: selenium/4.8.1 (java mac)
Content-Length: 176
Content-Type: application/json; charset=utf-8
host: localhost:3529
accept: */*

Response DefaultHttpResponse(decodeResult: success, version: HTTP/1.1)
HTTP/1.1 200 OK
Content-Length: 918839
Content-Type: application/json; charset=utf-8
cache-control: no-cache

20:06:22.089 [AsyncHttpClient-1-5] DEBUG org.asynchttpclient.netty.channel.ChannelManager - Adding key: http://localhost:3529 for channel [id: 0x47d4eacb, L:/127.0.0.1:56240 - R:localhost/127.0.0.1:3529]
20:06:22.150 [AsyncHttpClient-1-1] DEBUG org.asynchttpclient.netty.channel.DefaultChannelPool - Entry count for : http://localhost:56241 : 1
20:06:22.150 [AsyncHttpClient-1-1] DEBUG org.asynchttpclient.netty.channel.DefaultChannelPool - Entry count for : http://localhost:3529 : 1
20:06:22.195 [Forwarding getCurrentUrl on session d5d07d4685e2c448902f1ff3e3380e74 to remote] DEBUG org.asynchttpclient.netty.request.NettyRequestSender - Using pooled Channel '[id: 0x47d4eacb, L:/127.0.0.1:56240 - R:localhost/127.0.0.1:3529]' for 'GET' to 'http://localhost:3529/session/d5d07d4685e2c448902f1ff3e3380e74/url'
20:06:22.195 [Forwarding getCurrentUrl on session d5d07d4685e2c448902f1ff3e3380e74 to remote] DEBUG org.asynchttpclient.netty.request.NettyRequestSender - Using open Channel [id: 0x47d4eacb, L:/127.0.0.1:56240 - R:localhost/127.0.0.1:3529] for GET '/session/d5d07d4685e2c448902f1ff3e3380e74/url'
20:06:22.198 [AsyncHttpClient-1-5] DEBUG org.asynchttpclient.netty.handler.HttpHandler - 

Request DefaultFullHttpRequest(decodeResult: success, version: HTTP/1.1, content: EmptyByteBufBE)
GET /session/d5d07d4685e2c448902f1ff3e3380e74/url HTTP/1.1
User-Agent: selenium/4.8.1 (java mac)
Cache-Control: no-cache
Content-Type: application/json; charset=utf-8
host: localhost:3529
accept: */*

Response DefaultHttpResponse(decodeResult: success, version: HTTP/1.1)
HTTP/1.1 200 OK
Content-Length: 41
Content-Type: application/json; charset=utf-8
cache-control: no-cache

20:06:22.198 [AsyncHttpClient-1-5] DEBUG org.asynchttpclient.netty.channel.ChannelManager - Adding key: http://localhost:3529 for channel [id: 0x47d4eacb, L:/127.0.0.1:56240 - R:localhost/127.0.0.1:3529]
20:06:22.203 [main] DEBUG net.thucydides.core.steps.StepInterceptor - STARTING STEP: viewAllProductsCategorySteps.doClickTriangleCategoriesButton - clickTriangleCategoriesButton
20:06:22.206 [Forwarding findElement on session d5d07d4685e2c448902f1ff3e3380e74 to remote] DEBUG org.asynchttpclient.netty.request.NettyRequestSender - Using pooled Channel '[id: 0x47d4eacb, L:/127.0.0.1:56240 - R:localhost/127.0.0.1:3529]' for 'POST' to 'http://localhost:3529/session/d5d07d4685e2c448902f1ff3e3380e74/element'
20:06:22.206 [Forwarding findElement on session d5d07d4685e2c448902f1ff3e3380e74 to remote] DEBUG org.asynchttpclient.netty.request.NettyRequestSender - Using open Channel [id: 0x47d4eacb, L:/127.0.0.1:56240 - R:localhost/127.0.0.1:3529] for POST '/session/d5d07d4685e2c448902f1ff3e3380e74/element'
20:06:22.224 [AsyncHttpClient-1-5] DEBUG org.asynchttpclient.netty.handler.HttpHandler - 

Request DefaultHttpRequest(decodeResult: success, version: HTTP/1.1)
POST /session/d5d07d4685e2c448902f1ff3e3380e74/element HTTP/1.1
User-Agent: selenium/4.8.1 (java mac)
Content-Length: 110
Content-Type: application/json; charset=utf-8
host: localhost:3529
accept: */*

Response DefaultHttpResponse(decodeResult: success, version: HTTP/1.1)
HTTP/1.1 200 OK
Content-Length: 88
Content-Type: application/json; charset=utf-8
cache-control: no-cache

20:06:22.225 [AsyncHttpClient-1-5] DEBUG org.asynchttpclient.netty.channel.ChannelManager - Adding key: http://localhost:3529 for channel [id: 0x47d4eacb, L:/127.0.0.1:56240 - R:localhost/127.0.0.1:3529]
20:06:22.226 [Forwarding getElementTagName on session d5d07d4685e2c448902f1ff3e3380e74 to remote] DEBUG org.asynchttpclient.netty.request.NettyRequestSender - Using pooled Channel '[id: 0x47d4eacb, L:/127.0.0.1:56240 - R:localhost/127.0.0.1:3529]' for 'GET' to 'http://localhost:3529/session/d5d07d4685e2c448902f1ff3e3380e74/element/c5bc458f-e05e-4022-8391-70fb45e7da57/name'
20:06:22.226 [Forwarding getElementTagName on session d5d07d4685e2c448902f1ff3e3380e74 to remote] DEBUG org.asynchttpclient.netty.request.NettyRequestSender - Using open Channel [id: 0x47d4eacb, L:/127.0.0.1:56240 - R:localhost/127.0.0.1:3529] for GET '/session/d5d07d4685e2c448902f1ff3e3380e74/element/c5bc458f-e05e-4022-8391-70fb45e7da57/name'
20:06:22.229 [AsyncHttpClient-1-5] DEBUG org.asynchttpclient.netty.handler.HttpHandler - 

Request DefaultFullHttpRequest(decodeResult: success, version: HTTP/1.1, content: EmptyByteBufBE)
GET /session/d5d07d4685e2c448902f1ff3e3380e74/element/c5bc458f-e05e-4022-8391-70fb45e7da57/name HTTP/1.1
User-Agent: selenium/4.8.1 (java mac)
Cache-Control: no-cache
Content-Type: application/json; charset=utf-8
host: localhost:3529
accept: */*

Response DefaultHttpResponse(decodeResult: success, version: HTTP/1.1)
HTTP/1.1 200 OK
Content-Length: 13
Content-Type: application/json; charset=utf-8
cache-control: no-cache

20:06:22.229 [AsyncHttpClient-1-5] DEBUG org.asynchttpclient.netty.channel.ChannelManager - Adding key: http://localhost:3529 for channel [id: 0x47d4eacb, L:/127.0.0.1:56240 - R:localhost/127.0.0.1:3529]
20:06:22.231 [Forwarding getElementTagName on session d5d07d4685e2c448902f1ff3e3380e74 to remote] DEBUG org.asynchttpclient.netty.request.NettyRequestSender - Using pooled Channel '[id: 0x47d4eacb, L:/127.0.0.1:56240 - R:localhost/127.0.0.1:3529]' for 'GET' to 'http://localhost:3529/session/d5d07d4685e2c448902f1ff3e3380e74/element/c5bc458f-e05e-4022-8391-70fb45e7da57/name'
20:06:22.231 [Forwarding getElementTagName on session d5d07d4685e2c448902f1ff3e3380e74 to remote] DEBUG org.asynchttpclient.netty.request.NettyRequestSender - Using open Channel [id: 0x47d4eacb, L:/127.0.0.1:56240 - R:localhost/127.0.0.1:3529] for GET '/session/d5d07d4685e2c448902f1ff3e3380e74/element/c5bc458f-e05e-4022-8391-70fb45e7da57/name'
20:06:22.233 [AsyncHttpClient-1-5] DEBUG org.asynchttpclient.netty.handler.HttpHandler - 

Request DefaultFullHttpRequest(decodeResult: success, version: HTTP/1.1, content: EmptyByteBufBE)
GET /session/d5d07d4685e2c448902f1ff3e3380e74/element/c5bc458f-e05e-4022-8391-70fb45e7da57/name HTTP/1.1
User-Agent: selenium/4.8.1 (java mac)
Cache-Control: no-cache
Content-Type: application/json; charset=utf-8
host: localhost:3529
accept: */*

Response DefaultHttpResponse(decodeResult: success, version: HTTP/1.1)
HTTP/1.1 200 OK
Content-Length: 13
Content-Type: application/json; charset=utf-8
cache-control: no-cache

20:06:22.233 [AsyncHttpClient-1-5] DEBUG org.asynchttpclient.netty.channel.ChannelManager - Adding key: http://localhost:3529 for channel [id: 0x47d4eacb, L:/127.0.0.1:56240 - R:localhost/127.0.0.1:3529]
20:06:22.235 [Forwarding findElement on session d5d07d4685e2c448902f1ff3e3380e74 to remote] DEBUG org.asynchttpclient.netty.request.NettyRequestSender - Using pooled Channel '[id: 0x47d4eacb, L:/127.0.0.1:56240 - R:localhost/127.0.0.1:3529]' for 'POST' to 'http://localhost:3529/session/d5d07d4685e2c448902f1ff3e3380e74/element'
20:06:22.235 [Forwarding findElement on session d5d07d4685e2c448902f1ff3e3380e74 to remote] DEBUG org.asynchttpclient.netty.request.NettyRequestSender - Using open Channel [id: 0x47d4eacb, L:/127.0.0.1:56240 - R:localhost/127.0.0.1:3529] for POST '/session/d5d07d4685e2c448902f1ff3e3380e74/element'
20:06:22.242 [AsyncHttpClient-1-5] DEBUG org.asynchttpclient.netty.handler.HttpHandler - 

Request DefaultHttpRequest(decodeResult: success, version: HTTP/1.1)
POST /session/d5d07d4685e2c448902f1ff3e3380e74/element HTTP/1.1
User-Agent: selenium/4.8.1 (java mac)
Content-Length: 110
Content-Type: application/json; charset=utf-8
host: localhost:3529
accept: */*

Response DefaultHttpResponse(decodeResult: success, version: HTTP/1.1)
HTTP/1.1 200 OK
Content-Length: 88
Content-Type: application/json; charset=utf-8
cache-control: no-cache

20:06:22.242 [AsyncHttpClient-1-5] DEBUG org.asynchttpclient.netty.channel.ChannelManager - Adding key: http://localhost:3529 for channel [id: 0x47d4eacb, L:/127.0.0.1:56240 - R:localhost/127.0.0.1:3529]
20:06:22.244 [Forwarding clickElement on session d5d07d4685e2c448902f1ff3e3380e74 to remote] DEBUG org.asynchttpclient.netty.request.NettyRequestSender - Using pooled Channel '[id: 0x47d4eacb, L:/127.0.0.1:56240 - R:localhost/127.0.0.1:3529]' for 'POST' to 'http://localhost:3529/session/d5d07d4685e2c448902f1ff3e3380e74/element/c5bc458f-e05e-4022-8391-70fb45e7da57/click'
20:06:22.244 [Forwarding clickElement on session d5d07d4685e2c448902f1ff3e3380e74 to remote] DEBUG org.asynchttpclient.netty.request.NettyRequestSender - Using open Channel [id: 0x47d4eacb, L:/127.0.0.1:56240 - R:localhost/127.0.0.1:3529] for POST '/session/d5d07d4685e2c448902f1ff3e3380e74/element/c5bc458f-e05e-4022-8391-70fb45e7da57/click'
20:06:22.518 [AsyncHttpClient-1-5] DEBUG org.asynchttpclient.netty.handler.HttpHandler - 

Request DefaultHttpRequest(decodeResult: success, version: HTTP/1.1)
POST /session/d5d07d4685e2c448902f1ff3e3380e74/element/c5bc458f-e05e-4022-8391-70fb45e7da57/click HTTP/1.1
User-Agent: selenium/4.8.1 (java mac)
Content-Length: 50
Content-Type: application/json; charset=utf-8
host: localhost:3529
accept: */*

Response DefaultHttpResponse(decodeResult: success, version: HTTP/1.1)
HTTP/1.1 200 OK
Content-Length: 14
Content-Type: application/json; charset=utf-8
cache-control: no-cache

20:06:22.518 [AsyncHttpClient-1-5] DEBUG org.asynchttpclient.netty.channel.ChannelManager - Adding key: http://localhost:3529 for channel [id: 0x47d4eacb, L:/127.0.0.1:56240 - R:localhost/127.0.0.1:3529]
20:06:22.530 [Forwarding getAlertText on session d5d07d4685e2c448902f1ff3e3380e74 to remote] DEBUG org.asynchttpclient.netty.request.NettyRequestSender - Using pooled Channel '[id: 0x47d4eacb, L:/127.0.0.1:56240 - R:localhost/127.0.0.1:3529]' for 'GET' to 'http://localhost:3529/session/d5d07d4685e2c448902f1ff3e3380e74/alert/text'
20:06:22.530 [Forwarding getAlertText on session d5d07d4685e2c448902f1ff3e3380e74 to remote] DEBUG org.asynchttpclient.netty.request.NettyRequestSender - Using open Channel [id: 0x47d4eacb, L:/127.0.0.1:56240 - R:localhost/127.0.0.1:3529] for GET '/session/d5d07d4685e2c448902f1ff3e3380e74/alert/text'
20:06:22.553 [AsyncHttpClient-1-5] DEBUG org.asynchttpclient.netty.handler.HttpHandler - 

Request DefaultFullHttpRequest(decodeResult: success, version: HTTP/1.1, content: EmptyByteBufBE)
GET /session/d5d07d4685e2c448902f1ff3e3380e74/alert/text HTTP/1.1
User-Agent: selenium/4.8.1 (java mac)
Cache-Control: no-cache
Content-Type: application/json; charset=utf-8
host: localhost:3529
accept: */*

Response DefaultHttpResponse(decodeResult: success, version: HTTP/1.1)
HTTP/1.1 404 Not Found
Content-Length: 1763
Content-Type: application/json; charset=utf-8
cache-control: no-cache

20:06:22.554 [AsyncHttpClient-1-5] DEBUG org.asynchttpclient.netty.channel.ChannelManager - Adding key: http://localhost:3529 for channel [id: 0x47d4eacb, L:/127.0.0.1:56240 - R:localhost/127.0.0.1:3529]
20:06:22.556 [Forwarding getCurrentUrl on session d5d07d4685e2c448902f1ff3e3380e74 to remote] DEBUG org.asynchttpclient.netty.request.NettyRequestSender - Using pooled Channel '[id: 0x47d4eacb, L:/127.0.0.1:56240 - R:localhost/127.0.0.1:3529]' for 'GET' to 'http://localhost:3529/session/d5d07d4685e2c448902f1ff3e3380e74/url'
20:06:22.557 [Forwarding getCurrentUrl on session d5d07d4685e2c448902f1ff3e3380e74 to remote] DEBUG org.asynchttpclient.netty.request.NettyRequestSender - Using open Channel [id: 0x47d4eacb, L:/127.0.0.1:56240 - R:localhost/127.0.0.1:3529] for GET '/session/d5d07d4685e2c448902f1ff3e3380e74/url'
20:06:22.568 [AsyncHttpClient-1-5] DEBUG org.asynchttpclient.netty.handler.HttpHandler - 

Request DefaultFullHttpRequest(decodeResult: success, version: HTTP/1.1, content: EmptyByteBufBE)
GET /session/d5d07d4685e2c448902f1ff3e3380e74/url HTTP/1.1
User-Agent: selenium/4.8.1 (java mac)
Cache-Control: no-cache
Content-Type: application/json; charset=utf-8
host: localhost:3529
accept: */*

Response DefaultHttpResponse(decodeResult: success, version: HTTP/1.1)
HTTP/1.1 200 OK
Content-Length: 41
Content-Type: application/json; charset=utf-8
cache-control: no-cache

20:06:22.569 [AsyncHttpClient-1-5] DEBUG org.asynchttpclient.netty.channel.ChannelManager - Adding key: http://localhost:3529 for channel [id: 0x47d4eacb, L:/127.0.0.1:56240 - R:localhost/127.0.0.1:3529]
20:06:22.570 [Forwarding screenshot on session d5d07d4685e2c448902f1ff3e3380e74 to remote] DEBUG org.asynchttpclient.netty.request.NettyRequestSender - Using pooled Channel '[id: 0x47d4eacb, L:/127.0.0.1:56240 - R:localhost/127.0.0.1:3529]' for 'GET' to 'http://localhost:3529/session/d5d07d4685e2c448902f1ff3e3380e74/screenshot'
20:06:22.571 [Forwarding screenshot on session d5d07d4685e2c448902f1ff3e3380e74 to remote] DEBUG org.asynchttpclient.netty.request.NettyRequestSender - Using open Channel [id: 0x47d4eacb, L:/127.0.0.1:56240 - R:localhost/127.0.0.1:3529] for GET '/session/d5d07d4685e2c448902f1ff3e3380e74/screenshot'
20:06:22.813 [AsyncHttpClient-1-5] DEBUG org.asynchttpclient.netty.handler.HttpHandler - 

Request DefaultFullHttpRequest(decodeResult: success, version: HTTP/1.1, content: EmptyByteBufBE)
GET /session/d5d07d4685e2c448902f1ff3e3380e74/screenshot HTTP/1.1
User-Agent: selenium/4.8.1 (java mac)
Cache-Control: no-cache
Content-Type: application/json; charset=utf-8
host: localhost:3529
accept: */*

Response DefaultHttpResponse(decodeResult: success, version: HTTP/1.1)
HTTP/1.1 200 OK
Content-Length: 193856
Content-Type: application/json; charset=utf-8
cache-control: no-cache

20:06:22.814 [AsyncHttpClient-1-5] DEBUG org.asynchttpclient.netty.channel.ChannelManager - Adding key: http://localhost:3529 for channel [id: 0x47d4eacb, L:/127.0.0.1:56240 - R:localhost/127.0.0.1:3529]
20:06:22.822 [main] DEBUG net.serenitybdd.core.photography.Darkroom - Send negative for processing for target/site/serenity/9b3304ac3d7948381274b39fb1be1c72baf885ef303fcf8ddf5f268db1e8fd5d.png
20:06:22.822 [Darkroom Processing Line] DEBUG net.serenitybdd.core.photography.DarkroomProcessingLine - Processing screenshot image in /var/screenshots/screenshot-3450293748571351624
20:06:22.822 [Darkroom Processing Line] DEBUG net.serenitybdd.core.photography.DarkroomProcessingLine - Saving screenshot to target/site/serenity/9b3304ac3d7948381274b39fb1be1c72baf885ef303fcf8ddf5f268db1e8fd5d.png
20:06:22.822 [main] DEBUG net.thucydides.core.steps.StepInterceptor - STEP DONE: clickTriangleCategoriesButton
  &amp#27;[32mAnd &amp#27;[0m&amp#27;[32mI click Triangle button on products categories&amp#27;[0m             &amp#27;[90m# starter.stepdefinitions.viewAllProductsCategorySteps.doClickTriangleCategoriesButton()&amp#27;[0m
20:06:22.840 [Forwarding getPageSource on session d5d07d4685e2c448902f1ff3e3380e74 to remote] DEBUG org.asynchttpclient.netty.request.NettyRequestSender - Using pooled Channel '[id: 0x47d4eacb, L:/127.0.0.1:56240 - R:localhost/127.0.0.1:3529]' for 'POST' to 'http://localhost:3529/session/d5d07d4685e2c448902f1ff3e3380e74/execute/sync'
20:06:22.840 [Forwarding getPageSource on session d5d07d4685e2c448902f1ff3e3380e74 to remote] DEBUG org.asynchttpclient.netty.request.NettyRequestSender - Using open Channel [id: 0x47d4eacb, L:/127.0.0.1:56240 - R:localhost/127.0.0.1:3529] for POST '/session/d5d07d4685e2c448902f1ff3e3380e74/execute/sync'
20:06:22.872 [AsyncHttpClient-1-5] DEBUG org.asynchttpclient.netty.handler.HttpHandler - 

Request DefaultHttpRequest(decodeResult: success, version: HTTP/1.1)
POST /session/d5d07d4685e2c448902f1ff3e3380e74/execute/sync HTTP/1.1
User-Agent: selenium/4.8.1 (java mac)
Content-Length: 176
Content-Type: application/json; charset=utf-8
host: localhost:3529
accept: */*

Response DefaultHttpResponse(decodeResult: success, version: HTTP/1.1)
HTTP/1.1 200 OK
Content-Length: 924452
Content-Type: application/json; charset=utf-8
cache-control: no-cache

20:06:22.875 [AsyncHttpClient-1-5] DEBUG org.asynchttpclient.netty.channel.ChannelManager - Adding key: http://localhost:3529 for channel [id: 0x47d4eacb, L:/127.0.0.1:56240 - R:localhost/127.0.0.1:3529]
20:06:23.009 [Forwarding getCurrentUrl on session d5d07d4685e2c448902f1ff3e3380e74 to remote] DEBUG org.asynchttpclient.netty.request.NettyRequestSender - Using pooled Channel '[id: 0x47d4eacb, L:/127.0.0.1:56240 - R:localhost/127.0.0.1:3529]' for 'GET' to 'http://localhost:3529/session/d5d07d4685e2c448902f1ff3e3380e74/url'
20:06:23.009 [Forwarding getCurrentUrl on session d5d07d4685e2c448902f1ff3e3380e74 to remote] DEBUG org.asynchttpclient.netty.request.NettyRequestSender - Using open Channel [id: 0x47d4eacb, L:/127.0.0.1:56240 - R:localhost/127.0.0.1:3529] for GET '/session/d5d07d4685e2c448902f1ff3e3380e74/url'
20:06:23.012 [AsyncHttpClient-1-5] DEBUG org.asynchttpclient.netty.handler.HttpHandler - 

Request DefaultFullHttpRequest(decodeResult: success, version: HTTP/1.1, content: EmptyByteBufBE)
GET /session/d5d07d4685e2c448902f1ff3e3380e74/url HTTP/1.1
User-Agent: selenium/4.8.1 (java mac)
Cache-Control: no-cache
Content-Type: application/json; charset=utf-8
host: localhost:3529
accept: */*

Response DefaultHttpResponse(decodeResult: success, version: HTTP/1.1)
HTTP/1.1 200 OK
Content-Length: 41
Content-Type: application/json; charset=utf-8
cache-control: no-cache

20:06:23.012 [AsyncHttpClient-1-5] DEBUG org.asynchttpclient.netty.channel.ChannelManager - Adding key: http://localhost:3529 for channel [id: 0x47d4eacb, L:/127.0.0.1:56240 - R:localhost/127.0.0.1:3529]
20:06:23.079 [Forwarding findElement on session d5d07d4685e2c448902f1ff3e3380e74 to remote] DEBUG org.asynchttpclient.netty.request.NettyRequestSender - Using pooled Channel '[id: 0x47d4eacb, L:/127.0.0.1:56240 - R:localhost/127.0.0.1:3529]' for 'POST' to 'http://localhost:3529/session/d5d07d4685e2c448902f1ff3e3380e74/element'
20:06:23.080 [Forwarding findElement on session d5d07d4685e2c448902f1ff3e3380e74 to remote] DEBUG org.asynchttpclient.netty.request.NettyRequestSender - Using open Channel [id: 0x47d4eacb, L:/127.0.0.1:56240 - R:localhost/127.0.0.1:3529] for POST '/session/d5d07d4685e2c448902f1ff3e3380e74/element'
20:06:23.084 [AsyncHttpClient-1-5] DEBUG org.asynchttpclient.netty.handler.HttpHandler - 

Request DefaultHttpRequest(decodeResult: success, version: HTTP/1.1)
POST /session/d5d07d4685e2c448902f1ff3e3380e74/element HTTP/1.1
User-Agent: selenium/4.8.1 (java mac)
Content-Length: 54
Content-Type: application/json; charset=utf-8
host: localhost:3529
accept: */*

Response DefaultHttpResponse(decodeResult: success, version: HTTP/1.1)
HTTP/1.1 200 OK
Content-Length: 88
Content-Type: application/json; charset=utf-8
cache-control: no-cache

20:06:23.084 [AsyncHttpClient-1-5] DEBUG org.asynchttpclient.netty.channel.ChannelManager - Adding key: http://localhost:3529 for channel [id: 0x47d4eacb, L:/127.0.0.1:56240 - R:localhost/127.0.0.1:3529]
20:06:23.089 [Forwarding isElementDisplayed on session d5d07d4685e2c448902f1ff3e3380e74 to remote] DEBUG org.asynchttpclient.netty.request.NettyRequestSender - Using pooled Channel '[id: 0x47d4eacb, L:/127.0.0.1:56240 - R:localhost/127.0.0.1:3529]' for 'POST' to 'http://localhost:3529/session/d5d07d4685e2c448902f1ff3e3380e74/execute/sync'
20:06:23.089 [Forwarding isElementDisplayed on session d5d07d4685e2c448902f1ff3e3380e74 to remote] DEBUG org.asynchttpclient.netty.request.NettyRequestSender - Using open Channel [id: 0x47d4eacb, L:/127.0.0.1:56240 - R:localhost/127.0.0.1:3529] for POST '/session/d5d07d4685e2c448902f1ff3e3380e74/execute/sync'
20:06:23.097 [AsyncHttpClient-1-5] DEBUG org.asynchttpclient.netty.handler.HttpHandler - 

Request DefaultHttpRequest(decodeResult: success, version: HTTP/1.1)
POST /session/d5d07d4685e2c448902f1ff3e3380e74/execute/sync HTTP/1.1
User-Agent: selenium/4.8.1 (java mac)
Content-Length: 48807
Content-Type: application/json; charset=utf-8
host: localhost:3529
accept: */*

Response DefaultHttpResponse(decodeResult: success, version: HTTP/1.1)
HTTP/1.1 200 OK
Content-Length: 14
Content-Type: application/json; charset=utf-8
cache-control: no-cache

20:06:23.098 [AsyncHttpClient-1-5] DEBUG org.asynchttpclient.netty.channel.ChannelManager - Adding key: http://localhost:3529 for channel [id: 0x47d4eacb, L:/127.0.0.1:56240 - R:localhost/127.0.0.1:3529]
  &amp#27;[32mThen &amp#27;[0m&amp#27;[32mI can view all products categories&amp#27;[0m                        &amp#27;[90m# starter.stepdefinitions.viewAllProductsCategorySteps.validateProductsCategoriesPage()&amp#27;[0m
20:06:23.105 [Forwarding getAlertText on session d5d07d4685e2c448902f1ff3e3380e74 to remote] DEBUG org.asynchttpclient.netty.request.NettyRequestSender - Using pooled Channel '[id: 0x47d4eacb, L:/127.0.0.1:56240 - R:localhost/127.0.0.1:3529]' for 'GET' to 'http://localhost:3529/session/d5d07d4685e2c448902f1ff3e3380e74/alert/text'
20:06:23.105 [Forwarding getAlertText on session d5d07d4685e2c448902f1ff3e3380e74 to remote] DEBUG org.asynchttpclient.netty.request.NettyRequestSender - Using open Channel [id: 0x47d4eacb, L:/127.0.0.1:56240 - R:localhost/127.0.0.1:3529] for GET '/session/d5d07d4685e2c448902f1ff3e3380e74/alert/text'
20:06:23.106 [AsyncHttpClient-1-5] DEBUG org.asynchttpclient.netty.handler.HttpHandler - 

Request DefaultFullHttpRequest(decodeResult: success, version: HTTP/1.1, content: EmptyByteBufBE)
GET /session/d5d07d4685e2c448902f1ff3e3380e74/alert/text HTTP/1.1
User-Agent: selenium/4.8.1 (java mac)
Cache-Control: no-cache
Content-Type: application/json; charset=utf-8
host: localhost:3529
accept: */*

Response DefaultHttpResponse(decodeResult: success, version: HTTP/1.1)
HTTP/1.1 404 Not Found
Content-Length: 1763
Content-Type: application/json; charset=utf-8
cache-control: no-cache

20:06:23.106 [AsyncHttpClient-1-5] DEBUG org.asynchttpclient.netty.channel.ChannelManager - Adding key: http://localhost:3529 for channel [id: 0x47d4eacb, L:/127.0.0.1:56240 - R:localhost/127.0.0.1:3529]
20:06:23.108 [Forwarding getCurrentUrl on session d5d07d4685e2c448902f1ff3e3380e74 to remote] DEBUG org.asynchttpclient.netty.request.NettyRequestSender - Using pooled Channel '[id: 0x47d4eacb, L:/127.0.0.1:56240 - R:localhost/127.0.0.1:3529]' for 'GET' to 'http://localhost:3529/session/d5d07d4685e2c448902f1ff3e3380e74/url'
20:06:23.108 [Forwarding getCurrentUrl on session d5d07d4685e2c448902f1ff3e3380e74 to remote] DEBUG org.asynchttpclient.netty.request.NettyRequestSender - Using open Channel [id: 0x47d4eacb, L:/127.0.0.1:56240 - R:localhost/127.0.0.1:3529] for GET '/session/d5d07d4685e2c448902f1ff3e3380e74/url'
20:06:23.110 [AsyncHttpClient-1-5] DEBUG org.asynchttpclient.netty.handler.HttpHandler - 

Request DefaultFullHttpRequest(decodeResult: success, version: HTTP/1.1, content: EmptyByteBufBE)
GET /session/d5d07d4685e2c448902f1ff3e3380e74/url HTTP/1.1
User-Agent: selenium/4.8.1 (java mac)
Cache-Control: no-cache
Content-Type: application/json; charset=utf-8
host: localhost:3529
accept: */*

Response DefaultHttpResponse(decodeResult: success, version: HTTP/1.1)
HTTP/1.1 200 OK
Content-Length: 41
Content-Type: application/json; charset=utf-8
cache-control: no-cache

20:06:23.111 [AsyncHttpClient-1-5] DEBUG org.asynchttpclient.netty.channel.ChannelManager - Adding key: http://localhost:3529 for channel [id: 0x47d4eacb, L:/127.0.0.1:56240 - R:localhost/127.0.0.1:3529]
20:06:23.112 [Forwarding screenshot on session d5d07d4685e2c448902f1ff3e3380e74 to remote] DEBUG org.asynchttpclient.netty.request.NettyRequestSender - Using pooled Channel '[id: 0x47d4eacb, L:/127.0.0.1:56240 - R:localhost/127.0.0.1:3529]' for 'GET' to 'http://localhost:3529/session/d5d07d4685e2c448902f1ff3e3380e74/screenshot'
20:06:23.112 [Forwarding screenshot on session d5d07d4685e2c448902f1ff3e3380e74 to remote] DEBUG org.asynchttpclient.netty.request.NettyRequestSender - Using open Channel [id: 0x47d4eacb, L:/127.0.0.1:56240 - R:localhost/127.0.0.1:3529] for GET '/session/d5d07d4685e2c448902f1ff3e3380e74/screenshot'
20:06:23.250 [AsyncHttpClient-1-1] DEBUG org.asynchttpclient.netty.channel.DefaultChannelPool - Entry count for : http://localhost:56241 : 1
20:06:23.284 [AsyncHttpClient-1-5] DEBUG org.asynchttpclient.netty.handler.HttpHandler - 

Request DefaultFullHttpRequest(decodeResult: success, version: HTTP/1.1, content: EmptyByteBufBE)
GET /session/d5d07d4685e2c448902f1ff3e3380e74/screenshot HTTP/1.1
User-Agent: selenium/4.8.1 (java mac)
Cache-Control: no-cache
Content-Type: application/json; charset=utf-8
host: localhost:3529
accept: */*

Response DefaultHttpResponse(decodeResult: success, version: HTTP/1.1)
HTTP/1.1 200 OK
Content-Length: 145140
Content-Type: application/json; charset=utf-8
cache-control: no-cache

20:06:23.285 [AsyncHttpClient-1-5] DEBUG org.asynchttpclient.netty.channel.ChannelManager - Adding key: http://localhost:3529 for channel [id: 0x47d4eacb, L:/127.0.0.1:56240 - R:localhost/127.0.0.1:3529]
20:06:23.293 [main] DEBUG net.serenitybdd.core.photography.Darkroom - Send negative for processing for target/site/serenity/9be50cd92c4de1e2ff4bde56d81386543a425325afd6ca5254df8bd4ecbd8480.png
20:06:23.293 [Darkroom Processing Line] DEBUG net.serenitybdd.core.photography.DarkroomProcessingLine - Processing screenshot image in /var/screenshots/screenshot-1829484175465175568
20:06:23.293 [Darkroom Processing Line] DEBUG net.serenitybdd.core.photography.DarkroomProcessingLine - Saving screenshot to target/site/serenity/9be50cd92c4de1e2ff4bde56d81386543a425325afd6ca5254df8bd4ecbd8480.png
20:06:23.297 [main] INFO  - 
  _____   ___   ___   _____     ___     _     ___   ___   ___   ___  
 |_   _| | __| / __| |_   _|   | _ \   /_\   / __| / __| | __| |   \ 
   | |   | _|  \__ \   | |     |  _/  / _ \  \__ \ \__ \ | _|  | |) |
   |_|   |___| |___/   |_|     |_|   /_/ \_\ |___/ |___/ |___| |___/ 

As user, I can login and view all products categories
----------------------------------------------------------------------
20:06:23.305 [Driver Command Executor] DEBUG org.asynchttpclient.netty.request.NettyRequestSender - Using pooled Channel '[id: 0x47d4eacb, L:/127.0.0.1:56240 - R:localhost/127.0.0.1:3529]' for 'DELETE' to 'http://localhost:3529/session/d5d07d4685e2c448902f1ff3e3380e74'
20:06:23.308 [Driver Command Executor] DEBUG org.asynchttpclient.netty.request.NettyRequestSender - Using open Channel [id: 0x47d4eacb, L:/127.0.0.1:56240 - R:localhost/127.0.0.1:3529] for DELETE '/session/d5d07d4685e2c448902f1ff3e3380e74'
20:06:23.309 [AsyncHttpClient-1-7] DEBUG org.asynchttpclient.netty.handler.WebSocketHandler - Channel Closed: [id: 0x88b19e6d, L:/127.0.0.1:56247 ! R:localhost/127.0.0.1:56241] with attribute NettyResponseFuture{currentRetry=0,
	isDone=1,
	isCancelled=0,
	asyncHandler=org.asynchttpclient.ws.WebSocketUpgradeHandler@69480713,
	nettyRequest=org.asynchttpclient.netty.request.NettyRequest@2c4a845e,
	future=java.util.concurrent.CompletableFuture@4cf926c0[Completed normally],
	uri=ws://localhost:56241/devtools/browser/8fe87943-95c3-40bf-aac4-626bda24b913,
	keepAlive=true,
	redirectCount=0,
	timeoutsHolder=null,
	inAuth=0,
	touch=1683637560308}
20:06:23.310 [AsyncHttpClient-1-7] DEBUG org.asynchttpclient.netty.channel.ChannelManager - Closing Channel [id: 0x88b19e6d, L:/127.0.0.1:56247 ! R:localhost/127.0.0.1:56241] 
20:06:23.331 [AsyncHttpClient-1-6] DEBUG org.asynchttpclient.netty.handler.HttpHandler - Channel Closed: [id: 0x51b3e2e9, L:/127.0.0.1:56246 ! R:localhost/127.0.0.1:56241] with attribute DISCARD
20:06:23.366 [AsyncHttpClient-1-5] DEBUG org.asynchttpclient.netty.handler.HttpHandler - 

Request DefaultFullHttpRequest(decodeResult: success, version: HTTP/1.1, content: EmptyByteBufBE)
DELETE /session/d5d07d4685e2c448902f1ff3e3380e74 HTTP/1.1
User-Agent: selenium/4.8.1 (java mac)
Content-Type: application/json; charset=utf-8
host: localhost:3529
accept: */*

Response DefaultHttpResponse(decodeResult: success, version: HTTP/1.1)
HTTP/1.1 200 OK
Content-Length: 14
Content-Type: application/json; charset=utf-8
cache-control: no-cache

20:06:23.369 [AsyncHttpClient-1-5] DEBUG org.asynchttpclient.netty.channel.ChannelManager - Adding key: http://localhost:3529 for channel [id: 0x47d4eacb, L:/127.0.0.1:56240 - R:localhost/127.0.0.1:3529]
20:06:23.430 [AsyncHttpClient-1-5] DEBUG org.asynchttpclient.netty.handler.HttpHandler - Channel Closed: [id: 0x47d4eacb, L:/127.0.0.1:56240 ! R:localhost/127.0.0.1:3529] with attribute DISCARD
]]></system-out>
    <system-err><![CDATA[Starting ChromeDriver 111.0.5563.64 (c710e93d5b63b7095afe8c2c17df34408078439d-refs/branch-heads/5563@{#995}) on port 3529
Only local connections are allowed.
Please see https://chromedriver.chromium.org/security-considerations for suggestions on keeping ChromeDriver safe.
ChromeDriver was started successfully.
[1683637559.371][WARNING]: This version of ChromeDriver has not been tested with Chrome version 112.
May 09, 2023 8:06:00 PM org.openqa.selenium.devtools.CdpVersionFinder findNearestMatch
WARNING: Unable to find an exact match for CDP version 112, so returning the closest version found: 110
]]></system-err>
  </testcase>
  <testcase name="As user, I can login and view products by categories" classname="products #1" time="29.226">
    <system-out><![CDATA[
@products @viewproductsbycategories
Scenario: As user, I can login and view products by categories    &amp#27;[90m# src/test/resources/features/Products.feature:28&amp#27;[0m
20:06:23.562 [main] DEBUG io.cucumber.core.plugin.SerenityReporter - Running feature from file:///Users/masgilang/Downloads/test-automation-MinProWEB/src/test/resources/features/Products.feature
20:06:23.569 [main] INFO  - 
  _____   ___   ___   _____     ___   _____     _     ___   _____   ___   ___  
 |_   _| | __| / __| |_   _|   / __| |_   _|   /_\   | _ \ |_   _| | __| |   \ 
   | |   | _|  \__ \   | |     \__ \   | |    / _ \  |   /   | |   | _|  | |) |
   |_|   |___| |___/   |_|     |___/   |_|   /_/ \_\ |_|_\   |_|   |___| |___/ 

As user, I can login and view products by categories(products;as-user--i-can-login-and-view-products-by-categories)
--------------------------------------------------------------------------------
20:06:23.732 [main] INFO net.serenitybdd.core.webdriver.driverproviders.ChromeDriverProvider - Starting Chrome driver instance with capabilities:
20:06:23.740 [main] INFO net.serenitybdd.core.webdriver.driverproviders.ChromeDriverProvider - Capabilities {acceptInsecureCerts: false, browserName: chrome, goog:chromeOptions: {args: [remote-allow-origins=*], extensions: []}}
20:06:23.945 [AsyncHttpClient-1-8] DEBUG org.asynchttpclient.netty.channel.NettyConnectListener - Using new Channel '[id: 0x1c9547ae, L:/127.0.0.1:56262 - R:localhost/127.0.0.1:41386]' for 'POST' to '/session'
20:06:24.351 [AsyncHttpClient-1-1] DEBUG org.asynchttpclient.netty.channel.DefaultChannelPool - Entry count for : http://localhost:56241 : 1
20:06:24.352 [AsyncHttpClient-1-1] DEBUG org.asynchttpclient.netty.channel.DefaultChannelPool - Entry count for : http://localhost:3529 : 1
20:06:24.352 [AsyncHttpClient-1-1] DEBUG org.asynchttpclient.netty.channel.DefaultChannelPool - Adding Candidate expired Channel [id: 0x51b3e2e9, L:/127.0.0.1:56246 ! R:localhost/127.0.0.1:56241] isIdleTimeoutExpired=false isRemotelyClosed=true isTtlExpired=false
20:06:24.352 [AsyncHttpClient-1-1] DEBUG org.asynchttpclient.netty.channel.DefaultChannelPool - Closing Idle Channel [id: 0x51b3e2e9, L:/127.0.0.1:56246 ! R:localhost/127.0.0.1:56241]
20:06:24.353 [AsyncHttpClient-1-1] DEBUG org.asynchttpclient.netty.channel.DefaultChannelPool - Adding Candidate expired Channel [id: 0x47d4eacb, L:/127.0.0.1:56240 ! R:localhost/127.0.0.1:3529] isIdleTimeoutExpired=false isRemotelyClosed=true isTtlExpired=false
20:06:24.353 [AsyncHttpClient-1-1] DEBUG org.asynchttpclient.netty.channel.DefaultChannelPool - Closing Idle Channel [id: 0x47d4eacb, L:/127.0.0.1:56240 ! R:localhost/127.0.0.1:3529]
20:06:24.353 [AsyncHttpClient-1-1] DEBUG org.asynchttpclient.netty.channel.DefaultChannelPool - Closed 2 connections out of 2 in 1 ms
20:06:29.808 [AsyncHttpClient-1-8] DEBUG org.asynchttpclient.netty.handler.HttpHandler - 

Request DefaultHttpRequest(decodeResult: success, version: HTTP/1.1)
POST /session HTTP/1.1
User-Agent: selenium/4.8.1 (java mac)
Content-Length: 507
Content-Type: application/json; charset=utf-8
host: localhost:41386
accept: */*

Response DefaultHttpResponse(decodeResult: success, version: HTTP/1.1)
HTTP/1.1 200 OK
Content-Length: 869
Content-Type: application/json; charset=utf-8
cache-control: no-cache

20:06:29.822 [AsyncHttpClient-1-8] DEBUG org.asynchttpclient.netty.channel.ChannelManager - Adding key: http://localhost:41386 for channel [id: 0x1c9547ae, L:/127.0.0.1:56262 - R:localhost/127.0.0.1:41386]
20:06:29.851 [AsyncHttpClient-1-1] DEBUG org.asynchttpclient.netty.channel.DefaultChannelPool - Entry count for : http://localhost:41386 : 1
20:06:29.911 [AsyncHttpClient-1-9] DEBUG org.asynchttpclient.netty.channel.NettyConnectListener - Using new Channel '[id: 0x82af6010, L:/127.0.0.1:56268 - R:localhost/127.0.0.1:56263]' for 'GET' to '/json/version'
20:06:29.917 [AsyncHttpClient-1-9] DEBUG org.asynchttpclient.netty.handler.HttpHandler - 

Request DefaultFullHttpRequest(decodeResult: success, version: HTTP/1.1, content: EmptyByteBufBE)
GET /json/version HTTP/1.1
User-Agent: selenium/4.8.1 (java mac)
host: localhost:56263
accept: */*

Response DefaultHttpResponse(decodeResult: success, version: HTTP/1.1)
HTTP/1.1 200 OK
Content-Security-Policy: frame-ancestors 'none'
Content-Length: 422
Content-Type: application/json; charset=UTF-8

20:06:29.917 [AsyncHttpClient-1-9] DEBUG org.asynchttpclient.netty.channel.ChannelManager - Adding key: http://localhost:56263 for channel [id: 0x82af6010, L:/127.0.0.1:56268 - R:localhost/127.0.0.1:56263]
20:06:29.932 [AsyncHttpClient-1-10] DEBUG org.asynchttpclient.netty.channel.NettyConnectListener - Using new Channel '[id: 0xbe53f2b3, L:/127.0.0.1:56269 - R:localhost/127.0.0.1:56263]' for 'GET' to '/devtools/browser/2b194426-b133-40a4-bec9-21608e15efbe'
20:06:29.936 [AsyncHttpClient-1-10] DEBUG org.asynchttpclient.netty.handler.WebSocketHandler - 

Request DefaultFullHttpRequest(decodeResult: success, version: HTTP/1.1, content: EmptyByteBufBE)
GET /devtools/browser/2b194426-b133-40a4-bec9-21608e15efbe HTTP/1.1
upgrade: websocket
connection: upgrade
sec-websocket-key: jtuGKoFFkOEnAh5/YCIXUg==
sec-websocket-version: 13
origin: http://localhost:56263
host: localhost:56263
accept: */*
user-agent: AHC/2.1

Response DefaultHttpResponse(decodeResult: success, version: HTTP/1.1)
HTTP/1.1 101 WebSocket Protocol Handshake
Upgrade: WebSocket
Connection: Upgrade
Sec-WebSocket-Accept: SeeJVZiAhgYzsElmz5i5W5nRZ+k=

20:06:29.958 [Forwarding get on session 5e4105e4c8c1a4642acc5d9cf8595edf to remote] DEBUG org.asynchttpclient.netty.request.NettyRequestSender - Using pooled Channel '[id: 0x1c9547ae, L:/127.0.0.1:56262 - R:localhost/127.0.0.1:41386]' for 'POST' to 'http://localhost:41386/session/5e4105e4c8c1a4642acc5d9cf8595edf/url'
20:06:29.959 [Forwarding get on session 5e4105e4c8c1a4642acc5d9cf8595edf to remote] DEBUG org.asynchttpclient.netty.request.NettyRequestSender - Using open Channel [id: 0x1c9547ae, L:/127.0.0.1:56262 - R:localhost/127.0.0.1:41386] for POST '/session/5e4105e4c8c1a4642acc5d9cf8595edf/url'
20:06:30.951 [AsyncHttpClient-1-1] DEBUG org.asynchttpclient.netty.channel.DefaultChannelPool - Entry count for : http://localhost:56263 : 1
20:06:32.051 [AsyncHttpClient-1-1] DEBUG org.asynchttpclient.netty.channel.DefaultChannelPool - Entry count for : http://localhost:56263 : 1
20:06:33.146 [AsyncHttpClient-1-1] DEBUG org.asynchttpclient.netty.channel.DefaultChannelPool - Entry count for : http://localhost:56263 : 1
20:06:34.247 [AsyncHttpClient-1-1] DEBUG org.asynchttpclient.netty.channel.DefaultChannelPool - Entry count for : http://localhost:56263 : 1
20:06:35.350 [AsyncHttpClient-1-1] DEBUG org.asynchttpclient.netty.channel.DefaultChannelPool - Entry count for : http://localhost:56263 : 1
20:06:36.449 [AsyncHttpClient-1-1] DEBUG org.asynchttpclient.netty.channel.DefaultChannelPool - Entry count for : http://localhost:56263 : 1
20:06:37.549 [AsyncHttpClient-1-1] DEBUG org.asynchttpclient.netty.channel.DefaultChannelPool - Entry count for : http://localhost:56263 : 1
20:06:38.650 [AsyncHttpClient-1-1] DEBUG org.asynchttpclient.netty.channel.DefaultChannelPool - Entry count for : http://localhost:56263 : 1
20:06:39.750 [AsyncHttpClient-1-1] DEBUG org.asynchttpclient.netty.channel.DefaultChannelPool - Entry count for : http://localhost:56263 : 1
20:06:40.849 [AsyncHttpClient-1-1] DEBUG org.asynchttpclient.netty.channel.DefaultChannelPool - Entry count for : http://localhost:56263 : 1
20:06:41.949 [AsyncHttpClient-1-1] DEBUG org.asynchttpclient.netty.channel.DefaultChannelPool - Entry count for : http://localhost:56263 : 1
20:06:42.277 [AsyncHttpClient-1-8] DEBUG org.asynchttpclient.netty.handler.HttpHandler - 

Request DefaultHttpRequest(decodeResult: success, version: HTTP/1.1)
POST /session/5e4105e4c8c1a4642acc5d9cf8595edf/url HTTP/1.1
User-Agent: selenium/4.8.1 (java mac)
Content-Length: 53
Content-Type: application/json; charset=utf-8
host: localhost:41386
accept: */*

Response DefaultHttpResponse(decodeResult: success, version: HTTP/1.1)
HTTP/1.1 200 OK
Content-Length: 14
Content-Type: application/json; charset=utf-8
cache-control: no-cache

20:06:42.279 [AsyncHttpClient-1-8] DEBUG org.asynchttpclient.netty.channel.ChannelManager - Adding key: http://localhost:41386 for channel [id: 0x1c9547ae, L:/127.0.0.1:56262 - R:localhost/127.0.0.1:41386]
20:06:42.311 [Forwarding setTimeout on session 5e4105e4c8c1a4642acc5d9cf8595edf to remote] DEBUG org.asynchttpclient.netty.request.NettyRequestSender - Using pooled Channel '[id: 0x1c9547ae, L:/127.0.0.1:56262 - R:localhost/127.0.0.1:41386]' for 'POST' to 'http://localhost:41386/session/5e4105e4c8c1a4642acc5d9cf8595edf/timeouts'
20:06:42.313 [Forwarding setTimeout on session 5e4105e4c8c1a4642acc5d9cf8595edf to remote] DEBUG org.asynchttpclient.netty.request.NettyRequestSender - Using open Channel [id: 0x1c9547ae, L:/127.0.0.1:56262 - R:localhost/127.0.0.1:41386] for POST '/session/5e4105e4c8c1a4642acc5d9cf8595edf/timeouts'
20:06:42.326 [AsyncHttpClient-1-8] DEBUG org.asynchttpclient.netty.handler.HttpHandler - 

Request DefaultHttpRequest(decodeResult: success, version: HTTP/1.1)
POST /session/5e4105e4c8c1a4642acc5d9cf8595edf/timeouts HTTP/1.1
User-Agent: selenium/4.8.1 (java mac)
Content-Length: 22
Content-Type: application/json; charset=utf-8
host: localhost:41386
accept: */*

Response DefaultHttpResponse(decodeResult: success, version: HTTP/1.1)
HTTP/1.1 200 OK
Content-Length: 14
Content-Type: application/json; charset=utf-8
cache-control: no-cache

20:06:42.327 [AsyncHttpClient-1-8] DEBUG org.asynchttpclient.netty.channel.ChannelManager - Adding key: http://localhost:41386 for channel [id: 0x1c9547ae, L:/127.0.0.1:56262 - R:localhost/127.0.0.1:41386]
20:06:42.356 [Forwarding getAlertText on session 5e4105e4c8c1a4642acc5d9cf8595edf to remote] DEBUG org.asynchttpclient.netty.request.NettyRequestSender - Using pooled Channel '[id: 0x1c9547ae, L:/127.0.0.1:56262 - R:localhost/127.0.0.1:41386]' for 'GET' to 'http://localhost:41386/session/5e4105e4c8c1a4642acc5d9cf8595edf/alert/text'
20:06:42.356 [Forwarding getAlertText on session 5e4105e4c8c1a4642acc5d9cf8595edf to remote] DEBUG org.asynchttpclient.netty.request.NettyRequestSender - Using open Channel [id: 0x1c9547ae, L:/127.0.0.1:56262 - R:localhost/127.0.0.1:41386] for GET '/session/5e4105e4c8c1a4642acc5d9cf8595edf/alert/text'
20:06:42.359 [AsyncHttpClient-1-8] DEBUG org.asynchttpclient.netty.handler.HttpHandler - 

Request DefaultFullHttpRequest(decodeResult: success, version: HTTP/1.1, content: EmptyByteBufBE)
GET /session/5e4105e4c8c1a4642acc5d9cf8595edf/alert/text HTTP/1.1
User-Agent: selenium/4.8.1 (java mac)
Cache-Control: no-cache
Content-Type: application/json; charset=utf-8
host: localhost:41386
accept: */*

Response DefaultHttpResponse(decodeResult: success, version: HTTP/1.1)
HTTP/1.1 404 Not Found
Content-Length: 1763
Content-Type: application/json; charset=utf-8
cache-control: no-cache

20:06:42.360 [AsyncHttpClient-1-8] DEBUG org.asynchttpclient.netty.channel.ChannelManager - Adding key: http://localhost:41386 for channel [id: 0x1c9547ae, L:/127.0.0.1:56262 - R:localhost/127.0.0.1:41386]
20:06:42.363 [Forwarding getCurrentUrl on session 5e4105e4c8c1a4642acc5d9cf8595edf to remote] DEBUG org.asynchttpclient.netty.request.NettyRequestSender - Using pooled Channel '[id: 0x1c9547ae, L:/127.0.0.1:56262 - R:localhost/127.0.0.1:41386]' for 'GET' to 'http://localhost:41386/session/5e4105e4c8c1a4642acc5d9cf8595edf/url'
20:06:42.363 [Forwarding getCurrentUrl on session 5e4105e4c8c1a4642acc5d9cf8595edf to remote] DEBUG org.asynchttpclient.netty.request.NettyRequestSender - Using open Channel [id: 0x1c9547ae, L:/127.0.0.1:56262 - R:localhost/127.0.0.1:41386] for GET '/session/5e4105e4c8c1a4642acc5d9cf8595edf/url'
20:06:42.404 [AsyncHttpClient-1-8] DEBUG org.asynchttpclient.netty.handler.HttpHandler - 

Request DefaultFullHttpRequest(decodeResult: success, version: HTTP/1.1, content: EmptyByteBufBE)
GET /session/5e4105e4c8c1a4642acc5d9cf8595edf/url HTTP/1.1
User-Agent: selenium/4.8.1 (java mac)
Cache-Control: no-cache
Content-Type: application/json; charset=utf-8
host: localhost:41386
accept: */*

Response DefaultHttpResponse(decodeResult: success, version: HTTP/1.1)
HTTP/1.1 200 OK
Content-Length: 41
Content-Type: application/json; charset=utf-8
cache-control: no-cache

20:06:42.404 [AsyncHttpClient-1-8] DEBUG org.asynchttpclient.netty.channel.ChannelManager - Adding key: http://localhost:41386 for channel [id: 0x1c9547ae, L:/127.0.0.1:56262 - R:localhost/127.0.0.1:41386]
20:06:42.405 [Forwarding screenshot on session 5e4105e4c8c1a4642acc5d9cf8595edf to remote] DEBUG org.asynchttpclient.netty.request.NettyRequestSender - Using pooled Channel '[id: 0x1c9547ae, L:/127.0.0.1:56262 - R:localhost/127.0.0.1:41386]' for 'GET' to 'http://localhost:41386/session/5e4105e4c8c1a4642acc5d9cf8595edf/screenshot'
20:06:42.405 [Forwarding screenshot on session 5e4105e4c8c1a4642acc5d9cf8595edf to remote] DEBUG org.asynchttpclient.netty.request.NettyRequestSender - Using open Channel [id: 0x1c9547ae, L:/127.0.0.1:56262 - R:localhost/127.0.0.1:41386] for GET '/session/5e4105e4c8c1a4642acc5d9cf8595edf/screenshot'
20:06:42.598 [AsyncHttpClient-1-8] DEBUG org.asynchttpclient.netty.handler.HttpHandler - 

Request DefaultFullHttpRequest(decodeResult: success, version: HTTP/1.1, content: EmptyByteBufBE)
GET /session/5e4105e4c8c1a4642acc5d9cf8595edf/screenshot HTTP/1.1
User-Agent: selenium/4.8.1 (java mac)
Cache-Control: no-cache
Content-Type: application/json; charset=utf-8
host: localhost:41386
accept: */*

Response DefaultHttpResponse(decodeResult: success, version: HTTP/1.1)
HTTP/1.1 200 OK
Content-Length: 176288
Content-Type: application/json; charset=utf-8
cache-control: no-cache

20:06:42.599 [AsyncHttpClient-1-8] DEBUG org.asynchttpclient.netty.channel.ChannelManager - Adding key: http://localhost:41386 for channel [id: 0x1c9547ae, L:/127.0.0.1:56262 - R:localhost/127.0.0.1:41386]
20:06:42.615 [main] DEBUG net.serenitybdd.core.photography.Darkroom - Send negative for processing for target/site/serenity/62e880ea594c5605ab57320c1af36392b86605e3995980385501369639630060.png
20:06:42.619 [Forwarding getPageSource on session 5e4105e4c8c1a4642acc5d9cf8595edf to remote] DEBUG org.asynchttpclient.netty.request.NettyRequestSender - Using pooled Channel '[id: 0x1c9547ae, L:/127.0.0.1:56262 - R:localhost/127.0.0.1:41386]' for 'POST' to 'http://localhost:41386/session/5e4105e4c8c1a4642acc5d9cf8595edf/execute/sync'
20:06:42.620 [Forwarding getPageSource on session 5e4105e4c8c1a4642acc5d9cf8595edf to remote] DEBUG org.asynchttpclient.netty.request.NettyRequestSender - Using open Channel [id: 0x1c9547ae, L:/127.0.0.1:56262 - R:localhost/127.0.0.1:41386] for POST '/session/5e4105e4c8c1a4642acc5d9cf8595edf/execute/sync'
20:06:42.693 [AsyncHttpClient-1-8] DEBUG org.asynchttpclient.netty.handler.HttpHandler - 

Request DefaultHttpRequest(decodeResult: success, version: HTTP/1.1)
POST /session/5e4105e4c8c1a4642acc5d9cf8595edf/execute/sync HTTP/1.1
User-Agent: selenium/4.8.1 (java mac)
Content-Length: 176
Content-Type: application/json; charset=utf-8
host: localhost:41386
accept: */*

Response DefaultHttpResponse(decodeResult: success, version: HTTP/1.1)
HTTP/1.1 200 OK
Content-Length: 918569
Content-Type: application/json; charset=utf-8
cache-control: no-cache

20:06:42.701 [AsyncHttpClient-1-8] DEBUG org.asynchttpclient.netty.channel.ChannelManager - Adding key: http://localhost:41386 for channel [id: 0x1c9547ae, L:/127.0.0.1:56262 - R:localhost/127.0.0.1:41386]
20:06:42.801 [Forwarding getCurrentUrl on session 5e4105e4c8c1a4642acc5d9cf8595edf to remote] DEBUG org.asynchttpclient.netty.request.NettyRequestSender - Using pooled Channel '[id: 0x1c9547ae, L:/127.0.0.1:56262 - R:localhost/127.0.0.1:41386]' for 'GET' to 'http://localhost:41386/session/5e4105e4c8c1a4642acc5d9cf8595edf/url'
20:06:42.801 [Forwarding getCurrentUrl on session 5e4105e4c8c1a4642acc5d9cf8595edf to remote] DEBUG org.asynchttpclient.netty.request.NettyRequestSender - Using open Channel [id: 0x1c9547ae, L:/127.0.0.1:56262 - R:localhost/127.0.0.1:41386] for GET '/session/5e4105e4c8c1a4642acc5d9cf8595edf/url'
20:06:42.804 [AsyncHttpClient-1-8] DEBUG org.asynchttpclient.netty.handler.HttpHandler - 

Request DefaultFullHttpRequest(decodeResult: success, version: HTTP/1.1, content: EmptyByteBufBE)
GET /session/5e4105e4c8c1a4642acc5d9cf8595edf/url HTTP/1.1
User-Agent: selenium/4.8.1 (java mac)
Cache-Control: no-cache
Content-Type: application/json; charset=utf-8
host: localhost:41386
accept: */*

Response DefaultHttpResponse(decodeResult: success, version: HTTP/1.1)
HTTP/1.1 200 OK
Content-Length: 41
Content-Type: application/json; charset=utf-8
cache-control: no-cache

20:06:42.804 [AsyncHttpClient-1-8] DEBUG org.asynchttpclient.netty.channel.ChannelManager - Adding key: http://localhost:41386 for channel [id: 0x1c9547ae, L:/127.0.0.1:56262 - R:localhost/127.0.0.1:41386]
20:06:42.809 [main] DEBUG net.thucydides.core.steps.StepInterceptor - STARTING STEP: viewGamingCategorySteps.openTheHomePage - openTheHomePage
20:06:42.812 [Forwarding findElement on session 5e4105e4c8c1a4642acc5d9cf8595edf to remote] DEBUG org.asynchttpclient.netty.request.NettyRequestSender - Using pooled Channel '[id: 0x1c9547ae, L:/127.0.0.1:56262 - R:localhost/127.0.0.1:41386]' for 'POST' to 'http://localhost:41386/session/5e4105e4c8c1a4642acc5d9cf8595edf/element'
20:06:42.813 [Forwarding findElement on session 5e4105e4c8c1a4642acc5d9cf8595edf to remote] DEBUG org.asynchttpclient.netty.request.NettyRequestSender - Using open Channel [id: 0x1c9547ae, L:/127.0.0.1:56262 - R:localhost/127.0.0.1:41386] for POST '/session/5e4105e4c8c1a4642acc5d9cf8595edf/element'
20:06:42.916 [AsyncHttpClient-1-8] DEBUG org.asynchttpclient.netty.handler.HttpHandler - 

Request DefaultHttpRequest(decodeResult: success, version: HTTP/1.1)
POST /session/5e4105e4c8c1a4642acc5d9cf8595edf/element HTTP/1.1
User-Agent: selenium/4.8.1 (java mac)
Content-Length: 54
Content-Type: application/json; charset=utf-8
host: localhost:41386
accept: */*

Response DefaultHttpResponse(decodeResult: success, version: HTTP/1.1)
HTTP/1.1 200 OK
Content-Length: 88
Content-Type: application/json; charset=utf-8
cache-control: no-cache

20:06:42.916 [AsyncHttpClient-1-8] DEBUG org.asynchttpclient.netty.channel.ChannelManager - Adding key: http://localhost:41386 for channel [id: 0x1c9547ae, L:/127.0.0.1:56262 - R:localhost/127.0.0.1:41386]
20:06:42.925 [Forwarding isElementDisplayed on session 5e4105e4c8c1a4642acc5d9cf8595edf to remote] DEBUG org.asynchttpclient.netty.request.NettyRequestSender - Using pooled Channel '[id: 0x1c9547ae, L:/127.0.0.1:56262 - R:localhost/127.0.0.1:41386]' for 'POST' to 'http://localhost:41386/session/5e4105e4c8c1a4642acc5d9cf8595edf/execute/sync'
20:06:42.925 [Forwarding isElementDisplayed on session 5e4105e4c8c1a4642acc5d9cf8595edf to remote] DEBUG org.asynchttpclient.netty.request.NettyRequestSender - Using open Channel [id: 0x1c9547ae, L:/127.0.0.1:56262 - R:localhost/127.0.0.1:41386] for POST '/session/5e4105e4c8c1a4642acc5d9cf8595edf/execute/sync'
20:06:42.956 [AsyncHttpClient-1-8] DEBUG org.asynchttpclient.netty.handler.HttpHandler - 

Request DefaultHttpRequest(decodeResult: success, version: HTTP/1.1)
POST /session/5e4105e4c8c1a4642acc5d9cf8595edf/execute/sync HTTP/1.1
User-Agent: selenium/4.8.1 (java mac)
Content-Length: 48807
Content-Type: application/json; charset=utf-8
host: localhost:41386
accept: */*

Response DefaultHttpResponse(decodeResult: success, version: HTTP/1.1)
HTTP/1.1 200 OK
Content-Length: 14
Content-Type: application/json; charset=utf-8
cache-control: no-cache

20:06:42.956 [AsyncHttpClient-1-8] DEBUG org.asynchttpclient.netty.channel.ChannelManager - Adding key: http://localhost:41386 for channel [id: 0x1c9547ae, L:/127.0.0.1:56262 - R:localhost/127.0.0.1:41386]
20:06:42.962 [Forwarding getAlertText on session 5e4105e4c8c1a4642acc5d9cf8595edf to remote] DEBUG org.asynchttpclient.netty.request.NettyRequestSender - Using pooled Channel '[id: 0x1c9547ae, L:/127.0.0.1:56262 - R:localhost/127.0.0.1:41386]' for 'GET' to 'http://localhost:41386/session/5e4105e4c8c1a4642acc5d9cf8595edf/alert/text'
20:06:42.962 [Forwarding getAlertText on session 5e4105e4c8c1a4642acc5d9cf8595edf to remote] DEBUG org.asynchttpclient.netty.request.NettyRequestSender - Using open Channel [id: 0x1c9547ae, L:/127.0.0.1:56262 - R:localhost/127.0.0.1:41386] for GET '/session/5e4105e4c8c1a4642acc5d9cf8595edf/alert/text'
20:06:42.963 [AsyncHttpClient-1-8] DEBUG org.asynchttpclient.netty.handler.HttpHandler - 

Request DefaultFullHttpRequest(decodeResult: success, version: HTTP/1.1, content: EmptyByteBufBE)
GET /session/5e4105e4c8c1a4642acc5d9cf8595edf/alert/text HTTP/1.1
User-Agent: selenium/4.8.1 (java mac)
Cache-Control: no-cache
Content-Type: application/json; charset=utf-8
host: localhost:41386
accept: */*

Response DefaultHttpResponse(decodeResult: success, version: HTTP/1.1)
HTTP/1.1 404 Not Found
Content-Length: 1763
Content-Type: application/json; charset=utf-8
cache-control: no-cache

20:06:42.963 [AsyncHttpClient-1-8] DEBUG org.asynchttpclient.netty.channel.ChannelManager - Adding key: http://localhost:41386 for channel [id: 0x1c9547ae, L:/127.0.0.1:56262 - R:localhost/127.0.0.1:41386]
20:06:42.964 [Forwarding getCurrentUrl on session 5e4105e4c8c1a4642acc5d9cf8595edf to remote] DEBUG org.asynchttpclient.netty.request.NettyRequestSender - Using pooled Channel '[id: 0x1c9547ae, L:/127.0.0.1:56262 - R:localhost/127.0.0.1:41386]' for 'GET' to 'http://localhost:41386/session/5e4105e4c8c1a4642acc5d9cf8595edf/url'
20:06:42.964 [Forwarding getCurrentUrl on session 5e4105e4c8c1a4642acc5d9cf8595edf to remote] DEBUG org.asynchttpclient.netty.request.NettyRequestSender - Using open Channel [id: 0x1c9547ae, L:/127.0.0.1:56262 - R:localhost/127.0.0.1:41386] for GET '/session/5e4105e4c8c1a4642acc5d9cf8595edf/url'
20:06:42.967 [AsyncHttpClient-1-8] DEBUG org.asynchttpclient.netty.handler.HttpHandler - 

Request DefaultFullHttpRequest(decodeResult: success, version: HTTP/1.1, content: EmptyByteBufBE)
GET /session/5e4105e4c8c1a4642acc5d9cf8595edf/url HTTP/1.1
User-Agent: selenium/4.8.1 (java mac)
Cache-Control: no-cache
Content-Type: application/json; charset=utf-8
host: localhost:41386
accept: */*

Response DefaultHttpResponse(decodeResult: success, version: HTTP/1.1)
HTTP/1.1 200 OK
Content-Length: 41
Content-Type: application/json; charset=utf-8
cache-control: no-cache

20:06:42.967 [AsyncHttpClient-1-8] DEBUG org.asynchttpclient.netty.channel.ChannelManager - Adding key: http://localhost:41386 for channel [id: 0x1c9547ae, L:/127.0.0.1:56262 - R:localhost/127.0.0.1:41386]
20:06:42.968 [Forwarding screenshot on session 5e4105e4c8c1a4642acc5d9cf8595edf to remote] DEBUG org.asynchttpclient.netty.request.NettyRequestSender - Using pooled Channel '[id: 0x1c9547ae, L:/127.0.0.1:56262 - R:localhost/127.0.0.1:41386]' for 'GET' to 'http://localhost:41386/session/5e4105e4c8c1a4642acc5d9cf8595edf/screenshot'
20:06:42.968 [Forwarding screenshot on session 5e4105e4c8c1a4642acc5d9cf8595edf to remote] DEBUG org.asynchttpclient.netty.request.NettyRequestSender - Using open Channel [id: 0x1c9547ae, L:/127.0.0.1:56262 - R:localhost/127.0.0.1:41386] for GET '/session/5e4105e4c8c1a4642acc5d9cf8595edf/screenshot'
20:06:43.049 [AsyncHttpClient-1-1] DEBUG org.asynchttpclient.netty.channel.DefaultChannelPool - Entry count for : http://localhost:56263 : 1
20:06:43.143 [AsyncHttpClient-1-8] DEBUG org.asynchttpclient.netty.handler.HttpHandler - 

Request DefaultFullHttpRequest(decodeResult: success, version: HTTP/1.1, content: EmptyByteBufBE)
GET /session/5e4105e4c8c1a4642acc5d9cf8595edf/screenshot HTTP/1.1
User-Agent: selenium/4.8.1 (java mac)
Cache-Control: no-cache
Content-Type: application/json; charset=utf-8
host: localhost:41386
accept: */*

Response DefaultHttpResponse(decodeResult: success, version: HTTP/1.1)
HTTP/1.1 200 OK
Content-Length: 176288
Content-Type: application/json; charset=utf-8
cache-control: no-cache

20:06:43.144 [AsyncHttpClient-1-8] DEBUG org.asynchttpclient.netty.channel.ChannelManager - Adding key: http://localhost:41386 for channel [id: 0x1c9547ae, L:/127.0.0.1:56262 - R:localhost/127.0.0.1:41386]
20:06:43.152 [main] DEBUG net.serenitybdd.core.photography.Darkroom - Send negative for processing for target/site/serenity/62e880ea594c5605ab57320c1af36392b86605e3995980385501369639630060.png
20:06:43.154 [main] DEBUG net.thucydides.core.steps.StepInterceptor - STEP DONE: openTheHomePage
  &amp#27;[32mGiven &amp#27;[0m&amp#27;[32mI am open the home page to view all products categories1&amp#27;[0m  &amp#27;[90m# starter.stepdefinitions.viewGamingCategorySteps.openTheHomePage()&amp#27;[0m
20:06:43.167 [Forwarding getPageSource on session 5e4105e4c8c1a4642acc5d9cf8595edf to remote] DEBUG org.asynchttpclient.netty.request.NettyRequestSender - Using pooled Channel '[id: 0x1c9547ae, L:/127.0.0.1:56262 - R:localhost/127.0.0.1:41386]' for 'POST' to 'http://localhost:41386/session/5e4105e4c8c1a4642acc5d9cf8595edf/execute/sync'
20:06:43.167 [Forwarding getPageSource on session 5e4105e4c8c1a4642acc5d9cf8595edf to remote] DEBUG org.asynchttpclient.netty.request.NettyRequestSender - Using open Channel [id: 0x1c9547ae, L:/127.0.0.1:56262 - R:localhost/127.0.0.1:41386] for POST '/session/5e4105e4c8c1a4642acc5d9cf8595edf/execute/sync'
20:06:43.200 [AsyncHttpClient-1-8] DEBUG org.asynchttpclient.netty.handler.HttpHandler - 

Request DefaultHttpRequest(decodeResult: success, version: HTTP/1.1)
POST /session/5e4105e4c8c1a4642acc5d9cf8595edf/execute/sync HTTP/1.1
User-Agent: selenium/4.8.1 (java mac)
Content-Length: 176
Content-Type: application/json; charset=utf-8
host: localhost:41386
accept: */*

Response DefaultHttpResponse(decodeResult: success, version: HTTP/1.1)
HTTP/1.1 200 OK
Content-Length: 918569
Content-Type: application/json; charset=utf-8
cache-control: no-cache

20:06:43.201 [AsyncHttpClient-1-8] DEBUG org.asynchttpclient.netty.channel.ChannelManager - Adding key: http://localhost:41386 for channel [id: 0x1c9547ae, L:/127.0.0.1:56262 - R:localhost/127.0.0.1:41386]
20:06:43.336 [Forwarding getCurrentUrl on session 5e4105e4c8c1a4642acc5d9cf8595edf to remote] DEBUG org.asynchttpclient.netty.request.NettyRequestSender - Using pooled Channel '[id: 0x1c9547ae, L:/127.0.0.1:56262 - R:localhost/127.0.0.1:41386]' for 'GET' to 'http://localhost:41386/session/5e4105e4c8c1a4642acc5d9cf8595edf/url'
20:06:43.337 [Forwarding getCurrentUrl on session 5e4105e4c8c1a4642acc5d9cf8595edf to remote] DEBUG org.asynchttpclient.netty.request.NettyRequestSender - Using open Channel [id: 0x1c9547ae, L:/127.0.0.1:56262 - R:localhost/127.0.0.1:41386] for GET '/session/5e4105e4c8c1a4642acc5d9cf8595edf/url'
20:06:43.345 [AsyncHttpClient-1-8] DEBUG org.asynchttpclient.netty.handler.HttpHandler - 

Request DefaultFullHttpRequest(decodeResult: success, version: HTTP/1.1, content: EmptyByteBufBE)
GET /session/5e4105e4c8c1a4642acc5d9cf8595edf/url HTTP/1.1
User-Agent: selenium/4.8.1 (java mac)
Cache-Control: no-cache
Content-Type: application/json; charset=utf-8
host: localhost:41386
accept: */*

Response DefaultHttpResponse(decodeResult: success, version: HTTP/1.1)
HTTP/1.1 200 OK
Content-Length: 41
Content-Type: application/json; charset=utf-8
cache-control: no-cache

20:06:43.346 [AsyncHttpClient-1-8] DEBUG org.asynchttpclient.netty.channel.ChannelManager - Adding key: http://localhost:41386 for channel [id: 0x1c9547ae, L:/127.0.0.1:56262 - R:localhost/127.0.0.1:41386]
20:06:43.369 [Forwarding getAlertText on session 5e4105e4c8c1a4642acc5d9cf8595edf to remote] DEBUG org.asynchttpclient.netty.request.NettyRequestSender - Using pooled Channel '[id: 0x1c9547ae, L:/127.0.0.1:56262 - R:localhost/127.0.0.1:41386]' for 'GET' to 'http://localhost:41386/session/5e4105e4c8c1a4642acc5d9cf8595edf/alert/text'
20:06:43.370 [Forwarding getAlertText on session 5e4105e4c8c1a4642acc5d9cf8595edf to remote] DEBUG org.asynchttpclient.netty.request.NettyRequestSender - Using open Channel [id: 0x1c9547ae, L:/127.0.0.1:56262 - R:localhost/127.0.0.1:41386] for GET '/session/5e4105e4c8c1a4642acc5d9cf8595edf/alert/text'
20:06:43.372 [AsyncHttpClient-1-8] DEBUG org.asynchttpclient.netty.handler.HttpHandler - 

Request DefaultFullHttpRequest(decodeResult: success, version: HTTP/1.1, content: EmptyByteBufBE)
GET /session/5e4105e4c8c1a4642acc5d9cf8595edf/alert/text HTTP/1.1
User-Agent: selenium/4.8.1 (java mac)
Cache-Control: no-cache
Content-Type: application/json; charset=utf-8
host: localhost:41386
accept: */*

Response DefaultHttpResponse(decodeResult: success, version: HTTP/1.1)
HTTP/1.1 404 Not Found
Content-Length: 1763
Content-Type: application/json; charset=utf-8
cache-control: no-cache

20:06:43.373 [AsyncHttpClient-1-8] DEBUG org.asynchttpclient.netty.channel.ChannelManager - Adding key: http://localhost:41386 for channel [id: 0x1c9547ae, L:/127.0.0.1:56262 - R:localhost/127.0.0.1:41386]
20:06:43.377 [Forwarding getCurrentUrl on session 5e4105e4c8c1a4642acc5d9cf8595edf to remote] DEBUG org.asynchttpclient.netty.request.NettyRequestSender - Using pooled Channel '[id: 0x1c9547ae, L:/127.0.0.1:56262 - R:localhost/127.0.0.1:41386]' for 'GET' to 'http://localhost:41386/session/5e4105e4c8c1a4642acc5d9cf8595edf/url'
20:06:43.377 [Forwarding getCurrentUrl on session 5e4105e4c8c1a4642acc5d9cf8595edf to remote] DEBUG org.asynchttpclient.netty.request.NettyRequestSender - Using open Channel [id: 0x1c9547ae, L:/127.0.0.1:56262 - R:localhost/127.0.0.1:41386] for GET '/session/5e4105e4c8c1a4642acc5d9cf8595edf/url'
20:06:43.381 [AsyncHttpClient-1-8] DEBUG org.asynchttpclient.netty.handler.HttpHandler - 

Request DefaultFullHttpRequest(decodeResult: success, version: HTTP/1.1, content: EmptyByteBufBE)
GET /session/5e4105e4c8c1a4642acc5d9cf8595edf/url HTTP/1.1
User-Agent: selenium/4.8.1 (java mac)
Cache-Control: no-cache
Content-Type: application/json; charset=utf-8
host: localhost:41386
accept: */*

Response DefaultHttpResponse(decodeResult: success, version: HTTP/1.1)
HTTP/1.1 200 OK
Content-Length: 41
Content-Type: application/json; charset=utf-8
cache-control: no-cache

20:06:43.382 [AsyncHttpClient-1-8] DEBUG org.asynchttpclient.netty.channel.ChannelManager - Adding key: http://localhost:41386 for channel [id: 0x1c9547ae, L:/127.0.0.1:56262 - R:localhost/127.0.0.1:41386]
20:06:43.383 [Forwarding screenshot on session 5e4105e4c8c1a4642acc5d9cf8595edf to remote] DEBUG org.asynchttpclient.netty.request.NettyRequestSender - Using pooled Channel '[id: 0x1c9547ae, L:/127.0.0.1:56262 - R:localhost/127.0.0.1:41386]' for 'GET' to 'http://localhost:41386/session/5e4105e4c8c1a4642acc5d9cf8595edf/screenshot'
20:06:43.383 [Forwarding screenshot on session 5e4105e4c8c1a4642acc5d9cf8595edf to remote] DEBUG org.asynchttpclient.netty.request.NettyRequestSender - Using open Channel [id: 0x1c9547ae, L:/127.0.0.1:56262 - R:localhost/127.0.0.1:41386] for GET '/session/5e4105e4c8c1a4642acc5d9cf8595edf/screenshot'
20:06:43.571 [AsyncHttpClient-1-8] DEBUG org.asynchttpclient.netty.handler.HttpHandler - 

Request DefaultFullHttpRequest(decodeResult: success, version: HTTP/1.1, content: EmptyByteBufBE)
GET /session/5e4105e4c8c1a4642acc5d9cf8595edf/screenshot HTTP/1.1
User-Agent: selenium/4.8.1 (java mac)
Cache-Control: no-cache
Content-Type: application/json; charset=utf-8
host: localhost:41386
accept: */*

Response DefaultHttpResponse(decodeResult: success, version: HTTP/1.1)
HTTP/1.1 200 OK
Content-Length: 176288
Content-Type: application/json; charset=utf-8
cache-control: no-cache

20:06:43.572 [AsyncHttpClient-1-8] DEBUG org.asynchttpclient.netty.channel.ChannelManager - Adding key: http://localhost:41386 for channel [id: 0x1c9547ae, L:/127.0.0.1:56262 - R:localhost/127.0.0.1:41386]
20:06:43.582 [main] DEBUG net.serenitybdd.core.photography.Darkroom - Send negative for processing for target/site/serenity/62e880ea594c5605ab57320c1af36392b86605e3995980385501369639630060.png
20:06:43.586 [Forwarding getPageSource on session 5e4105e4c8c1a4642acc5d9cf8595edf to remote] DEBUG org.asynchttpclient.netty.request.NettyRequestSender - Using pooled Channel '[id: 0x1c9547ae, L:/127.0.0.1:56262 - R:localhost/127.0.0.1:41386]' for 'POST' to 'http://localhost:41386/session/5e4105e4c8c1a4642acc5d9cf8595edf/execute/sync'
20:06:43.586 [Forwarding getPageSource on session 5e4105e4c8c1a4642acc5d9cf8595edf to remote] DEBUG org.asynchttpclient.netty.request.NettyRequestSender - Using open Channel [id: 0x1c9547ae, L:/127.0.0.1:56262 - R:localhost/127.0.0.1:41386] for POST '/session/5e4105e4c8c1a4642acc5d9cf8595edf/execute/sync'
20:06:43.615 [AsyncHttpClient-1-8] DEBUG org.asynchttpclient.netty.handler.HttpHandler - 

Request DefaultHttpRequest(decodeResult: success, version: HTTP/1.1)
POST /session/5e4105e4c8c1a4642acc5d9cf8595edf/execute/sync HTTP/1.1
User-Agent: selenium/4.8.1 (java mac)
Content-Length: 176
Content-Type: application/json; charset=utf-8
host: localhost:41386
accept: */*

Response DefaultHttpResponse(decodeResult: success, version: HTTP/1.1)
HTTP/1.1 200 OK
Content-Length: 918569
Content-Type: application/json; charset=utf-8
cache-control: no-cache

20:06:43.616 [AsyncHttpClient-1-8] DEBUG org.asynchttpclient.netty.channel.ChannelManager - Adding key: http://localhost:41386 for channel [id: 0x1c9547ae, L:/127.0.0.1:56262 - R:localhost/127.0.0.1:41386]
20:06:43.729 [Forwarding getCurrentUrl on session 5e4105e4c8c1a4642acc5d9cf8595edf to remote] DEBUG org.asynchttpclient.netty.request.NettyRequestSender - Using pooled Channel '[id: 0x1c9547ae, L:/127.0.0.1:56262 - R:localhost/127.0.0.1:41386]' for 'GET' to 'http://localhost:41386/session/5e4105e4c8c1a4642acc5d9cf8595edf/url'
20:06:43.729 [Forwarding getCurrentUrl on session 5e4105e4c8c1a4642acc5d9cf8595edf to remote] DEBUG org.asynchttpclient.netty.request.NettyRequestSender - Using open Channel [id: 0x1c9547ae, L:/127.0.0.1:56262 - R:localhost/127.0.0.1:41386] for GET '/session/5e4105e4c8c1a4642acc5d9cf8595edf/url'
20:06:43.732 [AsyncHttpClient-1-8] DEBUG org.asynchttpclient.netty.handler.HttpHandler - 

Request DefaultFullHttpRequest(decodeResult: success, version: HTTP/1.1, content: EmptyByteBufBE)
GET /session/5e4105e4c8c1a4642acc5d9cf8595edf/url HTTP/1.1
User-Agent: selenium/4.8.1 (java mac)
Cache-Control: no-cache
Content-Type: application/json; charset=utf-8
host: localhost:41386
accept: */*

Response DefaultHttpResponse(decodeResult: success, version: HTTP/1.1)
HTTP/1.1 200 OK
Content-Length: 41
Content-Type: application/json; charset=utf-8
cache-control: no-cache

20:06:43.732 [AsyncHttpClient-1-8] DEBUG org.asynchttpclient.netty.channel.ChannelManager - Adding key: http://localhost:41386 for channel [id: 0x1c9547ae, L:/127.0.0.1:56262 - R:localhost/127.0.0.1:41386]
20:06:43.736 [main] DEBUG net.thucydides.core.steps.StepInterceptor - STARTING STEP: viewGamingCategorySteps.openTheLoginPage - openTheLoginPage
20:06:43.739 [Forwarding findElement on session 5e4105e4c8c1a4642acc5d9cf8595edf to remote] DEBUG org.asynchttpclient.netty.request.NettyRequestSender - Using pooled Channel '[id: 0x1c9547ae, L:/127.0.0.1:56262 - R:localhost/127.0.0.1:41386]' for 'POST' to 'http://localhost:41386/session/5e4105e4c8c1a4642acc5d9cf8595edf/element'
20:06:43.739 [Forwarding findElement on session 5e4105e4c8c1a4642acc5d9cf8595edf to remote] DEBUG org.asynchttpclient.netty.request.NettyRequestSender - Using open Channel [id: 0x1c9547ae, L:/127.0.0.1:56262 - R:localhost/127.0.0.1:41386] for POST '/session/5e4105e4c8c1a4642acc5d9cf8595edf/element'
20:06:43.861 [AsyncHttpClient-1-8] DEBUG org.asynchttpclient.netty.handler.HttpHandler - 

Request DefaultHttpRequest(decodeResult: success, version: HTTP/1.1)
POST /session/5e4105e4c8c1a4642acc5d9cf8595edf/element HTTP/1.1
User-Agent: selenium/4.8.1 (java mac)
Content-Length: 106
Content-Type: application/json; charset=utf-8
host: localhost:41386
accept: */*

Response DefaultHttpResponse(decodeResult: success, version: HTTP/1.1)
HTTP/1.1 200 OK
Content-Length: 88
Content-Type: application/json; charset=utf-8
cache-control: no-cache

20:06:43.862 [AsyncHttpClient-1-8] DEBUG org.asynchttpclient.netty.channel.ChannelManager - Adding key: http://localhost:41386 for channel [id: 0x1c9547ae, L:/127.0.0.1:56262 - R:localhost/127.0.0.1:41386]
20:06:43.864 [Forwarding getElementTagName on session 5e4105e4c8c1a4642acc5d9cf8595edf to remote] DEBUG org.asynchttpclient.netty.request.NettyRequestSender - Using pooled Channel '[id: 0x1c9547ae, L:/127.0.0.1:56262 - R:localhost/127.0.0.1:41386]' for 'GET' to 'http://localhost:41386/session/5e4105e4c8c1a4642acc5d9cf8595edf/element/a32a0892-ace8-405c-9942-6a926dc4eb78/name'
20:06:43.864 [Forwarding getElementTagName on session 5e4105e4c8c1a4642acc5d9cf8595edf to remote] DEBUG org.asynchttpclient.netty.request.NettyRequestSender - Using open Channel [id: 0x1c9547ae, L:/127.0.0.1:56262 - R:localhost/127.0.0.1:41386] for GET '/session/5e4105e4c8c1a4642acc5d9cf8595edf/element/a32a0892-ace8-405c-9942-6a926dc4eb78/name'
20:06:43.871 [AsyncHttpClient-1-8] DEBUG org.asynchttpclient.netty.handler.HttpHandler - 

Request DefaultFullHttpRequest(decodeResult: success, version: HTTP/1.1, content: EmptyByteBufBE)
GET /session/5e4105e4c8c1a4642acc5d9cf8595edf/element/a32a0892-ace8-405c-9942-6a926dc4eb78/name HTTP/1.1
User-Agent: selenium/4.8.1 (java mac)
Cache-Control: no-cache
Content-Type: application/json; charset=utf-8
host: localhost:41386
accept: */*

Response DefaultHttpResponse(decodeResult: success, version: HTTP/1.1)
HTTP/1.1 200 OK
Content-Length: 13
Content-Type: application/json; charset=utf-8
cache-control: no-cache

20:06:43.872 [AsyncHttpClient-1-8] DEBUG org.asynchttpclient.netty.channel.ChannelManager - Adding key: http://localhost:41386 for channel [id: 0x1c9547ae, L:/127.0.0.1:56262 - R:localhost/127.0.0.1:41386]
20:06:43.876 [Forwarding getElementTagName on session 5e4105e4c8c1a4642acc5d9cf8595edf to remote] DEBUG org.asynchttpclient.netty.request.NettyRequestSender - Using pooled Channel '[id: 0x1c9547ae, L:/127.0.0.1:56262 - R:localhost/127.0.0.1:41386]' for 'GET' to 'http://localhost:41386/session/5e4105e4c8c1a4642acc5d9cf8595edf/element/a32a0892-ace8-405c-9942-6a926dc4eb78/name'
20:06:43.876 [Forwarding getElementTagName on session 5e4105e4c8c1a4642acc5d9cf8595edf to remote] DEBUG org.asynchttpclient.netty.request.NettyRequestSender - Using open Channel [id: 0x1c9547ae, L:/127.0.0.1:56262 - R:localhost/127.0.0.1:41386] for GET '/session/5e4105e4c8c1a4642acc5d9cf8595edf/element/a32a0892-ace8-405c-9942-6a926dc4eb78/name'
20:06:43.879 [AsyncHttpClient-1-8] DEBUG org.asynchttpclient.netty.handler.HttpHandler - 

Request DefaultFullHttpRequest(decodeResult: success, version: HTTP/1.1, content: EmptyByteBufBE)
GET /session/5e4105e4c8c1a4642acc5d9cf8595edf/element/a32a0892-ace8-405c-9942-6a926dc4eb78/name HTTP/1.1
User-Agent: selenium/4.8.1 (java mac)
Cache-Control: no-cache
Content-Type: application/json; charset=utf-8
host: localhost:41386
accept: */*

Response DefaultHttpResponse(decodeResult: success, version: HTTP/1.1)
HTTP/1.1 200 OK
Content-Length: 13
Content-Type: application/json; charset=utf-8
cache-control: no-cache

20:06:43.880 [AsyncHttpClient-1-8] DEBUG org.asynchttpclient.netty.channel.ChannelManager - Adding key: http://localhost:41386 for channel [id: 0x1c9547ae, L:/127.0.0.1:56262 - R:localhost/127.0.0.1:41386]
20:06:43.882 [Forwarding findElement on session 5e4105e4c8c1a4642acc5d9cf8595edf to remote] DEBUG org.asynchttpclient.netty.request.NettyRequestSender - Using pooled Channel '[id: 0x1c9547ae, L:/127.0.0.1:56262 - R:localhost/127.0.0.1:41386]' for 'POST' to 'http://localhost:41386/session/5e4105e4c8c1a4642acc5d9cf8595edf/element'
20:06:43.882 [Forwarding findElement on session 5e4105e4c8c1a4642acc5d9cf8595edf to remote] DEBUG org.asynchttpclient.netty.request.NettyRequestSender - Using open Channel [id: 0x1c9547ae, L:/127.0.0.1:56262 - R:localhost/127.0.0.1:41386] for POST '/session/5e4105e4c8c1a4642acc5d9cf8595edf/element'
20:06:43.890 [AsyncHttpClient-1-8] DEBUG org.asynchttpclient.netty.handler.HttpHandler - 

Request DefaultHttpRequest(decodeResult: success, version: HTTP/1.1)
POST /session/5e4105e4c8c1a4642acc5d9cf8595edf/element HTTP/1.1
User-Agent: selenium/4.8.1 (java mac)
Content-Length: 106
Content-Type: application/json; charset=utf-8
host: localhost:41386
accept: */*

Response DefaultHttpResponse(decodeResult: success, version: HTTP/1.1)
HTTP/1.1 200 OK
Content-Length: 88
Content-Type: application/json; charset=utf-8
cache-control: no-cache

20:06:43.890 [AsyncHttpClient-1-8] DEBUG org.asynchttpclient.netty.channel.ChannelManager - Adding key: http://localhost:41386 for channel [id: 0x1c9547ae, L:/127.0.0.1:56262 - R:localhost/127.0.0.1:41386]
20:06:43.892 [Forwarding clickElement on session 5e4105e4c8c1a4642acc5d9cf8595edf to remote] DEBUG org.asynchttpclient.netty.request.NettyRequestSender - Using pooled Channel '[id: 0x1c9547ae, L:/127.0.0.1:56262 - R:localhost/127.0.0.1:41386]' for 'POST' to 'http://localhost:41386/session/5e4105e4c8c1a4642acc5d9cf8595edf/element/a32a0892-ace8-405c-9942-6a926dc4eb78/click'
20:06:43.892 [Forwarding clickElement on session 5e4105e4c8c1a4642acc5d9cf8595edf to remote] DEBUG org.asynchttpclient.netty.request.NettyRequestSender - Using open Channel [id: 0x1c9547ae, L:/127.0.0.1:56262 - R:localhost/127.0.0.1:41386] for POST '/session/5e4105e4c8c1a4642acc5d9cf8595edf/element/a32a0892-ace8-405c-9942-6a926dc4eb78/click'
20:06:44.147 [AsyncHttpClient-1-1] DEBUG org.asynchttpclient.netty.channel.DefaultChannelPool - Entry count for : http://localhost:56263 : 1
20:06:44.373 [AsyncHttpClient-1-8] DEBUG org.asynchttpclient.netty.handler.HttpHandler - 

Request DefaultHttpRequest(decodeResult: success, version: HTTP/1.1)
POST /session/5e4105e4c8c1a4642acc5d9cf8595edf/element/a32a0892-ace8-405c-9942-6a926dc4eb78/click HTTP/1.1
User-Agent: selenium/4.8.1 (java mac)
Content-Length: 50
Content-Type: application/json; charset=utf-8
host: localhost:41386
accept: */*

Response DefaultHttpResponse(decodeResult: success, version: HTTP/1.1)
HTTP/1.1 200 OK
Content-Length: 14
Content-Type: application/json; charset=utf-8
cache-control: no-cache

20:06:44.373 [AsyncHttpClient-1-8] DEBUG org.asynchttpclient.netty.channel.ChannelManager - Adding key: http://localhost:41386 for channel [id: 0x1c9547ae, L:/127.0.0.1:56262 - R:localhost/127.0.0.1:41386]
20:06:44.382 [Forwarding getAlertText on session 5e4105e4c8c1a4642acc5d9cf8595edf to remote] DEBUG org.asynchttpclient.netty.request.NettyRequestSender - Using pooled Channel '[id: 0x1c9547ae, L:/127.0.0.1:56262 - R:localhost/127.0.0.1:41386]' for 'GET' to 'http://localhost:41386/session/5e4105e4c8c1a4642acc5d9cf8595edf/alert/text'
20:06:44.382 [Forwarding getAlertText on session 5e4105e4c8c1a4642acc5d9cf8595edf to remote] DEBUG org.asynchttpclient.netty.request.NettyRequestSender - Using open Channel [id: 0x1c9547ae, L:/127.0.0.1:56262 - R:localhost/127.0.0.1:41386] for GET '/session/5e4105e4c8c1a4642acc5d9cf8595edf/alert/text'
20:06:44.401 [AsyncHttpClient-1-8] DEBUG org.asynchttpclient.netty.handler.HttpHandler - 

Request DefaultFullHttpRequest(decodeResult: success, version: HTTP/1.1, content: EmptyByteBufBE)
GET /session/5e4105e4c8c1a4642acc5d9cf8595edf/alert/text HTTP/1.1
User-Agent: selenium/4.8.1 (java mac)
Cache-Control: no-cache
Content-Type: application/json; charset=utf-8
host: localhost:41386
accept: */*

Response DefaultHttpResponse(decodeResult: success, version: HTTP/1.1)
HTTP/1.1 404 Not Found
Content-Length: 1763
Content-Type: application/json; charset=utf-8
cache-control: no-cache

20:06:44.402 [AsyncHttpClient-1-8] DEBUG org.asynchttpclient.netty.channel.ChannelManager - Adding key: http://localhost:41386 for channel [id: 0x1c9547ae, L:/127.0.0.1:56262 - R:localhost/127.0.0.1:41386]
20:06:44.403 [Forwarding getCurrentUrl on session 5e4105e4c8c1a4642acc5d9cf8595edf to remote] DEBUG org.asynchttpclient.netty.request.NettyRequestSender - Using pooled Channel '[id: 0x1c9547ae, L:/127.0.0.1:56262 - R:localhost/127.0.0.1:41386]' for 'GET' to 'http://localhost:41386/session/5e4105e4c8c1a4642acc5d9cf8595edf/url'
20:06:44.403 [Forwarding getCurrentUrl on session 5e4105e4c8c1a4642acc5d9cf8595edf to remote] DEBUG org.asynchttpclient.netty.request.NettyRequestSender - Using open Channel [id: 0x1c9547ae, L:/127.0.0.1:56262 - R:localhost/127.0.0.1:41386] for GET '/session/5e4105e4c8c1a4642acc5d9cf8595edf/url'
20:06:44.879 [AsyncHttpClient-1-8] DEBUG org.asynchttpclient.netty.handler.HttpHandler - 

Request DefaultFullHttpRequest(decodeResult: success, version: HTTP/1.1, content: EmptyByteBufBE)
GET /session/5e4105e4c8c1a4642acc5d9cf8595edf/url HTTP/1.1
User-Agent: selenium/4.8.1 (java mac)
Cache-Control: no-cache
Content-Type: application/json; charset=utf-8
host: localhost:41386
accept: */*

Response DefaultHttpResponse(decodeResult: success, version: HTTP/1.1)
HTTP/1.1 200 OK
Content-Length: 51
Content-Type: application/json; charset=utf-8
cache-control: no-cache

20:06:44.880 [AsyncHttpClient-1-8] DEBUG org.asynchttpclient.netty.channel.ChannelManager - Adding key: http://localhost:41386 for channel [id: 0x1c9547ae, L:/127.0.0.1:56262 - R:localhost/127.0.0.1:41386]
20:06:44.881 [Forwarding screenshot on session 5e4105e4c8c1a4642acc5d9cf8595edf to remote] DEBUG org.asynchttpclient.netty.request.NettyRequestSender - Using pooled Channel '[id: 0x1c9547ae, L:/127.0.0.1:56262 - R:localhost/127.0.0.1:41386]' for 'GET' to 'http://localhost:41386/session/5e4105e4c8c1a4642acc5d9cf8595edf/screenshot'
20:06:44.882 [Forwarding screenshot on session 5e4105e4c8c1a4642acc5d9cf8595edf to remote] DEBUG org.asynchttpclient.netty.request.NettyRequestSender - Using open Channel [id: 0x1c9547ae, L:/127.0.0.1:56262 - R:localhost/127.0.0.1:41386] for GET '/session/5e4105e4c8c1a4642acc5d9cf8595edf/screenshot'
20:06:45.055 [AsyncHttpClient-1-8] DEBUG org.asynchttpclient.netty.handler.HttpHandler - 

Request DefaultFullHttpRequest(decodeResult: success, version: HTTP/1.1, content: EmptyByteBufBE)
GET /session/5e4105e4c8c1a4642acc5d9cf8595edf/screenshot HTTP/1.1
User-Agent: selenium/4.8.1 (java mac)
Cache-Control: no-cache
Content-Type: application/json; charset=utf-8
host: localhost:41386
accept: */*

Response DefaultHttpResponse(decodeResult: success, version: HTTP/1.1)
HTTP/1.1 200 OK
Content-Length: 61772
Content-Type: application/json; charset=utf-8
cache-control: no-cache

20:06:45.057 [AsyncHttpClient-1-8] DEBUG org.asynchttpclient.netty.channel.ChannelManager - Adding key: http://localhost:41386 for channel [id: 0x1c9547ae, L:/127.0.0.1:56262 - R:localhost/127.0.0.1:41386]
20:06:45.061 [main] DEBUG net.serenitybdd.core.photography.Darkroom - Send negative for processing for target/site/serenity/8e9cee939ce17a9fe29ea96908d1a8f3a55d0d59d1d36254b88f9fc15908342a.png
20:06:45.062 [main] DEBUG net.thucydides.core.steps.StepInterceptor - STEP DONE: openTheLoginPage
  &amp#27;[32mGiven &amp#27;[0m&amp#27;[32mI am open the login page to view all products categories1&amp#27;[0m &amp#27;[90m# starter.stepdefinitions.viewGamingCategorySteps.openTheLoginPage()&amp#27;[0m
20:06:45.082 [Forwarding getPageSource on session 5e4105e4c8c1a4642acc5d9cf8595edf to remote] DEBUG org.asynchttpclient.netty.request.NettyRequestSender - Using pooled Channel '[id: 0x1c9547ae, L:/127.0.0.1:56262 - R:localhost/127.0.0.1:41386]' for 'POST' to 'http://localhost:41386/session/5e4105e4c8c1a4642acc5d9cf8595edf/execute/sync'
20:06:45.083 [Forwarding getPageSource on session 5e4105e4c8c1a4642acc5d9cf8595edf to remote] DEBUG org.asynchttpclient.netty.request.NettyRequestSender - Using open Channel [id: 0x1c9547ae, L:/127.0.0.1:56262 - R:localhost/127.0.0.1:41386] for POST '/session/5e4105e4c8c1a4642acc5d9cf8595edf/execute/sync'
20:06:45.088 [AsyncHttpClient-1-8] DEBUG org.asynchttpclient.netty.handler.HttpHandler - 

Request DefaultHttpRequest(decodeResult: success, version: HTTP/1.1)
POST /session/5e4105e4c8c1a4642acc5d9cf8595edf/execute/sync HTTP/1.1
User-Agent: selenium/4.8.1 (java mac)
Content-Length: 176
Content-Type: application/json; charset=utf-8
host: localhost:41386
accept: */*

Response DefaultHttpResponse(decodeResult: success, version: HTTP/1.1)
HTTP/1.1 200 OK
Content-Length: 21667
Content-Type: application/json; charset=utf-8
cache-control: no-cache

20:06:45.089 [AsyncHttpClient-1-8] DEBUG org.asynchttpclient.netty.channel.ChannelManager - Adding key: http://localhost:41386 for channel [id: 0x1c9547ae, L:/127.0.0.1:56262 - R:localhost/127.0.0.1:41386]
20:06:45.102 [Forwarding getCurrentUrl on session 5e4105e4c8c1a4642acc5d9cf8595edf to remote] DEBUG org.asynchttpclient.netty.request.NettyRequestSender - Using pooled Channel '[id: 0x1c9547ae, L:/127.0.0.1:56262 - R:localhost/127.0.0.1:41386]' for 'GET' to 'http://localhost:41386/session/5e4105e4c8c1a4642acc5d9cf8595edf/url'
20:06:45.102 [Forwarding getCurrentUrl on session 5e4105e4c8c1a4642acc5d9cf8595edf to remote] DEBUG org.asynchttpclient.netty.request.NettyRequestSender - Using open Channel [id: 0x1c9547ae, L:/127.0.0.1:56262 - R:localhost/127.0.0.1:41386] for GET '/session/5e4105e4c8c1a4642acc5d9cf8595edf/url'
20:06:45.106 [AsyncHttpClient-1-8] DEBUG org.asynchttpclient.netty.handler.HttpHandler - 

Request DefaultFullHttpRequest(decodeResult: success, version: HTTP/1.1, content: EmptyByteBufBE)
GET /session/5e4105e4c8c1a4642acc5d9cf8595edf/url HTTP/1.1
User-Agent: selenium/4.8.1 (java mac)
Cache-Control: no-cache
Content-Type: application/json; charset=utf-8
host: localhost:41386
accept: */*

Response DefaultHttpResponse(decodeResult: success, version: HTTP/1.1)
HTTP/1.1 200 OK
Content-Length: 51
Content-Type: application/json; charset=utf-8
cache-control: no-cache

20:06:45.106 [AsyncHttpClient-1-8] DEBUG org.asynchttpclient.netty.channel.ChannelManager - Adding key: http://localhost:41386 for channel [id: 0x1c9547ae, L:/127.0.0.1:56262 - R:localhost/127.0.0.1:41386]
20:06:45.130 [Forwarding getAlertText on session 5e4105e4c8c1a4642acc5d9cf8595edf to remote] DEBUG org.asynchttpclient.netty.request.NettyRequestSender - Using pooled Channel '[id: 0x1c9547ae, L:/127.0.0.1:56262 - R:localhost/127.0.0.1:41386]' for 'GET' to 'http://localhost:41386/session/5e4105e4c8c1a4642acc5d9cf8595edf/alert/text'
20:06:45.131 [Forwarding getAlertText on session 5e4105e4c8c1a4642acc5d9cf8595edf to remote] DEBUG org.asynchttpclient.netty.request.NettyRequestSender - Using open Channel [id: 0x1c9547ae, L:/127.0.0.1:56262 - R:localhost/127.0.0.1:41386] for GET '/session/5e4105e4c8c1a4642acc5d9cf8595edf/alert/text'
20:06:45.134 [AsyncHttpClient-1-8] DEBUG org.asynchttpclient.netty.handler.HttpHandler - 

Request DefaultFullHttpRequest(decodeResult: success, version: HTTP/1.1, content: EmptyByteBufBE)
GET /session/5e4105e4c8c1a4642acc5d9cf8595edf/alert/text HTTP/1.1
User-Agent: selenium/4.8.1 (java mac)
Cache-Control: no-cache
Content-Type: application/json; charset=utf-8
host: localhost:41386
accept: */*

Response DefaultHttpResponse(decodeResult: success, version: HTTP/1.1)
HTTP/1.1 404 Not Found
Content-Length: 1763
Content-Type: application/json; charset=utf-8
cache-control: no-cache

20:06:45.134 [AsyncHttpClient-1-8] DEBUG org.asynchttpclient.netty.channel.ChannelManager - Adding key: http://localhost:41386 for channel [id: 0x1c9547ae, L:/127.0.0.1:56262 - R:localhost/127.0.0.1:41386]
20:06:45.139 [Forwarding getCurrentUrl on session 5e4105e4c8c1a4642acc5d9cf8595edf to remote] DEBUG org.asynchttpclient.netty.request.NettyRequestSender - Using pooled Channel '[id: 0x1c9547ae, L:/127.0.0.1:56262 - R:localhost/127.0.0.1:41386]' for 'GET' to 'http://localhost:41386/session/5e4105e4c8c1a4642acc5d9cf8595edf/url'
20:06:45.139 [Forwarding getCurrentUrl on session 5e4105e4c8c1a4642acc5d9cf8595edf to remote] DEBUG org.asynchttpclient.netty.request.NettyRequestSender - Using open Channel [id: 0x1c9547ae, L:/127.0.0.1:56262 - R:localhost/127.0.0.1:41386] for GET '/session/5e4105e4c8c1a4642acc5d9cf8595edf/url'
20:06:45.142 [AsyncHttpClient-1-8] DEBUG org.asynchttpclient.netty.handler.HttpHandler - 

Request DefaultFullHttpRequest(decodeResult: success, version: HTTP/1.1, content: EmptyByteBufBE)
GET /session/5e4105e4c8c1a4642acc5d9cf8595edf/url HTTP/1.1
User-Agent: selenium/4.8.1 (java mac)
Cache-Control: no-cache
Content-Type: application/json; charset=utf-8
host: localhost:41386
accept: */*

Response DefaultHttpResponse(decodeResult: success, version: HTTP/1.1)
HTTP/1.1 200 OK
Content-Length: 51
Content-Type: application/json; charset=utf-8
cache-control: no-cache

20:06:45.143 [AsyncHttpClient-1-8] DEBUG org.asynchttpclient.netty.channel.ChannelManager - Adding key: http://localhost:41386 for channel [id: 0x1c9547ae, L:/127.0.0.1:56262 - R:localhost/127.0.0.1:41386]
20:06:45.148 [Forwarding screenshot on session 5e4105e4c8c1a4642acc5d9cf8595edf to remote] DEBUG org.asynchttpclient.netty.request.NettyRequestSender - Using pooled Channel '[id: 0x1c9547ae, L:/127.0.0.1:56262 - R:localhost/127.0.0.1:41386]' for 'GET' to 'http://localhost:41386/session/5e4105e4c8c1a4642acc5d9cf8595edf/screenshot'
20:06:45.148 [Forwarding screenshot on session 5e4105e4c8c1a4642acc5d9cf8595edf to remote] DEBUG org.asynchttpclient.netty.request.NettyRequestSender - Using open Channel [id: 0x1c9547ae, L:/127.0.0.1:56262 - R:localhost/127.0.0.1:41386] for GET '/session/5e4105e4c8c1a4642acc5d9cf8595edf/screenshot'
20:06:45.247 [AsyncHttpClient-1-1] DEBUG org.asynchttpclient.netty.channel.DefaultChannelPool - Entry count for : http://localhost:56263 : 1
20:06:45.298 [AsyncHttpClient-1-8] DEBUG org.asynchttpclient.netty.handler.HttpHandler - 

Request DefaultFullHttpRequest(decodeResult: success, version: HTTP/1.1, content: EmptyByteBufBE)
GET /session/5e4105e4c8c1a4642acc5d9cf8595edf/screenshot HTTP/1.1
User-Agent: selenium/4.8.1 (java mac)
Cache-Control: no-cache
Content-Type: application/json; charset=utf-8
host: localhost:41386
accept: */*

Response DefaultHttpResponse(decodeResult: success, version: HTTP/1.1)
HTTP/1.1 200 OK
Content-Length: 61772
Content-Type: application/json; charset=utf-8
cache-control: no-cache

20:06:45.300 [AsyncHttpClient-1-8] DEBUG org.asynchttpclient.netty.channel.ChannelManager - Adding key: http://localhost:41386 for channel [id: 0x1c9547ae, L:/127.0.0.1:56262 - R:localhost/127.0.0.1:41386]
20:06:45.309 [main] DEBUG net.serenitybdd.core.photography.Darkroom - Send negative for processing for target/site/serenity/8e9cee939ce17a9fe29ea96908d1a8f3a55d0d59d1d36254b88f9fc15908342a.png
20:06:45.320 [Forwarding getPageSource on session 5e4105e4c8c1a4642acc5d9cf8595edf to remote] DEBUG org.asynchttpclient.netty.request.NettyRequestSender - Using pooled Channel '[id: 0x1c9547ae, L:/127.0.0.1:56262 - R:localhost/127.0.0.1:41386]' for 'POST' to 'http://localhost:41386/session/5e4105e4c8c1a4642acc5d9cf8595edf/execute/sync'
20:06:45.320 [Forwarding getPageSource on session 5e4105e4c8c1a4642acc5d9cf8595edf to remote] DEBUG org.asynchttpclient.netty.request.NettyRequestSender - Using open Channel [id: 0x1c9547ae, L:/127.0.0.1:56262 - R:localhost/127.0.0.1:41386] for POST '/session/5e4105e4c8c1a4642acc5d9cf8595edf/execute/sync'
20:06:45.328 [AsyncHttpClient-1-8] DEBUG org.asynchttpclient.netty.handler.HttpHandler - 

Request DefaultHttpRequest(decodeResult: success, version: HTTP/1.1)
POST /session/5e4105e4c8c1a4642acc5d9cf8595edf/execute/sync HTTP/1.1
User-Agent: selenium/4.8.1 (java mac)
Content-Length: 176
Content-Type: application/json; charset=utf-8
host: localhost:41386
accept: */*

Response DefaultHttpResponse(decodeResult: success, version: HTTP/1.1)
HTTP/1.1 200 OK
Content-Length: 21667
Content-Type: application/json; charset=utf-8
cache-control: no-cache

20:06:45.329 [AsyncHttpClient-1-8] DEBUG org.asynchttpclient.netty.channel.ChannelManager - Adding key: http://localhost:41386 for channel [id: 0x1c9547ae, L:/127.0.0.1:56262 - R:localhost/127.0.0.1:41386]
20:06:45.346 [Forwarding getCurrentUrl on session 5e4105e4c8c1a4642acc5d9cf8595edf to remote] DEBUG org.asynchttpclient.netty.request.NettyRequestSender - Using pooled Channel '[id: 0x1c9547ae, L:/127.0.0.1:56262 - R:localhost/127.0.0.1:41386]' for 'GET' to 'http://localhost:41386/session/5e4105e4c8c1a4642acc5d9cf8595edf/url'
20:06:45.347 [Forwarding getCurrentUrl on session 5e4105e4c8c1a4642acc5d9cf8595edf to remote] DEBUG org.asynchttpclient.netty.request.NettyRequestSender - Using open Channel [id: 0x1c9547ae, L:/127.0.0.1:56262 - R:localhost/127.0.0.1:41386] for GET '/session/5e4105e4c8c1a4642acc5d9cf8595edf/url'
20:06:45.353 [AsyncHttpClient-1-8] DEBUG org.asynchttpclient.netty.handler.HttpHandler - 

Request DefaultFullHttpRequest(decodeResult: success, version: HTTP/1.1, content: EmptyByteBufBE)
GET /session/5e4105e4c8c1a4642acc5d9cf8595edf/url HTTP/1.1
User-Agent: selenium/4.8.1 (java mac)
Cache-Control: no-cache
Content-Type: application/json; charset=utf-8
host: localhost:41386
accept: */*

Response DefaultHttpResponse(decodeResult: success, version: HTTP/1.1)
HTTP/1.1 200 OK
Content-Length: 51
Content-Type: application/json; charset=utf-8
cache-control: no-cache

20:06:45.353 [AsyncHttpClient-1-8] DEBUG org.asynchttpclient.netty.channel.ChannelManager - Adding key: http://localhost:41386 for channel [id: 0x1c9547ae, L:/127.0.0.1:56262 - R:localhost/127.0.0.1:41386]
20:06:45.358 [main] DEBUG net.thucydides.core.steps.StepInterceptor - STARTING STEP: viewGamingCategorySteps.onTheLoginPage - validateOnTheLoginPage
20:06:45.363 [Forwarding findElement on session 5e4105e4c8c1a4642acc5d9cf8595edf to remote] DEBUG org.asynchttpclient.netty.request.NettyRequestSender - Using pooled Channel '[id: 0x1c9547ae, L:/127.0.0.1:56262 - R:localhost/127.0.0.1:41386]' for 'POST' to 'http://localhost:41386/session/5e4105e4c8c1a4642acc5d9cf8595edf/element'
20:06:45.363 [Forwarding findElement on session 5e4105e4c8c1a4642acc5d9cf8595edf to remote] DEBUG org.asynchttpclient.netty.request.NettyRequestSender - Using open Channel [id: 0x1c9547ae, L:/127.0.0.1:56262 - R:localhost/127.0.0.1:41386] for POST '/session/5e4105e4c8c1a4642acc5d9cf8595edf/element'
20:06:45.387 [AsyncHttpClient-1-8] DEBUG org.asynchttpclient.netty.handler.HttpHandler - 

Request DefaultHttpRequest(decodeResult: success, version: HTTP/1.1)
POST /session/5e4105e4c8c1a4642acc5d9cf8595edf/element HTTP/1.1
User-Agent: selenium/4.8.1 (java mac)
Content-Length: 155
Content-Type: application/json; charset=utf-8
host: localhost:41386
accept: */*

Response DefaultHttpResponse(decodeResult: success, version: HTTP/1.1)
HTTP/1.1 200 OK
Content-Length: 88
Content-Type: application/json; charset=utf-8
cache-control: no-cache

20:06:45.387 [AsyncHttpClient-1-8] DEBUG org.asynchttpclient.netty.channel.ChannelManager - Adding key: http://localhost:41386 for channel [id: 0x1c9547ae, L:/127.0.0.1:56262 - R:localhost/127.0.0.1:41386]
20:06:45.393 [Forwarding isElementDisplayed on session 5e4105e4c8c1a4642acc5d9cf8595edf to remote] DEBUG org.asynchttpclient.netty.request.NettyRequestSender - Using pooled Channel '[id: 0x1c9547ae, L:/127.0.0.1:56262 - R:localhost/127.0.0.1:41386]' for 'POST' to 'http://localhost:41386/session/5e4105e4c8c1a4642acc5d9cf8595edf/execute/sync'
20:06:45.393 [Forwarding isElementDisplayed on session 5e4105e4c8c1a4642acc5d9cf8595edf to remote] DEBUG org.asynchttpclient.netty.request.NettyRequestSender - Using open Channel [id: 0x1c9547ae, L:/127.0.0.1:56262 - R:localhost/127.0.0.1:41386] for POST '/session/5e4105e4c8c1a4642acc5d9cf8595edf/execute/sync'
20:06:45.402 [AsyncHttpClient-1-8] DEBUG org.asynchttpclient.netty.handler.HttpHandler - 

Request DefaultHttpRequest(decodeResult: success, version: HTTP/1.1)
POST /session/5e4105e4c8c1a4642acc5d9cf8595edf/execute/sync HTTP/1.1
User-Agent: selenium/4.8.1 (java mac)
Content-Length: 48807
Content-Type: application/json; charset=utf-8
host: localhost:41386
accept: */*

Response DefaultHttpResponse(decodeResult: success, version: HTTP/1.1)
HTTP/1.1 200 OK
Content-Length: 14
Content-Type: application/json; charset=utf-8
cache-control: no-cache

20:06:45.402 [AsyncHttpClient-1-8] DEBUG org.asynchttpclient.netty.channel.ChannelManager - Adding key: http://localhost:41386 for channel [id: 0x1c9547ae, L:/127.0.0.1:56262 - R:localhost/127.0.0.1:41386]
20:06:45.408 [Forwarding getAlertText on session 5e4105e4c8c1a4642acc5d9cf8595edf to remote] DEBUG org.asynchttpclient.netty.request.NettyRequestSender - Using pooled Channel '[id: 0x1c9547ae, L:/127.0.0.1:56262 - R:localhost/127.0.0.1:41386]' for 'GET' to 'http://localhost:41386/session/5e4105e4c8c1a4642acc5d9cf8595edf/alert/text'
20:06:45.408 [Forwarding getAlertText on session 5e4105e4c8c1a4642acc5d9cf8595edf to remote] DEBUG org.asynchttpclient.netty.request.NettyRequestSender - Using open Channel [id: 0x1c9547ae, L:/127.0.0.1:56262 - R:localhost/127.0.0.1:41386] for GET '/session/5e4105e4c8c1a4642acc5d9cf8595edf/alert/text'
20:06:45.410 [AsyncHttpClient-1-8] DEBUG org.asynchttpclient.netty.handler.HttpHandler - 

Request DefaultFullHttpRequest(decodeResult: success, version: HTTP/1.1, content: EmptyByteBufBE)
GET /session/5e4105e4c8c1a4642acc5d9cf8595edf/alert/text HTTP/1.1
User-Agent: selenium/4.8.1 (java mac)
Cache-Control: no-cache
Content-Type: application/json; charset=utf-8
host: localhost:41386
accept: */*

Response DefaultHttpResponse(decodeResult: success, version: HTTP/1.1)
HTTP/1.1 404 Not Found
Content-Length: 1763
Content-Type: application/json; charset=utf-8
cache-control: no-cache

20:06:45.410 [AsyncHttpClient-1-8] DEBUG org.asynchttpclient.netty.channel.ChannelManager - Adding key: http://localhost:41386 for channel [id: 0x1c9547ae, L:/127.0.0.1:56262 - R:localhost/127.0.0.1:41386]
20:06:45.412 [Forwarding getCurrentUrl on session 5e4105e4c8c1a4642acc5d9cf8595edf to remote] DEBUG org.asynchttpclient.netty.request.NettyRequestSender - Using pooled Channel '[id: 0x1c9547ae, L:/127.0.0.1:56262 - R:localhost/127.0.0.1:41386]' for 'GET' to 'http://localhost:41386/session/5e4105e4c8c1a4642acc5d9cf8595edf/url'
20:06:45.412 [Forwarding getCurrentUrl on session 5e4105e4c8c1a4642acc5d9cf8595edf to remote] DEBUG org.asynchttpclient.netty.request.NettyRequestSender - Using open Channel [id: 0x1c9547ae, L:/127.0.0.1:56262 - R:localhost/127.0.0.1:41386] for GET '/session/5e4105e4c8c1a4642acc5d9cf8595edf/url'
20:06:45.414 [AsyncHttpClient-1-8] DEBUG org.asynchttpclient.netty.handler.HttpHandler - 

Request DefaultFullHttpRequest(decodeResult: success, version: HTTP/1.1, content: EmptyByteBufBE)
GET /session/5e4105e4c8c1a4642acc5d9cf8595edf/url HTTP/1.1
User-Agent: selenium/4.8.1 (java mac)
Cache-Control: no-cache
Content-Type: application/json; charset=utf-8
host: localhost:41386
accept: */*

Response DefaultHttpResponse(decodeResult: success, version: HTTP/1.1)
HTTP/1.1 200 OK
Content-Length: 51
Content-Type: application/json; charset=utf-8
cache-control: no-cache

20:06:45.414 [AsyncHttpClient-1-8] DEBUG org.asynchttpclient.netty.channel.ChannelManager - Adding key: http://localhost:41386 for channel [id: 0x1c9547ae, L:/127.0.0.1:56262 - R:localhost/127.0.0.1:41386]
20:06:45.416 [Forwarding screenshot on session 5e4105e4c8c1a4642acc5d9cf8595edf to remote] DEBUG org.asynchttpclient.netty.request.NettyRequestSender - Using pooled Channel '[id: 0x1c9547ae, L:/127.0.0.1:56262 - R:localhost/127.0.0.1:41386]' for 'GET' to 'http://localhost:41386/session/5e4105e4c8c1a4642acc5d9cf8595edf/screenshot'
20:06:45.416 [Forwarding screenshot on session 5e4105e4c8c1a4642acc5d9cf8595edf to remote] DEBUG org.asynchttpclient.netty.request.NettyRequestSender - Using open Channel [id: 0x1c9547ae, L:/127.0.0.1:56262 - R:localhost/127.0.0.1:41386] for GET '/session/5e4105e4c8c1a4642acc5d9cf8595edf/screenshot'
20:06:45.562 [AsyncHttpClient-1-8] DEBUG org.asynchttpclient.netty.handler.HttpHandler - 

Request DefaultFullHttpRequest(decodeResult: success, version: HTTP/1.1, content: EmptyByteBufBE)
GET /session/5e4105e4c8c1a4642acc5d9cf8595edf/screenshot HTTP/1.1
User-Agent: selenium/4.8.1 (java mac)
Cache-Control: no-cache
Content-Type: application/json; charset=utf-8
host: localhost:41386
accept: */*

Response DefaultHttpResponse(decodeResult: success, version: HTTP/1.1)
HTTP/1.1 200 OK
Content-Length: 61772
Content-Type: application/json; charset=utf-8
cache-control: no-cache

20:06:45.563 [AsyncHttpClient-1-8] DEBUG org.asynchttpclient.netty.channel.ChannelManager - Adding key: http://localhost:41386 for channel [id: 0x1c9547ae, L:/127.0.0.1:56262 - R:localhost/127.0.0.1:41386]
20:06:45.570 [main] DEBUG net.serenitybdd.core.photography.Darkroom - Send negative for processing for target/site/serenity/8e9cee939ce17a9fe29ea96908d1a8f3a55d0d59d1d36254b88f9fc15908342a.png
20:06:45.572 [main] DEBUG net.thucydides.core.steps.StepInterceptor - STEP DONE: validateOnTheLoginPage
  &amp#27;[32mGiven &amp#27;[0m&amp#27;[32mI am on the login page to view all products categories1&amp#27;[0m   &amp#27;[90m# starter.stepdefinitions.viewGamingCategorySteps.onTheLoginPage()&amp#27;[0m
20:06:45.583 [Forwarding getPageSource on session 5e4105e4c8c1a4642acc5d9cf8595edf to remote] DEBUG org.asynchttpclient.netty.request.NettyRequestSender - Using pooled Channel '[id: 0x1c9547ae, L:/127.0.0.1:56262 - R:localhost/127.0.0.1:41386]' for 'POST' to 'http://localhost:41386/session/5e4105e4c8c1a4642acc5d9cf8595edf/execute/sync'
20:06:45.583 [Forwarding getPageSource on session 5e4105e4c8c1a4642acc5d9cf8595edf to remote] DEBUG org.asynchttpclient.netty.request.NettyRequestSender - Using open Channel [id: 0x1c9547ae, L:/127.0.0.1:56262 - R:localhost/127.0.0.1:41386] for POST '/session/5e4105e4c8c1a4642acc5d9cf8595edf/execute/sync'
20:06:45.587 [AsyncHttpClient-1-8] DEBUG org.asynchttpclient.netty.handler.HttpHandler - 

Request DefaultHttpRequest(decodeResult: success, version: HTTP/1.1)
POST /session/5e4105e4c8c1a4642acc5d9cf8595edf/execute/sync HTTP/1.1
User-Agent: selenium/4.8.1 (java mac)
Content-Length: 176
Content-Type: application/json; charset=utf-8
host: localhost:41386
accept: */*

Response DefaultHttpResponse(decodeResult: success, version: HTTP/1.1)
HTTP/1.1 200 OK
Content-Length: 21667
Content-Type: application/json; charset=utf-8
cache-control: no-cache

20:06:45.588 [AsyncHttpClient-1-8] DEBUG org.asynchttpclient.netty.channel.ChannelManager - Adding key: http://localhost:41386 for channel [id: 0x1c9547ae, L:/127.0.0.1:56262 - R:localhost/127.0.0.1:41386]
20:06:45.591 [Forwarding getCurrentUrl on session 5e4105e4c8c1a4642acc5d9cf8595edf to remote] DEBUG org.asynchttpclient.netty.request.NettyRequestSender - Using pooled Channel '[id: 0x1c9547ae, L:/127.0.0.1:56262 - R:localhost/127.0.0.1:41386]' for 'GET' to 'http://localhost:41386/session/5e4105e4c8c1a4642acc5d9cf8595edf/url'
20:06:45.591 [Forwarding getCurrentUrl on session 5e4105e4c8c1a4642acc5d9cf8595edf to remote] DEBUG org.asynchttpclient.netty.request.NettyRequestSender - Using open Channel [id: 0x1c9547ae, L:/127.0.0.1:56262 - R:localhost/127.0.0.1:41386] for GET '/session/5e4105e4c8c1a4642acc5d9cf8595edf/url'
20:06:45.593 [AsyncHttpClient-1-8] DEBUG org.asynchttpclient.netty.handler.HttpHandler - 

Request DefaultFullHttpRequest(decodeResult: success, version: HTTP/1.1, content: EmptyByteBufBE)
GET /session/5e4105e4c8c1a4642acc5d9cf8595edf/url HTTP/1.1
User-Agent: selenium/4.8.1 (java mac)
Cache-Control: no-cache
Content-Type: application/json; charset=utf-8
host: localhost:41386
accept: */*

Response DefaultHttpResponse(decodeResult: success, version: HTTP/1.1)
HTTP/1.1 200 OK
Content-Length: 51
Content-Type: application/json; charset=utf-8
cache-control: no-cache

20:06:45.594 [AsyncHttpClient-1-8] DEBUG org.asynchttpclient.netty.channel.ChannelManager - Adding key: http://localhost:41386 for channel [id: 0x1c9547ae, L:/127.0.0.1:56262 - R:localhost/127.0.0.1:41386]
20:06:45.606 [Forwarding getPageSource on session 5e4105e4c8c1a4642acc5d9cf8595edf to remote] DEBUG org.asynchttpclient.netty.request.NettyRequestSender - Using pooled Channel '[id: 0x1c9547ae, L:/127.0.0.1:56262 - R:localhost/127.0.0.1:41386]' for 'POST' to 'http://localhost:41386/session/5e4105e4c8c1a4642acc5d9cf8595edf/execute/sync'
20:06:45.606 [Forwarding getPageSource on session 5e4105e4c8c1a4642acc5d9cf8595edf to remote] DEBUG org.asynchttpclient.netty.request.NettyRequestSender - Using open Channel [id: 0x1c9547ae, L:/127.0.0.1:56262 - R:localhost/127.0.0.1:41386] for POST '/session/5e4105e4c8c1a4642acc5d9cf8595edf/execute/sync'
20:06:45.610 [AsyncHttpClient-1-8] DEBUG org.asynchttpclient.netty.handler.HttpHandler - 

Request DefaultHttpRequest(decodeResult: success, version: HTTP/1.1)
POST /session/5e4105e4c8c1a4642acc5d9cf8595edf/execute/sync HTTP/1.1
User-Agent: selenium/4.8.1 (java mac)
Content-Length: 176
Content-Type: application/json; charset=utf-8
host: localhost:41386
accept: */*

Response DefaultHttpResponse(decodeResult: success, version: HTTP/1.1)
HTTP/1.1 200 OK
Content-Length: 21667
Content-Type: application/json; charset=utf-8
cache-control: no-cache

20:06:45.610 [AsyncHttpClient-1-8] DEBUG org.asynchttpclient.netty.channel.ChannelManager - Adding key: http://localhost:41386 for channel [id: 0x1c9547ae, L:/127.0.0.1:56262 - R:localhost/127.0.0.1:41386]
20:06:45.614 [Forwarding getCurrentUrl on session 5e4105e4c8c1a4642acc5d9cf8595edf to remote] DEBUG org.asynchttpclient.netty.request.NettyRequestSender - Using pooled Channel '[id: 0x1c9547ae, L:/127.0.0.1:56262 - R:localhost/127.0.0.1:41386]' for 'GET' to 'http://localhost:41386/session/5e4105e4c8c1a4642acc5d9cf8595edf/url'
20:06:45.614 [Forwarding getCurrentUrl on session 5e4105e4c8c1a4642acc5d9cf8595edf to remote] DEBUG org.asynchttpclient.netty.request.NettyRequestSender - Using open Channel [id: 0x1c9547ae, L:/127.0.0.1:56262 - R:localhost/127.0.0.1:41386] for GET '/session/5e4105e4c8c1a4642acc5d9cf8595edf/url'
20:06:45.619 [AsyncHttpClient-1-8] DEBUG org.asynchttpclient.netty.handler.HttpHandler - 

Request DefaultFullHttpRequest(decodeResult: success, version: HTTP/1.1, content: EmptyByteBufBE)
GET /session/5e4105e4c8c1a4642acc5d9cf8595edf/url HTTP/1.1
User-Agent: selenium/4.8.1 (java mac)
Cache-Control: no-cache
Content-Type: application/json; charset=utf-8
host: localhost:41386
accept: */*

Response DefaultHttpResponse(decodeResult: success, version: HTTP/1.1)
HTTP/1.1 200 OK
Content-Length: 51
Content-Type: application/json; charset=utf-8
cache-control: no-cache

20:06:45.620 [AsyncHttpClient-1-8] DEBUG org.asynchttpclient.netty.channel.ChannelManager - Adding key: http://localhost:41386 for channel [id: 0x1c9547ae, L:/127.0.0.1:56262 - R:localhost/127.0.0.1:41386]
20:06:45.621 [main] DEBUG net.thucydides.core.steps.StepInterceptor - STARTING STEP: viewGamingCategorySteps.doEnterValidUsername - inputEmail
20:06:45.626 [Forwarding findElement on session 5e4105e4c8c1a4642acc5d9cf8595edf to remote] DEBUG org.asynchttpclient.netty.request.NettyRequestSender - Using pooled Channel '[id: 0x1c9547ae, L:/127.0.0.1:56262 - R:localhost/127.0.0.1:41386]' for 'POST' to 'http://localhost:41386/session/5e4105e4c8c1a4642acc5d9cf8595edf/element'
20:06:45.626 [Forwarding findElement on session 5e4105e4c8c1a4642acc5d9cf8595edf to remote] DEBUG org.asynchttpclient.netty.request.NettyRequestSender - Using open Channel [id: 0x1c9547ae, L:/127.0.0.1:56262 - R:localhost/127.0.0.1:41386] for POST '/session/5e4105e4c8c1a4642acc5d9cf8595edf/element'
20:06:45.702 [AsyncHttpClient-1-8] DEBUG org.asynchttpclient.netty.handler.HttpHandler - 

Request DefaultHttpRequest(decodeResult: success, version: HTTP/1.1)
POST /session/5e4105e4c8c1a4642acc5d9cf8595edf/element HTTP/1.1
User-Agent: selenium/4.8.1 (java mac)
Content-Length: 100
Content-Type: application/json; charset=utf-8
host: localhost:41386
accept: */*

Response DefaultHttpResponse(decodeResult: success, version: HTTP/1.1)
HTTP/1.1 200 OK
Content-Length: 88
Content-Type: application/json; charset=utf-8
cache-control: no-cache

20:06:45.704 [AsyncHttpClient-1-8] DEBUG org.asynchttpclient.netty.channel.ChannelManager - Adding key: http://localhost:41386 for channel [id: 0x1c9547ae, L:/127.0.0.1:56262 - R:localhost/127.0.0.1:41386]
20:06:45.711 [Forwarding clearElement on session 5e4105e4c8c1a4642acc5d9cf8595edf to remote] DEBUG org.asynchttpclient.netty.request.NettyRequestSender - Using pooled Channel '[id: 0x1c9547ae, L:/127.0.0.1:56262 - R:localhost/127.0.0.1:41386]' for 'POST' to 'http://localhost:41386/session/5e4105e4c8c1a4642acc5d9cf8595edf/element/99a32382-52df-4ce5-825d-72adda74ee33/clear'
20:06:45.711 [Forwarding clearElement on session 5e4105e4c8c1a4642acc5d9cf8595edf to remote] DEBUG org.asynchttpclient.netty.request.NettyRequestSender - Using open Channel [id: 0x1c9547ae, L:/127.0.0.1:56262 - R:localhost/127.0.0.1:41386] for POST '/session/5e4105e4c8c1a4642acc5d9cf8595edf/element/99a32382-52df-4ce5-825d-72adda74ee33/clear'
20:06:45.788 [AsyncHttpClient-1-8] DEBUG org.asynchttpclient.netty.handler.HttpHandler - 

Request DefaultHttpRequest(decodeResult: success, version: HTTP/1.1)
POST /session/5e4105e4c8c1a4642acc5d9cf8595edf/element/99a32382-52df-4ce5-825d-72adda74ee33/clear HTTP/1.1
User-Agent: selenium/4.8.1 (java mac)
Content-Length: 50
Content-Type: application/json; charset=utf-8
host: localhost:41386
accept: */*

Response DefaultHttpResponse(decodeResult: success, version: HTTP/1.1)
HTTP/1.1 200 OK
Content-Length: 14
Content-Type: application/json; charset=utf-8
cache-control: no-cache

20:06:45.788 [AsyncHttpClient-1-8] DEBUG org.asynchttpclient.netty.channel.ChannelManager - Adding key: http://localhost:41386 for channel [id: 0x1c9547ae, L:/127.0.0.1:56262 - R:localhost/127.0.0.1:41386]
20:06:45.791 [Forwarding sendKeysToElement on session 5e4105e4c8c1a4642acc5d9cf8595edf to remote] DEBUG org.asynchttpclient.netty.request.NettyRequestSender - Using pooled Channel '[id: 0x1c9547ae, L:/127.0.0.1:56262 - R:localhost/127.0.0.1:41386]' for 'POST' to 'http://localhost:41386/session/5e4105e4c8c1a4642acc5d9cf8595edf/element/99a32382-52df-4ce5-825d-72adda74ee33/value'
20:06:45.792 [Forwarding sendKeysToElement on session 5e4105e4c8c1a4642acc5d9cf8595edf to remote] DEBUG org.asynchttpclient.netty.request.NettyRequestSender - Using open Channel [id: 0x1c9547ae, L:/127.0.0.1:56262 - R:localhost/127.0.0.1:41386] for POST '/session/5e4105e4c8c1a4642acc5d9cf8595edf/element/99a32382-52df-4ce5-825d-72adda74ee33/value'
20:06:46.351 [AsyncHttpClient-1-1] DEBUG org.asynchttpclient.netty.channel.DefaultChannelPool - Entry count for : http://localhost:56263 : 1
20:06:46.377 [AsyncHttpClient-1-8] DEBUG org.asynchttpclient.netty.handler.HttpHandler - 

Request DefaultHttpRequest(decodeResult: success, version: HTTP/1.1)
POST /session/5e4105e4c8c1a4642acc5d9cf8595edf/element/99a32382-52df-4ce5-825d-72adda74ee33/value HTTP/1.1
User-Agent: selenium/4.8.1 (java mac)
Content-Length: 241
Content-Type: application/json; charset=utf-8
host: localhost:41386
accept: */*

Response DefaultHttpResponse(decodeResult: success, version: HTTP/1.1)
HTTP/1.1 200 OK
Content-Length: 14
Content-Type: application/json; charset=utf-8
cache-control: no-cache

20:06:46.378 [AsyncHttpClient-1-8] DEBUG org.asynchttpclient.netty.channel.ChannelManager - Adding key: http://localhost:41386 for channel [id: 0x1c9547ae, L:/127.0.0.1:56262 - R:localhost/127.0.0.1:41386]
20:06:46.388 [Forwarding getAlertText on session 5e4105e4c8c1a4642acc5d9cf8595edf to remote] DEBUG org.asynchttpclient.netty.request.NettyRequestSender - Using pooled Channel '[id: 0x1c9547ae, L:/127.0.0.1:56262 - R:localhost/127.0.0.1:41386]' for 'GET' to 'http://localhost:41386/session/5e4105e4c8c1a4642acc5d9cf8595edf/alert/text'
20:06:46.388 [Forwarding getAlertText on session 5e4105e4c8c1a4642acc5d9cf8595edf to remote] DEBUG org.asynchttpclient.netty.request.NettyRequestSender - Using open Channel [id: 0x1c9547ae, L:/127.0.0.1:56262 - R:localhost/127.0.0.1:41386] for GET '/session/5e4105e4c8c1a4642acc5d9cf8595edf/alert/text'
20:06:46.431 [AsyncHttpClient-1-8] DEBUG org.asynchttpclient.netty.handler.HttpHandler - 

Request DefaultFullHttpRequest(decodeResult: success, version: HTTP/1.1, content: EmptyByteBufBE)
GET /session/5e4105e4c8c1a4642acc5d9cf8595edf/alert/text HTTP/1.1
User-Agent: selenium/4.8.1 (java mac)
Cache-Control: no-cache
Content-Type: application/json; charset=utf-8
host: localhost:41386
accept: */*

Response DefaultHttpResponse(decodeResult: success, version: HTTP/1.1)
HTTP/1.1 404 Not Found
Content-Length: 1763
Content-Type: application/json; charset=utf-8
cache-control: no-cache

20:06:46.431 [AsyncHttpClient-1-8] DEBUG org.asynchttpclient.netty.channel.ChannelManager - Adding key: http://localhost:41386 for channel [id: 0x1c9547ae, L:/127.0.0.1:56262 - R:localhost/127.0.0.1:41386]
20:06:46.433 [Forwarding getCurrentUrl on session 5e4105e4c8c1a4642acc5d9cf8595edf to remote] DEBUG org.asynchttpclient.netty.request.NettyRequestSender - Using pooled Channel '[id: 0x1c9547ae, L:/127.0.0.1:56262 - R:localhost/127.0.0.1:41386]' for 'GET' to 'http://localhost:41386/session/5e4105e4c8c1a4642acc5d9cf8595edf/url'
20:06:46.433 [Forwarding getCurrentUrl on session 5e4105e4c8c1a4642acc5d9cf8595edf to remote] DEBUG org.asynchttpclient.netty.request.NettyRequestSender - Using open Channel [id: 0x1c9547ae, L:/127.0.0.1:56262 - R:localhost/127.0.0.1:41386] for GET '/session/5e4105e4c8c1a4642acc5d9cf8595edf/url'
20:06:46.435 [AsyncHttpClient-1-8] DEBUG org.asynchttpclient.netty.handler.HttpHandler - 

Request DefaultFullHttpRequest(decodeResult: success, version: HTTP/1.1, content: EmptyByteBufBE)
GET /session/5e4105e4c8c1a4642acc5d9cf8595edf/url HTTP/1.1
User-Agent: selenium/4.8.1 (java mac)
Cache-Control: no-cache
Content-Type: application/json; charset=utf-8
host: localhost:41386
accept: */*

Response DefaultHttpResponse(decodeResult: success, version: HTTP/1.1)
HTTP/1.1 200 OK
Content-Length: 51
Content-Type: application/json; charset=utf-8
cache-control: no-cache

20:06:46.435 [AsyncHttpClient-1-8] DEBUG org.asynchttpclient.netty.channel.ChannelManager - Adding key: http://localhost:41386 for channel [id: 0x1c9547ae, L:/127.0.0.1:56262 - R:localhost/127.0.0.1:41386]
20:06:46.436 [Forwarding screenshot on session 5e4105e4c8c1a4642acc5d9cf8595edf to remote] DEBUG org.asynchttpclient.netty.request.NettyRequestSender - Using pooled Channel '[id: 0x1c9547ae, L:/127.0.0.1:56262 - R:localhost/127.0.0.1:41386]' for 'GET' to 'http://localhost:41386/session/5e4105e4c8c1a4642acc5d9cf8595edf/screenshot'
20:06:46.436 [Forwarding screenshot on session 5e4105e4c8c1a4642acc5d9cf8595edf to remote] DEBUG org.asynchttpclient.netty.request.NettyRequestSender - Using open Channel [id: 0x1c9547ae, L:/127.0.0.1:56262 - R:localhost/127.0.0.1:41386] for GET '/session/5e4105e4c8c1a4642acc5d9cf8595edf/screenshot'
20:06:46.618 [AsyncHttpClient-1-8] DEBUG org.asynchttpclient.netty.handler.HttpHandler - 

Request DefaultFullHttpRequest(decodeResult: success, version: HTTP/1.1, content: EmptyByteBufBE)
GET /session/5e4105e4c8c1a4642acc5d9cf8595edf/screenshot HTTP/1.1
User-Agent: selenium/4.8.1 (java mac)
Cache-Control: no-cache
Content-Type: application/json; charset=utf-8
host: localhost:41386
accept: */*

Response DefaultHttpResponse(decodeResult: success, version: HTTP/1.1)
HTTP/1.1 200 OK
Content-Length: 70656
Content-Type: application/json; charset=utf-8
cache-control: no-cache

20:06:46.620 [AsyncHttpClient-1-8] DEBUG org.asynchttpclient.netty.channel.ChannelManager - Adding key: http://localhost:41386 for channel [id: 0x1c9547ae, L:/127.0.0.1:56262 - R:localhost/127.0.0.1:41386]
20:06:46.625 [main] DEBUG net.serenitybdd.core.photography.Darkroom - Send negative for processing for target/site/serenity/830913b7930e75501ce362ed8509021f192c130019f14b9201272bb2f2e3298f.png
20:06:46.625 [Darkroom Processing Line] DEBUG net.serenitybdd.core.photography.DarkroomProcessingLine - Processing screenshot image in /var/screenshots/screenshot-5887017072106356739
20:06:46.625 [Darkroom Processing Line] DEBUG net.serenitybdd.core.photography.DarkroomProcessingLine - Saving screenshot to target/site/serenity/830913b7930e75501ce362ed8509021f192c130019f14b9201272bb2f2e3298f.png
20:06:46.626 [main] DEBUG net.thucydides.core.steps.StepInterceptor - STEP DONE: inputEmail
  &amp#27;[32mWhen &amp#27;[0m&amp#27;[32mI enter valid username to view all products categories1&amp#27;[0m    &amp#27;[90m# starter.stepdefinitions.viewGamingCategorySteps.doEnterValidUsername()&amp#27;[0m
20:06:46.640 [Forwarding getPageSource on session 5e4105e4c8c1a4642acc5d9cf8595edf to remote] DEBUG org.asynchttpclient.netty.request.NettyRequestSender - Using pooled Channel '[id: 0x1c9547ae, L:/127.0.0.1:56262 - R:localhost/127.0.0.1:41386]' for 'POST' to 'http://localhost:41386/session/5e4105e4c8c1a4642acc5d9cf8595edf/execute/sync'
20:06:46.640 [Forwarding getPageSource on session 5e4105e4c8c1a4642acc5d9cf8595edf to remote] DEBUG org.asynchttpclient.netty.request.NettyRequestSender - Using open Channel [id: 0x1c9547ae, L:/127.0.0.1:56262 - R:localhost/127.0.0.1:41386] for POST '/session/5e4105e4c8c1a4642acc5d9cf8595edf/execute/sync'
20:06:46.644 [AsyncHttpClient-1-8] DEBUG org.asynchttpclient.netty.handler.HttpHandler - 

Request DefaultHttpRequest(decodeResult: success, version: HTTP/1.1)
POST /session/5e4105e4c8c1a4642acc5d9cf8595edf/execute/sync HTTP/1.1
User-Agent: selenium/4.8.1 (java mac)
Content-Length: 176
Content-Type: application/json; charset=utf-8
host: localhost:41386
accept: */*

Response DefaultHttpResponse(decodeResult: success, version: HTTP/1.1)
HTTP/1.1 200 OK
Content-Length: 21788
Content-Type: application/json; charset=utf-8
cache-control: no-cache

20:06:46.644 [AsyncHttpClient-1-8] DEBUG org.asynchttpclient.netty.channel.ChannelManager - Adding key: http://localhost:41386 for channel [id: 0x1c9547ae, L:/127.0.0.1:56262 - R:localhost/127.0.0.1:41386]
20:06:46.648 [Forwarding getCurrentUrl on session 5e4105e4c8c1a4642acc5d9cf8595edf to remote] DEBUG org.asynchttpclient.netty.request.NettyRequestSender - Using pooled Channel '[id: 0x1c9547ae, L:/127.0.0.1:56262 - R:localhost/127.0.0.1:41386]' for 'GET' to 'http://localhost:41386/session/5e4105e4c8c1a4642acc5d9cf8595edf/url'
20:06:46.648 [Forwarding getCurrentUrl on session 5e4105e4c8c1a4642acc5d9cf8595edf to remote] DEBUG org.asynchttpclient.netty.request.NettyRequestSender - Using open Channel [id: 0x1c9547ae, L:/127.0.0.1:56262 - R:localhost/127.0.0.1:41386] for GET '/session/5e4105e4c8c1a4642acc5d9cf8595edf/url'
20:06:46.653 [AsyncHttpClient-1-8] DEBUG org.asynchttpclient.netty.handler.HttpHandler - 

Request DefaultFullHttpRequest(decodeResult: success, version: HTTP/1.1, content: EmptyByteBufBE)
GET /session/5e4105e4c8c1a4642acc5d9cf8595edf/url HTTP/1.1
User-Agent: selenium/4.8.1 (java mac)
Cache-Control: no-cache
Content-Type: application/json; charset=utf-8
host: localhost:41386
accept: */*

Response DefaultHttpResponse(decodeResult: success, version: HTTP/1.1)
HTTP/1.1 200 OK
Content-Length: 51
Content-Type: application/json; charset=utf-8
cache-control: no-cache

20:06:46.653 [AsyncHttpClient-1-8] DEBUG org.asynchttpclient.netty.channel.ChannelManager - Adding key: http://localhost:41386 for channel [id: 0x1c9547ae, L:/127.0.0.1:56262 - R:localhost/127.0.0.1:41386]
20:06:46.662 [Forwarding getPageSource on session 5e4105e4c8c1a4642acc5d9cf8595edf to remote] DEBUG org.asynchttpclient.netty.request.NettyRequestSender - Using pooled Channel '[id: 0x1c9547ae, L:/127.0.0.1:56262 - R:localhost/127.0.0.1:41386]' for 'POST' to 'http://localhost:41386/session/5e4105e4c8c1a4642acc5d9cf8595edf/execute/sync'
20:06:46.662 [Forwarding getPageSource on session 5e4105e4c8c1a4642acc5d9cf8595edf to remote] DEBUG org.asynchttpclient.netty.request.NettyRequestSender - Using open Channel [id: 0x1c9547ae, L:/127.0.0.1:56262 - R:localhost/127.0.0.1:41386] for POST '/session/5e4105e4c8c1a4642acc5d9cf8595edf/execute/sync'
20:06:46.667 [AsyncHttpClient-1-8] DEBUG org.asynchttpclient.netty.handler.HttpHandler - 

Request DefaultHttpRequest(decodeResult: success, version: HTTP/1.1)
POST /session/5e4105e4c8c1a4642acc5d9cf8595edf/execute/sync HTTP/1.1
User-Agent: selenium/4.8.1 (java mac)
Content-Length: 176
Content-Type: application/json; charset=utf-8
host: localhost:41386
accept: */*

Response DefaultHttpResponse(decodeResult: success, version: HTTP/1.1)
HTTP/1.1 200 OK
Content-Length: 21788
Content-Type: application/json; charset=utf-8
cache-control: no-cache

20:06:46.667 [AsyncHttpClient-1-8] DEBUG org.asynchttpclient.netty.channel.ChannelManager - Adding key: http://localhost:41386 for channel [id: 0x1c9547ae, L:/127.0.0.1:56262 - R:localhost/127.0.0.1:41386]
20:06:46.672 [Forwarding getCurrentUrl on session 5e4105e4c8c1a4642acc5d9cf8595edf to remote] DEBUG org.asynchttpclient.netty.request.NettyRequestSender - Using pooled Channel '[id: 0x1c9547ae, L:/127.0.0.1:56262 - R:localhost/127.0.0.1:41386]' for 'GET' to 'http://localhost:41386/session/5e4105e4c8c1a4642acc5d9cf8595edf/url'
20:06:46.672 [Forwarding getCurrentUrl on session 5e4105e4c8c1a4642acc5d9cf8595edf to remote] DEBUG org.asynchttpclient.netty.request.NettyRequestSender - Using open Channel [id: 0x1c9547ae, L:/127.0.0.1:56262 - R:localhost/127.0.0.1:41386] for GET '/session/5e4105e4c8c1a4642acc5d9cf8595edf/url'
20:06:46.675 [AsyncHttpClient-1-8] DEBUG org.asynchttpclient.netty.handler.HttpHandler - 

Request DefaultFullHttpRequest(decodeResult: success, version: HTTP/1.1, content: EmptyByteBufBE)
GET /session/5e4105e4c8c1a4642acc5d9cf8595edf/url HTTP/1.1
User-Agent: selenium/4.8.1 (java mac)
Cache-Control: no-cache
Content-Type: application/json; charset=utf-8
host: localhost:41386
accept: */*

Response DefaultHttpResponse(decodeResult: success, version: HTTP/1.1)
HTTP/1.1 200 OK
Content-Length: 51
Content-Type: application/json; charset=utf-8
cache-control: no-cache

20:06:46.675 [AsyncHttpClient-1-8] DEBUG org.asynchttpclient.netty.channel.ChannelManager - Adding key: http://localhost:41386 for channel [id: 0x1c9547ae, L:/127.0.0.1:56262 - R:localhost/127.0.0.1:41386]
20:06:46.677 [main] DEBUG net.thucydides.core.steps.StepInterceptor - STARTING STEP: viewGamingCategorySteps.doEnterValidPassword - inputPassword
20:06:46.679 [Forwarding findElement on session 5e4105e4c8c1a4642acc5d9cf8595edf to remote] DEBUG org.asynchttpclient.netty.request.NettyRequestSender - Using pooled Channel '[id: 0x1c9547ae, L:/127.0.0.1:56262 - R:localhost/127.0.0.1:41386]' for 'POST' to 'http://localhost:41386/session/5e4105e4c8c1a4642acc5d9cf8595edf/element'
20:06:46.679 [Forwarding findElement on session 5e4105e4c8c1a4642acc5d9cf8595edf to remote] DEBUG org.asynchttpclient.netty.request.NettyRequestSender - Using open Channel [id: 0x1c9547ae, L:/127.0.0.1:56262 - R:localhost/127.0.0.1:41386] for POST '/session/5e4105e4c8c1a4642acc5d9cf8595edf/element'
20:06:46.687 [AsyncHttpClient-1-8] DEBUG org.asynchttpclient.netty.handler.HttpHandler - 

Request DefaultHttpRequest(decodeResult: success, version: HTTP/1.1)
POST /session/5e4105e4c8c1a4642acc5d9cf8595edf/element HTTP/1.1
User-Agent: selenium/4.8.1 (java mac)
Content-Length: 103
Content-Type: application/json; charset=utf-8
host: localhost:41386
accept: */*

Response DefaultHttpResponse(decodeResult: success, version: HTTP/1.1)
HTTP/1.1 200 OK
Content-Length: 88
Content-Type: application/json; charset=utf-8
cache-control: no-cache

20:06:46.688 [AsyncHttpClient-1-8] DEBUG org.asynchttpclient.netty.channel.ChannelManager - Adding key: http://localhost:41386 for channel [id: 0x1c9547ae, L:/127.0.0.1:56262 - R:localhost/127.0.0.1:41386]
20:06:46.691 [Forwarding clearElement on session 5e4105e4c8c1a4642acc5d9cf8595edf to remote] DEBUG org.asynchttpclient.netty.request.NettyRequestSender - Using pooled Channel '[id: 0x1c9547ae, L:/127.0.0.1:56262 - R:localhost/127.0.0.1:41386]' for 'POST' to 'http://localhost:41386/session/5e4105e4c8c1a4642acc5d9cf8595edf/element/4ec392a7-4547-4cba-aa6c-139abf66bb34/clear'
20:06:46.691 [Forwarding clearElement on session 5e4105e4c8c1a4642acc5d9cf8595edf to remote] DEBUG org.asynchttpclient.netty.request.NettyRequestSender - Using open Channel [id: 0x1c9547ae, L:/127.0.0.1:56262 - R:localhost/127.0.0.1:41386] for POST '/session/5e4105e4c8c1a4642acc5d9cf8595edf/element/4ec392a7-4547-4cba-aa6c-139abf66bb34/clear'
20:06:46.717 [AsyncHttpClient-1-8] DEBUG org.asynchttpclient.netty.handler.HttpHandler - 

Request DefaultHttpRequest(decodeResult: success, version: HTTP/1.1)
POST /session/5e4105e4c8c1a4642acc5d9cf8595edf/element/4ec392a7-4547-4cba-aa6c-139abf66bb34/clear HTTP/1.1
User-Agent: selenium/4.8.1 (java mac)
Content-Length: 50
Content-Type: application/json; charset=utf-8
host: localhost:41386
accept: */*

Response DefaultHttpResponse(decodeResult: success, version: HTTP/1.1)
HTTP/1.1 200 OK
Content-Length: 14
Content-Type: application/json; charset=utf-8
cache-control: no-cache

20:06:46.718 [AsyncHttpClient-1-8] DEBUG org.asynchttpclient.netty.channel.ChannelManager - Adding key: http://localhost:41386 for channel [id: 0x1c9547ae, L:/127.0.0.1:56262 - R:localhost/127.0.0.1:41386]
20:06:46.720 [Forwarding sendKeysToElement on session 5e4105e4c8c1a4642acc5d9cf8595edf to remote] DEBUG org.asynchttpclient.netty.request.NettyRequestSender - Using pooled Channel '[id: 0x1c9547ae, L:/127.0.0.1:56262 - R:localhost/127.0.0.1:41386]' for 'POST' to 'http://localhost:41386/session/5e4105e4c8c1a4642acc5d9cf8595edf/element/4ec392a7-4547-4cba-aa6c-139abf66bb34/value'
20:06:46.720 [Forwarding sendKeysToElement on session 5e4105e4c8c1a4642acc5d9cf8595edf to remote] DEBUG org.asynchttpclient.netty.request.NettyRequestSender - Using open Channel [id: 0x1c9547ae, L:/127.0.0.1:56262 - R:localhost/127.0.0.1:41386] for POST '/session/5e4105e4c8c1a4642acc5d9cf8595edf/element/4ec392a7-4547-4cba-aa6c-139abf66bb34/value'
20:06:46.986 [AsyncHttpClient-1-8] DEBUG org.asynchttpclient.netty.handler.HttpHandler - 

Request DefaultHttpRequest(decodeResult: success, version: HTTP/1.1)
POST /session/5e4105e4c8c1a4642acc5d9cf8595edf/element/4ec392a7-4547-4cba-aa6c-139abf66bb34/value HTTP/1.1
User-Agent: selenium/4.8.1 (java mac)
Content-Length: 141
Content-Type: application/json; charset=utf-8
host: localhost:41386
accept: */*

Response DefaultHttpResponse(decodeResult: success, version: HTTP/1.1)
HTTP/1.1 200 OK
Content-Length: 14
Content-Type: application/json; charset=utf-8
cache-control: no-cache

20:06:46.987 [AsyncHttpClient-1-8] DEBUG org.asynchttpclient.netty.channel.ChannelManager - Adding key: http://localhost:41386 for channel [id: 0x1c9547ae, L:/127.0.0.1:56262 - R:localhost/127.0.0.1:41386]
20:06:47.002 [Forwarding getAlertText on session 5e4105e4c8c1a4642acc5d9cf8595edf to remote] DEBUG org.asynchttpclient.netty.request.NettyRequestSender - Using pooled Channel '[id: 0x1c9547ae, L:/127.0.0.1:56262 - R:localhost/127.0.0.1:41386]' for 'GET' to 'http://localhost:41386/session/5e4105e4c8c1a4642acc5d9cf8595edf/alert/text'
20:06:47.002 [Forwarding getAlertText on session 5e4105e4c8c1a4642acc5d9cf8595edf to remote] DEBUG org.asynchttpclient.netty.request.NettyRequestSender - Using open Channel [id: 0x1c9547ae, L:/127.0.0.1:56262 - R:localhost/127.0.0.1:41386] for GET '/session/5e4105e4c8c1a4642acc5d9cf8595edf/alert/text'
20:06:47.011 [AsyncHttpClient-1-8] DEBUG org.asynchttpclient.netty.handler.HttpHandler - 

Request DefaultFullHttpRequest(decodeResult: success, version: HTTP/1.1, content: EmptyByteBufBE)
GET /session/5e4105e4c8c1a4642acc5d9cf8595edf/alert/text HTTP/1.1
User-Agent: selenium/4.8.1 (java mac)
Cache-Control: no-cache
Content-Type: application/json; charset=utf-8
host: localhost:41386
accept: */*

Response DefaultHttpResponse(decodeResult: success, version: HTTP/1.1)
HTTP/1.1 404 Not Found
Content-Length: 1763
Content-Type: application/json; charset=utf-8
cache-control: no-cache

20:06:47.011 [AsyncHttpClient-1-8] DEBUG org.asynchttpclient.netty.channel.ChannelManager - Adding key: http://localhost:41386 for channel [id: 0x1c9547ae, L:/127.0.0.1:56262 - R:localhost/127.0.0.1:41386]
20:06:47.015 [Forwarding getCurrentUrl on session 5e4105e4c8c1a4642acc5d9cf8595edf to remote] DEBUG org.asynchttpclient.netty.request.NettyRequestSender - Using pooled Channel '[id: 0x1c9547ae, L:/127.0.0.1:56262 - R:localhost/127.0.0.1:41386]' for 'GET' to 'http://localhost:41386/session/5e4105e4c8c1a4642acc5d9cf8595edf/url'
20:06:47.015 [Forwarding getCurrentUrl on session 5e4105e4c8c1a4642acc5d9cf8595edf to remote] DEBUG org.asynchttpclient.netty.request.NettyRequestSender - Using open Channel [id: 0x1c9547ae, L:/127.0.0.1:56262 - R:localhost/127.0.0.1:41386] for GET '/session/5e4105e4c8c1a4642acc5d9cf8595edf/url'
20:06:47.028 [AsyncHttpClient-1-8] DEBUG org.asynchttpclient.netty.handler.HttpHandler - 

Request DefaultFullHttpRequest(decodeResult: success, version: HTTP/1.1, content: EmptyByteBufBE)
GET /session/5e4105e4c8c1a4642acc5d9cf8595edf/url HTTP/1.1
User-Agent: selenium/4.8.1 (java mac)
Cache-Control: no-cache
Content-Type: application/json; charset=utf-8
host: localhost:41386
accept: */*

Response DefaultHttpResponse(decodeResult: success, version: HTTP/1.1)
HTTP/1.1 200 OK
Content-Length: 51
Content-Type: application/json; charset=utf-8
cache-control: no-cache

20:06:47.028 [AsyncHttpClient-1-8] DEBUG org.asynchttpclient.netty.channel.ChannelManager - Adding key: http://localhost:41386 for channel [id: 0x1c9547ae, L:/127.0.0.1:56262 - R:localhost/127.0.0.1:41386]
20:06:47.032 [Forwarding screenshot on session 5e4105e4c8c1a4642acc5d9cf8595edf to remote] DEBUG org.asynchttpclient.netty.request.NettyRequestSender - Using pooled Channel '[id: 0x1c9547ae, L:/127.0.0.1:56262 - R:localhost/127.0.0.1:41386]' for 'GET' to 'http://localhost:41386/session/5e4105e4c8c1a4642acc5d9cf8595edf/screenshot'
20:06:47.032 [Forwarding screenshot on session 5e4105e4c8c1a4642acc5d9cf8595edf to remote] DEBUG org.asynchttpclient.netty.request.NettyRequestSender - Using open Channel [id: 0x1c9547ae, L:/127.0.0.1:56262 - R:localhost/127.0.0.1:41386] for GET '/session/5e4105e4c8c1a4642acc5d9cf8595edf/screenshot'
20:06:47.287 [AsyncHttpClient-1-8] DEBUG org.asynchttpclient.netty.handler.HttpHandler - 

Request DefaultFullHttpRequest(decodeResult: success, version: HTTP/1.1, content: EmptyByteBufBE)
GET /session/5e4105e4c8c1a4642acc5d9cf8595edf/screenshot HTTP/1.1
User-Agent: selenium/4.8.1 (java mac)
Cache-Control: no-cache
Content-Type: application/json; charset=utf-8
host: localhost:41386
accept: */*

Response DefaultHttpResponse(decodeResult: success, version: HTTP/1.1)
HTTP/1.1 200 OK
Content-Length: 73288
Content-Type: application/json; charset=utf-8
cache-control: no-cache

20:06:47.288 [AsyncHttpClient-1-8] DEBUG org.asynchttpclient.netty.channel.ChannelManager - Adding key: http://localhost:41386 for channel [id: 0x1c9547ae, L:/127.0.0.1:56262 - R:localhost/127.0.0.1:41386]
20:06:47.293 [main] DEBUG net.serenitybdd.core.photography.Darkroom - Send negative for processing for target/site/serenity/eb6c6ac93e692ac375dfb96f78bbb3aad116a8ec8eaaf85db54947e1cd110637.png
20:06:47.293 [Darkroom Processing Line] DEBUG net.serenitybdd.core.photography.DarkroomProcessingLine - Processing screenshot image in /var/screenshots/screenshot-582035170920198906
20:06:47.293 [Darkroom Processing Line] DEBUG net.serenitybdd.core.photography.DarkroomProcessingLine - Saving screenshot to target/site/serenity/eb6c6ac93e692ac375dfb96f78bbb3aad116a8ec8eaaf85db54947e1cd110637.png
20:06:47.293 [main] DEBUG net.thucydides.core.steps.StepInterceptor - STEP DONE: inputPassword
  &amp#27;[32mAnd &amp#27;[0m&amp#27;[32mI enter valid password to view all products categories1&amp#27;[0m     &amp#27;[90m# starter.stepdefinitions.viewGamingCategorySteps.doEnterValidPassword()&amp#27;[0m
20:06:47.303 [Forwarding getPageSource on session 5e4105e4c8c1a4642acc5d9cf8595edf to remote] DEBUG org.asynchttpclient.netty.request.NettyRequestSender - Using pooled Channel '[id: 0x1c9547ae, L:/127.0.0.1:56262 - R:localhost/127.0.0.1:41386]' for 'POST' to 'http://localhost:41386/session/5e4105e4c8c1a4642acc5d9cf8595edf/execute/sync'
20:06:47.303 [Forwarding getPageSource on session 5e4105e4c8c1a4642acc5d9cf8595edf to remote] DEBUG org.asynchttpclient.netty.request.NettyRequestSender - Using open Channel [id: 0x1c9547ae, L:/127.0.0.1:56262 - R:localhost/127.0.0.1:41386] for POST '/session/5e4105e4c8c1a4642acc5d9cf8595edf/execute/sync'
20:06:47.312 [AsyncHttpClient-1-8] DEBUG org.asynchttpclient.netty.handler.HttpHandler - 

Request DefaultHttpRequest(decodeResult: success, version: HTTP/1.1)
POST /session/5e4105e4c8c1a4642acc5d9cf8595edf/execute/sync HTTP/1.1
User-Agent: selenium/4.8.1 (java mac)
Content-Length: 176
Content-Type: application/json; charset=utf-8
host: localhost:41386
accept: */*

Response DefaultHttpResponse(decodeResult: success, version: HTTP/1.1)
HTTP/1.1 200 OK
Content-Length: 21847
Content-Type: application/json; charset=utf-8
cache-control: no-cache

20:06:47.313 [AsyncHttpClient-1-8] DEBUG org.asynchttpclient.netty.channel.ChannelManager - Adding key: http://localhost:41386 for channel [id: 0x1c9547ae, L:/127.0.0.1:56262 - R:localhost/127.0.0.1:41386]
20:06:47.323 [Forwarding getCurrentUrl on session 5e4105e4c8c1a4642acc5d9cf8595edf to remote] DEBUG org.asynchttpclient.netty.request.NettyRequestSender - Using pooled Channel '[id: 0x1c9547ae, L:/127.0.0.1:56262 - R:localhost/127.0.0.1:41386]' for 'GET' to 'http://localhost:41386/session/5e4105e4c8c1a4642acc5d9cf8595edf/url'
20:06:47.323 [Forwarding getCurrentUrl on session 5e4105e4c8c1a4642acc5d9cf8595edf to remote] DEBUG org.asynchttpclient.netty.request.NettyRequestSender - Using open Channel [id: 0x1c9547ae, L:/127.0.0.1:56262 - R:localhost/127.0.0.1:41386] for GET '/session/5e4105e4c8c1a4642acc5d9cf8595edf/url'
20:06:47.327 [AsyncHttpClient-1-8] DEBUG org.asynchttpclient.netty.handler.HttpHandler - 

Request DefaultFullHttpRequest(decodeResult: success, version: HTTP/1.1, content: EmptyByteBufBE)
GET /session/5e4105e4c8c1a4642acc5d9cf8595edf/url HTTP/1.1
User-Agent: selenium/4.8.1 (java mac)
Cache-Control: no-cache
Content-Type: application/json; charset=utf-8
host: localhost:41386
accept: */*

Response DefaultHttpResponse(decodeResult: success, version: HTTP/1.1)
HTTP/1.1 200 OK
Content-Length: 51
Content-Type: application/json; charset=utf-8
cache-control: no-cache

20:06:47.327 [AsyncHttpClient-1-8] DEBUG org.asynchttpclient.netty.channel.ChannelManager - Adding key: http://localhost:41386 for channel [id: 0x1c9547ae, L:/127.0.0.1:56262 - R:localhost/127.0.0.1:41386]
20:06:47.337 [Forwarding getPageSource on session 5e4105e4c8c1a4642acc5d9cf8595edf to remote] DEBUG org.asynchttpclient.netty.request.NettyRequestSender - Using pooled Channel '[id: 0x1c9547ae, L:/127.0.0.1:56262 - R:localhost/127.0.0.1:41386]' for 'POST' to 'http://localhost:41386/session/5e4105e4c8c1a4642acc5d9cf8595edf/execute/sync'
20:06:47.337 [Forwarding getPageSource on session 5e4105e4c8c1a4642acc5d9cf8595edf to remote] DEBUG org.asynchttpclient.netty.request.NettyRequestSender - Using open Channel [id: 0x1c9547ae, L:/127.0.0.1:56262 - R:localhost/127.0.0.1:41386] for POST '/session/5e4105e4c8c1a4642acc5d9cf8595edf/execute/sync'
20:06:47.340 [AsyncHttpClient-1-8] DEBUG org.asynchttpclient.netty.handler.HttpHandler - 

Request DefaultHttpRequest(decodeResult: success, version: HTTP/1.1)
POST /session/5e4105e4c8c1a4642acc5d9cf8595edf/execute/sync HTTP/1.1
User-Agent: selenium/4.8.1 (java mac)
Content-Length: 176
Content-Type: application/json; charset=utf-8
host: localhost:41386
accept: */*

Response DefaultHttpResponse(decodeResult: success, version: HTTP/1.1)
HTTP/1.1 200 OK
Content-Length: 21847
Content-Type: application/json; charset=utf-8
cache-control: no-cache

20:06:47.341 [AsyncHttpClient-1-8] DEBUG org.asynchttpclient.netty.channel.ChannelManager - Adding key: http://localhost:41386 for channel [id: 0x1c9547ae, L:/127.0.0.1:56262 - R:localhost/127.0.0.1:41386]
20:06:47.347 [Forwarding getCurrentUrl on session 5e4105e4c8c1a4642acc5d9cf8595edf to remote] DEBUG org.asynchttpclient.netty.request.NettyRequestSender - Using pooled Channel '[id: 0x1c9547ae, L:/127.0.0.1:56262 - R:localhost/127.0.0.1:41386]' for 'GET' to 'http://localhost:41386/session/5e4105e4c8c1a4642acc5d9cf8595edf/url'
20:06:47.348 [Forwarding getCurrentUrl on session 5e4105e4c8c1a4642acc5d9cf8595edf to remote] DEBUG org.asynchttpclient.netty.request.NettyRequestSender - Using open Channel [id: 0x1c9547ae, L:/127.0.0.1:56262 - R:localhost/127.0.0.1:41386] for GET '/session/5e4105e4c8c1a4642acc5d9cf8595edf/url'
20:06:47.350 [AsyncHttpClient-1-8] DEBUG org.asynchttpclient.netty.handler.HttpHandler - 

Request DefaultFullHttpRequest(decodeResult: success, version: HTTP/1.1, content: EmptyByteBufBE)
GET /session/5e4105e4c8c1a4642acc5d9cf8595edf/url HTTP/1.1
User-Agent: selenium/4.8.1 (java mac)
Cache-Control: no-cache
Content-Type: application/json; charset=utf-8
host: localhost:41386
accept: */*

Response DefaultHttpResponse(decodeResult: success, version: HTTP/1.1)
HTTP/1.1 200 OK
Content-Length: 51
Content-Type: application/json; charset=utf-8
cache-control: no-cache

20:06:47.350 [AsyncHttpClient-1-8] DEBUG org.asynchttpclient.netty.channel.ChannelManager - Adding key: http://localhost:41386 for channel [id: 0x1c9547ae, L:/127.0.0.1:56262 - R:localhost/127.0.0.1:41386]
20:06:47.352 [main] DEBUG net.thucydides.core.steps.StepInterceptor - STARTING STEP: viewGamingCategorySteps.doClickLoginButton - clickButtonLogin
20:06:47.355 [Forwarding findElement on session 5e4105e4c8c1a4642acc5d9cf8595edf to remote] DEBUG org.asynchttpclient.netty.request.NettyRequestSender - Using pooled Channel '[id: 0x1c9547ae, L:/127.0.0.1:56262 - R:localhost/127.0.0.1:41386]' for 'POST' to 'http://localhost:41386/session/5e4105e4c8c1a4642acc5d9cf8595edf/element'
20:06:47.356 [Forwarding findElement on session 5e4105e4c8c1a4642acc5d9cf8595edf to remote] DEBUG org.asynchttpclient.netty.request.NettyRequestSender - Using open Channel [id: 0x1c9547ae, L:/127.0.0.1:56262 - R:localhost/127.0.0.1:41386] for POST '/session/5e4105e4c8c1a4642acc5d9cf8595edf/element'
20:06:47.361 [AsyncHttpClient-1-8] DEBUG org.asynchttpclient.netty.handler.HttpHandler - 

Request DefaultHttpRequest(decodeResult: success, version: HTTP/1.1)
POST /session/5e4105e4c8c1a4642acc5d9cf8595edf/element HTTP/1.1
User-Agent: selenium/4.8.1 (java mac)
Content-Length: 155
Content-Type: application/json; charset=utf-8
host: localhost:41386
accept: */*

Response DefaultHttpResponse(decodeResult: success, version: HTTP/1.1)
HTTP/1.1 200 OK
Content-Length: 88
Content-Type: application/json; charset=utf-8
cache-control: no-cache

20:06:47.361 [AsyncHttpClient-1-8] DEBUG org.asynchttpclient.netty.channel.ChannelManager - Adding key: http://localhost:41386 for channel [id: 0x1c9547ae, L:/127.0.0.1:56262 - R:localhost/127.0.0.1:41386]
20:06:47.364 [Forwarding getElementTagName on session 5e4105e4c8c1a4642acc5d9cf8595edf to remote] DEBUG org.asynchttpclient.netty.request.NettyRequestSender - Using pooled Channel '[id: 0x1c9547ae, L:/127.0.0.1:56262 - R:localhost/127.0.0.1:41386]' for 'GET' to 'http://localhost:41386/session/5e4105e4c8c1a4642acc5d9cf8595edf/element/61bfd32b-5865-48d3-be26-eda8d8efd65a/name'
20:06:47.364 [Forwarding getElementTagName on session 5e4105e4c8c1a4642acc5d9cf8595edf to remote] DEBUG org.asynchttpclient.netty.request.NettyRequestSender - Using open Channel [id: 0x1c9547ae, L:/127.0.0.1:56262 - R:localhost/127.0.0.1:41386] for GET '/session/5e4105e4c8c1a4642acc5d9cf8595edf/element/61bfd32b-5865-48d3-be26-eda8d8efd65a/name'
20:06:47.368 [AsyncHttpClient-1-8] DEBUG org.asynchttpclient.netty.handler.HttpHandler - 

Request DefaultFullHttpRequest(decodeResult: success, version: HTTP/1.1, content: EmptyByteBufBE)
GET /session/5e4105e4c8c1a4642acc5d9cf8595edf/element/61bfd32b-5865-48d3-be26-eda8d8efd65a/name HTTP/1.1
User-Agent: selenium/4.8.1 (java mac)
Cache-Control: no-cache
Content-Type: application/json; charset=utf-8
host: localhost:41386
accept: */*

Response DefaultHttpResponse(decodeResult: success, version: HTTP/1.1)
HTTP/1.1 200 OK
Content-Length: 18
Content-Type: application/json; charset=utf-8
cache-control: no-cache

20:06:47.369 [AsyncHttpClient-1-8] DEBUG org.asynchttpclient.netty.channel.ChannelManager - Adding key: http://localhost:41386 for channel [id: 0x1c9547ae, L:/127.0.0.1:56262 - R:localhost/127.0.0.1:41386]
20:06:47.376 [Forwarding getElementTagName on session 5e4105e4c8c1a4642acc5d9cf8595edf to remote] DEBUG org.asynchttpclient.netty.request.NettyRequestSender - Using pooled Channel '[id: 0x1c9547ae, L:/127.0.0.1:56262 - R:localhost/127.0.0.1:41386]' for 'GET' to 'http://localhost:41386/session/5e4105e4c8c1a4642acc5d9cf8595edf/element/61bfd32b-5865-48d3-be26-eda8d8efd65a/name'
20:06:47.377 [Forwarding getElementTagName on session 5e4105e4c8c1a4642acc5d9cf8595edf to remote] DEBUG org.asynchttpclient.netty.request.NettyRequestSender - Using open Channel [id: 0x1c9547ae, L:/127.0.0.1:56262 - R:localhost/127.0.0.1:41386] for GET '/session/5e4105e4c8c1a4642acc5d9cf8595edf/element/61bfd32b-5865-48d3-be26-eda8d8efd65a/name'
20:06:47.381 [AsyncHttpClient-1-8] DEBUG org.asynchttpclient.netty.handler.HttpHandler - 

Request DefaultFullHttpRequest(decodeResult: success, version: HTTP/1.1, content: EmptyByteBufBE)
GET /session/5e4105e4c8c1a4642acc5d9cf8595edf/element/61bfd32b-5865-48d3-be26-eda8d8efd65a/name HTTP/1.1
User-Agent: selenium/4.8.1 (java mac)
Cache-Control: no-cache
Content-Type: application/json; charset=utf-8
host: localhost:41386
accept: */*

Response DefaultHttpResponse(decodeResult: success, version: HTTP/1.1)
HTTP/1.1 200 OK
Content-Length: 18
Content-Type: application/json; charset=utf-8
cache-control: no-cache

20:06:47.381 [AsyncHttpClient-1-8] DEBUG org.asynchttpclient.netty.channel.ChannelManager - Adding key: http://localhost:41386 for channel [id: 0x1c9547ae, L:/127.0.0.1:56262 - R:localhost/127.0.0.1:41386]
20:06:47.384 [Forwarding isElementEnabled on session 5e4105e4c8c1a4642acc5d9cf8595edf to remote] DEBUG org.asynchttpclient.netty.request.NettyRequestSender - Using pooled Channel '[id: 0x1c9547ae, L:/127.0.0.1:56262 - R:localhost/127.0.0.1:41386]' for 'GET' to 'http://localhost:41386/session/5e4105e4c8c1a4642acc5d9cf8595edf/element/61bfd32b-5865-48d3-be26-eda8d8efd65a/enabled'
20:06:47.384 [Forwarding isElementEnabled on session 5e4105e4c8c1a4642acc5d9cf8595edf to remote] DEBUG org.asynchttpclient.netty.request.NettyRequestSender - Using open Channel [id: 0x1c9547ae, L:/127.0.0.1:56262 - R:localhost/127.0.0.1:41386] for GET '/session/5e4105e4c8c1a4642acc5d9cf8595edf/element/61bfd32b-5865-48d3-be26-eda8d8efd65a/enabled'
20:06:47.398 [AsyncHttpClient-1-8] DEBUG org.asynchttpclient.netty.handler.HttpHandler - 

Request DefaultFullHttpRequest(decodeResult: success, version: HTTP/1.1, content: EmptyByteBufBE)
GET /session/5e4105e4c8c1a4642acc5d9cf8595edf/element/61bfd32b-5865-48d3-be26-eda8d8efd65a/enabled HTTP/1.1
User-Agent: selenium/4.8.1 (java mac)
Cache-Control: no-cache
Content-Type: application/json; charset=utf-8
host: localhost:41386
accept: */*

Response DefaultHttpResponse(decodeResult: success, version: HTTP/1.1)
HTTP/1.1 200 OK
Content-Length: 14
Content-Type: application/json; charset=utf-8
cache-control: no-cache

20:06:47.398 [AsyncHttpClient-1-8] DEBUG org.asynchttpclient.netty.channel.ChannelManager - Adding key: http://localhost:41386 for channel [id: 0x1c9547ae, L:/127.0.0.1:56262 - R:localhost/127.0.0.1:41386]
20:06:47.400 [Forwarding isElementEnabled on session 5e4105e4c8c1a4642acc5d9cf8595edf to remote] DEBUG org.asynchttpclient.netty.request.NettyRequestSender - Using pooled Channel '[id: 0x1c9547ae, L:/127.0.0.1:56262 - R:localhost/127.0.0.1:41386]' for 'GET' to 'http://localhost:41386/session/5e4105e4c8c1a4642acc5d9cf8595edf/element/61bfd32b-5865-48d3-be26-eda8d8efd65a/enabled'
20:06:47.400 [Forwarding isElementEnabled on session 5e4105e4c8c1a4642acc5d9cf8595edf to remote] DEBUG org.asynchttpclient.netty.request.NettyRequestSender - Using open Channel [id: 0x1c9547ae, L:/127.0.0.1:56262 - R:localhost/127.0.0.1:41386] for GET '/session/5e4105e4c8c1a4642acc5d9cf8595edf/element/61bfd32b-5865-48d3-be26-eda8d8efd65a/enabled'
20:06:47.405 [AsyncHttpClient-1-8] DEBUG org.asynchttpclient.netty.handler.HttpHandler - 

Request DefaultFullHttpRequest(decodeResult: success, version: HTTP/1.1, content: EmptyByteBufBE)
GET /session/5e4105e4c8c1a4642acc5d9cf8595edf/element/61bfd32b-5865-48d3-be26-eda8d8efd65a/enabled HTTP/1.1
User-Agent: selenium/4.8.1 (java mac)
Cache-Control: no-cache
Content-Type: application/json; charset=utf-8
host: localhost:41386
accept: */*

Response DefaultHttpResponse(decodeResult: success, version: HTTP/1.1)
HTTP/1.1 200 OK
Content-Length: 14
Content-Type: application/json; charset=utf-8
cache-control: no-cache

20:06:47.405 [AsyncHttpClient-1-8] DEBUG org.asynchttpclient.netty.channel.ChannelManager - Adding key: http://localhost:41386 for channel [id: 0x1c9547ae, L:/127.0.0.1:56262 - R:localhost/127.0.0.1:41386]
20:06:47.410 [Forwarding findElement on session 5e4105e4c8c1a4642acc5d9cf8595edf to remote] DEBUG org.asynchttpclient.netty.request.NettyRequestSender - Using pooled Channel '[id: 0x1c9547ae, L:/127.0.0.1:56262 - R:localhost/127.0.0.1:41386]' for 'POST' to 'http://localhost:41386/session/5e4105e4c8c1a4642acc5d9cf8595edf/element'
20:06:47.410 [Forwarding findElement on session 5e4105e4c8c1a4642acc5d9cf8595edf to remote] DEBUG org.asynchttpclient.netty.request.NettyRequestSender - Using open Channel [id: 0x1c9547ae, L:/127.0.0.1:56262 - R:localhost/127.0.0.1:41386] for POST '/session/5e4105e4c8c1a4642acc5d9cf8595edf/element'
20:06:47.414 [AsyncHttpClient-1-8] DEBUG org.asynchttpclient.netty.handler.HttpHandler - 

Request DefaultHttpRequest(decodeResult: success, version: HTTP/1.1)
POST /session/5e4105e4c8c1a4642acc5d9cf8595edf/element HTTP/1.1
User-Agent: selenium/4.8.1 (java mac)
Content-Length: 155
Content-Type: application/json; charset=utf-8
host: localhost:41386
accept: */*

Response DefaultHttpResponse(decodeResult: success, version: HTTP/1.1)
HTTP/1.1 200 OK
Content-Length: 88
Content-Type: application/json; charset=utf-8
cache-control: no-cache

20:06:47.414 [AsyncHttpClient-1-8] DEBUG org.asynchttpclient.netty.channel.ChannelManager - Adding key: http://localhost:41386 for channel [id: 0x1c9547ae, L:/127.0.0.1:56262 - R:localhost/127.0.0.1:41386]
20:06:47.416 [Forwarding clickElement on session 5e4105e4c8c1a4642acc5d9cf8595edf to remote] DEBUG org.asynchttpclient.netty.request.NettyRequestSender - Using pooled Channel '[id: 0x1c9547ae, L:/127.0.0.1:56262 - R:localhost/127.0.0.1:41386]' for 'POST' to 'http://localhost:41386/session/5e4105e4c8c1a4642acc5d9cf8595edf/element/61bfd32b-5865-48d3-be26-eda8d8efd65a/click'
20:06:47.416 [Forwarding clickElement on session 5e4105e4c8c1a4642acc5d9cf8595edf to remote] DEBUG org.asynchttpclient.netty.request.NettyRequestSender - Using open Channel [id: 0x1c9547ae, L:/127.0.0.1:56262 - R:localhost/127.0.0.1:41386] for POST '/session/5e4105e4c8c1a4642acc5d9cf8595edf/element/61bfd32b-5865-48d3-be26-eda8d8efd65a/click'
20:06:47.450 [AsyncHttpClient-1-1] DEBUG org.asynchttpclient.netty.channel.DefaultChannelPool - Entry count for : http://localhost:56263 : 1
20:06:47.531 [AsyncHttpClient-1-8] DEBUG org.asynchttpclient.netty.handler.HttpHandler - 

Request DefaultHttpRequest(decodeResult: success, version: HTTP/1.1)
POST /session/5e4105e4c8c1a4642acc5d9cf8595edf/element/61bfd32b-5865-48d3-be26-eda8d8efd65a/click HTTP/1.1
User-Agent: selenium/4.8.1 (java mac)
Content-Length: 50
Content-Type: application/json; charset=utf-8
host: localhost:41386
accept: */*

Response DefaultHttpResponse(decodeResult: success, version: HTTP/1.1)
HTTP/1.1 200 OK
Content-Length: 14
Content-Type: application/json; charset=utf-8
cache-control: no-cache

20:06:47.531 [AsyncHttpClient-1-8] DEBUG org.asynchttpclient.netty.channel.ChannelManager - Adding key: http://localhost:41386 for channel [id: 0x1c9547ae, L:/127.0.0.1:56262 - R:localhost/127.0.0.1:41386]
20:06:47.536 [Forwarding getAlertText on session 5e4105e4c8c1a4642acc5d9cf8595edf to remote] DEBUG org.asynchttpclient.netty.request.NettyRequestSender - Using pooled Channel '[id: 0x1c9547ae, L:/127.0.0.1:56262 - R:localhost/127.0.0.1:41386]' for 'GET' to 'http://localhost:41386/session/5e4105e4c8c1a4642acc5d9cf8595edf/alert/text'
20:06:47.536 [Forwarding getAlertText on session 5e4105e4c8c1a4642acc5d9cf8595edf to remote] DEBUG org.asynchttpclient.netty.request.NettyRequestSender - Using open Channel [id: 0x1c9547ae, L:/127.0.0.1:56262 - R:localhost/127.0.0.1:41386] for GET '/session/5e4105e4c8c1a4642acc5d9cf8595edf/alert/text'
20:06:47.538 [AsyncHttpClient-1-8] DEBUG org.asynchttpclient.netty.handler.HttpHandler - 

Request DefaultFullHttpRequest(decodeResult: success, version: HTTP/1.1, content: EmptyByteBufBE)
GET /session/5e4105e4c8c1a4642acc5d9cf8595edf/alert/text HTTP/1.1
User-Agent: selenium/4.8.1 (java mac)
Cache-Control: no-cache
Content-Type: application/json; charset=utf-8
host: localhost:41386
accept: */*

Response DefaultHttpResponse(decodeResult: success, version: HTTP/1.1)
HTTP/1.1 404 Not Found
Content-Length: 1763
Content-Type: application/json; charset=utf-8
cache-control: no-cache

20:06:47.538 [AsyncHttpClient-1-8] DEBUG org.asynchttpclient.netty.channel.ChannelManager - Adding key: http://localhost:41386 for channel [id: 0x1c9547ae, L:/127.0.0.1:56262 - R:localhost/127.0.0.1:41386]
20:06:47.541 [Forwarding getCurrentUrl on session 5e4105e4c8c1a4642acc5d9cf8595edf to remote] DEBUG org.asynchttpclient.netty.request.NettyRequestSender - Using pooled Channel '[id: 0x1c9547ae, L:/127.0.0.1:56262 - R:localhost/127.0.0.1:41386]' for 'GET' to 'http://localhost:41386/session/5e4105e4c8c1a4642acc5d9cf8595edf/url'
20:06:47.541 [Forwarding getCurrentUrl on session 5e4105e4c8c1a4642acc5d9cf8595edf to remote] DEBUG org.asynchttpclient.netty.request.NettyRequestSender - Using open Channel [id: 0x1c9547ae, L:/127.0.0.1:56262 - R:localhost/127.0.0.1:41386] for GET '/session/5e4105e4c8c1a4642acc5d9cf8595edf/url'
20:06:47.546 [AsyncHttpClient-1-8] DEBUG org.asynchttpclient.netty.handler.HttpHandler - 

Request DefaultFullHttpRequest(decodeResult: success, version: HTTP/1.1, content: EmptyByteBufBE)
GET /session/5e4105e4c8c1a4642acc5d9cf8595edf/url HTTP/1.1
User-Agent: selenium/4.8.1 (java mac)
Cache-Control: no-cache
Content-Type: application/json; charset=utf-8
host: localhost:41386
accept: */*

Response DefaultHttpResponse(decodeResult: success, version: HTTP/1.1)
HTTP/1.1 200 OK
Content-Length: 51
Content-Type: application/json; charset=utf-8
cache-control: no-cache

20:06:47.547 [AsyncHttpClient-1-8] DEBUG org.asynchttpclient.netty.channel.ChannelManager - Adding key: http://localhost:41386 for channel [id: 0x1c9547ae, L:/127.0.0.1:56262 - R:localhost/127.0.0.1:41386]
20:06:47.549 [Forwarding screenshot on session 5e4105e4c8c1a4642acc5d9cf8595edf to remote] DEBUG org.asynchttpclient.netty.request.NettyRequestSender - Using pooled Channel '[id: 0x1c9547ae, L:/127.0.0.1:56262 - R:localhost/127.0.0.1:41386]' for 'GET' to 'http://localhost:41386/session/5e4105e4c8c1a4642acc5d9cf8595edf/screenshot'
20:06:47.549 [Forwarding screenshot on session 5e4105e4c8c1a4642acc5d9cf8595edf to remote] DEBUG org.asynchttpclient.netty.request.NettyRequestSender - Using open Channel [id: 0x1c9547ae, L:/127.0.0.1:56262 - R:localhost/127.0.0.1:41386] for GET '/session/5e4105e4c8c1a4642acc5d9cf8595edf/screenshot'
20:06:48.550 [AsyncHttpClient-1-1] DEBUG org.asynchttpclient.netty.channel.DefaultChannelPool - Entry count for : http://localhost:56263 : 1
20:06:49.497 [AsyncHttpClient-1-8] DEBUG org.asynchttpclient.netty.handler.HttpHandler - 

Request DefaultFullHttpRequest(decodeResult: success, version: HTTP/1.1, content: EmptyByteBufBE)
GET /session/5e4105e4c8c1a4642acc5d9cf8595edf/screenshot HTTP/1.1
User-Agent: selenium/4.8.1 (java mac)
Cache-Control: no-cache
Content-Type: application/json; charset=utf-8
host: localhost:41386
accept: */*

Response DefaultHttpResponse(decodeResult: success, version: HTTP/1.1)
HTTP/1.1 200 OK
Content-Length: 54476
Content-Type: application/json; charset=utf-8
cache-control: no-cache

20:06:49.501 [AsyncHttpClient-1-8] DEBUG org.asynchttpclient.netty.channel.ChannelManager - Adding key: http://localhost:41386 for channel [id: 0x1c9547ae, L:/127.0.0.1:56262 - R:localhost/127.0.0.1:41386]
20:06:49.511 [main] DEBUG net.serenitybdd.core.photography.Darkroom - Send negative for processing for target/site/serenity/bfdb4eafa9efb816de1d52d35dd2daa5e615ceb8622ca79d51b9dafcbef94306.png
20:06:49.512 [Darkroom Processing Line] DEBUG net.serenitybdd.core.photography.DarkroomProcessingLine - Processing screenshot image in /var/screenshots/screenshot-4502800964467400683
20:06:49.512 [Darkroom Processing Line] DEBUG net.serenitybdd.core.photography.DarkroomProcessingLine - Saving screenshot to target/site/serenity/bfdb4eafa9efb816de1d52d35dd2daa5e615ceb8622ca79d51b9dafcbef94306.png
20:06:49.514 [main] DEBUG net.thucydides.core.steps.StepInterceptor - STEP DONE: clickButtonLogin
  &amp#27;[32mAnd &amp#27;[0m&amp#27;[32mI click login button to view all products categories1&amp#27;[0m       &amp#27;[90m# starter.stepdefinitions.viewGamingCategorySteps.doClickLoginButton()&amp#27;[0m
20:06:49.532 [Forwarding getPageSource on session 5e4105e4c8c1a4642acc5d9cf8595edf to remote] DEBUG org.asynchttpclient.netty.request.NettyRequestSender - Using pooled Channel '[id: 0x1c9547ae, L:/127.0.0.1:56262 - R:localhost/127.0.0.1:41386]' for 'POST' to 'http://localhost:41386/session/5e4105e4c8c1a4642acc5d9cf8595edf/execute/sync'
20:06:49.532 [Forwarding getPageSource on session 5e4105e4c8c1a4642acc5d9cf8595edf to remote] DEBUG org.asynchttpclient.netty.request.NettyRequestSender - Using open Channel [id: 0x1c9547ae, L:/127.0.0.1:56262 - R:localhost/127.0.0.1:41386] for POST '/session/5e4105e4c8c1a4642acc5d9cf8595edf/execute/sync'
20:06:49.650 [AsyncHttpClient-1-1] DEBUG org.asynchttpclient.netty.channel.DefaultChannelPool - Entry count for : http://localhost:56263 : 1
20:06:50.641 [AsyncHttpClient-1-8] DEBUG org.asynchttpclient.netty.handler.HttpHandler - 

Request DefaultHttpRequest(decodeResult: success, version: HTTP/1.1)
POST /session/5e4105e4c8c1a4642acc5d9cf8595edf/execute/sync HTTP/1.1
User-Agent: selenium/4.8.1 (java mac)
Content-Length: 176
Content-Type: application/json; charset=utf-8
host: localhost:41386
accept: */*

Response DefaultHttpResponse(decodeResult: success, version: HTTP/1.1)
HTTP/1.1 200 OK
Content-Length: 918839
Content-Type: application/json; charset=utf-8
cache-control: no-cache

20:06:50.642 [AsyncHttpClient-1-8] DEBUG org.asynchttpclient.netty.channel.ChannelManager - Adding key: http://localhost:41386 for channel [id: 0x1c9547ae, L:/127.0.0.1:56262 - R:localhost/127.0.0.1:41386]
20:06:50.749 [AsyncHttpClient-1-1] DEBUG org.asynchttpclient.netty.channel.DefaultChannelPool - Entry count for : http://localhost:56263 : 1
20:06:50.749 [AsyncHttpClient-1-1] DEBUG org.asynchttpclient.netty.channel.DefaultChannelPool - Entry count for : http://localhost:41386 : 1
20:06:50.757 [Forwarding getCurrentUrl on session 5e4105e4c8c1a4642acc5d9cf8595edf to remote] DEBUG org.asynchttpclient.netty.request.NettyRequestSender - Using pooled Channel '[id: 0x1c9547ae, L:/127.0.0.1:56262 - R:localhost/127.0.0.1:41386]' for 'GET' to 'http://localhost:41386/session/5e4105e4c8c1a4642acc5d9cf8595edf/url'
20:06:50.757 [Forwarding getCurrentUrl on session 5e4105e4c8c1a4642acc5d9cf8595edf to remote] DEBUG org.asynchttpclient.netty.request.NettyRequestSender - Using open Channel [id: 0x1c9547ae, L:/127.0.0.1:56262 - R:localhost/127.0.0.1:41386] for GET '/session/5e4105e4c8c1a4642acc5d9cf8595edf/url'
20:06:50.763 [AsyncHttpClient-1-8] DEBUG org.asynchttpclient.netty.handler.HttpHandler - 

Request DefaultFullHttpRequest(decodeResult: success, version: HTTP/1.1, content: EmptyByteBufBE)
GET /session/5e4105e4c8c1a4642acc5d9cf8595edf/url HTTP/1.1
User-Agent: selenium/4.8.1 (java mac)
Cache-Control: no-cache
Content-Type: application/json; charset=utf-8
host: localhost:41386
accept: */*

Response DefaultHttpResponse(decodeResult: success, version: HTTP/1.1)
HTTP/1.1 200 OK
Content-Length: 41
Content-Type: application/json; charset=utf-8
cache-control: no-cache

20:06:50.763 [AsyncHttpClient-1-8] DEBUG org.asynchttpclient.netty.channel.ChannelManager - Adding key: http://localhost:41386 for channel [id: 0x1c9547ae, L:/127.0.0.1:56262 - R:localhost/127.0.0.1:41386]
20:06:50.777 [Forwarding getAlertText on session 5e4105e4c8c1a4642acc5d9cf8595edf to remote] DEBUG org.asynchttpclient.netty.request.NettyRequestSender - Using pooled Channel '[id: 0x1c9547ae, L:/127.0.0.1:56262 - R:localhost/127.0.0.1:41386]' for 'GET' to 'http://localhost:41386/session/5e4105e4c8c1a4642acc5d9cf8595edf/alert/text'
20:06:50.777 [Forwarding getAlertText on session 5e4105e4c8c1a4642acc5d9cf8595edf to remote] DEBUG org.asynchttpclient.netty.request.NettyRequestSender - Using open Channel [id: 0x1c9547ae, L:/127.0.0.1:56262 - R:localhost/127.0.0.1:41386] for GET '/session/5e4105e4c8c1a4642acc5d9cf8595edf/alert/text'
20:06:50.780 [AsyncHttpClient-1-8] DEBUG org.asynchttpclient.netty.handler.HttpHandler - 

Request DefaultFullHttpRequest(decodeResult: success, version: HTTP/1.1, content: EmptyByteBufBE)
GET /session/5e4105e4c8c1a4642acc5d9cf8595edf/alert/text HTTP/1.1
User-Agent: selenium/4.8.1 (java mac)
Cache-Control: no-cache
Content-Type: application/json; charset=utf-8
host: localhost:41386
accept: */*

Response DefaultHttpResponse(decodeResult: success, version: HTTP/1.1)
HTTP/1.1 404 Not Found
Content-Length: 1763
Content-Type: application/json; charset=utf-8
cache-control: no-cache

20:06:50.780 [AsyncHttpClient-1-8] DEBUG org.asynchttpclient.netty.channel.ChannelManager - Adding key: http://localhost:41386 for channel [id: 0x1c9547ae, L:/127.0.0.1:56262 - R:localhost/127.0.0.1:41386]
20:06:50.782 [Forwarding getCurrentUrl on session 5e4105e4c8c1a4642acc5d9cf8595edf to remote] DEBUG org.asynchttpclient.netty.request.NettyRequestSender - Using pooled Channel '[id: 0x1c9547ae, L:/127.0.0.1:56262 - R:localhost/127.0.0.1:41386]' for 'GET' to 'http://localhost:41386/session/5e4105e4c8c1a4642acc5d9cf8595edf/url'
20:06:50.782 [Forwarding getCurrentUrl on session 5e4105e4c8c1a4642acc5d9cf8595edf to remote] DEBUG org.asynchttpclient.netty.request.NettyRequestSender - Using open Channel [id: 0x1c9547ae, L:/127.0.0.1:56262 - R:localhost/127.0.0.1:41386] for GET '/session/5e4105e4c8c1a4642acc5d9cf8595edf/url'
20:06:50.785 [AsyncHttpClient-1-8] DEBUG org.asynchttpclient.netty.handler.HttpHandler - 

Request DefaultFullHttpRequest(decodeResult: success, version: HTTP/1.1, content: EmptyByteBufBE)
GET /session/5e4105e4c8c1a4642acc5d9cf8595edf/url HTTP/1.1
User-Agent: selenium/4.8.1 (java mac)
Cache-Control: no-cache
Content-Type: application/json; charset=utf-8
host: localhost:41386
accept: */*

Response DefaultHttpResponse(decodeResult: success, version: HTTP/1.1)
HTTP/1.1 200 OK
Content-Length: 41
Content-Type: application/json; charset=utf-8
cache-control: no-cache

20:06:50.785 [AsyncHttpClient-1-8] DEBUG org.asynchttpclient.netty.channel.ChannelManager - Adding key: http://localhost:41386 for channel [id: 0x1c9547ae, L:/127.0.0.1:56262 - R:localhost/127.0.0.1:41386]
20:06:50.786 [Forwarding screenshot on session 5e4105e4c8c1a4642acc5d9cf8595edf to remote] DEBUG org.asynchttpclient.netty.request.NettyRequestSender - Using pooled Channel '[id: 0x1c9547ae, L:/127.0.0.1:56262 - R:localhost/127.0.0.1:41386]' for 'GET' to 'http://localhost:41386/session/5e4105e4c8c1a4642acc5d9cf8595edf/screenshot'
20:06:50.786 [Forwarding screenshot on session 5e4105e4c8c1a4642acc5d9cf8595edf to remote] DEBUG org.asynchttpclient.netty.request.NettyRequestSender - Using open Channel [id: 0x1c9547ae, L:/127.0.0.1:56262 - R:localhost/127.0.0.1:41386] for GET '/session/5e4105e4c8c1a4642acc5d9cf8595edf/screenshot'
20:06:50.995 [AsyncHttpClient-1-8] DEBUG org.asynchttpclient.netty.handler.HttpHandler - 

Request DefaultFullHttpRequest(decodeResult: success, version: HTTP/1.1, content: EmptyByteBufBE)
GET /session/5e4105e4c8c1a4642acc5d9cf8595edf/screenshot HTTP/1.1
User-Agent: selenium/4.8.1 (java mac)
Cache-Control: no-cache
Content-Type: application/json; charset=utf-8
host: localhost:41386
accept: */*

Response DefaultHttpResponse(decodeResult: success, version: HTTP/1.1)
HTTP/1.1 200 OK
Content-Length: 177572
Content-Type: application/json; charset=utf-8
cache-control: no-cache

20:06:50.996 [AsyncHttpClient-1-8] DEBUG org.asynchttpclient.netty.channel.ChannelManager - Adding key: http://localhost:41386 for channel [id: 0x1c9547ae, L:/127.0.0.1:56262 - R:localhost/127.0.0.1:41386]
20:06:51.003 [main] DEBUG net.serenitybdd.core.photography.Darkroom - Send negative for processing for target/site/serenity/3dc2add01fbf979aa5c91f7713f8a30a35189292b865859842ef6d71c2d6cc95.png
20:06:51.003 [Darkroom Processing Line] DEBUG net.serenitybdd.core.photography.DarkroomProcessingLine - Processing screenshot image in /var/screenshots/screenshot-4896535057595288035
20:06:51.004 [Darkroom Processing Line] DEBUG net.serenitybdd.core.photography.DarkroomProcessingLine - Saving screenshot to target/site/serenity/3dc2add01fbf979aa5c91f7713f8a30a35189292b865859842ef6d71c2d6cc95.png
20:06:51.008 [Forwarding getPageSource on session 5e4105e4c8c1a4642acc5d9cf8595edf to remote] DEBUG org.asynchttpclient.netty.request.NettyRequestSender - Using pooled Channel '[id: 0x1c9547ae, L:/127.0.0.1:56262 - R:localhost/127.0.0.1:41386]' for 'POST' to 'http://localhost:41386/session/5e4105e4c8c1a4642acc5d9cf8595edf/execute/sync'
20:06:51.008 [Forwarding getPageSource on session 5e4105e4c8c1a4642acc5d9cf8595edf to remote] DEBUG org.asynchttpclient.netty.request.NettyRequestSender - Using open Channel [id: 0x1c9547ae, L:/127.0.0.1:56262 - R:localhost/127.0.0.1:41386] for POST '/session/5e4105e4c8c1a4642acc5d9cf8595edf/execute/sync'
20:06:51.038 [AsyncHttpClient-1-8] DEBUG org.asynchttpclient.netty.handler.HttpHandler - 

Request DefaultHttpRequest(decodeResult: success, version: HTTP/1.1)
POST /session/5e4105e4c8c1a4642acc5d9cf8595edf/execute/sync HTTP/1.1
User-Agent: selenium/4.8.1 (java mac)
Content-Length: 176
Content-Type: application/json; charset=utf-8
host: localhost:41386
accept: */*

Response DefaultHttpResponse(decodeResult: success, version: HTTP/1.1)
HTTP/1.1 200 OK
Content-Length: 918839
Content-Type: application/json; charset=utf-8
cache-control: no-cache

20:06:51.040 [AsyncHttpClient-1-8] DEBUG org.asynchttpclient.netty.channel.ChannelManager - Adding key: http://localhost:41386 for channel [id: 0x1c9547ae, L:/127.0.0.1:56262 - R:localhost/127.0.0.1:41386]
20:06:51.171 [Forwarding getCurrentUrl on session 5e4105e4c8c1a4642acc5d9cf8595edf to remote] DEBUG org.asynchttpclient.netty.request.NettyRequestSender - Using pooled Channel '[id: 0x1c9547ae, L:/127.0.0.1:56262 - R:localhost/127.0.0.1:41386]' for 'GET' to 'http://localhost:41386/session/5e4105e4c8c1a4642acc5d9cf8595edf/url'
20:06:51.172 [Forwarding getCurrentUrl on session 5e4105e4c8c1a4642acc5d9cf8595edf to remote] DEBUG org.asynchttpclient.netty.request.NettyRequestSender - Using open Channel [id: 0x1c9547ae, L:/127.0.0.1:56262 - R:localhost/127.0.0.1:41386] for GET '/session/5e4105e4c8c1a4642acc5d9cf8595edf/url'
20:06:51.178 [AsyncHttpClient-1-8] DEBUG org.asynchttpclient.netty.handler.HttpHandler - 

Request DefaultFullHttpRequest(decodeResult: success, version: HTTP/1.1, content: EmptyByteBufBE)
GET /session/5e4105e4c8c1a4642acc5d9cf8595edf/url HTTP/1.1
User-Agent: selenium/4.8.1 (java mac)
Cache-Control: no-cache
Content-Type: application/json; charset=utf-8
host: localhost:41386
accept: */*

Response DefaultHttpResponse(decodeResult: success, version: HTTP/1.1)
HTTP/1.1 200 OK
Content-Length: 41
Content-Type: application/json; charset=utf-8
cache-control: no-cache

20:06:51.179 [AsyncHttpClient-1-8] DEBUG org.asynchttpclient.netty.channel.ChannelManager - Adding key: http://localhost:41386 for channel [id: 0x1c9547ae, L:/127.0.0.1:56262 - R:localhost/127.0.0.1:41386]
20:06:51.182 [main] DEBUG net.thucydides.core.steps.StepInterceptor - STARTING STEP: viewGamingCategorySteps.doClickTriangleCategoriesButton - clickTriangleCategoriesButton
20:06:51.187 [Forwarding findElement on session 5e4105e4c8c1a4642acc5d9cf8595edf to remote] DEBUG org.asynchttpclient.netty.request.NettyRequestSender - Using pooled Channel '[id: 0x1c9547ae, L:/127.0.0.1:56262 - R:localhost/127.0.0.1:41386]' for 'POST' to 'http://localhost:41386/session/5e4105e4c8c1a4642acc5d9cf8595edf/element'
20:06:51.187 [Forwarding findElement on session 5e4105e4c8c1a4642acc5d9cf8595edf to remote] DEBUG org.asynchttpclient.netty.request.NettyRequestSender - Using open Channel [id: 0x1c9547ae, L:/127.0.0.1:56262 - R:localhost/127.0.0.1:41386] for POST '/session/5e4105e4c8c1a4642acc5d9cf8595edf/element'
20:06:51.214 [AsyncHttpClient-1-8] DEBUG org.asynchttpclient.netty.handler.HttpHandler - 

Request DefaultHttpRequest(decodeResult: success, version: HTTP/1.1)
POST /session/5e4105e4c8c1a4642acc5d9cf8595edf/element HTTP/1.1
User-Agent: selenium/4.8.1 (java mac)
Content-Length: 110
Content-Type: application/json; charset=utf-8
host: localhost:41386
accept: */*

Response DefaultHttpResponse(decodeResult: success, version: HTTP/1.1)
HTTP/1.1 200 OK
Content-Length: 88
Content-Type: application/json; charset=utf-8
cache-control: no-cache

20:06:51.214 [AsyncHttpClient-1-8] DEBUG org.asynchttpclient.netty.channel.ChannelManager - Adding key: http://localhost:41386 for channel [id: 0x1c9547ae, L:/127.0.0.1:56262 - R:localhost/127.0.0.1:41386]
20:06:51.215 [Forwarding getElementTagName on session 5e4105e4c8c1a4642acc5d9cf8595edf to remote] DEBUG org.asynchttpclient.netty.request.NettyRequestSender - Using pooled Channel '[id: 0x1c9547ae, L:/127.0.0.1:56262 - R:localhost/127.0.0.1:41386]' for 'GET' to 'http://localhost:41386/session/5e4105e4c8c1a4642acc5d9cf8595edf/element/c140b3f2-f432-4669-8f32-5c5229840c1f/name'
20:06:51.216 [Forwarding getElementTagName on session 5e4105e4c8c1a4642acc5d9cf8595edf to remote] DEBUG org.asynchttpclient.netty.request.NettyRequestSender - Using open Channel [id: 0x1c9547ae, L:/127.0.0.1:56262 - R:localhost/127.0.0.1:41386] for GET '/session/5e4105e4c8c1a4642acc5d9cf8595edf/element/c140b3f2-f432-4669-8f32-5c5229840c1f/name'
20:06:51.218 [AsyncHttpClient-1-8] DEBUG org.asynchttpclient.netty.handler.HttpHandler - 

Request DefaultFullHttpRequest(decodeResult: success, version: HTTP/1.1, content: EmptyByteBufBE)
GET /session/5e4105e4c8c1a4642acc5d9cf8595edf/element/c140b3f2-f432-4669-8f32-5c5229840c1f/name HTTP/1.1
User-Agent: selenium/4.8.1 (java mac)
Cache-Control: no-cache
Content-Type: application/json; charset=utf-8
host: localhost:41386
accept: */*

Response DefaultHttpResponse(decodeResult: success, version: HTTP/1.1)
HTTP/1.1 200 OK
Content-Length: 13
Content-Type: application/json; charset=utf-8
cache-control: no-cache

20:06:51.219 [AsyncHttpClient-1-8] DEBUG org.asynchttpclient.netty.channel.ChannelManager - Adding key: http://localhost:41386 for channel [id: 0x1c9547ae, L:/127.0.0.1:56262 - R:localhost/127.0.0.1:41386]
20:06:51.221 [Forwarding getElementTagName on session 5e4105e4c8c1a4642acc5d9cf8595edf to remote] DEBUG org.asynchttpclient.netty.request.NettyRequestSender - Using pooled Channel '[id: 0x1c9547ae, L:/127.0.0.1:56262 - R:localhost/127.0.0.1:41386]' for 'GET' to 'http://localhost:41386/session/5e4105e4c8c1a4642acc5d9cf8595edf/element/c140b3f2-f432-4669-8f32-5c5229840c1f/name'
20:06:51.222 [Forwarding getElementTagName on session 5e4105e4c8c1a4642acc5d9cf8595edf to remote] DEBUG org.asynchttpclient.netty.request.NettyRequestSender - Using open Channel [id: 0x1c9547ae, L:/127.0.0.1:56262 - R:localhost/127.0.0.1:41386] for GET '/session/5e4105e4c8c1a4642acc5d9cf8595edf/element/c140b3f2-f432-4669-8f32-5c5229840c1f/name'
20:06:51.225 [AsyncHttpClient-1-8] DEBUG org.asynchttpclient.netty.handler.HttpHandler - 

Request DefaultFullHttpRequest(decodeResult: success, version: HTTP/1.1, content: EmptyByteBufBE)
GET /session/5e4105e4c8c1a4642acc5d9cf8595edf/element/c140b3f2-f432-4669-8f32-5c5229840c1f/name HTTP/1.1
User-Agent: selenium/4.8.1 (java mac)
Cache-Control: no-cache
Content-Type: application/json; charset=utf-8
host: localhost:41386
accept: */*

Response DefaultHttpResponse(decodeResult: success, version: HTTP/1.1)
HTTP/1.1 200 OK
Content-Length: 13
Content-Type: application/json; charset=utf-8
cache-control: no-cache

20:06:51.225 [AsyncHttpClient-1-8] DEBUG org.asynchttpclient.netty.channel.ChannelManager - Adding key: http://localhost:41386 for channel [id: 0x1c9547ae, L:/127.0.0.1:56262 - R:localhost/127.0.0.1:41386]
20:06:51.229 [Forwarding findElement on session 5e4105e4c8c1a4642acc5d9cf8595edf to remote] DEBUG org.asynchttpclient.netty.request.NettyRequestSender - Using pooled Channel '[id: 0x1c9547ae, L:/127.0.0.1:56262 - R:localhost/127.0.0.1:41386]' for 'POST' to 'http://localhost:41386/session/5e4105e4c8c1a4642acc5d9cf8595edf/element'
20:06:51.229 [Forwarding findElement on session 5e4105e4c8c1a4642acc5d9cf8595edf to remote] DEBUG org.asynchttpclient.netty.request.NettyRequestSender - Using open Channel [id: 0x1c9547ae, L:/127.0.0.1:56262 - R:localhost/127.0.0.1:41386] for POST '/session/5e4105e4c8c1a4642acc5d9cf8595edf/element'
20:06:51.236 [AsyncHttpClient-1-8] DEBUG org.asynchttpclient.netty.handler.HttpHandler - 

Request DefaultHttpRequest(decodeResult: success, version: HTTP/1.1)
POST /session/5e4105e4c8c1a4642acc5d9cf8595edf/element HTTP/1.1
User-Agent: selenium/4.8.1 (java mac)
Content-Length: 110
Content-Type: application/json; charset=utf-8
host: localhost:41386
accept: */*

Response DefaultHttpResponse(decodeResult: success, version: HTTP/1.1)
HTTP/1.1 200 OK
Content-Length: 88
Content-Type: application/json; charset=utf-8
cache-control: no-cache

20:06:51.236 [AsyncHttpClient-1-8] DEBUG org.asynchttpclient.netty.channel.ChannelManager - Adding key: http://localhost:41386 for channel [id: 0x1c9547ae, L:/127.0.0.1:56262 - R:localhost/127.0.0.1:41386]
20:06:51.238 [Forwarding clickElement on session 5e4105e4c8c1a4642acc5d9cf8595edf to remote] DEBUG org.asynchttpclient.netty.request.NettyRequestSender - Using pooled Channel '[id: 0x1c9547ae, L:/127.0.0.1:56262 - R:localhost/127.0.0.1:41386]' for 'POST' to 'http://localhost:41386/session/5e4105e4c8c1a4642acc5d9cf8595edf/element/c140b3f2-f432-4669-8f32-5c5229840c1f/click'
20:06:51.238 [Forwarding clickElement on session 5e4105e4c8c1a4642acc5d9cf8595edf to remote] DEBUG org.asynchttpclient.netty.request.NettyRequestSender - Using open Channel [id: 0x1c9547ae, L:/127.0.0.1:56262 - R:localhost/127.0.0.1:41386] for POST '/session/5e4105e4c8c1a4642acc5d9cf8595edf/element/c140b3f2-f432-4669-8f32-5c5229840c1f/click'
20:06:51.411 [AsyncHttpClient-1-8] DEBUG org.asynchttpclient.netty.handler.HttpHandler - 

Request DefaultHttpRequest(decodeResult: success, version: HTTP/1.1)
POST /session/5e4105e4c8c1a4642acc5d9cf8595edf/element/c140b3f2-f432-4669-8f32-5c5229840c1f/click HTTP/1.1
User-Agent: selenium/4.8.1 (java mac)
Content-Length: 50
Content-Type: application/json; charset=utf-8
host: localhost:41386
accept: */*

Response DefaultHttpResponse(decodeResult: success, version: HTTP/1.1)
HTTP/1.1 200 OK
Content-Length: 14
Content-Type: application/json; charset=utf-8
cache-control: no-cache

20:06:51.411 [AsyncHttpClient-1-8] DEBUG org.asynchttpclient.netty.channel.ChannelManager - Adding key: http://localhost:41386 for channel [id: 0x1c9547ae, L:/127.0.0.1:56262 - R:localhost/127.0.0.1:41386]
20:06:51.425 [Forwarding getAlertText on session 5e4105e4c8c1a4642acc5d9cf8595edf to remote] DEBUG org.asynchttpclient.netty.request.NettyRequestSender - Using pooled Channel '[id: 0x1c9547ae, L:/127.0.0.1:56262 - R:localhost/127.0.0.1:41386]' for 'GET' to 'http://localhost:41386/session/5e4105e4c8c1a4642acc5d9cf8595edf/alert/text'
20:06:51.425 [Forwarding getAlertText on session 5e4105e4c8c1a4642acc5d9cf8595edf to remote] DEBUG org.asynchttpclient.netty.request.NettyRequestSender - Using open Channel [id: 0x1c9547ae, L:/127.0.0.1:56262 - R:localhost/127.0.0.1:41386] for GET '/session/5e4105e4c8c1a4642acc5d9cf8595edf/alert/text'
20:06:51.444 [AsyncHttpClient-1-8] DEBUG org.asynchttpclient.netty.handler.HttpHandler - 

Request DefaultFullHttpRequest(decodeResult: success, version: HTTP/1.1, content: EmptyByteBufBE)
GET /session/5e4105e4c8c1a4642acc5d9cf8595edf/alert/text HTTP/1.1
User-Agent: selenium/4.8.1 (java mac)
Cache-Control: no-cache
Content-Type: application/json; charset=utf-8
host: localhost:41386
accept: */*

Response DefaultHttpResponse(decodeResult: success, version: HTTP/1.1)
HTTP/1.1 404 Not Found
Content-Length: 1763
Content-Type: application/json; charset=utf-8
cache-control: no-cache

20:06:51.444 [AsyncHttpClient-1-8] DEBUG org.asynchttpclient.netty.channel.ChannelManager - Adding key: http://localhost:41386 for channel [id: 0x1c9547ae, L:/127.0.0.1:56262 - R:localhost/127.0.0.1:41386]
20:06:51.448 [Forwarding getCurrentUrl on session 5e4105e4c8c1a4642acc5d9cf8595edf to remote] DEBUG org.asynchttpclient.netty.request.NettyRequestSender - Using pooled Channel '[id: 0x1c9547ae, L:/127.0.0.1:56262 - R:localhost/127.0.0.1:41386]' for 'GET' to 'http://localhost:41386/session/5e4105e4c8c1a4642acc5d9cf8595edf/url'
20:06:51.448 [Forwarding getCurrentUrl on session 5e4105e4c8c1a4642acc5d9cf8595edf to remote] DEBUG org.asynchttpclient.netty.request.NettyRequestSender - Using open Channel [id: 0x1c9547ae, L:/127.0.0.1:56262 - R:localhost/127.0.0.1:41386] for GET '/session/5e4105e4c8c1a4642acc5d9cf8595edf/url'
20:06:51.494 [AsyncHttpClient-1-8] DEBUG org.asynchttpclient.netty.handler.HttpHandler - 

Request DefaultFullHttpRequest(decodeResult: success, version: HTTP/1.1, content: EmptyByteBufBE)
GET /session/5e4105e4c8c1a4642acc5d9cf8595edf/url HTTP/1.1
User-Agent: selenium/4.8.1 (java mac)
Cache-Control: no-cache
Content-Type: application/json; charset=utf-8
host: localhost:41386
accept: */*

Response DefaultHttpResponse(decodeResult: success, version: HTTP/1.1)
HTTP/1.1 200 OK
Content-Length: 41
Content-Type: application/json; charset=utf-8
cache-control: no-cache

20:06:51.494 [AsyncHttpClient-1-8] DEBUG org.asynchttpclient.netty.channel.ChannelManager - Adding key: http://localhost:41386 for channel [id: 0x1c9547ae, L:/127.0.0.1:56262 - R:localhost/127.0.0.1:41386]
20:06:51.496 [Forwarding screenshot on session 5e4105e4c8c1a4642acc5d9cf8595edf to remote] DEBUG org.asynchttpclient.netty.request.NettyRequestSender - Using pooled Channel '[id: 0x1c9547ae, L:/127.0.0.1:56262 - R:localhost/127.0.0.1:41386]' for 'GET' to 'http://localhost:41386/session/5e4105e4c8c1a4642acc5d9cf8595edf/screenshot'
20:06:51.496 [Forwarding screenshot on session 5e4105e4c8c1a4642acc5d9cf8595edf to remote] DEBUG org.asynchttpclient.netty.request.NettyRequestSender - Using open Channel [id: 0x1c9547ae, L:/127.0.0.1:56262 - R:localhost/127.0.0.1:41386] for GET '/session/5e4105e4c8c1a4642acc5d9cf8595edf/screenshot'
20:06:51.737 [AsyncHttpClient-1-8] DEBUG org.asynchttpclient.netty.handler.HttpHandler - 

Request DefaultFullHttpRequest(decodeResult: success, version: HTTP/1.1, content: EmptyByteBufBE)
GET /session/5e4105e4c8c1a4642acc5d9cf8595edf/screenshot HTTP/1.1
User-Agent: selenium/4.8.1 (java mac)
Cache-Control: no-cache
Content-Type: application/json; charset=utf-8
host: localhost:41386
accept: */*

Response DefaultHttpResponse(decodeResult: success, version: HTTP/1.1)
HTTP/1.1 200 OK
Content-Length: 188748
Content-Type: application/json; charset=utf-8
cache-control: no-cache

20:06:51.738 [AsyncHttpClient-1-8] DEBUG org.asynchttpclient.netty.channel.ChannelManager - Adding key: http://localhost:41386 for channel [id: 0x1c9547ae, L:/127.0.0.1:56262 - R:localhost/127.0.0.1:41386]
20:06:51.747 [main] DEBUG net.serenitybdd.core.photography.Darkroom - Send negative for processing for target/site/serenity/9bcee62c2e319301cfc8927283e2ef8ccb50d127d3556a7771c77dd58605c5ce.png
20:06:51.747 [Darkroom Processing Line] DEBUG net.serenitybdd.core.photography.DarkroomProcessingLine - Processing screenshot image in /var/screenshots/screenshot-1974806651635922749
20:06:51.747 [Darkroom Processing Line] DEBUG net.serenitybdd.core.photography.DarkroomProcessingLine - Saving screenshot to target/site/serenity/9bcee62c2e319301cfc8927283e2ef8ccb50d127d3556a7771c77dd58605c5ce.png
20:06:51.750 [main] DEBUG net.thucydides.core.steps.StepInterceptor - STEP DONE: clickTriangleCategoriesButton
  &amp#27;[32mAnd &amp#27;[0m&amp#27;[32mI click Triangle button on products categories1&amp#27;[0m             &amp#27;[90m# starter.stepdefinitions.viewGamingCategorySteps.doClickTriangleCategoriesButton()&amp#27;[0m
20:06:51.759 [Forwarding getPageSource on session 5e4105e4c8c1a4642acc5d9cf8595edf to remote] DEBUG org.asynchttpclient.netty.request.NettyRequestSender - Using pooled Channel '[id: 0x1c9547ae, L:/127.0.0.1:56262 - R:localhost/127.0.0.1:41386]' for 'POST' to 'http://localhost:41386/session/5e4105e4c8c1a4642acc5d9cf8595edf/execute/sync'
20:06:51.759 [Forwarding getPageSource on session 5e4105e4c8c1a4642acc5d9cf8595edf to remote] DEBUG org.asynchttpclient.netty.request.NettyRequestSender - Using open Channel [id: 0x1c9547ae, L:/127.0.0.1:56262 - R:localhost/127.0.0.1:41386] for POST '/session/5e4105e4c8c1a4642acc5d9cf8595edf/execute/sync'
20:06:51.794 [AsyncHttpClient-1-8] DEBUG org.asynchttpclient.netty.handler.HttpHandler - 

Request DefaultHttpRequest(decodeResult: success, version: HTTP/1.1)
POST /session/5e4105e4c8c1a4642acc5d9cf8595edf/execute/sync HTTP/1.1
User-Agent: selenium/4.8.1 (java mac)
Content-Length: 176
Content-Type: application/json; charset=utf-8
host: localhost:41386
accept: */*

Response DefaultHttpResponse(decodeResult: success, version: HTTP/1.1)
HTTP/1.1 200 OK
Content-Length: 924452
Content-Type: application/json; charset=utf-8
cache-control: no-cache

20:06:51.797 [AsyncHttpClient-1-8] DEBUG org.asynchttpclient.netty.channel.ChannelManager - Adding key: http://localhost:41386 for channel [id: 0x1c9547ae, L:/127.0.0.1:56262 - R:localhost/127.0.0.1:41386]
20:06:51.849 [AsyncHttpClient-1-1] DEBUG org.asynchttpclient.netty.channel.DefaultChannelPool - Entry count for : http://localhost:56263 : 1
20:06:51.849 [AsyncHttpClient-1-1] DEBUG org.asynchttpclient.netty.channel.DefaultChannelPool - Entry count for : http://localhost:41386 : 1
20:06:51.908 [Forwarding getCurrentUrl on session 5e4105e4c8c1a4642acc5d9cf8595edf to remote] DEBUG org.asynchttpclient.netty.request.NettyRequestSender - Using pooled Channel '[id: 0x1c9547ae, L:/127.0.0.1:56262 - R:localhost/127.0.0.1:41386]' for 'GET' to 'http://localhost:41386/session/5e4105e4c8c1a4642acc5d9cf8595edf/url'
20:06:51.909 [Forwarding getCurrentUrl on session 5e4105e4c8c1a4642acc5d9cf8595edf to remote] DEBUG org.asynchttpclient.netty.request.NettyRequestSender - Using open Channel [id: 0x1c9547ae, L:/127.0.0.1:56262 - R:localhost/127.0.0.1:41386] for GET '/session/5e4105e4c8c1a4642acc5d9cf8595edf/url'
20:06:51.912 [AsyncHttpClient-1-8] DEBUG org.asynchttpclient.netty.handler.HttpHandler - 

Request DefaultFullHttpRequest(decodeResult: success, version: HTTP/1.1, content: EmptyByteBufBE)
GET /session/5e4105e4c8c1a4642acc5d9cf8595edf/url HTTP/1.1
User-Agent: selenium/4.8.1 (java mac)
Cache-Control: no-cache
Content-Type: application/json; charset=utf-8
host: localhost:41386
accept: */*

Response DefaultHttpResponse(decodeResult: success, version: HTTP/1.1)
HTTP/1.1 200 OK
Content-Length: 41
Content-Type: application/json; charset=utf-8
cache-control: no-cache

20:06:51.912 [AsyncHttpClient-1-8] DEBUG org.asynchttpclient.netty.channel.ChannelManager - Adding key: http://localhost:41386 for channel [id: 0x1c9547ae, L:/127.0.0.1:56262 - R:localhost/127.0.0.1:41386]
20:06:51.920 [Forwarding findElement on session 5e4105e4c8c1a4642acc5d9cf8595edf to remote] DEBUG org.asynchttpclient.netty.request.NettyRequestSender - Using pooled Channel '[id: 0x1c9547ae, L:/127.0.0.1:56262 - R:localhost/127.0.0.1:41386]' for 'POST' to 'http://localhost:41386/session/5e4105e4c8c1a4642acc5d9cf8595edf/element'
20:06:51.921 [Forwarding findElement on session 5e4105e4c8c1a4642acc5d9cf8595edf to remote] DEBUG org.asynchttpclient.netty.request.NettyRequestSender - Using open Channel [id: 0x1c9547ae, L:/127.0.0.1:56262 - R:localhost/127.0.0.1:41386] for POST '/session/5e4105e4c8c1a4642acc5d9cf8595edf/element'
20:06:51.925 [AsyncHttpClient-1-8] DEBUG org.asynchttpclient.netty.handler.HttpHandler - 

Request DefaultHttpRequest(decodeResult: success, version: HTTP/1.1)
POST /session/5e4105e4c8c1a4642acc5d9cf8595edf/element HTTP/1.1
User-Agent: selenium/4.8.1 (java mac)
Content-Length: 54
Content-Type: application/json; charset=utf-8
host: localhost:41386
accept: */*

Response DefaultHttpResponse(decodeResult: success, version: HTTP/1.1)
HTTP/1.1 200 OK
Content-Length: 88
Content-Type: application/json; charset=utf-8
cache-control: no-cache

20:06:51.926 [AsyncHttpClient-1-8] DEBUG org.asynchttpclient.netty.channel.ChannelManager - Adding key: http://localhost:41386 for channel [id: 0x1c9547ae, L:/127.0.0.1:56262 - R:localhost/127.0.0.1:41386]
20:06:51.929 [Forwarding isElementDisplayed on session 5e4105e4c8c1a4642acc5d9cf8595edf to remote] DEBUG org.asynchttpclient.netty.request.NettyRequestSender - Using pooled Channel '[id: 0x1c9547ae, L:/127.0.0.1:56262 - R:localhost/127.0.0.1:41386]' for 'POST' to 'http://localhost:41386/session/5e4105e4c8c1a4642acc5d9cf8595edf/execute/sync'
20:06:51.930 [Forwarding isElementDisplayed on session 5e4105e4c8c1a4642acc5d9cf8595edf to remote] DEBUG org.asynchttpclient.netty.request.NettyRequestSender - Using open Channel [id: 0x1c9547ae, L:/127.0.0.1:56262 - R:localhost/127.0.0.1:41386] for POST '/session/5e4105e4c8c1a4642acc5d9cf8595edf/execute/sync'
20:06:51.936 [AsyncHttpClient-1-8] DEBUG org.asynchttpclient.netty.handler.HttpHandler - 

Request DefaultHttpRequest(decodeResult: success, version: HTTP/1.1)
POST /session/5e4105e4c8c1a4642acc5d9cf8595edf/execute/sync HTTP/1.1
User-Agent: selenium/4.8.1 (java mac)
Content-Length: 48807
Content-Type: application/json; charset=utf-8
host: localhost:41386
accept: */*

Response DefaultHttpResponse(decodeResult: success, version: HTTP/1.1)
HTTP/1.1 200 OK
Content-Length: 14
Content-Type: application/json; charset=utf-8
cache-control: no-cache

20:06:51.937 [AsyncHttpClient-1-8] DEBUG org.asynchttpclient.netty.channel.ChannelManager - Adding key: http://localhost:41386 for channel [id: 0x1c9547ae, L:/127.0.0.1:56262 - R:localhost/127.0.0.1:41386]
  &amp#27;[32mAnd &amp#27;[0m&amp#27;[32mI choose gaming Categories1&amp#27;[0m                                 &amp#27;[90m# starter.stepdefinitions.viewGamingCategorySteps.doChooseGamingCategoryButton()&amp#27;[0m
20:06:51.942 [Forwarding getAlertText on session 5e4105e4c8c1a4642acc5d9cf8595edf to remote] DEBUG org.asynchttpclient.netty.request.NettyRequestSender - Using pooled Channel '[id: 0x1c9547ae, L:/127.0.0.1:56262 - R:localhost/127.0.0.1:41386]' for 'GET' to 'http://localhost:41386/session/5e4105e4c8c1a4642acc5d9cf8595edf/alert/text'
20:06:51.942 [Forwarding getAlertText on session 5e4105e4c8c1a4642acc5d9cf8595edf to remote] DEBUG org.asynchttpclient.netty.request.NettyRequestSender - Using open Channel [id: 0x1c9547ae, L:/127.0.0.1:56262 - R:localhost/127.0.0.1:41386] for GET '/session/5e4105e4c8c1a4642acc5d9cf8595edf/alert/text'
20:06:51.944 [AsyncHttpClient-1-8] DEBUG org.asynchttpclient.netty.handler.HttpHandler - 

Request DefaultFullHttpRequest(decodeResult: success, version: HTTP/1.1, content: EmptyByteBufBE)
GET /session/5e4105e4c8c1a4642acc5d9cf8595edf/alert/text HTTP/1.1
User-Agent: selenium/4.8.1 (java mac)
Cache-Control: no-cache
Content-Type: application/json; charset=utf-8
host: localhost:41386
accept: */*

Response DefaultHttpResponse(decodeResult: success, version: HTTP/1.1)
HTTP/1.1 404 Not Found
Content-Length: 1763
Content-Type: application/json; charset=utf-8
cache-control: no-cache

20:06:51.944 [AsyncHttpClient-1-8] DEBUG org.asynchttpclient.netty.channel.ChannelManager - Adding key: http://localhost:41386 for channel [id: 0x1c9547ae, L:/127.0.0.1:56262 - R:localhost/127.0.0.1:41386]
20:06:51.946 [Forwarding getCurrentUrl on session 5e4105e4c8c1a4642acc5d9cf8595edf to remote] DEBUG org.asynchttpclient.netty.request.NettyRequestSender - Using pooled Channel '[id: 0x1c9547ae, L:/127.0.0.1:56262 - R:localhost/127.0.0.1:41386]' for 'GET' to 'http://localhost:41386/session/5e4105e4c8c1a4642acc5d9cf8595edf/url'
20:06:51.946 [Forwarding getCurrentUrl on session 5e4105e4c8c1a4642acc5d9cf8595edf to remote] DEBUG org.asynchttpclient.netty.request.NettyRequestSender - Using open Channel [id: 0x1c9547ae, L:/127.0.0.1:56262 - R:localhost/127.0.0.1:41386] for GET '/session/5e4105e4c8c1a4642acc5d9cf8595edf/url'
20:06:51.948 [AsyncHttpClient-1-8] DEBUG org.asynchttpclient.netty.handler.HttpHandler - 

Request DefaultFullHttpRequest(decodeResult: success, version: HTTP/1.1, content: EmptyByteBufBE)
GET /session/5e4105e4c8c1a4642acc5d9cf8595edf/url HTTP/1.1
User-Agent: selenium/4.8.1 (java mac)
Cache-Control: no-cache
Content-Type: application/json; charset=utf-8
host: localhost:41386
accept: */*

Response DefaultHttpResponse(decodeResult: success, version: HTTP/1.1)
HTTP/1.1 200 OK
Content-Length: 41
Content-Type: application/json; charset=utf-8
cache-control: no-cache

20:06:51.948 [AsyncHttpClient-1-8] DEBUG org.asynchttpclient.netty.channel.ChannelManager - Adding key: http://localhost:41386 for channel [id: 0x1c9547ae, L:/127.0.0.1:56262 - R:localhost/127.0.0.1:41386]
20:06:51.951 [Forwarding screenshot on session 5e4105e4c8c1a4642acc5d9cf8595edf to remote] DEBUG org.asynchttpclient.netty.request.NettyRequestSender - Using pooled Channel '[id: 0x1c9547ae, L:/127.0.0.1:56262 - R:localhost/127.0.0.1:41386]' for 'GET' to 'http://localhost:41386/session/5e4105e4c8c1a4642acc5d9cf8595edf/screenshot'
20:06:51.951 [Forwarding screenshot on session 5e4105e4c8c1a4642acc5d9cf8595edf to remote] DEBUG org.asynchttpclient.netty.request.NettyRequestSender - Using open Channel [id: 0x1c9547ae, L:/127.0.0.1:56262 - R:localhost/127.0.0.1:41386] for GET '/session/5e4105e4c8c1a4642acc5d9cf8595edf/screenshot'
20:06:52.129 [AsyncHttpClient-1-8] DEBUG org.asynchttpclient.netty.handler.HttpHandler - 

Request DefaultFullHttpRequest(decodeResult: success, version: HTTP/1.1, content: EmptyByteBufBE)
GET /session/5e4105e4c8c1a4642acc5d9cf8595edf/screenshot HTTP/1.1
User-Agent: selenium/4.8.1 (java mac)
Cache-Control: no-cache
Content-Type: application/json; charset=utf-8
host: localhost:41386
accept: */*

Response DefaultHttpResponse(decodeResult: success, version: HTTP/1.1)
HTTP/1.1 200 OK
Content-Length: 145140
Content-Type: application/json; charset=utf-8
cache-control: no-cache

20:06:52.129 [AsyncHttpClient-1-8] DEBUG org.asynchttpclient.netty.channel.ChannelManager - Adding key: http://localhost:41386 for channel [id: 0x1c9547ae, L:/127.0.0.1:56262 - R:localhost/127.0.0.1:41386]
20:06:52.139 [main] DEBUG net.serenitybdd.core.photography.Darkroom - Send negative for processing for target/site/serenity/9be50cd92c4de1e2ff4bde56d81386543a425325afd6ca5254df8bd4ecbd8480.png
20:06:52.147 [Forwarding getPageSource on session 5e4105e4c8c1a4642acc5d9cf8595edf to remote] DEBUG org.asynchttpclient.netty.request.NettyRequestSender - Using pooled Channel '[id: 0x1c9547ae, L:/127.0.0.1:56262 - R:localhost/127.0.0.1:41386]' for 'POST' to 'http://localhost:41386/session/5e4105e4c8c1a4642acc5d9cf8595edf/execute/sync'
20:06:52.147 [Forwarding getPageSource on session 5e4105e4c8c1a4642acc5d9cf8595edf to remote] DEBUG org.asynchttpclient.netty.request.NettyRequestSender - Using open Channel [id: 0x1c9547ae, L:/127.0.0.1:56262 - R:localhost/127.0.0.1:41386] for POST '/session/5e4105e4c8c1a4642acc5d9cf8595edf/execute/sync'
20:06:52.177 [AsyncHttpClient-1-8] DEBUG org.asynchttpclient.netty.handler.HttpHandler - 

Request DefaultHttpRequest(decodeResult: success, version: HTTP/1.1)
POST /session/5e4105e4c8c1a4642acc5d9cf8595edf/execute/sync HTTP/1.1
User-Agent: selenium/4.8.1 (java mac)
Content-Length: 176
Content-Type: application/json; charset=utf-8
host: localhost:41386
accept: */*

Response DefaultHttpResponse(decodeResult: success, version: HTTP/1.1)
HTTP/1.1 200 OK
Content-Length: 924394
Content-Type: application/json; charset=utf-8
cache-control: no-cache

20:06:52.178 [AsyncHttpClient-1-8] DEBUG org.asynchttpclient.netty.channel.ChannelManager - Adding key: http://localhost:41386 for channel [id: 0x1c9547ae, L:/127.0.0.1:56262 - R:localhost/127.0.0.1:41386]
20:06:52.295 [Forwarding getCurrentUrl on session 5e4105e4c8c1a4642acc5d9cf8595edf to remote] DEBUG org.asynchttpclient.netty.request.NettyRequestSender - Using pooled Channel '[id: 0x1c9547ae, L:/127.0.0.1:56262 - R:localhost/127.0.0.1:41386]' for 'GET' to 'http://localhost:41386/session/5e4105e4c8c1a4642acc5d9cf8595edf/url'
20:06:52.295 [Forwarding getCurrentUrl on session 5e4105e4c8c1a4642acc5d9cf8595edf to remote] DEBUG org.asynchttpclient.netty.request.NettyRequestSender - Using open Channel [id: 0x1c9547ae, L:/127.0.0.1:56262 - R:localhost/127.0.0.1:41386] for GET '/session/5e4105e4c8c1a4642acc5d9cf8595edf/url'
20:06:52.298 [AsyncHttpClient-1-8] DEBUG org.asynchttpclient.netty.handler.HttpHandler - 

Request DefaultFullHttpRequest(decodeResult: success, version: HTTP/1.1, content: EmptyByteBufBE)
GET /session/5e4105e4c8c1a4642acc5d9cf8595edf/url HTTP/1.1
User-Agent: selenium/4.8.1 (java mac)
Cache-Control: no-cache
Content-Type: application/json; charset=utf-8
host: localhost:41386
accept: */*

Response DefaultHttpResponse(decodeResult: success, version: HTTP/1.1)
HTTP/1.1 200 OK
Content-Length: 41
Content-Type: application/json; charset=utf-8
cache-control: no-cache

20:06:52.298 [AsyncHttpClient-1-8] DEBUG org.asynchttpclient.netty.channel.ChannelManager - Adding key: http://localhost:41386 for channel [id: 0x1c9547ae, L:/127.0.0.1:56262 - R:localhost/127.0.0.1:41386]
20:06:52.308 [Forwarding findElement on session 5e4105e4c8c1a4642acc5d9cf8595edf to remote] DEBUG org.asynchttpclient.netty.request.NettyRequestSender - Using pooled Channel '[id: 0x1c9547ae, L:/127.0.0.1:56262 - R:localhost/127.0.0.1:41386]' for 'POST' to 'http://localhost:41386/session/5e4105e4c8c1a4642acc5d9cf8595edf/element'
20:06:52.308 [Forwarding findElement on session 5e4105e4c8c1a4642acc5d9cf8595edf to remote] DEBUG org.asynchttpclient.netty.request.NettyRequestSender - Using open Channel [id: 0x1c9547ae, L:/127.0.0.1:56262 - R:localhost/127.0.0.1:41386] for POST '/session/5e4105e4c8c1a4642acc5d9cf8595edf/element'
20:06:52.312 [AsyncHttpClient-1-8] DEBUG org.asynchttpclient.netty.handler.HttpHandler - 

Request DefaultHttpRequest(decodeResult: success, version: HTTP/1.1)
POST /session/5e4105e4c8c1a4642acc5d9cf8595edf/element HTTP/1.1
User-Agent: selenium/4.8.1 (java mac)
Content-Length: 54
Content-Type: application/json; charset=utf-8
host: localhost:41386
accept: */*

Response DefaultHttpResponse(decodeResult: success, version: HTTP/1.1)
HTTP/1.1 200 OK
Content-Length: 88
Content-Type: application/json; charset=utf-8
cache-control: no-cache

20:06:52.313 [AsyncHttpClient-1-8] DEBUG org.asynchttpclient.netty.channel.ChannelManager - Adding key: http://localhost:41386 for channel [id: 0x1c9547ae, L:/127.0.0.1:56262 - R:localhost/127.0.0.1:41386]
20:06:52.319 [Forwarding isElementDisplayed on session 5e4105e4c8c1a4642acc5d9cf8595edf to remote] DEBUG org.asynchttpclient.netty.request.NettyRequestSender - Using pooled Channel '[id: 0x1c9547ae, L:/127.0.0.1:56262 - R:localhost/127.0.0.1:41386]' for 'POST' to 'http://localhost:41386/session/5e4105e4c8c1a4642acc5d9cf8595edf/execute/sync'
20:06:52.319 [Forwarding isElementDisplayed on session 5e4105e4c8c1a4642acc5d9cf8595edf to remote] DEBUG org.asynchttpclient.netty.request.NettyRequestSender - Using open Channel [id: 0x1c9547ae, L:/127.0.0.1:56262 - R:localhost/127.0.0.1:41386] for POST '/session/5e4105e4c8c1a4642acc5d9cf8595edf/execute/sync'
20:06:52.327 [AsyncHttpClient-1-8] DEBUG org.asynchttpclient.netty.handler.HttpHandler - 

Request DefaultHttpRequest(decodeResult: success, version: HTTP/1.1)
POST /session/5e4105e4c8c1a4642acc5d9cf8595edf/execute/sync HTTP/1.1
User-Agent: selenium/4.8.1 (java mac)
Content-Length: 48807
Content-Type: application/json; charset=utf-8
host: localhost:41386
accept: */*

Response DefaultHttpResponse(decodeResult: success, version: HTTP/1.1)
HTTP/1.1 200 OK
Content-Length: 14
Content-Type: application/json; charset=utf-8
cache-control: no-cache

20:06:52.327 [AsyncHttpClient-1-8] DEBUG org.asynchttpclient.netty.channel.ChannelManager - Adding key: http://localhost:41386 for channel [id: 0x1c9547ae, L:/127.0.0.1:56262 - R:localhost/127.0.0.1:41386]
  &amp#27;[32mThen &amp#27;[0m&amp#27;[32mI can view gaming categories product1&amp#27;[0m                      &amp#27;[90m# starter.stepdefinitions.viewGamingCategorySteps.validateProductsCategoriesPage()&amp#27;[0m
20:06:52.338 [Forwarding getAlertText on session 5e4105e4c8c1a4642acc5d9cf8595edf to remote] DEBUG org.asynchttpclient.netty.request.NettyRequestSender - Using pooled Channel '[id: 0x1c9547ae, L:/127.0.0.1:56262 - R:localhost/127.0.0.1:41386]' for 'GET' to 'http://localhost:41386/session/5e4105e4c8c1a4642acc5d9cf8595edf/alert/text'
20:06:52.338 [Forwarding getAlertText on session 5e4105e4c8c1a4642acc5d9cf8595edf to remote] DEBUG org.asynchttpclient.netty.request.NettyRequestSender - Using open Channel [id: 0x1c9547ae, L:/127.0.0.1:56262 - R:localhost/127.0.0.1:41386] for GET '/session/5e4105e4c8c1a4642acc5d9cf8595edf/alert/text'
20:06:52.340 [AsyncHttpClient-1-8] DEBUG org.asynchttpclient.netty.handler.HttpHandler - 

Request DefaultFullHttpRequest(decodeResult: success, version: HTTP/1.1, content: EmptyByteBufBE)
GET /session/5e4105e4c8c1a4642acc5d9cf8595edf/alert/text HTTP/1.1
User-Agent: selenium/4.8.1 (java mac)
Cache-Control: no-cache
Content-Type: application/json; charset=utf-8
host: localhost:41386
accept: */*

Response DefaultHttpResponse(decodeResult: success, version: HTTP/1.1)
HTTP/1.1 404 Not Found
Content-Length: 1763
Content-Type: application/json; charset=utf-8
cache-control: no-cache

20:06:52.340 [AsyncHttpClient-1-8] DEBUG org.asynchttpclient.netty.channel.ChannelManager - Adding key: http://localhost:41386 for channel [id: 0x1c9547ae, L:/127.0.0.1:56262 - R:localhost/127.0.0.1:41386]
20:06:52.342 [Forwarding getCurrentUrl on session 5e4105e4c8c1a4642acc5d9cf8595edf to remote] DEBUG org.asynchttpclient.netty.request.NettyRequestSender - Using pooled Channel '[id: 0x1c9547ae, L:/127.0.0.1:56262 - R:localhost/127.0.0.1:41386]' for 'GET' to 'http://localhost:41386/session/5e4105e4c8c1a4642acc5d9cf8595edf/url'
20:06:52.343 [Forwarding getCurrentUrl on session 5e4105e4c8c1a4642acc5d9cf8595edf to remote] DEBUG org.asynchttpclient.netty.request.NettyRequestSender - Using open Channel [id: 0x1c9547ae, L:/127.0.0.1:56262 - R:localhost/127.0.0.1:41386] for GET '/session/5e4105e4c8c1a4642acc5d9cf8595edf/url'
20:06:52.349 [AsyncHttpClient-1-8] DEBUG org.asynchttpclient.netty.handler.HttpHandler - 

Request DefaultFullHttpRequest(decodeResult: success, version: HTTP/1.1, content: EmptyByteBufBE)
GET /session/5e4105e4c8c1a4642acc5d9cf8595edf/url HTTP/1.1
User-Agent: selenium/4.8.1 (java mac)
Cache-Control: no-cache
Content-Type: application/json; charset=utf-8
host: localhost:41386
accept: */*

Response DefaultHttpResponse(decodeResult: success, version: HTTP/1.1)
HTTP/1.1 200 OK
Content-Length: 41
Content-Type: application/json; charset=utf-8
cache-control: no-cache

20:06:52.352 [AsyncHttpClient-1-8] DEBUG org.asynchttpclient.netty.channel.ChannelManager - Adding key: http://localhost:41386 for channel [id: 0x1c9547ae, L:/127.0.0.1:56262 - R:localhost/127.0.0.1:41386]
20:06:52.356 [Forwarding screenshot on session 5e4105e4c8c1a4642acc5d9cf8595edf to remote] DEBUG org.asynchttpclient.netty.request.NettyRequestSender - Using pooled Channel '[id: 0x1c9547ae, L:/127.0.0.1:56262 - R:localhost/127.0.0.1:41386]' for 'GET' to 'http://localhost:41386/session/5e4105e4c8c1a4642acc5d9cf8595edf/screenshot'
20:06:52.356 [Forwarding screenshot on session 5e4105e4c8c1a4642acc5d9cf8595edf to remote] DEBUG org.asynchttpclient.netty.request.NettyRequestSender - Using open Channel [id: 0x1c9547ae, L:/127.0.0.1:56262 - R:localhost/127.0.0.1:41386] for GET '/session/5e4105e4c8c1a4642acc5d9cf8595edf/screenshot'
20:06:52.550 [AsyncHttpClient-1-8] DEBUG org.asynchttpclient.netty.handler.HttpHandler - 

Request DefaultFullHttpRequest(decodeResult: success, version: HTTP/1.1, content: EmptyByteBufBE)
GET /session/5e4105e4c8c1a4642acc5d9cf8595edf/screenshot HTTP/1.1
User-Agent: selenium/4.8.1 (java mac)
Cache-Control: no-cache
Content-Type: application/json; charset=utf-8
host: localhost:41386
accept: */*

Response DefaultHttpResponse(decodeResult: success, version: HTTP/1.1)
HTTP/1.1 200 OK
Content-Length: 145140
Content-Type: application/json; charset=utf-8
cache-control: no-cache

20:06:52.552 [AsyncHttpClient-1-8] DEBUG org.asynchttpclient.netty.channel.ChannelManager - Adding key: http://localhost:41386 for channel [id: 0x1c9547ae, L:/127.0.0.1:56262 - R:localhost/127.0.0.1:41386]
20:06:52.559 [main] DEBUG net.serenitybdd.core.photography.Darkroom - Send negative for processing for target/site/serenity/9be50cd92c4de1e2ff4bde56d81386543a425325afd6ca5254df8bd4ecbd8480.png
20:06:52.567 [main] INFO  - 
  _____   ___   ___   _____     ___     _     ___   ___   ___   ___  
 |_   _| | __| / __| |_   _|   | _ \   /_\   / __| / __| | __| |   \ 
   | |   | _|  \__ \   | |     |  _/  / _ \  \__ \ \__ \ | _|  | |) |
   |_|   |___| |___/   |_|     |_|   /_/ \_\ |___/ |___/ |___| |___/ 

As user, I can login and view products by categories
----------------------------------------------------------------------
20:06:52.578 [Driver Command Executor] DEBUG org.asynchttpclient.netty.request.NettyRequestSender - Using pooled Channel '[id: 0x1c9547ae, L:/127.0.0.1:56262 - R:localhost/127.0.0.1:41386]' for 'DELETE' to 'http://localhost:41386/session/5e4105e4c8c1a4642acc5d9cf8595edf'
20:06:52.578 [AsyncHttpClient-1-10] DEBUG org.asynchttpclient.netty.handler.WebSocketHandler - Channel Closed: [id: 0xbe53f2b3, L:/127.0.0.1:56269 ! R:localhost/127.0.0.1:56263] with attribute NettyResponseFuture{currentRetry=0,
	isDone=1,
	isCancelled=0,
	asyncHandler=org.asynchttpclient.ws.WebSocketUpgradeHandler@141bc798,
	nettyRequest=org.asynchttpclient.netty.request.NettyRequest@51195b7f,
	future=java.util.concurrent.CompletableFuture@529e2958[Completed normally],
	uri=ws://localhost:56263/devtools/browser/2b194426-b133-40a4-bec9-21608e15efbe,
	keepAlive=true,
	redirectCount=0,
	timeoutsHolder=null,
	inAuth=0,
	touch=1683637589941}
20:06:52.579 [Driver Command Executor] DEBUG org.asynchttpclient.netty.request.NettyRequestSender - Using open Channel [id: 0x1c9547ae, L:/127.0.0.1:56262 - R:localhost/127.0.0.1:41386] for DELETE '/session/5e4105e4c8c1a4642acc5d9cf8595edf'
20:06:52.579 [AsyncHttpClient-1-10] DEBUG org.asynchttpclient.netty.channel.ChannelManager - Closing Channel [id: 0xbe53f2b3, L:/127.0.0.1:56269 ! R:localhost/127.0.0.1:56263] 
20:06:52.599 [AsyncHttpClient-1-9] DEBUG org.asynchttpclient.netty.handler.HttpHandler - Channel Closed: [id: 0x82af6010, L:/127.0.0.1:56268 ! R:localhost/127.0.0.1:56263] with attribute DISCARD
20:06:52.636 [AsyncHttpClient-1-8] DEBUG org.asynchttpclient.netty.handler.HttpHandler - 

Request DefaultFullHttpRequest(decodeResult: success, version: HTTP/1.1, content: EmptyByteBufBE)
DELETE /session/5e4105e4c8c1a4642acc5d9cf8595edf HTTP/1.1
User-Agent: selenium/4.8.1 (java mac)
Content-Type: application/json; charset=utf-8
host: localhost:41386
accept: */*

Response DefaultHttpResponse(decodeResult: success, version: HTTP/1.1)
HTTP/1.1 200 OK
Content-Length: 14
Content-Type: application/json; charset=utf-8
cache-control: no-cache

20:06:52.641 [AsyncHttpClient-1-8] DEBUG org.asynchttpclient.netty.channel.ChannelManager - Adding key: http://localhost:41386 for channel [id: 0x1c9547ae, L:/127.0.0.1:56262 - R:localhost/127.0.0.1:41386]
20:06:52.666 [AsyncHttpClient-1-8] DEBUG org.asynchttpclient.netty.handler.HttpHandler - Channel Closed: [id: 0x1c9547ae, L:/127.0.0.1:56262 ! R:localhost/127.0.0.1:41386] with attribute DISCARD
]]></system-out>
    <system-err><![CDATA[Starting ChromeDriver 111.0.5563.64 (c710e93d5b63b7095afe8c2c17df34408078439d-refs/branch-heads/5563@{#995}) on port 41386
Only local connections are allowed.
Please see https://chromedriver.chromium.org/security-considerations for suggestions on keeping ChromeDriver safe.
ChromeDriver was started successfully.
[1683637588.979][WARNING]: This version of ChromeDriver has not been tested with Chrome version 112.
May 09, 2023 8:06:29 PM org.openqa.selenium.devtools.CdpVersionFinder findNearestMatch
WARNING: Unable to find an exact match for CDP version 112, so returning the closest version found: 110
]]></system-err>
  </testcase>
  <testcase name="As user, I can login and add products to my cart" classname="products #1" time="29.172">
    <system-out><![CDATA[
@products @buytoaddcart
Scenario: As user, I can login and add products to my cart &amp#27;[90m# src/test/resources/features/Products.feature:40&amp#27;[0m
20:06:52.780 [main] DEBUG io.cucumber.core.plugin.SerenityReporter - Running feature from file:///Users/masgilang/Downloads/test-automation-MinProWEB/src/test/resources/features/Products.feature
20:06:52.788 [main] INFO  - 
  _____   ___   ___   _____     ___   _____     _     ___   _____   ___   ___  
 |_   _| | __| / __| |_   _|   / __| |_   _|   /_\   | _ \ |_   _| | __| |   \ 
   | |   | _|  \__ \   | |     \__ \   | |    / _ \  |   /   | |   | _|  | |) |
   |_|   |___| |___/   |_|     |___/   |_|   /_/ \_\ |_|_\   |_|   |___| |___/ 

As user, I can login and add products to my cart(products;as-user--i-can-login-and-add-products-to-my-cart)
--------------------------------------------------------------------------------
20:06:52.915 [main] INFO net.serenitybdd.core.webdriver.driverproviders.ChromeDriverProvider - Starting Chrome driver instance with capabilities:
20:06:52.923 [main] INFO net.serenitybdd.core.webdriver.driverproviders.ChromeDriverProvider - Capabilities {acceptInsecureCerts: false, browserName: chrome, goog:chromeOptions: {args: [remote-allow-origins=*], extensions: []}}
20:06:52.951 [AsyncHttpClient-1-1] DEBUG org.asynchttpclient.netty.channel.DefaultChannelPool - Entry count for : http://localhost:56263 : 1
20:06:52.954 [AsyncHttpClient-1-1] DEBUG org.asynchttpclient.netty.channel.DefaultChannelPool - Entry count for : http://localhost:41386 : 1
20:06:52.955 [AsyncHttpClient-1-1] DEBUG org.asynchttpclient.netty.channel.DefaultChannelPool - Adding Candidate expired Channel [id: 0x82af6010, L:/127.0.0.1:56268 ! R:localhost/127.0.0.1:56263] isIdleTimeoutExpired=false isRemotelyClosed=true isTtlExpired=false
20:06:52.955 [AsyncHttpClient-1-1] DEBUG org.asynchttpclient.netty.channel.DefaultChannelPool - Closing Idle Channel [id: 0x82af6010, L:/127.0.0.1:56268 ! R:localhost/127.0.0.1:56263]
20:06:52.956 [AsyncHttpClient-1-1] DEBUG org.asynchttpclient.netty.channel.DefaultChannelPool - Adding Candidate expired Channel [id: 0x1c9547ae, L:/127.0.0.1:56262 ! R:localhost/127.0.0.1:41386] isIdleTimeoutExpired=false isRemotelyClosed=true isTtlExpired=false
20:06:52.956 [AsyncHttpClient-1-1] DEBUG org.asynchttpclient.netty.channel.DefaultChannelPool - Closing Idle Channel [id: 0x1c9547ae, L:/127.0.0.1:56262 ! R:localhost/127.0.0.1:41386]
20:06:52.956 [AsyncHttpClient-1-1] DEBUG org.asynchttpclient.netty.channel.DefaultChannelPool - Closed 2 connections out of 2 in 2 ms
20:06:53.189 [AsyncHttpClient-1-11] DEBUG org.asynchttpclient.netty.channel.NettyConnectListener - Using new Channel '[id: 0x023c0d64, L:/127.0.0.1:56283 - R:localhost/127.0.0.1:43153]' for 'POST' to '/session'
20:06:58.912 [AsyncHttpClient-1-11] DEBUG org.asynchttpclient.netty.handler.HttpHandler - 

Request DefaultHttpRequest(decodeResult: success, version: HTTP/1.1)
POST /session HTTP/1.1
User-Agent: selenium/4.8.1 (java mac)
Content-Length: 507
Content-Type: application/json; charset=utf-8
host: localhost:43153
accept: */*

Response DefaultHttpResponse(decodeResult: success, version: HTTP/1.1)
HTTP/1.1 200 OK
Content-Length: 869
Content-Type: application/json; charset=utf-8
cache-control: no-cache

20:06:58.932 [AsyncHttpClient-1-11] DEBUG org.asynchttpclient.netty.channel.ChannelManager - Adding key: http://localhost:43153 for channel [id: 0x023c0d64, L:/127.0.0.1:56283 - R:localhost/127.0.0.1:43153]
20:06:59.037 [AsyncHttpClient-1-12] DEBUG org.asynchttpclient.netty.channel.NettyConnectListener - Using new Channel '[id: 0xb19f92ce, L:/127.0.0.1:56289 - R:localhost/127.0.0.1:56284]' for 'GET' to '/json/version'
20:06:59.041 [AsyncHttpClient-1-12] DEBUG org.asynchttpclient.netty.handler.HttpHandler - 

Request DefaultFullHttpRequest(decodeResult: success, version: HTTP/1.1, content: EmptyByteBufBE)
GET /json/version HTTP/1.1
User-Agent: selenium/4.8.1 (java mac)
host: localhost:56284
accept: */*

Response DefaultHttpResponse(decodeResult: success, version: HTTP/1.1)
HTTP/1.1 200 OK
Content-Security-Policy: frame-ancestors 'none'
Content-Length: 422
Content-Type: application/json; charset=UTF-8

20:06:59.042 [AsyncHttpClient-1-12] DEBUG org.asynchttpclient.netty.channel.ChannelManager - Adding key: http://localhost:56284 for channel [id: 0xb19f92ce, L:/127.0.0.1:56289 - R:localhost/127.0.0.1:56284]
20:06:59.057 [AsyncHttpClient-1-13] DEBUG org.asynchttpclient.netty.channel.NettyConnectListener - Using new Channel '[id: 0xfba20a7c, L:/127.0.0.1:56290 - R:localhost/127.0.0.1:56284]' for 'GET' to '/devtools/browser/ee96f3c6-dc87-46cd-9e0e-d8563f4ca3ee'
20:06:59.064 [AsyncHttpClient-1-13] DEBUG org.asynchttpclient.netty.handler.WebSocketHandler - 

Request DefaultFullHttpRequest(decodeResult: success, version: HTTP/1.1, content: EmptyByteBufBE)
GET /devtools/browser/ee96f3c6-dc87-46cd-9e0e-d8563f4ca3ee HTTP/1.1
upgrade: websocket
connection: upgrade
sec-websocket-key: 3BbWQGnZrQSPkUAgcN4XUQ==
sec-websocket-version: 13
origin: http://localhost:56284
host: localhost:56284
accept: */*
user-agent: AHC/2.1

Response DefaultHttpResponse(decodeResult: success, version: HTTP/1.1)
HTTP/1.1 101 WebSocket Protocol Handshake
Upgrade: WebSocket
Connection: Upgrade
Sec-WebSocket-Accept: JhC43Qe65QsQsWBeIWyXwe/x2OA=

20:06:59.099 [Forwarding get on session 6c6824321f37d23c92d1d2b851be6e7b to remote] DEBUG org.asynchttpclient.netty.request.NettyRequestSender - Using pooled Channel '[id: 0x023c0d64, L:/127.0.0.1:56283 - R:localhost/127.0.0.1:43153]' for 'POST' to 'http://localhost:43153/session/6c6824321f37d23c92d1d2b851be6e7b/url'
20:06:59.100 [Forwarding get on session 6c6824321f37d23c92d1d2b851be6e7b to remote] DEBUG org.asynchttpclient.netty.request.NettyRequestSender - Using open Channel [id: 0x023c0d64, L:/127.0.0.1:56283 - R:localhost/127.0.0.1:43153] for POST '/session/6c6824321f37d23c92d1d2b851be6e7b/url'
20:06:59.547 [AsyncHttpClient-1-1] DEBUG org.asynchttpclient.netty.channel.DefaultChannelPool - Entry count for : http://localhost:56284 : 1
20:07:00.655 [AsyncHttpClient-1-1] DEBUG org.asynchttpclient.netty.channel.DefaultChannelPool - Entry count for : http://localhost:56284 : 1
20:07:01.747 [AsyncHttpClient-1-1] DEBUG org.asynchttpclient.netty.channel.DefaultChannelPool - Entry count for : http://localhost:56284 : 1
20:07:02.850 [AsyncHttpClient-1-1] DEBUG org.asynchttpclient.netty.channel.DefaultChannelPool - Entry count for : http://localhost:56284 : 1
20:07:03.946 [AsyncHttpClient-1-1] DEBUG org.asynchttpclient.netty.channel.DefaultChannelPool - Entry count for : http://localhost:56284 : 1
20:07:05.051 [AsyncHttpClient-1-1] DEBUG org.asynchttpclient.netty.channel.DefaultChannelPool - Entry count for : http://localhost:56284 : 1
20:07:06.151 [AsyncHttpClient-1-1] DEBUG org.asynchttpclient.netty.channel.DefaultChannelPool - Entry count for : http://localhost:56284 : 1
20:07:07.250 [AsyncHttpClient-1-1] DEBUG org.asynchttpclient.netty.channel.DefaultChannelPool - Entry count for : http://localhost:56284 : 1
20:07:08.346 [AsyncHttpClient-1-1] DEBUG org.asynchttpclient.netty.channel.DefaultChannelPool - Entry count for : http://localhost:56284 : 1
20:07:09.450 [AsyncHttpClient-1-1] DEBUG org.asynchttpclient.netty.channel.DefaultChannelPool - Entry count for : http://localhost:56284 : 1
20:07:10.550 [AsyncHttpClient-1-1] DEBUG org.asynchttpclient.netty.channel.DefaultChannelPool - Entry count for : http://localhost:56284 : 1
20:07:11.132 [AsyncHttpClient-1-11] DEBUG org.asynchttpclient.netty.handler.HttpHandler - 

Request DefaultHttpRequest(decodeResult: success, version: HTTP/1.1)
POST /session/6c6824321f37d23c92d1d2b851be6e7b/url HTTP/1.1
User-Agent: selenium/4.8.1 (java mac)
Content-Length: 53
Content-Type: application/json; charset=utf-8
host: localhost:43153
accept: */*

Response DefaultHttpResponse(decodeResult: success, version: HTTP/1.1)
HTTP/1.1 200 OK
Content-Length: 14
Content-Type: application/json; charset=utf-8
cache-control: no-cache

20:07:11.136 [AsyncHttpClient-1-11] DEBUG org.asynchttpclient.netty.channel.ChannelManager - Adding key: http://localhost:43153 for channel [id: 0x023c0d64, L:/127.0.0.1:56283 - R:localhost/127.0.0.1:43153]
20:07:11.162 [Forwarding setTimeout on session 6c6824321f37d23c92d1d2b851be6e7b to remote] DEBUG org.asynchttpclient.netty.request.NettyRequestSender - Using pooled Channel '[id: 0x023c0d64, L:/127.0.0.1:56283 - R:localhost/127.0.0.1:43153]' for 'POST' to 'http://localhost:43153/session/6c6824321f37d23c92d1d2b851be6e7b/timeouts'
20:07:11.162 [Forwarding setTimeout on session 6c6824321f37d23c92d1d2b851be6e7b to remote] DEBUG org.asynchttpclient.netty.request.NettyRequestSender - Using open Channel [id: 0x023c0d64, L:/127.0.0.1:56283 - R:localhost/127.0.0.1:43153] for POST '/session/6c6824321f37d23c92d1d2b851be6e7b/timeouts'
20:07:11.177 [AsyncHttpClient-1-11] DEBUG org.asynchttpclient.netty.handler.HttpHandler - 

Request DefaultHttpRequest(decodeResult: success, version: HTTP/1.1)
POST /session/6c6824321f37d23c92d1d2b851be6e7b/timeouts HTTP/1.1
User-Agent: selenium/4.8.1 (java mac)
Content-Length: 22
Content-Type: application/json; charset=utf-8
host: localhost:43153
accept: */*

Response DefaultHttpResponse(decodeResult: success, version: HTTP/1.1)
HTTP/1.1 200 OK
Content-Length: 14
Content-Type: application/json; charset=utf-8
cache-control: no-cache

20:07:11.177 [AsyncHttpClient-1-11] DEBUG org.asynchttpclient.netty.channel.ChannelManager - Adding key: http://localhost:43153 for channel [id: 0x023c0d64, L:/127.0.0.1:56283 - R:localhost/127.0.0.1:43153]
20:07:11.210 [Forwarding getAlertText on session 6c6824321f37d23c92d1d2b851be6e7b to remote] DEBUG org.asynchttpclient.netty.request.NettyRequestSender - Using pooled Channel '[id: 0x023c0d64, L:/127.0.0.1:56283 - R:localhost/127.0.0.1:43153]' for 'GET' to 'http://localhost:43153/session/6c6824321f37d23c92d1d2b851be6e7b/alert/text'
20:07:11.210 [Forwarding getAlertText on session 6c6824321f37d23c92d1d2b851be6e7b to remote] DEBUG org.asynchttpclient.netty.request.NettyRequestSender - Using open Channel [id: 0x023c0d64, L:/127.0.0.1:56283 - R:localhost/127.0.0.1:43153] for GET '/session/6c6824321f37d23c92d1d2b851be6e7b/alert/text'
20:07:11.213 [AsyncHttpClient-1-11] DEBUG org.asynchttpclient.netty.handler.HttpHandler - 

Request DefaultFullHttpRequest(decodeResult: success, version: HTTP/1.1, content: EmptyByteBufBE)
GET /session/6c6824321f37d23c92d1d2b851be6e7b/alert/text HTTP/1.1
User-Agent: selenium/4.8.1 (java mac)
Cache-Control: no-cache
Content-Type: application/json; charset=utf-8
host: localhost:43153
accept: */*

Response DefaultHttpResponse(decodeResult: success, version: HTTP/1.1)
HTTP/1.1 404 Not Found
Content-Length: 1763
Content-Type: application/json; charset=utf-8
cache-control: no-cache

20:07:11.214 [AsyncHttpClient-1-11] DEBUG org.asynchttpclient.netty.channel.ChannelManager - Adding key: http://localhost:43153 for channel [id: 0x023c0d64, L:/127.0.0.1:56283 - R:localhost/127.0.0.1:43153]
20:07:11.217 [Forwarding getCurrentUrl on session 6c6824321f37d23c92d1d2b851be6e7b to remote] DEBUG org.asynchttpclient.netty.request.NettyRequestSender - Using pooled Channel '[id: 0x023c0d64, L:/127.0.0.1:56283 - R:localhost/127.0.0.1:43153]' for 'GET' to 'http://localhost:43153/session/6c6824321f37d23c92d1d2b851be6e7b/url'
20:07:11.217 [Forwarding getCurrentUrl on session 6c6824321f37d23c92d1d2b851be6e7b to remote] DEBUG org.asynchttpclient.netty.request.NettyRequestSender - Using open Channel [id: 0x023c0d64, L:/127.0.0.1:56283 - R:localhost/127.0.0.1:43153] for GET '/session/6c6824321f37d23c92d1d2b851be6e7b/url'
20:07:11.256 [AsyncHttpClient-1-11] DEBUG org.asynchttpclient.netty.handler.HttpHandler - 

Request DefaultFullHttpRequest(decodeResult: success, version: HTTP/1.1, content: EmptyByteBufBE)
GET /session/6c6824321f37d23c92d1d2b851be6e7b/url HTTP/1.1
User-Agent: selenium/4.8.1 (java mac)
Cache-Control: no-cache
Content-Type: application/json; charset=utf-8
host: localhost:43153
accept: */*

Response DefaultHttpResponse(decodeResult: success, version: HTTP/1.1)
HTTP/1.1 200 OK
Content-Length: 41
Content-Type: application/json; charset=utf-8
cache-control: no-cache

20:07:11.256 [AsyncHttpClient-1-11] DEBUG org.asynchttpclient.netty.channel.ChannelManager - Adding key: http://localhost:43153 for channel [id: 0x023c0d64, L:/127.0.0.1:56283 - R:localhost/127.0.0.1:43153]
20:07:11.257 [Forwarding screenshot on session 6c6824321f37d23c92d1d2b851be6e7b to remote] DEBUG org.asynchttpclient.netty.request.NettyRequestSender - Using pooled Channel '[id: 0x023c0d64, L:/127.0.0.1:56283 - R:localhost/127.0.0.1:43153]' for 'GET' to 'http://localhost:43153/session/6c6824321f37d23c92d1d2b851be6e7b/screenshot'
20:07:11.257 [Forwarding screenshot on session 6c6824321f37d23c92d1d2b851be6e7b to remote] DEBUG org.asynchttpclient.netty.request.NettyRequestSender - Using open Channel [id: 0x023c0d64, L:/127.0.0.1:56283 - R:localhost/127.0.0.1:43153] for GET '/session/6c6824321f37d23c92d1d2b851be6e7b/screenshot'
20:07:11.461 [AsyncHttpClient-1-11] DEBUG org.asynchttpclient.netty.handler.HttpHandler - 

Request DefaultFullHttpRequest(decodeResult: success, version: HTTP/1.1, content: EmptyByteBufBE)
GET /session/6c6824321f37d23c92d1d2b851be6e7b/screenshot HTTP/1.1
User-Agent: selenium/4.8.1 (java mac)
Cache-Control: no-cache
Content-Type: application/json; charset=utf-8
host: localhost:43153
accept: */*

Response DefaultHttpResponse(decodeResult: success, version: HTTP/1.1)
HTTP/1.1 200 OK
Content-Length: 176288
Content-Type: application/json; charset=utf-8
cache-control: no-cache

20:07:11.463 [AsyncHttpClient-1-11] DEBUG org.asynchttpclient.netty.channel.ChannelManager - Adding key: http://localhost:43153 for channel [id: 0x023c0d64, L:/127.0.0.1:56283 - R:localhost/127.0.0.1:43153]
20:07:11.476 [main] DEBUG net.serenitybdd.core.photography.Darkroom - Send negative for processing for target/site/serenity/62e880ea594c5605ab57320c1af36392b86605e3995980385501369639630060.png
20:07:11.479 [Forwarding getPageSource on session 6c6824321f37d23c92d1d2b851be6e7b to remote] DEBUG org.asynchttpclient.netty.request.NettyRequestSender - Using pooled Channel '[id: 0x023c0d64, L:/127.0.0.1:56283 - R:localhost/127.0.0.1:43153]' for 'POST' to 'http://localhost:43153/session/6c6824321f37d23c92d1d2b851be6e7b/execute/sync'
20:07:11.479 [Forwarding getPageSource on session 6c6824321f37d23c92d1d2b851be6e7b to remote] DEBUG org.asynchttpclient.netty.request.NettyRequestSender - Using open Channel [id: 0x023c0d64, L:/127.0.0.1:56283 - R:localhost/127.0.0.1:43153] for POST '/session/6c6824321f37d23c92d1d2b851be6e7b/execute/sync'
20:07:11.547 [AsyncHttpClient-1-11] DEBUG org.asynchttpclient.netty.handler.HttpHandler - 

Request DefaultHttpRequest(decodeResult: success, version: HTTP/1.1)
POST /session/6c6824321f37d23c92d1d2b851be6e7b/execute/sync HTTP/1.1
User-Agent: selenium/4.8.1 (java mac)
Content-Length: 176
Content-Type: application/json; charset=utf-8
host: localhost:43153
accept: */*

Response DefaultHttpResponse(decodeResult: success, version: HTTP/1.1)
HTTP/1.1 200 OK
Content-Length: 918569
Content-Type: application/json; charset=utf-8
cache-control: no-cache

20:07:11.554 [AsyncHttpClient-1-11] DEBUG org.asynchttpclient.netty.channel.ChannelManager - Adding key: http://localhost:43153 for channel [id: 0x023c0d64, L:/127.0.0.1:56283 - R:localhost/127.0.0.1:43153]
20:07:11.651 [AsyncHttpClient-1-1] DEBUG org.asynchttpclient.netty.channel.DefaultChannelPool - Entry count for : http://localhost:43153 : 1
20:07:11.651 [AsyncHttpClient-1-1] DEBUG org.asynchttpclient.netty.channel.DefaultChannelPool - Entry count for : http://localhost:56284 : 1
20:07:11.665 [Forwarding getCurrentUrl on session 6c6824321f37d23c92d1d2b851be6e7b to remote] DEBUG org.asynchttpclient.netty.request.NettyRequestSender - Using pooled Channel '[id: 0x023c0d64, L:/127.0.0.1:56283 - R:localhost/127.0.0.1:43153]' for 'GET' to 'http://localhost:43153/session/6c6824321f37d23c92d1d2b851be6e7b/url'
20:07:11.665 [Forwarding getCurrentUrl on session 6c6824321f37d23c92d1d2b851be6e7b to remote] DEBUG org.asynchttpclient.netty.request.NettyRequestSender - Using open Channel [id: 0x023c0d64, L:/127.0.0.1:56283 - R:localhost/127.0.0.1:43153] for GET '/session/6c6824321f37d23c92d1d2b851be6e7b/url'
20:07:11.668 [AsyncHttpClient-1-11] DEBUG org.asynchttpclient.netty.handler.HttpHandler - 

Request DefaultFullHttpRequest(decodeResult: success, version: HTTP/1.1, content: EmptyByteBufBE)
GET /session/6c6824321f37d23c92d1d2b851be6e7b/url HTTP/1.1
User-Agent: selenium/4.8.1 (java mac)
Cache-Control: no-cache
Content-Type: application/json; charset=utf-8
host: localhost:43153
accept: */*

Response DefaultHttpResponse(decodeResult: success, version: HTTP/1.1)
HTTP/1.1 200 OK
Content-Length: 41
Content-Type: application/json; charset=utf-8
cache-control: no-cache

20:07:11.668 [AsyncHttpClient-1-11] DEBUG org.asynchttpclient.netty.channel.ChannelManager - Adding key: http://localhost:43153 for channel [id: 0x023c0d64, L:/127.0.0.1:56283 - R:localhost/127.0.0.1:43153]
20:07:11.673 [main] DEBUG net.thucydides.core.steps.StepInterceptor - STARTING STEP: buyToAddCartSteps.openTheHomePage - openTheHomePage
20:07:11.676 [Forwarding findElement on session 6c6824321f37d23c92d1d2b851be6e7b to remote] DEBUG org.asynchttpclient.netty.request.NettyRequestSender - Using pooled Channel '[id: 0x023c0d64, L:/127.0.0.1:56283 - R:localhost/127.0.0.1:43153]' for 'POST' to 'http://localhost:43153/session/6c6824321f37d23c92d1d2b851be6e7b/element'
20:07:11.676 [Forwarding findElement on session 6c6824321f37d23c92d1d2b851be6e7b to remote] DEBUG org.asynchttpclient.netty.request.NettyRequestSender - Using open Channel [id: 0x023c0d64, L:/127.0.0.1:56283 - R:localhost/127.0.0.1:43153] for POST '/session/6c6824321f37d23c92d1d2b851be6e7b/element'
20:07:11.742 [AsyncHttpClient-1-11] DEBUG org.asynchttpclient.netty.handler.HttpHandler - 

Request DefaultHttpRequest(decodeResult: success, version: HTTP/1.1)
POST /session/6c6824321f37d23c92d1d2b851be6e7b/element HTTP/1.1
User-Agent: selenium/4.8.1 (java mac)
Content-Length: 54
Content-Type: application/json; charset=utf-8
host: localhost:43153
accept: */*

Response DefaultHttpResponse(decodeResult: success, version: HTTP/1.1)
HTTP/1.1 200 OK
Content-Length: 88
Content-Type: application/json; charset=utf-8
cache-control: no-cache

20:07:11.743 [AsyncHttpClient-1-11] DEBUG org.asynchttpclient.netty.channel.ChannelManager - Adding key: http://localhost:43153 for channel [id: 0x023c0d64, L:/127.0.0.1:56283 - R:localhost/127.0.0.1:43153]
20:07:11.749 [Forwarding isElementDisplayed on session 6c6824321f37d23c92d1d2b851be6e7b to remote] DEBUG org.asynchttpclient.netty.request.NettyRequestSender - Using pooled Channel '[id: 0x023c0d64, L:/127.0.0.1:56283 - R:localhost/127.0.0.1:43153]' for 'POST' to 'http://localhost:43153/session/6c6824321f37d23c92d1d2b851be6e7b/execute/sync'
20:07:11.749 [Forwarding isElementDisplayed on session 6c6824321f37d23c92d1d2b851be6e7b to remote] DEBUG org.asynchttpclient.netty.request.NettyRequestSender - Using open Channel [id: 0x023c0d64, L:/127.0.0.1:56283 - R:localhost/127.0.0.1:43153] for POST '/session/6c6824321f37d23c92d1d2b851be6e7b/execute/sync'
20:07:11.773 [AsyncHttpClient-1-11] DEBUG org.asynchttpclient.netty.handler.HttpHandler - 

Request DefaultHttpRequest(decodeResult: success, version: HTTP/1.1)
POST /session/6c6824321f37d23c92d1d2b851be6e7b/execute/sync HTTP/1.1
User-Agent: selenium/4.8.1 (java mac)
Content-Length: 48807
Content-Type: application/json; charset=utf-8
host: localhost:43153
accept: */*

Response DefaultHttpResponse(decodeResult: success, version: HTTP/1.1)
HTTP/1.1 200 OK
Content-Length: 14
Content-Type: application/json; charset=utf-8
cache-control: no-cache

20:07:11.773 [AsyncHttpClient-1-11] DEBUG org.asynchttpclient.netty.channel.ChannelManager - Adding key: http://localhost:43153 for channel [id: 0x023c0d64, L:/127.0.0.1:56283 - R:localhost/127.0.0.1:43153]
20:07:11.777 [Forwarding getAlertText on session 6c6824321f37d23c92d1d2b851be6e7b to remote] DEBUG org.asynchttpclient.netty.request.NettyRequestSender - Using pooled Channel '[id: 0x023c0d64, L:/127.0.0.1:56283 - R:localhost/127.0.0.1:43153]' for 'GET' to 'http://localhost:43153/session/6c6824321f37d23c92d1d2b851be6e7b/alert/text'
20:07:11.777 [Forwarding getAlertText on session 6c6824321f37d23c92d1d2b851be6e7b to remote] DEBUG org.asynchttpclient.netty.request.NettyRequestSender - Using open Channel [id: 0x023c0d64, L:/127.0.0.1:56283 - R:localhost/127.0.0.1:43153] for GET '/session/6c6824321f37d23c92d1d2b851be6e7b/alert/text'
20:07:11.778 [AsyncHttpClient-1-11] DEBUG org.asynchttpclient.netty.handler.HttpHandler - 

Request DefaultFullHttpRequest(decodeResult: success, version: HTTP/1.1, content: EmptyByteBufBE)
GET /session/6c6824321f37d23c92d1d2b851be6e7b/alert/text HTTP/1.1
User-Agent: selenium/4.8.1 (java mac)
Cache-Control: no-cache
Content-Type: application/json; charset=utf-8
host: localhost:43153
accept: */*

Response DefaultHttpResponse(decodeResult: success, version: HTTP/1.1)
HTTP/1.1 404 Not Found
Content-Length: 1763
Content-Type: application/json; charset=utf-8
cache-control: no-cache

20:07:11.778 [AsyncHttpClient-1-11] DEBUG org.asynchttpclient.netty.channel.ChannelManager - Adding key: http://localhost:43153 for channel [id: 0x023c0d64, L:/127.0.0.1:56283 - R:localhost/127.0.0.1:43153]
20:07:11.779 [Forwarding getCurrentUrl on session 6c6824321f37d23c92d1d2b851be6e7b to remote] DEBUG org.asynchttpclient.netty.request.NettyRequestSender - Using pooled Channel '[id: 0x023c0d64, L:/127.0.0.1:56283 - R:localhost/127.0.0.1:43153]' for 'GET' to 'http://localhost:43153/session/6c6824321f37d23c92d1d2b851be6e7b/url'
20:07:11.779 [Forwarding getCurrentUrl on session 6c6824321f37d23c92d1d2b851be6e7b to remote] DEBUG org.asynchttpclient.netty.request.NettyRequestSender - Using open Channel [id: 0x023c0d64, L:/127.0.0.1:56283 - R:localhost/127.0.0.1:43153] for GET '/session/6c6824321f37d23c92d1d2b851be6e7b/url'
20:07:11.780 [AsyncHttpClient-1-11] DEBUG org.asynchttpclient.netty.handler.HttpHandler - 

Request DefaultFullHttpRequest(decodeResult: success, version: HTTP/1.1, content: EmptyByteBufBE)
GET /session/6c6824321f37d23c92d1d2b851be6e7b/url HTTP/1.1
User-Agent: selenium/4.8.1 (java mac)
Cache-Control: no-cache
Content-Type: application/json; charset=utf-8
host: localhost:43153
accept: */*

Response DefaultHttpResponse(decodeResult: success, version: HTTP/1.1)
HTTP/1.1 200 OK
Content-Length: 41
Content-Type: application/json; charset=utf-8
cache-control: no-cache

20:07:11.781 [AsyncHttpClient-1-11] DEBUG org.asynchttpclient.netty.channel.ChannelManager - Adding key: http://localhost:43153 for channel [id: 0x023c0d64, L:/127.0.0.1:56283 - R:localhost/127.0.0.1:43153]
20:07:11.781 [Forwarding screenshot on session 6c6824321f37d23c92d1d2b851be6e7b to remote] DEBUG org.asynchttpclient.netty.request.NettyRequestSender - Using pooled Channel '[id: 0x023c0d64, L:/127.0.0.1:56283 - R:localhost/127.0.0.1:43153]' for 'GET' to 'http://localhost:43153/session/6c6824321f37d23c92d1d2b851be6e7b/screenshot'
20:07:11.781 [Forwarding screenshot on session 6c6824321f37d23c92d1d2b851be6e7b to remote] DEBUG org.asynchttpclient.netty.request.NettyRequestSender - Using open Channel [id: 0x023c0d64, L:/127.0.0.1:56283 - R:localhost/127.0.0.1:43153] for GET '/session/6c6824321f37d23c92d1d2b851be6e7b/screenshot'
20:07:11.952 [AsyncHttpClient-1-11] DEBUG org.asynchttpclient.netty.handler.HttpHandler - 

Request DefaultFullHttpRequest(decodeResult: success, version: HTTP/1.1, content: EmptyByteBufBE)
GET /session/6c6824321f37d23c92d1d2b851be6e7b/screenshot HTTP/1.1
User-Agent: selenium/4.8.1 (java mac)
Cache-Control: no-cache
Content-Type: application/json; charset=utf-8
host: localhost:43153
accept: */*

Response DefaultHttpResponse(decodeResult: success, version: HTTP/1.1)
HTTP/1.1 200 OK
Content-Length: 176288
Content-Type: application/json; charset=utf-8
cache-control: no-cache

20:07:11.953 [AsyncHttpClient-1-11] DEBUG org.asynchttpclient.netty.channel.ChannelManager - Adding key: http://localhost:43153 for channel [id: 0x023c0d64, L:/127.0.0.1:56283 - R:localhost/127.0.0.1:43153]
20:07:11.961 [main] DEBUG net.serenitybdd.core.photography.Darkroom - Send negative for processing for target/site/serenity/62e880ea594c5605ab57320c1af36392b86605e3995980385501369639630060.png
20:07:11.962 [main] DEBUG net.thucydides.core.steps.StepInterceptor - STEP DONE: openTheHomePage
  &amp#27;[32mGiven &amp#27;[0m&amp#27;[32mI am open the home page to view all products1&amp#27;[0m      &amp#27;[90m# starter.stepdefinitions.buyToAddCartSteps.openTheHomePage()&amp#27;[0m
20:07:11.974 [Forwarding getPageSource on session 6c6824321f37d23c92d1d2b851be6e7b to remote] DEBUG org.asynchttpclient.netty.request.NettyRequestSender - Using pooled Channel '[id: 0x023c0d64, L:/127.0.0.1:56283 - R:localhost/127.0.0.1:43153]' for 'POST' to 'http://localhost:43153/session/6c6824321f37d23c92d1d2b851be6e7b/execute/sync'
20:07:11.974 [Forwarding getPageSource on session 6c6824321f37d23c92d1d2b851be6e7b to remote] DEBUG org.asynchttpclient.netty.request.NettyRequestSender - Using open Channel [id: 0x023c0d64, L:/127.0.0.1:56283 - R:localhost/127.0.0.1:43153] for POST '/session/6c6824321f37d23c92d1d2b851be6e7b/execute/sync'
20:07:12.006 [AsyncHttpClient-1-11] DEBUG org.asynchttpclient.netty.handler.HttpHandler - 

Request DefaultHttpRequest(decodeResult: success, version: HTTP/1.1)
POST /session/6c6824321f37d23c92d1d2b851be6e7b/execute/sync HTTP/1.1
User-Agent: selenium/4.8.1 (java mac)
Content-Length: 176
Content-Type: application/json; charset=utf-8
host: localhost:43153
accept: */*

Response DefaultHttpResponse(decodeResult: success, version: HTTP/1.1)
HTTP/1.1 200 OK
Content-Length: 918569
Content-Type: application/json; charset=utf-8
cache-control: no-cache

20:07:12.009 [AsyncHttpClient-1-11] DEBUG org.asynchttpclient.netty.channel.ChannelManager - Adding key: http://localhost:43153 for channel [id: 0x023c0d64, L:/127.0.0.1:56283 - R:localhost/127.0.0.1:43153]
20:07:12.120 [Forwarding getCurrentUrl on session 6c6824321f37d23c92d1d2b851be6e7b to remote] DEBUG org.asynchttpclient.netty.request.NettyRequestSender - Using pooled Channel '[id: 0x023c0d64, L:/127.0.0.1:56283 - R:localhost/127.0.0.1:43153]' for 'GET' to 'http://localhost:43153/session/6c6824321f37d23c92d1d2b851be6e7b/url'
20:07:12.121 [Forwarding getCurrentUrl on session 6c6824321f37d23c92d1d2b851be6e7b to remote] DEBUG org.asynchttpclient.netty.request.NettyRequestSender - Using open Channel [id: 0x023c0d64, L:/127.0.0.1:56283 - R:localhost/127.0.0.1:43153] for GET '/session/6c6824321f37d23c92d1d2b851be6e7b/url'
20:07:12.124 [AsyncHttpClient-1-11] DEBUG org.asynchttpclient.netty.handler.HttpHandler - 

Request DefaultFullHttpRequest(decodeResult: success, version: HTTP/1.1, content: EmptyByteBufBE)
GET /session/6c6824321f37d23c92d1d2b851be6e7b/url HTTP/1.1
User-Agent: selenium/4.8.1 (java mac)
Cache-Control: no-cache
Content-Type: application/json; charset=utf-8
host: localhost:43153
accept: */*

Response DefaultHttpResponse(decodeResult: success, version: HTTP/1.1)
HTTP/1.1 200 OK
Content-Length: 41
Content-Type: application/json; charset=utf-8
cache-control: no-cache

20:07:12.124 [AsyncHttpClient-1-11] DEBUG org.asynchttpclient.netty.channel.ChannelManager - Adding key: http://localhost:43153 for channel [id: 0x023c0d64, L:/127.0.0.1:56283 - R:localhost/127.0.0.1:43153]
20:07:12.136 [Forwarding getAlertText on session 6c6824321f37d23c92d1d2b851be6e7b to remote] DEBUG org.asynchttpclient.netty.request.NettyRequestSender - Using pooled Channel '[id: 0x023c0d64, L:/127.0.0.1:56283 - R:localhost/127.0.0.1:43153]' for 'GET' to 'http://localhost:43153/session/6c6824321f37d23c92d1d2b851be6e7b/alert/text'
20:07:12.136 [Forwarding getAlertText on session 6c6824321f37d23c92d1d2b851be6e7b to remote] DEBUG org.asynchttpclient.netty.request.NettyRequestSender - Using open Channel [id: 0x023c0d64, L:/127.0.0.1:56283 - R:localhost/127.0.0.1:43153] for GET '/session/6c6824321f37d23c92d1d2b851be6e7b/alert/text'
20:07:12.137 [AsyncHttpClient-1-11] DEBUG org.asynchttpclient.netty.handler.HttpHandler - 

Request DefaultFullHttpRequest(decodeResult: success, version: HTTP/1.1, content: EmptyByteBufBE)
GET /session/6c6824321f37d23c92d1d2b851be6e7b/alert/text HTTP/1.1
User-Agent: selenium/4.8.1 (java mac)
Cache-Control: no-cache
Content-Type: application/json; charset=utf-8
host: localhost:43153
accept: */*

Response DefaultHttpResponse(decodeResult: success, version: HTTP/1.1)
HTTP/1.1 404 Not Found
Content-Length: 1763
Content-Type: application/json; charset=utf-8
cache-control: no-cache

20:07:12.137 [AsyncHttpClient-1-11] DEBUG org.asynchttpclient.netty.channel.ChannelManager - Adding key: http://localhost:43153 for channel [id: 0x023c0d64, L:/127.0.0.1:56283 - R:localhost/127.0.0.1:43153]
20:07:12.140 [Forwarding getCurrentUrl on session 6c6824321f37d23c92d1d2b851be6e7b to remote] DEBUG org.asynchttpclient.netty.request.NettyRequestSender - Using pooled Channel '[id: 0x023c0d64, L:/127.0.0.1:56283 - R:localhost/127.0.0.1:43153]' for 'GET' to 'http://localhost:43153/session/6c6824321f37d23c92d1d2b851be6e7b/url'
20:07:12.140 [Forwarding getCurrentUrl on session 6c6824321f37d23c92d1d2b851be6e7b to remote] DEBUG org.asynchttpclient.netty.request.NettyRequestSender - Using open Channel [id: 0x023c0d64, L:/127.0.0.1:56283 - R:localhost/127.0.0.1:43153] for GET '/session/6c6824321f37d23c92d1d2b851be6e7b/url'
20:07:12.143 [AsyncHttpClient-1-11] DEBUG org.asynchttpclient.netty.handler.HttpHandler - 

Request DefaultFullHttpRequest(decodeResult: success, version: HTTP/1.1, content: EmptyByteBufBE)
GET /session/6c6824321f37d23c92d1d2b851be6e7b/url HTTP/1.1
User-Agent: selenium/4.8.1 (java mac)
Cache-Control: no-cache
Content-Type: application/json; charset=utf-8
host: localhost:43153
accept: */*

Response DefaultHttpResponse(decodeResult: success, version: HTTP/1.1)
HTTP/1.1 200 OK
Content-Length: 41
Content-Type: application/json; charset=utf-8
cache-control: no-cache

20:07:12.143 [AsyncHttpClient-1-11] DEBUG org.asynchttpclient.netty.channel.ChannelManager - Adding key: http://localhost:43153 for channel [id: 0x023c0d64, L:/127.0.0.1:56283 - R:localhost/127.0.0.1:43153]
20:07:12.143 [Forwarding screenshot on session 6c6824321f37d23c92d1d2b851be6e7b to remote] DEBUG org.asynchttpclient.netty.request.NettyRequestSender - Using pooled Channel '[id: 0x023c0d64, L:/127.0.0.1:56283 - R:localhost/127.0.0.1:43153]' for 'GET' to 'http://localhost:43153/session/6c6824321f37d23c92d1d2b851be6e7b/screenshot'
20:07:12.143 [Forwarding screenshot on session 6c6824321f37d23c92d1d2b851be6e7b to remote] DEBUG org.asynchttpclient.netty.request.NettyRequestSender - Using open Channel [id: 0x023c0d64, L:/127.0.0.1:56283 - R:localhost/127.0.0.1:43153] for GET '/session/6c6824321f37d23c92d1d2b851be6e7b/screenshot'
20:07:12.322 [AsyncHttpClient-1-11] DEBUG org.asynchttpclient.netty.handler.HttpHandler - 

Request DefaultFullHttpRequest(decodeResult: success, version: HTTP/1.1, content: EmptyByteBufBE)
GET /session/6c6824321f37d23c92d1d2b851be6e7b/screenshot HTTP/1.1
User-Agent: selenium/4.8.1 (java mac)
Cache-Control: no-cache
Content-Type: application/json; charset=utf-8
host: localhost:43153
accept: */*

Response DefaultHttpResponse(decodeResult: success, version: HTTP/1.1)
HTTP/1.1 200 OK
Content-Length: 176288
Content-Type: application/json; charset=utf-8
cache-control: no-cache

20:07:12.322 [AsyncHttpClient-1-11] DEBUG org.asynchttpclient.netty.channel.ChannelManager - Adding key: http://localhost:43153 for channel [id: 0x023c0d64, L:/127.0.0.1:56283 - R:localhost/127.0.0.1:43153]
20:07:12.330 [main] DEBUG net.serenitybdd.core.photography.Darkroom - Send negative for processing for target/site/serenity/62e880ea594c5605ab57320c1af36392b86605e3995980385501369639630060.png
20:07:12.335 [Forwarding getPageSource on session 6c6824321f37d23c92d1d2b851be6e7b to remote] DEBUG org.asynchttpclient.netty.request.NettyRequestSender - Using pooled Channel '[id: 0x023c0d64, L:/127.0.0.1:56283 - R:localhost/127.0.0.1:43153]' for 'POST' to 'http://localhost:43153/session/6c6824321f37d23c92d1d2b851be6e7b/execute/sync'
20:07:12.335 [Forwarding getPageSource on session 6c6824321f37d23c92d1d2b851be6e7b to remote] DEBUG org.asynchttpclient.netty.request.NettyRequestSender - Using open Channel [id: 0x023c0d64, L:/127.0.0.1:56283 - R:localhost/127.0.0.1:43153] for POST '/session/6c6824321f37d23c92d1d2b851be6e7b/execute/sync'
20:07:12.372 [AsyncHttpClient-1-11] DEBUG org.asynchttpclient.netty.handler.HttpHandler - 

Request DefaultHttpRequest(decodeResult: success, version: HTTP/1.1)
POST /session/6c6824321f37d23c92d1d2b851be6e7b/execute/sync HTTP/1.1
User-Agent: selenium/4.8.1 (java mac)
Content-Length: 176
Content-Type: application/json; charset=utf-8
host: localhost:43153
accept: */*

Response DefaultHttpResponse(decodeResult: success, version: HTTP/1.1)
HTTP/1.1 200 OK
Content-Length: 918569
Content-Type: application/json; charset=utf-8
cache-control: no-cache

20:07:12.378 [AsyncHttpClient-1-11] DEBUG org.asynchttpclient.netty.channel.ChannelManager - Adding key: http://localhost:43153 for channel [id: 0x023c0d64, L:/127.0.0.1:56283 - R:localhost/127.0.0.1:43153]
20:07:12.509 [Forwarding getCurrentUrl on session 6c6824321f37d23c92d1d2b851be6e7b to remote] DEBUG org.asynchttpclient.netty.request.NettyRequestSender - Using pooled Channel '[id: 0x023c0d64, L:/127.0.0.1:56283 - R:localhost/127.0.0.1:43153]' for 'GET' to 'http://localhost:43153/session/6c6824321f37d23c92d1d2b851be6e7b/url'
20:07:12.509 [Forwarding getCurrentUrl on session 6c6824321f37d23c92d1d2b851be6e7b to remote] DEBUG org.asynchttpclient.netty.request.NettyRequestSender - Using open Channel [id: 0x023c0d64, L:/127.0.0.1:56283 - R:localhost/127.0.0.1:43153] for GET '/session/6c6824321f37d23c92d1d2b851be6e7b/url'
20:07:12.514 [AsyncHttpClient-1-11] DEBUG org.asynchttpclient.netty.handler.HttpHandler - 

Request DefaultFullHttpRequest(decodeResult: success, version: HTTP/1.1, content: EmptyByteBufBE)
GET /session/6c6824321f37d23c92d1d2b851be6e7b/url HTTP/1.1
User-Agent: selenium/4.8.1 (java mac)
Cache-Control: no-cache
Content-Type: application/json; charset=utf-8
host: localhost:43153
accept: */*

Response DefaultHttpResponse(decodeResult: success, version: HTTP/1.1)
HTTP/1.1 200 OK
Content-Length: 41
Content-Type: application/json; charset=utf-8
cache-control: no-cache

20:07:12.514 [AsyncHttpClient-1-11] DEBUG org.asynchttpclient.netty.channel.ChannelManager - Adding key: http://localhost:43153 for channel [id: 0x023c0d64, L:/127.0.0.1:56283 - R:localhost/127.0.0.1:43153]
20:07:12.518 [main] DEBUG net.thucydides.core.steps.StepInterceptor - STARTING STEP: buyToAddCartSteps.openTheLoginPage - openTheLoginPage
20:07:12.523 [Forwarding findElement on session 6c6824321f37d23c92d1d2b851be6e7b to remote] DEBUG org.asynchttpclient.netty.request.NettyRequestSender - Using pooled Channel '[id: 0x023c0d64, L:/127.0.0.1:56283 - R:localhost/127.0.0.1:43153]' for 'POST' to 'http://localhost:43153/session/6c6824321f37d23c92d1d2b851be6e7b/element'
20:07:12.523 [Forwarding findElement on session 6c6824321f37d23c92d1d2b851be6e7b to remote] DEBUG org.asynchttpclient.netty.request.NettyRequestSender - Using open Channel [id: 0x023c0d64, L:/127.0.0.1:56283 - R:localhost/127.0.0.1:43153] for POST '/session/6c6824321f37d23c92d1d2b851be6e7b/element'
20:07:12.698 [AsyncHttpClient-1-11] DEBUG org.asynchttpclient.netty.handler.HttpHandler - 

Request DefaultHttpRequest(decodeResult: success, version: HTTP/1.1)
POST /session/6c6824321f37d23c92d1d2b851be6e7b/element HTTP/1.1
User-Agent: selenium/4.8.1 (java mac)
Content-Length: 106
Content-Type: application/json; charset=utf-8
host: localhost:43153
accept: */*

Response DefaultHttpResponse(decodeResult: success, version: HTTP/1.1)
HTTP/1.1 200 OK
Content-Length: 88
Content-Type: application/json; charset=utf-8
cache-control: no-cache

20:07:12.701 [AsyncHttpClient-1-11] DEBUG org.asynchttpclient.netty.channel.ChannelManager - Adding key: http://localhost:43153 for channel [id: 0x023c0d64, L:/127.0.0.1:56283 - R:localhost/127.0.0.1:43153]
20:07:12.707 [Forwarding getElementTagName on session 6c6824321f37d23c92d1d2b851be6e7b to remote] DEBUG org.asynchttpclient.netty.request.NettyRequestSender - Using pooled Channel '[id: 0x023c0d64, L:/127.0.0.1:56283 - R:localhost/127.0.0.1:43153]' for 'GET' to 'http://localhost:43153/session/6c6824321f37d23c92d1d2b851be6e7b/element/89300e11-071e-4d7c-8410-7793bf9f8246/name'
20:07:12.707 [Forwarding getElementTagName on session 6c6824321f37d23c92d1d2b851be6e7b to remote] DEBUG org.asynchttpclient.netty.request.NettyRequestSender - Using open Channel [id: 0x023c0d64, L:/127.0.0.1:56283 - R:localhost/127.0.0.1:43153] for GET '/session/6c6824321f37d23c92d1d2b851be6e7b/element/89300e11-071e-4d7c-8410-7793bf9f8246/name'
20:07:12.712 [AsyncHttpClient-1-11] DEBUG org.asynchttpclient.netty.handler.HttpHandler - 

Request DefaultFullHttpRequest(decodeResult: success, version: HTTP/1.1, content: EmptyByteBufBE)
GET /session/6c6824321f37d23c92d1d2b851be6e7b/element/89300e11-071e-4d7c-8410-7793bf9f8246/name HTTP/1.1
User-Agent: selenium/4.8.1 (java mac)
Cache-Control: no-cache
Content-Type: application/json; charset=utf-8
host: localhost:43153
accept: */*

Response DefaultHttpResponse(decodeResult: success, version: HTTP/1.1)
HTTP/1.1 200 OK
Content-Length: 13
Content-Type: application/json; charset=utf-8
cache-control: no-cache

20:07:12.712 [AsyncHttpClient-1-11] DEBUG org.asynchttpclient.netty.channel.ChannelManager - Adding key: http://localhost:43153 for channel [id: 0x023c0d64, L:/127.0.0.1:56283 - R:localhost/127.0.0.1:43153]
20:07:12.713 [Forwarding getElementTagName on session 6c6824321f37d23c92d1d2b851be6e7b to remote] DEBUG org.asynchttpclient.netty.request.NettyRequestSender - Using pooled Channel '[id: 0x023c0d64, L:/127.0.0.1:56283 - R:localhost/127.0.0.1:43153]' for 'GET' to 'http://localhost:43153/session/6c6824321f37d23c92d1d2b851be6e7b/element/89300e11-071e-4d7c-8410-7793bf9f8246/name'
20:07:12.714 [Forwarding getElementTagName on session 6c6824321f37d23c92d1d2b851be6e7b to remote] DEBUG org.asynchttpclient.netty.request.NettyRequestSender - Using open Channel [id: 0x023c0d64, L:/127.0.0.1:56283 - R:localhost/127.0.0.1:43153] for GET '/session/6c6824321f37d23c92d1d2b851be6e7b/element/89300e11-071e-4d7c-8410-7793bf9f8246/name'
20:07:12.716 [AsyncHttpClient-1-11] DEBUG org.asynchttpclient.netty.handler.HttpHandler - 

Request DefaultFullHttpRequest(decodeResult: success, version: HTTP/1.1, content: EmptyByteBufBE)
GET /session/6c6824321f37d23c92d1d2b851be6e7b/element/89300e11-071e-4d7c-8410-7793bf9f8246/name HTTP/1.1
User-Agent: selenium/4.8.1 (java mac)
Cache-Control: no-cache
Content-Type: application/json; charset=utf-8
host: localhost:43153
accept: */*

Response DefaultHttpResponse(decodeResult: success, version: HTTP/1.1)
HTTP/1.1 200 OK
Content-Length: 13
Content-Type: application/json; charset=utf-8
cache-control: no-cache

20:07:12.716 [AsyncHttpClient-1-11] DEBUG org.asynchttpclient.netty.channel.ChannelManager - Adding key: http://localhost:43153 for channel [id: 0x023c0d64, L:/127.0.0.1:56283 - R:localhost/127.0.0.1:43153]
20:07:12.719 [Forwarding findElement on session 6c6824321f37d23c92d1d2b851be6e7b to remote] DEBUG org.asynchttpclient.netty.request.NettyRequestSender - Using pooled Channel '[id: 0x023c0d64, L:/127.0.0.1:56283 - R:localhost/127.0.0.1:43153]' for 'POST' to 'http://localhost:43153/session/6c6824321f37d23c92d1d2b851be6e7b/element'
20:07:12.719 [Forwarding findElement on session 6c6824321f37d23c92d1d2b851be6e7b to remote] DEBUG org.asynchttpclient.netty.request.NettyRequestSender - Using open Channel [id: 0x023c0d64, L:/127.0.0.1:56283 - R:localhost/127.0.0.1:43153] for POST '/session/6c6824321f37d23c92d1d2b851be6e7b/element'
20:07:12.729 [AsyncHttpClient-1-11] DEBUG org.asynchttpclient.netty.handler.HttpHandler - 

Request DefaultHttpRequest(decodeResult: success, version: HTTP/1.1)
POST /session/6c6824321f37d23c92d1d2b851be6e7b/element HTTP/1.1
User-Agent: selenium/4.8.1 (java mac)
Content-Length: 106
Content-Type: application/json; charset=utf-8
host: localhost:43153
accept: */*

Response DefaultHttpResponse(decodeResult: success, version: HTTP/1.1)
HTTP/1.1 200 OK
Content-Length: 88
Content-Type: application/json; charset=utf-8
cache-control: no-cache

20:07:12.731 [AsyncHttpClient-1-11] DEBUG org.asynchttpclient.netty.channel.ChannelManager - Adding key: http://localhost:43153 for channel [id: 0x023c0d64, L:/127.0.0.1:56283 - R:localhost/127.0.0.1:43153]
20:07:12.739 [Forwarding clickElement on session 6c6824321f37d23c92d1d2b851be6e7b to remote] DEBUG org.asynchttpclient.netty.request.NettyRequestSender - Using pooled Channel '[id: 0x023c0d64, L:/127.0.0.1:56283 - R:localhost/127.0.0.1:43153]' for 'POST' to 'http://localhost:43153/session/6c6824321f37d23c92d1d2b851be6e7b/element/89300e11-071e-4d7c-8410-7793bf9f8246/click'
20:07:12.740 [Forwarding clickElement on session 6c6824321f37d23c92d1d2b851be6e7b to remote] DEBUG org.asynchttpclient.netty.request.NettyRequestSender - Using open Channel [id: 0x023c0d64, L:/127.0.0.1:56283 - R:localhost/127.0.0.1:43153] for POST '/session/6c6824321f37d23c92d1d2b851be6e7b/element/89300e11-071e-4d7c-8410-7793bf9f8246/click'
20:07:12.749 [AsyncHttpClient-1-1] DEBUG org.asynchttpclient.netty.channel.DefaultChannelPool - Entry count for : http://localhost:56284 : 1
20:07:13.046 [AsyncHttpClient-1-11] DEBUG org.asynchttpclient.netty.handler.HttpHandler - 

Request DefaultHttpRequest(decodeResult: success, version: HTTP/1.1)
POST /session/6c6824321f37d23c92d1d2b851be6e7b/element/89300e11-071e-4d7c-8410-7793bf9f8246/click HTTP/1.1
User-Agent: selenium/4.8.1 (java mac)
Content-Length: 50
Content-Type: application/json; charset=utf-8
host: localhost:43153
accept: */*

Response DefaultHttpResponse(decodeResult: success, version: HTTP/1.1)
HTTP/1.1 200 OK
Content-Length: 14
Content-Type: application/json; charset=utf-8
cache-control: no-cache

20:07:13.046 [AsyncHttpClient-1-11] DEBUG org.asynchttpclient.netty.channel.ChannelManager - Adding key: http://localhost:43153 for channel [id: 0x023c0d64, L:/127.0.0.1:56283 - R:localhost/127.0.0.1:43153]
20:07:13.057 [Forwarding getAlertText on session 6c6824321f37d23c92d1d2b851be6e7b to remote] DEBUG org.asynchttpclient.netty.request.NettyRequestSender - Using pooled Channel '[id: 0x023c0d64, L:/127.0.0.1:56283 - R:localhost/127.0.0.1:43153]' for 'GET' to 'http://localhost:43153/session/6c6824321f37d23c92d1d2b851be6e7b/alert/text'
20:07:13.057 [Forwarding getAlertText on session 6c6824321f37d23c92d1d2b851be6e7b to remote] DEBUG org.asynchttpclient.netty.request.NettyRequestSender - Using open Channel [id: 0x023c0d64, L:/127.0.0.1:56283 - R:localhost/127.0.0.1:43153] for GET '/session/6c6824321f37d23c92d1d2b851be6e7b/alert/text'
20:07:13.100 [AsyncHttpClient-1-11] DEBUG org.asynchttpclient.netty.handler.HttpHandler - 

Request DefaultFullHttpRequest(decodeResult: success, version: HTTP/1.1, content: EmptyByteBufBE)
GET /session/6c6824321f37d23c92d1d2b851be6e7b/alert/text HTTP/1.1
User-Agent: selenium/4.8.1 (java mac)
Cache-Control: no-cache
Content-Type: application/json; charset=utf-8
host: localhost:43153
accept: */*

Response DefaultHttpResponse(decodeResult: success, version: HTTP/1.1)
HTTP/1.1 404 Not Found
Content-Length: 1763
Content-Type: application/json; charset=utf-8
cache-control: no-cache

20:07:13.101 [AsyncHttpClient-1-11] DEBUG org.asynchttpclient.netty.channel.ChannelManager - Adding key: http://localhost:43153 for channel [id: 0x023c0d64, L:/127.0.0.1:56283 - R:localhost/127.0.0.1:43153]
20:07:13.104 [Forwarding getCurrentUrl on session 6c6824321f37d23c92d1d2b851be6e7b to remote] DEBUG org.asynchttpclient.netty.request.NettyRequestSender - Using pooled Channel '[id: 0x023c0d64, L:/127.0.0.1:56283 - R:localhost/127.0.0.1:43153]' for 'GET' to 'http://localhost:43153/session/6c6824321f37d23c92d1d2b851be6e7b/url'
20:07:13.104 [Forwarding getCurrentUrl on session 6c6824321f37d23c92d1d2b851be6e7b to remote] DEBUG org.asynchttpclient.netty.request.NettyRequestSender - Using open Channel [id: 0x023c0d64, L:/127.0.0.1:56283 - R:localhost/127.0.0.1:43153] for GET '/session/6c6824321f37d23c92d1d2b851be6e7b/url'
20:07:13.571 [AsyncHttpClient-1-11] DEBUG org.asynchttpclient.netty.handler.HttpHandler - 

Request DefaultFullHttpRequest(decodeResult: success, version: HTTP/1.1, content: EmptyByteBufBE)
GET /session/6c6824321f37d23c92d1d2b851be6e7b/url HTTP/1.1
User-Agent: selenium/4.8.1 (java mac)
Cache-Control: no-cache
Content-Type: application/json; charset=utf-8
host: localhost:43153
accept: */*

Response DefaultHttpResponse(decodeResult: success, version: HTTP/1.1)
HTTP/1.1 200 OK
Content-Length: 51
Content-Type: application/json; charset=utf-8
cache-control: no-cache

20:07:13.572 [AsyncHttpClient-1-11] DEBUG org.asynchttpclient.netty.channel.ChannelManager - Adding key: http://localhost:43153 for channel [id: 0x023c0d64, L:/127.0.0.1:56283 - R:localhost/127.0.0.1:43153]
20:07:13.575 [Forwarding screenshot on session 6c6824321f37d23c92d1d2b851be6e7b to remote] DEBUG org.asynchttpclient.netty.request.NettyRequestSender - Using pooled Channel '[id: 0x023c0d64, L:/127.0.0.1:56283 - R:localhost/127.0.0.1:43153]' for 'GET' to 'http://localhost:43153/session/6c6824321f37d23c92d1d2b851be6e7b/screenshot'
20:07:13.575 [Forwarding screenshot on session 6c6824321f37d23c92d1d2b851be6e7b to remote] DEBUG org.asynchttpclient.netty.request.NettyRequestSender - Using open Channel [id: 0x023c0d64, L:/127.0.0.1:56283 - R:localhost/127.0.0.1:43153] for GET '/session/6c6824321f37d23c92d1d2b851be6e7b/screenshot'
20:07:13.796 [AsyncHttpClient-1-11] DEBUG org.asynchttpclient.netty.handler.HttpHandler - 

Request DefaultFullHttpRequest(decodeResult: success, version: HTTP/1.1, content: EmptyByteBufBE)
GET /session/6c6824321f37d23c92d1d2b851be6e7b/screenshot HTTP/1.1
User-Agent: selenium/4.8.1 (java mac)
Cache-Control: no-cache
Content-Type: application/json; charset=utf-8
host: localhost:43153
accept: */*

Response DefaultHttpResponse(decodeResult: success, version: HTTP/1.1)
HTTP/1.1 200 OK
Content-Length: 62224
Content-Type: application/json; charset=utf-8
cache-control: no-cache

20:07:13.797 [AsyncHttpClient-1-11] DEBUG org.asynchttpclient.netty.channel.ChannelManager - Adding key: http://localhost:43153 for channel [id: 0x023c0d64, L:/127.0.0.1:56283 - R:localhost/127.0.0.1:43153]
20:07:13.805 [main] DEBUG net.serenitybdd.core.photography.Darkroom - Send negative for processing for target/site/serenity/d9a2f8fb93e92177374b0e2275a5cd5548d20d32900a5a22d12e60598c2cb0f0.png
20:07:13.806 [Darkroom Processing Line] DEBUG net.serenitybdd.core.photography.DarkroomProcessingLine - Processing screenshot image in /var/screenshots/screenshot-66398636026703598
20:07:13.806 [Darkroom Processing Line] DEBUG net.serenitybdd.core.photography.DarkroomProcessingLine - Saving screenshot to target/site/serenity/d9a2f8fb93e92177374b0e2275a5cd5548d20d32900a5a22d12e60598c2cb0f0.png
20:07:13.808 [main] DEBUG net.thucydides.core.steps.StepInterceptor - STEP DONE: openTheLoginPage
  &amp#27;[32mGiven &amp#27;[0m&amp#27;[32mI am open the login page to view all products1&amp#27;[0m     &amp#27;[90m# starter.stepdefinitions.buyToAddCartSteps.openTheLoginPage()&amp#27;[0m
20:07:13.834 [Forwarding getPageSource on session 6c6824321f37d23c92d1d2b851be6e7b to remote] DEBUG org.asynchttpclient.netty.request.NettyRequestSender - Using pooled Channel '[id: 0x023c0d64, L:/127.0.0.1:56283 - R:localhost/127.0.0.1:43153]' for 'POST' to 'http://localhost:43153/session/6c6824321f37d23c92d1d2b851be6e7b/execute/sync'
20:07:13.834 [Forwarding getPageSource on session 6c6824321f37d23c92d1d2b851be6e7b to remote] DEBUG org.asynchttpclient.netty.request.NettyRequestSender - Using open Channel [id: 0x023c0d64, L:/127.0.0.1:56283 - R:localhost/127.0.0.1:43153] for POST '/session/6c6824321f37d23c92d1d2b851be6e7b/execute/sync'
20:07:13.839 [AsyncHttpClient-1-11] DEBUG org.asynchttpclient.netty.handler.HttpHandler - 

Request DefaultHttpRequest(decodeResult: success, version: HTTP/1.1)
POST /session/6c6824321f37d23c92d1d2b851be6e7b/execute/sync HTTP/1.1
User-Agent: selenium/4.8.1 (java mac)
Content-Length: 176
Content-Type: application/json; charset=utf-8
host: localhost:43153
accept: */*

Response DefaultHttpResponse(decodeResult: success, version: HTTP/1.1)
HTTP/1.1 200 OK
Content-Length: 21964
Content-Type: application/json; charset=utf-8
cache-control: no-cache

20:07:13.839 [AsyncHttpClient-1-11] DEBUG org.asynchttpclient.netty.channel.ChannelManager - Adding key: http://localhost:43153 for channel [id: 0x023c0d64, L:/127.0.0.1:56283 - R:localhost/127.0.0.1:43153]
20:07:13.847 [Forwarding getCurrentUrl on session 6c6824321f37d23c92d1d2b851be6e7b to remote] DEBUG org.asynchttpclient.netty.request.NettyRequestSender - Using pooled Channel '[id: 0x023c0d64, L:/127.0.0.1:56283 - R:localhost/127.0.0.1:43153]' for 'GET' to 'http://localhost:43153/session/6c6824321f37d23c92d1d2b851be6e7b/url'
20:07:13.847 [Forwarding getCurrentUrl on session 6c6824321f37d23c92d1d2b851be6e7b to remote] DEBUG org.asynchttpclient.netty.request.NettyRequestSender - Using open Channel [id: 0x023c0d64, L:/127.0.0.1:56283 - R:localhost/127.0.0.1:43153] for GET '/session/6c6824321f37d23c92d1d2b851be6e7b/url'
20:07:13.848 [AsyncHttpClient-1-1] DEBUG org.asynchttpclient.netty.channel.DefaultChannelPool - Entry count for : http://localhost:56284 : 1
20:07:13.849 [AsyncHttpClient-1-11] DEBUG org.asynchttpclient.netty.handler.HttpHandler - 

Request DefaultFullHttpRequest(decodeResult: success, version: HTTP/1.1, content: EmptyByteBufBE)
GET /session/6c6824321f37d23c92d1d2b851be6e7b/url HTTP/1.1
User-Agent: selenium/4.8.1 (java mac)
Cache-Control: no-cache
Content-Type: application/json; charset=utf-8
host: localhost:43153
accept: */*

Response DefaultHttpResponse(decodeResult: success, version: HTTP/1.1)
HTTP/1.1 200 OK
Content-Length: 51
Content-Type: application/json; charset=utf-8
cache-control: no-cache

20:07:13.849 [AsyncHttpClient-1-11] DEBUG org.asynchttpclient.netty.channel.ChannelManager - Adding key: http://localhost:43153 for channel [id: 0x023c0d64, L:/127.0.0.1:56283 - R:localhost/127.0.0.1:43153]
20:07:13.867 [Forwarding getAlertText on session 6c6824321f37d23c92d1d2b851be6e7b to remote] DEBUG org.asynchttpclient.netty.request.NettyRequestSender - Using pooled Channel '[id: 0x023c0d64, L:/127.0.0.1:56283 - R:localhost/127.0.0.1:43153]' for 'GET' to 'http://localhost:43153/session/6c6824321f37d23c92d1d2b851be6e7b/alert/text'
20:07:13.869 [Forwarding getAlertText on session 6c6824321f37d23c92d1d2b851be6e7b to remote] DEBUG org.asynchttpclient.netty.request.NettyRequestSender - Using open Channel [id: 0x023c0d64, L:/127.0.0.1:56283 - R:localhost/127.0.0.1:43153] for GET '/session/6c6824321f37d23c92d1d2b851be6e7b/alert/text'
20:07:13.872 [AsyncHttpClient-1-11] DEBUG org.asynchttpclient.netty.handler.HttpHandler - 

Request DefaultFullHttpRequest(decodeResult: success, version: HTTP/1.1, content: EmptyByteBufBE)
GET /session/6c6824321f37d23c92d1d2b851be6e7b/alert/text HTTP/1.1
User-Agent: selenium/4.8.1 (java mac)
Cache-Control: no-cache
Content-Type: application/json; charset=utf-8
host: localhost:43153
accept: */*

Response DefaultHttpResponse(decodeResult: success, version: HTTP/1.1)
HTTP/1.1 404 Not Found
Content-Length: 1763
Content-Type: application/json; charset=utf-8
cache-control: no-cache

20:07:13.873 [AsyncHttpClient-1-11] DEBUG org.asynchttpclient.netty.channel.ChannelManager - Adding key: http://localhost:43153 for channel [id: 0x023c0d64, L:/127.0.0.1:56283 - R:localhost/127.0.0.1:43153]
20:07:13.875 [Forwarding getCurrentUrl on session 6c6824321f37d23c92d1d2b851be6e7b to remote] DEBUG org.asynchttpclient.netty.request.NettyRequestSender - Using pooled Channel '[id: 0x023c0d64, L:/127.0.0.1:56283 - R:localhost/127.0.0.1:43153]' for 'GET' to 'http://localhost:43153/session/6c6824321f37d23c92d1d2b851be6e7b/url'
20:07:13.875 [Forwarding getCurrentUrl on session 6c6824321f37d23c92d1d2b851be6e7b to remote] DEBUG org.asynchttpclient.netty.request.NettyRequestSender - Using open Channel [id: 0x023c0d64, L:/127.0.0.1:56283 - R:localhost/127.0.0.1:43153] for GET '/session/6c6824321f37d23c92d1d2b851be6e7b/url'
20:07:13.877 [AsyncHttpClient-1-11] DEBUG org.asynchttpclient.netty.handler.HttpHandler - 

Request DefaultFullHttpRequest(decodeResult: success, version: HTTP/1.1, content: EmptyByteBufBE)
GET /session/6c6824321f37d23c92d1d2b851be6e7b/url HTTP/1.1
User-Agent: selenium/4.8.1 (java mac)
Cache-Control: no-cache
Content-Type: application/json; charset=utf-8
host: localhost:43153
accept: */*

Response DefaultHttpResponse(decodeResult: success, version: HTTP/1.1)
HTTP/1.1 200 OK
Content-Length: 51
Content-Type: application/json; charset=utf-8
cache-control: no-cache

20:07:13.877 [AsyncHttpClient-1-11] DEBUG org.asynchttpclient.netty.channel.ChannelManager - Adding key: http://localhost:43153 for channel [id: 0x023c0d64, L:/127.0.0.1:56283 - R:localhost/127.0.0.1:43153]
20:07:13.877 [Forwarding screenshot on session 6c6824321f37d23c92d1d2b851be6e7b to remote] DEBUG org.asynchttpclient.netty.request.NettyRequestSender - Using pooled Channel '[id: 0x023c0d64, L:/127.0.0.1:56283 - R:localhost/127.0.0.1:43153]' for 'GET' to 'http://localhost:43153/session/6c6824321f37d23c92d1d2b851be6e7b/screenshot'
20:07:13.877 [Forwarding screenshot on session 6c6824321f37d23c92d1d2b851be6e7b to remote] DEBUG org.asynchttpclient.netty.request.NettyRequestSender - Using open Channel [id: 0x023c0d64, L:/127.0.0.1:56283 - R:localhost/127.0.0.1:43153] for GET '/session/6c6824321f37d23c92d1d2b851be6e7b/screenshot'
20:07:14.055 [AsyncHttpClient-1-11] DEBUG org.asynchttpclient.netty.handler.HttpHandler - 

Request DefaultFullHttpRequest(decodeResult: success, version: HTTP/1.1, content: EmptyByteBufBE)
GET /session/6c6824321f37d23c92d1d2b851be6e7b/screenshot HTTP/1.1
User-Agent: selenium/4.8.1 (java mac)
Cache-Control: no-cache
Content-Type: application/json; charset=utf-8
host: localhost:43153
accept: */*

Response DefaultHttpResponse(decodeResult: success, version: HTTP/1.1)
HTTP/1.1 200 OK
Content-Length: 61772
Content-Type: application/json; charset=utf-8
cache-control: no-cache

20:07:14.058 [AsyncHttpClient-1-11] DEBUG org.asynchttpclient.netty.channel.ChannelManager - Adding key: http://localhost:43153 for channel [id: 0x023c0d64, L:/127.0.0.1:56283 - R:localhost/127.0.0.1:43153]
20:07:14.065 [main] DEBUG net.serenitybdd.core.photography.Darkroom - Send negative for processing for target/site/serenity/8e9cee939ce17a9fe29ea96908d1a8f3a55d0d59d1d36254b88f9fc15908342a.png
20:07:14.070 [Forwarding getPageSource on session 6c6824321f37d23c92d1d2b851be6e7b to remote] DEBUG org.asynchttpclient.netty.request.NettyRequestSender - Using pooled Channel '[id: 0x023c0d64, L:/127.0.0.1:56283 - R:localhost/127.0.0.1:43153]' for 'POST' to 'http://localhost:43153/session/6c6824321f37d23c92d1d2b851be6e7b/execute/sync'
20:07:14.071 [Forwarding getPageSource on session 6c6824321f37d23c92d1d2b851be6e7b to remote] DEBUG org.asynchttpclient.netty.request.NettyRequestSender - Using open Channel [id: 0x023c0d64, L:/127.0.0.1:56283 - R:localhost/127.0.0.1:43153] for POST '/session/6c6824321f37d23c92d1d2b851be6e7b/execute/sync'
20:07:14.078 [AsyncHttpClient-1-11] DEBUG org.asynchttpclient.netty.handler.HttpHandler - 

Request DefaultHttpRequest(decodeResult: success, version: HTTP/1.1)
POST /session/6c6824321f37d23c92d1d2b851be6e7b/execute/sync HTTP/1.1
User-Agent: selenium/4.8.1 (java mac)
Content-Length: 176
Content-Type: application/json; charset=utf-8
host: localhost:43153
accept: */*

Response DefaultHttpResponse(decodeResult: success, version: HTTP/1.1)
HTTP/1.1 200 OK
Content-Length: 21667
Content-Type: application/json; charset=utf-8
cache-control: no-cache

20:07:14.079 [AsyncHttpClient-1-11] DEBUG org.asynchttpclient.netty.channel.ChannelManager - Adding key: http://localhost:43153 for channel [id: 0x023c0d64, L:/127.0.0.1:56283 - R:localhost/127.0.0.1:43153]
20:07:14.089 [Forwarding getCurrentUrl on session 6c6824321f37d23c92d1d2b851be6e7b to remote] DEBUG org.asynchttpclient.netty.request.NettyRequestSender - Using pooled Channel '[id: 0x023c0d64, L:/127.0.0.1:56283 - R:localhost/127.0.0.1:43153]' for 'GET' to 'http://localhost:43153/session/6c6824321f37d23c92d1d2b851be6e7b/url'
20:07:14.090 [Forwarding getCurrentUrl on session 6c6824321f37d23c92d1d2b851be6e7b to remote] DEBUG org.asynchttpclient.netty.request.NettyRequestSender - Using open Channel [id: 0x023c0d64, L:/127.0.0.1:56283 - R:localhost/127.0.0.1:43153] for GET '/session/6c6824321f37d23c92d1d2b851be6e7b/url'
20:07:14.096 [AsyncHttpClient-1-11] DEBUG org.asynchttpclient.netty.handler.HttpHandler - 

Request DefaultFullHttpRequest(decodeResult: success, version: HTTP/1.1, content: EmptyByteBufBE)
GET /session/6c6824321f37d23c92d1d2b851be6e7b/url HTTP/1.1
User-Agent: selenium/4.8.1 (java mac)
Cache-Control: no-cache
Content-Type: application/json; charset=utf-8
host: localhost:43153
accept: */*

Response DefaultHttpResponse(decodeResult: success, version: HTTP/1.1)
HTTP/1.1 200 OK
Content-Length: 51
Content-Type: application/json; charset=utf-8
cache-control: no-cache

20:07:14.097 [AsyncHttpClient-1-11] DEBUG org.asynchttpclient.netty.channel.ChannelManager - Adding key: http://localhost:43153 for channel [id: 0x023c0d64, L:/127.0.0.1:56283 - R:localhost/127.0.0.1:43153]
20:07:14.103 [main] DEBUG net.thucydides.core.steps.StepInterceptor - STARTING STEP: buyToAddCartSteps.onTheLoginPage - validateOnTheLoginPage
20:07:14.108 [Forwarding findElement on session 6c6824321f37d23c92d1d2b851be6e7b to remote] DEBUG org.asynchttpclient.netty.request.NettyRequestSender - Using pooled Channel '[id: 0x023c0d64, L:/127.0.0.1:56283 - R:localhost/127.0.0.1:43153]' for 'POST' to 'http://localhost:43153/session/6c6824321f37d23c92d1d2b851be6e7b/element'
20:07:14.108 [Forwarding findElement on session 6c6824321f37d23c92d1d2b851be6e7b to remote] DEBUG org.asynchttpclient.netty.request.NettyRequestSender - Using open Channel [id: 0x023c0d64, L:/127.0.0.1:56283 - R:localhost/127.0.0.1:43153] for POST '/session/6c6824321f37d23c92d1d2b851be6e7b/element'
20:07:14.131 [AsyncHttpClient-1-11] DEBUG org.asynchttpclient.netty.handler.HttpHandler - 

Request DefaultHttpRequest(decodeResult: success, version: HTTP/1.1)
POST /session/6c6824321f37d23c92d1d2b851be6e7b/element HTTP/1.1
User-Agent: selenium/4.8.1 (java mac)
Content-Length: 155
Content-Type: application/json; charset=utf-8
host: localhost:43153
accept: */*

Response DefaultHttpResponse(decodeResult: success, version: HTTP/1.1)
HTTP/1.1 200 OK
Content-Length: 88
Content-Type: application/json; charset=utf-8
cache-control: no-cache

20:07:14.132 [AsyncHttpClient-1-11] DEBUG org.asynchttpclient.netty.channel.ChannelManager - Adding key: http://localhost:43153 for channel [id: 0x023c0d64, L:/127.0.0.1:56283 - R:localhost/127.0.0.1:43153]
20:07:14.136 [Forwarding isElementDisplayed on session 6c6824321f37d23c92d1d2b851be6e7b to remote] DEBUG org.asynchttpclient.netty.request.NettyRequestSender - Using pooled Channel '[id: 0x023c0d64, L:/127.0.0.1:56283 - R:localhost/127.0.0.1:43153]' for 'POST' to 'http://localhost:43153/session/6c6824321f37d23c92d1d2b851be6e7b/execute/sync'
20:07:14.136 [Forwarding isElementDisplayed on session 6c6824321f37d23c92d1d2b851be6e7b to remote] DEBUG org.asynchttpclient.netty.request.NettyRequestSender - Using open Channel [id: 0x023c0d64, L:/127.0.0.1:56283 - R:localhost/127.0.0.1:43153] for POST '/session/6c6824321f37d23c92d1d2b851be6e7b/execute/sync'
20:07:14.173 [AsyncHttpClient-1-11] DEBUG org.asynchttpclient.netty.handler.HttpHandler - 

Request DefaultHttpRequest(decodeResult: success, version: HTTP/1.1)
POST /session/6c6824321f37d23c92d1d2b851be6e7b/execute/sync HTTP/1.1
User-Agent: selenium/4.8.1 (java mac)
Content-Length: 48807
Content-Type: application/json; charset=utf-8
host: localhost:43153
accept: */*

Response DefaultHttpResponse(decodeResult: success, version: HTTP/1.1)
HTTP/1.1 200 OK
Content-Length: 14
Content-Type: application/json; charset=utf-8
cache-control: no-cache

20:07:14.174 [AsyncHttpClient-1-11] DEBUG org.asynchttpclient.netty.channel.ChannelManager - Adding key: http://localhost:43153 for channel [id: 0x023c0d64, L:/127.0.0.1:56283 - R:localhost/127.0.0.1:43153]
20:07:14.180 [Forwarding getAlertText on session 6c6824321f37d23c92d1d2b851be6e7b to remote] DEBUG org.asynchttpclient.netty.request.NettyRequestSender - Using pooled Channel '[id: 0x023c0d64, L:/127.0.0.1:56283 - R:localhost/127.0.0.1:43153]' for 'GET' to 'http://localhost:43153/session/6c6824321f37d23c92d1d2b851be6e7b/alert/text'
20:07:14.180 [Forwarding getAlertText on session 6c6824321f37d23c92d1d2b851be6e7b to remote] DEBUG org.asynchttpclient.netty.request.NettyRequestSender - Using open Channel [id: 0x023c0d64, L:/127.0.0.1:56283 - R:localhost/127.0.0.1:43153] for GET '/session/6c6824321f37d23c92d1d2b851be6e7b/alert/text'
20:07:14.181 [AsyncHttpClient-1-11] DEBUG org.asynchttpclient.netty.handler.HttpHandler - 

Request DefaultFullHttpRequest(decodeResult: success, version: HTTP/1.1, content: EmptyByteBufBE)
GET /session/6c6824321f37d23c92d1d2b851be6e7b/alert/text HTTP/1.1
User-Agent: selenium/4.8.1 (java mac)
Cache-Control: no-cache
Content-Type: application/json; charset=utf-8
host: localhost:43153
accept: */*

Response DefaultHttpResponse(decodeResult: success, version: HTTP/1.1)
HTTP/1.1 404 Not Found
Content-Length: 1763
Content-Type: application/json; charset=utf-8
cache-control: no-cache

20:07:14.181 [AsyncHttpClient-1-11] DEBUG org.asynchttpclient.netty.channel.ChannelManager - Adding key: http://localhost:43153 for channel [id: 0x023c0d64, L:/127.0.0.1:56283 - R:localhost/127.0.0.1:43153]
20:07:14.183 [Forwarding getCurrentUrl on session 6c6824321f37d23c92d1d2b851be6e7b to remote] DEBUG org.asynchttpclient.netty.request.NettyRequestSender - Using pooled Channel '[id: 0x023c0d64, L:/127.0.0.1:56283 - R:localhost/127.0.0.1:43153]' for 'GET' to 'http://localhost:43153/session/6c6824321f37d23c92d1d2b851be6e7b/url'
20:07:14.183 [Forwarding getCurrentUrl on session 6c6824321f37d23c92d1d2b851be6e7b to remote] DEBUG org.asynchttpclient.netty.request.NettyRequestSender - Using open Channel [id: 0x023c0d64, L:/127.0.0.1:56283 - R:localhost/127.0.0.1:43153] for GET '/session/6c6824321f37d23c92d1d2b851be6e7b/url'
20:07:14.185 [AsyncHttpClient-1-11] DEBUG org.asynchttpclient.netty.handler.HttpHandler - 

Request DefaultFullHttpRequest(decodeResult: success, version: HTTP/1.1, content: EmptyByteBufBE)
GET /session/6c6824321f37d23c92d1d2b851be6e7b/url HTTP/1.1
User-Agent: selenium/4.8.1 (java mac)
Cache-Control: no-cache
Content-Type: application/json; charset=utf-8
host: localhost:43153
accept: */*

Response DefaultHttpResponse(decodeResult: success, version: HTTP/1.1)
HTTP/1.1 200 OK
Content-Length: 51
Content-Type: application/json; charset=utf-8
cache-control: no-cache

20:07:14.185 [AsyncHttpClient-1-11] DEBUG org.asynchttpclient.netty.channel.ChannelManager - Adding key: http://localhost:43153 for channel [id: 0x023c0d64, L:/127.0.0.1:56283 - R:localhost/127.0.0.1:43153]
20:07:14.186 [Forwarding screenshot on session 6c6824321f37d23c92d1d2b851be6e7b to remote] DEBUG org.asynchttpclient.netty.request.NettyRequestSender - Using pooled Channel '[id: 0x023c0d64, L:/127.0.0.1:56283 - R:localhost/127.0.0.1:43153]' for 'GET' to 'http://localhost:43153/session/6c6824321f37d23c92d1d2b851be6e7b/screenshot'
20:07:14.186 [Forwarding screenshot on session 6c6824321f37d23c92d1d2b851be6e7b to remote] DEBUG org.asynchttpclient.netty.request.NettyRequestSender - Using open Channel [id: 0x023c0d64, L:/127.0.0.1:56283 - R:localhost/127.0.0.1:43153] for GET '/session/6c6824321f37d23c92d1d2b851be6e7b/screenshot'
20:07:14.358 [AsyncHttpClient-1-11] DEBUG org.asynchttpclient.netty.handler.HttpHandler - 

Request DefaultFullHttpRequest(decodeResult: success, version: HTTP/1.1, content: EmptyByteBufBE)
GET /session/6c6824321f37d23c92d1d2b851be6e7b/screenshot HTTP/1.1
User-Agent: selenium/4.8.1 (java mac)
Cache-Control: no-cache
Content-Type: application/json; charset=utf-8
host: localhost:43153
accept: */*

Response DefaultHttpResponse(decodeResult: success, version: HTTP/1.1)
HTTP/1.1 200 OK
Content-Length: 61772
Content-Type: application/json; charset=utf-8
cache-control: no-cache

20:07:14.359 [AsyncHttpClient-1-11] DEBUG org.asynchttpclient.netty.channel.ChannelManager - Adding key: http://localhost:43153 for channel [id: 0x023c0d64, L:/127.0.0.1:56283 - R:localhost/127.0.0.1:43153]
20:07:14.363 [main] DEBUG net.serenitybdd.core.photography.Darkroom - Send negative for processing for target/site/serenity/8e9cee939ce17a9fe29ea96908d1a8f3a55d0d59d1d36254b88f9fc15908342a.png
20:07:14.365 [main] DEBUG net.thucydides.core.steps.StepInterceptor - STEP DONE: validateOnTheLoginPage
  &amp#27;[32mGiven &amp#27;[0m&amp#27;[32mI am on the login page to view all products1&amp#27;[0m       &amp#27;[90m# starter.stepdefinitions.buyToAddCartSteps.onTheLoginPage()&amp#27;[0m
20:07:14.377 [Forwarding getPageSource on session 6c6824321f37d23c92d1d2b851be6e7b to remote] DEBUG org.asynchttpclient.netty.request.NettyRequestSender - Using pooled Channel '[id: 0x023c0d64, L:/127.0.0.1:56283 - R:localhost/127.0.0.1:43153]' for 'POST' to 'http://localhost:43153/session/6c6824321f37d23c92d1d2b851be6e7b/execute/sync'
20:07:14.377 [Forwarding getPageSource on session 6c6824321f37d23c92d1d2b851be6e7b to remote] DEBUG org.asynchttpclient.netty.request.NettyRequestSender - Using open Channel [id: 0x023c0d64, L:/127.0.0.1:56283 - R:localhost/127.0.0.1:43153] for POST '/session/6c6824321f37d23c92d1d2b851be6e7b/execute/sync'
20:07:14.381 [AsyncHttpClient-1-11] DEBUG org.asynchttpclient.netty.handler.HttpHandler - 

Request DefaultHttpRequest(decodeResult: success, version: HTTP/1.1)
POST /session/6c6824321f37d23c92d1d2b851be6e7b/execute/sync HTTP/1.1
User-Agent: selenium/4.8.1 (java mac)
Content-Length: 176
Content-Type: application/json; charset=utf-8
host: localhost:43153
accept: */*

Response DefaultHttpResponse(decodeResult: success, version: HTTP/1.1)
HTTP/1.1 200 OK
Content-Length: 21667
Content-Type: application/json; charset=utf-8
cache-control: no-cache

20:07:14.381 [AsyncHttpClient-1-11] DEBUG org.asynchttpclient.netty.channel.ChannelManager - Adding key: http://localhost:43153 for channel [id: 0x023c0d64, L:/127.0.0.1:56283 - R:localhost/127.0.0.1:43153]
20:07:14.386 [Forwarding getCurrentUrl on session 6c6824321f37d23c92d1d2b851be6e7b to remote] DEBUG org.asynchttpclient.netty.request.NettyRequestSender - Using pooled Channel '[id: 0x023c0d64, L:/127.0.0.1:56283 - R:localhost/127.0.0.1:43153]' for 'GET' to 'http://localhost:43153/session/6c6824321f37d23c92d1d2b851be6e7b/url'
20:07:14.386 [Forwarding getCurrentUrl on session 6c6824321f37d23c92d1d2b851be6e7b to remote] DEBUG org.asynchttpclient.netty.request.NettyRequestSender - Using open Channel [id: 0x023c0d64, L:/127.0.0.1:56283 - R:localhost/127.0.0.1:43153] for GET '/session/6c6824321f37d23c92d1d2b851be6e7b/url'
20:07:14.388 [AsyncHttpClient-1-11] DEBUG org.asynchttpclient.netty.handler.HttpHandler - 

Request DefaultFullHttpRequest(decodeResult: success, version: HTTP/1.1, content: EmptyByteBufBE)
GET /session/6c6824321f37d23c92d1d2b851be6e7b/url HTTP/1.1
User-Agent: selenium/4.8.1 (java mac)
Cache-Control: no-cache
Content-Type: application/json; charset=utf-8
host: localhost:43153
accept: */*

Response DefaultHttpResponse(decodeResult: success, version: HTTP/1.1)
HTTP/1.1 200 OK
Content-Length: 51
Content-Type: application/json; charset=utf-8
cache-control: no-cache

20:07:14.388 [AsyncHttpClient-1-11] DEBUG org.asynchttpclient.netty.channel.ChannelManager - Adding key: http://localhost:43153 for channel [id: 0x023c0d64, L:/127.0.0.1:56283 - R:localhost/127.0.0.1:43153]
20:07:14.397 [Forwarding getPageSource on session 6c6824321f37d23c92d1d2b851be6e7b to remote] DEBUG org.asynchttpclient.netty.request.NettyRequestSender - Using pooled Channel '[id: 0x023c0d64, L:/127.0.0.1:56283 - R:localhost/127.0.0.1:43153]' for 'POST' to 'http://localhost:43153/session/6c6824321f37d23c92d1d2b851be6e7b/execute/sync'
20:07:14.397 [Forwarding getPageSource on session 6c6824321f37d23c92d1d2b851be6e7b to remote] DEBUG org.asynchttpclient.netty.request.NettyRequestSender - Using open Channel [id: 0x023c0d64, L:/127.0.0.1:56283 - R:localhost/127.0.0.1:43153] for POST '/session/6c6824321f37d23c92d1d2b851be6e7b/execute/sync'
20:07:14.401 [AsyncHttpClient-1-11] DEBUG org.asynchttpclient.netty.handler.HttpHandler - 

Request DefaultHttpRequest(decodeResult: success, version: HTTP/1.1)
POST /session/6c6824321f37d23c92d1d2b851be6e7b/execute/sync HTTP/1.1
User-Agent: selenium/4.8.1 (java mac)
Content-Length: 176
Content-Type: application/json; charset=utf-8
host: localhost:43153
accept: */*

Response DefaultHttpResponse(decodeResult: success, version: HTTP/1.1)
HTTP/1.1 200 OK
Content-Length: 21667
Content-Type: application/json; charset=utf-8
cache-control: no-cache

20:07:14.401 [AsyncHttpClient-1-11] DEBUG org.asynchttpclient.netty.channel.ChannelManager - Adding key: http://localhost:43153 for channel [id: 0x023c0d64, L:/127.0.0.1:56283 - R:localhost/127.0.0.1:43153]
20:07:14.411 [Forwarding getCurrentUrl on session 6c6824321f37d23c92d1d2b851be6e7b to remote] DEBUG org.asynchttpclient.netty.request.NettyRequestSender - Using pooled Channel '[id: 0x023c0d64, L:/127.0.0.1:56283 - R:localhost/127.0.0.1:43153]' for 'GET' to 'http://localhost:43153/session/6c6824321f37d23c92d1d2b851be6e7b/url'
20:07:14.412 [Forwarding getCurrentUrl on session 6c6824321f37d23c92d1d2b851be6e7b to remote] DEBUG org.asynchttpclient.netty.request.NettyRequestSender - Using open Channel [id: 0x023c0d64, L:/127.0.0.1:56283 - R:localhost/127.0.0.1:43153] for GET '/session/6c6824321f37d23c92d1d2b851be6e7b/url'
20:07:14.414 [AsyncHttpClient-1-11] DEBUG org.asynchttpclient.netty.handler.HttpHandler - 

Request DefaultFullHttpRequest(decodeResult: success, version: HTTP/1.1, content: EmptyByteBufBE)
GET /session/6c6824321f37d23c92d1d2b851be6e7b/url HTTP/1.1
User-Agent: selenium/4.8.1 (java mac)
Cache-Control: no-cache
Content-Type: application/json; charset=utf-8
host: localhost:43153
accept: */*

Response DefaultHttpResponse(decodeResult: success, version: HTTP/1.1)
HTTP/1.1 200 OK
Content-Length: 51
Content-Type: application/json; charset=utf-8
cache-control: no-cache

20:07:14.415 [AsyncHttpClient-1-11] DEBUG org.asynchttpclient.netty.channel.ChannelManager - Adding key: http://localhost:43153 for channel [id: 0x023c0d64, L:/127.0.0.1:56283 - R:localhost/127.0.0.1:43153]
20:07:14.416 [main] DEBUG net.thucydides.core.steps.StepInterceptor - STARTING STEP: buyToAddCartSteps.doEnterValidUsername - inputEmail
20:07:14.420 [Forwarding findElement on session 6c6824321f37d23c92d1d2b851be6e7b to remote] DEBUG org.asynchttpclient.netty.request.NettyRequestSender - Using pooled Channel '[id: 0x023c0d64, L:/127.0.0.1:56283 - R:localhost/127.0.0.1:43153]' for 'POST' to 'http://localhost:43153/session/6c6824321f37d23c92d1d2b851be6e7b/element'
20:07:14.420 [Forwarding findElement on session 6c6824321f37d23c92d1d2b851be6e7b to remote] DEBUG org.asynchttpclient.netty.request.NettyRequestSender - Using open Channel [id: 0x023c0d64, L:/127.0.0.1:56283 - R:localhost/127.0.0.1:43153] for POST '/session/6c6824321f37d23c92d1d2b851be6e7b/element'
20:07:14.463 [AsyncHttpClient-1-11] DEBUG org.asynchttpclient.netty.handler.HttpHandler - 

Request DefaultHttpRequest(decodeResult: success, version: HTTP/1.1)
POST /session/6c6824321f37d23c92d1d2b851be6e7b/element HTTP/1.1
User-Agent: selenium/4.8.1 (java mac)
Content-Length: 100
Content-Type: application/json; charset=utf-8
host: localhost:43153
accept: */*

Response DefaultHttpResponse(decodeResult: success, version: HTTP/1.1)
HTTP/1.1 200 OK
Content-Length: 88
Content-Type: application/json; charset=utf-8
cache-control: no-cache

20:07:14.464 [AsyncHttpClient-1-11] DEBUG org.asynchttpclient.netty.channel.ChannelManager - Adding key: http://localhost:43153 for channel [id: 0x023c0d64, L:/127.0.0.1:56283 - R:localhost/127.0.0.1:43153]
20:07:14.468 [Forwarding clearElement on session 6c6824321f37d23c92d1d2b851be6e7b to remote] DEBUG org.asynchttpclient.netty.request.NettyRequestSender - Using pooled Channel '[id: 0x023c0d64, L:/127.0.0.1:56283 - R:localhost/127.0.0.1:43153]' for 'POST' to 'http://localhost:43153/session/6c6824321f37d23c92d1d2b851be6e7b/element/9115e139-4252-4889-9650-3aa0776fce6f/clear'
20:07:14.468 [Forwarding clearElement on session 6c6824321f37d23c92d1d2b851be6e7b to remote] DEBUG org.asynchttpclient.netty.request.NettyRequestSender - Using open Channel [id: 0x023c0d64, L:/127.0.0.1:56283 - R:localhost/127.0.0.1:43153] for POST '/session/6c6824321f37d23c92d1d2b851be6e7b/element/9115e139-4252-4889-9650-3aa0776fce6f/clear'
20:07:14.644 [AsyncHttpClient-1-11] DEBUG org.asynchttpclient.netty.handler.HttpHandler - 

Request DefaultHttpRequest(decodeResult: success, version: HTTP/1.1)
POST /session/6c6824321f37d23c92d1d2b851be6e7b/element/9115e139-4252-4889-9650-3aa0776fce6f/clear HTTP/1.1
User-Agent: selenium/4.8.1 (java mac)
Content-Length: 50
Content-Type: application/json; charset=utf-8
host: localhost:43153
accept: */*

Response DefaultHttpResponse(decodeResult: success, version: HTTP/1.1)
HTTP/1.1 200 OK
Content-Length: 14
Content-Type: application/json; charset=utf-8
cache-control: no-cache

20:07:14.645 [AsyncHttpClient-1-11] DEBUG org.asynchttpclient.netty.channel.ChannelManager - Adding key: http://localhost:43153 for channel [id: 0x023c0d64, L:/127.0.0.1:56283 - R:localhost/127.0.0.1:43153]
20:07:14.654 [Forwarding sendKeysToElement on session 6c6824321f37d23c92d1d2b851be6e7b to remote] DEBUG org.asynchttpclient.netty.request.NettyRequestSender - Using pooled Channel '[id: 0x023c0d64, L:/127.0.0.1:56283 - R:localhost/127.0.0.1:43153]' for 'POST' to 'http://localhost:43153/session/6c6824321f37d23c92d1d2b851be6e7b/element/9115e139-4252-4889-9650-3aa0776fce6f/value'
20:07:14.654 [Forwarding sendKeysToElement on session 6c6824321f37d23c92d1d2b851be6e7b to remote] DEBUG org.asynchttpclient.netty.request.NettyRequestSender - Using open Channel [id: 0x023c0d64, L:/127.0.0.1:56283 - R:localhost/127.0.0.1:43153] for POST '/session/6c6824321f37d23c92d1d2b851be6e7b/element/9115e139-4252-4889-9650-3aa0776fce6f/value'
20:07:14.954 [AsyncHttpClient-1-1] DEBUG org.asynchttpclient.netty.channel.DefaultChannelPool - Entry count for : http://localhost:56284 : 1
20:07:15.555 [AsyncHttpClient-1-11] DEBUG org.asynchttpclient.netty.handler.HttpHandler - 

Request DefaultHttpRequest(decodeResult: success, version: HTTP/1.1)
POST /session/6c6824321f37d23c92d1d2b851be6e7b/element/9115e139-4252-4889-9650-3aa0776fce6f/value HTTP/1.1
User-Agent: selenium/4.8.1 (java mac)
Content-Length: 241
Content-Type: application/json; charset=utf-8
host: localhost:43153
accept: */*

Response DefaultHttpResponse(decodeResult: success, version: HTTP/1.1)
HTTP/1.1 200 OK
Content-Length: 14
Content-Type: application/json; charset=utf-8
cache-control: no-cache

20:07:15.558 [AsyncHttpClient-1-11] DEBUG org.asynchttpclient.netty.channel.ChannelManager - Adding key: http://localhost:43153 for channel [id: 0x023c0d64, L:/127.0.0.1:56283 - R:localhost/127.0.0.1:43153]
20:07:15.573 [Forwarding getAlertText on session 6c6824321f37d23c92d1d2b851be6e7b to remote] DEBUG org.asynchttpclient.netty.request.NettyRequestSender - Using pooled Channel '[id: 0x023c0d64, L:/127.0.0.1:56283 - R:localhost/127.0.0.1:43153]' for 'GET' to 'http://localhost:43153/session/6c6824321f37d23c92d1d2b851be6e7b/alert/text'
20:07:15.573 [Forwarding getAlertText on session 6c6824321f37d23c92d1d2b851be6e7b to remote] DEBUG org.asynchttpclient.netty.request.NettyRequestSender - Using open Channel [id: 0x023c0d64, L:/127.0.0.1:56283 - R:localhost/127.0.0.1:43153] for GET '/session/6c6824321f37d23c92d1d2b851be6e7b/alert/text'
20:07:15.575 [AsyncHttpClient-1-11] DEBUG org.asynchttpclient.netty.handler.HttpHandler - 

Request DefaultFullHttpRequest(decodeResult: success, version: HTTP/1.1, content: EmptyByteBufBE)
GET /session/6c6824321f37d23c92d1d2b851be6e7b/alert/text HTTP/1.1
User-Agent: selenium/4.8.1 (java mac)
Cache-Control: no-cache
Content-Type: application/json; charset=utf-8
host: localhost:43153
accept: */*

Response DefaultHttpResponse(decodeResult: success, version: HTTP/1.1)
HTTP/1.1 404 Not Found
Content-Length: 1763
Content-Type: application/json; charset=utf-8
cache-control: no-cache

20:07:15.575 [AsyncHttpClient-1-11] DEBUG org.asynchttpclient.netty.channel.ChannelManager - Adding key: http://localhost:43153 for channel [id: 0x023c0d64, L:/127.0.0.1:56283 - R:localhost/127.0.0.1:43153]
20:07:15.578 [Forwarding getCurrentUrl on session 6c6824321f37d23c92d1d2b851be6e7b to remote] DEBUG org.asynchttpclient.netty.request.NettyRequestSender - Using pooled Channel '[id: 0x023c0d64, L:/127.0.0.1:56283 - R:localhost/127.0.0.1:43153]' for 'GET' to 'http://localhost:43153/session/6c6824321f37d23c92d1d2b851be6e7b/url'
20:07:15.578 [Forwarding getCurrentUrl on session 6c6824321f37d23c92d1d2b851be6e7b to remote] DEBUG org.asynchttpclient.netty.request.NettyRequestSender - Using open Channel [id: 0x023c0d64, L:/127.0.0.1:56283 - R:localhost/127.0.0.1:43153] for GET '/session/6c6824321f37d23c92d1d2b851be6e7b/url'
20:07:15.580 [AsyncHttpClient-1-11] DEBUG org.asynchttpclient.netty.handler.HttpHandler - 

Request DefaultFullHttpRequest(decodeResult: success, version: HTTP/1.1, content: EmptyByteBufBE)
GET /session/6c6824321f37d23c92d1d2b851be6e7b/url HTTP/1.1
User-Agent: selenium/4.8.1 (java mac)
Cache-Control: no-cache
Content-Type: application/json; charset=utf-8
host: localhost:43153
accept: */*

Response DefaultHttpResponse(decodeResult: success, version: HTTP/1.1)
HTTP/1.1 200 OK
Content-Length: 51
Content-Type: application/json; charset=utf-8
cache-control: no-cache

20:07:15.581 [AsyncHttpClient-1-11] DEBUG org.asynchttpclient.netty.channel.ChannelManager - Adding key: http://localhost:43153 for channel [id: 0x023c0d64, L:/127.0.0.1:56283 - R:localhost/127.0.0.1:43153]
20:07:15.581 [Forwarding screenshot on session 6c6824321f37d23c92d1d2b851be6e7b to remote] DEBUG org.asynchttpclient.netty.request.NettyRequestSender - Using pooled Channel '[id: 0x023c0d64, L:/127.0.0.1:56283 - R:localhost/127.0.0.1:43153]' for 'GET' to 'http://localhost:43153/session/6c6824321f37d23c92d1d2b851be6e7b/screenshot'
20:07:15.581 [Forwarding screenshot on session 6c6824321f37d23c92d1d2b851be6e7b to remote] DEBUG org.asynchttpclient.netty.request.NettyRequestSender - Using open Channel [id: 0x023c0d64, L:/127.0.0.1:56283 - R:localhost/127.0.0.1:43153] for GET '/session/6c6824321f37d23c92d1d2b851be6e7b/screenshot'
20:07:15.783 [AsyncHttpClient-1-11] DEBUG org.asynchttpclient.netty.handler.HttpHandler - 

Request DefaultFullHttpRequest(decodeResult: success, version: HTTP/1.1, content: EmptyByteBufBE)
GET /session/6c6824321f37d23c92d1d2b851be6e7b/screenshot HTTP/1.1
User-Agent: selenium/4.8.1 (java mac)
Cache-Control: no-cache
Content-Type: application/json; charset=utf-8
host: localhost:43153
accept: */*

Response DefaultHttpResponse(decodeResult: success, version: HTTP/1.1)
HTTP/1.1 200 OK
Content-Length: 70656
Content-Type: application/json; charset=utf-8
cache-control: no-cache

20:07:15.784 [AsyncHttpClient-1-11] DEBUG org.asynchttpclient.netty.channel.ChannelManager - Adding key: http://localhost:43153 for channel [id: 0x023c0d64, L:/127.0.0.1:56283 - R:localhost/127.0.0.1:43153]
20:07:15.789 [main] DEBUG net.serenitybdd.core.photography.Darkroom - Send negative for processing for target/site/serenity/343d2202dcd1c61e53d6a21562ebe55fa416e3decbaf5267291a81cbf1934e5b.png
20:07:15.790 [Darkroom Processing Line] DEBUG net.serenitybdd.core.photography.DarkroomProcessingLine - Processing screenshot image in /var/screenshots/screenshot-3716148851859677977
20:07:15.790 [Darkroom Processing Line] DEBUG net.serenitybdd.core.photography.DarkroomProcessingLine - Saving screenshot to target/site/serenity/343d2202dcd1c61e53d6a21562ebe55fa416e3decbaf5267291a81cbf1934e5b.png
20:07:15.790 [main] DEBUG net.thucydides.core.steps.StepInterceptor - STEP DONE: inputEmail
  &amp#27;[32mWhen &amp#27;[0m&amp#27;[32mI enter valid username to view all products1&amp#27;[0m        &amp#27;[90m# starter.stepdefinitions.buyToAddCartSteps.doEnterValidUsername()&amp#27;[0m
20:07:15.800 [Forwarding getPageSource on session 6c6824321f37d23c92d1d2b851be6e7b to remote] DEBUG org.asynchttpclient.netty.request.NettyRequestSender - Using pooled Channel '[id: 0x023c0d64, L:/127.0.0.1:56283 - R:localhost/127.0.0.1:43153]' for 'POST' to 'http://localhost:43153/session/6c6824321f37d23c92d1d2b851be6e7b/execute/sync'
20:07:15.800 [Forwarding getPageSource on session 6c6824321f37d23c92d1d2b851be6e7b to remote] DEBUG org.asynchttpclient.netty.request.NettyRequestSender - Using open Channel [id: 0x023c0d64, L:/127.0.0.1:56283 - R:localhost/127.0.0.1:43153] for POST '/session/6c6824321f37d23c92d1d2b851be6e7b/execute/sync'
20:07:15.803 [AsyncHttpClient-1-11] DEBUG org.asynchttpclient.netty.handler.HttpHandler - 

Request DefaultHttpRequest(decodeResult: success, version: HTTP/1.1)
POST /session/6c6824321f37d23c92d1d2b851be6e7b/execute/sync HTTP/1.1
User-Agent: selenium/4.8.1 (java mac)
Content-Length: 176
Content-Type: application/json; charset=utf-8
host: localhost:43153
accept: */*

Response DefaultHttpResponse(decodeResult: success, version: HTTP/1.1)
HTTP/1.1 200 OK
Content-Length: 21788
Content-Type: application/json; charset=utf-8
cache-control: no-cache

20:07:15.804 [AsyncHttpClient-1-11] DEBUG org.asynchttpclient.netty.channel.ChannelManager - Adding key: http://localhost:43153 for channel [id: 0x023c0d64, L:/127.0.0.1:56283 - R:localhost/127.0.0.1:43153]
20:07:15.807 [Forwarding getCurrentUrl on session 6c6824321f37d23c92d1d2b851be6e7b to remote] DEBUG org.asynchttpclient.netty.request.NettyRequestSender - Using pooled Channel '[id: 0x023c0d64, L:/127.0.0.1:56283 - R:localhost/127.0.0.1:43153]' for 'GET' to 'http://localhost:43153/session/6c6824321f37d23c92d1d2b851be6e7b/url'
20:07:15.807 [Forwarding getCurrentUrl on session 6c6824321f37d23c92d1d2b851be6e7b to remote] DEBUG org.asynchttpclient.netty.request.NettyRequestSender - Using open Channel [id: 0x023c0d64, L:/127.0.0.1:56283 - R:localhost/127.0.0.1:43153] for GET '/session/6c6824321f37d23c92d1d2b851be6e7b/url'
20:07:15.809 [AsyncHttpClient-1-11] DEBUG org.asynchttpclient.netty.handler.HttpHandler - 

Request DefaultFullHttpRequest(decodeResult: success, version: HTTP/1.1, content: EmptyByteBufBE)
GET /session/6c6824321f37d23c92d1d2b851be6e7b/url HTTP/1.1
User-Agent: selenium/4.8.1 (java mac)
Cache-Control: no-cache
Content-Type: application/json; charset=utf-8
host: localhost:43153
accept: */*

Response DefaultHttpResponse(decodeResult: success, version: HTTP/1.1)
HTTP/1.1 200 OK
Content-Length: 51
Content-Type: application/json; charset=utf-8
cache-control: no-cache

20:07:15.809 [AsyncHttpClient-1-11] DEBUG org.asynchttpclient.netty.channel.ChannelManager - Adding key: http://localhost:43153 for channel [id: 0x023c0d64, L:/127.0.0.1:56283 - R:localhost/127.0.0.1:43153]
20:07:15.817 [Forwarding getPageSource on session 6c6824321f37d23c92d1d2b851be6e7b to remote] DEBUG org.asynchttpclient.netty.request.NettyRequestSender - Using pooled Channel '[id: 0x023c0d64, L:/127.0.0.1:56283 - R:localhost/127.0.0.1:43153]' for 'POST' to 'http://localhost:43153/session/6c6824321f37d23c92d1d2b851be6e7b/execute/sync'
20:07:15.817 [Forwarding getPageSource on session 6c6824321f37d23c92d1d2b851be6e7b to remote] DEBUG org.asynchttpclient.netty.request.NettyRequestSender - Using open Channel [id: 0x023c0d64, L:/127.0.0.1:56283 - R:localhost/127.0.0.1:43153] for POST '/session/6c6824321f37d23c92d1d2b851be6e7b/execute/sync'
20:07:15.819 [AsyncHttpClient-1-11] DEBUG org.asynchttpclient.netty.handler.HttpHandler - 

Request DefaultHttpRequest(decodeResult: success, version: HTTP/1.1)
POST /session/6c6824321f37d23c92d1d2b851be6e7b/execute/sync HTTP/1.1
User-Agent: selenium/4.8.1 (java mac)
Content-Length: 176
Content-Type: application/json; charset=utf-8
host: localhost:43153
accept: */*

Response DefaultHttpResponse(decodeResult: success, version: HTTP/1.1)
HTTP/1.1 200 OK
Content-Length: 21788
Content-Type: application/json; charset=utf-8
cache-control: no-cache

20:07:15.820 [AsyncHttpClient-1-11] DEBUG org.asynchttpclient.netty.channel.ChannelManager - Adding key: http://localhost:43153 for channel [id: 0x023c0d64, L:/127.0.0.1:56283 - R:localhost/127.0.0.1:43153]
20:07:15.822 [Forwarding getCurrentUrl on session 6c6824321f37d23c92d1d2b851be6e7b to remote] DEBUG org.asynchttpclient.netty.request.NettyRequestSender - Using pooled Channel '[id: 0x023c0d64, L:/127.0.0.1:56283 - R:localhost/127.0.0.1:43153]' for 'GET' to 'http://localhost:43153/session/6c6824321f37d23c92d1d2b851be6e7b/url'
20:07:15.822 [Forwarding getCurrentUrl on session 6c6824321f37d23c92d1d2b851be6e7b to remote] DEBUG org.asynchttpclient.netty.request.NettyRequestSender - Using open Channel [id: 0x023c0d64, L:/127.0.0.1:56283 - R:localhost/127.0.0.1:43153] for GET '/session/6c6824321f37d23c92d1d2b851be6e7b/url'
20:07:15.825 [AsyncHttpClient-1-11] DEBUG org.asynchttpclient.netty.handler.HttpHandler - 

Request DefaultFullHttpRequest(decodeResult: success, version: HTTP/1.1, content: EmptyByteBufBE)
GET /session/6c6824321f37d23c92d1d2b851be6e7b/url HTTP/1.1
User-Agent: selenium/4.8.1 (java mac)
Cache-Control: no-cache
Content-Type: application/json; charset=utf-8
host: localhost:43153
accept: */*

Response DefaultHttpResponse(decodeResult: success, version: HTTP/1.1)
HTTP/1.1 200 OK
Content-Length: 51
Content-Type: application/json; charset=utf-8
cache-control: no-cache

20:07:15.825 [AsyncHttpClient-1-11] DEBUG org.asynchttpclient.netty.channel.ChannelManager - Adding key: http://localhost:43153 for channel [id: 0x023c0d64, L:/127.0.0.1:56283 - R:localhost/127.0.0.1:43153]
20:07:15.826 [main] DEBUG net.thucydides.core.steps.StepInterceptor - STARTING STEP: buyToAddCartSteps.doEnterValidPassword - inputPassword
20:07:15.828 [Forwarding findElement on session 6c6824321f37d23c92d1d2b851be6e7b to remote] DEBUG org.asynchttpclient.netty.request.NettyRequestSender - Using pooled Channel '[id: 0x023c0d64, L:/127.0.0.1:56283 - R:localhost/127.0.0.1:43153]' for 'POST' to 'http://localhost:43153/session/6c6824321f37d23c92d1d2b851be6e7b/element'
20:07:15.828 [Forwarding findElement on session 6c6824321f37d23c92d1d2b851be6e7b to remote] DEBUG org.asynchttpclient.netty.request.NettyRequestSender - Using open Channel [id: 0x023c0d64, L:/127.0.0.1:56283 - R:localhost/127.0.0.1:43153] for POST '/session/6c6824321f37d23c92d1d2b851be6e7b/element'
20:07:15.836 [AsyncHttpClient-1-11] DEBUG org.asynchttpclient.netty.handler.HttpHandler - 

Request DefaultHttpRequest(decodeResult: success, version: HTTP/1.1)
POST /session/6c6824321f37d23c92d1d2b851be6e7b/element HTTP/1.1
User-Agent: selenium/4.8.1 (java mac)
Content-Length: 103
Content-Type: application/json; charset=utf-8
host: localhost:43153
accept: */*

Response DefaultHttpResponse(decodeResult: success, version: HTTP/1.1)
HTTP/1.1 200 OK
Content-Length: 88
Content-Type: application/json; charset=utf-8
cache-control: no-cache

20:07:15.837 [AsyncHttpClient-1-11] DEBUG org.asynchttpclient.netty.channel.ChannelManager - Adding key: http://localhost:43153 for channel [id: 0x023c0d64, L:/127.0.0.1:56283 - R:localhost/127.0.0.1:43153]
20:07:15.838 [Forwarding clearElement on session 6c6824321f37d23c92d1d2b851be6e7b to remote] DEBUG org.asynchttpclient.netty.request.NettyRequestSender - Using pooled Channel '[id: 0x023c0d64, L:/127.0.0.1:56283 - R:localhost/127.0.0.1:43153]' for 'POST' to 'http://localhost:43153/session/6c6824321f37d23c92d1d2b851be6e7b/element/e100e9f4-8a05-47be-b169-04b04460c3d0/clear'
20:07:15.838 [Forwarding clearElement on session 6c6824321f37d23c92d1d2b851be6e7b to remote] DEBUG org.asynchttpclient.netty.request.NettyRequestSender - Using open Channel [id: 0x023c0d64, L:/127.0.0.1:56283 - R:localhost/127.0.0.1:43153] for POST '/session/6c6824321f37d23c92d1d2b851be6e7b/element/e100e9f4-8a05-47be-b169-04b04460c3d0/clear'
20:07:15.858 [AsyncHttpClient-1-11] DEBUG org.asynchttpclient.netty.handler.HttpHandler - 

Request DefaultHttpRequest(decodeResult: success, version: HTTP/1.1)
POST /session/6c6824321f37d23c92d1d2b851be6e7b/element/e100e9f4-8a05-47be-b169-04b04460c3d0/clear HTTP/1.1
User-Agent: selenium/4.8.1 (java mac)
Content-Length: 50
Content-Type: application/json; charset=utf-8
host: localhost:43153
accept: */*

Response DefaultHttpResponse(decodeResult: success, version: HTTP/1.1)
HTTP/1.1 200 OK
Content-Length: 14
Content-Type: application/json; charset=utf-8
cache-control: no-cache

20:07:15.858 [AsyncHttpClient-1-11] DEBUG org.asynchttpclient.netty.channel.ChannelManager - Adding key: http://localhost:43153 for channel [id: 0x023c0d64, L:/127.0.0.1:56283 - R:localhost/127.0.0.1:43153]
20:07:15.860 [Forwarding sendKeysToElement on session 6c6824321f37d23c92d1d2b851be6e7b to remote] DEBUG org.asynchttpclient.netty.request.NettyRequestSender - Using pooled Channel '[id: 0x023c0d64, L:/127.0.0.1:56283 - R:localhost/127.0.0.1:43153]' for 'POST' to 'http://localhost:43153/session/6c6824321f37d23c92d1d2b851be6e7b/element/e100e9f4-8a05-47be-b169-04b04460c3d0/value'
20:07:15.860 [Forwarding sendKeysToElement on session 6c6824321f37d23c92d1d2b851be6e7b to remote] DEBUG org.asynchttpclient.netty.request.NettyRequestSender - Using open Channel [id: 0x023c0d64, L:/127.0.0.1:56283 - R:localhost/127.0.0.1:43153] for POST '/session/6c6824321f37d23c92d1d2b851be6e7b/element/e100e9f4-8a05-47be-b169-04b04460c3d0/value'
20:07:15.977 [AsyncHttpClient-1-11] DEBUG org.asynchttpclient.netty.handler.HttpHandler - 

Request DefaultHttpRequest(decodeResult: success, version: HTTP/1.1)
POST /session/6c6824321f37d23c92d1d2b851be6e7b/element/e100e9f4-8a05-47be-b169-04b04460c3d0/value HTTP/1.1
User-Agent: selenium/4.8.1 (java mac)
Content-Length: 141
Content-Type: application/json; charset=utf-8
host: localhost:43153
accept: */*

Response DefaultHttpResponse(decodeResult: success, version: HTTP/1.1)
HTTP/1.1 200 OK
Content-Length: 14
Content-Type: application/json; charset=utf-8
cache-control: no-cache

20:07:15.977 [AsyncHttpClient-1-11] DEBUG org.asynchttpclient.netty.channel.ChannelManager - Adding key: http://localhost:43153 for channel [id: 0x023c0d64, L:/127.0.0.1:56283 - R:localhost/127.0.0.1:43153]
20:07:15.983 [Forwarding getAlertText on session 6c6824321f37d23c92d1d2b851be6e7b to remote] DEBUG org.asynchttpclient.netty.request.NettyRequestSender - Using pooled Channel '[id: 0x023c0d64, L:/127.0.0.1:56283 - R:localhost/127.0.0.1:43153]' for 'GET' to 'http://localhost:43153/session/6c6824321f37d23c92d1d2b851be6e7b/alert/text'
20:07:15.983 [Forwarding getAlertText on session 6c6824321f37d23c92d1d2b851be6e7b to remote] DEBUG org.asynchttpclient.netty.request.NettyRequestSender - Using open Channel [id: 0x023c0d64, L:/127.0.0.1:56283 - R:localhost/127.0.0.1:43153] for GET '/session/6c6824321f37d23c92d1d2b851be6e7b/alert/text'
20:07:15.985 [AsyncHttpClient-1-11] DEBUG org.asynchttpclient.netty.handler.HttpHandler - 

Request DefaultFullHttpRequest(decodeResult: success, version: HTTP/1.1, content: EmptyByteBufBE)
GET /session/6c6824321f37d23c92d1d2b851be6e7b/alert/text HTTP/1.1
User-Agent: selenium/4.8.1 (java mac)
Cache-Control: no-cache
Content-Type: application/json; charset=utf-8
host: localhost:43153
accept: */*

Response DefaultHttpResponse(decodeResult: success, version: HTTP/1.1)
HTTP/1.1 404 Not Found
Content-Length: 1763
Content-Type: application/json; charset=utf-8
cache-control: no-cache

20:07:15.985 [AsyncHttpClient-1-11] DEBUG org.asynchttpclient.netty.channel.ChannelManager - Adding key: http://localhost:43153 for channel [id: 0x023c0d64, L:/127.0.0.1:56283 - R:localhost/127.0.0.1:43153]
20:07:15.986 [Forwarding getCurrentUrl on session 6c6824321f37d23c92d1d2b851be6e7b to remote] DEBUG org.asynchttpclient.netty.request.NettyRequestSender - Using pooled Channel '[id: 0x023c0d64, L:/127.0.0.1:56283 - R:localhost/127.0.0.1:43153]' for 'GET' to 'http://localhost:43153/session/6c6824321f37d23c92d1d2b851be6e7b/url'
20:07:15.986 [Forwarding getCurrentUrl on session 6c6824321f37d23c92d1d2b851be6e7b to remote] DEBUG org.asynchttpclient.netty.request.NettyRequestSender - Using open Channel [id: 0x023c0d64, L:/127.0.0.1:56283 - R:localhost/127.0.0.1:43153] for GET '/session/6c6824321f37d23c92d1d2b851be6e7b/url'
20:07:15.989 [AsyncHttpClient-1-11] DEBUG org.asynchttpclient.netty.handler.HttpHandler - 

Request DefaultFullHttpRequest(decodeResult: success, version: HTTP/1.1, content: EmptyByteBufBE)
GET /session/6c6824321f37d23c92d1d2b851be6e7b/url HTTP/1.1
User-Agent: selenium/4.8.1 (java mac)
Cache-Control: no-cache
Content-Type: application/json; charset=utf-8
host: localhost:43153
accept: */*

Response DefaultHttpResponse(decodeResult: success, version: HTTP/1.1)
HTTP/1.1 200 OK
Content-Length: 51
Content-Type: application/json; charset=utf-8
cache-control: no-cache

20:07:15.989 [AsyncHttpClient-1-11] DEBUG org.asynchttpclient.netty.channel.ChannelManager - Adding key: http://localhost:43153 for channel [id: 0x023c0d64, L:/127.0.0.1:56283 - R:localhost/127.0.0.1:43153]
20:07:15.990 [Forwarding screenshot on session 6c6824321f37d23c92d1d2b851be6e7b to remote] DEBUG org.asynchttpclient.netty.request.NettyRequestSender - Using pooled Channel '[id: 0x023c0d64, L:/127.0.0.1:56283 - R:localhost/127.0.0.1:43153]' for 'GET' to 'http://localhost:43153/session/6c6824321f37d23c92d1d2b851be6e7b/screenshot'
20:07:15.990 [Forwarding screenshot on session 6c6824321f37d23c92d1d2b851be6e7b to remote] DEBUG org.asynchttpclient.netty.request.NettyRequestSender - Using open Channel [id: 0x023c0d64, L:/127.0.0.1:56283 - R:localhost/127.0.0.1:43153] for GET '/session/6c6824321f37d23c92d1d2b851be6e7b/screenshot'
20:07:16.045 [AsyncHttpClient-1-1] DEBUG org.asynchttpclient.netty.channel.DefaultChannelPool - Entry count for : http://localhost:56284 : 1
20:07:16.176 [AsyncHttpClient-1-11] DEBUG org.asynchttpclient.netty.handler.HttpHandler - 

Request DefaultFullHttpRequest(decodeResult: success, version: HTTP/1.1, content: EmptyByteBufBE)
GET /session/6c6824321f37d23c92d1d2b851be6e7b/screenshot HTTP/1.1
User-Agent: selenium/4.8.1 (java mac)
Cache-Control: no-cache
Content-Type: application/json; charset=utf-8
host: localhost:43153
accept: */*

Response DefaultHttpResponse(decodeResult: success, version: HTTP/1.1)
HTTP/1.1 200 OK
Content-Length: 74692
Content-Type: application/json; charset=utf-8
cache-control: no-cache

20:07:16.177 [AsyncHttpClient-1-11] DEBUG org.asynchttpclient.netty.channel.ChannelManager - Adding key: http://localhost:43153 for channel [id: 0x023c0d64, L:/127.0.0.1:56283 - R:localhost/127.0.0.1:43153]
20:07:16.181 [main] DEBUG net.serenitybdd.core.photography.Darkroom - Send negative for processing for target/site/serenity/f4888040c0fd99e5fb64ef2f0e72f3a7fcd5ea69fdc0ee0e505c4252953500d9.png
20:07:16.181 [Darkroom Processing Line] DEBUG net.serenitybdd.core.photography.DarkroomProcessingLine - Processing screenshot image in /var/screenshots/screenshot-3299793681934295704
20:07:16.181 [Darkroom Processing Line] DEBUG net.serenitybdd.core.photography.DarkroomProcessingLine - Saving screenshot to target/site/serenity/f4888040c0fd99e5fb64ef2f0e72f3a7fcd5ea69fdc0ee0e505c4252953500d9.png
20:07:16.181 [main] DEBUG net.thucydides.core.steps.StepInterceptor - STEP DONE: inputPassword
  &amp#27;[32mAnd &amp#27;[0m&amp#27;[32mI enter valid password to view all products1&amp#27;[0m         &amp#27;[90m# starter.stepdefinitions.buyToAddCartSteps.doEnterValidPassword()&amp#27;[0m
20:07:16.191 [Forwarding getPageSource on session 6c6824321f37d23c92d1d2b851be6e7b to remote] DEBUG org.asynchttpclient.netty.request.NettyRequestSender - Using pooled Channel '[id: 0x023c0d64, L:/127.0.0.1:56283 - R:localhost/127.0.0.1:43153]' for 'POST' to 'http://localhost:43153/session/6c6824321f37d23c92d1d2b851be6e7b/execute/sync'
20:07:16.191 [Forwarding getPageSource on session 6c6824321f37d23c92d1d2b851be6e7b to remote] DEBUG org.asynchttpclient.netty.request.NettyRequestSender - Using open Channel [id: 0x023c0d64, L:/127.0.0.1:56283 - R:localhost/127.0.0.1:43153] for POST '/session/6c6824321f37d23c92d1d2b851be6e7b/execute/sync'
20:07:16.197 [AsyncHttpClient-1-11] DEBUG org.asynchttpclient.netty.handler.HttpHandler - 

Request DefaultHttpRequest(decodeResult: success, version: HTTP/1.1)
POST /session/6c6824321f37d23c92d1d2b851be6e7b/execute/sync HTTP/1.1
User-Agent: selenium/4.8.1 (java mac)
Content-Length: 176
Content-Type: application/json; charset=utf-8
host: localhost:43153
accept: */*

Response DefaultHttpResponse(decodeResult: success, version: HTTP/1.1)
HTTP/1.1 200 OK
Content-Length: 21847
Content-Type: application/json; charset=utf-8
cache-control: no-cache

20:07:16.197 [AsyncHttpClient-1-11] DEBUG org.asynchttpclient.netty.channel.ChannelManager - Adding key: http://localhost:43153 for channel [id: 0x023c0d64, L:/127.0.0.1:56283 - R:localhost/127.0.0.1:43153]
20:07:16.200 [Forwarding getCurrentUrl on session 6c6824321f37d23c92d1d2b851be6e7b to remote] DEBUG org.asynchttpclient.netty.request.NettyRequestSender - Using pooled Channel '[id: 0x023c0d64, L:/127.0.0.1:56283 - R:localhost/127.0.0.1:43153]' for 'GET' to 'http://localhost:43153/session/6c6824321f37d23c92d1d2b851be6e7b/url'
20:07:16.200 [Forwarding getCurrentUrl on session 6c6824321f37d23c92d1d2b851be6e7b to remote] DEBUG org.asynchttpclient.netty.request.NettyRequestSender - Using open Channel [id: 0x023c0d64, L:/127.0.0.1:56283 - R:localhost/127.0.0.1:43153] for GET '/session/6c6824321f37d23c92d1d2b851be6e7b/url'
20:07:16.202 [AsyncHttpClient-1-11] DEBUG org.asynchttpclient.netty.handler.HttpHandler - 

Request DefaultFullHttpRequest(decodeResult: success, version: HTTP/1.1, content: EmptyByteBufBE)
GET /session/6c6824321f37d23c92d1d2b851be6e7b/url HTTP/1.1
User-Agent: selenium/4.8.1 (java mac)
Cache-Control: no-cache
Content-Type: application/json; charset=utf-8
host: localhost:43153
accept: */*

Response DefaultHttpResponse(decodeResult: success, version: HTTP/1.1)
HTTP/1.1 200 OK
Content-Length: 51
Content-Type: application/json; charset=utf-8
cache-control: no-cache

20:07:16.202 [AsyncHttpClient-1-11] DEBUG org.asynchttpclient.netty.channel.ChannelManager - Adding key: http://localhost:43153 for channel [id: 0x023c0d64, L:/127.0.0.1:56283 - R:localhost/127.0.0.1:43153]
20:07:16.210 [Forwarding getPageSource on session 6c6824321f37d23c92d1d2b851be6e7b to remote] DEBUG org.asynchttpclient.netty.request.NettyRequestSender - Using pooled Channel '[id: 0x023c0d64, L:/127.0.0.1:56283 - R:localhost/127.0.0.1:43153]' for 'POST' to 'http://localhost:43153/session/6c6824321f37d23c92d1d2b851be6e7b/execute/sync'
20:07:16.210 [Forwarding getPageSource on session 6c6824321f37d23c92d1d2b851be6e7b to remote] DEBUG org.asynchttpclient.netty.request.NettyRequestSender - Using open Channel [id: 0x023c0d64, L:/127.0.0.1:56283 - R:localhost/127.0.0.1:43153] for POST '/session/6c6824321f37d23c92d1d2b851be6e7b/execute/sync'
20:07:16.213 [AsyncHttpClient-1-11] DEBUG org.asynchttpclient.netty.handler.HttpHandler - 

Request DefaultHttpRequest(decodeResult: success, version: HTTP/1.1)
POST /session/6c6824321f37d23c92d1d2b851be6e7b/execute/sync HTTP/1.1
User-Agent: selenium/4.8.1 (java mac)
Content-Length: 176
Content-Type: application/json; charset=utf-8
host: localhost:43153
accept: */*

Response DefaultHttpResponse(decodeResult: success, version: HTTP/1.1)
HTTP/1.1 200 OK
Content-Length: 21847
Content-Type: application/json; charset=utf-8
cache-control: no-cache

20:07:16.213 [AsyncHttpClient-1-11] DEBUG org.asynchttpclient.netty.channel.ChannelManager - Adding key: http://localhost:43153 for channel [id: 0x023c0d64, L:/127.0.0.1:56283 - R:localhost/127.0.0.1:43153]
20:07:16.217 [Forwarding getCurrentUrl on session 6c6824321f37d23c92d1d2b851be6e7b to remote] DEBUG org.asynchttpclient.netty.request.NettyRequestSender - Using pooled Channel '[id: 0x023c0d64, L:/127.0.0.1:56283 - R:localhost/127.0.0.1:43153]' for 'GET' to 'http://localhost:43153/session/6c6824321f37d23c92d1d2b851be6e7b/url'
20:07:16.217 [Forwarding getCurrentUrl on session 6c6824321f37d23c92d1d2b851be6e7b to remote] DEBUG org.asynchttpclient.netty.request.NettyRequestSender - Using open Channel [id: 0x023c0d64, L:/127.0.0.1:56283 - R:localhost/127.0.0.1:43153] for GET '/session/6c6824321f37d23c92d1d2b851be6e7b/url'
20:07:16.220 [AsyncHttpClient-1-11] DEBUG org.asynchttpclient.netty.handler.HttpHandler - 

Request DefaultFullHttpRequest(decodeResult: success, version: HTTP/1.1, content: EmptyByteBufBE)
GET /session/6c6824321f37d23c92d1d2b851be6e7b/url HTTP/1.1
User-Agent: selenium/4.8.1 (java mac)
Cache-Control: no-cache
Content-Type: application/json; charset=utf-8
host: localhost:43153
accept: */*

Response DefaultHttpResponse(decodeResult: success, version: HTTP/1.1)
HTTP/1.1 200 OK
Content-Length: 51
Content-Type: application/json; charset=utf-8
cache-control: no-cache

20:07:16.220 [AsyncHttpClient-1-11] DEBUG org.asynchttpclient.netty.channel.ChannelManager - Adding key: http://localhost:43153 for channel [id: 0x023c0d64, L:/127.0.0.1:56283 - R:localhost/127.0.0.1:43153]
20:07:16.222 [main] DEBUG net.thucydides.core.steps.StepInterceptor - STARTING STEP: buyToAddCartSteps.doClickLoginButton - clickButtonLogin
20:07:16.225 [Forwarding findElement on session 6c6824321f37d23c92d1d2b851be6e7b to remote] DEBUG org.asynchttpclient.netty.request.NettyRequestSender - Using pooled Channel '[id: 0x023c0d64, L:/127.0.0.1:56283 - R:localhost/127.0.0.1:43153]' for 'POST' to 'http://localhost:43153/session/6c6824321f37d23c92d1d2b851be6e7b/element'
20:07:16.225 [Forwarding findElement on session 6c6824321f37d23c92d1d2b851be6e7b to remote] DEBUG org.asynchttpclient.netty.request.NettyRequestSender - Using open Channel [id: 0x023c0d64, L:/127.0.0.1:56283 - R:localhost/127.0.0.1:43153] for POST '/session/6c6824321f37d23c92d1d2b851be6e7b/element'
20:07:16.230 [AsyncHttpClient-1-11] DEBUG org.asynchttpclient.netty.handler.HttpHandler - 

Request DefaultHttpRequest(decodeResult: success, version: HTTP/1.1)
POST /session/6c6824321f37d23c92d1d2b851be6e7b/element HTTP/1.1
User-Agent: selenium/4.8.1 (java mac)
Content-Length: 155
Content-Type: application/json; charset=utf-8
host: localhost:43153
accept: */*

Response DefaultHttpResponse(decodeResult: success, version: HTTP/1.1)
HTTP/1.1 200 OK
Content-Length: 88
Content-Type: application/json; charset=utf-8
cache-control: no-cache

20:07:16.230 [AsyncHttpClient-1-11] DEBUG org.asynchttpclient.netty.channel.ChannelManager - Adding key: http://localhost:43153 for channel [id: 0x023c0d64, L:/127.0.0.1:56283 - R:localhost/127.0.0.1:43153]
20:07:16.231 [Forwarding getElementTagName on session 6c6824321f37d23c92d1d2b851be6e7b to remote] DEBUG org.asynchttpclient.netty.request.NettyRequestSender - Using pooled Channel '[id: 0x023c0d64, L:/127.0.0.1:56283 - R:localhost/127.0.0.1:43153]' for 'GET' to 'http://localhost:43153/session/6c6824321f37d23c92d1d2b851be6e7b/element/39cc519a-d6ff-4043-9667-cd4edb2c4336/name'
20:07:16.231 [Forwarding getElementTagName on session 6c6824321f37d23c92d1d2b851be6e7b to remote] DEBUG org.asynchttpclient.netty.request.NettyRequestSender - Using open Channel [id: 0x023c0d64, L:/127.0.0.1:56283 - R:localhost/127.0.0.1:43153] for GET '/session/6c6824321f37d23c92d1d2b851be6e7b/element/39cc519a-d6ff-4043-9667-cd4edb2c4336/name'
20:07:16.233 [AsyncHttpClient-1-11] DEBUG org.asynchttpclient.netty.handler.HttpHandler - 

Request DefaultFullHttpRequest(decodeResult: success, version: HTTP/1.1, content: EmptyByteBufBE)
GET /session/6c6824321f37d23c92d1d2b851be6e7b/element/39cc519a-d6ff-4043-9667-cd4edb2c4336/name HTTP/1.1
User-Agent: selenium/4.8.1 (java mac)
Cache-Control: no-cache
Content-Type: application/json; charset=utf-8
host: localhost:43153
accept: */*

Response DefaultHttpResponse(decodeResult: success, version: HTTP/1.1)
HTTP/1.1 200 OK
Content-Length: 18
Content-Type: application/json; charset=utf-8
cache-control: no-cache

20:07:16.234 [AsyncHttpClient-1-11] DEBUG org.asynchttpclient.netty.channel.ChannelManager - Adding key: http://localhost:43153 for channel [id: 0x023c0d64, L:/127.0.0.1:56283 - R:localhost/127.0.0.1:43153]
20:07:16.235 [Forwarding getElementTagName on session 6c6824321f37d23c92d1d2b851be6e7b to remote] DEBUG org.asynchttpclient.netty.request.NettyRequestSender - Using pooled Channel '[id: 0x023c0d64, L:/127.0.0.1:56283 - R:localhost/127.0.0.1:43153]' for 'GET' to 'http://localhost:43153/session/6c6824321f37d23c92d1d2b851be6e7b/element/39cc519a-d6ff-4043-9667-cd4edb2c4336/name'
20:07:16.235 [Forwarding getElementTagName on session 6c6824321f37d23c92d1d2b851be6e7b to remote] DEBUG org.asynchttpclient.netty.request.NettyRequestSender - Using open Channel [id: 0x023c0d64, L:/127.0.0.1:56283 - R:localhost/127.0.0.1:43153] for GET '/session/6c6824321f37d23c92d1d2b851be6e7b/element/39cc519a-d6ff-4043-9667-cd4edb2c4336/name'
20:07:16.237 [AsyncHttpClient-1-11] DEBUG org.asynchttpclient.netty.handler.HttpHandler - 

Request DefaultFullHttpRequest(decodeResult: success, version: HTTP/1.1, content: EmptyByteBufBE)
GET /session/6c6824321f37d23c92d1d2b851be6e7b/element/39cc519a-d6ff-4043-9667-cd4edb2c4336/name HTTP/1.1
User-Agent: selenium/4.8.1 (java mac)
Cache-Control: no-cache
Content-Type: application/json; charset=utf-8
host: localhost:43153
accept: */*

Response DefaultHttpResponse(decodeResult: success, version: HTTP/1.1)
HTTP/1.1 200 OK
Content-Length: 18
Content-Type: application/json; charset=utf-8
cache-control: no-cache

20:07:16.237 [AsyncHttpClient-1-11] DEBUG org.asynchttpclient.netty.channel.ChannelManager - Adding key: http://localhost:43153 for channel [id: 0x023c0d64, L:/127.0.0.1:56283 - R:localhost/127.0.0.1:43153]
20:07:16.239 [Forwarding isElementEnabled on session 6c6824321f37d23c92d1d2b851be6e7b to remote] DEBUG org.asynchttpclient.netty.request.NettyRequestSender - Using pooled Channel '[id: 0x023c0d64, L:/127.0.0.1:56283 - R:localhost/127.0.0.1:43153]' for 'GET' to 'http://localhost:43153/session/6c6824321f37d23c92d1d2b851be6e7b/element/39cc519a-d6ff-4043-9667-cd4edb2c4336/enabled'
20:07:16.239 [Forwarding isElementEnabled on session 6c6824321f37d23c92d1d2b851be6e7b to remote] DEBUG org.asynchttpclient.netty.request.NettyRequestSender - Using open Channel [id: 0x023c0d64, L:/127.0.0.1:56283 - R:localhost/127.0.0.1:43153] for GET '/session/6c6824321f37d23c92d1d2b851be6e7b/element/39cc519a-d6ff-4043-9667-cd4edb2c4336/enabled'
20:07:16.245 [AsyncHttpClient-1-11] DEBUG org.asynchttpclient.netty.handler.HttpHandler - 

Request DefaultFullHttpRequest(decodeResult: success, version: HTTP/1.1, content: EmptyByteBufBE)
GET /session/6c6824321f37d23c92d1d2b851be6e7b/element/39cc519a-d6ff-4043-9667-cd4edb2c4336/enabled HTTP/1.1
User-Agent: selenium/4.8.1 (java mac)
Cache-Control: no-cache
Content-Type: application/json; charset=utf-8
host: localhost:43153
accept: */*

Response DefaultHttpResponse(decodeResult: success, version: HTTP/1.1)
HTTP/1.1 200 OK
Content-Length: 14
Content-Type: application/json; charset=utf-8
cache-control: no-cache

20:07:16.245 [AsyncHttpClient-1-11] DEBUG org.asynchttpclient.netty.channel.ChannelManager - Adding key: http://localhost:43153 for channel [id: 0x023c0d64, L:/127.0.0.1:56283 - R:localhost/127.0.0.1:43153]
20:07:16.246 [Forwarding isElementEnabled on session 6c6824321f37d23c92d1d2b851be6e7b to remote] DEBUG org.asynchttpclient.netty.request.NettyRequestSender - Using pooled Channel '[id: 0x023c0d64, L:/127.0.0.1:56283 - R:localhost/127.0.0.1:43153]' for 'GET' to 'http://localhost:43153/session/6c6824321f37d23c92d1d2b851be6e7b/element/39cc519a-d6ff-4043-9667-cd4edb2c4336/enabled'
20:07:16.246 [Forwarding isElementEnabled on session 6c6824321f37d23c92d1d2b851be6e7b to remote] DEBUG org.asynchttpclient.netty.request.NettyRequestSender - Using open Channel [id: 0x023c0d64, L:/127.0.0.1:56283 - R:localhost/127.0.0.1:43153] for GET '/session/6c6824321f37d23c92d1d2b851be6e7b/element/39cc519a-d6ff-4043-9667-cd4edb2c4336/enabled'
20:07:16.250 [AsyncHttpClient-1-11] DEBUG org.asynchttpclient.netty.handler.HttpHandler - 

Request DefaultFullHttpRequest(decodeResult: success, version: HTTP/1.1, content: EmptyByteBufBE)
GET /session/6c6824321f37d23c92d1d2b851be6e7b/element/39cc519a-d6ff-4043-9667-cd4edb2c4336/enabled HTTP/1.1
User-Agent: selenium/4.8.1 (java mac)
Cache-Control: no-cache
Content-Type: application/json; charset=utf-8
host: localhost:43153
accept: */*

Response DefaultHttpResponse(decodeResult: success, version: HTTP/1.1)
HTTP/1.1 200 OK
Content-Length: 14
Content-Type: application/json; charset=utf-8
cache-control: no-cache

20:07:16.250 [AsyncHttpClient-1-11] DEBUG org.asynchttpclient.netty.channel.ChannelManager - Adding key: http://localhost:43153 for channel [id: 0x023c0d64, L:/127.0.0.1:56283 - R:localhost/127.0.0.1:43153]
20:07:16.252 [Forwarding findElement on session 6c6824321f37d23c92d1d2b851be6e7b to remote] DEBUG org.asynchttpclient.netty.request.NettyRequestSender - Using pooled Channel '[id: 0x023c0d64, L:/127.0.0.1:56283 - R:localhost/127.0.0.1:43153]' for 'POST' to 'http://localhost:43153/session/6c6824321f37d23c92d1d2b851be6e7b/element'
20:07:16.252 [Forwarding findElement on session 6c6824321f37d23c92d1d2b851be6e7b to remote] DEBUG org.asynchttpclient.netty.request.NettyRequestSender - Using open Channel [id: 0x023c0d64, L:/127.0.0.1:56283 - R:localhost/127.0.0.1:43153] for POST '/session/6c6824321f37d23c92d1d2b851be6e7b/element'
20:07:16.257 [AsyncHttpClient-1-11] DEBUG org.asynchttpclient.netty.handler.HttpHandler - 

Request DefaultHttpRequest(decodeResult: success, version: HTTP/1.1)
POST /session/6c6824321f37d23c92d1d2b851be6e7b/element HTTP/1.1
User-Agent: selenium/4.8.1 (java mac)
Content-Length: 155
Content-Type: application/json; charset=utf-8
host: localhost:43153
accept: */*

Response DefaultHttpResponse(decodeResult: success, version: HTTP/1.1)
HTTP/1.1 200 OK
Content-Length: 88
Content-Type: application/json; charset=utf-8
cache-control: no-cache

20:07:16.257 [AsyncHttpClient-1-11] DEBUG org.asynchttpclient.netty.channel.ChannelManager - Adding key: http://localhost:43153 for channel [id: 0x023c0d64, L:/127.0.0.1:56283 - R:localhost/127.0.0.1:43153]
20:07:16.259 [Forwarding clickElement on session 6c6824321f37d23c92d1d2b851be6e7b to remote] DEBUG org.asynchttpclient.netty.request.NettyRequestSender - Using pooled Channel '[id: 0x023c0d64, L:/127.0.0.1:56283 - R:localhost/127.0.0.1:43153]' for 'POST' to 'http://localhost:43153/session/6c6824321f37d23c92d1d2b851be6e7b/element/39cc519a-d6ff-4043-9667-cd4edb2c4336/click'
20:07:16.259 [Forwarding clickElement on session 6c6824321f37d23c92d1d2b851be6e7b to remote] DEBUG org.asynchttpclient.netty.request.NettyRequestSender - Using open Channel [id: 0x023c0d64, L:/127.0.0.1:56283 - R:localhost/127.0.0.1:43153] for POST '/session/6c6824321f37d23c92d1d2b851be6e7b/element/39cc519a-d6ff-4043-9667-cd4edb2c4336/click'
20:07:16.365 [AsyncHttpClient-1-11] DEBUG org.asynchttpclient.netty.handler.HttpHandler - 

Request DefaultHttpRequest(decodeResult: success, version: HTTP/1.1)
POST /session/6c6824321f37d23c92d1d2b851be6e7b/element/39cc519a-d6ff-4043-9667-cd4edb2c4336/click HTTP/1.1
User-Agent: selenium/4.8.1 (java mac)
Content-Length: 50
Content-Type: application/json; charset=utf-8
host: localhost:43153
accept: */*

Response DefaultHttpResponse(decodeResult: success, version: HTTP/1.1)
HTTP/1.1 200 OK
Content-Length: 14
Content-Type: application/json; charset=utf-8
cache-control: no-cache

20:07:16.366 [AsyncHttpClient-1-11] DEBUG org.asynchttpclient.netty.channel.ChannelManager - Adding key: http://localhost:43153 for channel [id: 0x023c0d64, L:/127.0.0.1:56283 - R:localhost/127.0.0.1:43153]
20:07:16.371 [Forwarding getAlertText on session 6c6824321f37d23c92d1d2b851be6e7b to remote] DEBUG org.asynchttpclient.netty.request.NettyRequestSender - Using pooled Channel '[id: 0x023c0d64, L:/127.0.0.1:56283 - R:localhost/127.0.0.1:43153]' for 'GET' to 'http://localhost:43153/session/6c6824321f37d23c92d1d2b851be6e7b/alert/text'
20:07:16.371 [Forwarding getAlertText on session 6c6824321f37d23c92d1d2b851be6e7b to remote] DEBUG org.asynchttpclient.netty.request.NettyRequestSender - Using open Channel [id: 0x023c0d64, L:/127.0.0.1:56283 - R:localhost/127.0.0.1:43153] for GET '/session/6c6824321f37d23c92d1d2b851be6e7b/alert/text'
20:07:16.372 [AsyncHttpClient-1-11] DEBUG org.asynchttpclient.netty.handler.HttpHandler - 

Request DefaultFullHttpRequest(decodeResult: success, version: HTTP/1.1, content: EmptyByteBufBE)
GET /session/6c6824321f37d23c92d1d2b851be6e7b/alert/text HTTP/1.1
User-Agent: selenium/4.8.1 (java mac)
Cache-Control: no-cache
Content-Type: application/json; charset=utf-8
host: localhost:43153
accept: */*

Response DefaultHttpResponse(decodeResult: success, version: HTTP/1.1)
HTTP/1.1 404 Not Found
Content-Length: 1763
Content-Type: application/json; charset=utf-8
cache-control: no-cache

20:07:16.372 [AsyncHttpClient-1-11] DEBUG org.asynchttpclient.netty.channel.ChannelManager - Adding key: http://localhost:43153 for channel [id: 0x023c0d64, L:/127.0.0.1:56283 - R:localhost/127.0.0.1:43153]
20:07:16.373 [Forwarding getCurrentUrl on session 6c6824321f37d23c92d1d2b851be6e7b to remote] DEBUG org.asynchttpclient.netty.request.NettyRequestSender - Using pooled Channel '[id: 0x023c0d64, L:/127.0.0.1:56283 - R:localhost/127.0.0.1:43153]' for 'GET' to 'http://localhost:43153/session/6c6824321f37d23c92d1d2b851be6e7b/url'
20:07:16.373 [Forwarding getCurrentUrl on session 6c6824321f37d23c92d1d2b851be6e7b to remote] DEBUG org.asynchttpclient.netty.request.NettyRequestSender - Using open Channel [id: 0x023c0d64, L:/127.0.0.1:56283 - R:localhost/127.0.0.1:43153] for GET '/session/6c6824321f37d23c92d1d2b851be6e7b/url'
20:07:16.376 [AsyncHttpClient-1-11] DEBUG org.asynchttpclient.netty.handler.HttpHandler - 

Request DefaultFullHttpRequest(decodeResult: success, version: HTTP/1.1, content: EmptyByteBufBE)
GET /session/6c6824321f37d23c92d1d2b851be6e7b/url HTTP/1.1
User-Agent: selenium/4.8.1 (java mac)
Cache-Control: no-cache
Content-Type: application/json; charset=utf-8
host: localhost:43153
accept: */*

Response DefaultHttpResponse(decodeResult: success, version: HTTP/1.1)
HTTP/1.1 200 OK
Content-Length: 51
Content-Type: application/json; charset=utf-8
cache-control: no-cache

20:07:16.377 [AsyncHttpClient-1-11] DEBUG org.asynchttpclient.netty.channel.ChannelManager - Adding key: http://localhost:43153 for channel [id: 0x023c0d64, L:/127.0.0.1:56283 - R:localhost/127.0.0.1:43153]
20:07:16.379 [Forwarding screenshot on session 6c6824321f37d23c92d1d2b851be6e7b to remote] DEBUG org.asynchttpclient.netty.request.NettyRequestSender - Using pooled Channel '[id: 0x023c0d64, L:/127.0.0.1:56283 - R:localhost/127.0.0.1:43153]' for 'GET' to 'http://localhost:43153/session/6c6824321f37d23c92d1d2b851be6e7b/screenshot'
20:07:16.380 [Forwarding screenshot on session 6c6824321f37d23c92d1d2b851be6e7b to remote] DEBUG org.asynchttpclient.netty.request.NettyRequestSender - Using open Channel [id: 0x023c0d64, L:/127.0.0.1:56283 - R:localhost/127.0.0.1:43153] for GET '/session/6c6824321f37d23c92d1d2b851be6e7b/screenshot'
20:07:17.151 [AsyncHttpClient-1-1] DEBUG org.asynchttpclient.netty.channel.DefaultChannelPool - Entry count for : http://localhost:56284 : 1
20:07:18.249 [AsyncHttpClient-1-1] DEBUG org.asynchttpclient.netty.channel.DefaultChannelPool - Entry count for : http://localhost:56284 : 1
20:07:18.458 [AsyncHttpClient-1-11] DEBUG org.asynchttpclient.netty.handler.HttpHandler - 

Request DefaultFullHttpRequest(decodeResult: success, version: HTTP/1.1, content: EmptyByteBufBE)
GET /session/6c6824321f37d23c92d1d2b851be6e7b/screenshot HTTP/1.1
User-Agent: selenium/4.8.1 (java mac)
Cache-Control: no-cache
Content-Type: application/json; charset=utf-8
host: localhost:43153
accept: */*

Response DefaultHttpResponse(decodeResult: success, version: HTTP/1.1)
HTTP/1.1 200 OK
Content-Length: 46076
Content-Type: application/json; charset=utf-8
cache-control: no-cache

20:07:18.460 [AsyncHttpClient-1-11] DEBUG org.asynchttpclient.netty.channel.ChannelManager - Adding key: http://localhost:43153 for channel [id: 0x023c0d64, L:/127.0.0.1:56283 - R:localhost/127.0.0.1:43153]
20:07:18.470 [main] DEBUG net.serenitybdd.core.photography.Darkroom - Send negative for processing for target/site/serenity/92af764968205c2d4255a11d8332ebf4795037fa58b76a4d0ba2a6d6e1184cb3.png
20:07:18.472 [Darkroom Processing Line] DEBUG net.serenitybdd.core.photography.DarkroomProcessingLine - Processing screenshot image in /var/screenshots/screenshot-7490952007758818429
20:07:18.472 [Darkroom Processing Line] DEBUG net.serenitybdd.core.photography.DarkroomProcessingLine - Saving screenshot to target/site/serenity/92af764968205c2d4255a11d8332ebf4795037fa58b76a4d0ba2a6d6e1184cb3.png
20:07:18.474 [main] DEBUG net.thucydides.core.steps.StepInterceptor - STEP DONE: clickButtonLogin
  &amp#27;[32mAnd &amp#27;[0m&amp#27;[32mI click login button to view all products1&amp#27;[0m           &amp#27;[90m# starter.stepdefinitions.buyToAddCartSteps.doClickLoginButton()&amp#27;[0m
20:07:18.492 [Forwarding getPageSource on session 6c6824321f37d23c92d1d2b851be6e7b to remote] DEBUG org.asynchttpclient.netty.request.NettyRequestSender - Using pooled Channel '[id: 0x023c0d64, L:/127.0.0.1:56283 - R:localhost/127.0.0.1:43153]' for 'POST' to 'http://localhost:43153/session/6c6824321f37d23c92d1d2b851be6e7b/execute/sync'
20:07:18.492 [Forwarding getPageSource on session 6c6824321f37d23c92d1d2b851be6e7b to remote] DEBUG org.asynchttpclient.netty.request.NettyRequestSender - Using open Channel [id: 0x023c0d64, L:/127.0.0.1:56283 - R:localhost/127.0.0.1:43153] for POST '/session/6c6824321f37d23c92d1d2b851be6e7b/execute/sync'
20:07:19.350 [AsyncHttpClient-1-1] DEBUG org.asynchttpclient.netty.channel.DefaultChannelPool - Entry count for : http://localhost:56284 : 1
20:07:19.719 [AsyncHttpClient-1-11] DEBUG org.asynchttpclient.netty.handler.HttpHandler - 

Request DefaultHttpRequest(decodeResult: success, version: HTTP/1.1)
POST /session/6c6824321f37d23c92d1d2b851be6e7b/execute/sync HTTP/1.1
User-Agent: selenium/4.8.1 (java mac)
Content-Length: 176
Content-Type: application/json; charset=utf-8
host: localhost:43153
accept: */*

Response DefaultHttpResponse(decodeResult: success, version: HTTP/1.1)
HTTP/1.1 200 OK
Content-Length: 918839
Content-Type: application/json; charset=utf-8
cache-control: no-cache

20:07:19.720 [AsyncHttpClient-1-11] DEBUG org.asynchttpclient.netty.channel.ChannelManager - Adding key: http://localhost:43153 for channel [id: 0x023c0d64, L:/127.0.0.1:56283 - R:localhost/127.0.0.1:43153]
20:07:19.841 [Forwarding getCurrentUrl on session 6c6824321f37d23c92d1d2b851be6e7b to remote] DEBUG org.asynchttpclient.netty.request.NettyRequestSender - Using pooled Channel '[id: 0x023c0d64, L:/127.0.0.1:56283 - R:localhost/127.0.0.1:43153]' for 'GET' to 'http://localhost:43153/session/6c6824321f37d23c92d1d2b851be6e7b/url'
20:07:19.841 [Forwarding getCurrentUrl on session 6c6824321f37d23c92d1d2b851be6e7b to remote] DEBUG org.asynchttpclient.netty.request.NettyRequestSender - Using open Channel [id: 0x023c0d64, L:/127.0.0.1:56283 - R:localhost/127.0.0.1:43153] for GET '/session/6c6824321f37d23c92d1d2b851be6e7b/url'
20:07:19.845 [AsyncHttpClient-1-11] DEBUG org.asynchttpclient.netty.handler.HttpHandler - 

Request DefaultFullHttpRequest(decodeResult: success, version: HTTP/1.1, content: EmptyByteBufBE)
GET /session/6c6824321f37d23c92d1d2b851be6e7b/url HTTP/1.1
User-Agent: selenium/4.8.1 (java mac)
Cache-Control: no-cache
Content-Type: application/json; charset=utf-8
host: localhost:43153
accept: */*

Response DefaultHttpResponse(decodeResult: success, version: HTTP/1.1)
HTTP/1.1 200 OK
Content-Length: 41
Content-Type: application/json; charset=utf-8
cache-control: no-cache

20:07:19.845 [AsyncHttpClient-1-11] DEBUG org.asynchttpclient.netty.channel.ChannelManager - Adding key: http://localhost:43153 for channel [id: 0x023c0d64, L:/127.0.0.1:56283 - R:localhost/127.0.0.1:43153]
20:07:19.861 [Forwarding getAlertText on session 6c6824321f37d23c92d1d2b851be6e7b to remote] DEBUG org.asynchttpclient.netty.request.NettyRequestSender - Using pooled Channel '[id: 0x023c0d64, L:/127.0.0.1:56283 - R:localhost/127.0.0.1:43153]' for 'GET' to 'http://localhost:43153/session/6c6824321f37d23c92d1d2b851be6e7b/alert/text'
20:07:19.861 [Forwarding getAlertText on session 6c6824321f37d23c92d1d2b851be6e7b to remote] DEBUG org.asynchttpclient.netty.request.NettyRequestSender - Using open Channel [id: 0x023c0d64, L:/127.0.0.1:56283 - R:localhost/127.0.0.1:43153] for GET '/session/6c6824321f37d23c92d1d2b851be6e7b/alert/text'
20:07:19.863 [AsyncHttpClient-1-11] DEBUG org.asynchttpclient.netty.handler.HttpHandler - 

Request DefaultFullHttpRequest(decodeResult: success, version: HTTP/1.1, content: EmptyByteBufBE)
GET /session/6c6824321f37d23c92d1d2b851be6e7b/alert/text HTTP/1.1
User-Agent: selenium/4.8.1 (java mac)
Cache-Control: no-cache
Content-Type: application/json; charset=utf-8
host: localhost:43153
accept: */*

Response DefaultHttpResponse(decodeResult: success, version: HTTP/1.1)
HTTP/1.1 404 Not Found
Content-Length: 1763
Content-Type: application/json; charset=utf-8
cache-control: no-cache

20:07:19.863 [AsyncHttpClient-1-11] DEBUG org.asynchttpclient.netty.channel.ChannelManager - Adding key: http://localhost:43153 for channel [id: 0x023c0d64, L:/127.0.0.1:56283 - R:localhost/127.0.0.1:43153]
20:07:19.866 [Forwarding getCurrentUrl on session 6c6824321f37d23c92d1d2b851be6e7b to remote] DEBUG org.asynchttpclient.netty.request.NettyRequestSender - Using pooled Channel '[id: 0x023c0d64, L:/127.0.0.1:56283 - R:localhost/127.0.0.1:43153]' for 'GET' to 'http://localhost:43153/session/6c6824321f37d23c92d1d2b851be6e7b/url'
20:07:19.866 [Forwarding getCurrentUrl on session 6c6824321f37d23c92d1d2b851be6e7b to remote] DEBUG org.asynchttpclient.netty.request.NettyRequestSender - Using open Channel [id: 0x023c0d64, L:/127.0.0.1:56283 - R:localhost/127.0.0.1:43153] for GET '/session/6c6824321f37d23c92d1d2b851be6e7b/url'
20:07:19.869 [AsyncHttpClient-1-11] DEBUG org.asynchttpclient.netty.handler.HttpHandler - 

Request DefaultFullHttpRequest(decodeResult: success, version: HTTP/1.1, content: EmptyByteBufBE)
GET /session/6c6824321f37d23c92d1d2b851be6e7b/url HTTP/1.1
User-Agent: selenium/4.8.1 (java mac)
Cache-Control: no-cache
Content-Type: application/json; charset=utf-8
host: localhost:43153
accept: */*

Response DefaultHttpResponse(decodeResult: success, version: HTTP/1.1)
HTTP/1.1 200 OK
Content-Length: 41
Content-Type: application/json; charset=utf-8
cache-control: no-cache

20:07:19.869 [AsyncHttpClient-1-11] DEBUG org.asynchttpclient.netty.channel.ChannelManager - Adding key: http://localhost:43153 for channel [id: 0x023c0d64, L:/127.0.0.1:56283 - R:localhost/127.0.0.1:43153]
20:07:19.870 [Forwarding screenshot on session 6c6824321f37d23c92d1d2b851be6e7b to remote] DEBUG org.asynchttpclient.netty.request.NettyRequestSender - Using pooled Channel '[id: 0x023c0d64, L:/127.0.0.1:56283 - R:localhost/127.0.0.1:43153]' for 'GET' to 'http://localhost:43153/session/6c6824321f37d23c92d1d2b851be6e7b/screenshot'
20:07:19.871 [Forwarding screenshot on session 6c6824321f37d23c92d1d2b851be6e7b to remote] DEBUG org.asynchttpclient.netty.request.NettyRequestSender - Using open Channel [id: 0x023c0d64, L:/127.0.0.1:56283 - R:localhost/127.0.0.1:43153] for GET '/session/6c6824321f37d23c92d1d2b851be6e7b/screenshot'
20:07:20.077 [AsyncHttpClient-1-11] DEBUG org.asynchttpclient.netty.handler.HttpHandler - 

Request DefaultFullHttpRequest(decodeResult: success, version: HTTP/1.1, content: EmptyByteBufBE)
GET /session/6c6824321f37d23c92d1d2b851be6e7b/screenshot HTTP/1.1
User-Agent: selenium/4.8.1 (java mac)
Cache-Control: no-cache
Content-Type: application/json; charset=utf-8
host: localhost:43153
accept: */*

Response DefaultHttpResponse(decodeResult: success, version: HTTP/1.1)
HTTP/1.1 200 OK
Content-Length: 177572
Content-Type: application/json; charset=utf-8
cache-control: no-cache

20:07:20.081 [AsyncHttpClient-1-11] DEBUG org.asynchttpclient.netty.channel.ChannelManager - Adding key: http://localhost:43153 for channel [id: 0x023c0d64, L:/127.0.0.1:56283 - R:localhost/127.0.0.1:43153]
20:07:20.094 [main] DEBUG net.serenitybdd.core.photography.Darkroom - Send negative for processing for target/site/serenity/3dc2add01fbf979aa5c91f7713f8a30a35189292b865859842ef6d71c2d6cc95.png
20:07:20.100 [Forwarding getPageSource on session 6c6824321f37d23c92d1d2b851be6e7b to remote] DEBUG org.asynchttpclient.netty.request.NettyRequestSender - Using pooled Channel '[id: 0x023c0d64, L:/127.0.0.1:56283 - R:localhost/127.0.0.1:43153]' for 'POST' to 'http://localhost:43153/session/6c6824321f37d23c92d1d2b851be6e7b/execute/sync'
20:07:20.101 [Forwarding getPageSource on session 6c6824321f37d23c92d1d2b851be6e7b to remote] DEBUG org.asynchttpclient.netty.request.NettyRequestSender - Using open Channel [id: 0x023c0d64, L:/127.0.0.1:56283 - R:localhost/127.0.0.1:43153] for POST '/session/6c6824321f37d23c92d1d2b851be6e7b/execute/sync'
20:07:20.132 [AsyncHttpClient-1-11] DEBUG org.asynchttpclient.netty.handler.HttpHandler - 

Request DefaultHttpRequest(decodeResult: success, version: HTTP/1.1)
POST /session/6c6824321f37d23c92d1d2b851be6e7b/execute/sync HTTP/1.1
User-Agent: selenium/4.8.1 (java mac)
Content-Length: 176
Content-Type: application/json; charset=utf-8
host: localhost:43153
accept: */*

Response DefaultHttpResponse(decodeResult: success, version: HTTP/1.1)
HTTP/1.1 200 OK
Content-Length: 918839
Content-Type: application/json; charset=utf-8
cache-control: no-cache

20:07:20.135 [AsyncHttpClient-1-11] DEBUG org.asynchttpclient.netty.channel.ChannelManager - Adding key: http://localhost:43153 for channel [id: 0x023c0d64, L:/127.0.0.1:56283 - R:localhost/127.0.0.1:43153]
20:07:20.259 [Forwarding getCurrentUrl on session 6c6824321f37d23c92d1d2b851be6e7b to remote] DEBUG org.asynchttpclient.netty.request.NettyRequestSender - Using pooled Channel '[id: 0x023c0d64, L:/127.0.0.1:56283 - R:localhost/127.0.0.1:43153]' for 'GET' to 'http://localhost:43153/session/6c6824321f37d23c92d1d2b851be6e7b/url'
20:07:20.259 [Forwarding getCurrentUrl on session 6c6824321f37d23c92d1d2b851be6e7b to remote] DEBUG org.asynchttpclient.netty.request.NettyRequestSender - Using open Channel [id: 0x023c0d64, L:/127.0.0.1:56283 - R:localhost/127.0.0.1:43153] for GET '/session/6c6824321f37d23c92d1d2b851be6e7b/url'
20:07:20.263 [AsyncHttpClient-1-11] DEBUG org.asynchttpclient.netty.handler.HttpHandler - 

Request DefaultFullHttpRequest(decodeResult: success, version: HTTP/1.1, content: EmptyByteBufBE)
GET /session/6c6824321f37d23c92d1d2b851be6e7b/url HTTP/1.1
User-Agent: selenium/4.8.1 (java mac)
Cache-Control: no-cache
Content-Type: application/json; charset=utf-8
host: localhost:43153
accept: */*

Response DefaultHttpResponse(decodeResult: success, version: HTTP/1.1)
HTTP/1.1 200 OK
Content-Length: 41
Content-Type: application/json; charset=utf-8
cache-control: no-cache

20:07:20.264 [AsyncHttpClient-1-11] DEBUG org.asynchttpclient.netty.channel.ChannelManager - Adding key: http://localhost:43153 for channel [id: 0x023c0d64, L:/127.0.0.1:56283 - R:localhost/127.0.0.1:43153]
20:07:20.267 [main] DEBUG net.thucydides.core.steps.StepInterceptor - STARTING STEP: buyToAddCartSteps.doAddProductToMyCart - clickBuyToAddCart
20:07:20.271 [Forwarding findElement on session 6c6824321f37d23c92d1d2b851be6e7b to remote] DEBUG org.asynchttpclient.netty.request.NettyRequestSender - Using pooled Channel '[id: 0x023c0d64, L:/127.0.0.1:56283 - R:localhost/127.0.0.1:43153]' for 'POST' to 'http://localhost:43153/session/6c6824321f37d23c92d1d2b851be6e7b/element'
20:07:20.271 [Forwarding findElement on session 6c6824321f37d23c92d1d2b851be6e7b to remote] DEBUG org.asynchttpclient.netty.request.NettyRequestSender - Using open Channel [id: 0x023c0d64, L:/127.0.0.1:56283 - R:localhost/127.0.0.1:43153] for POST '/session/6c6824321f37d23c92d1d2b851be6e7b/element'
20:07:20.309 [AsyncHttpClient-1-11] DEBUG org.asynchttpclient.netty.handler.HttpHandler - 

Request DefaultHttpRequest(decodeResult: success, version: HTTP/1.1)
POST /session/6c6824321f37d23c92d1d2b851be6e7b/element HTTP/1.1
User-Agent: selenium/4.8.1 (java mac)
Content-Length: 96
Content-Type: application/json; charset=utf-8
host: localhost:43153
accept: */*

Response DefaultHttpResponse(decodeResult: success, version: HTTP/1.1)
HTTP/1.1 200 OK
Content-Length: 88
Content-Type: application/json; charset=utf-8
cache-control: no-cache

20:07:20.310 [AsyncHttpClient-1-11] DEBUG org.asynchttpclient.netty.channel.ChannelManager - Adding key: http://localhost:43153 for channel [id: 0x023c0d64, L:/127.0.0.1:56283 - R:localhost/127.0.0.1:43153]
20:07:20.313 [Forwarding getElementTagName on session 6c6824321f37d23c92d1d2b851be6e7b to remote] DEBUG org.asynchttpclient.netty.request.NettyRequestSender - Using pooled Channel '[id: 0x023c0d64, L:/127.0.0.1:56283 - R:localhost/127.0.0.1:43153]' for 'GET' to 'http://localhost:43153/session/6c6824321f37d23c92d1d2b851be6e7b/element/71ce8b46-c651-42aa-81c9-0e1600ed12a9/name'
20:07:20.313 [Forwarding getElementTagName on session 6c6824321f37d23c92d1d2b851be6e7b to remote] DEBUG org.asynchttpclient.netty.request.NettyRequestSender - Using open Channel [id: 0x023c0d64, L:/127.0.0.1:56283 - R:localhost/127.0.0.1:43153] for GET '/session/6c6824321f37d23c92d1d2b851be6e7b/element/71ce8b46-c651-42aa-81c9-0e1600ed12a9/name'
20:07:20.316 [AsyncHttpClient-1-11] DEBUG org.asynchttpclient.netty.handler.HttpHandler - 

Request DefaultFullHttpRequest(decodeResult: success, version: HTTP/1.1, content: EmptyByteBufBE)
GET /session/6c6824321f37d23c92d1d2b851be6e7b/element/71ce8b46-c651-42aa-81c9-0e1600ed12a9/name HTTP/1.1
User-Agent: selenium/4.8.1 (java mac)
Cache-Control: no-cache
Content-Type: application/json; charset=utf-8
host: localhost:43153
accept: */*

Response DefaultHttpResponse(decodeResult: success, version: HTTP/1.1)
HTTP/1.1 200 OK
Content-Length: 16
Content-Type: application/json; charset=utf-8
cache-control: no-cache

20:07:20.316 [AsyncHttpClient-1-11] DEBUG org.asynchttpclient.netty.channel.ChannelManager - Adding key: http://localhost:43153 for channel [id: 0x023c0d64, L:/127.0.0.1:56283 - R:localhost/127.0.0.1:43153]
20:07:20.320 [Forwarding getElementTagName on session 6c6824321f37d23c92d1d2b851be6e7b to remote] DEBUG org.asynchttpclient.netty.request.NettyRequestSender - Using pooled Channel '[id: 0x023c0d64, L:/127.0.0.1:56283 - R:localhost/127.0.0.1:43153]' for 'GET' to 'http://localhost:43153/session/6c6824321f37d23c92d1d2b851be6e7b/element/71ce8b46-c651-42aa-81c9-0e1600ed12a9/name'
20:07:20.320 [Forwarding getElementTagName on session 6c6824321f37d23c92d1d2b851be6e7b to remote] DEBUG org.asynchttpclient.netty.request.NettyRequestSender - Using open Channel [id: 0x023c0d64, L:/127.0.0.1:56283 - R:localhost/127.0.0.1:43153] for GET '/session/6c6824321f37d23c92d1d2b851be6e7b/element/71ce8b46-c651-42aa-81c9-0e1600ed12a9/name'
20:07:20.322 [AsyncHttpClient-1-11] DEBUG org.asynchttpclient.netty.handler.HttpHandler - 

Request DefaultFullHttpRequest(decodeResult: success, version: HTTP/1.1, content: EmptyByteBufBE)
GET /session/6c6824321f37d23c92d1d2b851be6e7b/element/71ce8b46-c651-42aa-81c9-0e1600ed12a9/name HTTP/1.1
User-Agent: selenium/4.8.1 (java mac)
Cache-Control: no-cache
Content-Type: application/json; charset=utf-8
host: localhost:43153
accept: */*

Response DefaultHttpResponse(decodeResult: success, version: HTTP/1.1)
HTTP/1.1 200 OK
Content-Length: 16
Content-Type: application/json; charset=utf-8
cache-control: no-cache

20:07:20.324 [AsyncHttpClient-1-11] DEBUG org.asynchttpclient.netty.channel.ChannelManager - Adding key: http://localhost:43153 for channel [id: 0x023c0d64, L:/127.0.0.1:56283 - R:localhost/127.0.0.1:43153]
20:07:20.328 [Forwarding findElement on session 6c6824321f37d23c92d1d2b851be6e7b to remote] DEBUG org.asynchttpclient.netty.request.NettyRequestSender - Using pooled Channel '[id: 0x023c0d64, L:/127.0.0.1:56283 - R:localhost/127.0.0.1:43153]' for 'POST' to 'http://localhost:43153/session/6c6824321f37d23c92d1d2b851be6e7b/element'
20:07:20.328 [Forwarding findElement on session 6c6824321f37d23c92d1d2b851be6e7b to remote] DEBUG org.asynchttpclient.netty.request.NettyRequestSender - Using open Channel [id: 0x023c0d64, L:/127.0.0.1:56283 - R:localhost/127.0.0.1:43153] for POST '/session/6c6824321f37d23c92d1d2b851be6e7b/element'
20:07:20.336 [AsyncHttpClient-1-11] DEBUG org.asynchttpclient.netty.handler.HttpHandler - 

Request DefaultHttpRequest(decodeResult: success, version: HTTP/1.1)
POST /session/6c6824321f37d23c92d1d2b851be6e7b/element HTTP/1.1
User-Agent: selenium/4.8.1 (java mac)
Content-Length: 96
Content-Type: application/json; charset=utf-8
host: localhost:43153
accept: */*

Response DefaultHttpResponse(decodeResult: success, version: HTTP/1.1)
HTTP/1.1 200 OK
Content-Length: 88
Content-Type: application/json; charset=utf-8
cache-control: no-cache

20:07:20.337 [AsyncHttpClient-1-11] DEBUG org.asynchttpclient.netty.channel.ChannelManager - Adding key: http://localhost:43153 for channel [id: 0x023c0d64, L:/127.0.0.1:56283 - R:localhost/127.0.0.1:43153]
20:07:20.342 [Forwarding clickElement on session 6c6824321f37d23c92d1d2b851be6e7b to remote] DEBUG org.asynchttpclient.netty.request.NettyRequestSender - Using pooled Channel '[id: 0x023c0d64, L:/127.0.0.1:56283 - R:localhost/127.0.0.1:43153]' for 'POST' to 'http://localhost:43153/session/6c6824321f37d23c92d1d2b851be6e7b/element/71ce8b46-c651-42aa-81c9-0e1600ed12a9/click'
20:07:20.342 [Forwarding clickElement on session 6c6824321f37d23c92d1d2b851be6e7b to remote] DEBUG org.asynchttpclient.netty.request.NettyRequestSender - Using open Channel [id: 0x023c0d64, L:/127.0.0.1:56283 - R:localhost/127.0.0.1:43153] for POST '/session/6c6824321f37d23c92d1d2b851be6e7b/element/71ce8b46-c651-42aa-81c9-0e1600ed12a9/click'
20:07:20.446 [AsyncHttpClient-1-1] DEBUG org.asynchttpclient.netty.channel.DefaultChannelPool - Entry count for : http://localhost:56284 : 1
20:07:20.687 [AsyncHttpClient-1-11] DEBUG org.asynchttpclient.netty.handler.HttpHandler - 

Request DefaultHttpRequest(decodeResult: success, version: HTTP/1.1)
POST /session/6c6824321f37d23c92d1d2b851be6e7b/element/71ce8b46-c651-42aa-81c9-0e1600ed12a9/click HTTP/1.1
User-Agent: selenium/4.8.1 (java mac)
Content-Length: 50
Content-Type: application/json; charset=utf-8
host: localhost:43153
accept: */*

Response DefaultHttpResponse(decodeResult: success, version: HTTP/1.1)
HTTP/1.1 200 OK
Content-Length: 14
Content-Type: application/json; charset=utf-8
cache-control: no-cache

20:07:20.687 [AsyncHttpClient-1-11] DEBUG org.asynchttpclient.netty.channel.ChannelManager - Adding key: http://localhost:43153 for channel [id: 0x023c0d64, L:/127.0.0.1:56283 - R:localhost/127.0.0.1:43153]
20:07:20.702 [Forwarding getAlertText on session 6c6824321f37d23c92d1d2b851be6e7b to remote] DEBUG org.asynchttpclient.netty.request.NettyRequestSender - Using pooled Channel '[id: 0x023c0d64, L:/127.0.0.1:56283 - R:localhost/127.0.0.1:43153]' for 'GET' to 'http://localhost:43153/session/6c6824321f37d23c92d1d2b851be6e7b/alert/text'
20:07:20.702 [Forwarding getAlertText on session 6c6824321f37d23c92d1d2b851be6e7b to remote] DEBUG org.asynchttpclient.netty.request.NettyRequestSender - Using open Channel [id: 0x023c0d64, L:/127.0.0.1:56283 - R:localhost/127.0.0.1:43153] for GET '/session/6c6824321f37d23c92d1d2b851be6e7b/alert/text'
20:07:20.724 [AsyncHttpClient-1-11] DEBUG org.asynchttpclient.netty.handler.HttpHandler - 

Request DefaultFullHttpRequest(decodeResult: success, version: HTTP/1.1, content: EmptyByteBufBE)
GET /session/6c6824321f37d23c92d1d2b851be6e7b/alert/text HTTP/1.1
User-Agent: selenium/4.8.1 (java mac)
Cache-Control: no-cache
Content-Type: application/json; charset=utf-8
host: localhost:43153
accept: */*

Response DefaultHttpResponse(decodeResult: success, version: HTTP/1.1)
HTTP/1.1 404 Not Found
Content-Length: 1763
Content-Type: application/json; charset=utf-8
cache-control: no-cache

20:07:20.724 [AsyncHttpClient-1-11] DEBUG org.asynchttpclient.netty.channel.ChannelManager - Adding key: http://localhost:43153 for channel [id: 0x023c0d64, L:/127.0.0.1:56283 - R:localhost/127.0.0.1:43153]
20:07:20.729 [Forwarding getCurrentUrl on session 6c6824321f37d23c92d1d2b851be6e7b to remote] DEBUG org.asynchttpclient.netty.request.NettyRequestSender - Using pooled Channel '[id: 0x023c0d64, L:/127.0.0.1:56283 - R:localhost/127.0.0.1:43153]' for 'GET' to 'http://localhost:43153/session/6c6824321f37d23c92d1d2b851be6e7b/url'
20:07:20.729 [Forwarding getCurrentUrl on session 6c6824321f37d23c92d1d2b851be6e7b to remote] DEBUG org.asynchttpclient.netty.request.NettyRequestSender - Using open Channel [id: 0x023c0d64, L:/127.0.0.1:56283 - R:localhost/127.0.0.1:43153] for GET '/session/6c6824321f37d23c92d1d2b851be6e7b/url'
20:07:20.733 [AsyncHttpClient-1-11] DEBUG org.asynchttpclient.netty.handler.HttpHandler - 

Request DefaultFullHttpRequest(decodeResult: success, version: HTTP/1.1, content: EmptyByteBufBE)
GET /session/6c6824321f37d23c92d1d2b851be6e7b/url HTTP/1.1
User-Agent: selenium/4.8.1 (java mac)
Cache-Control: no-cache
Content-Type: application/json; charset=utf-8
host: localhost:43153
accept: */*

Response DefaultHttpResponse(decodeResult: success, version: HTTP/1.1)
HTTP/1.1 200 OK
Content-Length: 41
Content-Type: application/json; charset=utf-8
cache-control: no-cache

20:07:20.733 [AsyncHttpClient-1-11] DEBUG org.asynchttpclient.netty.channel.ChannelManager - Adding key: http://localhost:43153 for channel [id: 0x023c0d64, L:/127.0.0.1:56283 - R:localhost/127.0.0.1:43153]
20:07:20.738 [Forwarding screenshot on session 6c6824321f37d23c92d1d2b851be6e7b to remote] DEBUG org.asynchttpclient.netty.request.NettyRequestSender - Using pooled Channel '[id: 0x023c0d64, L:/127.0.0.1:56283 - R:localhost/127.0.0.1:43153]' for 'GET' to 'http://localhost:43153/session/6c6824321f37d23c92d1d2b851be6e7b/screenshot'
20:07:20.738 [Forwarding screenshot on session 6c6824321f37d23c92d1d2b851be6e7b to remote] DEBUG org.asynchttpclient.netty.request.NettyRequestSender - Using open Channel [id: 0x023c0d64, L:/127.0.0.1:56283 - R:localhost/127.0.0.1:43153] for GET '/session/6c6824321f37d23c92d1d2b851be6e7b/screenshot'
20:07:20.958 [AsyncHttpClient-1-11] DEBUG org.asynchttpclient.netty.handler.HttpHandler - 

Request DefaultFullHttpRequest(decodeResult: success, version: HTTP/1.1, content: EmptyByteBufBE)
GET /session/6c6824321f37d23c92d1d2b851be6e7b/screenshot HTTP/1.1
User-Agent: selenium/4.8.1 (java mac)
Cache-Control: no-cache
Content-Type: application/json; charset=utf-8
host: localhost:43153
accept: */*

Response DefaultHttpResponse(decodeResult: success, version: HTTP/1.1)
HTTP/1.1 200 OK
Content-Length: 178196
Content-Type: application/json; charset=utf-8
cache-control: no-cache

20:07:20.959 [AsyncHttpClient-1-11] DEBUG org.asynchttpclient.netty.channel.ChannelManager - Adding key: http://localhost:43153 for channel [id: 0x023c0d64, L:/127.0.0.1:56283 - R:localhost/127.0.0.1:43153]
20:07:20.970 [main] DEBUG net.serenitybdd.core.photography.Darkroom - Send negative for processing for target/site/serenity/9a4ae8241f10183081e4e41a748dc08afeaea83461ff239ef48f5d90f347faa0.png
20:07:20.971 [Darkroom Processing Line] DEBUG net.serenitybdd.core.photography.DarkroomProcessingLine - Processing screenshot image in /var/screenshots/screenshot-6282822002999363800
20:07:20.971 [Darkroom Processing Line] DEBUG net.serenitybdd.core.photography.DarkroomProcessingLine - Saving screenshot to target/site/serenity/9a4ae8241f10183081e4e41a748dc08afeaea83461ff239ef48f5d90f347faa0.png
20:07:20.972 [main] DEBUG net.thucydides.core.steps.StepInterceptor - STEP DONE: clickBuyToAddCart
  &amp#27;[32mAnd &amp#27;[0m&amp#27;[32mI buy to add products cart1&amp#27;[0m                          &amp#27;[90m# starter.stepdefinitions.buyToAddCartSteps.doAddProductToMyCart()&amp#27;[0m
20:07:20.984 [Forwarding getPageSource on session 6c6824321f37d23c92d1d2b851be6e7b to remote] DEBUG org.asynchttpclient.netty.request.NettyRequestSender - Using pooled Channel '[id: 0x023c0d64, L:/127.0.0.1:56283 - R:localhost/127.0.0.1:43153]' for 'POST' to 'http://localhost:43153/session/6c6824321f37d23c92d1d2b851be6e7b/execute/sync'
20:07:20.984 [Forwarding getPageSource on session 6c6824321f37d23c92d1d2b851be6e7b to remote] DEBUG org.asynchttpclient.netty.request.NettyRequestSender - Using open Channel [id: 0x023c0d64, L:/127.0.0.1:56283 - R:localhost/127.0.0.1:43153] for POST '/session/6c6824321f37d23c92d1d2b851be6e7b/execute/sync'
20:07:21.021 [AsyncHttpClient-1-11] DEBUG org.asynchttpclient.netty.handler.HttpHandler - 

Request DefaultHttpRequest(decodeResult: success, version: HTTP/1.1)
POST /session/6c6824321f37d23c92d1d2b851be6e7b/execute/sync HTTP/1.1
User-Agent: selenium/4.8.1 (java mac)
Content-Length: 176
Content-Type: application/json; charset=utf-8
host: localhost:43153
accept: */*

Response DefaultHttpResponse(decodeResult: success, version: HTTP/1.1)
HTTP/1.1 200 OK
Content-Length: 919225
Content-Type: application/json; charset=utf-8
cache-control: no-cache

20:07:21.022 [AsyncHttpClient-1-11] DEBUG org.asynchttpclient.netty.channel.ChannelManager - Adding key: http://localhost:43153 for channel [id: 0x023c0d64, L:/127.0.0.1:56283 - R:localhost/127.0.0.1:43153]
20:07:21.132 [Forwarding getCurrentUrl on session 6c6824321f37d23c92d1d2b851be6e7b to remote] DEBUG org.asynchttpclient.netty.request.NettyRequestSender - Using pooled Channel '[id: 0x023c0d64, L:/127.0.0.1:56283 - R:localhost/127.0.0.1:43153]' for 'GET' to 'http://localhost:43153/session/6c6824321f37d23c92d1d2b851be6e7b/url'
20:07:21.133 [Forwarding getCurrentUrl on session 6c6824321f37d23c92d1d2b851be6e7b to remote] DEBUG org.asynchttpclient.netty.request.NettyRequestSender - Using open Channel [id: 0x023c0d64, L:/127.0.0.1:56283 - R:localhost/127.0.0.1:43153] for GET '/session/6c6824321f37d23c92d1d2b851be6e7b/url'
20:07:21.135 [AsyncHttpClient-1-11] DEBUG org.asynchttpclient.netty.handler.HttpHandler - 

Request DefaultFullHttpRequest(decodeResult: success, version: HTTP/1.1, content: EmptyByteBufBE)
GET /session/6c6824321f37d23c92d1d2b851be6e7b/url HTTP/1.1
User-Agent: selenium/4.8.1 (java mac)
Cache-Control: no-cache
Content-Type: application/json; charset=utf-8
host: localhost:43153
accept: */*

Response DefaultHttpResponse(decodeResult: success, version: HTTP/1.1)
HTTP/1.1 200 OK
Content-Length: 41
Content-Type: application/json; charset=utf-8
cache-control: no-cache

20:07:21.136 [AsyncHttpClient-1-11] DEBUG org.asynchttpclient.netty.channel.ChannelManager - Adding key: http://localhost:43153 for channel [id: 0x023c0d64, L:/127.0.0.1:56283 - R:localhost/127.0.0.1:43153]
20:07:21.149 [Forwarding getAlertText on session 6c6824321f37d23c92d1d2b851be6e7b to remote] DEBUG org.asynchttpclient.netty.request.NettyRequestSender - Using pooled Channel '[id: 0x023c0d64, L:/127.0.0.1:56283 - R:localhost/127.0.0.1:43153]' for 'GET' to 'http://localhost:43153/session/6c6824321f37d23c92d1d2b851be6e7b/alert/text'
20:07:21.149 [Forwarding getAlertText on session 6c6824321f37d23c92d1d2b851be6e7b to remote] DEBUG org.asynchttpclient.netty.request.NettyRequestSender - Using open Channel [id: 0x023c0d64, L:/127.0.0.1:56283 - R:localhost/127.0.0.1:43153] for GET '/session/6c6824321f37d23c92d1d2b851be6e7b/alert/text'
20:07:21.151 [AsyncHttpClient-1-11] DEBUG org.asynchttpclient.netty.handler.HttpHandler - 

Request DefaultFullHttpRequest(decodeResult: success, version: HTTP/1.1, content: EmptyByteBufBE)
GET /session/6c6824321f37d23c92d1d2b851be6e7b/alert/text HTTP/1.1
User-Agent: selenium/4.8.1 (java mac)
Cache-Control: no-cache
Content-Type: application/json; charset=utf-8
host: localhost:43153
accept: */*

Response DefaultHttpResponse(decodeResult: success, version: HTTP/1.1)
HTTP/1.1 404 Not Found
Content-Length: 1763
Content-Type: application/json; charset=utf-8
cache-control: no-cache

20:07:21.151 [AsyncHttpClient-1-11] DEBUG org.asynchttpclient.netty.channel.ChannelManager - Adding key: http://localhost:43153 for channel [id: 0x023c0d64, L:/127.0.0.1:56283 - R:localhost/127.0.0.1:43153]
20:07:21.158 [Forwarding getCurrentUrl on session 6c6824321f37d23c92d1d2b851be6e7b to remote] DEBUG org.asynchttpclient.netty.request.NettyRequestSender - Using pooled Channel '[id: 0x023c0d64, L:/127.0.0.1:56283 - R:localhost/127.0.0.1:43153]' for 'GET' to 'http://localhost:43153/session/6c6824321f37d23c92d1d2b851be6e7b/url'
20:07:21.158 [Forwarding getCurrentUrl on session 6c6824321f37d23c92d1d2b851be6e7b to remote] DEBUG org.asynchttpclient.netty.request.NettyRequestSender - Using open Channel [id: 0x023c0d64, L:/127.0.0.1:56283 - R:localhost/127.0.0.1:43153] for GET '/session/6c6824321f37d23c92d1d2b851be6e7b/url'
20:07:21.162 [AsyncHttpClient-1-11] DEBUG org.asynchttpclient.netty.handler.HttpHandler - 

Request DefaultFullHttpRequest(decodeResult: success, version: HTTP/1.1, content: EmptyByteBufBE)
GET /session/6c6824321f37d23c92d1d2b851be6e7b/url HTTP/1.1
User-Agent: selenium/4.8.1 (java mac)
Cache-Control: no-cache
Content-Type: application/json; charset=utf-8
host: localhost:43153
accept: */*

Response DefaultHttpResponse(decodeResult: success, version: HTTP/1.1)
HTTP/1.1 200 OK
Content-Length: 41
Content-Type: application/json; charset=utf-8
cache-control: no-cache

20:07:21.163 [AsyncHttpClient-1-11] DEBUG org.asynchttpclient.netty.channel.ChannelManager - Adding key: http://localhost:43153 for channel [id: 0x023c0d64, L:/127.0.0.1:56283 - R:localhost/127.0.0.1:43153]
20:07:21.169 [Forwarding screenshot on session 6c6824321f37d23c92d1d2b851be6e7b to remote] DEBUG org.asynchttpclient.netty.request.NettyRequestSender - Using pooled Channel '[id: 0x023c0d64, L:/127.0.0.1:56283 - R:localhost/127.0.0.1:43153]' for 'GET' to 'http://localhost:43153/session/6c6824321f37d23c92d1d2b851be6e7b/screenshot'
20:07:21.169 [Forwarding screenshot on session 6c6824321f37d23c92d1d2b851be6e7b to remote] DEBUG org.asynchttpclient.netty.request.NettyRequestSender - Using open Channel [id: 0x023c0d64, L:/127.0.0.1:56283 - R:localhost/127.0.0.1:43153] for GET '/session/6c6824321f37d23c92d1d2b851be6e7b/screenshot'
20:07:21.336 [AsyncHttpClient-1-11] DEBUG org.asynchttpclient.netty.handler.HttpHandler - 

Request DefaultFullHttpRequest(decodeResult: success, version: HTTP/1.1, content: EmptyByteBufBE)
GET /session/6c6824321f37d23c92d1d2b851be6e7b/screenshot HTTP/1.1
User-Agent: selenium/4.8.1 (java mac)
Cache-Control: no-cache
Content-Type: application/json; charset=utf-8
host: localhost:43153
accept: */*

Response DefaultHttpResponse(decodeResult: success, version: HTTP/1.1)
HTTP/1.1 200 OK
Content-Length: 178636
Content-Type: application/json; charset=utf-8
cache-control: no-cache

20:07:21.336 [AsyncHttpClient-1-11] DEBUG org.asynchttpclient.netty.channel.ChannelManager - Adding key: http://localhost:43153 for channel [id: 0x023c0d64, L:/127.0.0.1:56283 - R:localhost/127.0.0.1:43153]
20:07:21.344 [main] DEBUG net.serenitybdd.core.photography.Darkroom - Send negative for processing for target/site/serenity/3a7524a77245d82186a8081535ef57f16d18f30e707c26a1062ae80c07cd01de.png
20:07:21.344 [Darkroom Processing Line] DEBUG net.serenitybdd.core.photography.DarkroomProcessingLine - Processing screenshot image in /var/screenshots/screenshot-8948485234673241588
20:07:21.344 [Darkroom Processing Line] DEBUG net.serenitybdd.core.photography.DarkroomProcessingLine - Saving screenshot to target/site/serenity/3a7524a77245d82186a8081535ef57f16d18f30e707c26a1062ae80c07cd01de.png
20:07:21.347 [Forwarding getPageSource on session 6c6824321f37d23c92d1d2b851be6e7b to remote] DEBUG org.asynchttpclient.netty.request.NettyRequestSender - Using pooled Channel '[id: 0x023c0d64, L:/127.0.0.1:56283 - R:localhost/127.0.0.1:43153]' for 'POST' to 'http://localhost:43153/session/6c6824321f37d23c92d1d2b851be6e7b/execute/sync'
20:07:21.347 [Forwarding getPageSource on session 6c6824321f37d23c92d1d2b851be6e7b to remote] DEBUG org.asynchttpclient.netty.request.NettyRequestSender - Using open Channel [id: 0x023c0d64, L:/127.0.0.1:56283 - R:localhost/127.0.0.1:43153] for POST '/session/6c6824321f37d23c92d1d2b851be6e7b/execute/sync'
20:07:21.378 [AsyncHttpClient-1-11] DEBUG org.asynchttpclient.netty.handler.HttpHandler - 

Request DefaultHttpRequest(decodeResult: success, version: HTTP/1.1)
POST /session/6c6824321f37d23c92d1d2b851be6e7b/execute/sync HTTP/1.1
User-Agent: selenium/4.8.1 (java mac)
Content-Length: 176
Content-Type: application/json; charset=utf-8
host: localhost:43153
accept: */*

Response DefaultHttpResponse(decodeResult: success, version: HTTP/1.1)
HTTP/1.1 200 OK
Content-Length: 918824
Content-Type: application/json; charset=utf-8
cache-control: no-cache

20:07:21.380 [AsyncHttpClient-1-11] DEBUG org.asynchttpclient.netty.channel.ChannelManager - Adding key: http://localhost:43153 for channel [id: 0x023c0d64, L:/127.0.0.1:56283 - R:localhost/127.0.0.1:43153]
20:07:21.492 [Forwarding getCurrentUrl on session 6c6824321f37d23c92d1d2b851be6e7b to remote] DEBUG org.asynchttpclient.netty.request.NettyRequestSender - Using pooled Channel '[id: 0x023c0d64, L:/127.0.0.1:56283 - R:localhost/127.0.0.1:43153]' for 'GET' to 'http://localhost:43153/session/6c6824321f37d23c92d1d2b851be6e7b/url'
20:07:21.492 [Forwarding getCurrentUrl on session 6c6824321f37d23c92d1d2b851be6e7b to remote] DEBUG org.asynchttpclient.netty.request.NettyRequestSender - Using open Channel [id: 0x023c0d64, L:/127.0.0.1:56283 - R:localhost/127.0.0.1:43153] for GET '/session/6c6824321f37d23c92d1d2b851be6e7b/url'
20:07:21.494 [AsyncHttpClient-1-11] DEBUG org.asynchttpclient.netty.handler.HttpHandler - 

Request DefaultFullHttpRequest(decodeResult: success, version: HTTP/1.1, content: EmptyByteBufBE)
GET /session/6c6824321f37d23c92d1d2b851be6e7b/url HTTP/1.1
User-Agent: selenium/4.8.1 (java mac)
Cache-Control: no-cache
Content-Type: application/json; charset=utf-8
host: localhost:43153
accept: */*

Response DefaultHttpResponse(decodeResult: success, version: HTTP/1.1)
HTTP/1.1 200 OK
Content-Length: 41
Content-Type: application/json; charset=utf-8
cache-control: no-cache

20:07:21.494 [AsyncHttpClient-1-11] DEBUG org.asynchttpclient.netty.channel.ChannelManager - Adding key: http://localhost:43153 for channel [id: 0x023c0d64, L:/127.0.0.1:56283 - R:localhost/127.0.0.1:43153]
20:07:21.497 [main] DEBUG net.thucydides.core.steps.StepInterceptor - STARTING STEP: buyToAddCartSteps.onTheHomePage - validateOnTheHomePage
20:07:21.503 [Forwarding findElement on session 6c6824321f37d23c92d1d2b851be6e7b to remote] DEBUG org.asynchttpclient.netty.request.NettyRequestSender - Using pooled Channel '[id: 0x023c0d64, L:/127.0.0.1:56283 - R:localhost/127.0.0.1:43153]' for 'POST' to 'http://localhost:43153/session/6c6824321f37d23c92d1d2b851be6e7b/element'
20:07:21.503 [Forwarding findElement on session 6c6824321f37d23c92d1d2b851be6e7b to remote] DEBUG org.asynchttpclient.netty.request.NettyRequestSender - Using open Channel [id: 0x023c0d64, L:/127.0.0.1:56283 - R:localhost/127.0.0.1:43153] for POST '/session/6c6824321f37d23c92d1d2b851be6e7b/element'
20:07:21.507 [AsyncHttpClient-1-11] DEBUG org.asynchttpclient.netty.handler.HttpHandler - 

Request DefaultHttpRequest(decodeResult: success, version: HTTP/1.1)
POST /session/6c6824321f37d23c92d1d2b851be6e7b/element HTTP/1.1
User-Agent: selenium/4.8.1 (java mac)
Content-Length: 54
Content-Type: application/json; charset=utf-8
host: localhost:43153
accept: */*

Response DefaultHttpResponse(decodeResult: success, version: HTTP/1.1)
HTTP/1.1 200 OK
Content-Length: 88
Content-Type: application/json; charset=utf-8
cache-control: no-cache

20:07:21.507 [AsyncHttpClient-1-11] DEBUG org.asynchttpclient.netty.channel.ChannelManager - Adding key: http://localhost:43153 for channel [id: 0x023c0d64, L:/127.0.0.1:56283 - R:localhost/127.0.0.1:43153]
20:07:21.510 [Forwarding isElementDisplayed on session 6c6824321f37d23c92d1d2b851be6e7b to remote] DEBUG org.asynchttpclient.netty.request.NettyRequestSender - Using pooled Channel '[id: 0x023c0d64, L:/127.0.0.1:56283 - R:localhost/127.0.0.1:43153]' for 'POST' to 'http://localhost:43153/session/6c6824321f37d23c92d1d2b851be6e7b/execute/sync'
20:07:21.510 [Forwarding isElementDisplayed on session 6c6824321f37d23c92d1d2b851be6e7b to remote] DEBUG org.asynchttpclient.netty.request.NettyRequestSender - Using open Channel [id: 0x023c0d64, L:/127.0.0.1:56283 - R:localhost/127.0.0.1:43153] for POST '/session/6c6824321f37d23c92d1d2b851be6e7b/execute/sync'
20:07:21.517 [AsyncHttpClient-1-11] DEBUG org.asynchttpclient.netty.handler.HttpHandler - 

Request DefaultHttpRequest(decodeResult: success, version: HTTP/1.1)
POST /session/6c6824321f37d23c92d1d2b851be6e7b/execute/sync HTTP/1.1
User-Agent: selenium/4.8.1 (java mac)
Content-Length: 48807
Content-Type: application/json; charset=utf-8
host: localhost:43153
accept: */*

Response DefaultHttpResponse(decodeResult: success, version: HTTP/1.1)
HTTP/1.1 200 OK
Content-Length: 14
Content-Type: application/json; charset=utf-8
cache-control: no-cache

20:07:21.517 [AsyncHttpClient-1-11] DEBUG org.asynchttpclient.netty.channel.ChannelManager - Adding key: http://localhost:43153 for channel [id: 0x023c0d64, L:/127.0.0.1:56283 - R:localhost/127.0.0.1:43153]
20:07:21.522 [Forwarding getAlertText on session 6c6824321f37d23c92d1d2b851be6e7b to remote] DEBUG org.asynchttpclient.netty.request.NettyRequestSender - Using pooled Channel '[id: 0x023c0d64, L:/127.0.0.1:56283 - R:localhost/127.0.0.1:43153]' for 'GET' to 'http://localhost:43153/session/6c6824321f37d23c92d1d2b851be6e7b/alert/text'
20:07:21.522 [Forwarding getAlertText on session 6c6824321f37d23c92d1d2b851be6e7b to remote] DEBUG org.asynchttpclient.netty.request.NettyRequestSender - Using open Channel [id: 0x023c0d64, L:/127.0.0.1:56283 - R:localhost/127.0.0.1:43153] for GET '/session/6c6824321f37d23c92d1d2b851be6e7b/alert/text'
20:07:21.523 [AsyncHttpClient-1-11] DEBUG org.asynchttpclient.netty.handler.HttpHandler - 

Request DefaultFullHttpRequest(decodeResult: success, version: HTTP/1.1, content: EmptyByteBufBE)
GET /session/6c6824321f37d23c92d1d2b851be6e7b/alert/text HTTP/1.1
User-Agent: selenium/4.8.1 (java mac)
Cache-Control: no-cache
Content-Type: application/json; charset=utf-8
host: localhost:43153
accept: */*

Response DefaultHttpResponse(decodeResult: success, version: HTTP/1.1)
HTTP/1.1 404 Not Found
Content-Length: 1763
Content-Type: application/json; charset=utf-8
cache-control: no-cache

20:07:21.523 [AsyncHttpClient-1-11] DEBUG org.asynchttpclient.netty.channel.ChannelManager - Adding key: http://localhost:43153 for channel [id: 0x023c0d64, L:/127.0.0.1:56283 - R:localhost/127.0.0.1:43153]
20:07:21.526 [Forwarding getCurrentUrl on session 6c6824321f37d23c92d1d2b851be6e7b to remote] DEBUG org.asynchttpclient.netty.request.NettyRequestSender - Using pooled Channel '[id: 0x023c0d64, L:/127.0.0.1:56283 - R:localhost/127.0.0.1:43153]' for 'GET' to 'http://localhost:43153/session/6c6824321f37d23c92d1d2b851be6e7b/url'
20:07:21.526 [Forwarding getCurrentUrl on session 6c6824321f37d23c92d1d2b851be6e7b to remote] DEBUG org.asynchttpclient.netty.request.NettyRequestSender - Using open Channel [id: 0x023c0d64, L:/127.0.0.1:56283 - R:localhost/127.0.0.1:43153] for GET '/session/6c6824321f37d23c92d1d2b851be6e7b/url'
20:07:21.528 [AsyncHttpClient-1-11] DEBUG org.asynchttpclient.netty.handler.HttpHandler - 

Request DefaultFullHttpRequest(decodeResult: success, version: HTTP/1.1, content: EmptyByteBufBE)
GET /session/6c6824321f37d23c92d1d2b851be6e7b/url HTTP/1.1
User-Agent: selenium/4.8.1 (java mac)
Cache-Control: no-cache
Content-Type: application/json; charset=utf-8
host: localhost:43153
accept: */*

Response DefaultHttpResponse(decodeResult: success, version: HTTP/1.1)
HTTP/1.1 200 OK
Content-Length: 41
Content-Type: application/json; charset=utf-8
cache-control: no-cache

20:07:21.528 [AsyncHttpClient-1-11] DEBUG org.asynchttpclient.netty.channel.ChannelManager - Adding key: http://localhost:43153 for channel [id: 0x023c0d64, L:/127.0.0.1:56283 - R:localhost/127.0.0.1:43153]
20:07:21.530 [Forwarding screenshot on session 6c6824321f37d23c92d1d2b851be6e7b to remote] DEBUG org.asynchttpclient.netty.request.NettyRequestSender - Using pooled Channel '[id: 0x023c0d64, L:/127.0.0.1:56283 - R:localhost/127.0.0.1:43153]' for 'GET' to 'http://localhost:43153/session/6c6824321f37d23c92d1d2b851be6e7b/screenshot'
20:07:21.530 [Forwarding screenshot on session 6c6824321f37d23c92d1d2b851be6e7b to remote] DEBUG org.asynchttpclient.netty.request.NettyRequestSender - Using open Channel [id: 0x023c0d64, L:/127.0.0.1:56283 - R:localhost/127.0.0.1:43153] for GET '/session/6c6824321f37d23c92d1d2b851be6e7b/screenshot'
20:07:21.548 [AsyncHttpClient-1-1] DEBUG org.asynchttpclient.netty.channel.DefaultChannelPool - Entry count for : http://localhost:56284 : 1
20:07:21.731 [AsyncHttpClient-1-11] DEBUG org.asynchttpclient.netty.handler.HttpHandler - 

Request DefaultFullHttpRequest(decodeResult: success, version: HTTP/1.1, content: EmptyByteBufBE)
GET /session/6c6824321f37d23c92d1d2b851be6e7b/screenshot HTTP/1.1
User-Agent: selenium/4.8.1 (java mac)
Cache-Control: no-cache
Content-Type: application/json; charset=utf-8
host: localhost:43153
accept: */*

Response DefaultHttpResponse(decodeResult: success, version: HTTP/1.1)
HTTP/1.1 200 OK
Content-Length: 178636
Content-Type: application/json; charset=utf-8
cache-control: no-cache

20:07:21.732 [AsyncHttpClient-1-11] DEBUG org.asynchttpclient.netty.channel.ChannelManager - Adding key: http://localhost:43153 for channel [id: 0x023c0d64, L:/127.0.0.1:56283 - R:localhost/127.0.0.1:43153]
20:07:21.742 [main] DEBUG net.serenitybdd.core.photography.Darkroom - Send negative for processing for target/site/serenity/3a7524a77245d82186a8081535ef57f16d18f30e707c26a1062ae80c07cd01de.png
20:07:21.743 [main] DEBUG net.thucydides.core.steps.StepInterceptor - STEP DONE: validateOnTheHomePage
  &amp#27;[32mThen &amp#27;[0m&amp#27;[32mi can see the product add to my cart1&amp#27;[0m               &amp#27;[90m# starter.stepdefinitions.buyToAddCartSteps.onTheHomePage()&amp#27;[0m
20:07:21.750 [main] INFO  - 
  _____   ___   ___   _____     ___     _     ___   ___   ___   ___  
 |_   _| | __| / __| |_   _|   | _ \   /_\   / __| / __| | __| |   \ 
   | |   | _|  \__ \   | |     |  _/  / _ \  \__ \ \__ \ | _|  | |) |
   |_|   |___| |___/   |_|     |_|   /_/ \_\ |___/ |___/ |___| |___/ 

As user, I can login and add products to my cart
----------------------------------------------------------------------
20:07:21.757 [Driver Command Executor] DEBUG org.asynchttpclient.netty.request.NettyRequestSender - Using pooled Channel '[id: 0x023c0d64, L:/127.0.0.1:56283 - R:localhost/127.0.0.1:43153]' for 'DELETE' to 'http://localhost:43153/session/6c6824321f37d23c92d1d2b851be6e7b'
20:07:21.760 [Driver Command Executor] DEBUG org.asynchttpclient.netty.request.NettyRequestSender - Using open Channel [id: 0x023c0d64, L:/127.0.0.1:56283 - R:localhost/127.0.0.1:43153] for DELETE '/session/6c6824321f37d23c92d1d2b851be6e7b'
20:07:21.761 [AsyncHttpClient-1-13] DEBUG org.asynchttpclient.netty.handler.WebSocketHandler - Channel Closed: [id: 0xfba20a7c, L:/127.0.0.1:56290 ! R:localhost/127.0.0.1:56284] with attribute NettyResponseFuture{currentRetry=0,
	isDone=1,
	isCancelled=0,
	asyncHandler=org.asynchttpclient.ws.WebSocketUpgradeHandler@2155e815,
	nettyRequest=org.asynchttpclient.netty.request.NettyRequest@37dbcac0,
	future=java.util.concurrent.CompletableFuture@59f3500d[Completed normally],
	uri=ws://localhost:56284/devtools/browser/ee96f3c6-dc87-46cd-9e0e-d8563f4ca3ee,
	keepAlive=true,
	redirectCount=0,
	timeoutsHolder=null,
	inAuth=0,
	touch=1683637619069}
20:07:21.762 [AsyncHttpClient-1-13] DEBUG org.asynchttpclient.netty.channel.ChannelManager - Closing Channel [id: 0xfba20a7c, L:/127.0.0.1:56290 ! R:localhost/127.0.0.1:56284] 
20:07:21.794 [AsyncHttpClient-1-12] DEBUG org.asynchttpclient.netty.handler.HttpHandler - Channel Closed: [id: 0xb19f92ce, L:/127.0.0.1:56289 ! R:localhost/127.0.0.1:56284] with attribute DISCARD
20:07:21.816 [AsyncHttpClient-1-11] DEBUG org.asynchttpclient.netty.handler.HttpHandler - 

Request DefaultFullHttpRequest(decodeResult: success, version: HTTP/1.1, content: EmptyByteBufBE)
DELETE /session/6c6824321f37d23c92d1d2b851be6e7b HTTP/1.1
User-Agent: selenium/4.8.1 (java mac)
Content-Type: application/json; charset=utf-8
host: localhost:43153
accept: */*

Response DefaultHttpResponse(decodeResult: success, version: HTTP/1.1)
HTTP/1.1 200 OK
Content-Length: 14
Content-Type: application/json; charset=utf-8
cache-control: no-cache

20:07:21.817 [AsyncHttpClient-1-11] DEBUG org.asynchttpclient.netty.channel.ChannelManager - Adding key: http://localhost:43153 for channel [id: 0x023c0d64, L:/127.0.0.1:56283 - R:localhost/127.0.0.1:43153]
20:07:21.837 [AsyncHttpClient-1-11] DEBUG org.asynchttpclient.netty.handler.HttpHandler - Channel Closed: [id: 0x023c0d64, L:/127.0.0.1:56283 ! R:localhost/127.0.0.1:43153] with attribute DISCARD
]]></system-out>
    <system-err><![CDATA[Starting ChromeDriver 111.0.5563.64 (c710e93d5b63b7095afe8c2c17df34408078439d-refs/branch-heads/5563@{#995}) on port 43153
Only local connections are allowed.
Please see https://chromedriver.chromium.org/security-considerations for suggestions on keeping ChromeDriver safe.
ChromeDriver was started successfully.
[1683637618.054][WARNING]: This version of ChromeDriver has not been tested with Chrome version 112.
May 09, 2023 8:06:59 PM org.openqa.selenium.devtools.CdpVersionFinder findNearestMatch
WARNING: Unable to find an exact match for CDP version 112, so returning the closest version found: 110
]]></system-err>
  </testcase>
  <testcase name="As user, I can login and see products detail" classname="products #1" time="27.359">
    <system-out><![CDATA[
@products @seedetailproducts
Scenario: As user, I can login and see products detail &amp#27;[90m# src/test/resources/features/Products.feature:51&amp#27;[0m
20:07:21.955 [main] DEBUG io.cucumber.core.plugin.SerenityReporter - Running feature from file:///Users/masgilang/Downloads/test-automation-MinProWEB/src/test/resources/features/Products.feature
20:07:21.962 [main] INFO  - 
  _____   ___   ___   _____     ___   _____     _     ___   _____   ___   ___  
 |_   _| | __| / __| |_   _|   / __| |_   _|   /_\   | _ \ |_   _| | __| |   \ 
   | |   | _|  \__ \   | |     \__ \   | |    / _ \  |   /   | |   | _|  | |) |
   |_|   |___| |___/   |_|     |___/   |_|   /_/ \_\ |_|_\   |_|   |___| |___/ 

As user, I can login and see products detail(products;as-user--i-can-login-and-see-products-detail)
--------------------------------------------------------------------------------
20:07:22.066 [main] INFO net.serenitybdd.core.webdriver.driverproviders.ChromeDriverProvider - Starting Chrome driver instance with capabilities:
20:07:22.070 [main] INFO net.serenitybdd.core.webdriver.driverproviders.ChromeDriverProvider - Capabilities {acceptInsecureCerts: false, browserName: chrome, goog:chromeOptions: {args: [remote-allow-origins=*], extensions: []}}
20:07:22.220 [AsyncHttpClient-1-14] DEBUG org.asynchttpclient.netty.channel.NettyConnectListener - Using new Channel '[id: 0xd975c2b1, L:/127.0.0.1:56304 - R:localhost/127.0.0.1:8272]' for 'POST' to '/session'
20:07:22.650 [AsyncHttpClient-1-1] DEBUG org.asynchttpclient.netty.channel.DefaultChannelPool - Entry count for : http://localhost:43153 : 1
20:07:22.654 [AsyncHttpClient-1-1] DEBUG org.asynchttpclient.netty.channel.DefaultChannelPool - Entry count for : http://localhost:56284 : 1
20:07:22.665 [AsyncHttpClient-1-1] DEBUG org.asynchttpclient.netty.channel.DefaultChannelPool - Adding Candidate expired Channel [id: 0x023c0d64, L:/127.0.0.1:56283 ! R:localhost/127.0.0.1:43153] isIdleTimeoutExpired=false isRemotelyClosed=true isTtlExpired=false
20:07:22.673 [AsyncHttpClient-1-1] DEBUG org.asynchttpclient.netty.channel.DefaultChannelPool - Closing Idle Channel [id: 0x023c0d64, L:/127.0.0.1:56283 ! R:localhost/127.0.0.1:43153]
20:07:22.676 [AsyncHttpClient-1-1] DEBUG org.asynchttpclient.netty.channel.DefaultChannelPool - Adding Candidate expired Channel [id: 0xb19f92ce, L:/127.0.0.1:56289 ! R:localhost/127.0.0.1:56284] isIdleTimeoutExpired=false isRemotelyClosed=true isTtlExpired=false
20:07:22.676 [AsyncHttpClient-1-1] DEBUG org.asynchttpclient.netty.channel.DefaultChannelPool - Closing Idle Channel [id: 0xb19f92ce, L:/127.0.0.1:56289 ! R:localhost/127.0.0.1:56284]
20:07:22.677 [AsyncHttpClient-1-1] DEBUG org.asynchttpclient.netty.channel.DefaultChannelPool - Closed 2 connections out of 2 in 23 ms
20:07:27.903 [AsyncHttpClient-1-14] DEBUG org.asynchttpclient.netty.handler.HttpHandler - 

Request DefaultHttpRequest(decodeResult: success, version: HTTP/1.1)
POST /session HTTP/1.1
User-Agent: selenium/4.8.1 (java mac)
Content-Length: 507
Content-Type: application/json; charset=utf-8
host: localhost:8272
accept: */*

Response DefaultHttpResponse(decodeResult: success, version: HTTP/1.1)
HTTP/1.1 200 OK
Content-Length: 869
Content-Type: application/json; charset=utf-8
cache-control: no-cache

20:07:27.910 [AsyncHttpClient-1-14] DEBUG org.asynchttpclient.netty.channel.ChannelManager - Adding key: http://localhost:8272 for channel [id: 0xd975c2b1, L:/127.0.0.1:56304 - R:localhost/127.0.0.1:8272]
20:07:27.968 [AsyncHttpClient-1-15] DEBUG org.asynchttpclient.netty.channel.NettyConnectListener - Using new Channel '[id: 0x237c7a32, L:/127.0.0.1:56310 - R:localhost/127.0.0.1:56305]' for 'GET' to '/json/version'
20:07:27.972 [AsyncHttpClient-1-15] DEBUG org.asynchttpclient.netty.handler.HttpHandler - 

Request DefaultFullHttpRequest(decodeResult: success, version: HTTP/1.1, content: EmptyByteBufBE)
GET /json/version HTTP/1.1
User-Agent: selenium/4.8.1 (java mac)
host: localhost:56305
accept: */*

Response DefaultHttpResponse(decodeResult: success, version: HTTP/1.1)
HTTP/1.1 200 OK
Content-Security-Policy: frame-ancestors 'none'
Content-Length: 422
Content-Type: application/json; charset=UTF-8

20:07:27.973 [AsyncHttpClient-1-15] DEBUG org.asynchttpclient.netty.channel.ChannelManager - Adding key: http://localhost:56305 for channel [id: 0x237c7a32, L:/127.0.0.1:56310 - R:localhost/127.0.0.1:56305]
20:07:27.988 [AsyncHttpClient-1-16] DEBUG org.asynchttpclient.netty.channel.NettyConnectListener - Using new Channel '[id: 0x0d69962a, L:/127.0.0.1:56311 - R:localhost/127.0.0.1:56305]' for 'GET' to '/devtools/browser/da4277ca-113d-4ac7-9912-9f83f63fb7c8'
20:07:27.997 [AsyncHttpClient-1-16] DEBUG org.asynchttpclient.netty.handler.WebSocketHandler - 

Request DefaultFullHttpRequest(decodeResult: success, version: HTTP/1.1, content: EmptyByteBufBE)
GET /devtools/browser/da4277ca-113d-4ac7-9912-9f83f63fb7c8 HTTP/1.1
upgrade: websocket
connection: upgrade
sec-websocket-key: mS2q1R3ezEcc08anCN2iFA==
sec-websocket-version: 13
origin: http://localhost:56305
host: localhost:56305
accept: */*
user-agent: AHC/2.1

Response DefaultHttpResponse(decodeResult: success, version: HTTP/1.1)
HTTP/1.1 101 WebSocket Protocol Handshake
Upgrade: WebSocket
Connection: Upgrade
Sec-WebSocket-Accept: rOC1IlOwvuFNXWNEl2wcjQOJT+g=

20:07:28.044 [Forwarding get on session 469e7490de0379835cc36f4fb352b807 to remote] DEBUG org.asynchttpclient.netty.request.NettyRequestSender - Using pooled Channel '[id: 0xd975c2b1, L:/127.0.0.1:56304 - R:localhost/127.0.0.1:8272]' for 'POST' to 'http://localhost:8272/session/469e7490de0379835cc36f4fb352b807/url'
20:07:28.045 [Forwarding get on session 469e7490de0379835cc36f4fb352b807 to remote] DEBUG org.asynchttpclient.netty.request.NettyRequestSender - Using open Channel [id: 0xd975c2b1, L:/127.0.0.1:56304 - R:localhost/127.0.0.1:8272] for POST '/session/469e7490de0379835cc36f4fb352b807/url'
20:07:28.149 [AsyncHttpClient-1-1] DEBUG org.asynchttpclient.netty.channel.DefaultChannelPool - Entry count for : http://localhost:56305 : 1
20:07:29.251 [AsyncHttpClient-1-1] DEBUG org.asynchttpclient.netty.channel.DefaultChannelPool - Entry count for : http://localhost:56305 : 1
20:07:30.346 [AsyncHttpClient-1-1] DEBUG org.asynchttpclient.netty.channel.DefaultChannelPool - Entry count for : http://localhost:56305 : 1
20:07:31.450 [AsyncHttpClient-1-1] DEBUG org.asynchttpclient.netty.channel.DefaultChannelPool - Entry count for : http://localhost:56305 : 1
20:07:32.551 [AsyncHttpClient-1-1] DEBUG org.asynchttpclient.netty.channel.DefaultChannelPool - Entry count for : http://localhost:56305 : 1
20:07:33.649 [AsyncHttpClient-1-1] DEBUG org.asynchttpclient.netty.channel.DefaultChannelPool - Entry count for : http://localhost:56305 : 1
20:07:34.750 [AsyncHttpClient-1-1] DEBUG org.asynchttpclient.netty.channel.DefaultChannelPool - Entry count for : http://localhost:56305 : 1
20:07:35.849 [AsyncHttpClient-1-1] DEBUG org.asynchttpclient.netty.channel.DefaultChannelPool - Entry count for : http://localhost:56305 : 1
20:07:36.946 [AsyncHttpClient-1-1] DEBUG org.asynchttpclient.netty.channel.DefaultChannelPool - Entry count for : http://localhost:56305 : 1
20:07:38.051 [AsyncHttpClient-1-1] DEBUG org.asynchttpclient.netty.channel.DefaultChannelPool - Entry count for : http://localhost:56305 : 1
20:07:39.151 [AsyncHttpClient-1-1] DEBUG org.asynchttpclient.netty.channel.DefaultChannelPool - Entry count for : http://localhost:56305 : 1
20:07:40.181 [AsyncHttpClient-1-14] DEBUG org.asynchttpclient.netty.handler.HttpHandler - 

Request DefaultHttpRequest(decodeResult: success, version: HTTP/1.1)
POST /session/469e7490de0379835cc36f4fb352b807/url HTTP/1.1
User-Agent: selenium/4.8.1 (java mac)
Content-Length: 53
Content-Type: application/json; charset=utf-8
host: localhost:8272
accept: */*

Response DefaultHttpResponse(decodeResult: success, version: HTTP/1.1)
HTTP/1.1 200 OK
Content-Length: 14
Content-Type: application/json; charset=utf-8
cache-control: no-cache

20:07:40.184 [AsyncHttpClient-1-14] DEBUG org.asynchttpclient.netty.channel.ChannelManager - Adding key: http://localhost:8272 for channel [id: 0xd975c2b1, L:/127.0.0.1:56304 - R:localhost/127.0.0.1:8272]
20:07:40.220 [Forwarding setTimeout on session 469e7490de0379835cc36f4fb352b807 to remote] DEBUG org.asynchttpclient.netty.request.NettyRequestSender - Using pooled Channel '[id: 0xd975c2b1, L:/127.0.0.1:56304 - R:localhost/127.0.0.1:8272]' for 'POST' to 'http://localhost:8272/session/469e7490de0379835cc36f4fb352b807/timeouts'
20:07:40.221 [Forwarding setTimeout on session 469e7490de0379835cc36f4fb352b807 to remote] DEBUG org.asynchttpclient.netty.request.NettyRequestSender - Using open Channel [id: 0xd975c2b1, L:/127.0.0.1:56304 - R:localhost/127.0.0.1:8272] for POST '/session/469e7490de0379835cc36f4fb352b807/timeouts'
20:07:40.231 [AsyncHttpClient-1-14] DEBUG org.asynchttpclient.netty.handler.HttpHandler - 

Request DefaultHttpRequest(decodeResult: success, version: HTTP/1.1)
POST /session/469e7490de0379835cc36f4fb352b807/timeouts HTTP/1.1
User-Agent: selenium/4.8.1 (java mac)
Content-Length: 22
Content-Type: application/json; charset=utf-8
host: localhost:8272
accept: */*

Response DefaultHttpResponse(decodeResult: success, version: HTTP/1.1)
HTTP/1.1 200 OK
Content-Length: 14
Content-Type: application/json; charset=utf-8
cache-control: no-cache

20:07:40.231 [AsyncHttpClient-1-14] DEBUG org.asynchttpclient.netty.channel.ChannelManager - Adding key: http://localhost:8272 for channel [id: 0xd975c2b1, L:/127.0.0.1:56304 - R:localhost/127.0.0.1:8272]
20:07:40.251 [AsyncHttpClient-1-1] DEBUG org.asynchttpclient.netty.channel.DefaultChannelPool - Entry count for : http://localhost:8272 : 1
20:07:40.251 [AsyncHttpClient-1-1] DEBUG org.asynchttpclient.netty.channel.DefaultChannelPool - Entry count for : http://localhost:56305 : 1
20:07:40.274 [Forwarding getAlertText on session 469e7490de0379835cc36f4fb352b807 to remote] DEBUG org.asynchttpclient.netty.request.NettyRequestSender - Using pooled Channel '[id: 0xd975c2b1, L:/127.0.0.1:56304 - R:localhost/127.0.0.1:8272]' for 'GET' to 'http://localhost:8272/session/469e7490de0379835cc36f4fb352b807/alert/text'
20:07:40.274 [Forwarding getAlertText on session 469e7490de0379835cc36f4fb352b807 to remote] DEBUG org.asynchttpclient.netty.request.NettyRequestSender - Using open Channel [id: 0xd975c2b1, L:/127.0.0.1:56304 - R:localhost/127.0.0.1:8272] for GET '/session/469e7490de0379835cc36f4fb352b807/alert/text'
20:07:40.281 [AsyncHttpClient-1-14] DEBUG org.asynchttpclient.netty.handler.HttpHandler - 

Request DefaultFullHttpRequest(decodeResult: success, version: HTTP/1.1, content: EmptyByteBufBE)
GET /session/469e7490de0379835cc36f4fb352b807/alert/text HTTP/1.1
User-Agent: selenium/4.8.1 (java mac)
Cache-Control: no-cache
Content-Type: application/json; charset=utf-8
host: localhost:8272
accept: */*

Response DefaultHttpResponse(decodeResult: success, version: HTTP/1.1)
HTTP/1.1 404 Not Found
Content-Length: 1763
Content-Type: application/json; charset=utf-8
cache-control: no-cache

20:07:40.286 [AsyncHttpClient-1-14] DEBUG org.asynchttpclient.netty.channel.ChannelManager - Adding key: http://localhost:8272 for channel [id: 0xd975c2b1, L:/127.0.0.1:56304 - R:localhost/127.0.0.1:8272]
20:07:40.293 [Forwarding getCurrentUrl on session 469e7490de0379835cc36f4fb352b807 to remote] DEBUG org.asynchttpclient.netty.request.NettyRequestSender - Using pooled Channel '[id: 0xd975c2b1, L:/127.0.0.1:56304 - R:localhost/127.0.0.1:8272]' for 'GET' to 'http://localhost:8272/session/469e7490de0379835cc36f4fb352b807/url'
20:07:40.293 [Forwarding getCurrentUrl on session 469e7490de0379835cc36f4fb352b807 to remote] DEBUG org.asynchttpclient.netty.request.NettyRequestSender - Using open Channel [id: 0xd975c2b1, L:/127.0.0.1:56304 - R:localhost/127.0.0.1:8272] for GET '/session/469e7490de0379835cc36f4fb352b807/url'
20:07:40.331 [AsyncHttpClient-1-14] DEBUG org.asynchttpclient.netty.handler.HttpHandler - 

Request DefaultFullHttpRequest(decodeResult: success, version: HTTP/1.1, content: EmptyByteBufBE)
GET /session/469e7490de0379835cc36f4fb352b807/url HTTP/1.1
User-Agent: selenium/4.8.1 (java mac)
Cache-Control: no-cache
Content-Type: application/json; charset=utf-8
host: localhost:8272
accept: */*

Response DefaultHttpResponse(decodeResult: success, version: HTTP/1.1)
HTTP/1.1 200 OK
Content-Length: 41
Content-Type: application/json; charset=utf-8
cache-control: no-cache

20:07:40.332 [AsyncHttpClient-1-14] DEBUG org.asynchttpclient.netty.channel.ChannelManager - Adding key: http://localhost:8272 for channel [id: 0xd975c2b1, L:/127.0.0.1:56304 - R:localhost/127.0.0.1:8272]
20:07:40.333 [Forwarding screenshot on session 469e7490de0379835cc36f4fb352b807 to remote] DEBUG org.asynchttpclient.netty.request.NettyRequestSender - Using pooled Channel '[id: 0xd975c2b1, L:/127.0.0.1:56304 - R:localhost/127.0.0.1:8272]' for 'GET' to 'http://localhost:8272/session/469e7490de0379835cc36f4fb352b807/screenshot'
20:07:40.333 [Forwarding screenshot on session 469e7490de0379835cc36f4fb352b807 to remote] DEBUG org.asynchttpclient.netty.request.NettyRequestSender - Using open Channel [id: 0xd975c2b1, L:/127.0.0.1:56304 - R:localhost/127.0.0.1:8272] for GET '/session/469e7490de0379835cc36f4fb352b807/screenshot'
20:07:40.540 [AsyncHttpClient-1-14] DEBUG org.asynchttpclient.netty.handler.HttpHandler - 

Request DefaultFullHttpRequest(decodeResult: success, version: HTTP/1.1, content: EmptyByteBufBE)
GET /session/469e7490de0379835cc36f4fb352b807/screenshot HTTP/1.1
User-Agent: selenium/4.8.1 (java mac)
Cache-Control: no-cache
Content-Type: application/json; charset=utf-8
host: localhost:8272
accept: */*

Response DefaultHttpResponse(decodeResult: success, version: HTTP/1.1)
HTTP/1.1 200 OK
Content-Length: 176288
Content-Type: application/json; charset=utf-8
cache-control: no-cache

20:07:40.541 [AsyncHttpClient-1-14] DEBUG org.asynchttpclient.netty.channel.ChannelManager - Adding key: http://localhost:8272 for channel [id: 0xd975c2b1, L:/127.0.0.1:56304 - R:localhost/127.0.0.1:8272]
20:07:40.555 [main] DEBUG net.serenitybdd.core.photography.Darkroom - Send negative for processing for target/site/serenity/62e880ea594c5605ab57320c1af36392b86605e3995980385501369639630060.png
20:07:40.560 [Forwarding getPageSource on session 469e7490de0379835cc36f4fb352b807 to remote] DEBUG org.asynchttpclient.netty.request.NettyRequestSender - Using pooled Channel '[id: 0xd975c2b1, L:/127.0.0.1:56304 - R:localhost/127.0.0.1:8272]' for 'POST' to 'http://localhost:8272/session/469e7490de0379835cc36f4fb352b807/execute/sync'
20:07:40.560 [Forwarding getPageSource on session 469e7490de0379835cc36f4fb352b807 to remote] DEBUG org.asynchttpclient.netty.request.NettyRequestSender - Using open Channel [id: 0xd975c2b1, L:/127.0.0.1:56304 - R:localhost/127.0.0.1:8272] for POST '/session/469e7490de0379835cc36f4fb352b807/execute/sync'
20:07:40.633 [AsyncHttpClient-1-14] DEBUG org.asynchttpclient.netty.handler.HttpHandler - 

Request DefaultHttpRequest(decodeResult: success, version: HTTP/1.1)
POST /session/469e7490de0379835cc36f4fb352b807/execute/sync HTTP/1.1
User-Agent: selenium/4.8.1 (java mac)
Content-Length: 176
Content-Type: application/json; charset=utf-8
host: localhost:8272
accept: */*

Response DefaultHttpResponse(decodeResult: success, version: HTTP/1.1)
HTTP/1.1 200 OK
Content-Length: 919435
Content-Type: application/json; charset=utf-8
cache-control: no-cache

20:07:40.634 [AsyncHttpClient-1-14] DEBUG org.asynchttpclient.netty.channel.ChannelManager - Adding key: http://localhost:8272 for channel [id: 0xd975c2b1, L:/127.0.0.1:56304 - R:localhost/127.0.0.1:8272]
20:07:40.782 [Forwarding getCurrentUrl on session 469e7490de0379835cc36f4fb352b807 to remote] DEBUG org.asynchttpclient.netty.request.NettyRequestSender - Using pooled Channel '[id: 0xd975c2b1, L:/127.0.0.1:56304 - R:localhost/127.0.0.1:8272]' for 'GET' to 'http://localhost:8272/session/469e7490de0379835cc36f4fb352b807/url'
20:07:40.782 [Forwarding getCurrentUrl on session 469e7490de0379835cc36f4fb352b807 to remote] DEBUG org.asynchttpclient.netty.request.NettyRequestSender - Using open Channel [id: 0xd975c2b1, L:/127.0.0.1:56304 - R:localhost/127.0.0.1:8272] for GET '/session/469e7490de0379835cc36f4fb352b807/url'
20:07:40.785 [AsyncHttpClient-1-14] DEBUG org.asynchttpclient.netty.handler.HttpHandler - 

Request DefaultFullHttpRequest(decodeResult: success, version: HTTP/1.1, content: EmptyByteBufBE)
GET /session/469e7490de0379835cc36f4fb352b807/url HTTP/1.1
User-Agent: selenium/4.8.1 (java mac)
Cache-Control: no-cache
Content-Type: application/json; charset=utf-8
host: localhost:8272
accept: */*

Response DefaultHttpResponse(decodeResult: success, version: HTTP/1.1)
HTTP/1.1 200 OK
Content-Length: 41
Content-Type: application/json; charset=utf-8
cache-control: no-cache

20:07:40.786 [AsyncHttpClient-1-14] DEBUG org.asynchttpclient.netty.channel.ChannelManager - Adding key: http://localhost:8272 for channel [id: 0xd975c2b1, L:/127.0.0.1:56304 - R:localhost/127.0.0.1:8272]
20:07:40.790 [main] DEBUG net.thucydides.core.steps.StepInterceptor - STARTING STEP: seeDetailProductsSteps.openTheHomePage - openTheHomePage
20:07:40.793 [Forwarding findElement on session 469e7490de0379835cc36f4fb352b807 to remote] DEBUG org.asynchttpclient.netty.request.NettyRequestSender - Using pooled Channel '[id: 0xd975c2b1, L:/127.0.0.1:56304 - R:localhost/127.0.0.1:8272]' for 'POST' to 'http://localhost:8272/session/469e7490de0379835cc36f4fb352b807/element'
20:07:40.793 [Forwarding findElement on session 469e7490de0379835cc36f4fb352b807 to remote] DEBUG org.asynchttpclient.netty.request.NettyRequestSender - Using open Channel [id: 0xd975c2b1, L:/127.0.0.1:56304 - R:localhost/127.0.0.1:8272] for POST '/session/469e7490de0379835cc36f4fb352b807/element'
20:07:40.858 [AsyncHttpClient-1-14] DEBUG org.asynchttpclient.netty.handler.HttpHandler - 

Request DefaultHttpRequest(decodeResult: success, version: HTTP/1.1)
POST /session/469e7490de0379835cc36f4fb352b807/element HTTP/1.1
User-Agent: selenium/4.8.1 (java mac)
Content-Length: 54
Content-Type: application/json; charset=utf-8
host: localhost:8272
accept: */*

Response DefaultHttpResponse(decodeResult: success, version: HTTP/1.1)
HTTP/1.1 200 OK
Content-Length: 88
Content-Type: application/json; charset=utf-8
cache-control: no-cache

20:07:40.858 [AsyncHttpClient-1-14] DEBUG org.asynchttpclient.netty.channel.ChannelManager - Adding key: http://localhost:8272 for channel [id: 0xd975c2b1, L:/127.0.0.1:56304 - R:localhost/127.0.0.1:8272]
20:07:40.866 [Forwarding isElementDisplayed on session 469e7490de0379835cc36f4fb352b807 to remote] DEBUG org.asynchttpclient.netty.request.NettyRequestSender - Using pooled Channel '[id: 0xd975c2b1, L:/127.0.0.1:56304 - R:localhost/127.0.0.1:8272]' for 'POST' to 'http://localhost:8272/session/469e7490de0379835cc36f4fb352b807/execute/sync'
20:07:40.866 [Forwarding isElementDisplayed on session 469e7490de0379835cc36f4fb352b807 to remote] DEBUG org.asynchttpclient.netty.request.NettyRequestSender - Using open Channel [id: 0xd975c2b1, L:/127.0.0.1:56304 - R:localhost/127.0.0.1:8272] for POST '/session/469e7490de0379835cc36f4fb352b807/execute/sync'
20:07:40.890 [AsyncHttpClient-1-14] DEBUG org.asynchttpclient.netty.handler.HttpHandler - 

Request DefaultHttpRequest(decodeResult: success, version: HTTP/1.1)
POST /session/469e7490de0379835cc36f4fb352b807/execute/sync HTTP/1.1
User-Agent: selenium/4.8.1 (java mac)
Content-Length: 48807
Content-Type: application/json; charset=utf-8
host: localhost:8272
accept: */*

Response DefaultHttpResponse(decodeResult: success, version: HTTP/1.1)
HTTP/1.1 200 OK
Content-Length: 14
Content-Type: application/json; charset=utf-8
cache-control: no-cache

20:07:40.890 [AsyncHttpClient-1-14] DEBUG org.asynchttpclient.netty.channel.ChannelManager - Adding key: http://localhost:8272 for channel [id: 0xd975c2b1, L:/127.0.0.1:56304 - R:localhost/127.0.0.1:8272]
20:07:40.896 [Forwarding getAlertText on session 469e7490de0379835cc36f4fb352b807 to remote] DEBUG org.asynchttpclient.netty.request.NettyRequestSender - Using pooled Channel '[id: 0xd975c2b1, L:/127.0.0.1:56304 - R:localhost/127.0.0.1:8272]' for 'GET' to 'http://localhost:8272/session/469e7490de0379835cc36f4fb352b807/alert/text'
20:07:40.896 [Forwarding getAlertText on session 469e7490de0379835cc36f4fb352b807 to remote] DEBUG org.asynchttpclient.netty.request.NettyRequestSender - Using open Channel [id: 0xd975c2b1, L:/127.0.0.1:56304 - R:localhost/127.0.0.1:8272] for GET '/session/469e7490de0379835cc36f4fb352b807/alert/text'
20:07:40.897 [AsyncHttpClient-1-14] DEBUG org.asynchttpclient.netty.handler.HttpHandler - 

Request DefaultFullHttpRequest(decodeResult: success, version: HTTP/1.1, content: EmptyByteBufBE)
GET /session/469e7490de0379835cc36f4fb352b807/alert/text HTTP/1.1
User-Agent: selenium/4.8.1 (java mac)
Cache-Control: no-cache
Content-Type: application/json; charset=utf-8
host: localhost:8272
accept: */*

Response DefaultHttpResponse(decodeResult: success, version: HTTP/1.1)
HTTP/1.1 404 Not Found
Content-Length: 1763
Content-Type: application/json; charset=utf-8
cache-control: no-cache

20:07:40.897 [AsyncHttpClient-1-14] DEBUG org.asynchttpclient.netty.channel.ChannelManager - Adding key: http://localhost:8272 for channel [id: 0xd975c2b1, L:/127.0.0.1:56304 - R:localhost/127.0.0.1:8272]
20:07:40.899 [Forwarding getCurrentUrl on session 469e7490de0379835cc36f4fb352b807 to remote] DEBUG org.asynchttpclient.netty.request.NettyRequestSender - Using pooled Channel '[id: 0xd975c2b1, L:/127.0.0.1:56304 - R:localhost/127.0.0.1:8272]' for 'GET' to 'http://localhost:8272/session/469e7490de0379835cc36f4fb352b807/url'
20:07:40.899 [Forwarding getCurrentUrl on session 469e7490de0379835cc36f4fb352b807 to remote] DEBUG org.asynchttpclient.netty.request.NettyRequestSender - Using open Channel [id: 0xd975c2b1, L:/127.0.0.1:56304 - R:localhost/127.0.0.1:8272] for GET '/session/469e7490de0379835cc36f4fb352b807/url'
20:07:40.901 [AsyncHttpClient-1-14] DEBUG org.asynchttpclient.netty.handler.HttpHandler - 

Request DefaultFullHttpRequest(decodeResult: success, version: HTTP/1.1, content: EmptyByteBufBE)
GET /session/469e7490de0379835cc36f4fb352b807/url HTTP/1.1
User-Agent: selenium/4.8.1 (java mac)
Cache-Control: no-cache
Content-Type: application/json; charset=utf-8
host: localhost:8272
accept: */*

Response DefaultHttpResponse(decodeResult: success, version: HTTP/1.1)
HTTP/1.1 200 OK
Content-Length: 41
Content-Type: application/json; charset=utf-8
cache-control: no-cache

20:07:40.901 [AsyncHttpClient-1-14] DEBUG org.asynchttpclient.netty.channel.ChannelManager - Adding key: http://localhost:8272 for channel [id: 0xd975c2b1, L:/127.0.0.1:56304 - R:localhost/127.0.0.1:8272]
20:07:40.901 [Forwarding screenshot on session 469e7490de0379835cc36f4fb352b807 to remote] DEBUG org.asynchttpclient.netty.request.NettyRequestSender - Using pooled Channel '[id: 0xd975c2b1, L:/127.0.0.1:56304 - R:localhost/127.0.0.1:8272]' for 'GET' to 'http://localhost:8272/session/469e7490de0379835cc36f4fb352b807/screenshot'
20:07:40.901 [Forwarding screenshot on session 469e7490de0379835cc36f4fb352b807 to remote] DEBUG org.asynchttpclient.netty.request.NettyRequestSender - Using open Channel [id: 0xd975c2b1, L:/127.0.0.1:56304 - R:localhost/127.0.0.1:8272] for GET '/session/469e7490de0379835cc36f4fb352b807/screenshot'
20:07:41.082 [AsyncHttpClient-1-14] DEBUG org.asynchttpclient.netty.handler.HttpHandler - 

Request DefaultFullHttpRequest(decodeResult: success, version: HTTP/1.1, content: EmptyByteBufBE)
GET /session/469e7490de0379835cc36f4fb352b807/screenshot HTTP/1.1
User-Agent: selenium/4.8.1 (java mac)
Cache-Control: no-cache
Content-Type: application/json; charset=utf-8
host: localhost:8272
accept: */*

Response DefaultHttpResponse(decodeResult: success, version: HTTP/1.1)
HTTP/1.1 200 OK
Content-Length: 176288
Content-Type: application/json; charset=utf-8
cache-control: no-cache

20:07:41.082 [AsyncHttpClient-1-14] DEBUG org.asynchttpclient.netty.channel.ChannelManager - Adding key: http://localhost:8272 for channel [id: 0xd975c2b1, L:/127.0.0.1:56304 - R:localhost/127.0.0.1:8272]
20:07:41.092 [main] DEBUG net.serenitybdd.core.photography.Darkroom - Send negative for processing for target/site/serenity/62e880ea594c5605ab57320c1af36392b86605e3995980385501369639630060.png
20:07:41.093 [main] DEBUG net.thucydides.core.steps.StepInterceptor - STEP DONE: openTheHomePage
  &amp#27;[32mGiven &amp#27;[0m&amp#27;[32mI am open the home page to view all products2&amp#27;[0m  &amp#27;[90m# starter.stepdefinitions.seeDetailProductsSteps.openTheHomePage()&amp#27;[0m
20:07:41.109 [Forwarding getPageSource on session 469e7490de0379835cc36f4fb352b807 to remote] DEBUG org.asynchttpclient.netty.request.NettyRequestSender - Using pooled Channel '[id: 0xd975c2b1, L:/127.0.0.1:56304 - R:localhost/127.0.0.1:8272]' for 'POST' to 'http://localhost:8272/session/469e7490de0379835cc36f4fb352b807/execute/sync'
20:07:41.109 [Forwarding getPageSource on session 469e7490de0379835cc36f4fb352b807 to remote] DEBUG org.asynchttpclient.netty.request.NettyRequestSender - Using open Channel [id: 0xd975c2b1, L:/127.0.0.1:56304 - R:localhost/127.0.0.1:8272] for POST '/session/469e7490de0379835cc36f4fb352b807/execute/sync'
20:07:41.139 [AsyncHttpClient-1-14] DEBUG org.asynchttpclient.netty.handler.HttpHandler - 

Request DefaultHttpRequest(decodeResult: success, version: HTTP/1.1)
POST /session/469e7490de0379835cc36f4fb352b807/execute/sync HTTP/1.1
User-Agent: selenium/4.8.1 (java mac)
Content-Length: 176
Content-Type: application/json; charset=utf-8
host: localhost:8272
accept: */*

Response DefaultHttpResponse(decodeResult: success, version: HTTP/1.1)
HTTP/1.1 200 OK
Content-Length: 919435
Content-Type: application/json; charset=utf-8
cache-control: no-cache

20:07:41.140 [AsyncHttpClient-1-14] DEBUG org.asynchttpclient.netty.channel.ChannelManager - Adding key: http://localhost:8272 for channel [id: 0xd975c2b1, L:/127.0.0.1:56304 - R:localhost/127.0.0.1:8272]
20:07:41.251 [Forwarding getCurrentUrl on session 469e7490de0379835cc36f4fb352b807 to remote] DEBUG org.asynchttpclient.netty.request.NettyRequestSender - Using pooled Channel '[id: 0xd975c2b1, L:/127.0.0.1:56304 - R:localhost/127.0.0.1:8272]' for 'GET' to 'http://localhost:8272/session/469e7490de0379835cc36f4fb352b807/url'
20:07:41.251 [Forwarding getCurrentUrl on session 469e7490de0379835cc36f4fb352b807 to remote] DEBUG org.asynchttpclient.netty.request.NettyRequestSender - Using open Channel [id: 0xd975c2b1, L:/127.0.0.1:56304 - R:localhost/127.0.0.1:8272] for GET '/session/469e7490de0379835cc36f4fb352b807/url'
20:07:41.254 [AsyncHttpClient-1-14] DEBUG org.asynchttpclient.netty.handler.HttpHandler - 

Request DefaultFullHttpRequest(decodeResult: success, version: HTTP/1.1, content: EmptyByteBufBE)
GET /session/469e7490de0379835cc36f4fb352b807/url HTTP/1.1
User-Agent: selenium/4.8.1 (java mac)
Cache-Control: no-cache
Content-Type: application/json; charset=utf-8
host: localhost:8272
accept: */*

Response DefaultHttpResponse(decodeResult: success, version: HTTP/1.1)
HTTP/1.1 200 OK
Content-Length: 41
Content-Type: application/json; charset=utf-8
cache-control: no-cache

20:07:41.256 [AsyncHttpClient-1-14] DEBUG org.asynchttpclient.netty.channel.ChannelManager - Adding key: http://localhost:8272 for channel [id: 0xd975c2b1, L:/127.0.0.1:56304 - R:localhost/127.0.0.1:8272]
20:07:41.280 [Forwarding getAlertText on session 469e7490de0379835cc36f4fb352b807 to remote] DEBUG org.asynchttpclient.netty.request.NettyRequestSender - Using pooled Channel '[id: 0xd975c2b1, L:/127.0.0.1:56304 - R:localhost/127.0.0.1:8272]' for 'GET' to 'http://localhost:8272/session/469e7490de0379835cc36f4fb352b807/alert/text'
20:07:41.281 [Forwarding getAlertText on session 469e7490de0379835cc36f4fb352b807 to remote] DEBUG org.asynchttpclient.netty.request.NettyRequestSender - Using open Channel [id: 0xd975c2b1, L:/127.0.0.1:56304 - R:localhost/127.0.0.1:8272] for GET '/session/469e7490de0379835cc36f4fb352b807/alert/text'
20:07:41.285 [AsyncHttpClient-1-14] DEBUG org.asynchttpclient.netty.handler.HttpHandler - 

Request DefaultFullHttpRequest(decodeResult: success, version: HTTP/1.1, content: EmptyByteBufBE)
GET /session/469e7490de0379835cc36f4fb352b807/alert/text HTTP/1.1
User-Agent: selenium/4.8.1 (java mac)
Cache-Control: no-cache
Content-Type: application/json; charset=utf-8
host: localhost:8272
accept: */*

Response DefaultHttpResponse(decodeResult: success, version: HTTP/1.1)
HTTP/1.1 404 Not Found
Content-Length: 1763
Content-Type: application/json; charset=utf-8
cache-control: no-cache

20:07:41.285 [AsyncHttpClient-1-14] DEBUG org.asynchttpclient.netty.channel.ChannelManager - Adding key: http://localhost:8272 for channel [id: 0xd975c2b1, L:/127.0.0.1:56304 - R:localhost/127.0.0.1:8272]
20:07:41.288 [Forwarding getCurrentUrl on session 469e7490de0379835cc36f4fb352b807 to remote] DEBUG org.asynchttpclient.netty.request.NettyRequestSender - Using pooled Channel '[id: 0xd975c2b1, L:/127.0.0.1:56304 - R:localhost/127.0.0.1:8272]' for 'GET' to 'http://localhost:8272/session/469e7490de0379835cc36f4fb352b807/url'
20:07:41.288 [Forwarding getCurrentUrl on session 469e7490de0379835cc36f4fb352b807 to remote] DEBUG org.asynchttpclient.netty.request.NettyRequestSender - Using open Channel [id: 0xd975c2b1, L:/127.0.0.1:56304 - R:localhost/127.0.0.1:8272] for GET '/session/469e7490de0379835cc36f4fb352b807/url'
20:07:41.292 [AsyncHttpClient-1-14] DEBUG org.asynchttpclient.netty.handler.HttpHandler - 

Request DefaultFullHttpRequest(decodeResult: success, version: HTTP/1.1, content: EmptyByteBufBE)
GET /session/469e7490de0379835cc36f4fb352b807/url HTTP/1.1
User-Agent: selenium/4.8.1 (java mac)
Cache-Control: no-cache
Content-Type: application/json; charset=utf-8
host: localhost:8272
accept: */*

Response DefaultHttpResponse(decodeResult: success, version: HTTP/1.1)
HTTP/1.1 200 OK
Content-Length: 41
Content-Type: application/json; charset=utf-8
cache-control: no-cache

20:07:41.292 [AsyncHttpClient-1-14] DEBUG org.asynchttpclient.netty.channel.ChannelManager - Adding key: http://localhost:8272 for channel [id: 0xd975c2b1, L:/127.0.0.1:56304 - R:localhost/127.0.0.1:8272]
20:07:41.294 [Forwarding screenshot on session 469e7490de0379835cc36f4fb352b807 to remote] DEBUG org.asynchttpclient.netty.request.NettyRequestSender - Using pooled Channel '[id: 0xd975c2b1, L:/127.0.0.1:56304 - R:localhost/127.0.0.1:8272]' for 'GET' to 'http://localhost:8272/session/469e7490de0379835cc36f4fb352b807/screenshot'
20:07:41.294 [Forwarding screenshot on session 469e7490de0379835cc36f4fb352b807 to remote] DEBUG org.asynchttpclient.netty.request.NettyRequestSender - Using open Channel [id: 0xd975c2b1, L:/127.0.0.1:56304 - R:localhost/127.0.0.1:8272] for GET '/session/469e7490de0379835cc36f4fb352b807/screenshot'
20:07:41.351 [AsyncHttpClient-1-1] DEBUG org.asynchttpclient.netty.channel.DefaultChannelPool - Entry count for : http://localhost:56305 : 1
20:07:41.468 [AsyncHttpClient-1-14] DEBUG org.asynchttpclient.netty.handler.HttpHandler - 

Request DefaultFullHttpRequest(decodeResult: success, version: HTTP/1.1, content: EmptyByteBufBE)
GET /session/469e7490de0379835cc36f4fb352b807/screenshot HTTP/1.1
User-Agent: selenium/4.8.1 (java mac)
Cache-Control: no-cache
Content-Type: application/json; charset=utf-8
host: localhost:8272
accept: */*

Response DefaultHttpResponse(decodeResult: success, version: HTTP/1.1)
HTTP/1.1 200 OK
Content-Length: 176288
Content-Type: application/json; charset=utf-8
cache-control: no-cache

20:07:41.471 [AsyncHttpClient-1-14] DEBUG org.asynchttpclient.netty.channel.ChannelManager - Adding key: http://localhost:8272 for channel [id: 0xd975c2b1, L:/127.0.0.1:56304 - R:localhost/127.0.0.1:8272]
20:07:41.478 [main] DEBUG net.serenitybdd.core.photography.Darkroom - Send negative for processing for target/site/serenity/62e880ea594c5605ab57320c1af36392b86605e3995980385501369639630060.png
20:07:41.481 [Forwarding getPageSource on session 469e7490de0379835cc36f4fb352b807 to remote] DEBUG org.asynchttpclient.netty.request.NettyRequestSender - Using pooled Channel '[id: 0xd975c2b1, L:/127.0.0.1:56304 - R:localhost/127.0.0.1:8272]' for 'POST' to 'http://localhost:8272/session/469e7490de0379835cc36f4fb352b807/execute/sync'
20:07:41.481 [Forwarding getPageSource on session 469e7490de0379835cc36f4fb352b807 to remote] DEBUG org.asynchttpclient.netty.request.NettyRequestSender - Using open Channel [id: 0xd975c2b1, L:/127.0.0.1:56304 - R:localhost/127.0.0.1:8272] for POST '/session/469e7490de0379835cc36f4fb352b807/execute/sync'
20:07:41.511 [AsyncHttpClient-1-14] DEBUG org.asynchttpclient.netty.handler.HttpHandler - 

Request DefaultHttpRequest(decodeResult: success, version: HTTP/1.1)
POST /session/469e7490de0379835cc36f4fb352b807/execute/sync HTTP/1.1
User-Agent: selenium/4.8.1 (java mac)
Content-Length: 176
Content-Type: application/json; charset=utf-8
host: localhost:8272
accept: */*

Response DefaultHttpResponse(decodeResult: success, version: HTTP/1.1)
HTTP/1.1 200 OK
Content-Length: 919435
Content-Type: application/json; charset=utf-8
cache-control: no-cache

20:07:41.512 [AsyncHttpClient-1-14] DEBUG org.asynchttpclient.netty.channel.ChannelManager - Adding key: http://localhost:8272 for channel [id: 0xd975c2b1, L:/127.0.0.1:56304 - R:localhost/127.0.0.1:8272]
20:07:41.609 [Forwarding getCurrentUrl on session 469e7490de0379835cc36f4fb352b807 to remote] DEBUG org.asynchttpclient.netty.request.NettyRequestSender - Using pooled Channel '[id: 0xd975c2b1, L:/127.0.0.1:56304 - R:localhost/127.0.0.1:8272]' for 'GET' to 'http://localhost:8272/session/469e7490de0379835cc36f4fb352b807/url'
20:07:41.609 [Forwarding getCurrentUrl on session 469e7490de0379835cc36f4fb352b807 to remote] DEBUG org.asynchttpclient.netty.request.NettyRequestSender - Using open Channel [id: 0xd975c2b1, L:/127.0.0.1:56304 - R:localhost/127.0.0.1:8272] for GET '/session/469e7490de0379835cc36f4fb352b807/url'
20:07:41.612 [AsyncHttpClient-1-14] DEBUG org.asynchttpclient.netty.handler.HttpHandler - 

Request DefaultFullHttpRequest(decodeResult: success, version: HTTP/1.1, content: EmptyByteBufBE)
GET /session/469e7490de0379835cc36f4fb352b807/url HTTP/1.1
User-Agent: selenium/4.8.1 (java mac)
Cache-Control: no-cache
Content-Type: application/json; charset=utf-8
host: localhost:8272
accept: */*

Response DefaultHttpResponse(decodeResult: success, version: HTTP/1.1)
HTTP/1.1 200 OK
Content-Length: 41
Content-Type: application/json; charset=utf-8
cache-control: no-cache

20:07:41.612 [AsyncHttpClient-1-14] DEBUG org.asynchttpclient.netty.channel.ChannelManager - Adding key: http://localhost:8272 for channel [id: 0xd975c2b1, L:/127.0.0.1:56304 - R:localhost/127.0.0.1:8272]
20:07:41.615 [main] DEBUG net.thucydides.core.steps.StepInterceptor - STARTING STEP: seeDetailProductsSteps.openTheLoginPage - openTheLoginPage
20:07:41.620 [Forwarding findElement on session 469e7490de0379835cc36f4fb352b807 to remote] DEBUG org.asynchttpclient.netty.request.NettyRequestSender - Using pooled Channel '[id: 0xd975c2b1, L:/127.0.0.1:56304 - R:localhost/127.0.0.1:8272]' for 'POST' to 'http://localhost:8272/session/469e7490de0379835cc36f4fb352b807/element'
20:07:41.620 [Forwarding findElement on session 469e7490de0379835cc36f4fb352b807 to remote] DEBUG org.asynchttpclient.netty.request.NettyRequestSender - Using open Channel [id: 0xd975c2b1, L:/127.0.0.1:56304 - R:localhost/127.0.0.1:8272] for POST '/session/469e7490de0379835cc36f4fb352b807/element'
20:07:41.776 [AsyncHttpClient-1-14] DEBUG org.asynchttpclient.netty.handler.HttpHandler - 

Request DefaultHttpRequest(decodeResult: success, version: HTTP/1.1)
POST /session/469e7490de0379835cc36f4fb352b807/element HTTP/1.1
User-Agent: selenium/4.8.1 (java mac)
Content-Length: 106
Content-Type: application/json; charset=utf-8
host: localhost:8272
accept: */*

Response DefaultHttpResponse(decodeResult: success, version: HTTP/1.1)
HTTP/1.1 200 OK
Content-Length: 88
Content-Type: application/json; charset=utf-8
cache-control: no-cache

20:07:41.777 [AsyncHttpClient-1-14] DEBUG org.asynchttpclient.netty.channel.ChannelManager - Adding key: http://localhost:8272 for channel [id: 0xd975c2b1, L:/127.0.0.1:56304 - R:localhost/127.0.0.1:8272]
20:07:41.779 [Forwarding getElementTagName on session 469e7490de0379835cc36f4fb352b807 to remote] DEBUG org.asynchttpclient.netty.request.NettyRequestSender - Using pooled Channel '[id: 0xd975c2b1, L:/127.0.0.1:56304 - R:localhost/127.0.0.1:8272]' for 'GET' to 'http://localhost:8272/session/469e7490de0379835cc36f4fb352b807/element/3754f335-2eb1-4fdf-817d-bd76027764e9/name'
20:07:41.779 [Forwarding getElementTagName on session 469e7490de0379835cc36f4fb352b807 to remote] DEBUG org.asynchttpclient.netty.request.NettyRequestSender - Using open Channel [id: 0xd975c2b1, L:/127.0.0.1:56304 - R:localhost/127.0.0.1:8272] for GET '/session/469e7490de0379835cc36f4fb352b807/element/3754f335-2eb1-4fdf-817d-bd76027764e9/name'
20:07:41.782 [AsyncHttpClient-1-14] DEBUG org.asynchttpclient.netty.handler.HttpHandler - 

Request DefaultFullHttpRequest(decodeResult: success, version: HTTP/1.1, content: EmptyByteBufBE)
GET /session/469e7490de0379835cc36f4fb352b807/element/3754f335-2eb1-4fdf-817d-bd76027764e9/name HTTP/1.1
User-Agent: selenium/4.8.1 (java mac)
Cache-Control: no-cache
Content-Type: application/json; charset=utf-8
host: localhost:8272
accept: */*

Response DefaultHttpResponse(decodeResult: success, version: HTTP/1.1)
HTTP/1.1 200 OK
Content-Length: 13
Content-Type: application/json; charset=utf-8
cache-control: no-cache

20:07:41.783 [AsyncHttpClient-1-14] DEBUG org.asynchttpclient.netty.channel.ChannelManager - Adding key: http://localhost:8272 for channel [id: 0xd975c2b1, L:/127.0.0.1:56304 - R:localhost/127.0.0.1:8272]
20:07:41.784 [Forwarding getElementTagName on session 469e7490de0379835cc36f4fb352b807 to remote] DEBUG org.asynchttpclient.netty.request.NettyRequestSender - Using pooled Channel '[id: 0xd975c2b1, L:/127.0.0.1:56304 - R:localhost/127.0.0.1:8272]' for 'GET' to 'http://localhost:8272/session/469e7490de0379835cc36f4fb352b807/element/3754f335-2eb1-4fdf-817d-bd76027764e9/name'
20:07:41.784 [Forwarding getElementTagName on session 469e7490de0379835cc36f4fb352b807 to remote] DEBUG org.asynchttpclient.netty.request.NettyRequestSender - Using open Channel [id: 0xd975c2b1, L:/127.0.0.1:56304 - R:localhost/127.0.0.1:8272] for GET '/session/469e7490de0379835cc36f4fb352b807/element/3754f335-2eb1-4fdf-817d-bd76027764e9/name'
20:07:41.786 [AsyncHttpClient-1-14] DEBUG org.asynchttpclient.netty.handler.HttpHandler - 

Request DefaultFullHttpRequest(decodeResult: success, version: HTTP/1.1, content: EmptyByteBufBE)
GET /session/469e7490de0379835cc36f4fb352b807/element/3754f335-2eb1-4fdf-817d-bd76027764e9/name HTTP/1.1
User-Agent: selenium/4.8.1 (java mac)
Cache-Control: no-cache
Content-Type: application/json; charset=utf-8
host: localhost:8272
accept: */*

Response DefaultHttpResponse(decodeResult: success, version: HTTP/1.1)
HTTP/1.1 200 OK
Content-Length: 13
Content-Type: application/json; charset=utf-8
cache-control: no-cache

20:07:41.786 [AsyncHttpClient-1-14] DEBUG org.asynchttpclient.netty.channel.ChannelManager - Adding key: http://localhost:8272 for channel [id: 0xd975c2b1, L:/127.0.0.1:56304 - R:localhost/127.0.0.1:8272]
20:07:41.788 [Forwarding findElement on session 469e7490de0379835cc36f4fb352b807 to remote] DEBUG org.asynchttpclient.netty.request.NettyRequestSender - Using pooled Channel '[id: 0xd975c2b1, L:/127.0.0.1:56304 - R:localhost/127.0.0.1:8272]' for 'POST' to 'http://localhost:8272/session/469e7490de0379835cc36f4fb352b807/element'
20:07:41.788 [Forwarding findElement on session 469e7490de0379835cc36f4fb352b807 to remote] DEBUG org.asynchttpclient.netty.request.NettyRequestSender - Using open Channel [id: 0xd975c2b1, L:/127.0.0.1:56304 - R:localhost/127.0.0.1:8272] for POST '/session/469e7490de0379835cc36f4fb352b807/element'
20:07:41.794 [AsyncHttpClient-1-14] DEBUG org.asynchttpclient.netty.handler.HttpHandler - 

Request DefaultHttpRequest(decodeResult: success, version: HTTP/1.1)
POST /session/469e7490de0379835cc36f4fb352b807/element HTTP/1.1
User-Agent: selenium/4.8.1 (java mac)
Content-Length: 106
Content-Type: application/json; charset=utf-8
host: localhost:8272
accept: */*

Response DefaultHttpResponse(decodeResult: success, version: HTTP/1.1)
HTTP/1.1 200 OK
Content-Length: 88
Content-Type: application/json; charset=utf-8
cache-control: no-cache

20:07:41.794 [AsyncHttpClient-1-14] DEBUG org.asynchttpclient.netty.channel.ChannelManager - Adding key: http://localhost:8272 for channel [id: 0xd975c2b1, L:/127.0.0.1:56304 - R:localhost/127.0.0.1:8272]
20:07:41.795 [Forwarding clickElement on session 469e7490de0379835cc36f4fb352b807 to remote] DEBUG org.asynchttpclient.netty.request.NettyRequestSender - Using pooled Channel '[id: 0xd975c2b1, L:/127.0.0.1:56304 - R:localhost/127.0.0.1:8272]' for 'POST' to 'http://localhost:8272/session/469e7490de0379835cc36f4fb352b807/element/3754f335-2eb1-4fdf-817d-bd76027764e9/click'
20:07:41.795 [Forwarding clickElement on session 469e7490de0379835cc36f4fb352b807 to remote] DEBUG org.asynchttpclient.netty.request.NettyRequestSender - Using open Channel [id: 0xd975c2b1, L:/127.0.0.1:56304 - R:localhost/127.0.0.1:8272] for POST '/session/469e7490de0379835cc36f4fb352b807/element/3754f335-2eb1-4fdf-817d-bd76027764e9/click'
20:07:42.106 [AsyncHttpClient-1-14] DEBUG org.asynchttpclient.netty.handler.HttpHandler - 

Request DefaultHttpRequest(decodeResult: success, version: HTTP/1.1)
POST /session/469e7490de0379835cc36f4fb352b807/element/3754f335-2eb1-4fdf-817d-bd76027764e9/click HTTP/1.1
User-Agent: selenium/4.8.1 (java mac)
Content-Length: 50
Content-Type: application/json; charset=utf-8
host: localhost:8272
accept: */*

Response DefaultHttpResponse(decodeResult: success, version: HTTP/1.1)
HTTP/1.1 200 OK
Content-Length: 14
Content-Type: application/json; charset=utf-8
cache-control: no-cache

20:07:42.106 [AsyncHttpClient-1-14] DEBUG org.asynchttpclient.netty.channel.ChannelManager - Adding key: http://localhost:8272 for channel [id: 0xd975c2b1, L:/127.0.0.1:56304 - R:localhost/127.0.0.1:8272]
20:07:42.113 [Forwarding getAlertText on session 469e7490de0379835cc36f4fb352b807 to remote] DEBUG org.asynchttpclient.netty.request.NettyRequestSender - Using pooled Channel '[id: 0xd975c2b1, L:/127.0.0.1:56304 - R:localhost/127.0.0.1:8272]' for 'GET' to 'http://localhost:8272/session/469e7490de0379835cc36f4fb352b807/alert/text'
20:07:42.113 [Forwarding getAlertText on session 469e7490de0379835cc36f4fb352b807 to remote] DEBUG org.asynchttpclient.netty.request.NettyRequestSender - Using open Channel [id: 0xd975c2b1, L:/127.0.0.1:56304 - R:localhost/127.0.0.1:8272] for GET '/session/469e7490de0379835cc36f4fb352b807/alert/text'
20:07:42.155 [AsyncHttpClient-1-14] DEBUG org.asynchttpclient.netty.handler.HttpHandler - 

Request DefaultFullHttpRequest(decodeResult: success, version: HTTP/1.1, content: EmptyByteBufBE)
GET /session/469e7490de0379835cc36f4fb352b807/alert/text HTTP/1.1
User-Agent: selenium/4.8.1 (java mac)
Cache-Control: no-cache
Content-Type: application/json; charset=utf-8
host: localhost:8272
accept: */*

Response DefaultHttpResponse(decodeResult: success, version: HTTP/1.1)
HTTP/1.1 404 Not Found
Content-Length: 1763
Content-Type: application/json; charset=utf-8
cache-control: no-cache

20:07:42.155 [AsyncHttpClient-1-14] DEBUG org.asynchttpclient.netty.channel.ChannelManager - Adding key: http://localhost:8272 for channel [id: 0xd975c2b1, L:/127.0.0.1:56304 - R:localhost/127.0.0.1:8272]
20:07:42.157 [Forwarding getCurrentUrl on session 469e7490de0379835cc36f4fb352b807 to remote] DEBUG org.asynchttpclient.netty.request.NettyRequestSender - Using pooled Channel '[id: 0xd975c2b1, L:/127.0.0.1:56304 - R:localhost/127.0.0.1:8272]' for 'GET' to 'http://localhost:8272/session/469e7490de0379835cc36f4fb352b807/url'
20:07:42.157 [Forwarding getCurrentUrl on session 469e7490de0379835cc36f4fb352b807 to remote] DEBUG org.asynchttpclient.netty.request.NettyRequestSender - Using open Channel [id: 0xd975c2b1, L:/127.0.0.1:56304 - R:localhost/127.0.0.1:8272] for GET '/session/469e7490de0379835cc36f4fb352b807/url'
20:07:42.450 [AsyncHttpClient-1-1] DEBUG org.asynchttpclient.netty.channel.DefaultChannelPool - Entry count for : http://localhost:56305 : 1
20:07:42.576 [AsyncHttpClient-1-14] DEBUG org.asynchttpclient.netty.handler.HttpHandler - 

Request DefaultFullHttpRequest(decodeResult: success, version: HTTP/1.1, content: EmptyByteBufBE)
GET /session/469e7490de0379835cc36f4fb352b807/url HTTP/1.1
User-Agent: selenium/4.8.1 (java mac)
Cache-Control: no-cache
Content-Type: application/json; charset=utf-8
host: localhost:8272
accept: */*

Response DefaultHttpResponse(decodeResult: success, version: HTTP/1.1)
HTTP/1.1 200 OK
Content-Length: 51
Content-Type: application/json; charset=utf-8
cache-control: no-cache

20:07:42.577 [AsyncHttpClient-1-14] DEBUG org.asynchttpclient.netty.channel.ChannelManager - Adding key: http://localhost:8272 for channel [id: 0xd975c2b1, L:/127.0.0.1:56304 - R:localhost/127.0.0.1:8272]
20:07:42.578 [Forwarding screenshot on session 469e7490de0379835cc36f4fb352b807 to remote] DEBUG org.asynchttpclient.netty.request.NettyRequestSender - Using pooled Channel '[id: 0xd975c2b1, L:/127.0.0.1:56304 - R:localhost/127.0.0.1:8272]' for 'GET' to 'http://localhost:8272/session/469e7490de0379835cc36f4fb352b807/screenshot'
20:07:42.578 [Forwarding screenshot on session 469e7490de0379835cc36f4fb352b807 to remote] DEBUG org.asynchttpclient.netty.request.NettyRequestSender - Using open Channel [id: 0xd975c2b1, L:/127.0.0.1:56304 - R:localhost/127.0.0.1:8272] for GET '/session/469e7490de0379835cc36f4fb352b807/screenshot'
20:07:42.811 [AsyncHttpClient-1-14] DEBUG org.asynchttpclient.netty.handler.HttpHandler - 

Request DefaultFullHttpRequest(decodeResult: success, version: HTTP/1.1, content: EmptyByteBufBE)
GET /session/469e7490de0379835cc36f4fb352b807/screenshot HTTP/1.1
User-Agent: selenium/4.8.1 (java mac)
Cache-Control: no-cache
Content-Type: application/json; charset=utf-8
host: localhost:8272
accept: */*

Response DefaultHttpResponse(decodeResult: success, version: HTTP/1.1)
HTTP/1.1 200 OK
Content-Length: 62224
Content-Type: application/json; charset=utf-8
cache-control: no-cache

20:07:42.812 [AsyncHttpClient-1-14] DEBUG org.asynchttpclient.netty.channel.ChannelManager - Adding key: http://localhost:8272 for channel [id: 0xd975c2b1, L:/127.0.0.1:56304 - R:localhost/127.0.0.1:8272]
20:07:42.817 [main] DEBUG net.serenitybdd.core.photography.Darkroom - Send negative for processing for target/site/serenity/d9a2f8fb93e92177374b0e2275a5cd5548d20d32900a5a22d12e60598c2cb0f0.png
20:07:42.819 [main] DEBUG net.thucydides.core.steps.StepInterceptor - STEP DONE: openTheLoginPage
  &amp#27;[32mGiven &amp#27;[0m&amp#27;[32mI am open the login page to view all products2&amp#27;[0m &amp#27;[90m# starter.stepdefinitions.seeDetailProductsSteps.openTheLoginPage()&amp#27;[0m
20:07:42.829 [Forwarding getPageSource on session 469e7490de0379835cc36f4fb352b807 to remote] DEBUG org.asynchttpclient.netty.request.NettyRequestSender - Using pooled Channel '[id: 0xd975c2b1, L:/127.0.0.1:56304 - R:localhost/127.0.0.1:8272]' for 'POST' to 'http://localhost:8272/session/469e7490de0379835cc36f4fb352b807/execute/sync'
20:07:42.829 [Forwarding getPageSource on session 469e7490de0379835cc36f4fb352b807 to remote] DEBUG org.asynchttpclient.netty.request.NettyRequestSender - Using open Channel [id: 0xd975c2b1, L:/127.0.0.1:56304 - R:localhost/127.0.0.1:8272] for POST '/session/469e7490de0379835cc36f4fb352b807/execute/sync'
20:07:42.834 [AsyncHttpClient-1-14] DEBUG org.asynchttpclient.netty.handler.HttpHandler - 

Request DefaultHttpRequest(decodeResult: success, version: HTTP/1.1)
POST /session/469e7490de0379835cc36f4fb352b807/execute/sync HTTP/1.1
User-Agent: selenium/4.8.1 (java mac)
Content-Length: 176
Content-Type: application/json; charset=utf-8
host: localhost:8272
accept: */*

Response DefaultHttpResponse(decodeResult: success, version: HTTP/1.1)
HTTP/1.1 200 OK
Content-Length: 21975
Content-Type: application/json; charset=utf-8
cache-control: no-cache

20:07:42.835 [AsyncHttpClient-1-14] DEBUG org.asynchttpclient.netty.channel.ChannelManager - Adding key: http://localhost:8272 for channel [id: 0xd975c2b1, L:/127.0.0.1:56304 - R:localhost/127.0.0.1:8272]
20:07:42.839 [Forwarding getCurrentUrl on session 469e7490de0379835cc36f4fb352b807 to remote] DEBUG org.asynchttpclient.netty.request.NettyRequestSender - Using pooled Channel '[id: 0xd975c2b1, L:/127.0.0.1:56304 - R:localhost/127.0.0.1:8272]' for 'GET' to 'http://localhost:8272/session/469e7490de0379835cc36f4fb352b807/url'
20:07:42.839 [Forwarding getCurrentUrl on session 469e7490de0379835cc36f4fb352b807 to remote] DEBUG org.asynchttpclient.netty.request.NettyRequestSender - Using open Channel [id: 0xd975c2b1, L:/127.0.0.1:56304 - R:localhost/127.0.0.1:8272] for GET '/session/469e7490de0379835cc36f4fb352b807/url'
20:07:42.842 [AsyncHttpClient-1-14] DEBUG org.asynchttpclient.netty.handler.HttpHandler - 

Request DefaultFullHttpRequest(decodeResult: success, version: HTTP/1.1, content: EmptyByteBufBE)
GET /session/469e7490de0379835cc36f4fb352b807/url HTTP/1.1
User-Agent: selenium/4.8.1 (java mac)
Cache-Control: no-cache
Content-Type: application/json; charset=utf-8
host: localhost:8272
accept: */*

Response DefaultHttpResponse(decodeResult: success, version: HTTP/1.1)
HTTP/1.1 200 OK
Content-Length: 51
Content-Type: application/json; charset=utf-8
cache-control: no-cache

20:07:42.842 [AsyncHttpClient-1-14] DEBUG org.asynchttpclient.netty.channel.ChannelManager - Adding key: http://localhost:8272 for channel [id: 0xd975c2b1, L:/127.0.0.1:56304 - R:localhost/127.0.0.1:8272]
20:07:42.855 [Forwarding getPageSource on session 469e7490de0379835cc36f4fb352b807 to remote] DEBUG org.asynchttpclient.netty.request.NettyRequestSender - Using pooled Channel '[id: 0xd975c2b1, L:/127.0.0.1:56304 - R:localhost/127.0.0.1:8272]' for 'POST' to 'http://localhost:8272/session/469e7490de0379835cc36f4fb352b807/execute/sync'
20:07:42.855 [Forwarding getPageSource on session 469e7490de0379835cc36f4fb352b807 to remote] DEBUG org.asynchttpclient.netty.request.NettyRequestSender - Using open Channel [id: 0xd975c2b1, L:/127.0.0.1:56304 - R:localhost/127.0.0.1:8272] for POST '/session/469e7490de0379835cc36f4fb352b807/execute/sync'
20:07:42.859 [AsyncHttpClient-1-14] DEBUG org.asynchttpclient.netty.handler.HttpHandler - 

Request DefaultHttpRequest(decodeResult: success, version: HTTP/1.1)
POST /session/469e7490de0379835cc36f4fb352b807/execute/sync HTTP/1.1
User-Agent: selenium/4.8.1 (java mac)
Content-Length: 176
Content-Type: application/json; charset=utf-8
host: localhost:8272
accept: */*

Response DefaultHttpResponse(decodeResult: success, version: HTTP/1.1)
HTTP/1.1 200 OK
Content-Length: 21975
Content-Type: application/json; charset=utf-8
cache-control: no-cache

20:07:42.859 [AsyncHttpClient-1-14] DEBUG org.asynchttpclient.netty.channel.ChannelManager - Adding key: http://localhost:8272 for channel [id: 0xd975c2b1, L:/127.0.0.1:56304 - R:localhost/127.0.0.1:8272]
20:07:42.863 [Forwarding getCurrentUrl on session 469e7490de0379835cc36f4fb352b807 to remote] DEBUG org.asynchttpclient.netty.request.NettyRequestSender - Using pooled Channel '[id: 0xd975c2b1, L:/127.0.0.1:56304 - R:localhost/127.0.0.1:8272]' for 'GET' to 'http://localhost:8272/session/469e7490de0379835cc36f4fb352b807/url'
20:07:42.863 [Forwarding getCurrentUrl on session 469e7490de0379835cc36f4fb352b807 to remote] DEBUG org.asynchttpclient.netty.request.NettyRequestSender - Using open Channel [id: 0xd975c2b1, L:/127.0.0.1:56304 - R:localhost/127.0.0.1:8272] for GET '/session/469e7490de0379835cc36f4fb352b807/url'
20:07:42.865 [AsyncHttpClient-1-14] DEBUG org.asynchttpclient.netty.handler.HttpHandler - 

Request DefaultFullHttpRequest(decodeResult: success, version: HTTP/1.1, content: EmptyByteBufBE)
GET /session/469e7490de0379835cc36f4fb352b807/url HTTP/1.1
User-Agent: selenium/4.8.1 (java mac)
Cache-Control: no-cache
Content-Type: application/json; charset=utf-8
host: localhost:8272
accept: */*

Response DefaultHttpResponse(decodeResult: success, version: HTTP/1.1)
HTTP/1.1 200 OK
Content-Length: 51
Content-Type: application/json; charset=utf-8
cache-control: no-cache

20:07:42.865 [AsyncHttpClient-1-14] DEBUG org.asynchttpclient.netty.channel.ChannelManager - Adding key: http://localhost:8272 for channel [id: 0xd975c2b1, L:/127.0.0.1:56304 - R:localhost/127.0.0.1:8272]
20:07:42.868 [main] DEBUG net.thucydides.core.steps.StepInterceptor - STARTING STEP: seeDetailProductsSteps.onTheLoginPage - validateOnTheLoginPage
20:07:42.873 [Forwarding findElement on session 469e7490de0379835cc36f4fb352b807 to remote] DEBUG org.asynchttpclient.netty.request.NettyRequestSender - Using pooled Channel '[id: 0xd975c2b1, L:/127.0.0.1:56304 - R:localhost/127.0.0.1:8272]' for 'POST' to 'http://localhost:8272/session/469e7490de0379835cc36f4fb352b807/element'
20:07:42.873 [Forwarding findElement on session 469e7490de0379835cc36f4fb352b807 to remote] DEBUG org.asynchttpclient.netty.request.NettyRequestSender - Using open Channel [id: 0xd975c2b1, L:/127.0.0.1:56304 - R:localhost/127.0.0.1:8272] for POST '/session/469e7490de0379835cc36f4fb352b807/element'
20:07:42.922 [AsyncHttpClient-1-14] DEBUG org.asynchttpclient.netty.handler.HttpHandler - 

Request DefaultHttpRequest(decodeResult: success, version: HTTP/1.1)
POST /session/469e7490de0379835cc36f4fb352b807/element HTTP/1.1
User-Agent: selenium/4.8.1 (java mac)
Content-Length: 155
Content-Type: application/json; charset=utf-8
host: localhost:8272
accept: */*

Response DefaultHttpResponse(decodeResult: success, version: HTTP/1.1)
HTTP/1.1 200 OK
Content-Length: 88
Content-Type: application/json; charset=utf-8
cache-control: no-cache

20:07:42.922 [AsyncHttpClient-1-14] DEBUG org.asynchttpclient.netty.channel.ChannelManager - Adding key: http://localhost:8272 for channel [id: 0xd975c2b1, L:/127.0.0.1:56304 - R:localhost/127.0.0.1:8272]
20:07:42.925 [Forwarding isElementDisplayed on session 469e7490de0379835cc36f4fb352b807 to remote] DEBUG org.asynchttpclient.netty.request.NettyRequestSender - Using pooled Channel '[id: 0xd975c2b1, L:/127.0.0.1:56304 - R:localhost/127.0.0.1:8272]' for 'POST' to 'http://localhost:8272/session/469e7490de0379835cc36f4fb352b807/execute/sync'
20:07:42.925 [Forwarding isElementDisplayed on session 469e7490de0379835cc36f4fb352b807 to remote] DEBUG org.asynchttpclient.netty.request.NettyRequestSender - Using open Channel [id: 0xd975c2b1, L:/127.0.0.1:56304 - R:localhost/127.0.0.1:8272] for POST '/session/469e7490de0379835cc36f4fb352b807/execute/sync'
20:07:42.959 [AsyncHttpClient-1-14] DEBUG org.asynchttpclient.netty.handler.HttpHandler - 

Request DefaultHttpRequest(decodeResult: success, version: HTTP/1.1)
POST /session/469e7490de0379835cc36f4fb352b807/execute/sync HTTP/1.1
User-Agent: selenium/4.8.1 (java mac)
Content-Length: 48807
Content-Type: application/json; charset=utf-8
host: localhost:8272
accept: */*

Response DefaultHttpResponse(decodeResult: success, version: HTTP/1.1)
HTTP/1.1 200 OK
Content-Length: 14
Content-Type: application/json; charset=utf-8
cache-control: no-cache

20:07:42.960 [AsyncHttpClient-1-14] DEBUG org.asynchttpclient.netty.channel.ChannelManager - Adding key: http://localhost:8272 for channel [id: 0xd975c2b1, L:/127.0.0.1:56304 - R:localhost/127.0.0.1:8272]
20:07:42.965 [Forwarding getAlertText on session 469e7490de0379835cc36f4fb352b807 to remote] DEBUG org.asynchttpclient.netty.request.NettyRequestSender - Using pooled Channel '[id: 0xd975c2b1, L:/127.0.0.1:56304 - R:localhost/127.0.0.1:8272]' for 'GET' to 'http://localhost:8272/session/469e7490de0379835cc36f4fb352b807/alert/text'
20:07:42.965 [Forwarding getAlertText on session 469e7490de0379835cc36f4fb352b807 to remote] DEBUG org.asynchttpclient.netty.request.NettyRequestSender - Using open Channel [id: 0xd975c2b1, L:/127.0.0.1:56304 - R:localhost/127.0.0.1:8272] for GET '/session/469e7490de0379835cc36f4fb352b807/alert/text'
20:07:42.967 [AsyncHttpClient-1-14] DEBUG org.asynchttpclient.netty.handler.HttpHandler - 

Request DefaultFullHttpRequest(decodeResult: success, version: HTTP/1.1, content: EmptyByteBufBE)
GET /session/469e7490de0379835cc36f4fb352b807/alert/text HTTP/1.1
User-Agent: selenium/4.8.1 (java mac)
Cache-Control: no-cache
Content-Type: application/json; charset=utf-8
host: localhost:8272
accept: */*

Response DefaultHttpResponse(decodeResult: success, version: HTTP/1.1)
HTTP/1.1 404 Not Found
Content-Length: 1763
Content-Type: application/json; charset=utf-8
cache-control: no-cache

20:07:42.967 [AsyncHttpClient-1-14] DEBUG org.asynchttpclient.netty.channel.ChannelManager - Adding key: http://localhost:8272 for channel [id: 0xd975c2b1, L:/127.0.0.1:56304 - R:localhost/127.0.0.1:8272]
20:07:42.970 [Forwarding getCurrentUrl on session 469e7490de0379835cc36f4fb352b807 to remote] DEBUG org.asynchttpclient.netty.request.NettyRequestSender - Using pooled Channel '[id: 0xd975c2b1, L:/127.0.0.1:56304 - R:localhost/127.0.0.1:8272]' for 'GET' to 'http://localhost:8272/session/469e7490de0379835cc36f4fb352b807/url'
20:07:42.970 [Forwarding getCurrentUrl on session 469e7490de0379835cc36f4fb352b807 to remote] DEBUG org.asynchttpclient.netty.request.NettyRequestSender - Using open Channel [id: 0xd975c2b1, L:/127.0.0.1:56304 - R:localhost/127.0.0.1:8272] for GET '/session/469e7490de0379835cc36f4fb352b807/url'
20:07:42.972 [AsyncHttpClient-1-14] DEBUG org.asynchttpclient.netty.handler.HttpHandler - 

Request DefaultFullHttpRequest(decodeResult: success, version: HTTP/1.1, content: EmptyByteBufBE)
GET /session/469e7490de0379835cc36f4fb352b807/url HTTP/1.1
User-Agent: selenium/4.8.1 (java mac)
Cache-Control: no-cache
Content-Type: application/json; charset=utf-8
host: localhost:8272
accept: */*

Response DefaultHttpResponse(decodeResult: success, version: HTTP/1.1)
HTTP/1.1 200 OK
Content-Length: 51
Content-Type: application/json; charset=utf-8
cache-control: no-cache

20:07:42.972 [AsyncHttpClient-1-14] DEBUG org.asynchttpclient.netty.channel.ChannelManager - Adding key: http://localhost:8272 for channel [id: 0xd975c2b1, L:/127.0.0.1:56304 - R:localhost/127.0.0.1:8272]
20:07:42.973 [Forwarding screenshot on session 469e7490de0379835cc36f4fb352b807 to remote] DEBUG org.asynchttpclient.netty.request.NettyRequestSender - Using pooled Channel '[id: 0xd975c2b1, L:/127.0.0.1:56304 - R:localhost/127.0.0.1:8272]' for 'GET' to 'http://localhost:8272/session/469e7490de0379835cc36f4fb352b807/screenshot'
20:07:42.973 [Forwarding screenshot on session 469e7490de0379835cc36f4fb352b807 to remote] DEBUG org.asynchttpclient.netty.request.NettyRequestSender - Using open Channel [id: 0xd975c2b1, L:/127.0.0.1:56304 - R:localhost/127.0.0.1:8272] for GET '/session/469e7490de0379835cc36f4fb352b807/screenshot'
20:07:43.131 [AsyncHttpClient-1-14] DEBUG org.asynchttpclient.netty.handler.HttpHandler - 

Request DefaultFullHttpRequest(decodeResult: success, version: HTTP/1.1, content: EmptyByteBufBE)
GET /session/469e7490de0379835cc36f4fb352b807/screenshot HTTP/1.1
User-Agent: selenium/4.8.1 (java mac)
Cache-Control: no-cache
Content-Type: application/json; charset=utf-8
host: localhost:8272
accept: */*

Response DefaultHttpResponse(decodeResult: success, version: HTTP/1.1)
HTTP/1.1 200 OK
Content-Length: 61772
Content-Type: application/json; charset=utf-8
cache-control: no-cache

20:07:43.131 [AsyncHttpClient-1-14] DEBUG org.asynchttpclient.netty.channel.ChannelManager - Adding key: http://localhost:8272 for channel [id: 0xd975c2b1, L:/127.0.0.1:56304 - R:localhost/127.0.0.1:8272]
20:07:43.135 [main] DEBUG net.serenitybdd.core.photography.Darkroom - Send negative for processing for target/site/serenity/8e9cee939ce17a9fe29ea96908d1a8f3a55d0d59d1d36254b88f9fc15908342a.png
20:07:43.136 [main] DEBUG net.thucydides.core.steps.StepInterceptor - STEP DONE: validateOnTheLoginPage
  &amp#27;[32mGiven &amp#27;[0m&amp#27;[32mI am on the login page to view all products2&amp#27;[0m   &amp#27;[90m# starter.stepdefinitions.seeDetailProductsSteps.onTheLoginPage()&amp#27;[0m
20:07:43.145 [Forwarding getPageSource on session 469e7490de0379835cc36f4fb352b807 to remote] DEBUG org.asynchttpclient.netty.request.NettyRequestSender - Using pooled Channel '[id: 0xd975c2b1, L:/127.0.0.1:56304 - R:localhost/127.0.0.1:8272]' for 'POST' to 'http://localhost:8272/session/469e7490de0379835cc36f4fb352b807/execute/sync'
20:07:43.145 [Forwarding getPageSource on session 469e7490de0379835cc36f4fb352b807 to remote] DEBUG org.asynchttpclient.netty.request.NettyRequestSender - Using open Channel [id: 0xd975c2b1, L:/127.0.0.1:56304 - R:localhost/127.0.0.1:8272] for POST '/session/469e7490de0379835cc36f4fb352b807/execute/sync'
20:07:43.150 [AsyncHttpClient-1-14] DEBUG org.asynchttpclient.netty.handler.HttpHandler - 

Request DefaultHttpRequest(decodeResult: success, version: HTTP/1.1)
POST /session/469e7490de0379835cc36f4fb352b807/execute/sync HTTP/1.1
User-Agent: selenium/4.8.1 (java mac)
Content-Length: 176
Content-Type: application/json; charset=utf-8
host: localhost:8272
accept: */*

Response DefaultHttpResponse(decodeResult: success, version: HTTP/1.1)
HTTP/1.1 200 OK
Content-Length: 21667
Content-Type: application/json; charset=utf-8
cache-control: no-cache

20:07:43.150 [AsyncHttpClient-1-14] DEBUG org.asynchttpclient.netty.channel.ChannelManager - Adding key: http://localhost:8272 for channel [id: 0xd975c2b1, L:/127.0.0.1:56304 - R:localhost/127.0.0.1:8272]
20:07:43.153 [Forwarding getCurrentUrl on session 469e7490de0379835cc36f4fb352b807 to remote] DEBUG org.asynchttpclient.netty.request.NettyRequestSender - Using pooled Channel '[id: 0xd975c2b1, L:/127.0.0.1:56304 - R:localhost/127.0.0.1:8272]' for 'GET' to 'http://localhost:8272/session/469e7490de0379835cc36f4fb352b807/url'
20:07:43.153 [Forwarding getCurrentUrl on session 469e7490de0379835cc36f4fb352b807 to remote] DEBUG org.asynchttpclient.netty.request.NettyRequestSender - Using open Channel [id: 0xd975c2b1, L:/127.0.0.1:56304 - R:localhost/127.0.0.1:8272] for GET '/session/469e7490de0379835cc36f4fb352b807/url'
20:07:43.155 [AsyncHttpClient-1-14] DEBUG org.asynchttpclient.netty.handler.HttpHandler - 

Request DefaultFullHttpRequest(decodeResult: success, version: HTTP/1.1, content: EmptyByteBufBE)
GET /session/469e7490de0379835cc36f4fb352b807/url HTTP/1.1
User-Agent: selenium/4.8.1 (java mac)
Cache-Control: no-cache
Content-Type: application/json; charset=utf-8
host: localhost:8272
accept: */*

Response DefaultHttpResponse(decodeResult: success, version: HTTP/1.1)
HTTP/1.1 200 OK
Content-Length: 51
Content-Type: application/json; charset=utf-8
cache-control: no-cache

20:07:43.155 [AsyncHttpClient-1-14] DEBUG org.asynchttpclient.netty.channel.ChannelManager - Adding key: http://localhost:8272 for channel [id: 0xd975c2b1, L:/127.0.0.1:56304 - R:localhost/127.0.0.1:8272]
20:07:43.163 [Forwarding getPageSource on session 469e7490de0379835cc36f4fb352b807 to remote] DEBUG org.asynchttpclient.netty.request.NettyRequestSender - Using pooled Channel '[id: 0xd975c2b1, L:/127.0.0.1:56304 - R:localhost/127.0.0.1:8272]' for 'POST' to 'http://localhost:8272/session/469e7490de0379835cc36f4fb352b807/execute/sync'
20:07:43.163 [Forwarding getPageSource on session 469e7490de0379835cc36f4fb352b807 to remote] DEBUG org.asynchttpclient.netty.request.NettyRequestSender - Using open Channel [id: 0xd975c2b1, L:/127.0.0.1:56304 - R:localhost/127.0.0.1:8272] for POST '/session/469e7490de0379835cc36f4fb352b807/execute/sync'
20:07:43.166 [AsyncHttpClient-1-14] DEBUG org.asynchttpclient.netty.handler.HttpHandler - 

Request DefaultHttpRequest(decodeResult: success, version: HTTP/1.1)
POST /session/469e7490de0379835cc36f4fb352b807/execute/sync HTTP/1.1
User-Agent: selenium/4.8.1 (java mac)
Content-Length: 176
Content-Type: application/json; charset=utf-8
host: localhost:8272
accept: */*

Response DefaultHttpResponse(decodeResult: success, version: HTTP/1.1)
HTTP/1.1 200 OK
Content-Length: 21667
Content-Type: application/json; charset=utf-8
cache-control: no-cache

20:07:43.166 [AsyncHttpClient-1-14] DEBUG org.asynchttpclient.netty.channel.ChannelManager - Adding key: http://localhost:8272 for channel [id: 0xd975c2b1, L:/127.0.0.1:56304 - R:localhost/127.0.0.1:8272]
20:07:43.169 [Forwarding getCurrentUrl on session 469e7490de0379835cc36f4fb352b807 to remote] DEBUG org.asynchttpclient.netty.request.NettyRequestSender - Using pooled Channel '[id: 0xd975c2b1, L:/127.0.0.1:56304 - R:localhost/127.0.0.1:8272]' for 'GET' to 'http://localhost:8272/session/469e7490de0379835cc36f4fb352b807/url'
20:07:43.169 [Forwarding getCurrentUrl on session 469e7490de0379835cc36f4fb352b807 to remote] DEBUG org.asynchttpclient.netty.request.NettyRequestSender - Using open Channel [id: 0xd975c2b1, L:/127.0.0.1:56304 - R:localhost/127.0.0.1:8272] for GET '/session/469e7490de0379835cc36f4fb352b807/url'
20:07:43.171 [AsyncHttpClient-1-14] DEBUG org.asynchttpclient.netty.handler.HttpHandler - 

Request DefaultFullHttpRequest(decodeResult: success, version: HTTP/1.1, content: EmptyByteBufBE)
GET /session/469e7490de0379835cc36f4fb352b807/url HTTP/1.1
User-Agent: selenium/4.8.1 (java mac)
Cache-Control: no-cache
Content-Type: application/json; charset=utf-8
host: localhost:8272
accept: */*

Response DefaultHttpResponse(decodeResult: success, version: HTTP/1.1)
HTTP/1.1 200 OK
Content-Length: 51
Content-Type: application/json; charset=utf-8
cache-control: no-cache

20:07:43.171 [AsyncHttpClient-1-14] DEBUG org.asynchttpclient.netty.channel.ChannelManager - Adding key: http://localhost:8272 for channel [id: 0xd975c2b1, L:/127.0.0.1:56304 - R:localhost/127.0.0.1:8272]
20:07:43.172 [main] DEBUG net.thucydides.core.steps.StepInterceptor - STARTING STEP: seeDetailProductsSteps.doEnterValidUsername - inputEmail
20:07:43.174 [Forwarding findElement on session 469e7490de0379835cc36f4fb352b807 to remote] DEBUG org.asynchttpclient.netty.request.NettyRequestSender - Using pooled Channel '[id: 0xd975c2b1, L:/127.0.0.1:56304 - R:localhost/127.0.0.1:8272]' for 'POST' to 'http://localhost:8272/session/469e7490de0379835cc36f4fb352b807/element'
20:07:43.174 [Forwarding findElement on session 469e7490de0379835cc36f4fb352b807 to remote] DEBUG org.asynchttpclient.netty.request.NettyRequestSender - Using open Channel [id: 0xd975c2b1, L:/127.0.0.1:56304 - R:localhost/127.0.0.1:8272] for POST '/session/469e7490de0379835cc36f4fb352b807/element'
20:07:43.194 [AsyncHttpClient-1-14] DEBUG org.asynchttpclient.netty.handler.HttpHandler - 

Request DefaultHttpRequest(decodeResult: success, version: HTTP/1.1)
POST /session/469e7490de0379835cc36f4fb352b807/element HTTP/1.1
User-Agent: selenium/4.8.1 (java mac)
Content-Length: 100
Content-Type: application/json; charset=utf-8
host: localhost:8272
accept: */*

Response DefaultHttpResponse(decodeResult: success, version: HTTP/1.1)
HTTP/1.1 200 OK
Content-Length: 88
Content-Type: application/json; charset=utf-8
cache-control: no-cache

20:07:43.194 [AsyncHttpClient-1-14] DEBUG org.asynchttpclient.netty.channel.ChannelManager - Adding key: http://localhost:8272 for channel [id: 0xd975c2b1, L:/127.0.0.1:56304 - R:localhost/127.0.0.1:8272]
20:07:43.195 [Forwarding clearElement on session 469e7490de0379835cc36f4fb352b807 to remote] DEBUG org.asynchttpclient.netty.request.NettyRequestSender - Using pooled Channel '[id: 0xd975c2b1, L:/127.0.0.1:56304 - R:localhost/127.0.0.1:8272]' for 'POST' to 'http://localhost:8272/session/469e7490de0379835cc36f4fb352b807/element/e5ccf65d-6b08-45a0-8461-ea1bbbdf7246/clear'
20:07:43.195 [Forwarding clearElement on session 469e7490de0379835cc36f4fb352b807 to remote] DEBUG org.asynchttpclient.netty.request.NettyRequestSender - Using open Channel [id: 0xd975c2b1, L:/127.0.0.1:56304 - R:localhost/127.0.0.1:8272] for POST '/session/469e7490de0379835cc36f4fb352b807/element/e5ccf65d-6b08-45a0-8461-ea1bbbdf7246/clear'
20:07:43.248 [AsyncHttpClient-1-14] DEBUG org.asynchttpclient.netty.handler.HttpHandler - 

Request DefaultHttpRequest(decodeResult: success, version: HTTP/1.1)
POST /session/469e7490de0379835cc36f4fb352b807/element/e5ccf65d-6b08-45a0-8461-ea1bbbdf7246/clear HTTP/1.1
User-Agent: selenium/4.8.1 (java mac)
Content-Length: 50
Content-Type: application/json; charset=utf-8
host: localhost:8272
accept: */*

Response DefaultHttpResponse(decodeResult: success, version: HTTP/1.1)
HTTP/1.1 200 OK
Content-Length: 14
Content-Type: application/json; charset=utf-8
cache-control: no-cache

20:07:43.248 [AsyncHttpClient-1-14] DEBUG org.asynchttpclient.netty.channel.ChannelManager - Adding key: http://localhost:8272 for channel [id: 0xd975c2b1, L:/127.0.0.1:56304 - R:localhost/127.0.0.1:8272]
20:07:43.250 [Forwarding sendKeysToElement on session 469e7490de0379835cc36f4fb352b807 to remote] DEBUG org.asynchttpclient.netty.request.NettyRequestSender - Using pooled Channel '[id: 0xd975c2b1, L:/127.0.0.1:56304 - R:localhost/127.0.0.1:8272]' for 'POST' to 'http://localhost:8272/session/469e7490de0379835cc36f4fb352b807/element/e5ccf65d-6b08-45a0-8461-ea1bbbdf7246/value'
20:07:43.250 [Forwarding sendKeysToElement on session 469e7490de0379835cc36f4fb352b807 to remote] DEBUG org.asynchttpclient.netty.request.NettyRequestSender - Using open Channel [id: 0xd975c2b1, L:/127.0.0.1:56304 - R:localhost/127.0.0.1:8272] for POST '/session/469e7490de0379835cc36f4fb352b807/element/e5ccf65d-6b08-45a0-8461-ea1bbbdf7246/value'
20:07:43.547 [AsyncHttpClient-1-1] DEBUG org.asynchttpclient.netty.channel.DefaultChannelPool - Entry count for : http://localhost:56305 : 1
20:07:43.819 [AsyncHttpClient-1-14] DEBUG org.asynchttpclient.netty.handler.HttpHandler - 

Request DefaultHttpRequest(decodeResult: success, version: HTTP/1.1)
POST /session/469e7490de0379835cc36f4fb352b807/element/e5ccf65d-6b08-45a0-8461-ea1bbbdf7246/value HTTP/1.1
User-Agent: selenium/4.8.1 (java mac)
Content-Length: 241
Content-Type: application/json; charset=utf-8
host: localhost:8272
accept: */*

Response DefaultHttpResponse(decodeResult: success, version: HTTP/1.1)
HTTP/1.1 200 OK
Content-Length: 14
Content-Type: application/json; charset=utf-8
cache-control: no-cache

20:07:43.820 [AsyncHttpClient-1-14] DEBUG org.asynchttpclient.netty.channel.ChannelManager - Adding key: http://localhost:8272 for channel [id: 0xd975c2b1, L:/127.0.0.1:56304 - R:localhost/127.0.0.1:8272]
20:07:43.825 [Forwarding getAlertText on session 469e7490de0379835cc36f4fb352b807 to remote] DEBUG org.asynchttpclient.netty.request.NettyRequestSender - Using pooled Channel '[id: 0xd975c2b1, L:/127.0.0.1:56304 - R:localhost/127.0.0.1:8272]' for 'GET' to 'http://localhost:8272/session/469e7490de0379835cc36f4fb352b807/alert/text'
20:07:43.825 [Forwarding getAlertText on session 469e7490de0379835cc36f4fb352b807 to remote] DEBUG org.asynchttpclient.netty.request.NettyRequestSender - Using open Channel [id: 0xd975c2b1, L:/127.0.0.1:56304 - R:localhost/127.0.0.1:8272] for GET '/session/469e7490de0379835cc36f4fb352b807/alert/text'
20:07:43.913 [AsyncHttpClient-1-14] DEBUG org.asynchttpclient.netty.handler.HttpHandler - 

Request DefaultFullHttpRequest(decodeResult: success, version: HTTP/1.1, content: EmptyByteBufBE)
GET /session/469e7490de0379835cc36f4fb352b807/alert/text HTTP/1.1
User-Agent: selenium/4.8.1 (java mac)
Cache-Control: no-cache
Content-Type: application/json; charset=utf-8
host: localhost:8272
accept: */*

Response DefaultHttpResponse(decodeResult: success, version: HTTP/1.1)
HTTP/1.1 404 Not Found
Content-Length: 1763
Content-Type: application/json; charset=utf-8
cache-control: no-cache

20:07:43.914 [AsyncHttpClient-1-14] DEBUG org.asynchttpclient.netty.channel.ChannelManager - Adding key: http://localhost:8272 for channel [id: 0xd975c2b1, L:/127.0.0.1:56304 - R:localhost/127.0.0.1:8272]
20:07:43.915 [Forwarding getCurrentUrl on session 469e7490de0379835cc36f4fb352b807 to remote] DEBUG org.asynchttpclient.netty.request.NettyRequestSender - Using pooled Channel '[id: 0xd975c2b1, L:/127.0.0.1:56304 - R:localhost/127.0.0.1:8272]' for 'GET' to 'http://localhost:8272/session/469e7490de0379835cc36f4fb352b807/url'
20:07:43.915 [Forwarding getCurrentUrl on session 469e7490de0379835cc36f4fb352b807 to remote] DEBUG org.asynchttpclient.netty.request.NettyRequestSender - Using open Channel [id: 0xd975c2b1, L:/127.0.0.1:56304 - R:localhost/127.0.0.1:8272] for GET '/session/469e7490de0379835cc36f4fb352b807/url'
20:07:43.918 [AsyncHttpClient-1-14] DEBUG org.asynchttpclient.netty.handler.HttpHandler - 

Request DefaultFullHttpRequest(decodeResult: success, version: HTTP/1.1, content: EmptyByteBufBE)
GET /session/469e7490de0379835cc36f4fb352b807/url HTTP/1.1
User-Agent: selenium/4.8.1 (java mac)
Cache-Control: no-cache
Content-Type: application/json; charset=utf-8
host: localhost:8272
accept: */*

Response DefaultHttpResponse(decodeResult: success, version: HTTP/1.1)
HTTP/1.1 200 OK
Content-Length: 51
Content-Type: application/json; charset=utf-8
cache-control: no-cache

20:07:43.918 [AsyncHttpClient-1-14] DEBUG org.asynchttpclient.netty.channel.ChannelManager - Adding key: http://localhost:8272 for channel [id: 0xd975c2b1, L:/127.0.0.1:56304 - R:localhost/127.0.0.1:8272]
20:07:43.919 [Forwarding screenshot on session 469e7490de0379835cc36f4fb352b807 to remote] DEBUG org.asynchttpclient.netty.request.NettyRequestSender - Using pooled Channel '[id: 0xd975c2b1, L:/127.0.0.1:56304 - R:localhost/127.0.0.1:8272]' for 'GET' to 'http://localhost:8272/session/469e7490de0379835cc36f4fb352b807/screenshot'
20:07:43.919 [Forwarding screenshot on session 469e7490de0379835cc36f4fb352b807 to remote] DEBUG org.asynchttpclient.netty.request.NettyRequestSender - Using open Channel [id: 0xd975c2b1, L:/127.0.0.1:56304 - R:localhost/127.0.0.1:8272] for GET '/session/469e7490de0379835cc36f4fb352b807/screenshot'
20:07:44.085 [AsyncHttpClient-1-14] DEBUG org.asynchttpclient.netty.handler.HttpHandler - 

Request DefaultFullHttpRequest(decodeResult: success, version: HTTP/1.1, content: EmptyByteBufBE)
GET /session/469e7490de0379835cc36f4fb352b807/screenshot HTTP/1.1
User-Agent: selenium/4.8.1 (java mac)
Cache-Control: no-cache
Content-Type: application/json; charset=utf-8
host: localhost:8272
accept: */*

Response DefaultHttpResponse(decodeResult: success, version: HTTP/1.1)
HTTP/1.1 200 OK
Content-Length: 70656
Content-Type: application/json; charset=utf-8
cache-control: no-cache

20:07:44.086 [AsyncHttpClient-1-14] DEBUG org.asynchttpclient.netty.channel.ChannelManager - Adding key: http://localhost:8272 for channel [id: 0xd975c2b1, L:/127.0.0.1:56304 - R:localhost/127.0.0.1:8272]
20:07:44.092 [main] DEBUG net.serenitybdd.core.photography.Darkroom - Send negative for processing for target/site/serenity/5ea22143cb2b897d92d664bc9ff3405451d1e739d8fe28b25e07585af77b110e.png
20:07:44.092 [main] DEBUG net.thucydides.core.steps.StepInterceptor - STEP DONE: inputEmail
20:07:44.092 [Darkroom Processing Line] DEBUG net.serenitybdd.core.photography.DarkroomProcessingLine - Processing screenshot image in /var/screenshots/screenshot-2648843880656419672
20:07:44.092 [Darkroom Processing Line] DEBUG net.serenitybdd.core.photography.DarkroomProcessingLine - Saving screenshot to target/site/serenity/5ea22143cb2b897d92d664bc9ff3405451d1e739d8fe28b25e07585af77b110e.png
  &amp#27;[32mWhen &amp#27;[0m&amp#27;[32mI enter valid username to view all products2&amp#27;[0m    &amp#27;[90m# starter.stepdefinitions.seeDetailProductsSteps.doEnterValidUsername()&amp#27;[0m
20:07:44.106 [Forwarding getPageSource on session 469e7490de0379835cc36f4fb352b807 to remote] DEBUG org.asynchttpclient.netty.request.NettyRequestSender - Using pooled Channel '[id: 0xd975c2b1, L:/127.0.0.1:56304 - R:localhost/127.0.0.1:8272]' for 'POST' to 'http://localhost:8272/session/469e7490de0379835cc36f4fb352b807/execute/sync'
20:07:44.106 [Forwarding getPageSource on session 469e7490de0379835cc36f4fb352b807 to remote] DEBUG org.asynchttpclient.netty.request.NettyRequestSender - Using open Channel [id: 0xd975c2b1, L:/127.0.0.1:56304 - R:localhost/127.0.0.1:8272] for POST '/session/469e7490de0379835cc36f4fb352b807/execute/sync'
20:07:44.110 [AsyncHttpClient-1-14] DEBUG org.asynchttpclient.netty.handler.HttpHandler - 

Request DefaultHttpRequest(decodeResult: success, version: HTTP/1.1)
POST /session/469e7490de0379835cc36f4fb352b807/execute/sync HTTP/1.1
User-Agent: selenium/4.8.1 (java mac)
Content-Length: 176
Content-Type: application/json; charset=utf-8
host: localhost:8272
accept: */*

Response DefaultHttpResponse(decodeResult: success, version: HTTP/1.1)
HTTP/1.1 200 OK
Content-Length: 21788
Content-Type: application/json; charset=utf-8
cache-control: no-cache

20:07:44.110 [AsyncHttpClient-1-14] DEBUG org.asynchttpclient.netty.channel.ChannelManager - Adding key: http://localhost:8272 for channel [id: 0xd975c2b1, L:/127.0.0.1:56304 - R:localhost/127.0.0.1:8272]
20:07:44.113 [Forwarding getCurrentUrl on session 469e7490de0379835cc36f4fb352b807 to remote] DEBUG org.asynchttpclient.netty.request.NettyRequestSender - Using pooled Channel '[id: 0xd975c2b1, L:/127.0.0.1:56304 - R:localhost/127.0.0.1:8272]' for 'GET' to 'http://localhost:8272/session/469e7490de0379835cc36f4fb352b807/url'
20:07:44.113 [Forwarding getCurrentUrl on session 469e7490de0379835cc36f4fb352b807 to remote] DEBUG org.asynchttpclient.netty.request.NettyRequestSender - Using open Channel [id: 0xd975c2b1, L:/127.0.0.1:56304 - R:localhost/127.0.0.1:8272] for GET '/session/469e7490de0379835cc36f4fb352b807/url'
20:07:44.116 [AsyncHttpClient-1-14] DEBUG org.asynchttpclient.netty.handler.HttpHandler - 

Request DefaultFullHttpRequest(decodeResult: success, version: HTTP/1.1, content: EmptyByteBufBE)
GET /session/469e7490de0379835cc36f4fb352b807/url HTTP/1.1
User-Agent: selenium/4.8.1 (java mac)
Cache-Control: no-cache
Content-Type: application/json; charset=utf-8
host: localhost:8272
accept: */*

Response DefaultHttpResponse(decodeResult: success, version: HTTP/1.1)
HTTP/1.1 200 OK
Content-Length: 51
Content-Type: application/json; charset=utf-8
cache-control: no-cache

20:07:44.116 [AsyncHttpClient-1-14] DEBUG org.asynchttpclient.netty.channel.ChannelManager - Adding key: http://localhost:8272 for channel [id: 0xd975c2b1, L:/127.0.0.1:56304 - R:localhost/127.0.0.1:8272]
20:07:44.124 [Forwarding getPageSource on session 469e7490de0379835cc36f4fb352b807 to remote] DEBUG org.asynchttpclient.netty.request.NettyRequestSender - Using pooled Channel '[id: 0xd975c2b1, L:/127.0.0.1:56304 - R:localhost/127.0.0.1:8272]' for 'POST' to 'http://localhost:8272/session/469e7490de0379835cc36f4fb352b807/execute/sync'
20:07:44.124 [Forwarding getPageSource on session 469e7490de0379835cc36f4fb352b807 to remote] DEBUG org.asynchttpclient.netty.request.NettyRequestSender - Using open Channel [id: 0xd975c2b1, L:/127.0.0.1:56304 - R:localhost/127.0.0.1:8272] for POST '/session/469e7490de0379835cc36f4fb352b807/execute/sync'
20:07:44.128 [AsyncHttpClient-1-14] DEBUG org.asynchttpclient.netty.handler.HttpHandler - 

Request DefaultHttpRequest(decodeResult: success, version: HTTP/1.1)
POST /session/469e7490de0379835cc36f4fb352b807/execute/sync HTTP/1.1
User-Agent: selenium/4.8.1 (java mac)
Content-Length: 176
Content-Type: application/json; charset=utf-8
host: localhost:8272
accept: */*

Response DefaultHttpResponse(decodeResult: success, version: HTTP/1.1)
HTTP/1.1 200 OK
Content-Length: 21788
Content-Type: application/json; charset=utf-8
cache-control: no-cache

20:07:44.128 [AsyncHttpClient-1-14] DEBUG org.asynchttpclient.netty.channel.ChannelManager - Adding key: http://localhost:8272 for channel [id: 0xd975c2b1, L:/127.0.0.1:56304 - R:localhost/127.0.0.1:8272]
20:07:44.131 [Forwarding getCurrentUrl on session 469e7490de0379835cc36f4fb352b807 to remote] DEBUG org.asynchttpclient.netty.request.NettyRequestSender - Using pooled Channel '[id: 0xd975c2b1, L:/127.0.0.1:56304 - R:localhost/127.0.0.1:8272]' for 'GET' to 'http://localhost:8272/session/469e7490de0379835cc36f4fb352b807/url'
20:07:44.131 [Forwarding getCurrentUrl on session 469e7490de0379835cc36f4fb352b807 to remote] DEBUG org.asynchttpclient.netty.request.NettyRequestSender - Using open Channel [id: 0xd975c2b1, L:/127.0.0.1:56304 - R:localhost/127.0.0.1:8272] for GET '/session/469e7490de0379835cc36f4fb352b807/url'
20:07:44.134 [AsyncHttpClient-1-14] DEBUG org.asynchttpclient.netty.handler.HttpHandler - 

Request DefaultFullHttpRequest(decodeResult: success, version: HTTP/1.1, content: EmptyByteBufBE)
GET /session/469e7490de0379835cc36f4fb352b807/url HTTP/1.1
User-Agent: selenium/4.8.1 (java mac)
Cache-Control: no-cache
Content-Type: application/json; charset=utf-8
host: localhost:8272
accept: */*

Response DefaultHttpResponse(decodeResult: success, version: HTTP/1.1)
HTTP/1.1 200 OK
Content-Length: 51
Content-Type: application/json; charset=utf-8
cache-control: no-cache

20:07:44.134 [AsyncHttpClient-1-14] DEBUG org.asynchttpclient.netty.channel.ChannelManager - Adding key: http://localhost:8272 for channel [id: 0xd975c2b1, L:/127.0.0.1:56304 - R:localhost/127.0.0.1:8272]
20:07:44.135 [main] DEBUG net.thucydides.core.steps.StepInterceptor - STARTING STEP: seeDetailProductsSteps.doEnterValidPassword - inputPassword
20:07:44.137 [Forwarding findElement on session 469e7490de0379835cc36f4fb352b807 to remote] DEBUG org.asynchttpclient.netty.request.NettyRequestSender - Using pooled Channel '[id: 0xd975c2b1, L:/127.0.0.1:56304 - R:localhost/127.0.0.1:8272]' for 'POST' to 'http://localhost:8272/session/469e7490de0379835cc36f4fb352b807/element'
20:07:44.137 [Forwarding findElement on session 469e7490de0379835cc36f4fb352b807 to remote] DEBUG org.asynchttpclient.netty.request.NettyRequestSender - Using open Channel [id: 0xd975c2b1, L:/127.0.0.1:56304 - R:localhost/127.0.0.1:8272] for POST '/session/469e7490de0379835cc36f4fb352b807/element'
20:07:44.143 [AsyncHttpClient-1-14] DEBUG org.asynchttpclient.netty.handler.HttpHandler - 

Request DefaultHttpRequest(decodeResult: success, version: HTTP/1.1)
POST /session/469e7490de0379835cc36f4fb352b807/element HTTP/1.1
User-Agent: selenium/4.8.1 (java mac)
Content-Length: 103
Content-Type: application/json; charset=utf-8
host: localhost:8272
accept: */*

Response DefaultHttpResponse(decodeResult: success, version: HTTP/1.1)
HTTP/1.1 200 OK
Content-Length: 88
Content-Type: application/json; charset=utf-8
cache-control: no-cache

20:07:44.144 [AsyncHttpClient-1-14] DEBUG org.asynchttpclient.netty.channel.ChannelManager - Adding key: http://localhost:8272 for channel [id: 0xd975c2b1, L:/127.0.0.1:56304 - R:localhost/127.0.0.1:8272]
20:07:44.145 [Forwarding clearElement on session 469e7490de0379835cc36f4fb352b807 to remote] DEBUG org.asynchttpclient.netty.request.NettyRequestSender - Using pooled Channel '[id: 0xd975c2b1, L:/127.0.0.1:56304 - R:localhost/127.0.0.1:8272]' for 'POST' to 'http://localhost:8272/session/469e7490de0379835cc36f4fb352b807/element/88536a59-5805-42d6-bdba-738ee032d472/clear'
20:07:44.145 [Forwarding clearElement on session 469e7490de0379835cc36f4fb352b807 to remote] DEBUG org.asynchttpclient.netty.request.NettyRequestSender - Using open Channel [id: 0xd975c2b1, L:/127.0.0.1:56304 - R:localhost/127.0.0.1:8272] for POST '/session/469e7490de0379835cc36f4fb352b807/element/88536a59-5805-42d6-bdba-738ee032d472/clear'
20:07:44.163 [AsyncHttpClient-1-14] DEBUG org.asynchttpclient.netty.handler.HttpHandler - 

Request DefaultHttpRequest(decodeResult: success, version: HTTP/1.1)
POST /session/469e7490de0379835cc36f4fb352b807/element/88536a59-5805-42d6-bdba-738ee032d472/clear HTTP/1.1
User-Agent: selenium/4.8.1 (java mac)
Content-Length: 50
Content-Type: application/json; charset=utf-8
host: localhost:8272
accept: */*

Response DefaultHttpResponse(decodeResult: success, version: HTTP/1.1)
HTTP/1.1 200 OK
Content-Length: 14
Content-Type: application/json; charset=utf-8
cache-control: no-cache

20:07:44.163 [AsyncHttpClient-1-14] DEBUG org.asynchttpclient.netty.channel.ChannelManager - Adding key: http://localhost:8272 for channel [id: 0xd975c2b1, L:/127.0.0.1:56304 - R:localhost/127.0.0.1:8272]
20:07:44.165 [Forwarding sendKeysToElement on session 469e7490de0379835cc36f4fb352b807 to remote] DEBUG org.asynchttpclient.netty.request.NettyRequestSender - Using pooled Channel '[id: 0xd975c2b1, L:/127.0.0.1:56304 - R:localhost/127.0.0.1:8272]' for 'POST' to 'http://localhost:8272/session/469e7490de0379835cc36f4fb352b807/element/88536a59-5805-42d6-bdba-738ee032d472/value'
20:07:44.165 [Forwarding sendKeysToElement on session 469e7490de0379835cc36f4fb352b807 to remote] DEBUG org.asynchttpclient.netty.request.NettyRequestSender - Using open Channel [id: 0xd975c2b1, L:/127.0.0.1:56304 - R:localhost/127.0.0.1:8272] for POST '/session/469e7490de0379835cc36f4fb352b807/element/88536a59-5805-42d6-bdba-738ee032d472/value'
20:07:44.277 [AsyncHttpClient-1-14] DEBUG org.asynchttpclient.netty.handler.HttpHandler - 

Request DefaultHttpRequest(decodeResult: success, version: HTTP/1.1)
POST /session/469e7490de0379835cc36f4fb352b807/element/88536a59-5805-42d6-bdba-738ee032d472/value HTTP/1.1
User-Agent: selenium/4.8.1 (java mac)
Content-Length: 141
Content-Type: application/json; charset=utf-8
host: localhost:8272
accept: */*

Response DefaultHttpResponse(decodeResult: success, version: HTTP/1.1)
HTTP/1.1 200 OK
Content-Length: 14
Content-Type: application/json; charset=utf-8
cache-control: no-cache

20:07:44.277 [AsyncHttpClient-1-14] DEBUG org.asynchttpclient.netty.channel.ChannelManager - Adding key: http://localhost:8272 for channel [id: 0xd975c2b1, L:/127.0.0.1:56304 - R:localhost/127.0.0.1:8272]
20:07:44.284 [Forwarding getAlertText on session 469e7490de0379835cc36f4fb352b807 to remote] DEBUG org.asynchttpclient.netty.request.NettyRequestSender - Using pooled Channel '[id: 0xd975c2b1, L:/127.0.0.1:56304 - R:localhost/127.0.0.1:8272]' for 'GET' to 'http://localhost:8272/session/469e7490de0379835cc36f4fb352b807/alert/text'
20:07:44.285 [Forwarding getAlertText on session 469e7490de0379835cc36f4fb352b807 to remote] DEBUG org.asynchttpclient.netty.request.NettyRequestSender - Using open Channel [id: 0xd975c2b1, L:/127.0.0.1:56304 - R:localhost/127.0.0.1:8272] for GET '/session/469e7490de0379835cc36f4fb352b807/alert/text'
20:07:44.286 [AsyncHttpClient-1-14] DEBUG org.asynchttpclient.netty.handler.HttpHandler - 

Request DefaultFullHttpRequest(decodeResult: success, version: HTTP/1.1, content: EmptyByteBufBE)
GET /session/469e7490de0379835cc36f4fb352b807/alert/text HTTP/1.1
User-Agent: selenium/4.8.1 (java mac)
Cache-Control: no-cache
Content-Type: application/json; charset=utf-8
host: localhost:8272
accept: */*

Response DefaultHttpResponse(decodeResult: success, version: HTTP/1.1)
HTTP/1.1 404 Not Found
Content-Length: 1763
Content-Type: application/json; charset=utf-8
cache-control: no-cache

20:07:44.286 [AsyncHttpClient-1-14] DEBUG org.asynchttpclient.netty.channel.ChannelManager - Adding key: http://localhost:8272 for channel [id: 0xd975c2b1, L:/127.0.0.1:56304 - R:localhost/127.0.0.1:8272]
20:07:44.287 [Forwarding getCurrentUrl on session 469e7490de0379835cc36f4fb352b807 to remote] DEBUG org.asynchttpclient.netty.request.NettyRequestSender - Using pooled Channel '[id: 0xd975c2b1, L:/127.0.0.1:56304 - R:localhost/127.0.0.1:8272]' for 'GET' to 'http://localhost:8272/session/469e7490de0379835cc36f4fb352b807/url'
20:07:44.287 [Forwarding getCurrentUrl on session 469e7490de0379835cc36f4fb352b807 to remote] DEBUG org.asynchttpclient.netty.request.NettyRequestSender - Using open Channel [id: 0xd975c2b1, L:/127.0.0.1:56304 - R:localhost/127.0.0.1:8272] for GET '/session/469e7490de0379835cc36f4fb352b807/url'
20:07:44.289 [AsyncHttpClient-1-14] DEBUG org.asynchttpclient.netty.handler.HttpHandler - 

Request DefaultFullHttpRequest(decodeResult: success, version: HTTP/1.1, content: EmptyByteBufBE)
GET /session/469e7490de0379835cc36f4fb352b807/url HTTP/1.1
User-Agent: selenium/4.8.1 (java mac)
Cache-Control: no-cache
Content-Type: application/json; charset=utf-8
host: localhost:8272
accept: */*

Response DefaultHttpResponse(decodeResult: success, version: HTTP/1.1)
HTTP/1.1 200 OK
Content-Length: 51
Content-Type: application/json; charset=utf-8
cache-control: no-cache

20:07:44.290 [AsyncHttpClient-1-14] DEBUG org.asynchttpclient.netty.channel.ChannelManager - Adding key: http://localhost:8272 for channel [id: 0xd975c2b1, L:/127.0.0.1:56304 - R:localhost/127.0.0.1:8272]
20:07:44.290 [Forwarding screenshot on session 469e7490de0379835cc36f4fb352b807 to remote] DEBUG org.asynchttpclient.netty.request.NettyRequestSender - Using pooled Channel '[id: 0xd975c2b1, L:/127.0.0.1:56304 - R:localhost/127.0.0.1:8272]' for 'GET' to 'http://localhost:8272/session/469e7490de0379835cc36f4fb352b807/screenshot'
20:07:44.290 [Forwarding screenshot on session 469e7490de0379835cc36f4fb352b807 to remote] DEBUG org.asynchttpclient.netty.request.NettyRequestSender - Using open Channel [id: 0xd975c2b1, L:/127.0.0.1:56304 - R:localhost/127.0.0.1:8272] for GET '/session/469e7490de0379835cc36f4fb352b807/screenshot'
20:07:44.494 [AsyncHttpClient-1-14] DEBUG org.asynchttpclient.netty.handler.HttpHandler - 

Request DefaultFullHttpRequest(decodeResult: success, version: HTTP/1.1, content: EmptyByteBufBE)
GET /session/469e7490de0379835cc36f4fb352b807/screenshot HTTP/1.1
User-Agent: selenium/4.8.1 (java mac)
Cache-Control: no-cache
Content-Type: application/json; charset=utf-8
host: localhost:8272
accept: */*

Response DefaultHttpResponse(decodeResult: success, version: HTTP/1.1)
HTTP/1.1 200 OK
Content-Length: 74072
Content-Type: application/json; charset=utf-8
cache-control: no-cache

20:07:44.495 [AsyncHttpClient-1-14] DEBUG org.asynchttpclient.netty.channel.ChannelManager - Adding key: http://localhost:8272 for channel [id: 0xd975c2b1, L:/127.0.0.1:56304 - R:localhost/127.0.0.1:8272]
20:07:44.498 [main] DEBUG net.serenitybdd.core.photography.Darkroom - Send negative for processing for target/site/serenity/170b58efe489419b370897a6e3f6d9265863f604e430959ad864e42d3d0aa851.png
20:07:44.499 [Darkroom Processing Line] DEBUG net.serenitybdd.core.photography.DarkroomProcessingLine - Processing screenshot image in /var/screenshots/screenshot-3870008360376880295
20:07:44.499 [Darkroom Processing Line] DEBUG net.serenitybdd.core.photography.DarkroomProcessingLine - Saving screenshot to target/site/serenity/170b58efe489419b370897a6e3f6d9265863f604e430959ad864e42d3d0aa851.png
20:07:44.499 [main] DEBUG net.thucydides.core.steps.StepInterceptor - STEP DONE: inputPassword
  &amp#27;[32mAnd &amp#27;[0m&amp#27;[32mI enter valid password to view all products2&amp#27;[0m     &amp#27;[90m# starter.stepdefinitions.seeDetailProductsSteps.doEnterValidPassword()&amp#27;[0m
20:07:44.507 [Forwarding getPageSource on session 469e7490de0379835cc36f4fb352b807 to remote] DEBUG org.asynchttpclient.netty.request.NettyRequestSender - Using pooled Channel '[id: 0xd975c2b1, L:/127.0.0.1:56304 - R:localhost/127.0.0.1:8272]' for 'POST' to 'http://localhost:8272/session/469e7490de0379835cc36f4fb352b807/execute/sync'
20:07:44.507 [Forwarding getPageSource on session 469e7490de0379835cc36f4fb352b807 to remote] DEBUG org.asynchttpclient.netty.request.NettyRequestSender - Using open Channel [id: 0xd975c2b1, L:/127.0.0.1:56304 - R:localhost/127.0.0.1:8272] for POST '/session/469e7490de0379835cc36f4fb352b807/execute/sync'
20:07:44.570 [AsyncHttpClient-1-14] DEBUG org.asynchttpclient.netty.handler.HttpHandler - 

Request DefaultHttpRequest(decodeResult: success, version: HTTP/1.1)
POST /session/469e7490de0379835cc36f4fb352b807/execute/sync HTTP/1.1
User-Agent: selenium/4.8.1 (java mac)
Content-Length: 176
Content-Type: application/json; charset=utf-8
host: localhost:8272
accept: */*

Response DefaultHttpResponse(decodeResult: success, version: HTTP/1.1)
HTTP/1.1 200 OK
Content-Length: 21847
Content-Type: application/json; charset=utf-8
cache-control: no-cache

20:07:44.570 [AsyncHttpClient-1-14] DEBUG org.asynchttpclient.netty.channel.ChannelManager - Adding key: http://localhost:8272 for channel [id: 0xd975c2b1, L:/127.0.0.1:56304 - R:localhost/127.0.0.1:8272]
20:07:44.573 [Forwarding getCurrentUrl on session 469e7490de0379835cc36f4fb352b807 to remote] DEBUG org.asynchttpclient.netty.request.NettyRequestSender - Using pooled Channel '[id: 0xd975c2b1, L:/127.0.0.1:56304 - R:localhost/127.0.0.1:8272]' for 'GET' to 'http://localhost:8272/session/469e7490de0379835cc36f4fb352b807/url'
20:07:44.573 [Forwarding getCurrentUrl on session 469e7490de0379835cc36f4fb352b807 to remote] DEBUG org.asynchttpclient.netty.request.NettyRequestSender - Using open Channel [id: 0xd975c2b1, L:/127.0.0.1:56304 - R:localhost/127.0.0.1:8272] for GET '/session/469e7490de0379835cc36f4fb352b807/url'
20:07:44.576 [AsyncHttpClient-1-14] DEBUG org.asynchttpclient.netty.handler.HttpHandler - 

Request DefaultFullHttpRequest(decodeResult: success, version: HTTP/1.1, content: EmptyByteBufBE)
GET /session/469e7490de0379835cc36f4fb352b807/url HTTP/1.1
User-Agent: selenium/4.8.1 (java mac)
Cache-Control: no-cache
Content-Type: application/json; charset=utf-8
host: localhost:8272
accept: */*

Response DefaultHttpResponse(decodeResult: success, version: HTTP/1.1)
HTTP/1.1 200 OK
Content-Length: 51
Content-Type: application/json; charset=utf-8
cache-control: no-cache

20:07:44.576 [AsyncHttpClient-1-14] DEBUG org.asynchttpclient.netty.channel.ChannelManager - Adding key: http://localhost:8272 for channel [id: 0xd975c2b1, L:/127.0.0.1:56304 - R:localhost/127.0.0.1:8272]
20:07:44.585 [Forwarding getAlertText on session 469e7490de0379835cc36f4fb352b807 to remote] DEBUG org.asynchttpclient.netty.request.NettyRequestSender - Using pooled Channel '[id: 0xd975c2b1, L:/127.0.0.1:56304 - R:localhost/127.0.0.1:8272]' for 'GET' to 'http://localhost:8272/session/469e7490de0379835cc36f4fb352b807/alert/text'
20:07:44.585 [Forwarding getAlertText on session 469e7490de0379835cc36f4fb352b807 to remote] DEBUG org.asynchttpclient.netty.request.NettyRequestSender - Using open Channel [id: 0xd975c2b1, L:/127.0.0.1:56304 - R:localhost/127.0.0.1:8272] for GET '/session/469e7490de0379835cc36f4fb352b807/alert/text'
20:07:44.587 [AsyncHttpClient-1-14] DEBUG org.asynchttpclient.netty.handler.HttpHandler - 

Request DefaultFullHttpRequest(decodeResult: success, version: HTTP/1.1, content: EmptyByteBufBE)
GET /session/469e7490de0379835cc36f4fb352b807/alert/text HTTP/1.1
User-Agent: selenium/4.8.1 (java mac)
Cache-Control: no-cache
Content-Type: application/json; charset=utf-8
host: localhost:8272
accept: */*

Response DefaultHttpResponse(decodeResult: success, version: HTTP/1.1)
HTTP/1.1 404 Not Found
Content-Length: 1763
Content-Type: application/json; charset=utf-8
cache-control: no-cache

20:07:44.587 [AsyncHttpClient-1-14] DEBUG org.asynchttpclient.netty.channel.ChannelManager - Adding key: http://localhost:8272 for channel [id: 0xd975c2b1, L:/127.0.0.1:56304 - R:localhost/127.0.0.1:8272]
20:07:44.588 [Forwarding getCurrentUrl on session 469e7490de0379835cc36f4fb352b807 to remote] DEBUG org.asynchttpclient.netty.request.NettyRequestSender - Using pooled Channel '[id: 0xd975c2b1, L:/127.0.0.1:56304 - R:localhost/127.0.0.1:8272]' for 'GET' to 'http://localhost:8272/session/469e7490de0379835cc36f4fb352b807/url'
20:07:44.588 [Forwarding getCurrentUrl on session 469e7490de0379835cc36f4fb352b807 to remote] DEBUG org.asynchttpclient.netty.request.NettyRequestSender - Using open Channel [id: 0xd975c2b1, L:/127.0.0.1:56304 - R:localhost/127.0.0.1:8272] for GET '/session/469e7490de0379835cc36f4fb352b807/url'
20:07:44.590 [AsyncHttpClient-1-14] DEBUG org.asynchttpclient.netty.handler.HttpHandler - 

Request DefaultFullHttpRequest(decodeResult: success, version: HTTP/1.1, content: EmptyByteBufBE)
GET /session/469e7490de0379835cc36f4fb352b807/url HTTP/1.1
User-Agent: selenium/4.8.1 (java mac)
Cache-Control: no-cache
Content-Type: application/json; charset=utf-8
host: localhost:8272
accept: */*

Response DefaultHttpResponse(decodeResult: success, version: HTTP/1.1)
HTTP/1.1 200 OK
Content-Length: 51
Content-Type: application/json; charset=utf-8
cache-control: no-cache

20:07:44.590 [AsyncHttpClient-1-14] DEBUG org.asynchttpclient.netty.channel.ChannelManager - Adding key: http://localhost:8272 for channel [id: 0xd975c2b1, L:/127.0.0.1:56304 - R:localhost/127.0.0.1:8272]
20:07:44.591 [Forwarding screenshot on session 469e7490de0379835cc36f4fb352b807 to remote] DEBUG org.asynchttpclient.netty.request.NettyRequestSender - Using pooled Channel '[id: 0xd975c2b1, L:/127.0.0.1:56304 - R:localhost/127.0.0.1:8272]' for 'GET' to 'http://localhost:8272/session/469e7490de0379835cc36f4fb352b807/screenshot'
20:07:44.591 [Forwarding screenshot on session 469e7490de0379835cc36f4fb352b807 to remote] DEBUG org.asynchttpclient.netty.request.NettyRequestSender - Using open Channel [id: 0xd975c2b1, L:/127.0.0.1:56304 - R:localhost/127.0.0.1:8272] for GET '/session/469e7490de0379835cc36f4fb352b807/screenshot'
20:07:44.647 [AsyncHttpClient-1-1] DEBUG org.asynchttpclient.netty.channel.DefaultChannelPool - Entry count for : http://localhost:56305 : 1
20:07:44.766 [AsyncHttpClient-1-14] DEBUG org.asynchttpclient.netty.handler.HttpHandler - 

Request DefaultFullHttpRequest(decodeResult: success, version: HTTP/1.1, content: EmptyByteBufBE)
GET /session/469e7490de0379835cc36f4fb352b807/screenshot HTTP/1.1
User-Agent: selenium/4.8.1 (java mac)
Cache-Control: no-cache
Content-Type: application/json; charset=utf-8
host: localhost:8272
accept: */*

Response DefaultHttpResponse(decodeResult: success, version: HTTP/1.1)
HTTP/1.1 200 OK
Content-Length: 72560
Content-Type: application/json; charset=utf-8
cache-control: no-cache

20:07:44.766 [AsyncHttpClient-1-14] DEBUG org.asynchttpclient.netty.channel.ChannelManager - Adding key: http://localhost:8272 for channel [id: 0xd975c2b1, L:/127.0.0.1:56304 - R:localhost/127.0.0.1:8272]
20:07:44.770 [main] DEBUG net.serenitybdd.core.photography.Darkroom - Send negative for processing for target/site/serenity/25c6d5e7c3d72017ac08cf7adf2bcb31a2da9b3b50078a59d7c6247335055884.png
20:07:44.770 [Darkroom Processing Line] DEBUG net.serenitybdd.core.photography.DarkroomProcessingLine - Processing screenshot image in /var/screenshots/screenshot-3482277901606278687
20:07:44.770 [Darkroom Processing Line] DEBUG net.serenitybdd.core.photography.DarkroomProcessingLine - Saving screenshot to target/site/serenity/25c6d5e7c3d72017ac08cf7adf2bcb31a2da9b3b50078a59d7c6247335055884.png
20:07:44.773 [Forwarding getPageSource on session 469e7490de0379835cc36f4fb352b807 to remote] DEBUG org.asynchttpclient.netty.request.NettyRequestSender - Using pooled Channel '[id: 0xd975c2b1, L:/127.0.0.1:56304 - R:localhost/127.0.0.1:8272]' for 'POST' to 'http://localhost:8272/session/469e7490de0379835cc36f4fb352b807/execute/sync'
20:07:44.773 [Forwarding getPageSource on session 469e7490de0379835cc36f4fb352b807 to remote] DEBUG org.asynchttpclient.netty.request.NettyRequestSender - Using open Channel [id: 0xd975c2b1, L:/127.0.0.1:56304 - R:localhost/127.0.0.1:8272] for POST '/session/469e7490de0379835cc36f4fb352b807/execute/sync'
20:07:44.776 [AsyncHttpClient-1-14] DEBUG org.asynchttpclient.netty.handler.HttpHandler - 

Request DefaultHttpRequest(decodeResult: success, version: HTTP/1.1)
POST /session/469e7490de0379835cc36f4fb352b807/execute/sync HTTP/1.1
User-Agent: selenium/4.8.1 (java mac)
Content-Length: 176
Content-Type: application/json; charset=utf-8
host: localhost:8272
accept: */*

Response DefaultHttpResponse(decodeResult: success, version: HTTP/1.1)
HTTP/1.1 200 OK
Content-Length: 21847
Content-Type: application/json; charset=utf-8
cache-control: no-cache

20:07:44.776 [AsyncHttpClient-1-14] DEBUG org.asynchttpclient.netty.channel.ChannelManager - Adding key: http://localhost:8272 for channel [id: 0xd975c2b1, L:/127.0.0.1:56304 - R:localhost/127.0.0.1:8272]
20:07:44.779 [Forwarding getCurrentUrl on session 469e7490de0379835cc36f4fb352b807 to remote] DEBUG org.asynchttpclient.netty.request.NettyRequestSender - Using pooled Channel '[id: 0xd975c2b1, L:/127.0.0.1:56304 - R:localhost/127.0.0.1:8272]' for 'GET' to 'http://localhost:8272/session/469e7490de0379835cc36f4fb352b807/url'
20:07:44.780 [Forwarding getCurrentUrl on session 469e7490de0379835cc36f4fb352b807 to remote] DEBUG org.asynchttpclient.netty.request.NettyRequestSender - Using open Channel [id: 0xd975c2b1, L:/127.0.0.1:56304 - R:localhost/127.0.0.1:8272] for GET '/session/469e7490de0379835cc36f4fb352b807/url'
20:07:44.782 [AsyncHttpClient-1-14] DEBUG org.asynchttpclient.netty.handler.HttpHandler - 

Request DefaultFullHttpRequest(decodeResult: success, version: HTTP/1.1, content: EmptyByteBufBE)
GET /session/469e7490de0379835cc36f4fb352b807/url HTTP/1.1
User-Agent: selenium/4.8.1 (java mac)
Cache-Control: no-cache
Content-Type: application/json; charset=utf-8
host: localhost:8272
accept: */*

Response DefaultHttpResponse(decodeResult: success, version: HTTP/1.1)
HTTP/1.1 200 OK
Content-Length: 51
Content-Type: application/json; charset=utf-8
cache-control: no-cache

20:07:44.782 [AsyncHttpClient-1-14] DEBUG org.asynchttpclient.netty.channel.ChannelManager - Adding key: http://localhost:8272 for channel [id: 0xd975c2b1, L:/127.0.0.1:56304 - R:localhost/127.0.0.1:8272]
20:07:44.784 [main] DEBUG net.thucydides.core.steps.StepInterceptor - STARTING STEP: seeDetailProductsSteps.doClickLoginButton - clickButtonLogin
20:07:44.787 [Forwarding findElement on session 469e7490de0379835cc36f4fb352b807 to remote] DEBUG org.asynchttpclient.netty.request.NettyRequestSender - Using pooled Channel '[id: 0xd975c2b1, L:/127.0.0.1:56304 - R:localhost/127.0.0.1:8272]' for 'POST' to 'http://localhost:8272/session/469e7490de0379835cc36f4fb352b807/element'
20:07:44.787 [Forwarding findElement on session 469e7490de0379835cc36f4fb352b807 to remote] DEBUG org.asynchttpclient.netty.request.NettyRequestSender - Using open Channel [id: 0xd975c2b1, L:/127.0.0.1:56304 - R:localhost/127.0.0.1:8272] for POST '/session/469e7490de0379835cc36f4fb352b807/element'
20:07:44.791 [AsyncHttpClient-1-14] DEBUG org.asynchttpclient.netty.handler.HttpHandler - 

Request DefaultHttpRequest(decodeResult: success, version: HTTP/1.1)
POST /session/469e7490de0379835cc36f4fb352b807/element HTTP/1.1
User-Agent: selenium/4.8.1 (java mac)
Content-Length: 155
Content-Type: application/json; charset=utf-8
host: localhost:8272
accept: */*

Response DefaultHttpResponse(decodeResult: success, version: HTTP/1.1)
HTTP/1.1 200 OK
Content-Length: 88
Content-Type: application/json; charset=utf-8
cache-control: no-cache

20:07:44.791 [AsyncHttpClient-1-14] DEBUG org.asynchttpclient.netty.channel.ChannelManager - Adding key: http://localhost:8272 for channel [id: 0xd975c2b1, L:/127.0.0.1:56304 - R:localhost/127.0.0.1:8272]
20:07:44.792 [Forwarding getElementTagName on session 469e7490de0379835cc36f4fb352b807 to remote] DEBUG org.asynchttpclient.netty.request.NettyRequestSender - Using pooled Channel '[id: 0xd975c2b1, L:/127.0.0.1:56304 - R:localhost/127.0.0.1:8272]' for 'GET' to 'http://localhost:8272/session/469e7490de0379835cc36f4fb352b807/element/152c01ea-a462-4462-bded-ae3d040dff3e/name'
20:07:44.792 [Forwarding getElementTagName on session 469e7490de0379835cc36f4fb352b807 to remote] DEBUG org.asynchttpclient.netty.request.NettyRequestSender - Using open Channel [id: 0xd975c2b1, L:/127.0.0.1:56304 - R:localhost/127.0.0.1:8272] for GET '/session/469e7490de0379835cc36f4fb352b807/element/152c01ea-a462-4462-bded-ae3d040dff3e/name'
20:07:44.795 [AsyncHttpClient-1-14] DEBUG org.asynchttpclient.netty.handler.HttpHandler - 

Request DefaultFullHttpRequest(decodeResult: success, version: HTTP/1.1, content: EmptyByteBufBE)
GET /session/469e7490de0379835cc36f4fb352b807/element/152c01ea-a462-4462-bded-ae3d040dff3e/name HTTP/1.1
User-Agent: selenium/4.8.1 (java mac)
Cache-Control: no-cache
Content-Type: application/json; charset=utf-8
host: localhost:8272
accept: */*

Response DefaultHttpResponse(decodeResult: success, version: HTTP/1.1)
HTTP/1.1 200 OK
Content-Length: 18
Content-Type: application/json; charset=utf-8
cache-control: no-cache

20:07:44.795 [AsyncHttpClient-1-14] DEBUG org.asynchttpclient.netty.channel.ChannelManager - Adding key: http://localhost:8272 for channel [id: 0xd975c2b1, L:/127.0.0.1:56304 - R:localhost/127.0.0.1:8272]
20:07:44.796 [Forwarding getElementTagName on session 469e7490de0379835cc36f4fb352b807 to remote] DEBUG org.asynchttpclient.netty.request.NettyRequestSender - Using pooled Channel '[id: 0xd975c2b1, L:/127.0.0.1:56304 - R:localhost/127.0.0.1:8272]' for 'GET' to 'http://localhost:8272/session/469e7490de0379835cc36f4fb352b807/element/152c01ea-a462-4462-bded-ae3d040dff3e/name'
20:07:44.796 [Forwarding getElementTagName on session 469e7490de0379835cc36f4fb352b807 to remote] DEBUG org.asynchttpclient.netty.request.NettyRequestSender - Using open Channel [id: 0xd975c2b1, L:/127.0.0.1:56304 - R:localhost/127.0.0.1:8272] for GET '/session/469e7490de0379835cc36f4fb352b807/element/152c01ea-a462-4462-bded-ae3d040dff3e/name'
20:07:44.798 [AsyncHttpClient-1-14] DEBUG org.asynchttpclient.netty.handler.HttpHandler - 

Request DefaultFullHttpRequest(decodeResult: success, version: HTTP/1.1, content: EmptyByteBufBE)
GET /session/469e7490de0379835cc36f4fb352b807/element/152c01ea-a462-4462-bded-ae3d040dff3e/name HTTP/1.1
User-Agent: selenium/4.8.1 (java mac)
Cache-Control: no-cache
Content-Type: application/json; charset=utf-8
host: localhost:8272
accept: */*

Response DefaultHttpResponse(decodeResult: success, version: HTTP/1.1)
HTTP/1.1 200 OK
Content-Length: 18
Content-Type: application/json; charset=utf-8
cache-control: no-cache

20:07:44.798 [AsyncHttpClient-1-14] DEBUG org.asynchttpclient.netty.channel.ChannelManager - Adding key: http://localhost:8272 for channel [id: 0xd975c2b1, L:/127.0.0.1:56304 - R:localhost/127.0.0.1:8272]
20:07:44.800 [Forwarding isElementEnabled on session 469e7490de0379835cc36f4fb352b807 to remote] DEBUG org.asynchttpclient.netty.request.NettyRequestSender - Using pooled Channel '[id: 0xd975c2b1, L:/127.0.0.1:56304 - R:localhost/127.0.0.1:8272]' for 'GET' to 'http://localhost:8272/session/469e7490de0379835cc36f4fb352b807/element/152c01ea-a462-4462-bded-ae3d040dff3e/enabled'
20:07:44.800 [Forwarding isElementEnabled on session 469e7490de0379835cc36f4fb352b807 to remote] DEBUG org.asynchttpclient.netty.request.NettyRequestSender - Using open Channel [id: 0xd975c2b1, L:/127.0.0.1:56304 - R:localhost/127.0.0.1:8272] for GET '/session/469e7490de0379835cc36f4fb352b807/element/152c01ea-a462-4462-bded-ae3d040dff3e/enabled'
20:07:44.805 [AsyncHttpClient-1-14] DEBUG org.asynchttpclient.netty.handler.HttpHandler - 

Request DefaultFullHttpRequest(decodeResult: success, version: HTTP/1.1, content: EmptyByteBufBE)
GET /session/469e7490de0379835cc36f4fb352b807/element/152c01ea-a462-4462-bded-ae3d040dff3e/enabled HTTP/1.1
User-Agent: selenium/4.8.1 (java mac)
Cache-Control: no-cache
Content-Type: application/json; charset=utf-8
host: localhost:8272
accept: */*

Response DefaultHttpResponse(decodeResult: success, version: HTTP/1.1)
HTTP/1.1 200 OK
Content-Length: 14
Content-Type: application/json; charset=utf-8
cache-control: no-cache

20:07:44.806 [AsyncHttpClient-1-14] DEBUG org.asynchttpclient.netty.channel.ChannelManager - Adding key: http://localhost:8272 for channel [id: 0xd975c2b1, L:/127.0.0.1:56304 - R:localhost/127.0.0.1:8272]
20:07:44.806 [Forwarding isElementEnabled on session 469e7490de0379835cc36f4fb352b807 to remote] DEBUG org.asynchttpclient.netty.request.NettyRequestSender - Using pooled Channel '[id: 0xd975c2b1, L:/127.0.0.1:56304 - R:localhost/127.0.0.1:8272]' for 'GET' to 'http://localhost:8272/session/469e7490de0379835cc36f4fb352b807/element/152c01ea-a462-4462-bded-ae3d040dff3e/enabled'
20:07:44.806 [Forwarding isElementEnabled on session 469e7490de0379835cc36f4fb352b807 to remote] DEBUG org.asynchttpclient.netty.request.NettyRequestSender - Using open Channel [id: 0xd975c2b1, L:/127.0.0.1:56304 - R:localhost/127.0.0.1:8272] for GET '/session/469e7490de0379835cc36f4fb352b807/element/152c01ea-a462-4462-bded-ae3d040dff3e/enabled'
20:07:44.812 [AsyncHttpClient-1-14] DEBUG org.asynchttpclient.netty.handler.HttpHandler - 

Request DefaultFullHttpRequest(decodeResult: success, version: HTTP/1.1, content: EmptyByteBufBE)
GET /session/469e7490de0379835cc36f4fb352b807/element/152c01ea-a462-4462-bded-ae3d040dff3e/enabled HTTP/1.1
User-Agent: selenium/4.8.1 (java mac)
Cache-Control: no-cache
Content-Type: application/json; charset=utf-8
host: localhost:8272
accept: */*

Response DefaultHttpResponse(decodeResult: success, version: HTTP/1.1)
HTTP/1.1 200 OK
Content-Length: 14
Content-Type: application/json; charset=utf-8
cache-control: no-cache

20:07:44.812 [AsyncHttpClient-1-14] DEBUG org.asynchttpclient.netty.channel.ChannelManager - Adding key: http://localhost:8272 for channel [id: 0xd975c2b1, L:/127.0.0.1:56304 - R:localhost/127.0.0.1:8272]
20:07:44.814 [Forwarding findElement on session 469e7490de0379835cc36f4fb352b807 to remote] DEBUG org.asynchttpclient.netty.request.NettyRequestSender - Using pooled Channel '[id: 0xd975c2b1, L:/127.0.0.1:56304 - R:localhost/127.0.0.1:8272]' for 'POST' to 'http://localhost:8272/session/469e7490de0379835cc36f4fb352b807/element'
20:07:44.814 [Forwarding findElement on session 469e7490de0379835cc36f4fb352b807 to remote] DEBUG org.asynchttpclient.netty.request.NettyRequestSender - Using open Channel [id: 0xd975c2b1, L:/127.0.0.1:56304 - R:localhost/127.0.0.1:8272] for POST '/session/469e7490de0379835cc36f4fb352b807/element'
20:07:44.818 [AsyncHttpClient-1-14] DEBUG org.asynchttpclient.netty.handler.HttpHandler - 

Request DefaultHttpRequest(decodeResult: success, version: HTTP/1.1)
POST /session/469e7490de0379835cc36f4fb352b807/element HTTP/1.1
User-Agent: selenium/4.8.1 (java mac)
Content-Length: 155
Content-Type: application/json; charset=utf-8
host: localhost:8272
accept: */*

Response DefaultHttpResponse(decodeResult: success, version: HTTP/1.1)
HTTP/1.1 200 OK
Content-Length: 88
Content-Type: application/json; charset=utf-8
cache-control: no-cache

20:07:44.818 [AsyncHttpClient-1-14] DEBUG org.asynchttpclient.netty.channel.ChannelManager - Adding key: http://localhost:8272 for channel [id: 0xd975c2b1, L:/127.0.0.1:56304 - R:localhost/127.0.0.1:8272]
20:07:44.821 [Forwarding clickElement on session 469e7490de0379835cc36f4fb352b807 to remote] DEBUG org.asynchttpclient.netty.request.NettyRequestSender - Using pooled Channel '[id: 0xd975c2b1, L:/127.0.0.1:56304 - R:localhost/127.0.0.1:8272]' for 'POST' to 'http://localhost:8272/session/469e7490de0379835cc36f4fb352b807/element/152c01ea-a462-4462-bded-ae3d040dff3e/click'
20:07:44.821 [Forwarding clickElement on session 469e7490de0379835cc36f4fb352b807 to remote] DEBUG org.asynchttpclient.netty.request.NettyRequestSender - Using open Channel [id: 0xd975c2b1, L:/127.0.0.1:56304 - R:localhost/127.0.0.1:8272] for POST '/session/469e7490de0379835cc36f4fb352b807/element/152c01ea-a462-4462-bded-ae3d040dff3e/click'
20:07:44.918 [AsyncHttpClient-1-14] DEBUG org.asynchttpclient.netty.handler.HttpHandler - 

Request DefaultHttpRequest(decodeResult: success, version: HTTP/1.1)
POST /session/469e7490de0379835cc36f4fb352b807/element/152c01ea-a462-4462-bded-ae3d040dff3e/click HTTP/1.1
User-Agent: selenium/4.8.1 (java mac)
Content-Length: 50
Content-Type: application/json; charset=utf-8
host: localhost:8272
accept: */*

Response DefaultHttpResponse(decodeResult: success, version: HTTP/1.1)
HTTP/1.1 200 OK
Content-Length: 14
Content-Type: application/json; charset=utf-8
cache-control: no-cache

20:07:44.918 [AsyncHttpClient-1-14] DEBUG org.asynchttpclient.netty.channel.ChannelManager - Adding key: http://localhost:8272 for channel [id: 0xd975c2b1, L:/127.0.0.1:56304 - R:localhost/127.0.0.1:8272]
20:07:44.924 [Forwarding getAlertText on session 469e7490de0379835cc36f4fb352b807 to remote] DEBUG org.asynchttpclient.netty.request.NettyRequestSender - Using pooled Channel '[id: 0xd975c2b1, L:/127.0.0.1:56304 - R:localhost/127.0.0.1:8272]' for 'GET' to 'http://localhost:8272/session/469e7490de0379835cc36f4fb352b807/alert/text'
20:07:44.924 [Forwarding getAlertText on session 469e7490de0379835cc36f4fb352b807 to remote] DEBUG org.asynchttpclient.netty.request.NettyRequestSender - Using open Channel [id: 0xd975c2b1, L:/127.0.0.1:56304 - R:localhost/127.0.0.1:8272] for GET '/session/469e7490de0379835cc36f4fb352b807/alert/text'
20:07:44.926 [AsyncHttpClient-1-14] DEBUG org.asynchttpclient.netty.handler.HttpHandler - 

Request DefaultFullHttpRequest(decodeResult: success, version: HTTP/1.1, content: EmptyByteBufBE)
GET /session/469e7490de0379835cc36f4fb352b807/alert/text HTTP/1.1
User-Agent: selenium/4.8.1 (java mac)
Cache-Control: no-cache
Content-Type: application/json; charset=utf-8
host: localhost:8272
accept: */*

Response DefaultHttpResponse(decodeResult: success, version: HTTP/1.1)
HTTP/1.1 404 Not Found
Content-Length: 1763
Content-Type: application/json; charset=utf-8
cache-control: no-cache

20:07:44.926 [AsyncHttpClient-1-14] DEBUG org.asynchttpclient.netty.channel.ChannelManager - Adding key: http://localhost:8272 for channel [id: 0xd975c2b1, L:/127.0.0.1:56304 - R:localhost/127.0.0.1:8272]
20:07:44.927 [Forwarding getCurrentUrl on session 469e7490de0379835cc36f4fb352b807 to remote] DEBUG org.asynchttpclient.netty.request.NettyRequestSender - Using pooled Channel '[id: 0xd975c2b1, L:/127.0.0.1:56304 - R:localhost/127.0.0.1:8272]' for 'GET' to 'http://localhost:8272/session/469e7490de0379835cc36f4fb352b807/url'
20:07:44.927 [Forwarding getCurrentUrl on session 469e7490de0379835cc36f4fb352b807 to remote] DEBUG org.asynchttpclient.netty.request.NettyRequestSender - Using open Channel [id: 0xd975c2b1, L:/127.0.0.1:56304 - R:localhost/127.0.0.1:8272] for GET '/session/469e7490de0379835cc36f4fb352b807/url'
20:07:44.930 [AsyncHttpClient-1-14] DEBUG org.asynchttpclient.netty.handler.HttpHandler - 

Request DefaultFullHttpRequest(decodeResult: success, version: HTTP/1.1, content: EmptyByteBufBE)
GET /session/469e7490de0379835cc36f4fb352b807/url HTTP/1.1
User-Agent: selenium/4.8.1 (java mac)
Cache-Control: no-cache
Content-Type: application/json; charset=utf-8
host: localhost:8272
accept: */*

Response DefaultHttpResponse(decodeResult: success, version: HTTP/1.1)
HTTP/1.1 200 OK
Content-Length: 51
Content-Type: application/json; charset=utf-8
cache-control: no-cache

20:07:44.930 [AsyncHttpClient-1-14] DEBUG org.asynchttpclient.netty.channel.ChannelManager - Adding key: http://localhost:8272 for channel [id: 0xd975c2b1, L:/127.0.0.1:56304 - R:localhost/127.0.0.1:8272]
20:07:44.933 [Forwarding screenshot on session 469e7490de0379835cc36f4fb352b807 to remote] DEBUG org.asynchttpclient.netty.request.NettyRequestSender - Using pooled Channel '[id: 0xd975c2b1, L:/127.0.0.1:56304 - R:localhost/127.0.0.1:8272]' for 'GET' to 'http://localhost:8272/session/469e7490de0379835cc36f4fb352b807/screenshot'
20:07:44.933 [Forwarding screenshot on session 469e7490de0379835cc36f4fb352b807 to remote] DEBUG org.asynchttpclient.netty.request.NettyRequestSender - Using open Channel [id: 0xd975c2b1, L:/127.0.0.1:56304 - R:localhost/127.0.0.1:8272] for GET '/session/469e7490de0379835cc36f4fb352b807/screenshot'
20:07:45.747 [AsyncHttpClient-1-1] DEBUG org.asynchttpclient.netty.channel.DefaultChannelPool - Entry count for : http://localhost:56305 : 1
20:07:46.849 [AsyncHttpClient-1-1] DEBUG org.asynchttpclient.netty.channel.DefaultChannelPool - Entry count for : http://localhost:56305 : 1
20:07:47.950 [AsyncHttpClient-1-1] DEBUG org.asynchttpclient.netty.channel.DefaultChannelPool - Entry count for : http://localhost:56305 : 1
20:07:48.024 [AsyncHttpClient-1-14] DEBUG org.asynchttpclient.netty.handler.HttpHandler - 

Request DefaultFullHttpRequest(decodeResult: success, version: HTTP/1.1, content: EmptyByteBufBE)
GET /session/469e7490de0379835cc36f4fb352b807/screenshot HTTP/1.1
User-Agent: selenium/4.8.1 (java mac)
Cache-Control: no-cache
Content-Type: application/json; charset=utf-8
host: localhost:8272
accept: */*

Response DefaultHttpResponse(decodeResult: success, version: HTTP/1.1)
HTTP/1.1 200 OK
Content-Length: 176652
Content-Type: application/json; charset=utf-8
cache-control: no-cache

20:07:48.026 [AsyncHttpClient-1-14] DEBUG org.asynchttpclient.netty.channel.ChannelManager - Adding key: http://localhost:8272 for channel [id: 0xd975c2b1, L:/127.0.0.1:56304 - R:localhost/127.0.0.1:8272]
20:07:48.040 [main] DEBUG net.serenitybdd.core.photography.Darkroom - Send negative for processing for target/site/serenity/28ca0ea4212efb5c36c0b6987626ebc7353a5c9009dcf6a3e617e35e7a2ea43a.png
20:07:48.040 [Darkroom Processing Line] DEBUG net.serenitybdd.core.photography.DarkroomProcessingLine - Processing screenshot image in /var/screenshots/screenshot-1149241134297950791
20:07:48.041 [Darkroom Processing Line] DEBUG net.serenitybdd.core.photography.DarkroomProcessingLine - Saving screenshot to target/site/serenity/28ca0ea4212efb5c36c0b6987626ebc7353a5c9009dcf6a3e617e35e7a2ea43a.png
20:07:48.042 [main] DEBUG net.thucydides.core.steps.StepInterceptor - STEP DONE: clickButtonLogin
  &amp#27;[32mAnd &amp#27;[0m&amp#27;[32mI click login button to view all products2&amp#27;[0m       &amp#27;[90m# starter.stepdefinitions.seeDetailProductsSteps.doClickLoginButton()&amp#27;[0m
20:07:48.061 [Forwarding getPageSource on session 469e7490de0379835cc36f4fb352b807 to remote] DEBUG org.asynchttpclient.netty.request.NettyRequestSender - Using pooled Channel '[id: 0xd975c2b1, L:/127.0.0.1:56304 - R:localhost/127.0.0.1:8272]' for 'POST' to 'http://localhost:8272/session/469e7490de0379835cc36f4fb352b807/execute/sync'
20:07:48.061 [Forwarding getPageSource on session 469e7490de0379835cc36f4fb352b807 to remote] DEBUG org.asynchttpclient.netty.request.NettyRequestSender - Using open Channel [id: 0xd975c2b1, L:/127.0.0.1:56304 - R:localhost/127.0.0.1:8272] for POST '/session/469e7490de0379835cc36f4fb352b807/execute/sync'
20:07:48.094 [AsyncHttpClient-1-14] DEBUG org.asynchttpclient.netty.handler.HttpHandler - 

Request DefaultHttpRequest(decodeResult: success, version: HTTP/1.1)
POST /session/469e7490de0379835cc36f4fb352b807/execute/sync HTTP/1.1
User-Agent: selenium/4.8.1 (java mac)
Content-Length: 176
Content-Type: application/json; charset=utf-8
host: localhost:8272
accept: */*

Response DefaultHttpResponse(decodeResult: success, version: HTTP/1.1)
HTTP/1.1 200 OK
Content-Length: 919705
Content-Type: application/json; charset=utf-8
cache-control: no-cache

20:07:48.095 [AsyncHttpClient-1-14] DEBUG org.asynchttpclient.netty.channel.ChannelManager - Adding key: http://localhost:8272 for channel [id: 0xd975c2b1, L:/127.0.0.1:56304 - R:localhost/127.0.0.1:8272]
20:07:48.200 [Forwarding getCurrentUrl on session 469e7490de0379835cc36f4fb352b807 to remote] DEBUG org.asynchttpclient.netty.request.NettyRequestSender - Using pooled Channel '[id: 0xd975c2b1, L:/127.0.0.1:56304 - R:localhost/127.0.0.1:8272]' for 'GET' to 'http://localhost:8272/session/469e7490de0379835cc36f4fb352b807/url'
20:07:48.200 [Forwarding getCurrentUrl on session 469e7490de0379835cc36f4fb352b807 to remote] DEBUG org.asynchttpclient.netty.request.NettyRequestSender - Using open Channel [id: 0xd975c2b1, L:/127.0.0.1:56304 - R:localhost/127.0.0.1:8272] for GET '/session/469e7490de0379835cc36f4fb352b807/url'
20:07:48.203 [AsyncHttpClient-1-14] DEBUG org.asynchttpclient.netty.handler.HttpHandler - 

Request DefaultFullHttpRequest(decodeResult: success, version: HTTP/1.1, content: EmptyByteBufBE)
GET /session/469e7490de0379835cc36f4fb352b807/url HTTP/1.1
User-Agent: selenium/4.8.1 (java mac)
Cache-Control: no-cache
Content-Type: application/json; charset=utf-8
host: localhost:8272
accept: */*

Response DefaultHttpResponse(decodeResult: success, version: HTTP/1.1)
HTTP/1.1 200 OK
Content-Length: 41
Content-Type: application/json; charset=utf-8
cache-control: no-cache

20:07:48.203 [AsyncHttpClient-1-14] DEBUG org.asynchttpclient.netty.channel.ChannelManager - Adding key: http://localhost:8272 for channel [id: 0xd975c2b1, L:/127.0.0.1:56304 - R:localhost/127.0.0.1:8272]
20:07:48.212 [Forwarding findElement on session 469e7490de0379835cc36f4fb352b807 to remote] DEBUG org.asynchttpclient.netty.request.NettyRequestSender - Using pooled Channel '[id: 0xd975c2b1, L:/127.0.0.1:56304 - R:localhost/127.0.0.1:8272]' for 'POST' to 'http://localhost:8272/session/469e7490de0379835cc36f4fb352b807/element'
20:07:48.212 [Forwarding findElement on session 469e7490de0379835cc36f4fb352b807 to remote] DEBUG org.asynchttpclient.netty.request.NettyRequestSender - Using open Channel [id: 0xd975c2b1, L:/127.0.0.1:56304 - R:localhost/127.0.0.1:8272] for POST '/session/469e7490de0379835cc36f4fb352b807/element'
20:07:48.231 [AsyncHttpClient-1-14] DEBUG org.asynchttpclient.netty.handler.HttpHandler - 

Request DefaultHttpRequest(decodeResult: success, version: HTTP/1.1)
POST /session/469e7490de0379835cc36f4fb352b807/element HTTP/1.1
User-Agent: selenium/4.8.1 (java mac)
Content-Length: 98
Content-Type: application/json; charset=utf-8
host: localhost:8272
accept: */*

Response DefaultHttpResponse(decodeResult: success, version: HTTP/1.1)
HTTP/1.1 200 OK
Content-Length: 88
Content-Type: application/json; charset=utf-8
cache-control: no-cache

20:07:48.231 [AsyncHttpClient-1-14] DEBUG org.asynchttpclient.netty.channel.ChannelManager - Adding key: http://localhost:8272 for channel [id: 0xd975c2b1, L:/127.0.0.1:56304 - R:localhost/127.0.0.1:8272]
20:07:48.232 [Forwarding getElementTagName on session 469e7490de0379835cc36f4fb352b807 to remote] DEBUG org.asynchttpclient.netty.request.NettyRequestSender - Using pooled Channel '[id: 0xd975c2b1, L:/127.0.0.1:56304 - R:localhost/127.0.0.1:8272]' for 'GET' to 'http://localhost:8272/session/469e7490de0379835cc36f4fb352b807/element/1b50a77a-5f37-4efa-a61a-d56149951125/name'
20:07:48.232 [Forwarding getElementTagName on session 469e7490de0379835cc36f4fb352b807 to remote] DEBUG org.asynchttpclient.netty.request.NettyRequestSender - Using open Channel [id: 0xd975c2b1, L:/127.0.0.1:56304 - R:localhost/127.0.0.1:8272] for GET '/session/469e7490de0379835cc36f4fb352b807/element/1b50a77a-5f37-4efa-a61a-d56149951125/name'
20:07:48.235 [AsyncHttpClient-1-14] DEBUG org.asynchttpclient.netty.handler.HttpHandler - 

Request DefaultFullHttpRequest(decodeResult: success, version: HTTP/1.1, content: EmptyByteBufBE)
GET /session/469e7490de0379835cc36f4fb352b807/element/1b50a77a-5f37-4efa-a61a-d56149951125/name HTTP/1.1
User-Agent: selenium/4.8.1 (java mac)
Cache-Control: no-cache
Content-Type: application/json; charset=utf-8
host: localhost:8272
accept: */*

Response DefaultHttpResponse(decodeResult: success, version: HTTP/1.1)
HTTP/1.1 200 OK
Content-Length: 16
Content-Type: application/json; charset=utf-8
cache-control: no-cache

20:07:48.235 [AsyncHttpClient-1-14] DEBUG org.asynchttpclient.netty.channel.ChannelManager - Adding key: http://localhost:8272 for channel [id: 0xd975c2b1, L:/127.0.0.1:56304 - R:localhost/127.0.0.1:8272]
20:07:48.235 [Forwarding getElementTagName on session 469e7490de0379835cc36f4fb352b807 to remote] DEBUG org.asynchttpclient.netty.request.NettyRequestSender - Using pooled Channel '[id: 0xd975c2b1, L:/127.0.0.1:56304 - R:localhost/127.0.0.1:8272]' for 'GET' to 'http://localhost:8272/session/469e7490de0379835cc36f4fb352b807/element/1b50a77a-5f37-4efa-a61a-d56149951125/name'
20:07:48.235 [Forwarding getElementTagName on session 469e7490de0379835cc36f4fb352b807 to remote] DEBUG org.asynchttpclient.netty.request.NettyRequestSender - Using open Channel [id: 0xd975c2b1, L:/127.0.0.1:56304 - R:localhost/127.0.0.1:8272] for GET '/session/469e7490de0379835cc36f4fb352b807/element/1b50a77a-5f37-4efa-a61a-d56149951125/name'
20:07:48.237 [AsyncHttpClient-1-14] DEBUG org.asynchttpclient.netty.handler.HttpHandler - 

Request DefaultFullHttpRequest(decodeResult: success, version: HTTP/1.1, content: EmptyByteBufBE)
GET /session/469e7490de0379835cc36f4fb352b807/element/1b50a77a-5f37-4efa-a61a-d56149951125/name HTTP/1.1
User-Agent: selenium/4.8.1 (java mac)
Cache-Control: no-cache
Content-Type: application/json; charset=utf-8
host: localhost:8272
accept: */*

Response DefaultHttpResponse(decodeResult: success, version: HTTP/1.1)
HTTP/1.1 200 OK
Content-Length: 16
Content-Type: application/json; charset=utf-8
cache-control: no-cache

20:07:48.237 [AsyncHttpClient-1-14] DEBUG org.asynchttpclient.netty.channel.ChannelManager - Adding key: http://localhost:8272 for channel [id: 0xd975c2b1, L:/127.0.0.1:56304 - R:localhost/127.0.0.1:8272]
20:07:48.238 [Forwarding findElement on session 469e7490de0379835cc36f4fb352b807 to remote] DEBUG org.asynchttpclient.netty.request.NettyRequestSender - Using pooled Channel '[id: 0xd975c2b1, L:/127.0.0.1:56304 - R:localhost/127.0.0.1:8272]' for 'POST' to 'http://localhost:8272/session/469e7490de0379835cc36f4fb352b807/element'
20:07:48.238 [Forwarding findElement on session 469e7490de0379835cc36f4fb352b807 to remote] DEBUG org.asynchttpclient.netty.request.NettyRequestSender - Using open Channel [id: 0xd975c2b1, L:/127.0.0.1:56304 - R:localhost/127.0.0.1:8272] for POST '/session/469e7490de0379835cc36f4fb352b807/element'
20:07:48.245 [AsyncHttpClient-1-14] DEBUG org.asynchttpclient.netty.handler.HttpHandler - 

Request DefaultHttpRequest(decodeResult: success, version: HTTP/1.1)
POST /session/469e7490de0379835cc36f4fb352b807/element HTTP/1.1
User-Agent: selenium/4.8.1 (java mac)
Content-Length: 98
Content-Type: application/json; charset=utf-8
host: localhost:8272
accept: */*

Response DefaultHttpResponse(decodeResult: success, version: HTTP/1.1)
HTTP/1.1 200 OK
Content-Length: 88
Content-Type: application/json; charset=utf-8
cache-control: no-cache

20:07:48.245 [AsyncHttpClient-1-14] DEBUG org.asynchttpclient.netty.channel.ChannelManager - Adding key: http://localhost:8272 for channel [id: 0xd975c2b1, L:/127.0.0.1:56304 - R:localhost/127.0.0.1:8272]
20:07:48.246 [Forwarding clickElement on session 469e7490de0379835cc36f4fb352b807 to remote] DEBUG org.asynchttpclient.netty.request.NettyRequestSender - Using pooled Channel '[id: 0xd975c2b1, L:/127.0.0.1:56304 - R:localhost/127.0.0.1:8272]' for 'POST' to 'http://localhost:8272/session/469e7490de0379835cc36f4fb352b807/element/1b50a77a-5f37-4efa-a61a-d56149951125/click'
20:07:48.246 [Forwarding clickElement on session 469e7490de0379835cc36f4fb352b807 to remote] DEBUG org.asynchttpclient.netty.request.NettyRequestSender - Using open Channel [id: 0xd975c2b1, L:/127.0.0.1:56304 - R:localhost/127.0.0.1:8272] for POST '/session/469e7490de0379835cc36f4fb352b807/element/1b50a77a-5f37-4efa-a61a-d56149951125/click'
20:07:48.356 [AsyncHttpClient-1-14] DEBUG org.asynchttpclient.netty.handler.HttpHandler - 

Request DefaultHttpRequest(decodeResult: success, version: HTTP/1.1)
POST /session/469e7490de0379835cc36f4fb352b807/element/1b50a77a-5f37-4efa-a61a-d56149951125/click HTTP/1.1
User-Agent: selenium/4.8.1 (java mac)
Content-Length: 50
Content-Type: application/json; charset=utf-8
host: localhost:8272
accept: */*

Response DefaultHttpResponse(decodeResult: success, version: HTTP/1.1)
HTTP/1.1 200 OK
Content-Length: 14
Content-Type: application/json; charset=utf-8
cache-control: no-cache

20:07:48.356 [AsyncHttpClient-1-14] DEBUG org.asynchttpclient.netty.channel.ChannelManager - Adding key: http://localhost:8272 for channel [id: 0xd975c2b1, L:/127.0.0.1:56304 - R:localhost/127.0.0.1:8272]
  &amp#27;[32mAnd &amp#27;[0m&amp#27;[32mI click detail to see detail product2&amp#27;[0m            &amp#27;[90m# starter.stepdefinitions.seeDetailProductsSteps.doAddProductToMyCart()&amp#27;[0m
20:07:48.376 [Forwarding getAlertText on session 469e7490de0379835cc36f4fb352b807 to remote] DEBUG org.asynchttpclient.netty.request.NettyRequestSender - Using pooled Channel '[id: 0xd975c2b1, L:/127.0.0.1:56304 - R:localhost/127.0.0.1:8272]' for 'GET' to 'http://localhost:8272/session/469e7490de0379835cc36f4fb352b807/alert/text'
20:07:48.376 [Forwarding getAlertText on session 469e7490de0379835cc36f4fb352b807 to remote] DEBUG org.asynchttpclient.netty.request.NettyRequestSender - Using open Channel [id: 0xd975c2b1, L:/127.0.0.1:56304 - R:localhost/127.0.0.1:8272] for GET '/session/469e7490de0379835cc36f4fb352b807/alert/text'
20:07:48.575 [AsyncHttpClient-1-14] DEBUG org.asynchttpclient.netty.handler.HttpHandler - 

Request DefaultFullHttpRequest(decodeResult: success, version: HTTP/1.1, content: EmptyByteBufBE)
GET /session/469e7490de0379835cc36f4fb352b807/alert/text HTTP/1.1
User-Agent: selenium/4.8.1 (java mac)
Cache-Control: no-cache
Content-Type: application/json; charset=utf-8
host: localhost:8272
accept: */*

Response DefaultHttpResponse(decodeResult: success, version: HTTP/1.1)
HTTP/1.1 404 Not Found
Content-Length: 1763
Content-Type: application/json; charset=utf-8
cache-control: no-cache

20:07:48.575 [AsyncHttpClient-1-14] DEBUG org.asynchttpclient.netty.channel.ChannelManager - Adding key: http://localhost:8272 for channel [id: 0xd975c2b1, L:/127.0.0.1:56304 - R:localhost/127.0.0.1:8272]
20:07:48.580 [Forwarding getCurrentUrl on session 469e7490de0379835cc36f4fb352b807 to remote] DEBUG org.asynchttpclient.netty.request.NettyRequestSender - Using pooled Channel '[id: 0xd975c2b1, L:/127.0.0.1:56304 - R:localhost/127.0.0.1:8272]' for 'GET' to 'http://localhost:8272/session/469e7490de0379835cc36f4fb352b807/url'
20:07:48.580 [Forwarding getCurrentUrl on session 469e7490de0379835cc36f4fb352b807 to remote] DEBUG org.asynchttpclient.netty.request.NettyRequestSender - Using open Channel [id: 0xd975c2b1, L:/127.0.0.1:56304 - R:localhost/127.0.0.1:8272] for GET '/session/469e7490de0379835cc36f4fb352b807/url'
20:07:48.588 [AsyncHttpClient-1-14] DEBUG org.asynchttpclient.netty.handler.HttpHandler - 

Request DefaultFullHttpRequest(decodeResult: success, version: HTTP/1.1, content: EmptyByteBufBE)
GET /session/469e7490de0379835cc36f4fb352b807/url HTTP/1.1
User-Agent: selenium/4.8.1 (java mac)
Cache-Control: no-cache
Content-Type: application/json; charset=utf-8
host: localhost:8272
accept: */*

Response DefaultHttpResponse(decodeResult: success, version: HTTP/1.1)
HTTP/1.1 200 OK
Content-Length: 55
Content-Type: application/json; charset=utf-8
cache-control: no-cache

20:07:48.589 [AsyncHttpClient-1-14] DEBUG org.asynchttpclient.netty.channel.ChannelManager - Adding key: http://localhost:8272 for channel [id: 0xd975c2b1, L:/127.0.0.1:56304 - R:localhost/127.0.0.1:8272]
20:07:48.591 [Forwarding screenshot on session 469e7490de0379835cc36f4fb352b807 to remote] DEBUG org.asynchttpclient.netty.request.NettyRequestSender - Using pooled Channel '[id: 0xd975c2b1, L:/127.0.0.1:56304 - R:localhost/127.0.0.1:8272]' for 'GET' to 'http://localhost:8272/session/469e7490de0379835cc36f4fb352b807/screenshot'
20:07:48.592 [Forwarding screenshot on session 469e7490de0379835cc36f4fb352b807 to remote] DEBUG org.asynchttpclient.netty.request.NettyRequestSender - Using open Channel [id: 0xd975c2b1, L:/127.0.0.1:56304 - R:localhost/127.0.0.1:8272] for GET '/session/469e7490de0379835cc36f4fb352b807/screenshot'
20:07:48.779 [AsyncHttpClient-1-14] DEBUG org.asynchttpclient.netty.handler.HttpHandler - 

Request DefaultFullHttpRequest(decodeResult: success, version: HTTP/1.1, content: EmptyByteBufBE)
GET /session/469e7490de0379835cc36f4fb352b807/screenshot HTTP/1.1
User-Agent: selenium/4.8.1 (java mac)
Cache-Control: no-cache
Content-Type: application/json; charset=utf-8
host: localhost:8272
accept: */*

Response DefaultHttpResponse(decodeResult: success, version: HTTP/1.1)
HTTP/1.1 200 OK
Content-Length: 36104
Content-Type: application/json; charset=utf-8
cache-control: no-cache

20:07:48.779 [AsyncHttpClient-1-14] DEBUG org.asynchttpclient.netty.channel.ChannelManager - Adding key: http://localhost:8272 for channel [id: 0xd975c2b1, L:/127.0.0.1:56304 - R:localhost/127.0.0.1:8272]
20:07:48.781 [main] DEBUG net.serenitybdd.core.photography.Darkroom - Send negative for processing for target/site/serenity/4752591e51b19c8d2bb1226d1aef397c6e167de3912c0b768d18eb200bf57771.png
20:07:48.782 [Darkroom Processing Line] DEBUG net.serenitybdd.core.photography.DarkroomProcessingLine - Processing screenshot image in /var/screenshots/screenshot-8941398206286873083
20:07:48.782 [Darkroom Processing Line] DEBUG net.serenitybdd.core.photography.DarkroomProcessingLine - Saving screenshot to target/site/serenity/4752591e51b19c8d2bb1226d1aef397c6e167de3912c0b768d18eb200bf57771.png
20:07:48.787 [Forwarding getPageSource on session 469e7490de0379835cc36f4fb352b807 to remote] DEBUG org.asynchttpclient.netty.request.NettyRequestSender - Using pooled Channel '[id: 0xd975c2b1, L:/127.0.0.1:56304 - R:localhost/127.0.0.1:8272]' for 'POST' to 'http://localhost:8272/session/469e7490de0379835cc36f4fb352b807/execute/sync'
20:07:48.787 [Forwarding getPageSource on session 469e7490de0379835cc36f4fb352b807 to remote] DEBUG org.asynchttpclient.netty.request.NettyRequestSender - Using open Channel [id: 0xd975c2b1, L:/127.0.0.1:56304 - R:localhost/127.0.0.1:8272] for POST '/session/469e7490de0379835cc36f4fb352b807/execute/sync'
20:07:48.791 [AsyncHttpClient-1-14] DEBUG org.asynchttpclient.netty.handler.HttpHandler - 

Request DefaultHttpRequest(decodeResult: success, version: HTTP/1.1)
POST /session/469e7490de0379835cc36f4fb352b807/execute/sync HTTP/1.1
User-Agent: selenium/4.8.1 (java mac)
Content-Length: 176
Content-Type: application/json; charset=utf-8
host: localhost:8272
accept: */*

Response DefaultHttpResponse(decodeResult: success, version: HTTP/1.1)
HTTP/1.1 200 OK
Content-Length: 21546
Content-Type: application/json; charset=utf-8
cache-control: no-cache

20:07:48.791 [AsyncHttpClient-1-14] DEBUG org.asynchttpclient.netty.channel.ChannelManager - Adding key: http://localhost:8272 for channel [id: 0xd975c2b1, L:/127.0.0.1:56304 - R:localhost/127.0.0.1:8272]
20:07:48.796 [Forwarding getCurrentUrl on session 469e7490de0379835cc36f4fb352b807 to remote] DEBUG org.asynchttpclient.netty.request.NettyRequestSender - Using pooled Channel '[id: 0xd975c2b1, L:/127.0.0.1:56304 - R:localhost/127.0.0.1:8272]' for 'GET' to 'http://localhost:8272/session/469e7490de0379835cc36f4fb352b807/url'
20:07:48.796 [Forwarding getCurrentUrl on session 469e7490de0379835cc36f4fb352b807 to remote] DEBUG org.asynchttpclient.netty.request.NettyRequestSender - Using open Channel [id: 0xd975c2b1, L:/127.0.0.1:56304 - R:localhost/127.0.0.1:8272] for GET '/session/469e7490de0379835cc36f4fb352b807/url'
20:07:48.802 [AsyncHttpClient-1-14] DEBUG org.asynchttpclient.netty.handler.HttpHandler - 

Request DefaultFullHttpRequest(decodeResult: success, version: HTTP/1.1, content: EmptyByteBufBE)
GET /session/469e7490de0379835cc36f4fb352b807/url HTTP/1.1
User-Agent: selenium/4.8.1 (java mac)
Cache-Control: no-cache
Content-Type: application/json; charset=utf-8
host: localhost:8272
accept: */*

Response DefaultHttpResponse(decodeResult: success, version: HTTP/1.1)
HTTP/1.1 200 OK
Content-Length: 55
Content-Type: application/json; charset=utf-8
cache-control: no-cache

20:07:48.802 [AsyncHttpClient-1-14] DEBUG org.asynchttpclient.netty.channel.ChannelManager - Adding key: http://localhost:8272 for channel [id: 0xd975c2b1, L:/127.0.0.1:56304 - R:localhost/127.0.0.1:8272]
20:07:48.817 [Forwarding getPageSource on session 469e7490de0379835cc36f4fb352b807 to remote] DEBUG org.asynchttpclient.netty.request.NettyRequestSender - Using pooled Channel '[id: 0xd975c2b1, L:/127.0.0.1:56304 - R:localhost/127.0.0.1:8272]' for 'POST' to 'http://localhost:8272/session/469e7490de0379835cc36f4fb352b807/execute/sync'
20:07:48.818 [Forwarding getPageSource on session 469e7490de0379835cc36f4fb352b807 to remote] DEBUG org.asynchttpclient.netty.request.NettyRequestSender - Using open Channel [id: 0xd975c2b1, L:/127.0.0.1:56304 - R:localhost/127.0.0.1:8272] for POST '/session/469e7490de0379835cc36f4fb352b807/execute/sync'
20:07:48.823 [AsyncHttpClient-1-14] DEBUG org.asynchttpclient.netty.handler.HttpHandler - 

Request DefaultHttpRequest(decodeResult: success, version: HTTP/1.1)
POST /session/469e7490de0379835cc36f4fb352b807/execute/sync HTTP/1.1
User-Agent: selenium/4.8.1 (java mac)
Content-Length: 176
Content-Type: application/json; charset=utf-8
host: localhost:8272
accept: */*

Response DefaultHttpResponse(decodeResult: success, version: HTTP/1.1)
HTTP/1.1 200 OK
Content-Length: 21546
Content-Type: application/json; charset=utf-8
cache-control: no-cache

20:07:48.824 [AsyncHttpClient-1-14] DEBUG org.asynchttpclient.netty.channel.ChannelManager - Adding key: http://localhost:8272 for channel [id: 0xd975c2b1, L:/127.0.0.1:56304 - R:localhost/127.0.0.1:8272]
20:07:48.831 [Forwarding getCurrentUrl on session 469e7490de0379835cc36f4fb352b807 to remote] DEBUG org.asynchttpclient.netty.request.NettyRequestSender - Using pooled Channel '[id: 0xd975c2b1, L:/127.0.0.1:56304 - R:localhost/127.0.0.1:8272]' for 'GET' to 'http://localhost:8272/session/469e7490de0379835cc36f4fb352b807/url'
20:07:48.831 [Forwarding getCurrentUrl on session 469e7490de0379835cc36f4fb352b807 to remote] DEBUG org.asynchttpclient.netty.request.NettyRequestSender - Using open Channel [id: 0xd975c2b1, L:/127.0.0.1:56304 - R:localhost/127.0.0.1:8272] for GET '/session/469e7490de0379835cc36f4fb352b807/url'
20:07:48.835 [AsyncHttpClient-1-14] DEBUG org.asynchttpclient.netty.handler.HttpHandler - 

Request DefaultFullHttpRequest(decodeResult: success, version: HTTP/1.1, content: EmptyByteBufBE)
GET /session/469e7490de0379835cc36f4fb352b807/url HTTP/1.1
User-Agent: selenium/4.8.1 (java mac)
Cache-Control: no-cache
Content-Type: application/json; charset=utf-8
host: localhost:8272
accept: */*

Response DefaultHttpResponse(decodeResult: success, version: HTTP/1.1)
HTTP/1.1 200 OK
Content-Length: 55
Content-Type: application/json; charset=utf-8
cache-control: no-cache

20:07:48.835 [AsyncHttpClient-1-14] DEBUG org.asynchttpclient.netty.channel.ChannelManager - Adding key: http://localhost:8272 for channel [id: 0xd975c2b1, L:/127.0.0.1:56304 - R:localhost/127.0.0.1:8272]
20:07:48.840 [main] DEBUG net.thucydides.core.steps.StepInterceptor - STARTING STEP: seeDetailProductsSteps.onTheHomePage - validateOnTheHomePage
20:07:48.845 [Forwarding findElement on session 469e7490de0379835cc36f4fb352b807 to remote] DEBUG org.asynchttpclient.netty.request.NettyRequestSender - Using pooled Channel '[id: 0xd975c2b1, L:/127.0.0.1:56304 - R:localhost/127.0.0.1:8272]' for 'POST' to 'http://localhost:8272/session/469e7490de0379835cc36f4fb352b807/element'
20:07:48.845 [Forwarding findElement on session 469e7490de0379835cc36f4fb352b807 to remote] DEBUG org.asynchttpclient.netty.request.NettyRequestSender - Using open Channel [id: 0xd975c2b1, L:/127.0.0.1:56304 - R:localhost/127.0.0.1:8272] for POST '/session/469e7490de0379835cc36f4fb352b807/element'
20:07:48.851 [AsyncHttpClient-1-14] DEBUG org.asynchttpclient.netty.handler.HttpHandler - 

Request DefaultHttpRequest(decodeResult: success, version: HTTP/1.1)
POST /session/469e7490de0379835cc36f4fb352b807/element HTTP/1.1
User-Agent: selenium/4.8.1 (java mac)
Content-Length: 54
Content-Type: application/json; charset=utf-8
host: localhost:8272
accept: */*

Response DefaultHttpResponse(decodeResult: success, version: HTTP/1.1)
HTTP/1.1 200 OK
Content-Length: 88
Content-Type: application/json; charset=utf-8
cache-control: no-cache

20:07:48.852 [AsyncHttpClient-1-14] DEBUG org.asynchttpclient.netty.channel.ChannelManager - Adding key: http://localhost:8272 for channel [id: 0xd975c2b1, L:/127.0.0.1:56304 - R:localhost/127.0.0.1:8272]
20:07:48.859 [Forwarding isElementDisplayed on session 469e7490de0379835cc36f4fb352b807 to remote] DEBUG org.asynchttpclient.netty.request.NettyRequestSender - Using pooled Channel '[id: 0xd975c2b1, L:/127.0.0.1:56304 - R:localhost/127.0.0.1:8272]' for 'POST' to 'http://localhost:8272/session/469e7490de0379835cc36f4fb352b807/execute/sync'
20:07:48.859 [Forwarding isElementDisplayed on session 469e7490de0379835cc36f4fb352b807 to remote] DEBUG org.asynchttpclient.netty.request.NettyRequestSender - Using open Channel [id: 0xd975c2b1, L:/127.0.0.1:56304 - R:localhost/127.0.0.1:8272] for POST '/session/469e7490de0379835cc36f4fb352b807/execute/sync'
20:07:48.869 [AsyncHttpClient-1-14] DEBUG org.asynchttpclient.netty.handler.HttpHandler - 

Request DefaultHttpRequest(decodeResult: success, version: HTTP/1.1)
POST /session/469e7490de0379835cc36f4fb352b807/execute/sync HTTP/1.1
User-Agent: selenium/4.8.1 (java mac)
Content-Length: 48807
Content-Type: application/json; charset=utf-8
host: localhost:8272
accept: */*

Response DefaultHttpResponse(decodeResult: success, version: HTTP/1.1)
HTTP/1.1 200 OK
Content-Length: 14
Content-Type: application/json; charset=utf-8
cache-control: no-cache

20:07:48.870 [AsyncHttpClient-1-14] DEBUG org.asynchttpclient.netty.channel.ChannelManager - Adding key: http://localhost:8272 for channel [id: 0xd975c2b1, L:/127.0.0.1:56304 - R:localhost/127.0.0.1:8272]
20:07:48.880 [Forwarding getAlertText on session 469e7490de0379835cc36f4fb352b807 to remote] DEBUG org.asynchttpclient.netty.request.NettyRequestSender - Using pooled Channel '[id: 0xd975c2b1, L:/127.0.0.1:56304 - R:localhost/127.0.0.1:8272]' for 'GET' to 'http://localhost:8272/session/469e7490de0379835cc36f4fb352b807/alert/text'
20:07:48.880 [Forwarding getAlertText on session 469e7490de0379835cc36f4fb352b807 to remote] DEBUG org.asynchttpclient.netty.request.NettyRequestSender - Using open Channel [id: 0xd975c2b1, L:/127.0.0.1:56304 - R:localhost/127.0.0.1:8272] for GET '/session/469e7490de0379835cc36f4fb352b807/alert/text'
20:07:48.882 [AsyncHttpClient-1-14] DEBUG org.asynchttpclient.netty.handler.HttpHandler - 

Request DefaultFullHttpRequest(decodeResult: success, version: HTTP/1.1, content: EmptyByteBufBE)
GET /session/469e7490de0379835cc36f4fb352b807/alert/text HTTP/1.1
User-Agent: selenium/4.8.1 (java mac)
Cache-Control: no-cache
Content-Type: application/json; charset=utf-8
host: localhost:8272
accept: */*

Response DefaultHttpResponse(decodeResult: success, version: HTTP/1.1)
HTTP/1.1 404 Not Found
Content-Length: 1763
Content-Type: application/json; charset=utf-8
cache-control: no-cache

20:07:48.883 [AsyncHttpClient-1-14] DEBUG org.asynchttpclient.netty.channel.ChannelManager - Adding key: http://localhost:8272 for channel [id: 0xd975c2b1, L:/127.0.0.1:56304 - R:localhost/127.0.0.1:8272]
20:07:48.889 [Forwarding getCurrentUrl on session 469e7490de0379835cc36f4fb352b807 to remote] DEBUG org.asynchttpclient.netty.request.NettyRequestSender - Using pooled Channel '[id: 0xd975c2b1, L:/127.0.0.1:56304 - R:localhost/127.0.0.1:8272]' for 'GET' to 'http://localhost:8272/session/469e7490de0379835cc36f4fb352b807/url'
20:07:48.889 [Forwarding getCurrentUrl on session 469e7490de0379835cc36f4fb352b807 to remote] DEBUG org.asynchttpclient.netty.request.NettyRequestSender - Using open Channel [id: 0xd975c2b1, L:/127.0.0.1:56304 - R:localhost/127.0.0.1:8272] for GET '/session/469e7490de0379835cc36f4fb352b807/url'
20:07:48.897 [AsyncHttpClient-1-14] DEBUG org.asynchttpclient.netty.handler.HttpHandler - 

Request DefaultFullHttpRequest(decodeResult: success, version: HTTP/1.1, content: EmptyByteBufBE)
GET /session/469e7490de0379835cc36f4fb352b807/url HTTP/1.1
User-Agent: selenium/4.8.1 (java mac)
Cache-Control: no-cache
Content-Type: application/json; charset=utf-8
host: localhost:8272
accept: */*

Response DefaultHttpResponse(decodeResult: success, version: HTTP/1.1)
HTTP/1.1 200 OK
Content-Length: 55
Content-Type: application/json; charset=utf-8
cache-control: no-cache

20:07:48.897 [AsyncHttpClient-1-14] DEBUG org.asynchttpclient.netty.channel.ChannelManager - Adding key: http://localhost:8272 for channel [id: 0xd975c2b1, L:/127.0.0.1:56304 - R:localhost/127.0.0.1:8272]
20:07:48.898 [Forwarding screenshot on session 469e7490de0379835cc36f4fb352b807 to remote] DEBUG org.asynchttpclient.netty.request.NettyRequestSender - Using pooled Channel '[id: 0xd975c2b1, L:/127.0.0.1:56304 - R:localhost/127.0.0.1:8272]' for 'GET' to 'http://localhost:8272/session/469e7490de0379835cc36f4fb352b807/screenshot'
20:07:48.899 [Forwarding screenshot on session 469e7490de0379835cc36f4fb352b807 to remote] DEBUG org.asynchttpclient.netty.request.NettyRequestSender - Using open Channel [id: 0xd975c2b1, L:/127.0.0.1:56304 - R:localhost/127.0.0.1:8272] for GET '/session/469e7490de0379835cc36f4fb352b807/screenshot'
20:07:49.047 [AsyncHttpClient-1-1] DEBUG org.asynchttpclient.netty.channel.DefaultChannelPool - Entry count for : http://localhost:56305 : 1
20:07:49.083 [AsyncHttpClient-1-14] DEBUG org.asynchttpclient.netty.handler.HttpHandler - 

Request DefaultFullHttpRequest(decodeResult: success, version: HTTP/1.1, content: EmptyByteBufBE)
GET /session/469e7490de0379835cc36f4fb352b807/screenshot HTTP/1.1
User-Agent: selenium/4.8.1 (java mac)
Cache-Control: no-cache
Content-Type: application/json; charset=utf-8
host: localhost:8272
accept: */*

Response DefaultHttpResponse(decodeResult: success, version: HTTP/1.1)
HTTP/1.1 200 OK
Content-Length: 55828
Content-Type: application/json; charset=utf-8
cache-control: no-cache

20:07:49.084 [AsyncHttpClient-1-14] DEBUG org.asynchttpclient.netty.channel.ChannelManager - Adding key: http://localhost:8272 for channel [id: 0xd975c2b1, L:/127.0.0.1:56304 - R:localhost/127.0.0.1:8272]
20:07:49.089 [main] DEBUG net.serenitybdd.core.photography.Darkroom - Send negative for processing for target/site/serenity/6272dc7aee6728e0037f35391c5994cc09a6851a480d4cc148aa9d9c1352c903.png
20:07:49.090 [Darkroom Processing Line] DEBUG net.serenitybdd.core.photography.DarkroomProcessingLine - Processing screenshot image in /var/screenshots/screenshot-3915563479088859257
20:07:49.090 [Darkroom Processing Line] DEBUG net.serenitybdd.core.photography.DarkroomProcessingLine - Saving screenshot to target/site/serenity/6272dc7aee6728e0037f35391c5994cc09a6851a480d4cc148aa9d9c1352c903.png
20:07:49.092 [main] DEBUG net.thucydides.core.steps.StepInterceptor - STEP DONE: validateOnTheHomePage
  &amp#27;[32mThen &amp#27;[0m&amp#27;[32mi can see the detail product add to my cart2&amp#27;[0m    &amp#27;[90m# starter.stepdefinitions.seeDetailProductsSteps.onTheHomePage()&amp#27;[0m
20:07:49.108 [main] INFO  - 
  _____   ___   ___   _____     ___     _     ___   ___   ___   ___  
 |_   _| | __| / __| |_   _|   | _ \   /_\   / __| / __| | __| |   \ 
   | |   | _|  \__ \   | |     |  _/  / _ \  \__ \ \__ \ | _|  | |) |
   |_|   |___| |___/   |_|     |_|   /_/ \_\ |___/ |___/ |___| |___/ 

As user, I can login and see products detail
----------------------------------------------------------------------
20:07:49.118 [Driver Command Executor] DEBUG org.asynchttpclient.netty.request.NettyRequestSender - Using pooled Channel '[id: 0xd975c2b1, L:/127.0.0.1:56304 - R:localhost/127.0.0.1:8272]' for 'DELETE' to 'http://localhost:8272/session/469e7490de0379835cc36f4fb352b807'
20:07:49.120 [Driver Command Executor] DEBUG org.asynchttpclient.netty.request.NettyRequestSender - Using open Channel [id: 0xd975c2b1, L:/127.0.0.1:56304 - R:localhost/127.0.0.1:8272] for DELETE '/session/469e7490de0379835cc36f4fb352b807'
20:07:49.120 [AsyncHttpClient-1-16] DEBUG org.asynchttpclient.netty.handler.WebSocketHandler - Channel Closed: [id: 0x0d69962a, L:/127.0.0.1:56311 ! R:localhost/127.0.0.1:56305] with attribute NettyResponseFuture{currentRetry=0,
	isDone=1,
	isCancelled=0,
	asyncHandler=org.asynchttpclient.ws.WebSocketUpgradeHandler@71f0c43b,
	nettyRequest=org.asynchttpclient.netty.request.NettyRequest@34f25461,
	future=java.util.concurrent.CompletableFuture@abec743[Completed normally],
	uri=ws://localhost:56305/devtools/browser/da4277ca-113d-4ac7-9912-9f83f63fb7c8,
	keepAlive=true,
	redirectCount=0,
	timeoutsHolder=null,
	inAuth=0,
	touch=1683637648000}
20:07:49.121 [AsyncHttpClient-1-16] DEBUG org.asynchttpclient.netty.channel.ChannelManager - Closing Channel [id: 0x0d69962a, L:/127.0.0.1:56311 ! R:localhost/127.0.0.1:56305] 
20:07:49.146 [AsyncHttpClient-1-15] DEBUG org.asynchttpclient.netty.handler.HttpHandler - Channel Closed: [id: 0x237c7a32, L:/127.0.0.1:56310 ! R:localhost/127.0.0.1:56305] with attribute DISCARD
20:07:49.189 [AsyncHttpClient-1-14] DEBUG org.asynchttpclient.netty.handler.HttpHandler - 

Request DefaultFullHttpRequest(decodeResult: success, version: HTTP/1.1, content: EmptyByteBufBE)
DELETE /session/469e7490de0379835cc36f4fb352b807 HTTP/1.1
User-Agent: selenium/4.8.1 (java mac)
Content-Type: application/json; charset=utf-8
host: localhost:8272
accept: */*

Response DefaultHttpResponse(decodeResult: success, version: HTTP/1.1)
HTTP/1.1 200 OK
Content-Length: 14
Content-Type: application/json; charset=utf-8
cache-control: no-cache

20:07:49.194 [AsyncHttpClient-1-14] DEBUG org.asynchttpclient.netty.channel.ChannelManager - Adding key: http://localhost:8272 for channel [id: 0xd975c2b1, L:/127.0.0.1:56304 - R:localhost/127.0.0.1:8272]
20:07:49.221 [AsyncHttpClient-1-14] DEBUG org.asynchttpclient.netty.handler.HttpHandler - Channel Closed: [id: 0xd975c2b1, L:/127.0.0.1:56304 ! R:localhost/127.0.0.1:8272] with attribute DISCARD
]]></system-out>
    <system-err><![CDATA[Starting ChromeDriver 111.0.5563.64 (c710e93d5b63b7095afe8c2c17df34408078439d-refs/branch-heads/5563@{#995}) on port 8272
Only local connections are allowed.
Please see https://chromedriver.chromium.org/security-considerations for suggestions on keeping ChromeDriver safe.
ChromeDriver was started successfully.
[1683637647.163][WARNING]: This version of ChromeDriver has not been tested with Chrome version 112.
May 09, 2023 8:07:28 PM org.openqa.selenium.devtools.CdpVersionFinder findNearestMatch
WARNING: Unable to find an exact match for CDP version 112, so returning the closest version found: 110
]]></system-err>
  </testcase>
  <testcase name="As user, I can login and add products to my cart" classname="products #2" time="30.664">
    <system-out><![CDATA[20:07:49.290 [main] DEBUG io.cucumber.core.plugin.SerenityReporter - Running feature from file:///Users/masgilang/Downloads/test-automation-MinProWEB/src/test/resources/features/Transaction.feature
20:07:49.294 [main] DEBUG net.thucydides.core.steps.StepEventBus - Test suite started for story net.thucydides.core.model.Story@1221c2e2
20:07:49.295 [main] INFO  - Test Suite Started: Products

@products @checkoutandbuy
Scenario: As user, I can login and add products to my cart &amp#27;[90m# src/test/resources/features/Transaction.feature:7&amp#27;[0m
20:07:49.329 [main] DEBUG io.cucumber.core.plugin.SerenityReporter - Running feature from file:///Users/masgilang/Downloads/test-automation-MinProWEB/src/test/resources/features/Transaction.feature
20:07:49.332 [main] INFO  - 
  _____   ___   ___   _____     ___   _____     _     ___   _____   ___   ___  
 |_   _| | __| / __| |_   _|   / __| |_   _|   /_\   | _ \ |_   _| | __| |   \ 
   | |   | _|  \__ \   | |     \__ \   | |    / _ \  |   /   | |   | _|  | |) |
   |_|   |___| |___/   |_|     |___/   |_|   /_/ \_\ |_|_\   |_|   |___| |___/ 

As user, I can login and add products to my cart(products;as-user--i-can-login-and-add-products-to-my-cart)
--------------------------------------------------------------------------------
20:07:49.415 [main] INFO net.serenitybdd.core.webdriver.driverproviders.ChromeDriverProvider - Starting Chrome driver instance with capabilities:
20:07:49.416 [main] INFO net.serenitybdd.core.webdriver.driverproviders.ChromeDriverProvider - Capabilities {acceptInsecureCerts: false, browserName: chrome, goog:chromeOptions: {args: [remote-allow-origins=*], extensions: []}}
20:07:49.556 [AsyncHttpClient-1-17] DEBUG org.asynchttpclient.netty.channel.NettyConnectListener - Using new Channel '[id: 0x0aec9abe, L:/127.0.0.1:56328 - R:localhost/127.0.0.1:1522]' for 'POST' to '/session'
20:07:50.154 [AsyncHttpClient-1-1] DEBUG org.asynchttpclient.netty.channel.DefaultChannelPool - Entry count for : http://localhost:8272 : 1
20:07:50.157 [AsyncHttpClient-1-1] DEBUG org.asynchttpclient.netty.channel.DefaultChannelPool - Entry count for : http://localhost:56305 : 1
20:07:50.157 [AsyncHttpClient-1-1] DEBUG org.asynchttpclient.netty.channel.DefaultChannelPool - Adding Candidate expired Channel [id: 0xd975c2b1, L:/127.0.0.1:56304 ! R:localhost/127.0.0.1:8272] isIdleTimeoutExpired=false isRemotelyClosed=true isTtlExpired=false
20:07:50.159 [AsyncHttpClient-1-1] DEBUG org.asynchttpclient.netty.channel.DefaultChannelPool - Closing Idle Channel [id: 0xd975c2b1, L:/127.0.0.1:56304 ! R:localhost/127.0.0.1:8272]
20:07:50.160 [AsyncHttpClient-1-1] DEBUG org.asynchttpclient.netty.channel.DefaultChannelPool - Adding Candidate expired Channel [id: 0x237c7a32, L:/127.0.0.1:56310 ! R:localhost/127.0.0.1:56305] isIdleTimeoutExpired=false isRemotelyClosed=true isTtlExpired=false
20:07:50.160 [AsyncHttpClient-1-1] DEBUG org.asynchttpclient.netty.channel.DefaultChannelPool - Closing Idle Channel [id: 0x237c7a32, L:/127.0.0.1:56310 ! R:localhost/127.0.0.1:56305]
20:07:50.161 [AsyncHttpClient-1-1] DEBUG org.asynchttpclient.netty.channel.DefaultChannelPool - Closed 2 connections out of 2 in 3 ms
20:07:54.999 [AsyncHttpClient-1-17] DEBUG org.asynchttpclient.netty.handler.HttpHandler - 

Request DefaultHttpRequest(decodeResult: success, version: HTTP/1.1)
POST /session HTTP/1.1
User-Agent: selenium/4.8.1 (java mac)
Content-Length: 507
Content-Type: application/json; charset=utf-8
host: localhost:1522
accept: */*

Response DefaultHttpResponse(decodeResult: success, version: HTTP/1.1)
HTTP/1.1 200 OK
Content-Length: 869
Content-Type: application/json; charset=utf-8
cache-control: no-cache

20:07:55.002 [AsyncHttpClient-1-17] DEBUG org.asynchttpclient.netty.channel.ChannelManager - Adding key: http://localhost:1522 for channel [id: 0x0aec9abe, L:/127.0.0.1:56328 - R:localhost/127.0.0.1:1522]
20:07:55.105 [AsyncHttpClient-1-2] DEBUG org.asynchttpclient.netty.channel.NettyConnectListener - Using new Channel '[id: 0xcc8ae01f, L:/127.0.0.1:56335 - R:localhost/127.0.0.1:56329]' for 'GET' to '/json/version'
20:07:55.109 [AsyncHttpClient-1-2] DEBUG org.asynchttpclient.netty.handler.HttpHandler - 

Request DefaultFullHttpRequest(decodeResult: success, version: HTTP/1.1, content: EmptyByteBufBE)
GET /json/version HTTP/1.1
User-Agent: selenium/4.8.1 (java mac)
host: localhost:56329
accept: */*

Response DefaultHttpResponse(decodeResult: success, version: HTTP/1.1)
HTTP/1.1 200 OK
Content-Security-Policy: frame-ancestors 'none'
Content-Length: 422
Content-Type: application/json; charset=UTF-8

20:07:55.110 [AsyncHttpClient-1-2] DEBUG org.asynchttpclient.netty.channel.ChannelManager - Adding key: http://localhost:56329 for channel [id: 0xcc8ae01f, L:/127.0.0.1:56335 - R:localhost/127.0.0.1:56329]
20:07:55.126 [AsyncHttpClient-1-3] DEBUG org.asynchttpclient.netty.channel.NettyConnectListener - Using new Channel '[id: 0x1af1c181, L:/127.0.0.1:56336 - R:localhost/127.0.0.1:56329]' for 'GET' to '/devtools/browser/83f5596b-875b-4a24-8707-dfe18d8c46d0'
20:07:55.131 [AsyncHttpClient-1-3] DEBUG org.asynchttpclient.netty.handler.WebSocketHandler - 

Request DefaultFullHttpRequest(decodeResult: success, version: HTTP/1.1, content: EmptyByteBufBE)
GET /devtools/browser/83f5596b-875b-4a24-8707-dfe18d8c46d0 HTTP/1.1
upgrade: websocket
connection: upgrade
sec-websocket-key: CPD0XDWHOug0tzQWkziCig==
sec-websocket-version: 13
origin: http://localhost:56329
host: localhost:56329
accept: */*
user-agent: AHC/2.1

Response DefaultHttpResponse(decodeResult: success, version: HTTP/1.1)
HTTP/1.1 101 WebSocket Protocol Handshake
Upgrade: WebSocket
Connection: Upgrade
Sec-WebSocket-Accept: GdSBWG4azFKJvBf8BkA6Z3p28Bc=

20:07:55.162 [Forwarding get on session a7b1e1adab6f388d8d315d9421b09941 to remote] DEBUG org.asynchttpclient.netty.request.NettyRequestSender - Using pooled Channel '[id: 0x0aec9abe, L:/127.0.0.1:56328 - R:localhost/127.0.0.1:1522]' for 'POST' to 'http://localhost:1522/session/a7b1e1adab6f388d8d315d9421b09941/url'
20:07:55.163 [Forwarding get on session a7b1e1adab6f388d8d315d9421b09941 to remote] DEBUG org.asynchttpclient.netty.request.NettyRequestSender - Using open Channel [id: 0x0aec9abe, L:/127.0.0.1:56328 - R:localhost/127.0.0.1:1522] for POST '/session/a7b1e1adab6f388d8d315d9421b09941/url'
20:07:55.661 [AsyncHttpClient-1-1] DEBUG org.asynchttpclient.netty.channel.DefaultChannelPool - Entry count for : http://localhost:56329 : 1
20:07:56.757 [AsyncHttpClient-1-1] DEBUG org.asynchttpclient.netty.channel.DefaultChannelPool - Entry count for : http://localhost:56329 : 1
20:07:57.862 [AsyncHttpClient-1-1] DEBUG org.asynchttpclient.netty.channel.DefaultChannelPool - Entry count for : http://localhost:56329 : 1
20:07:58.962 [AsyncHttpClient-1-1] DEBUG org.asynchttpclient.netty.channel.DefaultChannelPool - Entry count for : http://localhost:56329 : 1
20:08:00.063 [AsyncHttpClient-1-1] DEBUG org.asynchttpclient.netty.channel.DefaultChannelPool - Entry count for : http://localhost:56329 : 1
20:08:01.165 [AsyncHttpClient-1-1] DEBUG org.asynchttpclient.netty.channel.DefaultChannelPool - Entry count for : http://localhost:56329 : 1
20:08:02.263 [AsyncHttpClient-1-1] DEBUG org.asynchttpclient.netty.channel.DefaultChannelPool - Entry count for : http://localhost:56329 : 1
20:08:03.363 [AsyncHttpClient-1-1] DEBUG org.asynchttpclient.netty.channel.DefaultChannelPool - Entry count for : http://localhost:56329 : 1
20:08:04.463 [AsyncHttpClient-1-1] DEBUG org.asynchttpclient.netty.channel.DefaultChannelPool - Entry count for : http://localhost:56329 : 1
20:08:05.563 [AsyncHttpClient-1-1] DEBUG org.asynchttpclient.netty.channel.DefaultChannelPool - Entry count for : http://localhost:56329 : 1
20:08:06.665 [AsyncHttpClient-1-1] DEBUG org.asynchttpclient.netty.channel.DefaultChannelPool - Entry count for : http://localhost:56329 : 1
20:08:07.768 [AsyncHttpClient-1-1] DEBUG org.asynchttpclient.netty.channel.DefaultChannelPool - Entry count for : http://localhost:56329 : 1
20:08:07.962 [AsyncHttpClient-1-17] DEBUG org.asynchttpclient.netty.handler.HttpHandler - 

Request DefaultHttpRequest(decodeResult: success, version: HTTP/1.1)
POST /session/a7b1e1adab6f388d8d315d9421b09941/url HTTP/1.1
User-Agent: selenium/4.8.1 (java mac)
Content-Length: 53
Content-Type: application/json; charset=utf-8
host: localhost:1522
accept: */*

Response DefaultHttpResponse(decodeResult: success, version: HTTP/1.1)
HTTP/1.1 200 OK
Content-Length: 14
Content-Type: application/json; charset=utf-8
cache-control: no-cache

20:08:07.966 [AsyncHttpClient-1-17] DEBUG org.asynchttpclient.netty.channel.ChannelManager - Adding key: http://localhost:1522 for channel [id: 0x0aec9abe, L:/127.0.0.1:56328 - R:localhost/127.0.0.1:1522]
20:08:07.997 [Forwarding setTimeout on session a7b1e1adab6f388d8d315d9421b09941 to remote] DEBUG org.asynchttpclient.netty.request.NettyRequestSender - Using pooled Channel '[id: 0x0aec9abe, L:/127.0.0.1:56328 - R:localhost/127.0.0.1:1522]' for 'POST' to 'http://localhost:1522/session/a7b1e1adab6f388d8d315d9421b09941/timeouts'
20:08:07.997 [Forwarding setTimeout on session a7b1e1adab6f388d8d315d9421b09941 to remote] DEBUG org.asynchttpclient.netty.request.NettyRequestSender - Using open Channel [id: 0x0aec9abe, L:/127.0.0.1:56328 - R:localhost/127.0.0.1:1522] for POST '/session/a7b1e1adab6f388d8d315d9421b09941/timeouts'
20:08:08.006 [AsyncHttpClient-1-17] DEBUG org.asynchttpclient.netty.handler.HttpHandler - 

Request DefaultHttpRequest(decodeResult: success, version: HTTP/1.1)
POST /session/a7b1e1adab6f388d8d315d9421b09941/timeouts HTTP/1.1
User-Agent: selenium/4.8.1 (java mac)
Content-Length: 22
Content-Type: application/json; charset=utf-8
host: localhost:1522
accept: */*

Response DefaultHttpResponse(decodeResult: success, version: HTTP/1.1)
HTTP/1.1 200 OK
Content-Length: 14
Content-Type: application/json; charset=utf-8
cache-control: no-cache

20:08:08.006 [AsyncHttpClient-1-17] DEBUG org.asynchttpclient.netty.channel.ChannelManager - Adding key: http://localhost:1522 for channel [id: 0x0aec9abe, L:/127.0.0.1:56328 - R:localhost/127.0.0.1:1522]
20:08:08.039 [main] DEBUG net.serenitybdd.core.photography.Darkroom - Opening darkroom
20:08:08.040 [Darkroom Processing Line] DEBUG net.serenitybdd.core.photography.DarkroomProcessingLine - Darkroom processing line starting up
20:08:08.042 [Forwarding getAlertText on session a7b1e1adab6f388d8d315d9421b09941 to remote] DEBUG org.asynchttpclient.netty.request.NettyRequestSender - Using pooled Channel '[id: 0x0aec9abe, L:/127.0.0.1:56328 - R:localhost/127.0.0.1:1522]' for 'GET' to 'http://localhost:1522/session/a7b1e1adab6f388d8d315d9421b09941/alert/text'
20:08:08.042 [Forwarding getAlertText on session a7b1e1adab6f388d8d315d9421b09941 to remote] DEBUG org.asynchttpclient.netty.request.NettyRequestSender - Using open Channel [id: 0x0aec9abe, L:/127.0.0.1:56328 - R:localhost/127.0.0.1:1522] for GET '/session/a7b1e1adab6f388d8d315d9421b09941/alert/text'
20:08:08.045 [AsyncHttpClient-1-17] DEBUG org.asynchttpclient.netty.handler.HttpHandler - 

Request DefaultFullHttpRequest(decodeResult: success, version: HTTP/1.1, content: EmptyByteBufBE)
GET /session/a7b1e1adab6f388d8d315d9421b09941/alert/text HTTP/1.1
User-Agent: selenium/4.8.1 (java mac)
Cache-Control: no-cache
Content-Type: application/json; charset=utf-8
host: localhost:1522
accept: */*

Response DefaultHttpResponse(decodeResult: success, version: HTTP/1.1)
HTTP/1.1 404 Not Found
Content-Length: 1763
Content-Type: application/json; charset=utf-8
cache-control: no-cache

20:08:08.045 [AsyncHttpClient-1-17] DEBUG org.asynchttpclient.netty.channel.ChannelManager - Adding key: http://localhost:1522 for channel [id: 0x0aec9abe, L:/127.0.0.1:56328 - R:localhost/127.0.0.1:1522]
20:08:08.049 [Forwarding getCurrentUrl on session a7b1e1adab6f388d8d315d9421b09941 to remote] DEBUG org.asynchttpclient.netty.request.NettyRequestSender - Using pooled Channel '[id: 0x0aec9abe, L:/127.0.0.1:56328 - R:localhost/127.0.0.1:1522]' for 'GET' to 'http://localhost:1522/session/a7b1e1adab6f388d8d315d9421b09941/url'
20:08:08.049 [Forwarding getCurrentUrl on session a7b1e1adab6f388d8d315d9421b09941 to remote] DEBUG org.asynchttpclient.netty.request.NettyRequestSender - Using open Channel [id: 0x0aec9abe, L:/127.0.0.1:56328 - R:localhost/127.0.0.1:1522] for GET '/session/a7b1e1adab6f388d8d315d9421b09941/url'
20:08:08.089 [AsyncHttpClient-1-17] DEBUG org.asynchttpclient.netty.handler.HttpHandler - 

Request DefaultFullHttpRequest(decodeResult: success, version: HTTP/1.1, content: EmptyByteBufBE)
GET /session/a7b1e1adab6f388d8d315d9421b09941/url HTTP/1.1
User-Agent: selenium/4.8.1 (java mac)
Cache-Control: no-cache
Content-Type: application/json; charset=utf-8
host: localhost:1522
accept: */*

Response DefaultHttpResponse(decodeResult: success, version: HTTP/1.1)
HTTP/1.1 200 OK
Content-Length: 41
Content-Type: application/json; charset=utf-8
cache-control: no-cache

20:08:08.090 [AsyncHttpClient-1-17] DEBUG org.asynchttpclient.netty.channel.ChannelManager - Adding key: http://localhost:1522 for channel [id: 0x0aec9abe, L:/127.0.0.1:56328 - R:localhost/127.0.0.1:1522]
20:08:08.090 [Forwarding screenshot on session a7b1e1adab6f388d8d315d9421b09941 to remote] DEBUG org.asynchttpclient.netty.request.NettyRequestSender - Using pooled Channel '[id: 0x0aec9abe, L:/127.0.0.1:56328 - R:localhost/127.0.0.1:1522]' for 'GET' to 'http://localhost:1522/session/a7b1e1adab6f388d8d315d9421b09941/screenshot'
20:08:08.090 [Forwarding screenshot on session a7b1e1adab6f388d8d315d9421b09941 to remote] DEBUG org.asynchttpclient.netty.request.NettyRequestSender - Using open Channel [id: 0x0aec9abe, L:/127.0.0.1:56328 - R:localhost/127.0.0.1:1522] for GET '/session/a7b1e1adab6f388d8d315d9421b09941/screenshot'
20:08:08.291 [AsyncHttpClient-1-17] DEBUG org.asynchttpclient.netty.handler.HttpHandler - 

Request DefaultFullHttpRequest(decodeResult: success, version: HTTP/1.1, content: EmptyByteBufBE)
GET /session/a7b1e1adab6f388d8d315d9421b09941/screenshot HTTP/1.1
User-Agent: selenium/4.8.1 (java mac)
Cache-Control: no-cache
Content-Type: application/json; charset=utf-8
host: localhost:1522
accept: */*

Response DefaultHttpResponse(decodeResult: success, version: HTTP/1.1)
HTTP/1.1 200 OK
Content-Length: 176288
Content-Type: application/json; charset=utf-8
cache-control: no-cache

20:08:08.293 [AsyncHttpClient-1-17] DEBUG org.asynchttpclient.netty.channel.ChannelManager - Adding key: http://localhost:1522 for channel [id: 0x0aec9abe, L:/127.0.0.1:56328 - R:localhost/127.0.0.1:1522]
20:08:08.308 [main] DEBUG net.serenitybdd.core.photography.Darkroom - Send negative for processing for target/site/serenity/62e880ea594c5605ab57320c1af36392b86605e3995980385501369639630060.png
20:08:08.313 [Forwarding getPageSource on session a7b1e1adab6f388d8d315d9421b09941 to remote] DEBUG org.asynchttpclient.netty.request.NettyRequestSender - Using pooled Channel '[id: 0x0aec9abe, L:/127.0.0.1:56328 - R:localhost/127.0.0.1:1522]' for 'POST' to 'http://localhost:1522/session/a7b1e1adab6f388d8d315d9421b09941/execute/sync'
20:08:08.313 [Forwarding getPageSource on session a7b1e1adab6f388d8d315d9421b09941 to remote] DEBUG org.asynchttpclient.netty.request.NettyRequestSender - Using open Channel [id: 0x0aec9abe, L:/127.0.0.1:56328 - R:localhost/127.0.0.1:1522] for POST '/session/a7b1e1adab6f388d8d315d9421b09941/execute/sync'
20:08:08.383 [AsyncHttpClient-1-17] DEBUG org.asynchttpclient.netty.handler.HttpHandler - 

Request DefaultHttpRequest(decodeResult: success, version: HTTP/1.1)
POST /session/a7b1e1adab6f388d8d315d9421b09941/execute/sync HTTP/1.1
User-Agent: selenium/4.8.1 (java mac)
Content-Length: 176
Content-Type: application/json; charset=utf-8
host: localhost:1522
accept: */*

Response DefaultHttpResponse(decodeResult: success, version: HTTP/1.1)
HTTP/1.1 200 OK
Content-Length: 919435
Content-Type: application/json; charset=utf-8
cache-control: no-cache

20:08:08.385 [AsyncHttpClient-1-17] DEBUG org.asynchttpclient.netty.channel.ChannelManager - Adding key: http://localhost:1522 for channel [id: 0x0aec9abe, L:/127.0.0.1:56328 - R:localhost/127.0.0.1:1522]
20:08:08.537 [Forwarding getCurrentUrl on session a7b1e1adab6f388d8d315d9421b09941 to remote] DEBUG org.asynchttpclient.netty.request.NettyRequestSender - Using pooled Channel '[id: 0x0aec9abe, L:/127.0.0.1:56328 - R:localhost/127.0.0.1:1522]' for 'GET' to 'http://localhost:1522/session/a7b1e1adab6f388d8d315d9421b09941/url'
20:08:08.537 [Forwarding getCurrentUrl on session a7b1e1adab6f388d8d315d9421b09941 to remote] DEBUG org.asynchttpclient.netty.request.NettyRequestSender - Using open Channel [id: 0x0aec9abe, L:/127.0.0.1:56328 - R:localhost/127.0.0.1:1522] for GET '/session/a7b1e1adab6f388d8d315d9421b09941/url'
20:08:08.542 [AsyncHttpClient-1-17] DEBUG org.asynchttpclient.netty.handler.HttpHandler - 

Request DefaultFullHttpRequest(decodeResult: success, version: HTTP/1.1, content: EmptyByteBufBE)
GET /session/a7b1e1adab6f388d8d315d9421b09941/url HTTP/1.1
User-Agent: selenium/4.8.1 (java mac)
Cache-Control: no-cache
Content-Type: application/json; charset=utf-8
host: localhost:1522
accept: */*

Response DefaultHttpResponse(decodeResult: success, version: HTTP/1.1)
HTTP/1.1 200 OK
Content-Length: 41
Content-Type: application/json; charset=utf-8
cache-control: no-cache

20:08:08.545 [AsyncHttpClient-1-17] DEBUG org.asynchttpclient.netty.channel.ChannelManager - Adding key: http://localhost:1522 for channel [id: 0x0aec9abe, L:/127.0.0.1:56328 - R:localhost/127.0.0.1:1522]
20:08:08.551 [main] DEBUG net.thucydides.core.steps.StepInterceptor - STARTING STEP: CheckoutAndBuySteps.openTheHomePage - openTheHomePage
20:08:08.556 [Forwarding findElement on session a7b1e1adab6f388d8d315d9421b09941 to remote] DEBUG org.asynchttpclient.netty.request.NettyRequestSender - Using pooled Channel '[id: 0x0aec9abe, L:/127.0.0.1:56328 - R:localhost/127.0.0.1:1522]' for 'POST' to 'http://localhost:1522/session/a7b1e1adab6f388d8d315d9421b09941/element'
20:08:08.556 [Forwarding findElement on session a7b1e1adab6f388d8d315d9421b09941 to remote] DEBUG org.asynchttpclient.netty.request.NettyRequestSender - Using open Channel [id: 0x0aec9abe, L:/127.0.0.1:56328 - R:localhost/127.0.0.1:1522] for POST '/session/a7b1e1adab6f388d8d315d9421b09941/element'
20:08:08.647 [AsyncHttpClient-1-17] DEBUG org.asynchttpclient.netty.handler.HttpHandler - 

Request DefaultHttpRequest(decodeResult: success, version: HTTP/1.1)
POST /session/a7b1e1adab6f388d8d315d9421b09941/element HTTP/1.1
User-Agent: selenium/4.8.1 (java mac)
Content-Length: 54
Content-Type: application/json; charset=utf-8
host: localhost:1522
accept: */*

Response DefaultHttpResponse(decodeResult: success, version: HTTP/1.1)
HTTP/1.1 200 OK
Content-Length: 88
Content-Type: application/json; charset=utf-8
cache-control: no-cache

20:08:08.648 [AsyncHttpClient-1-17] DEBUG org.asynchttpclient.netty.channel.ChannelManager - Adding key: http://localhost:1522 for channel [id: 0x0aec9abe, L:/127.0.0.1:56328 - R:localhost/127.0.0.1:1522]
20:08:08.655 [Forwarding isElementDisplayed on session a7b1e1adab6f388d8d315d9421b09941 to remote] DEBUG org.asynchttpclient.netty.request.NettyRequestSender - Using pooled Channel '[id: 0x0aec9abe, L:/127.0.0.1:56328 - R:localhost/127.0.0.1:1522]' for 'POST' to 'http://localhost:1522/session/a7b1e1adab6f388d8d315d9421b09941/execute/sync'
20:08:08.655 [Forwarding isElementDisplayed on session a7b1e1adab6f388d8d315d9421b09941 to remote] DEBUG org.asynchttpclient.netty.request.NettyRequestSender - Using open Channel [id: 0x0aec9abe, L:/127.0.0.1:56328 - R:localhost/127.0.0.1:1522] for POST '/session/a7b1e1adab6f388d8d315d9421b09941/execute/sync'
20:08:08.696 [AsyncHttpClient-1-17] DEBUG org.asynchttpclient.netty.handler.HttpHandler - 

Request DefaultHttpRequest(decodeResult: success, version: HTTP/1.1)
POST /session/a7b1e1adab6f388d8d315d9421b09941/execute/sync HTTP/1.1
User-Agent: selenium/4.8.1 (java mac)
Content-Length: 48807
Content-Type: application/json; charset=utf-8
host: localhost:1522
accept: */*

Response DefaultHttpResponse(decodeResult: success, version: HTTP/1.1)
HTTP/1.1 200 OK
Content-Length: 14
Content-Type: application/json; charset=utf-8
cache-control: no-cache

20:08:08.696 [AsyncHttpClient-1-17] DEBUG org.asynchttpclient.netty.channel.ChannelManager - Adding key: http://localhost:1522 for channel [id: 0x0aec9abe, L:/127.0.0.1:56328 - R:localhost/127.0.0.1:1522]
20:08:08.701 [Forwarding getAlertText on session a7b1e1adab6f388d8d315d9421b09941 to remote] DEBUG org.asynchttpclient.netty.request.NettyRequestSender - Using pooled Channel '[id: 0x0aec9abe, L:/127.0.0.1:56328 - R:localhost/127.0.0.1:1522]' for 'GET' to 'http://localhost:1522/session/a7b1e1adab6f388d8d315d9421b09941/alert/text'
20:08:08.701 [Forwarding getAlertText on session a7b1e1adab6f388d8d315d9421b09941 to remote] DEBUG org.asynchttpclient.netty.request.NettyRequestSender - Using open Channel [id: 0x0aec9abe, L:/127.0.0.1:56328 - R:localhost/127.0.0.1:1522] for GET '/session/a7b1e1adab6f388d8d315d9421b09941/alert/text'
20:08:08.702 [AsyncHttpClient-1-17] DEBUG org.asynchttpclient.netty.handler.HttpHandler - 

Request DefaultFullHttpRequest(decodeResult: success, version: HTTP/1.1, content: EmptyByteBufBE)
GET /session/a7b1e1adab6f388d8d315d9421b09941/alert/text HTTP/1.1
User-Agent: selenium/4.8.1 (java mac)
Cache-Control: no-cache
Content-Type: application/json; charset=utf-8
host: localhost:1522
accept: */*

Response DefaultHttpResponse(decodeResult: success, version: HTTP/1.1)
HTTP/1.1 404 Not Found
Content-Length: 1763
Content-Type: application/json; charset=utf-8
cache-control: no-cache

20:08:08.702 [AsyncHttpClient-1-17] DEBUG org.asynchttpclient.netty.channel.ChannelManager - Adding key: http://localhost:1522 for channel [id: 0x0aec9abe, L:/127.0.0.1:56328 - R:localhost/127.0.0.1:1522]
20:08:08.704 [Forwarding getCurrentUrl on session a7b1e1adab6f388d8d315d9421b09941 to remote] DEBUG org.asynchttpclient.netty.request.NettyRequestSender - Using pooled Channel '[id: 0x0aec9abe, L:/127.0.0.1:56328 - R:localhost/127.0.0.1:1522]' for 'GET' to 'http://localhost:1522/session/a7b1e1adab6f388d8d315d9421b09941/url'
20:08:08.704 [Forwarding getCurrentUrl on session a7b1e1adab6f388d8d315d9421b09941 to remote] DEBUG org.asynchttpclient.netty.request.NettyRequestSender - Using open Channel [id: 0x0aec9abe, L:/127.0.0.1:56328 - R:localhost/127.0.0.1:1522] for GET '/session/a7b1e1adab6f388d8d315d9421b09941/url'
20:08:08.705 [AsyncHttpClient-1-17] DEBUG org.asynchttpclient.netty.handler.HttpHandler - 

Request DefaultFullHttpRequest(decodeResult: success, version: HTTP/1.1, content: EmptyByteBufBE)
GET /session/a7b1e1adab6f388d8d315d9421b09941/url HTTP/1.1
User-Agent: selenium/4.8.1 (java mac)
Cache-Control: no-cache
Content-Type: application/json; charset=utf-8
host: localhost:1522
accept: */*

Response DefaultHttpResponse(decodeResult: success, version: HTTP/1.1)
HTTP/1.1 200 OK
Content-Length: 41
Content-Type: application/json; charset=utf-8
cache-control: no-cache

20:08:08.706 [AsyncHttpClient-1-17] DEBUG org.asynchttpclient.netty.channel.ChannelManager - Adding key: http://localhost:1522 for channel [id: 0x0aec9abe, L:/127.0.0.1:56328 - R:localhost/127.0.0.1:1522]
20:08:08.706 [Forwarding screenshot on session a7b1e1adab6f388d8d315d9421b09941 to remote] DEBUG org.asynchttpclient.netty.request.NettyRequestSender - Using pooled Channel '[id: 0x0aec9abe, L:/127.0.0.1:56328 - R:localhost/127.0.0.1:1522]' for 'GET' to 'http://localhost:1522/session/a7b1e1adab6f388d8d315d9421b09941/screenshot'
20:08:08.706 [Forwarding screenshot on session a7b1e1adab6f388d8d315d9421b09941 to remote] DEBUG org.asynchttpclient.netty.request.NettyRequestSender - Using open Channel [id: 0x0aec9abe, L:/127.0.0.1:56328 - R:localhost/127.0.0.1:1522] for GET '/session/a7b1e1adab6f388d8d315d9421b09941/screenshot'
20:08:08.867 [AsyncHttpClient-1-1] DEBUG org.asynchttpclient.netty.channel.DefaultChannelPool - Entry count for : http://localhost:56329 : 1
20:08:08.879 [AsyncHttpClient-1-17] DEBUG org.asynchttpclient.netty.handler.HttpHandler - 

Request DefaultFullHttpRequest(decodeResult: success, version: HTTP/1.1, content: EmptyByteBufBE)
GET /session/a7b1e1adab6f388d8d315d9421b09941/screenshot HTTP/1.1
User-Agent: selenium/4.8.1 (java mac)
Cache-Control: no-cache
Content-Type: application/json; charset=utf-8
host: localhost:1522
accept: */*

Response DefaultHttpResponse(decodeResult: success, version: HTTP/1.1)
HTTP/1.1 200 OK
Content-Length: 176288
Content-Type: application/json; charset=utf-8
cache-control: no-cache

20:08:08.880 [AsyncHttpClient-1-17] DEBUG org.asynchttpclient.netty.channel.ChannelManager - Adding key: http://localhost:1522 for channel [id: 0x0aec9abe, L:/127.0.0.1:56328 - R:localhost/127.0.0.1:1522]
20:08:08.888 [main] DEBUG net.serenitybdd.core.photography.Darkroom - Send negative for processing for target/site/serenity/62e880ea594c5605ab57320c1af36392b86605e3995980385501369639630060.png
20:08:08.890 [main] DEBUG net.thucydides.core.steps.StepInterceptor - STEP DONE: openTheHomePage
  &amp#27;[32mGiven &amp#27;[0m&amp#27;[32mI am open the home page to view all products6&amp#27;[0m      &amp#27;[90m# starter.stepdefinitions.CheckoutAndBuySteps.openTheHomePage()&amp#27;[0m
20:08:08.911 [Forwarding getPageSource on session a7b1e1adab6f388d8d315d9421b09941 to remote] DEBUG org.asynchttpclient.netty.request.NettyRequestSender - Using pooled Channel '[id: 0x0aec9abe, L:/127.0.0.1:56328 - R:localhost/127.0.0.1:1522]' for 'POST' to 'http://localhost:1522/session/a7b1e1adab6f388d8d315d9421b09941/execute/sync'
20:08:08.912 [Forwarding getPageSource on session a7b1e1adab6f388d8d315d9421b09941 to remote] DEBUG org.asynchttpclient.netty.request.NettyRequestSender - Using open Channel [id: 0x0aec9abe, L:/127.0.0.1:56328 - R:localhost/127.0.0.1:1522] for POST '/session/a7b1e1adab6f388d8d315d9421b09941/execute/sync'
20:08:08.944 [AsyncHttpClient-1-17] DEBUG org.asynchttpclient.netty.handler.HttpHandler - 

Request DefaultHttpRequest(decodeResult: success, version: HTTP/1.1)
POST /session/a7b1e1adab6f388d8d315d9421b09941/execute/sync HTTP/1.1
User-Agent: selenium/4.8.1 (java mac)
Content-Length: 176
Content-Type: application/json; charset=utf-8
host: localhost:1522
accept: */*

Response DefaultHttpResponse(decodeResult: success, version: HTTP/1.1)
HTTP/1.1 200 OK
Content-Length: 919435
Content-Type: application/json; charset=utf-8
cache-control: no-cache

20:08:08.946 [AsyncHttpClient-1-17] DEBUG org.asynchttpclient.netty.channel.ChannelManager - Adding key: http://localhost:1522 for channel [id: 0x0aec9abe, L:/127.0.0.1:56328 - R:localhost/127.0.0.1:1522]
20:08:09.063 [Forwarding getCurrentUrl on session a7b1e1adab6f388d8d315d9421b09941 to remote] DEBUG org.asynchttpclient.netty.request.NettyRequestSender - Using pooled Channel '[id: 0x0aec9abe, L:/127.0.0.1:56328 - R:localhost/127.0.0.1:1522]' for 'GET' to 'http://localhost:1522/session/a7b1e1adab6f388d8d315d9421b09941/url'
20:08:09.066 [Forwarding getCurrentUrl on session a7b1e1adab6f388d8d315d9421b09941 to remote] DEBUG org.asynchttpclient.netty.request.NettyRequestSender - Using open Channel [id: 0x0aec9abe, L:/127.0.0.1:56328 - R:localhost/127.0.0.1:1522] for GET '/session/a7b1e1adab6f388d8d315d9421b09941/url'
20:08:09.070 [AsyncHttpClient-1-17] DEBUG org.asynchttpclient.netty.handler.HttpHandler - 

Request DefaultFullHttpRequest(decodeResult: success, version: HTTP/1.1, content: EmptyByteBufBE)
GET /session/a7b1e1adab6f388d8d315d9421b09941/url HTTP/1.1
User-Agent: selenium/4.8.1 (java mac)
Cache-Control: no-cache
Content-Type: application/json; charset=utf-8
host: localhost:1522
accept: */*

Response DefaultHttpResponse(decodeResult: success, version: HTTP/1.1)
HTTP/1.1 200 OK
Content-Length: 41
Content-Type: application/json; charset=utf-8
cache-control: no-cache

20:08:09.070 [AsyncHttpClient-1-17] DEBUG org.asynchttpclient.netty.channel.ChannelManager - Adding key: http://localhost:1522 for channel [id: 0x0aec9abe, L:/127.0.0.1:56328 - R:localhost/127.0.0.1:1522]
20:08:09.119 [Forwarding getAlertText on session a7b1e1adab6f388d8d315d9421b09941 to remote] DEBUG org.asynchttpclient.netty.request.NettyRequestSender - Using pooled Channel '[id: 0x0aec9abe, L:/127.0.0.1:56328 - R:localhost/127.0.0.1:1522]' for 'GET' to 'http://localhost:1522/session/a7b1e1adab6f388d8d315d9421b09941/alert/text'
20:08:09.123 [Forwarding getAlertText on session a7b1e1adab6f388d8d315d9421b09941 to remote] DEBUG org.asynchttpclient.netty.request.NettyRequestSender - Using open Channel [id: 0x0aec9abe, L:/127.0.0.1:56328 - R:localhost/127.0.0.1:1522] for GET '/session/a7b1e1adab6f388d8d315d9421b09941/alert/text'
20:08:09.132 [AsyncHttpClient-1-17] DEBUG org.asynchttpclient.netty.handler.HttpHandler - 

Request DefaultFullHttpRequest(decodeResult: success, version: HTTP/1.1, content: EmptyByteBufBE)
GET /session/a7b1e1adab6f388d8d315d9421b09941/alert/text HTTP/1.1
User-Agent: selenium/4.8.1 (java mac)
Cache-Control: no-cache
Content-Type: application/json; charset=utf-8
host: localhost:1522
accept: */*

Response DefaultHttpResponse(decodeResult: success, version: HTTP/1.1)
HTTP/1.1 404 Not Found
Content-Length: 1763
Content-Type: application/json; charset=utf-8
cache-control: no-cache

20:08:09.133 [AsyncHttpClient-1-17] DEBUG org.asynchttpclient.netty.channel.ChannelManager - Adding key: http://localhost:1522 for channel [id: 0x0aec9abe, L:/127.0.0.1:56328 - R:localhost/127.0.0.1:1522]
20:08:09.141 [Forwarding getCurrentUrl on session a7b1e1adab6f388d8d315d9421b09941 to remote] DEBUG org.asynchttpclient.netty.request.NettyRequestSender - Using pooled Channel '[id: 0x0aec9abe, L:/127.0.0.1:56328 - R:localhost/127.0.0.1:1522]' for 'GET' to 'http://localhost:1522/session/a7b1e1adab6f388d8d315d9421b09941/url'
20:08:09.141 [Forwarding getCurrentUrl on session a7b1e1adab6f388d8d315d9421b09941 to remote] DEBUG org.asynchttpclient.netty.request.NettyRequestSender - Using open Channel [id: 0x0aec9abe, L:/127.0.0.1:56328 - R:localhost/127.0.0.1:1522] for GET '/session/a7b1e1adab6f388d8d315d9421b09941/url'
20:08:09.146 [AsyncHttpClient-1-17] DEBUG org.asynchttpclient.netty.handler.HttpHandler - 

Request DefaultFullHttpRequest(decodeResult: success, version: HTTP/1.1, content: EmptyByteBufBE)
GET /session/a7b1e1adab6f388d8d315d9421b09941/url HTTP/1.1
User-Agent: selenium/4.8.1 (java mac)
Cache-Control: no-cache
Content-Type: application/json; charset=utf-8
host: localhost:1522
accept: */*

Response DefaultHttpResponse(decodeResult: success, version: HTTP/1.1)
HTTP/1.1 200 OK
Content-Length: 41
Content-Type: application/json; charset=utf-8
cache-control: no-cache

20:08:09.147 [AsyncHttpClient-1-17] DEBUG org.asynchttpclient.netty.channel.ChannelManager - Adding key: http://localhost:1522 for channel [id: 0x0aec9abe, L:/127.0.0.1:56328 - R:localhost/127.0.0.1:1522]
20:08:09.156 [Forwarding screenshot on session a7b1e1adab6f388d8d315d9421b09941 to remote] DEBUG org.asynchttpclient.netty.request.NettyRequestSender - Using pooled Channel '[id: 0x0aec9abe, L:/127.0.0.1:56328 - R:localhost/127.0.0.1:1522]' for 'GET' to 'http://localhost:1522/session/a7b1e1adab6f388d8d315d9421b09941/screenshot'
20:08:09.156 [Forwarding screenshot on session a7b1e1adab6f388d8d315d9421b09941 to remote] DEBUG org.asynchttpclient.netty.request.NettyRequestSender - Using open Channel [id: 0x0aec9abe, L:/127.0.0.1:56328 - R:localhost/127.0.0.1:1522] for GET '/session/a7b1e1adab6f388d8d315d9421b09941/screenshot'
20:08:09.329 [AsyncHttpClient-1-17] DEBUG org.asynchttpclient.netty.handler.HttpHandler - 

Request DefaultFullHttpRequest(decodeResult: success, version: HTTP/1.1, content: EmptyByteBufBE)
GET /session/a7b1e1adab6f388d8d315d9421b09941/screenshot HTTP/1.1
User-Agent: selenium/4.8.1 (java mac)
Cache-Control: no-cache
Content-Type: application/json; charset=utf-8
host: localhost:1522
accept: */*

Response DefaultHttpResponse(decodeResult: success, version: HTTP/1.1)
HTTP/1.1 200 OK
Content-Length: 176288
Content-Type: application/json; charset=utf-8
cache-control: no-cache

20:08:09.330 [AsyncHttpClient-1-17] DEBUG org.asynchttpclient.netty.channel.ChannelManager - Adding key: http://localhost:1522 for channel [id: 0x0aec9abe, L:/127.0.0.1:56328 - R:localhost/127.0.0.1:1522]
20:08:09.338 [main] DEBUG net.serenitybdd.core.photography.Darkroom - Send negative for processing for target/site/serenity/62e880ea594c5605ab57320c1af36392b86605e3995980385501369639630060.png
20:08:09.342 [Forwarding getPageSource on session a7b1e1adab6f388d8d315d9421b09941 to remote] DEBUG org.asynchttpclient.netty.request.NettyRequestSender - Using pooled Channel '[id: 0x0aec9abe, L:/127.0.0.1:56328 - R:localhost/127.0.0.1:1522]' for 'POST' to 'http://localhost:1522/session/a7b1e1adab6f388d8d315d9421b09941/execute/sync'
20:08:09.342 [Forwarding getPageSource on session a7b1e1adab6f388d8d315d9421b09941 to remote] DEBUG org.asynchttpclient.netty.request.NettyRequestSender - Using open Channel [id: 0x0aec9abe, L:/127.0.0.1:56328 - R:localhost/127.0.0.1:1522] for POST '/session/a7b1e1adab6f388d8d315d9421b09941/execute/sync'
20:08:09.373 [AsyncHttpClient-1-17] DEBUG org.asynchttpclient.netty.handler.HttpHandler - 

Request DefaultHttpRequest(decodeResult: success, version: HTTP/1.1)
POST /session/a7b1e1adab6f388d8d315d9421b09941/execute/sync HTTP/1.1
User-Agent: selenium/4.8.1 (java mac)
Content-Length: 176
Content-Type: application/json; charset=utf-8
host: localhost:1522
accept: */*

Response DefaultHttpResponse(decodeResult: success, version: HTTP/1.1)
HTTP/1.1 200 OK
Content-Length: 919435
Content-Type: application/json; charset=utf-8
cache-control: no-cache

20:08:09.375 [AsyncHttpClient-1-17] DEBUG org.asynchttpclient.netty.channel.ChannelManager - Adding key: http://localhost:1522 for channel [id: 0x0aec9abe, L:/127.0.0.1:56328 - R:localhost/127.0.0.1:1522]
20:08:09.517 [Forwarding getCurrentUrl on session a7b1e1adab6f388d8d315d9421b09941 to remote] DEBUG org.asynchttpclient.netty.request.NettyRequestSender - Using pooled Channel '[id: 0x0aec9abe, L:/127.0.0.1:56328 - R:localhost/127.0.0.1:1522]' for 'GET' to 'http://localhost:1522/session/a7b1e1adab6f388d8d315d9421b09941/url'
20:08:09.517 [Forwarding getCurrentUrl on session a7b1e1adab6f388d8d315d9421b09941 to remote] DEBUG org.asynchttpclient.netty.request.NettyRequestSender - Using open Channel [id: 0x0aec9abe, L:/127.0.0.1:56328 - R:localhost/127.0.0.1:1522] for GET '/session/a7b1e1adab6f388d8d315d9421b09941/url'
20:08:09.521 [AsyncHttpClient-1-17] DEBUG org.asynchttpclient.netty.handler.HttpHandler - 

Request DefaultFullHttpRequest(decodeResult: success, version: HTTP/1.1, content: EmptyByteBufBE)
GET /session/a7b1e1adab6f388d8d315d9421b09941/url HTTP/1.1
User-Agent: selenium/4.8.1 (java mac)
Cache-Control: no-cache
Content-Type: application/json; charset=utf-8
host: localhost:1522
accept: */*

Response DefaultHttpResponse(decodeResult: success, version: HTTP/1.1)
HTTP/1.1 200 OK
Content-Length: 41
Content-Type: application/json; charset=utf-8
cache-control: no-cache

20:08:09.521 [AsyncHttpClient-1-17] DEBUG org.asynchttpclient.netty.channel.ChannelManager - Adding key: http://localhost:1522 for channel [id: 0x0aec9abe, L:/127.0.0.1:56328 - R:localhost/127.0.0.1:1522]
20:08:09.527 [main] DEBUG net.thucydides.core.steps.StepInterceptor - STARTING STEP: CheckoutAndBuySteps.openTheLoginPage - openTheLoginPage
20:08:09.533 [Forwarding findElement on session a7b1e1adab6f388d8d315d9421b09941 to remote] DEBUG org.asynchttpclient.netty.request.NettyRequestSender - Using pooled Channel '[id: 0x0aec9abe, L:/127.0.0.1:56328 - R:localhost/127.0.0.1:1522]' for 'POST' to 'http://localhost:1522/session/a7b1e1adab6f388d8d315d9421b09941/element'
20:08:09.534 [Forwarding findElement on session a7b1e1adab6f388d8d315d9421b09941 to remote] DEBUG org.asynchttpclient.netty.request.NettyRequestSender - Using open Channel [id: 0x0aec9abe, L:/127.0.0.1:56328 - R:localhost/127.0.0.1:1522] for POST '/session/a7b1e1adab6f388d8d315d9421b09941/element'
20:08:09.674 [AsyncHttpClient-1-17] DEBUG org.asynchttpclient.netty.handler.HttpHandler - 

Request DefaultHttpRequest(decodeResult: success, version: HTTP/1.1)
POST /session/a7b1e1adab6f388d8d315d9421b09941/element HTTP/1.1
User-Agent: selenium/4.8.1 (java mac)
Content-Length: 106
Content-Type: application/json; charset=utf-8
host: localhost:1522
accept: */*

Response DefaultHttpResponse(decodeResult: success, version: HTTP/1.1)
HTTP/1.1 200 OK
Content-Length: 88
Content-Type: application/json; charset=utf-8
cache-control: no-cache

20:08:09.675 [AsyncHttpClient-1-17] DEBUG org.asynchttpclient.netty.channel.ChannelManager - Adding key: http://localhost:1522 for channel [id: 0x0aec9abe, L:/127.0.0.1:56328 - R:localhost/127.0.0.1:1522]
20:08:09.677 [Forwarding getElementTagName on session a7b1e1adab6f388d8d315d9421b09941 to remote] DEBUG org.asynchttpclient.netty.request.NettyRequestSender - Using pooled Channel '[id: 0x0aec9abe, L:/127.0.0.1:56328 - R:localhost/127.0.0.1:1522]' for 'GET' to 'http://localhost:1522/session/a7b1e1adab6f388d8d315d9421b09941/element/d9681883-7039-4788-b1c8-1abaeb383b92/name'
20:08:09.677 [Forwarding getElementTagName on session a7b1e1adab6f388d8d315d9421b09941 to remote] DEBUG org.asynchttpclient.netty.request.NettyRequestSender - Using open Channel [id: 0x0aec9abe, L:/127.0.0.1:56328 - R:localhost/127.0.0.1:1522] for GET '/session/a7b1e1adab6f388d8d315d9421b09941/element/d9681883-7039-4788-b1c8-1abaeb383b92/name'
20:08:09.681 [AsyncHttpClient-1-17] DEBUG org.asynchttpclient.netty.handler.HttpHandler - 

Request DefaultFullHttpRequest(decodeResult: success, version: HTTP/1.1, content: EmptyByteBufBE)
GET /session/a7b1e1adab6f388d8d315d9421b09941/element/d9681883-7039-4788-b1c8-1abaeb383b92/name HTTP/1.1
User-Agent: selenium/4.8.1 (java mac)
Cache-Control: no-cache
Content-Type: application/json; charset=utf-8
host: localhost:1522
accept: */*

Response DefaultHttpResponse(decodeResult: success, version: HTTP/1.1)
HTTP/1.1 200 OK
Content-Length: 13
Content-Type: application/json; charset=utf-8
cache-control: no-cache

20:08:09.682 [AsyncHttpClient-1-17] DEBUG org.asynchttpclient.netty.channel.ChannelManager - Adding key: http://localhost:1522 for channel [id: 0x0aec9abe, L:/127.0.0.1:56328 - R:localhost/127.0.0.1:1522]
20:08:09.685 [Forwarding getElementTagName on session a7b1e1adab6f388d8d315d9421b09941 to remote] DEBUG org.asynchttpclient.netty.request.NettyRequestSender - Using pooled Channel '[id: 0x0aec9abe, L:/127.0.0.1:56328 - R:localhost/127.0.0.1:1522]' for 'GET' to 'http://localhost:1522/session/a7b1e1adab6f388d8d315d9421b09941/element/d9681883-7039-4788-b1c8-1abaeb383b92/name'
20:08:09.685 [Forwarding getElementTagName on session a7b1e1adab6f388d8d315d9421b09941 to remote] DEBUG org.asynchttpclient.netty.request.NettyRequestSender - Using open Channel [id: 0x0aec9abe, L:/127.0.0.1:56328 - R:localhost/127.0.0.1:1522] for GET '/session/a7b1e1adab6f388d8d315d9421b09941/element/d9681883-7039-4788-b1c8-1abaeb383b92/name'
20:08:09.687 [AsyncHttpClient-1-17] DEBUG org.asynchttpclient.netty.handler.HttpHandler - 

Request DefaultFullHttpRequest(decodeResult: success, version: HTTP/1.1, content: EmptyByteBufBE)
GET /session/a7b1e1adab6f388d8d315d9421b09941/element/d9681883-7039-4788-b1c8-1abaeb383b92/name HTTP/1.1
User-Agent: selenium/4.8.1 (java mac)
Cache-Control: no-cache
Content-Type: application/json; charset=utf-8
host: localhost:1522
accept: */*

Response DefaultHttpResponse(decodeResult: success, version: HTTP/1.1)
HTTP/1.1 200 OK
Content-Length: 13
Content-Type: application/json; charset=utf-8
cache-control: no-cache

20:08:09.687 [AsyncHttpClient-1-17] DEBUG org.asynchttpclient.netty.channel.ChannelManager - Adding key: http://localhost:1522 for channel [id: 0x0aec9abe, L:/127.0.0.1:56328 - R:localhost/127.0.0.1:1522]
20:08:09.691 [Forwarding findElement on session a7b1e1adab6f388d8d315d9421b09941 to remote] DEBUG org.asynchttpclient.netty.request.NettyRequestSender - Using pooled Channel '[id: 0x0aec9abe, L:/127.0.0.1:56328 - R:localhost/127.0.0.1:1522]' for 'POST' to 'http://localhost:1522/session/a7b1e1adab6f388d8d315d9421b09941/element'
20:08:09.691 [Forwarding findElement on session a7b1e1adab6f388d8d315d9421b09941 to remote] DEBUG org.asynchttpclient.netty.request.NettyRequestSender - Using open Channel [id: 0x0aec9abe, L:/127.0.0.1:56328 - R:localhost/127.0.0.1:1522] for POST '/session/a7b1e1adab6f388d8d315d9421b09941/element'
20:08:09.698 [AsyncHttpClient-1-17] DEBUG org.asynchttpclient.netty.handler.HttpHandler - 

Request DefaultHttpRequest(decodeResult: success, version: HTTP/1.1)
POST /session/a7b1e1adab6f388d8d315d9421b09941/element HTTP/1.1
User-Agent: selenium/4.8.1 (java mac)
Content-Length: 106
Content-Type: application/json; charset=utf-8
host: localhost:1522
accept: */*

Response DefaultHttpResponse(decodeResult: success, version: HTTP/1.1)
HTTP/1.1 200 OK
Content-Length: 88
Content-Type: application/json; charset=utf-8
cache-control: no-cache

20:08:09.699 [AsyncHttpClient-1-17] DEBUG org.asynchttpclient.netty.channel.ChannelManager - Adding key: http://localhost:1522 for channel [id: 0x0aec9abe, L:/127.0.0.1:56328 - R:localhost/127.0.0.1:1522]
20:08:09.704 [Forwarding clickElement on session a7b1e1adab6f388d8d315d9421b09941 to remote] DEBUG org.asynchttpclient.netty.request.NettyRequestSender - Using pooled Channel '[id: 0x0aec9abe, L:/127.0.0.1:56328 - R:localhost/127.0.0.1:1522]' for 'POST' to 'http://localhost:1522/session/a7b1e1adab6f388d8d315d9421b09941/element/d9681883-7039-4788-b1c8-1abaeb383b92/click'
20:08:09.704 [Forwarding clickElement on session a7b1e1adab6f388d8d315d9421b09941 to remote] DEBUG org.asynchttpclient.netty.request.NettyRequestSender - Using open Channel [id: 0x0aec9abe, L:/127.0.0.1:56328 - R:localhost/127.0.0.1:1522] for POST '/session/a7b1e1adab6f388d8d315d9421b09941/element/d9681883-7039-4788-b1c8-1abaeb383b92/click'
20:08:09.969 [AsyncHttpClient-1-1] DEBUG org.asynchttpclient.netty.channel.DefaultChannelPool - Entry count for : http://localhost:56329 : 1
20:08:10.060 [AsyncHttpClient-1-17] DEBUG org.asynchttpclient.netty.handler.HttpHandler - 

Request DefaultHttpRequest(decodeResult: success, version: HTTP/1.1)
POST /session/a7b1e1adab6f388d8d315d9421b09941/element/d9681883-7039-4788-b1c8-1abaeb383b92/click HTTP/1.1
User-Agent: selenium/4.8.1 (java mac)
Content-Length: 50
Content-Type: application/json; charset=utf-8
host: localhost:1522
accept: */*

Response DefaultHttpResponse(decodeResult: success, version: HTTP/1.1)
HTTP/1.1 200 OK
Content-Length: 14
Content-Type: application/json; charset=utf-8
cache-control: no-cache

20:08:10.060 [AsyncHttpClient-1-17] DEBUG org.asynchttpclient.netty.channel.ChannelManager - Adding key: http://localhost:1522 for channel [id: 0x0aec9abe, L:/127.0.0.1:56328 - R:localhost/127.0.0.1:1522]
20:08:10.070 [Forwarding getAlertText on session a7b1e1adab6f388d8d315d9421b09941 to remote] DEBUG org.asynchttpclient.netty.request.NettyRequestSender - Using pooled Channel '[id: 0x0aec9abe, L:/127.0.0.1:56328 - R:localhost/127.0.0.1:1522]' for 'GET' to 'http://localhost:1522/session/a7b1e1adab6f388d8d315d9421b09941/alert/text'
20:08:10.070 [Forwarding getAlertText on session a7b1e1adab6f388d8d315d9421b09941 to remote] DEBUG org.asynchttpclient.netty.request.NettyRequestSender - Using open Channel [id: 0x0aec9abe, L:/127.0.0.1:56328 - R:localhost/127.0.0.1:1522] for GET '/session/a7b1e1adab6f388d8d315d9421b09941/alert/text'
20:08:10.100 [AsyncHttpClient-1-17] DEBUG org.asynchttpclient.netty.handler.HttpHandler - 

Request DefaultFullHttpRequest(decodeResult: success, version: HTTP/1.1, content: EmptyByteBufBE)
GET /session/a7b1e1adab6f388d8d315d9421b09941/alert/text HTTP/1.1
User-Agent: selenium/4.8.1 (java mac)
Cache-Control: no-cache
Content-Type: application/json; charset=utf-8
host: localhost:1522
accept: */*

Response DefaultHttpResponse(decodeResult: success, version: HTTP/1.1)
HTTP/1.1 404 Not Found
Content-Length: 1763
Content-Type: application/json; charset=utf-8
cache-control: no-cache

20:08:10.100 [AsyncHttpClient-1-17] DEBUG org.asynchttpclient.netty.channel.ChannelManager - Adding key: http://localhost:1522 for channel [id: 0x0aec9abe, L:/127.0.0.1:56328 - R:localhost/127.0.0.1:1522]
20:08:10.104 [Forwarding getCurrentUrl on session a7b1e1adab6f388d8d315d9421b09941 to remote] DEBUG org.asynchttpclient.netty.request.NettyRequestSender - Using pooled Channel '[id: 0x0aec9abe, L:/127.0.0.1:56328 - R:localhost/127.0.0.1:1522]' for 'GET' to 'http://localhost:1522/session/a7b1e1adab6f388d8d315d9421b09941/url'
20:08:10.104 [Forwarding getCurrentUrl on session a7b1e1adab6f388d8d315d9421b09941 to remote] DEBUG org.asynchttpclient.netty.request.NettyRequestSender - Using open Channel [id: 0x0aec9abe, L:/127.0.0.1:56328 - R:localhost/127.0.0.1:1522] for GET '/session/a7b1e1adab6f388d8d315d9421b09941/url'
20:08:10.567 [AsyncHttpClient-1-17] DEBUG org.asynchttpclient.netty.handler.HttpHandler - 

Request DefaultFullHttpRequest(decodeResult: success, version: HTTP/1.1, content: EmptyByteBufBE)
GET /session/a7b1e1adab6f388d8d315d9421b09941/url HTTP/1.1
User-Agent: selenium/4.8.1 (java mac)
Cache-Control: no-cache
Content-Type: application/json; charset=utf-8
host: localhost:1522
accept: */*

Response DefaultHttpResponse(decodeResult: success, version: HTTP/1.1)
HTTP/1.1 200 OK
Content-Length: 51
Content-Type: application/json; charset=utf-8
cache-control: no-cache

20:08:10.567 [AsyncHttpClient-1-17] DEBUG org.asynchttpclient.netty.channel.ChannelManager - Adding key: http://localhost:1522 for channel [id: 0x0aec9abe, L:/127.0.0.1:56328 - R:localhost/127.0.0.1:1522]
20:08:10.570 [Forwarding screenshot on session a7b1e1adab6f388d8d315d9421b09941 to remote] DEBUG org.asynchttpclient.netty.request.NettyRequestSender - Using pooled Channel '[id: 0x0aec9abe, L:/127.0.0.1:56328 - R:localhost/127.0.0.1:1522]' for 'GET' to 'http://localhost:1522/session/a7b1e1adab6f388d8d315d9421b09941/screenshot'
20:08:10.571 [Forwarding screenshot on session a7b1e1adab6f388d8d315d9421b09941 to remote] DEBUG org.asynchttpclient.netty.request.NettyRequestSender - Using open Channel [id: 0x0aec9abe, L:/127.0.0.1:56328 - R:localhost/127.0.0.1:1522] for GET '/session/a7b1e1adab6f388d8d315d9421b09941/screenshot'
20:08:10.782 [AsyncHttpClient-1-17] DEBUG org.asynchttpclient.netty.handler.HttpHandler - 

Request DefaultFullHttpRequest(decodeResult: success, version: HTTP/1.1, content: EmptyByteBufBE)
GET /session/a7b1e1adab6f388d8d315d9421b09941/screenshot HTTP/1.1
User-Agent: selenium/4.8.1 (java mac)
Cache-Control: no-cache
Content-Type: application/json; charset=utf-8
host: localhost:1522
accept: */*

Response DefaultHttpResponse(decodeResult: success, version: HTTP/1.1)
HTTP/1.1 200 OK
Content-Length: 62184
Content-Type: application/json; charset=utf-8
cache-control: no-cache

20:08:10.785 [AsyncHttpClient-1-17] DEBUG org.asynchttpclient.netty.channel.ChannelManager - Adding key: http://localhost:1522 for channel [id: 0x0aec9abe, L:/127.0.0.1:56328 - R:localhost/127.0.0.1:1522]
20:08:10.791 [main] DEBUG net.serenitybdd.core.photography.Darkroom - Send negative for processing for target/site/serenity/632f6b6c0c3dc153845127eaba5eee627468147f09a4f823da8c184443bab67f.png
20:08:10.792 [Darkroom Processing Line] DEBUG net.serenitybdd.core.photography.DarkroomProcessingLine - Processing screenshot image in /var/screenshots/screenshot-2626184046676123625
20:08:10.792 [Darkroom Processing Line] DEBUG net.serenitybdd.core.photography.DarkroomProcessingLine - Saving screenshot to target/site/serenity/632f6b6c0c3dc153845127eaba5eee627468147f09a4f823da8c184443bab67f.png
20:08:10.795 [main] DEBUG net.thucydides.core.steps.StepInterceptor - STEP DONE: openTheLoginPage
  &amp#27;[32mGiven &amp#27;[0m&amp#27;[32mI am open the login page to view all products6&amp#27;[0m     &amp#27;[90m# starter.stepdefinitions.CheckoutAndBuySteps.openTheLoginPage()&amp#27;[0m
20:08:10.818 [Forwarding getPageSource on session a7b1e1adab6f388d8d315d9421b09941 to remote] DEBUG org.asynchttpclient.netty.request.NettyRequestSender - Using pooled Channel '[id: 0x0aec9abe, L:/127.0.0.1:56328 - R:localhost/127.0.0.1:1522]' for 'POST' to 'http://localhost:1522/session/a7b1e1adab6f388d8d315d9421b09941/execute/sync'
20:08:10.818 [Forwarding getPageSource on session a7b1e1adab6f388d8d315d9421b09941 to remote] DEBUG org.asynchttpclient.netty.request.NettyRequestSender - Using open Channel [id: 0x0aec9abe, L:/127.0.0.1:56328 - R:localhost/127.0.0.1:1522] for POST '/session/a7b1e1adab6f388d8d315d9421b09941/execute/sync'
20:08:10.824 [AsyncHttpClient-1-17] DEBUG org.asynchttpclient.netty.handler.HttpHandler - 

Request DefaultHttpRequest(decodeResult: success, version: HTTP/1.1)
POST /session/a7b1e1adab6f388d8d315d9421b09941/execute/sync HTTP/1.1
User-Agent: selenium/4.8.1 (java mac)
Content-Length: 176
Content-Type: application/json; charset=utf-8
host: localhost:1522
accept: */*

Response DefaultHttpResponse(decodeResult: success, version: HTTP/1.1)
HTTP/1.1 200 OK
Content-Length: 21974
Content-Type: application/json; charset=utf-8
cache-control: no-cache

20:08:10.824 [AsyncHttpClient-1-17] DEBUG org.asynchttpclient.netty.channel.ChannelManager - Adding key: http://localhost:1522 for channel [id: 0x0aec9abe, L:/127.0.0.1:56328 - R:localhost/127.0.0.1:1522]
20:08:10.833 [Forwarding getCurrentUrl on session a7b1e1adab6f388d8d315d9421b09941 to remote] DEBUG org.asynchttpclient.netty.request.NettyRequestSender - Using pooled Channel '[id: 0x0aec9abe, L:/127.0.0.1:56328 - R:localhost/127.0.0.1:1522]' for 'GET' to 'http://localhost:1522/session/a7b1e1adab6f388d8d315d9421b09941/url'
20:08:10.833 [Forwarding getCurrentUrl on session a7b1e1adab6f388d8d315d9421b09941 to remote] DEBUG org.asynchttpclient.netty.request.NettyRequestSender - Using open Channel [id: 0x0aec9abe, L:/127.0.0.1:56328 - R:localhost/127.0.0.1:1522] for GET '/session/a7b1e1adab6f388d8d315d9421b09941/url'
20:08:10.836 [AsyncHttpClient-1-17] DEBUG org.asynchttpclient.netty.handler.HttpHandler - 

Request DefaultFullHttpRequest(decodeResult: success, version: HTTP/1.1, content: EmptyByteBufBE)
GET /session/a7b1e1adab6f388d8d315d9421b09941/url HTTP/1.1
User-Agent: selenium/4.8.1 (java mac)
Cache-Control: no-cache
Content-Type: application/json; charset=utf-8
host: localhost:1522
accept: */*

Response DefaultHttpResponse(decodeResult: success, version: HTTP/1.1)
HTTP/1.1 200 OK
Content-Length: 51
Content-Type: application/json; charset=utf-8
cache-control: no-cache

20:08:10.837 [AsyncHttpClient-1-17] DEBUG org.asynchttpclient.netty.channel.ChannelManager - Adding key: http://localhost:1522 for channel [id: 0x0aec9abe, L:/127.0.0.1:56328 - R:localhost/127.0.0.1:1522]
20:08:10.857 [Forwarding getAlertText on session a7b1e1adab6f388d8d315d9421b09941 to remote] DEBUG org.asynchttpclient.netty.request.NettyRequestSender - Using pooled Channel '[id: 0x0aec9abe, L:/127.0.0.1:56328 - R:localhost/127.0.0.1:1522]' for 'GET' to 'http://localhost:1522/session/a7b1e1adab6f388d8d315d9421b09941/alert/text'
20:08:10.858 [Forwarding getAlertText on session a7b1e1adab6f388d8d315d9421b09941 to remote] DEBUG org.asynchttpclient.netty.request.NettyRequestSender - Using open Channel [id: 0x0aec9abe, L:/127.0.0.1:56328 - R:localhost/127.0.0.1:1522] for GET '/session/a7b1e1adab6f388d8d315d9421b09941/alert/text'
20:08:10.862 [AsyncHttpClient-1-17] DEBUG org.asynchttpclient.netty.handler.HttpHandler - 

Request DefaultFullHttpRequest(decodeResult: success, version: HTTP/1.1, content: EmptyByteBufBE)
GET /session/a7b1e1adab6f388d8d315d9421b09941/alert/text HTTP/1.1
User-Agent: selenium/4.8.1 (java mac)
Cache-Control: no-cache
Content-Type: application/json; charset=utf-8
host: localhost:1522
accept: */*

Response DefaultHttpResponse(decodeResult: success, version: HTTP/1.1)
HTTP/1.1 404 Not Found
Content-Length: 1763
Content-Type: application/json; charset=utf-8
cache-control: no-cache

20:08:10.862 [AsyncHttpClient-1-17] DEBUG org.asynchttpclient.netty.channel.ChannelManager - Adding key: http://localhost:1522 for channel [id: 0x0aec9abe, L:/127.0.0.1:56328 - R:localhost/127.0.0.1:1522]
20:08:10.867 [Forwarding getCurrentUrl on session a7b1e1adab6f388d8d315d9421b09941 to remote] DEBUG org.asynchttpclient.netty.request.NettyRequestSender - Using pooled Channel '[id: 0x0aec9abe, L:/127.0.0.1:56328 - R:localhost/127.0.0.1:1522]' for 'GET' to 'http://localhost:1522/session/a7b1e1adab6f388d8d315d9421b09941/url'
20:08:10.867 [Forwarding getCurrentUrl on session a7b1e1adab6f388d8d315d9421b09941 to remote] DEBUG org.asynchttpclient.netty.request.NettyRequestSender - Using open Channel [id: 0x0aec9abe, L:/127.0.0.1:56328 - R:localhost/127.0.0.1:1522] for GET '/session/a7b1e1adab6f388d8d315d9421b09941/url'
20:08:10.870 [AsyncHttpClient-1-17] DEBUG org.asynchttpclient.netty.handler.HttpHandler - 

Request DefaultFullHttpRequest(decodeResult: success, version: HTTP/1.1, content: EmptyByteBufBE)
GET /session/a7b1e1adab6f388d8d315d9421b09941/url HTTP/1.1
User-Agent: selenium/4.8.1 (java mac)
Cache-Control: no-cache
Content-Type: application/json; charset=utf-8
host: localhost:1522
accept: */*

Response DefaultHttpResponse(decodeResult: success, version: HTTP/1.1)
HTTP/1.1 200 OK
Content-Length: 51
Content-Type: application/json; charset=utf-8
cache-control: no-cache

20:08:10.870 [AsyncHttpClient-1-17] DEBUG org.asynchttpclient.netty.channel.ChannelManager - Adding key: http://localhost:1522 for channel [id: 0x0aec9abe, L:/127.0.0.1:56328 - R:localhost/127.0.0.1:1522]
20:08:10.873 [Forwarding screenshot on session a7b1e1adab6f388d8d315d9421b09941 to remote] DEBUG org.asynchttpclient.netty.request.NettyRequestSender - Using pooled Channel '[id: 0x0aec9abe, L:/127.0.0.1:56328 - R:localhost/127.0.0.1:1522]' for 'GET' to 'http://localhost:1522/session/a7b1e1adab6f388d8d315d9421b09941/screenshot'
20:08:10.873 [Forwarding screenshot on session a7b1e1adab6f388d8d315d9421b09941 to remote] DEBUG org.asynchttpclient.netty.request.NettyRequestSender - Using open Channel [id: 0x0aec9abe, L:/127.0.0.1:56328 - R:localhost/127.0.0.1:1522] for GET '/session/a7b1e1adab6f388d8d315d9421b09941/screenshot'
20:08:11.057 [AsyncHttpClient-1-17] DEBUG org.asynchttpclient.netty.handler.HttpHandler - 

Request DefaultFullHttpRequest(decodeResult: success, version: HTTP/1.1, content: EmptyByteBufBE)
GET /session/a7b1e1adab6f388d8d315d9421b09941/screenshot HTTP/1.1
User-Agent: selenium/4.8.1 (java mac)
Cache-Control: no-cache
Content-Type: application/json; charset=utf-8
host: localhost:1522
accept: */*

Response DefaultHttpResponse(decodeResult: success, version: HTTP/1.1)
HTTP/1.1 200 OK
Content-Length: 61772
Content-Type: application/json; charset=utf-8
cache-control: no-cache

20:08:11.060 [AsyncHttpClient-1-17] DEBUG org.asynchttpclient.netty.channel.ChannelManager - Adding key: http://localhost:1522 for channel [id: 0x0aec9abe, L:/127.0.0.1:56328 - R:localhost/127.0.0.1:1522]
20:08:11.066 [AsyncHttpClient-1-1] DEBUG org.asynchttpclient.netty.channel.DefaultChannelPool - Entry count for : http://localhost:1522 : 1
20:08:11.066 [AsyncHttpClient-1-1] DEBUG org.asynchttpclient.netty.channel.DefaultChannelPool - Entry count for : http://localhost:56329 : 1
20:08:11.068 [main] DEBUG net.serenitybdd.core.photography.Darkroom - Send negative for processing for target/site/serenity/8e9cee939ce17a9fe29ea96908d1a8f3a55d0d59d1d36254b88f9fc15908342a.png
20:08:11.076 [Forwarding getPageSource on session a7b1e1adab6f388d8d315d9421b09941 to remote] DEBUG org.asynchttpclient.netty.request.NettyRequestSender - Using pooled Channel '[id: 0x0aec9abe, L:/127.0.0.1:56328 - R:localhost/127.0.0.1:1522]' for 'POST' to 'http://localhost:1522/session/a7b1e1adab6f388d8d315d9421b09941/execute/sync'
20:08:11.076 [Forwarding getPageSource on session a7b1e1adab6f388d8d315d9421b09941 to remote] DEBUG org.asynchttpclient.netty.request.NettyRequestSender - Using open Channel [id: 0x0aec9abe, L:/127.0.0.1:56328 - R:localhost/127.0.0.1:1522] for POST '/session/a7b1e1adab6f388d8d315d9421b09941/execute/sync'
20:08:11.081 [AsyncHttpClient-1-17] DEBUG org.asynchttpclient.netty.handler.HttpHandler - 

Request DefaultHttpRequest(decodeResult: success, version: HTTP/1.1)
POST /session/a7b1e1adab6f388d8d315d9421b09941/execute/sync HTTP/1.1
User-Agent: selenium/4.8.1 (java mac)
Content-Length: 176
Content-Type: application/json; charset=utf-8
host: localhost:1522
accept: */*

Response DefaultHttpResponse(decodeResult: success, version: HTTP/1.1)
HTTP/1.1 200 OK
Content-Length: 21667
Content-Type: application/json; charset=utf-8
cache-control: no-cache

20:08:11.081 [AsyncHttpClient-1-17] DEBUG org.asynchttpclient.netty.channel.ChannelManager - Adding key: http://localhost:1522 for channel [id: 0x0aec9abe, L:/127.0.0.1:56328 - R:localhost/127.0.0.1:1522]
20:08:11.086 [Forwarding getCurrentUrl on session a7b1e1adab6f388d8d315d9421b09941 to remote] DEBUG org.asynchttpclient.netty.request.NettyRequestSender - Using pooled Channel '[id: 0x0aec9abe, L:/127.0.0.1:56328 - R:localhost/127.0.0.1:1522]' for 'GET' to 'http://localhost:1522/session/a7b1e1adab6f388d8d315d9421b09941/url'
20:08:11.086 [Forwarding getCurrentUrl on session a7b1e1adab6f388d8d315d9421b09941 to remote] DEBUG org.asynchttpclient.netty.request.NettyRequestSender - Using open Channel [id: 0x0aec9abe, L:/127.0.0.1:56328 - R:localhost/127.0.0.1:1522] for GET '/session/a7b1e1adab6f388d8d315d9421b09941/url'
20:08:11.088 [AsyncHttpClient-1-17] DEBUG org.asynchttpclient.netty.handler.HttpHandler - 

Request DefaultFullHttpRequest(decodeResult: success, version: HTTP/1.1, content: EmptyByteBufBE)
GET /session/a7b1e1adab6f388d8d315d9421b09941/url HTTP/1.1
User-Agent: selenium/4.8.1 (java mac)
Cache-Control: no-cache
Content-Type: application/json; charset=utf-8
host: localhost:1522
accept: */*

Response DefaultHttpResponse(decodeResult: success, version: HTTP/1.1)
HTTP/1.1 200 OK
Content-Length: 51
Content-Type: application/json; charset=utf-8
cache-control: no-cache

20:08:11.088 [AsyncHttpClient-1-17] DEBUG org.asynchttpclient.netty.channel.ChannelManager - Adding key: http://localhost:1522 for channel [id: 0x0aec9abe, L:/127.0.0.1:56328 - R:localhost/127.0.0.1:1522]
20:08:11.090 [main] DEBUG net.thucydides.core.steps.StepInterceptor - STARTING STEP: CheckoutAndBuySteps.onTheLoginPage - validateOnTheLoginPage
20:08:11.093 [Forwarding findElement on session a7b1e1adab6f388d8d315d9421b09941 to remote] DEBUG org.asynchttpclient.netty.request.NettyRequestSender - Using pooled Channel '[id: 0x0aec9abe, L:/127.0.0.1:56328 - R:localhost/127.0.0.1:1522]' for 'POST' to 'http://localhost:1522/session/a7b1e1adab6f388d8d315d9421b09941/element'
20:08:11.093 [Forwarding findElement on session a7b1e1adab6f388d8d315d9421b09941 to remote] DEBUG org.asynchttpclient.netty.request.NettyRequestSender - Using open Channel [id: 0x0aec9abe, L:/127.0.0.1:56328 - R:localhost/127.0.0.1:1522] for POST '/session/a7b1e1adab6f388d8d315d9421b09941/element'
20:08:11.113 [AsyncHttpClient-1-17] DEBUG org.asynchttpclient.netty.handler.HttpHandler - 

Request DefaultHttpRequest(decodeResult: success, version: HTTP/1.1)
POST /session/a7b1e1adab6f388d8d315d9421b09941/element HTTP/1.1
User-Agent: selenium/4.8.1 (java mac)
Content-Length: 155
Content-Type: application/json; charset=utf-8
host: localhost:1522
accept: */*

Response DefaultHttpResponse(decodeResult: success, version: HTTP/1.1)
HTTP/1.1 200 OK
Content-Length: 88
Content-Type: application/json; charset=utf-8
cache-control: no-cache

20:08:11.113 [AsyncHttpClient-1-17] DEBUG org.asynchttpclient.netty.channel.ChannelManager - Adding key: http://localhost:1522 for channel [id: 0x0aec9abe, L:/127.0.0.1:56328 - R:localhost/127.0.0.1:1522]
20:08:11.117 [Forwarding isElementDisplayed on session a7b1e1adab6f388d8d315d9421b09941 to remote] DEBUG org.asynchttpclient.netty.request.NettyRequestSender - Using pooled Channel '[id: 0x0aec9abe, L:/127.0.0.1:56328 - R:localhost/127.0.0.1:1522]' for 'POST' to 'http://localhost:1522/session/a7b1e1adab6f388d8d315d9421b09941/execute/sync'
20:08:11.118 [Forwarding isElementDisplayed on session a7b1e1adab6f388d8d315d9421b09941 to remote] DEBUG org.asynchttpclient.netty.request.NettyRequestSender - Using open Channel [id: 0x0aec9abe, L:/127.0.0.1:56328 - R:localhost/127.0.0.1:1522] for POST '/session/a7b1e1adab6f388d8d315d9421b09941/execute/sync'
20:08:11.142 [AsyncHttpClient-1-17] DEBUG org.asynchttpclient.netty.handler.HttpHandler - 

Request DefaultHttpRequest(decodeResult: success, version: HTTP/1.1)
POST /session/a7b1e1adab6f388d8d315d9421b09941/execute/sync HTTP/1.1
User-Agent: selenium/4.8.1 (java mac)
Content-Length: 48807
Content-Type: application/json; charset=utf-8
host: localhost:1522
accept: */*

Response DefaultHttpResponse(decodeResult: success, version: HTTP/1.1)
HTTP/1.1 200 OK
Content-Length: 14
Content-Type: application/json; charset=utf-8
cache-control: no-cache

20:08:11.142 [AsyncHttpClient-1-17] DEBUG org.asynchttpclient.netty.channel.ChannelManager - Adding key: http://localhost:1522 for channel [id: 0x0aec9abe, L:/127.0.0.1:56328 - R:localhost/127.0.0.1:1522]
20:08:11.147 [Forwarding getAlertText on session a7b1e1adab6f388d8d315d9421b09941 to remote] DEBUG org.asynchttpclient.netty.request.NettyRequestSender - Using pooled Channel '[id: 0x0aec9abe, L:/127.0.0.1:56328 - R:localhost/127.0.0.1:1522]' for 'GET' to 'http://localhost:1522/session/a7b1e1adab6f388d8d315d9421b09941/alert/text'
20:08:11.147 [Forwarding getAlertText on session a7b1e1adab6f388d8d315d9421b09941 to remote] DEBUG org.asynchttpclient.netty.request.NettyRequestSender - Using open Channel [id: 0x0aec9abe, L:/127.0.0.1:56328 - R:localhost/127.0.0.1:1522] for GET '/session/a7b1e1adab6f388d8d315d9421b09941/alert/text'
20:08:11.148 [AsyncHttpClient-1-17] DEBUG org.asynchttpclient.netty.handler.HttpHandler - 

Request DefaultFullHttpRequest(decodeResult: success, version: HTTP/1.1, content: EmptyByteBufBE)
GET /session/a7b1e1adab6f388d8d315d9421b09941/alert/text HTTP/1.1
User-Agent: selenium/4.8.1 (java mac)
Cache-Control: no-cache
Content-Type: application/json; charset=utf-8
host: localhost:1522
accept: */*

Response DefaultHttpResponse(decodeResult: success, version: HTTP/1.1)
HTTP/1.1 404 Not Found
Content-Length: 1763
Content-Type: application/json; charset=utf-8
cache-control: no-cache

20:08:11.148 [AsyncHttpClient-1-17] DEBUG org.asynchttpclient.netty.channel.ChannelManager - Adding key: http://localhost:1522 for channel [id: 0x0aec9abe, L:/127.0.0.1:56328 - R:localhost/127.0.0.1:1522]
20:08:11.148 [Forwarding getCurrentUrl on session a7b1e1adab6f388d8d315d9421b09941 to remote] DEBUG org.asynchttpclient.netty.request.NettyRequestSender - Using pooled Channel '[id: 0x0aec9abe, L:/127.0.0.1:56328 - R:localhost/127.0.0.1:1522]' for 'GET' to 'http://localhost:1522/session/a7b1e1adab6f388d8d315d9421b09941/url'
20:08:11.148 [Forwarding getCurrentUrl on session a7b1e1adab6f388d8d315d9421b09941 to remote] DEBUG org.asynchttpclient.netty.request.NettyRequestSender - Using open Channel [id: 0x0aec9abe, L:/127.0.0.1:56328 - R:localhost/127.0.0.1:1522] for GET '/session/a7b1e1adab6f388d8d315d9421b09941/url'
20:08:11.150 [AsyncHttpClient-1-17] DEBUG org.asynchttpclient.netty.handler.HttpHandler - 

Request DefaultFullHttpRequest(decodeResult: success, version: HTTP/1.1, content: EmptyByteBufBE)
GET /session/a7b1e1adab6f388d8d315d9421b09941/url HTTP/1.1
User-Agent: selenium/4.8.1 (java mac)
Cache-Control: no-cache
Content-Type: application/json; charset=utf-8
host: localhost:1522
accept: */*

Response DefaultHttpResponse(decodeResult: success, version: HTTP/1.1)
HTTP/1.1 200 OK
Content-Length: 51
Content-Type: application/json; charset=utf-8
cache-control: no-cache

20:08:11.150 [AsyncHttpClient-1-17] DEBUG org.asynchttpclient.netty.channel.ChannelManager - Adding key: http://localhost:1522 for channel [id: 0x0aec9abe, L:/127.0.0.1:56328 - R:localhost/127.0.0.1:1522]
20:08:11.150 [Forwarding screenshot on session a7b1e1adab6f388d8d315d9421b09941 to remote] DEBUG org.asynchttpclient.netty.request.NettyRequestSender - Using pooled Channel '[id: 0x0aec9abe, L:/127.0.0.1:56328 - R:localhost/127.0.0.1:1522]' for 'GET' to 'http://localhost:1522/session/a7b1e1adab6f388d8d315d9421b09941/screenshot'
20:08:11.150 [Forwarding screenshot on session a7b1e1adab6f388d8d315d9421b09941 to remote] DEBUG org.asynchttpclient.netty.request.NettyRequestSender - Using open Channel [id: 0x0aec9abe, L:/127.0.0.1:56328 - R:localhost/127.0.0.1:1522] for GET '/session/a7b1e1adab6f388d8d315d9421b09941/screenshot'
20:08:11.301 [AsyncHttpClient-1-17] DEBUG org.asynchttpclient.netty.handler.HttpHandler - 

Request DefaultFullHttpRequest(decodeResult: success, version: HTTP/1.1, content: EmptyByteBufBE)
GET /session/a7b1e1adab6f388d8d315d9421b09941/screenshot HTTP/1.1
User-Agent: selenium/4.8.1 (java mac)
Cache-Control: no-cache
Content-Type: application/json; charset=utf-8
host: localhost:1522
accept: */*

Response DefaultHttpResponse(decodeResult: success, version: HTTP/1.1)
HTTP/1.1 200 OK
Content-Length: 61772
Content-Type: application/json; charset=utf-8
cache-control: no-cache

20:08:11.301 [AsyncHttpClient-1-17] DEBUG org.asynchttpclient.netty.channel.ChannelManager - Adding key: http://localhost:1522 for channel [id: 0x0aec9abe, L:/127.0.0.1:56328 - R:localhost/127.0.0.1:1522]
20:08:11.305 [main] DEBUG net.serenitybdd.core.photography.Darkroom - Send negative for processing for target/site/serenity/8e9cee939ce17a9fe29ea96908d1a8f3a55d0d59d1d36254b88f9fc15908342a.png
20:08:11.306 [main] DEBUG net.thucydides.core.steps.StepInterceptor - STEP DONE: validateOnTheLoginPage
  &amp#27;[32mGiven &amp#27;[0m&amp#27;[32mI am on the login page to view all products6&amp#27;[0m       &amp#27;[90m# starter.stepdefinitions.CheckoutAndBuySteps.onTheLoginPage()&amp#27;[0m
20:08:11.315 [Forwarding getPageSource on session a7b1e1adab6f388d8d315d9421b09941 to remote] DEBUG org.asynchttpclient.netty.request.NettyRequestSender - Using pooled Channel '[id: 0x0aec9abe, L:/127.0.0.1:56328 - R:localhost/127.0.0.1:1522]' for 'POST' to 'http://localhost:1522/session/a7b1e1adab6f388d8d315d9421b09941/execute/sync'
20:08:11.315 [Forwarding getPageSource on session a7b1e1adab6f388d8d315d9421b09941 to remote] DEBUG org.asynchttpclient.netty.request.NettyRequestSender - Using open Channel [id: 0x0aec9abe, L:/127.0.0.1:56328 - R:localhost/127.0.0.1:1522] for POST '/session/a7b1e1adab6f388d8d315d9421b09941/execute/sync'
20:08:11.318 [AsyncHttpClient-1-17] DEBUG org.asynchttpclient.netty.handler.HttpHandler - 

Request DefaultHttpRequest(decodeResult: success, version: HTTP/1.1)
POST /session/a7b1e1adab6f388d8d315d9421b09941/execute/sync HTTP/1.1
User-Agent: selenium/4.8.1 (java mac)
Content-Length: 176
Content-Type: application/json; charset=utf-8
host: localhost:1522
accept: */*

Response DefaultHttpResponse(decodeResult: success, version: HTTP/1.1)
HTTP/1.1 200 OK
Content-Length: 21667
Content-Type: application/json; charset=utf-8
cache-control: no-cache

20:08:11.318 [AsyncHttpClient-1-17] DEBUG org.asynchttpclient.netty.channel.ChannelManager - Adding key: http://localhost:1522 for channel [id: 0x0aec9abe, L:/127.0.0.1:56328 - R:localhost/127.0.0.1:1522]
20:08:11.321 [Forwarding getCurrentUrl on session a7b1e1adab6f388d8d315d9421b09941 to remote] DEBUG org.asynchttpclient.netty.request.NettyRequestSender - Using pooled Channel '[id: 0x0aec9abe, L:/127.0.0.1:56328 - R:localhost/127.0.0.1:1522]' for 'GET' to 'http://localhost:1522/session/a7b1e1adab6f388d8d315d9421b09941/url'
20:08:11.321 [Forwarding getCurrentUrl on session a7b1e1adab6f388d8d315d9421b09941 to remote] DEBUG org.asynchttpclient.netty.request.NettyRequestSender - Using open Channel [id: 0x0aec9abe, L:/127.0.0.1:56328 - R:localhost/127.0.0.1:1522] for GET '/session/a7b1e1adab6f388d8d315d9421b09941/url'
20:08:11.326 [AsyncHttpClient-1-17] DEBUG org.asynchttpclient.netty.handler.HttpHandler - 

Request DefaultFullHttpRequest(decodeResult: success, version: HTTP/1.1, content: EmptyByteBufBE)
GET /session/a7b1e1adab6f388d8d315d9421b09941/url HTTP/1.1
User-Agent: selenium/4.8.1 (java mac)
Cache-Control: no-cache
Content-Type: application/json; charset=utf-8
host: localhost:1522
accept: */*

Response DefaultHttpResponse(decodeResult: success, version: HTTP/1.1)
HTTP/1.1 200 OK
Content-Length: 51
Content-Type: application/json; charset=utf-8
cache-control: no-cache

20:08:11.326 [AsyncHttpClient-1-17] DEBUG org.asynchttpclient.netty.channel.ChannelManager - Adding key: http://localhost:1522 for channel [id: 0x0aec9abe, L:/127.0.0.1:56328 - R:localhost/127.0.0.1:1522]
20:08:11.334 [Forwarding getPageSource on session a7b1e1adab6f388d8d315d9421b09941 to remote] DEBUG org.asynchttpclient.netty.request.NettyRequestSender - Using pooled Channel '[id: 0x0aec9abe, L:/127.0.0.1:56328 - R:localhost/127.0.0.1:1522]' for 'POST' to 'http://localhost:1522/session/a7b1e1adab6f388d8d315d9421b09941/execute/sync'
20:08:11.334 [Forwarding getPageSource on session a7b1e1adab6f388d8d315d9421b09941 to remote] DEBUG org.asynchttpclient.netty.request.NettyRequestSender - Using open Channel [id: 0x0aec9abe, L:/127.0.0.1:56328 - R:localhost/127.0.0.1:1522] for POST '/session/a7b1e1adab6f388d8d315d9421b09941/execute/sync'
20:08:11.337 [AsyncHttpClient-1-17] DEBUG org.asynchttpclient.netty.handler.HttpHandler - 

Request DefaultHttpRequest(decodeResult: success, version: HTTP/1.1)
POST /session/a7b1e1adab6f388d8d315d9421b09941/execute/sync HTTP/1.1
User-Agent: selenium/4.8.1 (java mac)
Content-Length: 176
Content-Type: application/json; charset=utf-8
host: localhost:1522
accept: */*

Response DefaultHttpResponse(decodeResult: success, version: HTTP/1.1)
HTTP/1.1 200 OK
Content-Length: 21667
Content-Type: application/json; charset=utf-8
cache-control: no-cache

20:08:11.337 [AsyncHttpClient-1-17] DEBUG org.asynchttpclient.netty.channel.ChannelManager - Adding key: http://localhost:1522 for channel [id: 0x0aec9abe, L:/127.0.0.1:56328 - R:localhost/127.0.0.1:1522]
20:08:11.339 [Forwarding getCurrentUrl on session a7b1e1adab6f388d8d315d9421b09941 to remote] DEBUG org.asynchttpclient.netty.request.NettyRequestSender - Using pooled Channel '[id: 0x0aec9abe, L:/127.0.0.1:56328 - R:localhost/127.0.0.1:1522]' for 'GET' to 'http://localhost:1522/session/a7b1e1adab6f388d8d315d9421b09941/url'
20:08:11.339 [Forwarding getCurrentUrl on session a7b1e1adab6f388d8d315d9421b09941 to remote] DEBUG org.asynchttpclient.netty.request.NettyRequestSender - Using open Channel [id: 0x0aec9abe, L:/127.0.0.1:56328 - R:localhost/127.0.0.1:1522] for GET '/session/a7b1e1adab6f388d8d315d9421b09941/url'
20:08:11.341 [AsyncHttpClient-1-17] DEBUG org.asynchttpclient.netty.handler.HttpHandler - 

Request DefaultFullHttpRequest(decodeResult: success, version: HTTP/1.1, content: EmptyByteBufBE)
GET /session/a7b1e1adab6f388d8d315d9421b09941/url HTTP/1.1
User-Agent: selenium/4.8.1 (java mac)
Cache-Control: no-cache
Content-Type: application/json; charset=utf-8
host: localhost:1522
accept: */*

Response DefaultHttpResponse(decodeResult: success, version: HTTP/1.1)
HTTP/1.1 200 OK
Content-Length: 51
Content-Type: application/json; charset=utf-8
cache-control: no-cache

20:08:11.341 [AsyncHttpClient-1-17] DEBUG org.asynchttpclient.netty.channel.ChannelManager - Adding key: http://localhost:1522 for channel [id: 0x0aec9abe, L:/127.0.0.1:56328 - R:localhost/127.0.0.1:1522]
20:08:11.343 [main] DEBUG net.thucydides.core.steps.StepInterceptor - STARTING STEP: CheckoutAndBuySteps.doEnterValidUsername - inputEmail
20:08:11.345 [Forwarding findElement on session a7b1e1adab6f388d8d315d9421b09941 to remote] DEBUG org.asynchttpclient.netty.request.NettyRequestSender - Using pooled Channel '[id: 0x0aec9abe, L:/127.0.0.1:56328 - R:localhost/127.0.0.1:1522]' for 'POST' to 'http://localhost:1522/session/a7b1e1adab6f388d8d315d9421b09941/element'
20:08:11.345 [Forwarding findElement on session a7b1e1adab6f388d8d315d9421b09941 to remote] DEBUG org.asynchttpclient.netty.request.NettyRequestSender - Using open Channel [id: 0x0aec9abe, L:/127.0.0.1:56328 - R:localhost/127.0.0.1:1522] for POST '/session/a7b1e1adab6f388d8d315d9421b09941/element'
20:08:11.371 [AsyncHttpClient-1-17] DEBUG org.asynchttpclient.netty.handler.HttpHandler - 

Request DefaultHttpRequest(decodeResult: success, version: HTTP/1.1)
POST /session/a7b1e1adab6f388d8d315d9421b09941/element HTTP/1.1
User-Agent: selenium/4.8.1 (java mac)
Content-Length: 100
Content-Type: application/json; charset=utf-8
host: localhost:1522
accept: */*

Response DefaultHttpResponse(decodeResult: success, version: HTTP/1.1)
HTTP/1.1 200 OK
Content-Length: 88
Content-Type: application/json; charset=utf-8
cache-control: no-cache

20:08:11.371 [AsyncHttpClient-1-17] DEBUG org.asynchttpclient.netty.channel.ChannelManager - Adding key: http://localhost:1522 for channel [id: 0x0aec9abe, L:/127.0.0.1:56328 - R:localhost/127.0.0.1:1522]
20:08:11.373 [Forwarding clearElement on session a7b1e1adab6f388d8d315d9421b09941 to remote] DEBUG org.asynchttpclient.netty.request.NettyRequestSender - Using pooled Channel '[id: 0x0aec9abe, L:/127.0.0.1:56328 - R:localhost/127.0.0.1:1522]' for 'POST' to 'http://localhost:1522/session/a7b1e1adab6f388d8d315d9421b09941/element/8202d78a-0bf3-469f-8de5-904fc5d1a563/clear'
20:08:11.373 [Forwarding clearElement on session a7b1e1adab6f388d8d315d9421b09941 to remote] DEBUG org.asynchttpclient.netty.request.NettyRequestSender - Using open Channel [id: 0x0aec9abe, L:/127.0.0.1:56328 - R:localhost/127.0.0.1:1522] for POST '/session/a7b1e1adab6f388d8d315d9421b09941/element/8202d78a-0bf3-469f-8de5-904fc5d1a563/clear'
20:08:11.460 [AsyncHttpClient-1-17] DEBUG org.asynchttpclient.netty.handler.HttpHandler - 

Request DefaultHttpRequest(decodeResult: success, version: HTTP/1.1)
POST /session/a7b1e1adab6f388d8d315d9421b09941/element/8202d78a-0bf3-469f-8de5-904fc5d1a563/clear HTTP/1.1
User-Agent: selenium/4.8.1 (java mac)
Content-Length: 50
Content-Type: application/json; charset=utf-8
host: localhost:1522
accept: */*

Response DefaultHttpResponse(decodeResult: success, version: HTTP/1.1)
HTTP/1.1 200 OK
Content-Length: 14
Content-Type: application/json; charset=utf-8
cache-control: no-cache

20:08:11.461 [AsyncHttpClient-1-17] DEBUG org.asynchttpclient.netty.channel.ChannelManager - Adding key: http://localhost:1522 for channel [id: 0x0aec9abe, L:/127.0.0.1:56328 - R:localhost/127.0.0.1:1522]
20:08:11.462 [Forwarding sendKeysToElement on session a7b1e1adab6f388d8d315d9421b09941 to remote] DEBUG org.asynchttpclient.netty.request.NettyRequestSender - Using pooled Channel '[id: 0x0aec9abe, L:/127.0.0.1:56328 - R:localhost/127.0.0.1:1522]' for 'POST' to 'http://localhost:1522/session/a7b1e1adab6f388d8d315d9421b09941/element/8202d78a-0bf3-469f-8de5-904fc5d1a563/value'
20:08:11.462 [Forwarding sendKeysToElement on session a7b1e1adab6f388d8d315d9421b09941 to remote] DEBUG org.asynchttpclient.netty.request.NettyRequestSender - Using open Channel [id: 0x0aec9abe, L:/127.0.0.1:56328 - R:localhost/127.0.0.1:1522] for POST '/session/a7b1e1adab6f388d8d315d9421b09941/element/8202d78a-0bf3-469f-8de5-904fc5d1a563/value'
20:08:12.019 [AsyncHttpClient-1-17] DEBUG org.asynchttpclient.netty.handler.HttpHandler - 

Request DefaultHttpRequest(decodeResult: success, version: HTTP/1.1)
POST /session/a7b1e1adab6f388d8d315d9421b09941/element/8202d78a-0bf3-469f-8de5-904fc5d1a563/value HTTP/1.1
User-Agent: selenium/4.8.1 (java mac)
Content-Length: 241
Content-Type: application/json; charset=utf-8
host: localhost:1522
accept: */*

Response DefaultHttpResponse(decodeResult: success, version: HTTP/1.1)
HTTP/1.1 200 OK
Content-Length: 14
Content-Type: application/json; charset=utf-8
cache-control: no-cache

20:08:12.019 [AsyncHttpClient-1-17] DEBUG org.asynchttpclient.netty.channel.ChannelManager - Adding key: http://localhost:1522 for channel [id: 0x0aec9abe, L:/127.0.0.1:56328 - R:localhost/127.0.0.1:1522]
20:08:12.025 [Forwarding getAlertText on session a7b1e1adab6f388d8d315d9421b09941 to remote] DEBUG org.asynchttpclient.netty.request.NettyRequestSender - Using pooled Channel '[id: 0x0aec9abe, L:/127.0.0.1:56328 - R:localhost/127.0.0.1:1522]' for 'GET' to 'http://localhost:1522/session/a7b1e1adab6f388d8d315d9421b09941/alert/text'
20:08:12.025 [Forwarding getAlertText on session a7b1e1adab6f388d8d315d9421b09941 to remote] DEBUG org.asynchttpclient.netty.request.NettyRequestSender - Using open Channel [id: 0x0aec9abe, L:/127.0.0.1:56328 - R:localhost/127.0.0.1:1522] for GET '/session/a7b1e1adab6f388d8d315d9421b09941/alert/text'
20:08:12.070 [AsyncHttpClient-1-17] DEBUG org.asynchttpclient.netty.handler.HttpHandler - 

Request DefaultFullHttpRequest(decodeResult: success, version: HTTP/1.1, content: EmptyByteBufBE)
GET /session/a7b1e1adab6f388d8d315d9421b09941/alert/text HTTP/1.1
User-Agent: selenium/4.8.1 (java mac)
Cache-Control: no-cache
Content-Type: application/json; charset=utf-8
host: localhost:1522
accept: */*

Response DefaultHttpResponse(decodeResult: success, version: HTTP/1.1)
HTTP/1.1 404 Not Found
Content-Length: 1763
Content-Type: application/json; charset=utf-8
cache-control: no-cache

20:08:12.070 [AsyncHttpClient-1-17] DEBUG org.asynchttpclient.netty.channel.ChannelManager - Adding key: http://localhost:1522 for channel [id: 0x0aec9abe, L:/127.0.0.1:56328 - R:localhost/127.0.0.1:1522]
20:08:12.071 [Forwarding getCurrentUrl on session a7b1e1adab6f388d8d315d9421b09941 to remote] DEBUG org.asynchttpclient.netty.request.NettyRequestSender - Using pooled Channel '[id: 0x0aec9abe, L:/127.0.0.1:56328 - R:localhost/127.0.0.1:1522]' for 'GET' to 'http://localhost:1522/session/a7b1e1adab6f388d8d315d9421b09941/url'
20:08:12.071 [Forwarding getCurrentUrl on session a7b1e1adab6f388d8d315d9421b09941 to remote] DEBUG org.asynchttpclient.netty.request.NettyRequestSender - Using open Channel [id: 0x0aec9abe, L:/127.0.0.1:56328 - R:localhost/127.0.0.1:1522] for GET '/session/a7b1e1adab6f388d8d315d9421b09941/url'
20:08:12.073 [AsyncHttpClient-1-17] DEBUG org.asynchttpclient.netty.handler.HttpHandler - 

Request DefaultFullHttpRequest(decodeResult: success, version: HTTP/1.1, content: EmptyByteBufBE)
GET /session/a7b1e1adab6f388d8d315d9421b09941/url HTTP/1.1
User-Agent: selenium/4.8.1 (java mac)
Cache-Control: no-cache
Content-Type: application/json; charset=utf-8
host: localhost:1522
accept: */*

Response DefaultHttpResponse(decodeResult: success, version: HTTP/1.1)
HTTP/1.1 200 OK
Content-Length: 51
Content-Type: application/json; charset=utf-8
cache-control: no-cache

20:08:12.074 [AsyncHttpClient-1-17] DEBUG org.asynchttpclient.netty.channel.ChannelManager - Adding key: http://localhost:1522 for channel [id: 0x0aec9abe, L:/127.0.0.1:56328 - R:localhost/127.0.0.1:1522]
20:08:12.074 [Forwarding screenshot on session a7b1e1adab6f388d8d315d9421b09941 to remote] DEBUG org.asynchttpclient.netty.request.NettyRequestSender - Using pooled Channel '[id: 0x0aec9abe, L:/127.0.0.1:56328 - R:localhost/127.0.0.1:1522]' for 'GET' to 'http://localhost:1522/session/a7b1e1adab6f388d8d315d9421b09941/screenshot'
20:08:12.074 [Forwarding screenshot on session a7b1e1adab6f388d8d315d9421b09941 to remote] DEBUG org.asynchttpclient.netty.request.NettyRequestSender - Using open Channel [id: 0x0aec9abe, L:/127.0.0.1:56328 - R:localhost/127.0.0.1:1522] for GET '/session/a7b1e1adab6f388d8d315d9421b09941/screenshot'
20:08:12.169 [AsyncHttpClient-1-1] DEBUG org.asynchttpclient.netty.channel.DefaultChannelPool - Entry count for : http://localhost:56329 : 1
20:08:12.267 [AsyncHttpClient-1-17] DEBUG org.asynchttpclient.netty.handler.HttpHandler - 

Request DefaultFullHttpRequest(decodeResult: success, version: HTTP/1.1, content: EmptyByteBufBE)
GET /session/a7b1e1adab6f388d8d315d9421b09941/screenshot HTTP/1.1
User-Agent: selenium/4.8.1 (java mac)
Cache-Control: no-cache
Content-Type: application/json; charset=utf-8
host: localhost:1522
accept: */*

Response DefaultHttpResponse(decodeResult: success, version: HTTP/1.1)
HTTP/1.1 200 OK
Content-Length: 70656
Content-Type: application/json; charset=utf-8
cache-control: no-cache

20:08:12.267 [AsyncHttpClient-1-17] DEBUG org.asynchttpclient.netty.channel.ChannelManager - Adding key: http://localhost:1522 for channel [id: 0x0aec9abe, L:/127.0.0.1:56328 - R:localhost/127.0.0.1:1522]
20:08:12.271 [main] DEBUG net.serenitybdd.core.photography.Darkroom - Send negative for processing for target/site/serenity/138ce41960e8a37dd2a34bc790db94bee25210e488f413be2895199ee37258b9.png
20:08:12.271 [Darkroom Processing Line] DEBUG net.serenitybdd.core.photography.DarkroomProcessingLine - Processing screenshot image in /var/screenshots/screenshot-1011938923360136721
20:08:12.271 [Darkroom Processing Line] DEBUG net.serenitybdd.core.photography.DarkroomProcessingLine - Saving screenshot to target/site/serenity/138ce41960e8a37dd2a34bc790db94bee25210e488f413be2895199ee37258b9.png
20:08:12.272 [main] DEBUG net.thucydides.core.steps.StepInterceptor - STEP DONE: inputEmail
  &amp#27;[32mWhen &amp#27;[0m&amp#27;[32mI enter valid username to view all products6&amp#27;[0m        &amp#27;[90m# starter.stepdefinitions.CheckoutAndBuySteps.doEnterValidUsername()&amp#27;[0m
20:08:12.279 [Forwarding getPageSource on session a7b1e1adab6f388d8d315d9421b09941 to remote] DEBUG org.asynchttpclient.netty.request.NettyRequestSender - Using pooled Channel '[id: 0x0aec9abe, L:/127.0.0.1:56328 - R:localhost/127.0.0.1:1522]' for 'POST' to 'http://localhost:1522/session/a7b1e1adab6f388d8d315d9421b09941/execute/sync'
20:08:12.279 [Forwarding getPageSource on session a7b1e1adab6f388d8d315d9421b09941 to remote] DEBUG org.asynchttpclient.netty.request.NettyRequestSender - Using open Channel [id: 0x0aec9abe, L:/127.0.0.1:56328 - R:localhost/127.0.0.1:1522] for POST '/session/a7b1e1adab6f388d8d315d9421b09941/execute/sync'
20:08:12.282 [AsyncHttpClient-1-17] DEBUG org.asynchttpclient.netty.handler.HttpHandler - 

Request DefaultHttpRequest(decodeResult: success, version: HTTP/1.1)
POST /session/a7b1e1adab6f388d8d315d9421b09941/execute/sync HTTP/1.1
User-Agent: selenium/4.8.1 (java mac)
Content-Length: 176
Content-Type: application/json; charset=utf-8
host: localhost:1522
accept: */*

Response DefaultHttpResponse(decodeResult: success, version: HTTP/1.1)
HTTP/1.1 200 OK
Content-Length: 21788
Content-Type: application/json; charset=utf-8
cache-control: no-cache

20:08:12.283 [AsyncHttpClient-1-17] DEBUG org.asynchttpclient.netty.channel.ChannelManager - Adding key: http://localhost:1522 for channel [id: 0x0aec9abe, L:/127.0.0.1:56328 - R:localhost/127.0.0.1:1522]
20:08:12.286 [Forwarding getCurrentUrl on session a7b1e1adab6f388d8d315d9421b09941 to remote] DEBUG org.asynchttpclient.netty.request.NettyRequestSender - Using pooled Channel '[id: 0x0aec9abe, L:/127.0.0.1:56328 - R:localhost/127.0.0.1:1522]' for 'GET' to 'http://localhost:1522/session/a7b1e1adab6f388d8d315d9421b09941/url'
20:08:12.286 [Forwarding getCurrentUrl on session a7b1e1adab6f388d8d315d9421b09941 to remote] DEBUG org.asynchttpclient.netty.request.NettyRequestSender - Using open Channel [id: 0x0aec9abe, L:/127.0.0.1:56328 - R:localhost/127.0.0.1:1522] for GET '/session/a7b1e1adab6f388d8d315d9421b09941/url'
20:08:12.289 [AsyncHttpClient-1-17] DEBUG org.asynchttpclient.netty.handler.HttpHandler - 

Request DefaultFullHttpRequest(decodeResult: success, version: HTTP/1.1, content: EmptyByteBufBE)
GET /session/a7b1e1adab6f388d8d315d9421b09941/url HTTP/1.1
User-Agent: selenium/4.8.1 (java mac)
Cache-Control: no-cache
Content-Type: application/json; charset=utf-8
host: localhost:1522
accept: */*

Response DefaultHttpResponse(decodeResult: success, version: HTTP/1.1)
HTTP/1.1 200 OK
Content-Length: 51
Content-Type: application/json; charset=utf-8
cache-control: no-cache

20:08:12.289 [AsyncHttpClient-1-17] DEBUG org.asynchttpclient.netty.channel.ChannelManager - Adding key: http://localhost:1522 for channel [id: 0x0aec9abe, L:/127.0.0.1:56328 - R:localhost/127.0.0.1:1522]
20:08:12.297 [Forwarding getPageSource on session a7b1e1adab6f388d8d315d9421b09941 to remote] DEBUG org.asynchttpclient.netty.request.NettyRequestSender - Using pooled Channel '[id: 0x0aec9abe, L:/127.0.0.1:56328 - R:localhost/127.0.0.1:1522]' for 'POST' to 'http://localhost:1522/session/a7b1e1adab6f388d8d315d9421b09941/execute/sync'
20:08:12.297 [Forwarding getPageSource on session a7b1e1adab6f388d8d315d9421b09941 to remote] DEBUG org.asynchttpclient.netty.request.NettyRequestSender - Using open Channel [id: 0x0aec9abe, L:/127.0.0.1:56328 - R:localhost/127.0.0.1:1522] for POST '/session/a7b1e1adab6f388d8d315d9421b09941/execute/sync'
20:08:12.300 [AsyncHttpClient-1-17] DEBUG org.asynchttpclient.netty.handler.HttpHandler - 

Request DefaultHttpRequest(decodeResult: success, version: HTTP/1.1)
POST /session/a7b1e1adab6f388d8d315d9421b09941/execute/sync HTTP/1.1
User-Agent: selenium/4.8.1 (java mac)
Content-Length: 176
Content-Type: application/json; charset=utf-8
host: localhost:1522
accept: */*

Response DefaultHttpResponse(decodeResult: success, version: HTTP/1.1)
HTTP/1.1 200 OK
Content-Length: 21788
Content-Type: application/json; charset=utf-8
cache-control: no-cache

20:08:12.300 [AsyncHttpClient-1-17] DEBUG org.asynchttpclient.netty.channel.ChannelManager - Adding key: http://localhost:1522 for channel [id: 0x0aec9abe, L:/127.0.0.1:56328 - R:localhost/127.0.0.1:1522]
20:08:12.302 [Forwarding getCurrentUrl on session a7b1e1adab6f388d8d315d9421b09941 to remote] DEBUG org.asynchttpclient.netty.request.NettyRequestSender - Using pooled Channel '[id: 0x0aec9abe, L:/127.0.0.1:56328 - R:localhost/127.0.0.1:1522]' for 'GET' to 'http://localhost:1522/session/a7b1e1adab6f388d8d315d9421b09941/url'
20:08:12.302 [Forwarding getCurrentUrl on session a7b1e1adab6f388d8d315d9421b09941 to remote] DEBUG org.asynchttpclient.netty.request.NettyRequestSender - Using open Channel [id: 0x0aec9abe, L:/127.0.0.1:56328 - R:localhost/127.0.0.1:1522] for GET '/session/a7b1e1adab6f388d8d315d9421b09941/url'
20:08:12.305 [AsyncHttpClient-1-17] DEBUG org.asynchttpclient.netty.handler.HttpHandler - 

Request DefaultFullHttpRequest(decodeResult: success, version: HTTP/1.1, content: EmptyByteBufBE)
GET /session/a7b1e1adab6f388d8d315d9421b09941/url HTTP/1.1
User-Agent: selenium/4.8.1 (java mac)
Cache-Control: no-cache
Content-Type: application/json; charset=utf-8
host: localhost:1522
accept: */*

Response DefaultHttpResponse(decodeResult: success, version: HTTP/1.1)
HTTP/1.1 200 OK
Content-Length: 51
Content-Type: application/json; charset=utf-8
cache-control: no-cache

20:08:12.305 [AsyncHttpClient-1-17] DEBUG org.asynchttpclient.netty.channel.ChannelManager - Adding key: http://localhost:1522 for channel [id: 0x0aec9abe, L:/127.0.0.1:56328 - R:localhost/127.0.0.1:1522]
20:08:12.306 [main] DEBUG net.thucydides.core.steps.StepInterceptor - STARTING STEP: CheckoutAndBuySteps.doEnterValidPassword - inputPassword
20:08:12.308 [Forwarding findElement on session a7b1e1adab6f388d8d315d9421b09941 to remote] DEBUG org.asynchttpclient.netty.request.NettyRequestSender - Using pooled Channel '[id: 0x0aec9abe, L:/127.0.0.1:56328 - R:localhost/127.0.0.1:1522]' for 'POST' to 'http://localhost:1522/session/a7b1e1adab6f388d8d315d9421b09941/element'
20:08:12.308 [Forwarding findElement on session a7b1e1adab6f388d8d315d9421b09941 to remote] DEBUG org.asynchttpclient.netty.request.NettyRequestSender - Using open Channel [id: 0x0aec9abe, L:/127.0.0.1:56328 - R:localhost/127.0.0.1:1522] for POST '/session/a7b1e1adab6f388d8d315d9421b09941/element'
20:08:12.315 [AsyncHttpClient-1-17] DEBUG org.asynchttpclient.netty.handler.HttpHandler - 

Request DefaultHttpRequest(decodeResult: success, version: HTTP/1.1)
POST /session/a7b1e1adab6f388d8d315d9421b09941/element HTTP/1.1
User-Agent: selenium/4.8.1 (java mac)
Content-Length: 103
Content-Type: application/json; charset=utf-8
host: localhost:1522
accept: */*

Response DefaultHttpResponse(decodeResult: success, version: HTTP/1.1)
HTTP/1.1 200 OK
Content-Length: 88
Content-Type: application/json; charset=utf-8
cache-control: no-cache

20:08:12.315 [AsyncHttpClient-1-17] DEBUG org.asynchttpclient.netty.channel.ChannelManager - Adding key: http://localhost:1522 for channel [id: 0x0aec9abe, L:/127.0.0.1:56328 - R:localhost/127.0.0.1:1522]
20:08:12.316 [Forwarding clearElement on session a7b1e1adab6f388d8d315d9421b09941 to remote] DEBUG org.asynchttpclient.netty.request.NettyRequestSender - Using pooled Channel '[id: 0x0aec9abe, L:/127.0.0.1:56328 - R:localhost/127.0.0.1:1522]' for 'POST' to 'http://localhost:1522/session/a7b1e1adab6f388d8d315d9421b09941/element/3f3f88ca-7dbf-42a1-9dad-d1ad386ac5de/clear'
20:08:12.316 [Forwarding clearElement on session a7b1e1adab6f388d8d315d9421b09941 to remote] DEBUG org.asynchttpclient.netty.request.NettyRequestSender - Using open Channel [id: 0x0aec9abe, L:/127.0.0.1:56328 - R:localhost/127.0.0.1:1522] for POST '/session/a7b1e1adab6f388d8d315d9421b09941/element/3f3f88ca-7dbf-42a1-9dad-d1ad386ac5de/clear'
20:08:12.336 [AsyncHttpClient-1-17] DEBUG org.asynchttpclient.netty.handler.HttpHandler - 

Request DefaultHttpRequest(decodeResult: success, version: HTTP/1.1)
POST /session/a7b1e1adab6f388d8d315d9421b09941/element/3f3f88ca-7dbf-42a1-9dad-d1ad386ac5de/clear HTTP/1.1
User-Agent: selenium/4.8.1 (java mac)
Content-Length: 50
Content-Type: application/json; charset=utf-8
host: localhost:1522
accept: */*

Response DefaultHttpResponse(decodeResult: success, version: HTTP/1.1)
HTTP/1.1 200 OK
Content-Length: 14
Content-Type: application/json; charset=utf-8
cache-control: no-cache

20:08:12.336 [AsyncHttpClient-1-17] DEBUG org.asynchttpclient.netty.channel.ChannelManager - Adding key: http://localhost:1522 for channel [id: 0x0aec9abe, L:/127.0.0.1:56328 - R:localhost/127.0.0.1:1522]
20:08:12.338 [Forwarding sendKeysToElement on session a7b1e1adab6f388d8d315d9421b09941 to remote] DEBUG org.asynchttpclient.netty.request.NettyRequestSender - Using pooled Channel '[id: 0x0aec9abe, L:/127.0.0.1:56328 - R:localhost/127.0.0.1:1522]' for 'POST' to 'http://localhost:1522/session/a7b1e1adab6f388d8d315d9421b09941/element/3f3f88ca-7dbf-42a1-9dad-d1ad386ac5de/value'
20:08:12.338 [Forwarding sendKeysToElement on session a7b1e1adab6f388d8d315d9421b09941 to remote] DEBUG org.asynchttpclient.netty.request.NettyRequestSender - Using open Channel [id: 0x0aec9abe, L:/127.0.0.1:56328 - R:localhost/127.0.0.1:1522] for POST '/session/a7b1e1adab6f388d8d315d9421b09941/element/3f3f88ca-7dbf-42a1-9dad-d1ad386ac5de/value'
20:08:12.437 [AsyncHttpClient-1-17] DEBUG org.asynchttpclient.netty.handler.HttpHandler - 

Request DefaultHttpRequest(decodeResult: success, version: HTTP/1.1)
POST /session/a7b1e1adab6f388d8d315d9421b09941/element/3f3f88ca-7dbf-42a1-9dad-d1ad386ac5de/value HTTP/1.1
User-Agent: selenium/4.8.1 (java mac)
Content-Length: 141
Content-Type: application/json; charset=utf-8
host: localhost:1522
accept: */*

Response DefaultHttpResponse(decodeResult: success, version: HTTP/1.1)
HTTP/1.1 200 OK
Content-Length: 14
Content-Type: application/json; charset=utf-8
cache-control: no-cache

20:08:12.437 [AsyncHttpClient-1-17] DEBUG org.asynchttpclient.netty.channel.ChannelManager - Adding key: http://localhost:1522 for channel [id: 0x0aec9abe, L:/127.0.0.1:56328 - R:localhost/127.0.0.1:1522]
20:08:12.443 [Forwarding getAlertText on session a7b1e1adab6f388d8d315d9421b09941 to remote] DEBUG org.asynchttpclient.netty.request.NettyRequestSender - Using pooled Channel '[id: 0x0aec9abe, L:/127.0.0.1:56328 - R:localhost/127.0.0.1:1522]' for 'GET' to 'http://localhost:1522/session/a7b1e1adab6f388d8d315d9421b09941/alert/text'
20:08:12.443 [Forwarding getAlertText on session a7b1e1adab6f388d8d315d9421b09941 to remote] DEBUG org.asynchttpclient.netty.request.NettyRequestSender - Using open Channel [id: 0x0aec9abe, L:/127.0.0.1:56328 - R:localhost/127.0.0.1:1522] for GET '/session/a7b1e1adab6f388d8d315d9421b09941/alert/text'
20:08:12.444 [AsyncHttpClient-1-17] DEBUG org.asynchttpclient.netty.handler.HttpHandler - 

Request DefaultFullHttpRequest(decodeResult: success, version: HTTP/1.1, content: EmptyByteBufBE)
GET /session/a7b1e1adab6f388d8d315d9421b09941/alert/text HTTP/1.1
User-Agent: selenium/4.8.1 (java mac)
Cache-Control: no-cache
Content-Type: application/json; charset=utf-8
host: localhost:1522
accept: */*

Response DefaultHttpResponse(decodeResult: success, version: HTTP/1.1)
HTTP/1.1 404 Not Found
Content-Length: 1763
Content-Type: application/json; charset=utf-8
cache-control: no-cache

20:08:12.444 [AsyncHttpClient-1-17] DEBUG org.asynchttpclient.netty.channel.ChannelManager - Adding key: http://localhost:1522 for channel [id: 0x0aec9abe, L:/127.0.0.1:56328 - R:localhost/127.0.0.1:1522]
20:08:12.446 [Forwarding getCurrentUrl on session a7b1e1adab6f388d8d315d9421b09941 to remote] DEBUG org.asynchttpclient.netty.request.NettyRequestSender - Using pooled Channel '[id: 0x0aec9abe, L:/127.0.0.1:56328 - R:localhost/127.0.0.1:1522]' for 'GET' to 'http://localhost:1522/session/a7b1e1adab6f388d8d315d9421b09941/url'
20:08:12.446 [Forwarding getCurrentUrl on session a7b1e1adab6f388d8d315d9421b09941 to remote] DEBUG org.asynchttpclient.netty.request.NettyRequestSender - Using open Channel [id: 0x0aec9abe, L:/127.0.0.1:56328 - R:localhost/127.0.0.1:1522] for GET '/session/a7b1e1adab6f388d8d315d9421b09941/url'
20:08:12.459 [AsyncHttpClient-1-17] DEBUG org.asynchttpclient.netty.handler.HttpHandler - 

Request DefaultFullHttpRequest(decodeResult: success, version: HTTP/1.1, content: EmptyByteBufBE)
GET /session/a7b1e1adab6f388d8d315d9421b09941/url HTTP/1.1
User-Agent: selenium/4.8.1 (java mac)
Cache-Control: no-cache
Content-Type: application/json; charset=utf-8
host: localhost:1522
accept: */*

Response DefaultHttpResponse(decodeResult: success, version: HTTP/1.1)
HTTP/1.1 200 OK
Content-Length: 51
Content-Type: application/json; charset=utf-8
cache-control: no-cache

20:08:12.459 [AsyncHttpClient-1-17] DEBUG org.asynchttpclient.netty.channel.ChannelManager - Adding key: http://localhost:1522 for channel [id: 0x0aec9abe, L:/127.0.0.1:56328 - R:localhost/127.0.0.1:1522]
20:08:12.461 [Forwarding screenshot on session a7b1e1adab6f388d8d315d9421b09941 to remote] DEBUG org.asynchttpclient.netty.request.NettyRequestSender - Using pooled Channel '[id: 0x0aec9abe, L:/127.0.0.1:56328 - R:localhost/127.0.0.1:1522]' for 'GET' to 'http://localhost:1522/session/a7b1e1adab6f388d8d315d9421b09941/screenshot'
20:08:12.461 [Forwarding screenshot on session a7b1e1adab6f388d8d315d9421b09941 to remote] DEBUG org.asynchttpclient.netty.request.NettyRequestSender - Using open Channel [id: 0x0aec9abe, L:/127.0.0.1:56328 - R:localhost/127.0.0.1:1522] for GET '/session/a7b1e1adab6f388d8d315d9421b09941/screenshot'
20:08:12.675 [AsyncHttpClient-1-17] DEBUG org.asynchttpclient.netty.handler.HttpHandler - 

Request DefaultFullHttpRequest(decodeResult: success, version: HTTP/1.1, content: EmptyByteBufBE)
GET /session/a7b1e1adab6f388d8d315d9421b09941/screenshot HTTP/1.1
User-Agent: selenium/4.8.1 (java mac)
Cache-Control: no-cache
Content-Type: application/json; charset=utf-8
host: localhost:1522
accept: */*

Response DefaultHttpResponse(decodeResult: success, version: HTTP/1.1)
HTTP/1.1 200 OK
Content-Length: 74072
Content-Type: application/json; charset=utf-8
cache-control: no-cache

20:08:12.675 [AsyncHttpClient-1-17] DEBUG org.asynchttpclient.netty.channel.ChannelManager - Adding key: http://localhost:1522 for channel [id: 0x0aec9abe, L:/127.0.0.1:56328 - R:localhost/127.0.0.1:1522]
20:08:12.680 [main] DEBUG net.serenitybdd.core.photography.Darkroom - Send negative for processing for target/site/serenity/170b58efe489419b370897a6e3f6d9265863f604e430959ad864e42d3d0aa851.png
20:08:12.682 [main] DEBUG net.thucydides.core.steps.StepInterceptor - STEP DONE: inputPassword
  &amp#27;[32mAnd &amp#27;[0m&amp#27;[32mI enter valid password to view all products6&amp#27;[0m         &amp#27;[90m# starter.stepdefinitions.CheckoutAndBuySteps.doEnterValidPassword()&amp#27;[0m
20:08:12.696 [Forwarding getPageSource on session a7b1e1adab6f388d8d315d9421b09941 to remote] DEBUG org.asynchttpclient.netty.request.NettyRequestSender - Using pooled Channel '[id: 0x0aec9abe, L:/127.0.0.1:56328 - R:localhost/127.0.0.1:1522]' for 'POST' to 'http://localhost:1522/session/a7b1e1adab6f388d8d315d9421b09941/execute/sync'
20:08:12.696 [Forwarding getPageSource on session a7b1e1adab6f388d8d315d9421b09941 to remote] DEBUG org.asynchttpclient.netty.request.NettyRequestSender - Using open Channel [id: 0x0aec9abe, L:/127.0.0.1:56328 - R:localhost/127.0.0.1:1522] for POST '/session/a7b1e1adab6f388d8d315d9421b09941/execute/sync'
20:08:12.700 [AsyncHttpClient-1-17] DEBUG org.asynchttpclient.netty.handler.HttpHandler - 

Request DefaultHttpRequest(decodeResult: success, version: HTTP/1.1)
POST /session/a7b1e1adab6f388d8d315d9421b09941/execute/sync HTTP/1.1
User-Agent: selenium/4.8.1 (java mac)
Content-Length: 176
Content-Type: application/json; charset=utf-8
host: localhost:1522
accept: */*

Response DefaultHttpResponse(decodeResult: success, version: HTTP/1.1)
HTTP/1.1 200 OK
Content-Length: 21847
Content-Type: application/json; charset=utf-8
cache-control: no-cache

20:08:12.700 [AsyncHttpClient-1-17] DEBUG org.asynchttpclient.netty.channel.ChannelManager - Adding key: http://localhost:1522 for channel [id: 0x0aec9abe, L:/127.0.0.1:56328 - R:localhost/127.0.0.1:1522]
20:08:12.703 [Forwarding getCurrentUrl on session a7b1e1adab6f388d8d315d9421b09941 to remote] DEBUG org.asynchttpclient.netty.request.NettyRequestSender - Using pooled Channel '[id: 0x0aec9abe, L:/127.0.0.1:56328 - R:localhost/127.0.0.1:1522]' for 'GET' to 'http://localhost:1522/session/a7b1e1adab6f388d8d315d9421b09941/url'
20:08:12.703 [Forwarding getCurrentUrl on session a7b1e1adab6f388d8d315d9421b09941 to remote] DEBUG org.asynchttpclient.netty.request.NettyRequestSender - Using open Channel [id: 0x0aec9abe, L:/127.0.0.1:56328 - R:localhost/127.0.0.1:1522] for GET '/session/a7b1e1adab6f388d8d315d9421b09941/url'
20:08:12.705 [AsyncHttpClient-1-17] DEBUG org.asynchttpclient.netty.handler.HttpHandler - 

Request DefaultFullHttpRequest(decodeResult: success, version: HTTP/1.1, content: EmptyByteBufBE)
GET /session/a7b1e1adab6f388d8d315d9421b09941/url HTTP/1.1
User-Agent: selenium/4.8.1 (java mac)
Cache-Control: no-cache
Content-Type: application/json; charset=utf-8
host: localhost:1522
accept: */*

Response DefaultHttpResponse(decodeResult: success, version: HTTP/1.1)
HTTP/1.1 200 OK
Content-Length: 51
Content-Type: application/json; charset=utf-8
cache-control: no-cache

20:08:12.705 [AsyncHttpClient-1-17] DEBUG org.asynchttpclient.netty.channel.ChannelManager - Adding key: http://localhost:1522 for channel [id: 0x0aec9abe, L:/127.0.0.1:56328 - R:localhost/127.0.0.1:1522]
20:08:12.716 [Forwarding getPageSource on session a7b1e1adab6f388d8d315d9421b09941 to remote] DEBUG org.asynchttpclient.netty.request.NettyRequestSender - Using pooled Channel '[id: 0x0aec9abe, L:/127.0.0.1:56328 - R:localhost/127.0.0.1:1522]' for 'POST' to 'http://localhost:1522/session/a7b1e1adab6f388d8d315d9421b09941/execute/sync'
20:08:12.716 [Forwarding getPageSource on session a7b1e1adab6f388d8d315d9421b09941 to remote] DEBUG org.asynchttpclient.netty.request.NettyRequestSender - Using open Channel [id: 0x0aec9abe, L:/127.0.0.1:56328 - R:localhost/127.0.0.1:1522] for POST '/session/a7b1e1adab6f388d8d315d9421b09941/execute/sync'
20:08:12.720 [AsyncHttpClient-1-17] DEBUG org.asynchttpclient.netty.handler.HttpHandler - 

Request DefaultHttpRequest(decodeResult: success, version: HTTP/1.1)
POST /session/a7b1e1adab6f388d8d315d9421b09941/execute/sync HTTP/1.1
User-Agent: selenium/4.8.1 (java mac)
Content-Length: 176
Content-Type: application/json; charset=utf-8
host: localhost:1522
accept: */*

Response DefaultHttpResponse(decodeResult: success, version: HTTP/1.1)
HTTP/1.1 200 OK
Content-Length: 21847
Content-Type: application/json; charset=utf-8
cache-control: no-cache

20:08:12.720 [AsyncHttpClient-1-17] DEBUG org.asynchttpclient.netty.channel.ChannelManager - Adding key: http://localhost:1522 for channel [id: 0x0aec9abe, L:/127.0.0.1:56328 - R:localhost/127.0.0.1:1522]
20:08:12.723 [Forwarding getCurrentUrl on session a7b1e1adab6f388d8d315d9421b09941 to remote] DEBUG org.asynchttpclient.netty.request.NettyRequestSender - Using pooled Channel '[id: 0x0aec9abe, L:/127.0.0.1:56328 - R:localhost/127.0.0.1:1522]' for 'GET' to 'http://localhost:1522/session/a7b1e1adab6f388d8d315d9421b09941/url'
20:08:12.724 [Forwarding getCurrentUrl on session a7b1e1adab6f388d8d315d9421b09941 to remote] DEBUG org.asynchttpclient.netty.request.NettyRequestSender - Using open Channel [id: 0x0aec9abe, L:/127.0.0.1:56328 - R:localhost/127.0.0.1:1522] for GET '/session/a7b1e1adab6f388d8d315d9421b09941/url'
20:08:12.790 [AsyncHttpClient-1-17] DEBUG org.asynchttpclient.netty.handler.HttpHandler - 

Request DefaultFullHttpRequest(decodeResult: success, version: HTTP/1.1, content: EmptyByteBufBE)
GET /session/a7b1e1adab6f388d8d315d9421b09941/url HTTP/1.1
User-Agent: selenium/4.8.1 (java mac)
Cache-Control: no-cache
Content-Type: application/json; charset=utf-8
host: localhost:1522
accept: */*

Response DefaultHttpResponse(decodeResult: success, version: HTTP/1.1)
HTTP/1.1 200 OK
Content-Length: 51
Content-Type: application/json; charset=utf-8
cache-control: no-cache

20:08:12.790 [AsyncHttpClient-1-17] DEBUG org.asynchttpclient.netty.channel.ChannelManager - Adding key: http://localhost:1522 for channel [id: 0x0aec9abe, L:/127.0.0.1:56328 - R:localhost/127.0.0.1:1522]
20:08:12.792 [main] DEBUG net.thucydides.core.steps.StepInterceptor - STARTING STEP: CheckoutAndBuySteps.doClickLoginButton - clickButtonLogin
20:08:12.795 [Forwarding findElement on session a7b1e1adab6f388d8d315d9421b09941 to remote] DEBUG org.asynchttpclient.netty.request.NettyRequestSender - Using pooled Channel '[id: 0x0aec9abe, L:/127.0.0.1:56328 - R:localhost/127.0.0.1:1522]' for 'POST' to 'http://localhost:1522/session/a7b1e1adab6f388d8d315d9421b09941/element'
20:08:12.795 [Forwarding findElement on session a7b1e1adab6f388d8d315d9421b09941 to remote] DEBUG org.asynchttpclient.netty.request.NettyRequestSender - Using open Channel [id: 0x0aec9abe, L:/127.0.0.1:56328 - R:localhost/127.0.0.1:1522] for POST '/session/a7b1e1adab6f388d8d315d9421b09941/element'
20:08:12.799 [AsyncHttpClient-1-17] DEBUG org.asynchttpclient.netty.handler.HttpHandler - 

Request DefaultHttpRequest(decodeResult: success, version: HTTP/1.1)
POST /session/a7b1e1adab6f388d8d315d9421b09941/element HTTP/1.1
User-Agent: selenium/4.8.1 (java mac)
Content-Length: 155
Content-Type: application/json; charset=utf-8
host: localhost:1522
accept: */*

Response DefaultHttpResponse(decodeResult: success, version: HTTP/1.1)
HTTP/1.1 200 OK
Content-Length: 88
Content-Type: application/json; charset=utf-8
cache-control: no-cache

20:08:12.799 [AsyncHttpClient-1-17] DEBUG org.asynchttpclient.netty.channel.ChannelManager - Adding key: http://localhost:1522 for channel [id: 0x0aec9abe, L:/127.0.0.1:56328 - R:localhost/127.0.0.1:1522]
20:08:12.802 [Forwarding getElementTagName on session a7b1e1adab6f388d8d315d9421b09941 to remote] DEBUG org.asynchttpclient.netty.request.NettyRequestSender - Using pooled Channel '[id: 0x0aec9abe, L:/127.0.0.1:56328 - R:localhost/127.0.0.1:1522]' for 'GET' to 'http://localhost:1522/session/a7b1e1adab6f388d8d315d9421b09941/element/fe9da989-3563-467f-b2e3-bf83eadf9caf/name'
20:08:12.802 [Forwarding getElementTagName on session a7b1e1adab6f388d8d315d9421b09941 to remote] DEBUG org.asynchttpclient.netty.request.NettyRequestSender - Using open Channel [id: 0x0aec9abe, L:/127.0.0.1:56328 - R:localhost/127.0.0.1:1522] for GET '/session/a7b1e1adab6f388d8d315d9421b09941/element/fe9da989-3563-467f-b2e3-bf83eadf9caf/name'
20:08:12.804 [AsyncHttpClient-1-17] DEBUG org.asynchttpclient.netty.handler.HttpHandler - 

Request DefaultFullHttpRequest(decodeResult: success, version: HTTP/1.1, content: EmptyByteBufBE)
GET /session/a7b1e1adab6f388d8d315d9421b09941/element/fe9da989-3563-467f-b2e3-bf83eadf9caf/name HTTP/1.1
User-Agent: selenium/4.8.1 (java mac)
Cache-Control: no-cache
Content-Type: application/json; charset=utf-8
host: localhost:1522
accept: */*

Response DefaultHttpResponse(decodeResult: success, version: HTTP/1.1)
HTTP/1.1 200 OK
Content-Length: 18
Content-Type: application/json; charset=utf-8
cache-control: no-cache

20:08:12.804 [AsyncHttpClient-1-17] DEBUG org.asynchttpclient.netty.channel.ChannelManager - Adding key: http://localhost:1522 for channel [id: 0x0aec9abe, L:/127.0.0.1:56328 - R:localhost/127.0.0.1:1522]
20:08:12.805 [Forwarding getElementTagName on session a7b1e1adab6f388d8d315d9421b09941 to remote] DEBUG org.asynchttpclient.netty.request.NettyRequestSender - Using pooled Channel '[id: 0x0aec9abe, L:/127.0.0.1:56328 - R:localhost/127.0.0.1:1522]' for 'GET' to 'http://localhost:1522/session/a7b1e1adab6f388d8d315d9421b09941/element/fe9da989-3563-467f-b2e3-bf83eadf9caf/name'
20:08:12.805 [Forwarding getElementTagName on session a7b1e1adab6f388d8d315d9421b09941 to remote] DEBUG org.asynchttpclient.netty.request.NettyRequestSender - Using open Channel [id: 0x0aec9abe, L:/127.0.0.1:56328 - R:localhost/127.0.0.1:1522] for GET '/session/a7b1e1adab6f388d8d315d9421b09941/element/fe9da989-3563-467f-b2e3-bf83eadf9caf/name'
20:08:12.807 [AsyncHttpClient-1-17] DEBUG org.asynchttpclient.netty.handler.HttpHandler - 

Request DefaultFullHttpRequest(decodeResult: success, version: HTTP/1.1, content: EmptyByteBufBE)
GET /session/a7b1e1adab6f388d8d315d9421b09941/element/fe9da989-3563-467f-b2e3-bf83eadf9caf/name HTTP/1.1
User-Agent: selenium/4.8.1 (java mac)
Cache-Control: no-cache
Content-Type: application/json; charset=utf-8
host: localhost:1522
accept: */*

Response DefaultHttpResponse(decodeResult: success, version: HTTP/1.1)
HTTP/1.1 200 OK
Content-Length: 18
Content-Type: application/json; charset=utf-8
cache-control: no-cache

20:08:12.807 [AsyncHttpClient-1-17] DEBUG org.asynchttpclient.netty.channel.ChannelManager - Adding key: http://localhost:1522 for channel [id: 0x0aec9abe, L:/127.0.0.1:56328 - R:localhost/127.0.0.1:1522]
20:08:12.809 [Forwarding isElementEnabled on session a7b1e1adab6f388d8d315d9421b09941 to remote] DEBUG org.asynchttpclient.netty.request.NettyRequestSender - Using pooled Channel '[id: 0x0aec9abe, L:/127.0.0.1:56328 - R:localhost/127.0.0.1:1522]' for 'GET' to 'http://localhost:1522/session/a7b1e1adab6f388d8d315d9421b09941/element/fe9da989-3563-467f-b2e3-bf83eadf9caf/enabled'
20:08:12.809 [Forwarding isElementEnabled on session a7b1e1adab6f388d8d315d9421b09941 to remote] DEBUG org.asynchttpclient.netty.request.NettyRequestSender - Using open Channel [id: 0x0aec9abe, L:/127.0.0.1:56328 - R:localhost/127.0.0.1:1522] for GET '/session/a7b1e1adab6f388d8d315d9421b09941/element/fe9da989-3563-467f-b2e3-bf83eadf9caf/enabled'
20:08:12.814 [AsyncHttpClient-1-17] DEBUG org.asynchttpclient.netty.handler.HttpHandler - 

Request DefaultFullHttpRequest(decodeResult: success, version: HTTP/1.1, content: EmptyByteBufBE)
GET /session/a7b1e1adab6f388d8d315d9421b09941/element/fe9da989-3563-467f-b2e3-bf83eadf9caf/enabled HTTP/1.1
User-Agent: selenium/4.8.1 (java mac)
Cache-Control: no-cache
Content-Type: application/json; charset=utf-8
host: localhost:1522
accept: */*

Response DefaultHttpResponse(decodeResult: success, version: HTTP/1.1)
HTTP/1.1 200 OK
Content-Length: 14
Content-Type: application/json; charset=utf-8
cache-control: no-cache

20:08:12.814 [AsyncHttpClient-1-17] DEBUG org.asynchttpclient.netty.channel.ChannelManager - Adding key: http://localhost:1522 for channel [id: 0x0aec9abe, L:/127.0.0.1:56328 - R:localhost/127.0.0.1:1522]
20:08:12.816 [Forwarding isElementEnabled on session a7b1e1adab6f388d8d315d9421b09941 to remote] DEBUG org.asynchttpclient.netty.request.NettyRequestSender - Using pooled Channel '[id: 0x0aec9abe, L:/127.0.0.1:56328 - R:localhost/127.0.0.1:1522]' for 'GET' to 'http://localhost:1522/session/a7b1e1adab6f388d8d315d9421b09941/element/fe9da989-3563-467f-b2e3-bf83eadf9caf/enabled'
20:08:12.816 [Forwarding isElementEnabled on session a7b1e1adab6f388d8d315d9421b09941 to remote] DEBUG org.asynchttpclient.netty.request.NettyRequestSender - Using open Channel [id: 0x0aec9abe, L:/127.0.0.1:56328 - R:localhost/127.0.0.1:1522] for GET '/session/a7b1e1adab6f388d8d315d9421b09941/element/fe9da989-3563-467f-b2e3-bf83eadf9caf/enabled'
20:08:12.819 [AsyncHttpClient-1-17] DEBUG org.asynchttpclient.netty.handler.HttpHandler - 

Request DefaultFullHttpRequest(decodeResult: success, version: HTTP/1.1, content: EmptyByteBufBE)
GET /session/a7b1e1adab6f388d8d315d9421b09941/element/fe9da989-3563-467f-b2e3-bf83eadf9caf/enabled HTTP/1.1
User-Agent: selenium/4.8.1 (java mac)
Cache-Control: no-cache
Content-Type: application/json; charset=utf-8
host: localhost:1522
accept: */*

Response DefaultHttpResponse(decodeResult: success, version: HTTP/1.1)
HTTP/1.1 200 OK
Content-Length: 14
Content-Type: application/json; charset=utf-8
cache-control: no-cache

20:08:12.819 [AsyncHttpClient-1-17] DEBUG org.asynchttpclient.netty.channel.ChannelManager - Adding key: http://localhost:1522 for channel [id: 0x0aec9abe, L:/127.0.0.1:56328 - R:localhost/127.0.0.1:1522]
20:08:12.821 [Forwarding findElement on session a7b1e1adab6f388d8d315d9421b09941 to remote] DEBUG org.asynchttpclient.netty.request.NettyRequestSender - Using pooled Channel '[id: 0x0aec9abe, L:/127.0.0.1:56328 - R:localhost/127.0.0.1:1522]' for 'POST' to 'http://localhost:1522/session/a7b1e1adab6f388d8d315d9421b09941/element'
20:08:12.821 [Forwarding findElement on session a7b1e1adab6f388d8d315d9421b09941 to remote] DEBUG org.asynchttpclient.netty.request.NettyRequestSender - Using open Channel [id: 0x0aec9abe, L:/127.0.0.1:56328 - R:localhost/127.0.0.1:1522] for POST '/session/a7b1e1adab6f388d8d315d9421b09941/element'
20:08:12.829 [AsyncHttpClient-1-17] DEBUG org.asynchttpclient.netty.handler.HttpHandler - 

Request DefaultHttpRequest(decodeResult: success, version: HTTP/1.1)
POST /session/a7b1e1adab6f388d8d315d9421b09941/element HTTP/1.1
User-Agent: selenium/4.8.1 (java mac)
Content-Length: 155
Content-Type: application/json; charset=utf-8
host: localhost:1522
accept: */*

Response DefaultHttpResponse(decodeResult: success, version: HTTP/1.1)
HTTP/1.1 200 OK
Content-Length: 88
Content-Type: application/json; charset=utf-8
cache-control: no-cache

20:08:12.829 [AsyncHttpClient-1-17] DEBUG org.asynchttpclient.netty.channel.ChannelManager - Adding key: http://localhost:1522 for channel [id: 0x0aec9abe, L:/127.0.0.1:56328 - R:localhost/127.0.0.1:1522]
20:08:12.831 [Forwarding clickElement on session a7b1e1adab6f388d8d315d9421b09941 to remote] DEBUG org.asynchttpclient.netty.request.NettyRequestSender - Using pooled Channel '[id: 0x0aec9abe, L:/127.0.0.1:56328 - R:localhost/127.0.0.1:1522]' for 'POST' to 'http://localhost:1522/session/a7b1e1adab6f388d8d315d9421b09941/element/fe9da989-3563-467f-b2e3-bf83eadf9caf/click'
20:08:12.831 [Forwarding clickElement on session a7b1e1adab6f388d8d315d9421b09941 to remote] DEBUG org.asynchttpclient.netty.request.NettyRequestSender - Using open Channel [id: 0x0aec9abe, L:/127.0.0.1:56328 - R:localhost/127.0.0.1:1522] for POST '/session/a7b1e1adab6f388d8d315d9421b09941/element/fe9da989-3563-467f-b2e3-bf83eadf9caf/click'
20:08:12.925 [AsyncHttpClient-1-17] DEBUG org.asynchttpclient.netty.handler.HttpHandler - 

Request DefaultHttpRequest(decodeResult: success, version: HTTP/1.1)
POST /session/a7b1e1adab6f388d8d315d9421b09941/element/fe9da989-3563-467f-b2e3-bf83eadf9caf/click HTTP/1.1
User-Agent: selenium/4.8.1 (java mac)
Content-Length: 50
Content-Type: application/json; charset=utf-8
host: localhost:1522
accept: */*

Response DefaultHttpResponse(decodeResult: success, version: HTTP/1.1)
HTTP/1.1 200 OK
Content-Length: 14
Content-Type: application/json; charset=utf-8
cache-control: no-cache

20:08:12.925 [AsyncHttpClient-1-17] DEBUG org.asynchttpclient.netty.channel.ChannelManager - Adding key: http://localhost:1522 for channel [id: 0x0aec9abe, L:/127.0.0.1:56328 - R:localhost/127.0.0.1:1522]
20:08:12.930 [Forwarding getAlertText on session a7b1e1adab6f388d8d315d9421b09941 to remote] DEBUG org.asynchttpclient.netty.request.NettyRequestSender - Using pooled Channel '[id: 0x0aec9abe, L:/127.0.0.1:56328 - R:localhost/127.0.0.1:1522]' for 'GET' to 'http://localhost:1522/session/a7b1e1adab6f388d8d315d9421b09941/alert/text'
20:08:12.931 [Forwarding getAlertText on session a7b1e1adab6f388d8d315d9421b09941 to remote] DEBUG org.asynchttpclient.netty.request.NettyRequestSender - Using open Channel [id: 0x0aec9abe, L:/127.0.0.1:56328 - R:localhost/127.0.0.1:1522] for GET '/session/a7b1e1adab6f388d8d315d9421b09941/alert/text'
20:08:12.932 [AsyncHttpClient-1-17] DEBUG org.asynchttpclient.netty.handler.HttpHandler - 

Request DefaultFullHttpRequest(decodeResult: success, version: HTTP/1.1, content: EmptyByteBufBE)
GET /session/a7b1e1adab6f388d8d315d9421b09941/alert/text HTTP/1.1
User-Agent: selenium/4.8.1 (java mac)
Cache-Control: no-cache
Content-Type: application/json; charset=utf-8
host: localhost:1522
accept: */*

Response DefaultHttpResponse(decodeResult: success, version: HTTP/1.1)
HTTP/1.1 404 Not Found
Content-Length: 1763
Content-Type: application/json; charset=utf-8
cache-control: no-cache

20:08:12.932 [AsyncHttpClient-1-17] DEBUG org.asynchttpclient.netty.channel.ChannelManager - Adding key: http://localhost:1522 for channel [id: 0x0aec9abe, L:/127.0.0.1:56328 - R:localhost/127.0.0.1:1522]
20:08:12.933 [Forwarding getCurrentUrl on session a7b1e1adab6f388d8d315d9421b09941 to remote] DEBUG org.asynchttpclient.netty.request.NettyRequestSender - Using pooled Channel '[id: 0x0aec9abe, L:/127.0.0.1:56328 - R:localhost/127.0.0.1:1522]' for 'GET' to 'http://localhost:1522/session/a7b1e1adab6f388d8d315d9421b09941/url'
20:08:12.933 [Forwarding getCurrentUrl on session a7b1e1adab6f388d8d315d9421b09941 to remote] DEBUG org.asynchttpclient.netty.request.NettyRequestSender - Using open Channel [id: 0x0aec9abe, L:/127.0.0.1:56328 - R:localhost/127.0.0.1:1522] for GET '/session/a7b1e1adab6f388d8d315d9421b09941/url'
20:08:12.934 [AsyncHttpClient-1-17] DEBUG org.asynchttpclient.netty.handler.HttpHandler - 

Request DefaultFullHttpRequest(decodeResult: success, version: HTTP/1.1, content: EmptyByteBufBE)
GET /session/a7b1e1adab6f388d8d315d9421b09941/url HTTP/1.1
User-Agent: selenium/4.8.1 (java mac)
Cache-Control: no-cache
Content-Type: application/json; charset=utf-8
host: localhost:1522
accept: */*

Response DefaultHttpResponse(decodeResult: success, version: HTTP/1.1)
HTTP/1.1 200 OK
Content-Length: 51
Content-Type: application/json; charset=utf-8
cache-control: no-cache

20:08:12.935 [AsyncHttpClient-1-17] DEBUG org.asynchttpclient.netty.channel.ChannelManager - Adding key: http://localhost:1522 for channel [id: 0x0aec9abe, L:/127.0.0.1:56328 - R:localhost/127.0.0.1:1522]
20:08:12.935 [Forwarding screenshot on session a7b1e1adab6f388d8d315d9421b09941 to remote] DEBUG org.asynchttpclient.netty.request.NettyRequestSender - Using pooled Channel '[id: 0x0aec9abe, L:/127.0.0.1:56328 - R:localhost/127.0.0.1:1522]' for 'GET' to 'http://localhost:1522/session/a7b1e1adab6f388d8d315d9421b09941/screenshot'
20:08:12.935 [Forwarding screenshot on session a7b1e1adab6f388d8d315d9421b09941 to remote] DEBUG org.asynchttpclient.netty.request.NettyRequestSender - Using open Channel [id: 0x0aec9abe, L:/127.0.0.1:56328 - R:localhost/127.0.0.1:1522] for GET '/session/a7b1e1adab6f388d8d315d9421b09941/screenshot'
20:08:13.267 [AsyncHttpClient-1-1] DEBUG org.asynchttpclient.netty.channel.DefaultChannelPool - Entry count for : http://localhost:56329 : 1
20:08:14.366 [AsyncHttpClient-1-1] DEBUG org.asynchttpclient.netty.channel.DefaultChannelPool - Entry count for : http://localhost:56329 : 1
20:08:14.647 [AsyncHttpClient-1-17] DEBUG org.asynchttpclient.netty.handler.HttpHandler - 

Request DefaultFullHttpRequest(decodeResult: success, version: HTTP/1.1, content: EmptyByteBufBE)
GET /session/a7b1e1adab6f388d8d315d9421b09941/screenshot HTTP/1.1
User-Agent: selenium/4.8.1 (java mac)
Cache-Control: no-cache
Content-Type: application/json; charset=utf-8
host: localhost:1522
accept: */*

Response DefaultHttpResponse(decodeResult: success, version: HTTP/1.1)
HTTP/1.1 200 OK
Content-Length: 46076
Content-Type: application/json; charset=utf-8
cache-control: no-cache

20:08:14.649 [AsyncHttpClient-1-17] DEBUG org.asynchttpclient.netty.channel.ChannelManager - Adding key: http://localhost:1522 for channel [id: 0x0aec9abe, L:/127.0.0.1:56328 - R:localhost/127.0.0.1:1522]
20:08:14.659 [main] DEBUG net.serenitybdd.core.photography.Darkroom - Send negative for processing for target/site/serenity/92af764968205c2d4255a11d8332ebf4795037fa58b76a4d0ba2a6d6e1184cb3.png
20:08:14.669 [main] DEBUG net.thucydides.core.steps.StepInterceptor - STEP DONE: clickButtonLogin
  &amp#27;[32mAnd &amp#27;[0m&amp#27;[32mI click login button to view all products6&amp#27;[0m           &amp#27;[90m# starter.stepdefinitions.CheckoutAndBuySteps.doClickLoginButton()&amp#27;[0m
20:08:14.694 [Forwarding getPageSource on session a7b1e1adab6f388d8d315d9421b09941 to remote] DEBUG org.asynchttpclient.netty.request.NettyRequestSender - Using pooled Channel '[id: 0x0aec9abe, L:/127.0.0.1:56328 - R:localhost/127.0.0.1:1522]' for 'POST' to 'http://localhost:1522/session/a7b1e1adab6f388d8d315d9421b09941/execute/sync'
20:08:14.694 [Forwarding getPageSource on session a7b1e1adab6f388d8d315d9421b09941 to remote] DEBUG org.asynchttpclient.netty.request.NettyRequestSender - Using open Channel [id: 0x0aec9abe, L:/127.0.0.1:56328 - R:localhost/127.0.0.1:1522] for POST '/session/a7b1e1adab6f388d8d315d9421b09941/execute/sync'
20:08:15.465 [AsyncHttpClient-1-1] DEBUG org.asynchttpclient.netty.channel.DefaultChannelPool - Entry count for : http://localhost:56329 : 1
20:08:16.040 [AsyncHttpClient-1-17] DEBUG org.asynchttpclient.netty.handler.HttpHandler - 

Request DefaultHttpRequest(decodeResult: success, version: HTTP/1.1)
POST /session/a7b1e1adab6f388d8d315d9421b09941/execute/sync HTTP/1.1
User-Agent: selenium/4.8.1 (java mac)
Content-Length: 176
Content-Type: application/json; charset=utf-8
host: localhost:1522
accept: */*

Response DefaultHttpResponse(decodeResult: success, version: HTTP/1.1)
HTTP/1.1 200 OK
Content-Length: 919705
Content-Type: application/json; charset=utf-8
cache-control: no-cache

20:08:16.042 [AsyncHttpClient-1-17] DEBUG org.asynchttpclient.netty.channel.ChannelManager - Adding key: http://localhost:1522 for channel [id: 0x0aec9abe, L:/127.0.0.1:56328 - R:localhost/127.0.0.1:1522]
20:08:16.170 [Forwarding getCurrentUrl on session a7b1e1adab6f388d8d315d9421b09941 to remote] DEBUG org.asynchttpclient.netty.request.NettyRequestSender - Using pooled Channel '[id: 0x0aec9abe, L:/127.0.0.1:56328 - R:localhost/127.0.0.1:1522]' for 'GET' to 'http://localhost:1522/session/a7b1e1adab6f388d8d315d9421b09941/url'
20:08:16.170 [Forwarding getCurrentUrl on session a7b1e1adab6f388d8d315d9421b09941 to remote] DEBUG org.asynchttpclient.netty.request.NettyRequestSender - Using open Channel [id: 0x0aec9abe, L:/127.0.0.1:56328 - R:localhost/127.0.0.1:1522] for GET '/session/a7b1e1adab6f388d8d315d9421b09941/url'
20:08:16.179 [AsyncHttpClient-1-17] DEBUG org.asynchttpclient.netty.handler.HttpHandler - 

Request DefaultFullHttpRequest(decodeResult: success, version: HTTP/1.1, content: EmptyByteBufBE)
GET /session/a7b1e1adab6f388d8d315d9421b09941/url HTTP/1.1
User-Agent: selenium/4.8.1 (java mac)
Cache-Control: no-cache
Content-Type: application/json; charset=utf-8
host: localhost:1522
accept: */*

Response DefaultHttpResponse(decodeResult: success, version: HTTP/1.1)
HTTP/1.1 200 OK
Content-Length: 41
Content-Type: application/json; charset=utf-8
cache-control: no-cache

20:08:16.181 [AsyncHttpClient-1-17] DEBUG org.asynchttpclient.netty.channel.ChannelManager - Adding key: http://localhost:1522 for channel [id: 0x0aec9abe, L:/127.0.0.1:56328 - R:localhost/127.0.0.1:1522]
20:08:16.195 [Forwarding getAlertText on session a7b1e1adab6f388d8d315d9421b09941 to remote] DEBUG org.asynchttpclient.netty.request.NettyRequestSender - Using pooled Channel '[id: 0x0aec9abe, L:/127.0.0.1:56328 - R:localhost/127.0.0.1:1522]' for 'GET' to 'http://localhost:1522/session/a7b1e1adab6f388d8d315d9421b09941/alert/text'
20:08:16.195 [Forwarding getAlertText on session a7b1e1adab6f388d8d315d9421b09941 to remote] DEBUG org.asynchttpclient.netty.request.NettyRequestSender - Using open Channel [id: 0x0aec9abe, L:/127.0.0.1:56328 - R:localhost/127.0.0.1:1522] for GET '/session/a7b1e1adab6f388d8d315d9421b09941/alert/text'
20:08:16.198 [AsyncHttpClient-1-17] DEBUG org.asynchttpclient.netty.handler.HttpHandler - 

Request DefaultFullHttpRequest(decodeResult: success, version: HTTP/1.1, content: EmptyByteBufBE)
GET /session/a7b1e1adab6f388d8d315d9421b09941/alert/text HTTP/1.1
User-Agent: selenium/4.8.1 (java mac)
Cache-Control: no-cache
Content-Type: application/json; charset=utf-8
host: localhost:1522
accept: */*

Response DefaultHttpResponse(decodeResult: success, version: HTTP/1.1)
HTTP/1.1 404 Not Found
Content-Length: 1763
Content-Type: application/json; charset=utf-8
cache-control: no-cache

20:08:16.198 [AsyncHttpClient-1-17] DEBUG org.asynchttpclient.netty.channel.ChannelManager - Adding key: http://localhost:1522 for channel [id: 0x0aec9abe, L:/127.0.0.1:56328 - R:localhost/127.0.0.1:1522]
20:08:16.200 [Forwarding getCurrentUrl on session a7b1e1adab6f388d8d315d9421b09941 to remote] DEBUG org.asynchttpclient.netty.request.NettyRequestSender - Using pooled Channel '[id: 0x0aec9abe, L:/127.0.0.1:56328 - R:localhost/127.0.0.1:1522]' for 'GET' to 'http://localhost:1522/session/a7b1e1adab6f388d8d315d9421b09941/url'
20:08:16.200 [Forwarding getCurrentUrl on session a7b1e1adab6f388d8d315d9421b09941 to remote] DEBUG org.asynchttpclient.netty.request.NettyRequestSender - Using open Channel [id: 0x0aec9abe, L:/127.0.0.1:56328 - R:localhost/127.0.0.1:1522] for GET '/session/a7b1e1adab6f388d8d315d9421b09941/url'
20:08:16.202 [AsyncHttpClient-1-17] DEBUG org.asynchttpclient.netty.handler.HttpHandler - 

Request DefaultFullHttpRequest(decodeResult: success, version: HTTP/1.1, content: EmptyByteBufBE)
GET /session/a7b1e1adab6f388d8d315d9421b09941/url HTTP/1.1
User-Agent: selenium/4.8.1 (java mac)
Cache-Control: no-cache
Content-Type: application/json; charset=utf-8
host: localhost:1522
accept: */*

Response DefaultHttpResponse(decodeResult: success, version: HTTP/1.1)
HTTP/1.1 200 OK
Content-Length: 41
Content-Type: application/json; charset=utf-8
cache-control: no-cache

20:08:16.202 [AsyncHttpClient-1-17] DEBUG org.asynchttpclient.netty.channel.ChannelManager - Adding key: http://localhost:1522 for channel [id: 0x0aec9abe, L:/127.0.0.1:56328 - R:localhost/127.0.0.1:1522]
20:08:16.203 [Forwarding screenshot on session a7b1e1adab6f388d8d315d9421b09941 to remote] DEBUG org.asynchttpclient.netty.request.NettyRequestSender - Using pooled Channel '[id: 0x0aec9abe, L:/127.0.0.1:56328 - R:localhost/127.0.0.1:1522]' for 'GET' to 'http://localhost:1522/session/a7b1e1adab6f388d8d315d9421b09941/screenshot'
20:08:16.203 [Forwarding screenshot on session a7b1e1adab6f388d8d315d9421b09941 to remote] DEBUG org.asynchttpclient.netty.request.NettyRequestSender - Using open Channel [id: 0x0aec9abe, L:/127.0.0.1:56328 - R:localhost/127.0.0.1:1522] for GET '/session/a7b1e1adab6f388d8d315d9421b09941/screenshot'
20:08:16.398 [AsyncHttpClient-1-17] DEBUG org.asynchttpclient.netty.handler.HttpHandler - 

Request DefaultFullHttpRequest(decodeResult: success, version: HTTP/1.1, content: EmptyByteBufBE)
GET /session/a7b1e1adab6f388d8d315d9421b09941/screenshot HTTP/1.1
User-Agent: selenium/4.8.1 (java mac)
Cache-Control: no-cache
Content-Type: application/json; charset=utf-8
host: localhost:1522
accept: */*

Response DefaultHttpResponse(decodeResult: success, version: HTTP/1.1)
HTTP/1.1 200 OK
Content-Length: 177572
Content-Type: application/json; charset=utf-8
cache-control: no-cache

20:08:16.399 [AsyncHttpClient-1-17] DEBUG org.asynchttpclient.netty.channel.ChannelManager - Adding key: http://localhost:1522 for channel [id: 0x0aec9abe, L:/127.0.0.1:56328 - R:localhost/127.0.0.1:1522]
20:08:16.406 [main] DEBUG net.serenitybdd.core.photography.Darkroom - Send negative for processing for target/site/serenity/3dc2add01fbf979aa5c91f7713f8a30a35189292b865859842ef6d71c2d6cc95.png
20:08:16.409 [Forwarding getPageSource on session a7b1e1adab6f388d8d315d9421b09941 to remote] DEBUG org.asynchttpclient.netty.request.NettyRequestSender - Using pooled Channel '[id: 0x0aec9abe, L:/127.0.0.1:56328 - R:localhost/127.0.0.1:1522]' for 'POST' to 'http://localhost:1522/session/a7b1e1adab6f388d8d315d9421b09941/execute/sync'
20:08:16.409 [Forwarding getPageSource on session a7b1e1adab6f388d8d315d9421b09941 to remote] DEBUG org.asynchttpclient.netty.request.NettyRequestSender - Using open Channel [id: 0x0aec9abe, L:/127.0.0.1:56328 - R:localhost/127.0.0.1:1522] for POST '/session/a7b1e1adab6f388d8d315d9421b09941/execute/sync'
20:08:16.437 [AsyncHttpClient-1-17] DEBUG org.asynchttpclient.netty.handler.HttpHandler - 

Request DefaultHttpRequest(decodeResult: success, version: HTTP/1.1)
POST /session/a7b1e1adab6f388d8d315d9421b09941/execute/sync HTTP/1.1
User-Agent: selenium/4.8.1 (java mac)
Content-Length: 176
Content-Type: application/json; charset=utf-8
host: localhost:1522
accept: */*

Response DefaultHttpResponse(decodeResult: success, version: HTTP/1.1)
HTTP/1.1 200 OK
Content-Length: 919705
Content-Type: application/json; charset=utf-8
cache-control: no-cache

20:08:16.438 [AsyncHttpClient-1-17] DEBUG org.asynchttpclient.netty.channel.ChannelManager - Adding key: http://localhost:1522 for channel [id: 0x0aec9abe, L:/127.0.0.1:56328 - R:localhost/127.0.0.1:1522]
20:08:16.753 [AsyncHttpClient-1-1] DEBUG org.asynchttpclient.netty.channel.DefaultChannelPool - Entry count for : http://localhost:1522 : 1
20:08:16.761 [AsyncHttpClient-1-1] DEBUG org.asynchttpclient.netty.channel.DefaultChannelPool - Entry count for : http://localhost:56329 : 1
20:08:16.792 [Forwarding getCurrentUrl on session a7b1e1adab6f388d8d315d9421b09941 to remote] DEBUG org.asynchttpclient.netty.request.NettyRequestSender - Using pooled Channel '[id: 0x0aec9abe, L:/127.0.0.1:56328 - R:localhost/127.0.0.1:1522]' for 'GET' to 'http://localhost:1522/session/a7b1e1adab6f388d8d315d9421b09941/url'
20:08:16.792 [Forwarding getCurrentUrl on session a7b1e1adab6f388d8d315d9421b09941 to remote] DEBUG org.asynchttpclient.netty.request.NettyRequestSender - Using open Channel [id: 0x0aec9abe, L:/127.0.0.1:56328 - R:localhost/127.0.0.1:1522] for GET '/session/a7b1e1adab6f388d8d315d9421b09941/url'
20:08:16.811 [AsyncHttpClient-1-17] DEBUG org.asynchttpclient.netty.handler.HttpHandler - 

Request DefaultFullHttpRequest(decodeResult: success, version: HTTP/1.1, content: EmptyByteBufBE)
GET /session/a7b1e1adab6f388d8d315d9421b09941/url HTTP/1.1
User-Agent: selenium/4.8.1 (java mac)
Cache-Control: no-cache
Content-Type: application/json; charset=utf-8
host: localhost:1522
accept: */*

Response DefaultHttpResponse(decodeResult: success, version: HTTP/1.1)
HTTP/1.1 200 OK
Content-Length: 41
Content-Type: application/json; charset=utf-8
cache-control: no-cache

20:08:16.817 [AsyncHttpClient-1-17] DEBUG org.asynchttpclient.netty.channel.ChannelManager - Adding key: http://localhost:1522 for channel [id: 0x0aec9abe, L:/127.0.0.1:56328 - R:localhost/127.0.0.1:1522]
20:08:16.840 [main] DEBUG net.thucydides.core.steps.StepInterceptor - STARTING STEP: CheckoutAndBuySteps.doAddProductToMyCart - clickBuyToAddCart
20:08:16.863 [Forwarding findElement on session a7b1e1adab6f388d8d315d9421b09941 to remote] DEBUG org.asynchttpclient.netty.request.NettyRequestSender - Using pooled Channel '[id: 0x0aec9abe, L:/127.0.0.1:56328 - R:localhost/127.0.0.1:1522]' for 'POST' to 'http://localhost:1522/session/a7b1e1adab6f388d8d315d9421b09941/element'
20:08:16.864 [Forwarding findElement on session a7b1e1adab6f388d8d315d9421b09941 to remote] DEBUG org.asynchttpclient.netty.request.NettyRequestSender - Using open Channel [id: 0x0aec9abe, L:/127.0.0.1:56328 - R:localhost/127.0.0.1:1522] for POST '/session/a7b1e1adab6f388d8d315d9421b09941/element'
20:08:16.891 [AsyncHttpClient-1-17] DEBUG org.asynchttpclient.netty.handler.HttpHandler - 

Request DefaultHttpRequest(decodeResult: success, version: HTTP/1.1)
POST /session/a7b1e1adab6f388d8d315d9421b09941/element HTTP/1.1
User-Agent: selenium/4.8.1 (java mac)
Content-Length: 96
Content-Type: application/json; charset=utf-8
host: localhost:1522
accept: */*

Response DefaultHttpResponse(decodeResult: success, version: HTTP/1.1)
HTTP/1.1 200 OK
Content-Length: 88
Content-Type: application/json; charset=utf-8
cache-control: no-cache

20:08:16.892 [AsyncHttpClient-1-17] DEBUG org.asynchttpclient.netty.channel.ChannelManager - Adding key: http://localhost:1522 for channel [id: 0x0aec9abe, L:/127.0.0.1:56328 - R:localhost/127.0.0.1:1522]
20:08:16.895 [Forwarding getElementTagName on session a7b1e1adab6f388d8d315d9421b09941 to remote] DEBUG org.asynchttpclient.netty.request.NettyRequestSender - Using pooled Channel '[id: 0x0aec9abe, L:/127.0.0.1:56328 - R:localhost/127.0.0.1:1522]' for 'GET' to 'http://localhost:1522/session/a7b1e1adab6f388d8d315d9421b09941/element/7586adcd-24b3-4125-bb9c-a2151c0c7907/name'
20:08:16.895 [Forwarding getElementTagName on session a7b1e1adab6f388d8d315d9421b09941 to remote] DEBUG org.asynchttpclient.netty.request.NettyRequestSender - Using open Channel [id: 0x0aec9abe, L:/127.0.0.1:56328 - R:localhost/127.0.0.1:1522] for GET '/session/a7b1e1adab6f388d8d315d9421b09941/element/7586adcd-24b3-4125-bb9c-a2151c0c7907/name'
20:08:16.898 [AsyncHttpClient-1-17] DEBUG org.asynchttpclient.netty.handler.HttpHandler - 

Request DefaultFullHttpRequest(decodeResult: success, version: HTTP/1.1, content: EmptyByteBufBE)
GET /session/a7b1e1adab6f388d8d315d9421b09941/element/7586adcd-24b3-4125-bb9c-a2151c0c7907/name HTTP/1.1
User-Agent: selenium/4.8.1 (java mac)
Cache-Control: no-cache
Content-Type: application/json; charset=utf-8
host: localhost:1522
accept: */*

Response DefaultHttpResponse(decodeResult: success, version: HTTP/1.1)
HTTP/1.1 200 OK
Content-Length: 16
Content-Type: application/json; charset=utf-8
cache-control: no-cache

20:08:16.898 [AsyncHttpClient-1-17] DEBUG org.asynchttpclient.netty.channel.ChannelManager - Adding key: http://localhost:1522 for channel [id: 0x0aec9abe, L:/127.0.0.1:56328 - R:localhost/127.0.0.1:1522]
20:08:16.898 [Forwarding getElementTagName on session a7b1e1adab6f388d8d315d9421b09941 to remote] DEBUG org.asynchttpclient.netty.request.NettyRequestSender - Using pooled Channel '[id: 0x0aec9abe, L:/127.0.0.1:56328 - R:localhost/127.0.0.1:1522]' for 'GET' to 'http://localhost:1522/session/a7b1e1adab6f388d8d315d9421b09941/element/7586adcd-24b3-4125-bb9c-a2151c0c7907/name'
20:08:16.898 [Forwarding getElementTagName on session a7b1e1adab6f388d8d315d9421b09941 to remote] DEBUG org.asynchttpclient.netty.request.NettyRequestSender - Using open Channel [id: 0x0aec9abe, L:/127.0.0.1:56328 - R:localhost/127.0.0.1:1522] for GET '/session/a7b1e1adab6f388d8d315d9421b09941/element/7586adcd-24b3-4125-bb9c-a2151c0c7907/name'
20:08:16.900 [AsyncHttpClient-1-17] DEBUG org.asynchttpclient.netty.handler.HttpHandler - 

Request DefaultFullHttpRequest(decodeResult: success, version: HTTP/1.1, content: EmptyByteBufBE)
GET /session/a7b1e1adab6f388d8d315d9421b09941/element/7586adcd-24b3-4125-bb9c-a2151c0c7907/name HTTP/1.1
User-Agent: selenium/4.8.1 (java mac)
Cache-Control: no-cache
Content-Type: application/json; charset=utf-8
host: localhost:1522
accept: */*

Response DefaultHttpResponse(decodeResult: success, version: HTTP/1.1)
HTTP/1.1 200 OK
Content-Length: 16
Content-Type: application/json; charset=utf-8
cache-control: no-cache

20:08:16.900 [AsyncHttpClient-1-17] DEBUG org.asynchttpclient.netty.channel.ChannelManager - Adding key: http://localhost:1522 for channel [id: 0x0aec9abe, L:/127.0.0.1:56328 - R:localhost/127.0.0.1:1522]
20:08:16.901 [Forwarding findElement on session a7b1e1adab6f388d8d315d9421b09941 to remote] DEBUG org.asynchttpclient.netty.request.NettyRequestSender - Using pooled Channel '[id: 0x0aec9abe, L:/127.0.0.1:56328 - R:localhost/127.0.0.1:1522]' for 'POST' to 'http://localhost:1522/session/a7b1e1adab6f388d8d315d9421b09941/element'
20:08:16.901 [Forwarding findElement on session a7b1e1adab6f388d8d315d9421b09941 to remote] DEBUG org.asynchttpclient.netty.request.NettyRequestSender - Using open Channel [id: 0x0aec9abe, L:/127.0.0.1:56328 - R:localhost/127.0.0.1:1522] for POST '/session/a7b1e1adab6f388d8d315d9421b09941/element'
20:08:16.908 [AsyncHttpClient-1-17] DEBUG org.asynchttpclient.netty.handler.HttpHandler - 

Request DefaultHttpRequest(decodeResult: success, version: HTTP/1.1)
POST /session/a7b1e1adab6f388d8d315d9421b09941/element HTTP/1.1
User-Agent: selenium/4.8.1 (java mac)
Content-Length: 96
Content-Type: application/json; charset=utf-8
host: localhost:1522
accept: */*

Response DefaultHttpResponse(decodeResult: success, version: HTTP/1.1)
HTTP/1.1 200 OK
Content-Length: 88
Content-Type: application/json; charset=utf-8
cache-control: no-cache

20:08:16.908 [AsyncHttpClient-1-17] DEBUG org.asynchttpclient.netty.channel.ChannelManager - Adding key: http://localhost:1522 for channel [id: 0x0aec9abe, L:/127.0.0.1:56328 - R:localhost/127.0.0.1:1522]
20:08:16.909 [Forwarding clickElement on session a7b1e1adab6f388d8d315d9421b09941 to remote] DEBUG org.asynchttpclient.netty.request.NettyRequestSender - Using pooled Channel '[id: 0x0aec9abe, L:/127.0.0.1:56328 - R:localhost/127.0.0.1:1522]' for 'POST' to 'http://localhost:1522/session/a7b1e1adab6f388d8d315d9421b09941/element/7586adcd-24b3-4125-bb9c-a2151c0c7907/click'
20:08:16.909 [Forwarding clickElement on session a7b1e1adab6f388d8d315d9421b09941 to remote] DEBUG org.asynchttpclient.netty.request.NettyRequestSender - Using open Channel [id: 0x0aec9abe, L:/127.0.0.1:56328 - R:localhost/127.0.0.1:1522] for POST '/session/a7b1e1adab6f388d8d315d9421b09941/element/7586adcd-24b3-4125-bb9c-a2151c0c7907/click'
20:08:17.268 [AsyncHttpClient-1-17] DEBUG org.asynchttpclient.netty.handler.HttpHandler - 

Request DefaultHttpRequest(decodeResult: success, version: HTTP/1.1)
POST /session/a7b1e1adab6f388d8d315d9421b09941/element/7586adcd-24b3-4125-bb9c-a2151c0c7907/click HTTP/1.1
User-Agent: selenium/4.8.1 (java mac)
Content-Length: 50
Content-Type: application/json; charset=utf-8
host: localhost:1522
accept: */*

Response DefaultHttpResponse(decodeResult: success, version: HTTP/1.1)
HTTP/1.1 200 OK
Content-Length: 14
Content-Type: application/json; charset=utf-8
cache-control: no-cache

20:08:17.268 [AsyncHttpClient-1-17] DEBUG org.asynchttpclient.netty.channel.ChannelManager - Adding key: http://localhost:1522 for channel [id: 0x0aec9abe, L:/127.0.0.1:56328 - R:localhost/127.0.0.1:1522]
20:08:17.293 [Forwarding getAlertText on session a7b1e1adab6f388d8d315d9421b09941 to remote] DEBUG org.asynchttpclient.netty.request.NettyRequestSender - Using pooled Channel '[id: 0x0aec9abe, L:/127.0.0.1:56328 - R:localhost/127.0.0.1:1522]' for 'GET' to 'http://localhost:1522/session/a7b1e1adab6f388d8d315d9421b09941/alert/text'
20:08:17.294 [Forwarding getAlertText on session a7b1e1adab6f388d8d315d9421b09941 to remote] DEBUG org.asynchttpclient.netty.request.NettyRequestSender - Using open Channel [id: 0x0aec9abe, L:/127.0.0.1:56328 - R:localhost/127.0.0.1:1522] for GET '/session/a7b1e1adab6f388d8d315d9421b09941/alert/text'
20:08:17.308 [AsyncHttpClient-1-17] DEBUG org.asynchttpclient.netty.handler.HttpHandler - 

Request DefaultFullHttpRequest(decodeResult: success, version: HTTP/1.1, content: EmptyByteBufBE)
GET /session/a7b1e1adab6f388d8d315d9421b09941/alert/text HTTP/1.1
User-Agent: selenium/4.8.1 (java mac)
Cache-Control: no-cache
Content-Type: application/json; charset=utf-8
host: localhost:1522
accept: */*

Response DefaultHttpResponse(decodeResult: success, version: HTTP/1.1)
HTTP/1.1 404 Not Found
Content-Length: 1763
Content-Type: application/json; charset=utf-8
cache-control: no-cache

20:08:17.308 [AsyncHttpClient-1-17] DEBUG org.asynchttpclient.netty.channel.ChannelManager - Adding key: http://localhost:1522 for channel [id: 0x0aec9abe, L:/127.0.0.1:56328 - R:localhost/127.0.0.1:1522]
20:08:17.312 [Forwarding getCurrentUrl on session a7b1e1adab6f388d8d315d9421b09941 to remote] DEBUG org.asynchttpclient.netty.request.NettyRequestSender - Using pooled Channel '[id: 0x0aec9abe, L:/127.0.0.1:56328 - R:localhost/127.0.0.1:1522]' for 'GET' to 'http://localhost:1522/session/a7b1e1adab6f388d8d315d9421b09941/url'
20:08:17.312 [Forwarding getCurrentUrl on session a7b1e1adab6f388d8d315d9421b09941 to remote] DEBUG org.asynchttpclient.netty.request.NettyRequestSender - Using open Channel [id: 0x0aec9abe, L:/127.0.0.1:56328 - R:localhost/127.0.0.1:1522] for GET '/session/a7b1e1adab6f388d8d315d9421b09941/url'
20:08:17.315 [AsyncHttpClient-1-17] DEBUG org.asynchttpclient.netty.handler.HttpHandler - 

Request DefaultFullHttpRequest(decodeResult: success, version: HTTP/1.1, content: EmptyByteBufBE)
GET /session/a7b1e1adab6f388d8d315d9421b09941/url HTTP/1.1
User-Agent: selenium/4.8.1 (java mac)
Cache-Control: no-cache
Content-Type: application/json; charset=utf-8
host: localhost:1522
accept: */*

Response DefaultHttpResponse(decodeResult: success, version: HTTP/1.1)
HTTP/1.1 200 OK
Content-Length: 41
Content-Type: application/json; charset=utf-8
cache-control: no-cache

20:08:17.315 [AsyncHttpClient-1-17] DEBUG org.asynchttpclient.netty.channel.ChannelManager - Adding key: http://localhost:1522 for channel [id: 0x0aec9abe, L:/127.0.0.1:56328 - R:localhost/127.0.0.1:1522]
20:08:17.316 [Forwarding screenshot on session a7b1e1adab6f388d8d315d9421b09941 to remote] DEBUG org.asynchttpclient.netty.request.NettyRequestSender - Using pooled Channel '[id: 0x0aec9abe, L:/127.0.0.1:56328 - R:localhost/127.0.0.1:1522]' for 'GET' to 'http://localhost:1522/session/a7b1e1adab6f388d8d315d9421b09941/screenshot'
20:08:17.316 [Forwarding screenshot on session a7b1e1adab6f388d8d315d9421b09941 to remote] DEBUG org.asynchttpclient.netty.request.NettyRequestSender - Using open Channel [id: 0x0aec9abe, L:/127.0.0.1:56328 - R:localhost/127.0.0.1:1522] for GET '/session/a7b1e1adab6f388d8d315d9421b09941/screenshot'
20:08:17.538 [AsyncHttpClient-1-17] DEBUG org.asynchttpclient.netty.handler.HttpHandler - 

Request DefaultFullHttpRequest(decodeResult: success, version: HTTP/1.1, content: EmptyByteBufBE)
GET /session/a7b1e1adab6f388d8d315d9421b09941/screenshot HTTP/1.1
User-Agent: selenium/4.8.1 (java mac)
Cache-Control: no-cache
Content-Type: application/json; charset=utf-8
host: localhost:1522
accept: */*

Response DefaultHttpResponse(decodeResult: success, version: HTTP/1.1)
HTTP/1.1 200 OK
Content-Length: 178960
Content-Type: application/json; charset=utf-8
cache-control: no-cache

20:08:17.539 [AsyncHttpClient-1-17] DEBUG org.asynchttpclient.netty.channel.ChannelManager - Adding key: http://localhost:1522 for channel [id: 0x0aec9abe, L:/127.0.0.1:56328 - R:localhost/127.0.0.1:1522]
20:08:17.553 [main] DEBUG net.serenitybdd.core.photography.Darkroom - Send negative for processing for target/site/serenity/8b95efc11f686e9b2a40d6ab411ae81340faeeaf1d4e37f0863e2216dc0bf73a.png
20:08:17.553 [Darkroom Processing Line] DEBUG net.serenitybdd.core.photography.DarkroomProcessingLine - Processing screenshot image in /var/screenshots/screenshot-6573821034959761024
20:08:17.554 [Darkroom Processing Line] DEBUG net.serenitybdd.core.photography.DarkroomProcessingLine - Saving screenshot to target/site/serenity/8b95efc11f686e9b2a40d6ab411ae81340faeeaf1d4e37f0863e2216dc0bf73a.png
20:08:17.559 [main] DEBUG net.thucydides.core.steps.StepInterceptor - STEP DONE: clickBuyToAddCart
  &amp#27;[32mAnd &amp#27;[0m&amp#27;[32mI buy to add products cart6&amp#27;[0m                          &amp#27;[90m# starter.stepdefinitions.CheckoutAndBuySteps.doAddProductToMyCart()&amp#27;[0m
20:08:17.583 [Forwarding getPageSource on session a7b1e1adab6f388d8d315d9421b09941 to remote] DEBUG org.asynchttpclient.netty.request.NettyRequestSender - Using pooled Channel '[id: 0x0aec9abe, L:/127.0.0.1:56328 - R:localhost/127.0.0.1:1522]' for 'POST' to 'http://localhost:1522/session/a7b1e1adab6f388d8d315d9421b09941/execute/sync'
20:08:17.583 [Forwarding getPageSource on session a7b1e1adab6f388d8d315d9421b09941 to remote] DEBUG org.asynchttpclient.netty.request.NettyRequestSender - Using open Channel [id: 0x0aec9abe, L:/127.0.0.1:56328 - R:localhost/127.0.0.1:1522] for POST '/session/a7b1e1adab6f388d8d315d9421b09941/execute/sync'
20:08:17.621 [AsyncHttpClient-1-17] DEBUG org.asynchttpclient.netty.handler.HttpHandler - 

Request DefaultHttpRequest(decodeResult: success, version: HTTP/1.1)
POST /session/a7b1e1adab6f388d8d315d9421b09941/execute/sync HTTP/1.1
User-Agent: selenium/4.8.1 (java mac)
Content-Length: 176
Content-Type: application/json; charset=utf-8
host: localhost:1522
accept: */*

Response DefaultHttpResponse(decodeResult: success, version: HTTP/1.1)
HTTP/1.1 200 OK
Content-Length: 919690
Content-Type: application/json; charset=utf-8
cache-control: no-cache

20:08:17.622 [AsyncHttpClient-1-17] DEBUG org.asynchttpclient.netty.channel.ChannelManager - Adding key: http://localhost:1522 for channel [id: 0x0aec9abe, L:/127.0.0.1:56328 - R:localhost/127.0.0.1:1522]
20:08:17.736 [Forwarding getCurrentUrl on session a7b1e1adab6f388d8d315d9421b09941 to remote] DEBUG org.asynchttpclient.netty.request.NettyRequestSender - Using pooled Channel '[id: 0x0aec9abe, L:/127.0.0.1:56328 - R:localhost/127.0.0.1:1522]' for 'GET' to 'http://localhost:1522/session/a7b1e1adab6f388d8d315d9421b09941/url'
20:08:17.736 [Forwarding getCurrentUrl on session a7b1e1adab6f388d8d315d9421b09941 to remote] DEBUG org.asynchttpclient.netty.request.NettyRequestSender - Using open Channel [id: 0x0aec9abe, L:/127.0.0.1:56328 - R:localhost/127.0.0.1:1522] for GET '/session/a7b1e1adab6f388d8d315d9421b09941/url'
20:08:17.738 [AsyncHttpClient-1-17] DEBUG org.asynchttpclient.netty.handler.HttpHandler - 

Request DefaultFullHttpRequest(decodeResult: success, version: HTTP/1.1, content: EmptyByteBufBE)
GET /session/a7b1e1adab6f388d8d315d9421b09941/url HTTP/1.1
User-Agent: selenium/4.8.1 (java mac)
Cache-Control: no-cache
Content-Type: application/json; charset=utf-8
host: localhost:1522
accept: */*

Response DefaultHttpResponse(decodeResult: success, version: HTTP/1.1)
HTTP/1.1 200 OK
Content-Length: 41
Content-Type: application/json; charset=utf-8
cache-control: no-cache

20:08:17.738 [AsyncHttpClient-1-17] DEBUG org.asynchttpclient.netty.channel.ChannelManager - Adding key: http://localhost:1522 for channel [id: 0x0aec9abe, L:/127.0.0.1:56328 - R:localhost/127.0.0.1:1522]
20:08:17.751 [Forwarding getAlertText on session a7b1e1adab6f388d8d315d9421b09941 to remote] DEBUG org.asynchttpclient.netty.request.NettyRequestSender - Using pooled Channel '[id: 0x0aec9abe, L:/127.0.0.1:56328 - R:localhost/127.0.0.1:1522]' for 'GET' to 'http://localhost:1522/session/a7b1e1adab6f388d8d315d9421b09941/alert/text'
20:08:17.751 [Forwarding getAlertText on session a7b1e1adab6f388d8d315d9421b09941 to remote] DEBUG org.asynchttpclient.netty.request.NettyRequestSender - Using open Channel [id: 0x0aec9abe, L:/127.0.0.1:56328 - R:localhost/127.0.0.1:1522] for GET '/session/a7b1e1adab6f388d8d315d9421b09941/alert/text'
20:08:17.752 [AsyncHttpClient-1-17] DEBUG org.asynchttpclient.netty.handler.HttpHandler - 

Request DefaultFullHttpRequest(decodeResult: success, version: HTTP/1.1, content: EmptyByteBufBE)
GET /session/a7b1e1adab6f388d8d315d9421b09941/alert/text HTTP/1.1
User-Agent: selenium/4.8.1 (java mac)
Cache-Control: no-cache
Content-Type: application/json; charset=utf-8
host: localhost:1522
accept: */*

Response DefaultHttpResponse(decodeResult: success, version: HTTP/1.1)
HTTP/1.1 404 Not Found
Content-Length: 1763
Content-Type: application/json; charset=utf-8
cache-control: no-cache

20:08:17.752 [AsyncHttpClient-1-17] DEBUG org.asynchttpclient.netty.channel.ChannelManager - Adding key: http://localhost:1522 for channel [id: 0x0aec9abe, L:/127.0.0.1:56328 - R:localhost/127.0.0.1:1522]
20:08:17.753 [Forwarding getCurrentUrl on session a7b1e1adab6f388d8d315d9421b09941 to remote] DEBUG org.asynchttpclient.netty.request.NettyRequestSender - Using pooled Channel '[id: 0x0aec9abe, L:/127.0.0.1:56328 - R:localhost/127.0.0.1:1522]' for 'GET' to 'http://localhost:1522/session/a7b1e1adab6f388d8d315d9421b09941/url'
20:08:17.753 [Forwarding getCurrentUrl on session a7b1e1adab6f388d8d315d9421b09941 to remote] DEBUG org.asynchttpclient.netty.request.NettyRequestSender - Using open Channel [id: 0x0aec9abe, L:/127.0.0.1:56328 - R:localhost/127.0.0.1:1522] for GET '/session/a7b1e1adab6f388d8d315d9421b09941/url'
20:08:17.756 [AsyncHttpClient-1-17] DEBUG org.asynchttpclient.netty.handler.HttpHandler - 

Request DefaultFullHttpRequest(decodeResult: success, version: HTTP/1.1, content: EmptyByteBufBE)
GET /session/a7b1e1adab6f388d8d315d9421b09941/url HTTP/1.1
User-Agent: selenium/4.8.1 (java mac)
Cache-Control: no-cache
Content-Type: application/json; charset=utf-8
host: localhost:1522
accept: */*

Response DefaultHttpResponse(decodeResult: success, version: HTTP/1.1)
HTTP/1.1 200 OK
Content-Length: 41
Content-Type: application/json; charset=utf-8
cache-control: no-cache

20:08:17.756 [AsyncHttpClient-1-17] DEBUG org.asynchttpclient.netty.channel.ChannelManager - Adding key: http://localhost:1522 for channel [id: 0x0aec9abe, L:/127.0.0.1:56328 - R:localhost/127.0.0.1:1522]
20:08:17.757 [Forwarding screenshot on session a7b1e1adab6f388d8d315d9421b09941 to remote] DEBUG org.asynchttpclient.netty.request.NettyRequestSender - Using pooled Channel '[id: 0x0aec9abe, L:/127.0.0.1:56328 - R:localhost/127.0.0.1:1522]' for 'GET' to 'http://localhost:1522/session/a7b1e1adab6f388d8d315d9421b09941/screenshot'
20:08:17.757 [Forwarding screenshot on session a7b1e1adab6f388d8d315d9421b09941 to remote] DEBUG org.asynchttpclient.netty.request.NettyRequestSender - Using open Channel [id: 0x0aec9abe, L:/127.0.0.1:56328 - R:localhost/127.0.0.1:1522] for GET '/session/a7b1e1adab6f388d8d315d9421b09941/screenshot'
20:08:17.766 [AsyncHttpClient-1-1] DEBUG org.asynchttpclient.netty.channel.DefaultChannelPool - Entry count for : http://localhost:56329 : 1
20:08:17.929 [AsyncHttpClient-1-17] DEBUG org.asynchttpclient.netty.handler.HttpHandler - 

Request DefaultFullHttpRequest(decodeResult: success, version: HTTP/1.1, content: EmptyByteBufBE)
GET /session/a7b1e1adab6f388d8d315d9421b09941/screenshot HTTP/1.1
User-Agent: selenium/4.8.1 (java mac)
Cache-Control: no-cache
Content-Type: application/json; charset=utf-8
host: localhost:1522
accept: */*

Response DefaultHttpResponse(decodeResult: success, version: HTTP/1.1)
HTTP/1.1 200 OK
Content-Length: 178636
Content-Type: application/json; charset=utf-8
cache-control: no-cache

20:08:17.930 [AsyncHttpClient-1-17] DEBUG org.asynchttpclient.netty.channel.ChannelManager - Adding key: http://localhost:1522 for channel [id: 0x0aec9abe, L:/127.0.0.1:56328 - R:localhost/127.0.0.1:1522]
20:08:17.937 [main] DEBUG net.serenitybdd.core.photography.Darkroom - Send negative for processing for target/site/serenity/3a7524a77245d82186a8081535ef57f16d18f30e707c26a1062ae80c07cd01de.png
20:08:17.940 [Forwarding getPageSource on session a7b1e1adab6f388d8d315d9421b09941 to remote] DEBUG org.asynchttpclient.netty.request.NettyRequestSender - Using pooled Channel '[id: 0x0aec9abe, L:/127.0.0.1:56328 - R:localhost/127.0.0.1:1522]' for 'POST' to 'http://localhost:1522/session/a7b1e1adab6f388d8d315d9421b09941/execute/sync'
20:08:17.940 [Forwarding getPageSource on session a7b1e1adab6f388d8d315d9421b09941 to remote] DEBUG org.asynchttpclient.netty.request.NettyRequestSender - Using open Channel [id: 0x0aec9abe, L:/127.0.0.1:56328 - R:localhost/127.0.0.1:1522] for POST '/session/a7b1e1adab6f388d8d315d9421b09941/execute/sync'
20:08:17.970 [AsyncHttpClient-1-17] DEBUG org.asynchttpclient.netty.handler.HttpHandler - 

Request DefaultHttpRequest(decodeResult: success, version: HTTP/1.1)
POST /session/a7b1e1adab6f388d8d315d9421b09941/execute/sync HTTP/1.1
User-Agent: selenium/4.8.1 (java mac)
Content-Length: 176
Content-Type: application/json; charset=utf-8
host: localhost:1522
accept: */*

Response DefaultHttpResponse(decodeResult: success, version: HTTP/1.1)
HTTP/1.1 200 OK
Content-Length: 919690
Content-Type: application/json; charset=utf-8
cache-control: no-cache

20:08:17.971 [AsyncHttpClient-1-17] DEBUG org.asynchttpclient.netty.channel.ChannelManager - Adding key: http://localhost:1522 for channel [id: 0x0aec9abe, L:/127.0.0.1:56328 - R:localhost/127.0.0.1:1522]
20:08:18.105 [Forwarding getCurrentUrl on session a7b1e1adab6f388d8d315d9421b09941 to remote] DEBUG org.asynchttpclient.netty.request.NettyRequestSender - Using pooled Channel '[id: 0x0aec9abe, L:/127.0.0.1:56328 - R:localhost/127.0.0.1:1522]' for 'GET' to 'http://localhost:1522/session/a7b1e1adab6f388d8d315d9421b09941/url'
20:08:18.105 [Forwarding getCurrentUrl on session a7b1e1adab6f388d8d315d9421b09941 to remote] DEBUG org.asynchttpclient.netty.request.NettyRequestSender - Using open Channel [id: 0x0aec9abe, L:/127.0.0.1:56328 - R:localhost/127.0.0.1:1522] for GET '/session/a7b1e1adab6f388d8d315d9421b09941/url'
20:08:18.107 [AsyncHttpClient-1-17] DEBUG org.asynchttpclient.netty.handler.HttpHandler - 

Request DefaultFullHttpRequest(decodeResult: success, version: HTTP/1.1, content: EmptyByteBufBE)
GET /session/a7b1e1adab6f388d8d315d9421b09941/url HTTP/1.1
User-Agent: selenium/4.8.1 (java mac)
Cache-Control: no-cache
Content-Type: application/json; charset=utf-8
host: localhost:1522
accept: */*

Response DefaultHttpResponse(decodeResult: success, version: HTTP/1.1)
HTTP/1.1 200 OK
Content-Length: 41
Content-Type: application/json; charset=utf-8
cache-control: no-cache

20:08:18.107 [AsyncHttpClient-1-17] DEBUG org.asynchttpclient.netty.channel.ChannelManager - Adding key: http://localhost:1522 for channel [id: 0x0aec9abe, L:/127.0.0.1:56328 - R:localhost/127.0.0.1:1522]
20:08:18.110 [main] DEBUG net.thucydides.core.steps.StepInterceptor - STARTING STEP: CheckoutAndBuySteps.checkMycart - clickCart
20:08:18.116 [Forwarding findElement on session a7b1e1adab6f388d8d315d9421b09941 to remote] DEBUG org.asynchttpclient.netty.request.NettyRequestSender - Using pooled Channel '[id: 0x0aec9abe, L:/127.0.0.1:56328 - R:localhost/127.0.0.1:1522]' for 'POST' to 'http://localhost:1522/session/a7b1e1adab6f388d8d315d9421b09941/element'
20:08:18.116 [Forwarding findElement on session a7b1e1adab6f388d8d315d9421b09941 to remote] DEBUG org.asynchttpclient.netty.request.NettyRequestSender - Using open Channel [id: 0x0aec9abe, L:/127.0.0.1:56328 - R:localhost/127.0.0.1:1522] for POST '/session/a7b1e1adab6f388d8d315d9421b09941/element'
20:08:18.146 [AsyncHttpClient-1-17] DEBUG org.asynchttpclient.netty.handler.HttpHandler - 

Request DefaultHttpRequest(decodeResult: success, version: HTTP/1.1)
POST /session/a7b1e1adab6f388d8d315d9421b09941/element HTTP/1.1
User-Agent: selenium/4.8.1 (java mac)
Content-Length: 138
Content-Type: application/json; charset=utf-8
host: localhost:1522
accept: */*

Response DefaultHttpResponse(decodeResult: success, version: HTTP/1.1)
HTTP/1.1 200 OK
Content-Length: 88
Content-Type: application/json; charset=utf-8
cache-control: no-cache

20:08:18.147 [AsyncHttpClient-1-17] DEBUG org.asynchttpclient.netty.channel.ChannelManager - Adding key: http://localhost:1522 for channel [id: 0x0aec9abe, L:/127.0.0.1:56328 - R:localhost/127.0.0.1:1522]
20:08:18.149 [Forwarding getElementTagName on session a7b1e1adab6f388d8d315d9421b09941 to remote] DEBUG org.asynchttpclient.netty.request.NettyRequestSender - Using pooled Channel '[id: 0x0aec9abe, L:/127.0.0.1:56328 - R:localhost/127.0.0.1:1522]' for 'GET' to 'http://localhost:1522/session/a7b1e1adab6f388d8d315d9421b09941/element/190c86df-8dad-4c0c-a248-ffefe70711d3/name'
20:08:18.149 [Forwarding getElementTagName on session a7b1e1adab6f388d8d315d9421b09941 to remote] DEBUG org.asynchttpclient.netty.request.NettyRequestSender - Using open Channel [id: 0x0aec9abe, L:/127.0.0.1:56328 - R:localhost/127.0.0.1:1522] for GET '/session/a7b1e1adab6f388d8d315d9421b09941/element/190c86df-8dad-4c0c-a248-ffefe70711d3/name'
20:08:18.151 [AsyncHttpClient-1-17] DEBUG org.asynchttpclient.netty.handler.HttpHandler - 

Request DefaultFullHttpRequest(decodeResult: success, version: HTTP/1.1, content: EmptyByteBufBE)
GET /session/a7b1e1adab6f388d8d315d9421b09941/element/190c86df-8dad-4c0c-a248-ffefe70711d3/name HTTP/1.1
User-Agent: selenium/4.8.1 (java mac)
Cache-Control: no-cache
Content-Type: application/json; charset=utf-8
host: localhost:1522
accept: */*

Response DefaultHttpResponse(decodeResult: success, version: HTTP/1.1)
HTTP/1.1 200 OK
Content-Length: 13
Content-Type: application/json; charset=utf-8
cache-control: no-cache

20:08:18.152 [AsyncHttpClient-1-17] DEBUG org.asynchttpclient.netty.channel.ChannelManager - Adding key: http://localhost:1522 for channel [id: 0x0aec9abe, L:/127.0.0.1:56328 - R:localhost/127.0.0.1:1522]
20:08:18.152 [Forwarding getElementTagName on session a7b1e1adab6f388d8d315d9421b09941 to remote] DEBUG org.asynchttpclient.netty.request.NettyRequestSender - Using pooled Channel '[id: 0x0aec9abe, L:/127.0.0.1:56328 - R:localhost/127.0.0.1:1522]' for 'GET' to 'http://localhost:1522/session/a7b1e1adab6f388d8d315d9421b09941/element/190c86df-8dad-4c0c-a248-ffefe70711d3/name'
20:08:18.152 [Forwarding getElementTagName on session a7b1e1adab6f388d8d315d9421b09941 to remote] DEBUG org.asynchttpclient.netty.request.NettyRequestSender - Using open Channel [id: 0x0aec9abe, L:/127.0.0.1:56328 - R:localhost/127.0.0.1:1522] for GET '/session/a7b1e1adab6f388d8d315d9421b09941/element/190c86df-8dad-4c0c-a248-ffefe70711d3/name'
20:08:18.155 [AsyncHttpClient-1-17] DEBUG org.asynchttpclient.netty.handler.HttpHandler - 

Request DefaultFullHttpRequest(decodeResult: success, version: HTTP/1.1, content: EmptyByteBufBE)
GET /session/a7b1e1adab6f388d8d315d9421b09941/element/190c86df-8dad-4c0c-a248-ffefe70711d3/name HTTP/1.1
User-Agent: selenium/4.8.1 (java mac)
Cache-Control: no-cache
Content-Type: application/json; charset=utf-8
host: localhost:1522
accept: */*

Response DefaultHttpResponse(decodeResult: success, version: HTTP/1.1)
HTTP/1.1 200 OK
Content-Length: 13
Content-Type: application/json; charset=utf-8
cache-control: no-cache

20:08:18.155 [AsyncHttpClient-1-17] DEBUG org.asynchttpclient.netty.channel.ChannelManager - Adding key: http://localhost:1522 for channel [id: 0x0aec9abe, L:/127.0.0.1:56328 - R:localhost/127.0.0.1:1522]
20:08:18.158 [Forwarding findElement on session a7b1e1adab6f388d8d315d9421b09941 to remote] DEBUG org.asynchttpclient.netty.request.NettyRequestSender - Using pooled Channel '[id: 0x0aec9abe, L:/127.0.0.1:56328 - R:localhost/127.0.0.1:1522]' for 'POST' to 'http://localhost:1522/session/a7b1e1adab6f388d8d315d9421b09941/element'
20:08:18.158 [Forwarding findElement on session a7b1e1adab6f388d8d315d9421b09941 to remote] DEBUG org.asynchttpclient.netty.request.NettyRequestSender - Using open Channel [id: 0x0aec9abe, L:/127.0.0.1:56328 - R:localhost/127.0.0.1:1522] for POST '/session/a7b1e1adab6f388d8d315d9421b09941/element'
20:08:18.166 [AsyncHttpClient-1-17] DEBUG org.asynchttpclient.netty.handler.HttpHandler - 

Request DefaultHttpRequest(decodeResult: success, version: HTTP/1.1)
POST /session/a7b1e1adab6f388d8d315d9421b09941/element HTTP/1.1
User-Agent: selenium/4.8.1 (java mac)
Content-Length: 138
Content-Type: application/json; charset=utf-8
host: localhost:1522
accept: */*

Response DefaultHttpResponse(decodeResult: success, version: HTTP/1.1)
HTTP/1.1 200 OK
Content-Length: 88
Content-Type: application/json; charset=utf-8
cache-control: no-cache

20:08:18.167 [AsyncHttpClient-1-17] DEBUG org.asynchttpclient.netty.channel.ChannelManager - Adding key: http://localhost:1522 for channel [id: 0x0aec9abe, L:/127.0.0.1:56328 - R:localhost/127.0.0.1:1522]
20:08:18.168 [Forwarding clickElement on session a7b1e1adab6f388d8d315d9421b09941 to remote] DEBUG org.asynchttpclient.netty.request.NettyRequestSender - Using pooled Channel '[id: 0x0aec9abe, L:/127.0.0.1:56328 - R:localhost/127.0.0.1:1522]' for 'POST' to 'http://localhost:1522/session/a7b1e1adab6f388d8d315d9421b09941/element/190c86df-8dad-4c0c-a248-ffefe70711d3/click'
20:08:18.168 [Forwarding clickElement on session a7b1e1adab6f388d8d315d9421b09941 to remote] DEBUG org.asynchttpclient.netty.request.NettyRequestSender - Using open Channel [id: 0x0aec9abe, L:/127.0.0.1:56328 - R:localhost/127.0.0.1:1522] for POST '/session/a7b1e1adab6f388d8d315d9421b09941/element/190c86df-8dad-4c0c-a248-ffefe70711d3/click'
20:08:18.199 [AsyncHttpClient-1-17] DEBUG org.asynchttpclient.netty.handler.HttpHandler - 

Request DefaultHttpRequest(decodeResult: success, version: HTTP/1.1)
POST /session/a7b1e1adab6f388d8d315d9421b09941/element/190c86df-8dad-4c0c-a248-ffefe70711d3/click HTTP/1.1
User-Agent: selenium/4.8.1 (java mac)
Content-Length: 50
Content-Type: application/json; charset=utf-8
host: localhost:1522
accept: */*

Response DefaultHttpResponse(decodeResult: success, version: HTTP/1.1)
HTTP/1.1 200 OK
Content-Length: 14
Content-Type: application/json; charset=utf-8
cache-control: no-cache

20:08:18.199 [AsyncHttpClient-1-17] DEBUG org.asynchttpclient.netty.channel.ChannelManager - Adding key: http://localhost:1522 for channel [id: 0x0aec9abe, L:/127.0.0.1:56328 - R:localhost/127.0.0.1:1522]
20:08:18.206 [Forwarding getAlertText on session a7b1e1adab6f388d8d315d9421b09941 to remote] DEBUG org.asynchttpclient.netty.request.NettyRequestSender - Using pooled Channel '[id: 0x0aec9abe, L:/127.0.0.1:56328 - R:localhost/127.0.0.1:1522]' for 'GET' to 'http://localhost:1522/session/a7b1e1adab6f388d8d315d9421b09941/alert/text'
20:08:18.206 [Forwarding getAlertText on session a7b1e1adab6f388d8d315d9421b09941 to remote] DEBUG org.asynchttpclient.netty.request.NettyRequestSender - Using open Channel [id: 0x0aec9abe, L:/127.0.0.1:56328 - R:localhost/127.0.0.1:1522] for GET '/session/a7b1e1adab6f388d8d315d9421b09941/alert/text'
20:08:18.574 [AsyncHttpClient-1-17] DEBUG org.asynchttpclient.netty.handler.HttpHandler - 

Request DefaultFullHttpRequest(decodeResult: success, version: HTTP/1.1, content: EmptyByteBufBE)
GET /session/a7b1e1adab6f388d8d315d9421b09941/alert/text HTTP/1.1
User-Agent: selenium/4.8.1 (java mac)
Cache-Control: no-cache
Content-Type: application/json; charset=utf-8
host: localhost:1522
accept: */*

Response DefaultHttpResponse(decodeResult: success, version: HTTP/1.1)
HTTP/1.1 404 Not Found
Content-Length: 1763
Content-Type: application/json; charset=utf-8
cache-control: no-cache

20:08:18.576 [AsyncHttpClient-1-17] DEBUG org.asynchttpclient.netty.channel.ChannelManager - Adding key: http://localhost:1522 for channel [id: 0x0aec9abe, L:/127.0.0.1:56328 - R:localhost/127.0.0.1:1522]
20:08:18.581 [Forwarding getCurrentUrl on session a7b1e1adab6f388d8d315d9421b09941 to remote] DEBUG org.asynchttpclient.netty.request.NettyRequestSender - Using pooled Channel '[id: 0x0aec9abe, L:/127.0.0.1:56328 - R:localhost/127.0.0.1:1522]' for 'GET' to 'http://localhost:1522/session/a7b1e1adab6f388d8d315d9421b09941/url'
20:08:18.582 [Forwarding getCurrentUrl on session a7b1e1adab6f388d8d315d9421b09941 to remote] DEBUG org.asynchttpclient.netty.request.NettyRequestSender - Using open Channel [id: 0x0aec9abe, L:/127.0.0.1:56328 - R:localhost/127.0.0.1:1522] for GET '/session/a7b1e1adab6f388d8d315d9421b09941/url'
20:08:18.593 [AsyncHttpClient-1-17] DEBUG org.asynchttpclient.netty.handler.HttpHandler - 

Request DefaultFullHttpRequest(decodeResult: success, version: HTTP/1.1, content: EmptyByteBufBE)
GET /session/a7b1e1adab6f388d8d315d9421b09941/url HTTP/1.1
User-Agent: selenium/4.8.1 (java mac)
Cache-Control: no-cache
Content-Type: application/json; charset=utf-8
host: localhost:1522
accept: */*

Response DefaultHttpResponse(decodeResult: success, version: HTTP/1.1)
HTTP/1.1 200 OK
Content-Length: 46
Content-Type: application/json; charset=utf-8
cache-control: no-cache

20:08:18.593 [AsyncHttpClient-1-17] DEBUG org.asynchttpclient.netty.channel.ChannelManager - Adding key: http://localhost:1522 for channel [id: 0x0aec9abe, L:/127.0.0.1:56328 - R:localhost/127.0.0.1:1522]
20:08:18.594 [Forwarding screenshot on session a7b1e1adab6f388d8d315d9421b09941 to remote] DEBUG org.asynchttpclient.netty.request.NettyRequestSender - Using pooled Channel '[id: 0x0aec9abe, L:/127.0.0.1:56328 - R:localhost/127.0.0.1:1522]' for 'GET' to 'http://localhost:1522/session/a7b1e1adab6f388d8d315d9421b09941/screenshot'
20:08:18.595 [Forwarding screenshot on session a7b1e1adab6f388d8d315d9421b09941 to remote] DEBUG org.asynchttpclient.netty.request.NettyRequestSender - Using open Channel [id: 0x0aec9abe, L:/127.0.0.1:56328 - R:localhost/127.0.0.1:1522] for GET '/session/a7b1e1adab6f388d8d315d9421b09941/screenshot'
20:08:18.783 [AsyncHttpClient-1-17] DEBUG org.asynchttpclient.netty.handler.HttpHandler - 

Request DefaultFullHttpRequest(decodeResult: success, version: HTTP/1.1, content: EmptyByteBufBE)
GET /session/a7b1e1adab6f388d8d315d9421b09941/screenshot HTTP/1.1
User-Agent: selenium/4.8.1 (java mac)
Cache-Control: no-cache
Content-Type: application/json; charset=utf-8
host: localhost:1522
accept: */*

Response DefaultHttpResponse(decodeResult: success, version: HTTP/1.1)
HTTP/1.1 200 OK
Content-Length: 67340
Content-Type: application/json; charset=utf-8
cache-control: no-cache

20:08:18.783 [AsyncHttpClient-1-17] DEBUG org.asynchttpclient.netty.channel.ChannelManager - Adding key: http://localhost:1522 for channel [id: 0x0aec9abe, L:/127.0.0.1:56328 - R:localhost/127.0.0.1:1522]
20:08:18.792 [main] DEBUG net.serenitybdd.core.photography.Darkroom - Send negative for processing for target/site/serenity/f3cf65e5f175bf95258e2e445ec15d6bdafe81e36581c5480f4194090d6c86af.png
20:08:18.792 [Darkroom Processing Line] DEBUG net.serenitybdd.core.photography.DarkroomProcessingLine - Processing screenshot image in /var/screenshots/screenshot-743804850056240185
20:08:18.792 [Darkroom Processing Line] DEBUG net.serenitybdd.core.photography.DarkroomProcessingLine - Saving screenshot to target/site/serenity/f3cf65e5f175bf95258e2e445ec15d6bdafe81e36581c5480f4194090d6c86af.png
20:08:18.794 [main] DEBUG net.thucydides.core.steps.StepInterceptor - STEP DONE: clickCart
  &amp#27;[32mAnd &amp#27;[0m&amp#27;[32mI go to my cart6&amp#27;[0m                                     &amp#27;[90m# starter.stepdefinitions.CheckoutAndBuySteps.checkMycart()&amp#27;[0m
20:08:18.809 [Forwarding getPageSource on session a7b1e1adab6f388d8d315d9421b09941 to remote] DEBUG org.asynchttpclient.netty.request.NettyRequestSender - Using pooled Channel '[id: 0x0aec9abe, L:/127.0.0.1:56328 - R:localhost/127.0.0.1:1522]' for 'POST' to 'http://localhost:1522/session/a7b1e1adab6f388d8d315d9421b09941/execute/sync'
20:08:18.809 [Forwarding getPageSource on session a7b1e1adab6f388d8d315d9421b09941 to remote] DEBUG org.asynchttpclient.netty.request.NettyRequestSender - Using open Channel [id: 0x0aec9abe, L:/127.0.0.1:56328 - R:localhost/127.0.0.1:1522] for POST '/session/a7b1e1adab6f388d8d315d9421b09941/execute/sync'
20:08:18.827 [AsyncHttpClient-1-17] DEBUG org.asynchttpclient.netty.handler.HttpHandler - 

Request DefaultHttpRequest(decodeResult: success, version: HTTP/1.1)
POST /session/a7b1e1adab6f388d8d315d9421b09941/execute/sync HTTP/1.1
User-Agent: selenium/4.8.1 (java mac)
Content-Length: 176
Content-Type: application/json; charset=utf-8
host: localhost:1522
accept: */*

Response DefaultHttpResponse(decodeResult: success, version: HTTP/1.1)
HTTP/1.1 200 OK
Content-Length: 22267
Content-Type: application/json; charset=utf-8
cache-control: no-cache

20:08:18.827 [AsyncHttpClient-1-17] DEBUG org.asynchttpclient.netty.channel.ChannelManager - Adding key: http://localhost:1522 for channel [id: 0x0aec9abe, L:/127.0.0.1:56328 - R:localhost/127.0.0.1:1522]
20:08:18.831 [Forwarding getCurrentUrl on session a7b1e1adab6f388d8d315d9421b09941 to remote] DEBUG org.asynchttpclient.netty.request.NettyRequestSender - Using pooled Channel '[id: 0x0aec9abe, L:/127.0.0.1:56328 - R:localhost/127.0.0.1:1522]' for 'GET' to 'http://localhost:1522/session/a7b1e1adab6f388d8d315d9421b09941/url'
20:08:18.831 [Forwarding getCurrentUrl on session a7b1e1adab6f388d8d315d9421b09941 to remote] DEBUG org.asynchttpclient.netty.request.NettyRequestSender - Using open Channel [id: 0x0aec9abe, L:/127.0.0.1:56328 - R:localhost/127.0.0.1:1522] for GET '/session/a7b1e1adab6f388d8d315d9421b09941/url'
20:08:18.833 [AsyncHttpClient-1-17] DEBUG org.asynchttpclient.netty.handler.HttpHandler - 

Request DefaultFullHttpRequest(decodeResult: success, version: HTTP/1.1, content: EmptyByteBufBE)
GET /session/a7b1e1adab6f388d8d315d9421b09941/url HTTP/1.1
User-Agent: selenium/4.8.1 (java mac)
Cache-Control: no-cache
Content-Type: application/json; charset=utf-8
host: localhost:1522
accept: */*

Response DefaultHttpResponse(decodeResult: success, version: HTTP/1.1)
HTTP/1.1 200 OK
Content-Length: 46
Content-Type: application/json; charset=utf-8
cache-control: no-cache

20:08:18.833 [AsyncHttpClient-1-17] DEBUG org.asynchttpclient.netty.channel.ChannelManager - Adding key: http://localhost:1522 for channel [id: 0x0aec9abe, L:/127.0.0.1:56328 - R:localhost/127.0.0.1:1522]
20:08:18.841 [Forwarding getPageSource on session a7b1e1adab6f388d8d315d9421b09941 to remote] DEBUG org.asynchttpclient.netty.request.NettyRequestSender - Using pooled Channel '[id: 0x0aec9abe, L:/127.0.0.1:56328 - R:localhost/127.0.0.1:1522]' for 'POST' to 'http://localhost:1522/session/a7b1e1adab6f388d8d315d9421b09941/execute/sync'
20:08:18.841 [Forwarding getPageSource on session a7b1e1adab6f388d8d315d9421b09941 to remote] DEBUG org.asynchttpclient.netty.request.NettyRequestSender - Using open Channel [id: 0x0aec9abe, L:/127.0.0.1:56328 - R:localhost/127.0.0.1:1522] for POST '/session/a7b1e1adab6f388d8d315d9421b09941/execute/sync'
20:08:18.845 [AsyncHttpClient-1-17] DEBUG org.asynchttpclient.netty.handler.HttpHandler - 

Request DefaultHttpRequest(decodeResult: success, version: HTTP/1.1)
POST /session/a7b1e1adab6f388d8d315d9421b09941/execute/sync HTTP/1.1
User-Agent: selenium/4.8.1 (java mac)
Content-Length: 176
Content-Type: application/json; charset=utf-8
host: localhost:1522
accept: */*

Response DefaultHttpResponse(decodeResult: success, version: HTTP/1.1)
HTTP/1.1 200 OK
Content-Length: 22267
Content-Type: application/json; charset=utf-8
cache-control: no-cache

20:08:18.846 [AsyncHttpClient-1-17] DEBUG org.asynchttpclient.netty.channel.ChannelManager - Adding key: http://localhost:1522 for channel [id: 0x0aec9abe, L:/127.0.0.1:56328 - R:localhost/127.0.0.1:1522]
20:08:18.848 [Forwarding getCurrentUrl on session a7b1e1adab6f388d8d315d9421b09941 to remote] DEBUG org.asynchttpclient.netty.request.NettyRequestSender - Using pooled Channel '[id: 0x0aec9abe, L:/127.0.0.1:56328 - R:localhost/127.0.0.1:1522]' for 'GET' to 'http://localhost:1522/session/a7b1e1adab6f388d8d315d9421b09941/url'
20:08:18.848 [Forwarding getCurrentUrl on session a7b1e1adab6f388d8d315d9421b09941 to remote] DEBUG org.asynchttpclient.netty.request.NettyRequestSender - Using open Channel [id: 0x0aec9abe, L:/127.0.0.1:56328 - R:localhost/127.0.0.1:1522] for GET '/session/a7b1e1adab6f388d8d315d9421b09941/url'
20:08:18.850 [AsyncHttpClient-1-17] DEBUG org.asynchttpclient.netty.handler.HttpHandler - 

Request DefaultFullHttpRequest(decodeResult: success, version: HTTP/1.1, content: EmptyByteBufBE)
GET /session/a7b1e1adab6f388d8d315d9421b09941/url HTTP/1.1
User-Agent: selenium/4.8.1 (java mac)
Cache-Control: no-cache
Content-Type: application/json; charset=utf-8
host: localhost:1522
accept: */*

Response DefaultHttpResponse(decodeResult: success, version: HTTP/1.1)
HTTP/1.1 200 OK
Content-Length: 46
Content-Type: application/json; charset=utf-8
cache-control: no-cache

20:08:18.850 [AsyncHttpClient-1-17] DEBUG org.asynchttpclient.netty.channel.ChannelManager - Adding key: http://localhost:1522 for channel [id: 0x0aec9abe, L:/127.0.0.1:56328 - R:localhost/127.0.0.1:1522]
20:08:18.851 [main] DEBUG net.thucydides.core.steps.StepInterceptor - STARTING STEP: CheckoutAndBuySteps.bayarProduk - clickBayar
20:08:18.860 [Forwarding findElement on session a7b1e1adab6f388d8d315d9421b09941 to remote] DEBUG org.asynchttpclient.netty.request.NettyRequestSender - Using pooled Channel '[id: 0x0aec9abe, L:/127.0.0.1:56328 - R:localhost/127.0.0.1:1522]' for 'POST' to 'http://localhost:1522/session/a7b1e1adab6f388d8d315d9421b09941/element'
20:08:18.860 [Forwarding findElement on session a7b1e1adab6f388d8d315d9421b09941 to remote] DEBUG org.asynchttpclient.netty.request.NettyRequestSender - Using open Channel [id: 0x0aec9abe, L:/127.0.0.1:56328 - R:localhost/127.0.0.1:1522] for POST '/session/a7b1e1adab6f388d8d315d9421b09941/element'
20:08:18.868 [AsyncHttpClient-1-17] DEBUG org.asynchttpclient.netty.handler.HttpHandler - 

Request DefaultHttpRequest(decodeResult: success, version: HTTP/1.1)
POST /session/a7b1e1adab6f388d8d315d9421b09941/element HTTP/1.1
User-Agent: selenium/4.8.1 (java mac)
Content-Length: 59
Content-Type: application/json; charset=utf-8
host: localhost:1522
accept: */*

Response DefaultHttpResponse(decodeResult: success, version: HTTP/1.1)
HTTP/1.1 200 OK
Content-Length: 88
Content-Type: application/json; charset=utf-8
cache-control: no-cache

20:08:18.868 [AsyncHttpClient-1-17] DEBUG org.asynchttpclient.netty.channel.ChannelManager - Adding key: http://localhost:1522 for channel [id: 0x0aec9abe, L:/127.0.0.1:56328 - R:localhost/127.0.0.1:1522]
20:08:18.871 [Forwarding getElementTagName on session a7b1e1adab6f388d8d315d9421b09941 to remote] DEBUG org.asynchttpclient.netty.request.NettyRequestSender - Using pooled Channel '[id: 0x0aec9abe, L:/127.0.0.1:56328 - R:localhost/127.0.0.1:1522]' for 'GET' to 'http://localhost:1522/session/a7b1e1adab6f388d8d315d9421b09941/element/de756172-c813-4f54-9edb-c8a9f2786849/name'
20:08:18.871 [Forwarding getElementTagName on session a7b1e1adab6f388d8d315d9421b09941 to remote] DEBUG org.asynchttpclient.netty.request.NettyRequestSender - Using open Channel [id: 0x0aec9abe, L:/127.0.0.1:56328 - R:localhost/127.0.0.1:1522] for GET '/session/a7b1e1adab6f388d8d315d9421b09941/element/de756172-c813-4f54-9edb-c8a9f2786849/name'
20:08:18.871 [AsyncHttpClient-1-1] DEBUG org.asynchttpclient.netty.channel.DefaultChannelPool - Entry count for : http://localhost:56329 : 1
20:08:18.873 [AsyncHttpClient-1-17] DEBUG org.asynchttpclient.netty.handler.HttpHandler - 

Request DefaultFullHttpRequest(decodeResult: success, version: HTTP/1.1, content: EmptyByteBufBE)
GET /session/a7b1e1adab6f388d8d315d9421b09941/element/de756172-c813-4f54-9edb-c8a9f2786849/name HTTP/1.1
User-Agent: selenium/4.8.1 (java mac)
Cache-Control: no-cache
Content-Type: application/json; charset=utf-8
host: localhost:1522
accept: */*

Response DefaultHttpResponse(decodeResult: success, version: HTTP/1.1)
HTTP/1.1 200 OK
Content-Length: 18
Content-Type: application/json; charset=utf-8
cache-control: no-cache

20:08:18.874 [AsyncHttpClient-1-17] DEBUG org.asynchttpclient.netty.channel.ChannelManager - Adding key: http://localhost:1522 for channel [id: 0x0aec9abe, L:/127.0.0.1:56328 - R:localhost/127.0.0.1:1522]
20:08:18.875 [Forwarding getElementTagName on session a7b1e1adab6f388d8d315d9421b09941 to remote] DEBUG org.asynchttpclient.netty.request.NettyRequestSender - Using pooled Channel '[id: 0x0aec9abe, L:/127.0.0.1:56328 - R:localhost/127.0.0.1:1522]' for 'GET' to 'http://localhost:1522/session/a7b1e1adab6f388d8d315d9421b09941/element/de756172-c813-4f54-9edb-c8a9f2786849/name'
20:08:18.875 [Forwarding getElementTagName on session a7b1e1adab6f388d8d315d9421b09941 to remote] DEBUG org.asynchttpclient.netty.request.NettyRequestSender - Using open Channel [id: 0x0aec9abe, L:/127.0.0.1:56328 - R:localhost/127.0.0.1:1522] for GET '/session/a7b1e1adab6f388d8d315d9421b09941/element/de756172-c813-4f54-9edb-c8a9f2786849/name'
20:08:18.877 [AsyncHttpClient-1-17] DEBUG org.asynchttpclient.netty.handler.HttpHandler - 

Request DefaultFullHttpRequest(decodeResult: success, version: HTTP/1.1, content: EmptyByteBufBE)
GET /session/a7b1e1adab6f388d8d315d9421b09941/element/de756172-c813-4f54-9edb-c8a9f2786849/name HTTP/1.1
User-Agent: selenium/4.8.1 (java mac)
Cache-Control: no-cache
Content-Type: application/json; charset=utf-8
host: localhost:1522
accept: */*

Response DefaultHttpResponse(decodeResult: success, version: HTTP/1.1)
HTTP/1.1 200 OK
Content-Length: 18
Content-Type: application/json; charset=utf-8
cache-control: no-cache

20:08:18.877 [AsyncHttpClient-1-17] DEBUG org.asynchttpclient.netty.channel.ChannelManager - Adding key: http://localhost:1522 for channel [id: 0x0aec9abe, L:/127.0.0.1:56328 - R:localhost/127.0.0.1:1522]
20:08:18.879 [Forwarding isElementEnabled on session a7b1e1adab6f388d8d315d9421b09941 to remote] DEBUG org.asynchttpclient.netty.request.NettyRequestSender - Using pooled Channel '[id: 0x0aec9abe, L:/127.0.0.1:56328 - R:localhost/127.0.0.1:1522]' for 'GET' to 'http://localhost:1522/session/a7b1e1adab6f388d8d315d9421b09941/element/de756172-c813-4f54-9edb-c8a9f2786849/enabled'
20:08:18.879 [Forwarding isElementEnabled on session a7b1e1adab6f388d8d315d9421b09941 to remote] DEBUG org.asynchttpclient.netty.request.NettyRequestSender - Using open Channel [id: 0x0aec9abe, L:/127.0.0.1:56328 - R:localhost/127.0.0.1:1522] for GET '/session/a7b1e1adab6f388d8d315d9421b09941/element/de756172-c813-4f54-9edb-c8a9f2786849/enabled'
20:08:18.885 [AsyncHttpClient-1-17] DEBUG org.asynchttpclient.netty.handler.HttpHandler - 

Request DefaultFullHttpRequest(decodeResult: success, version: HTTP/1.1, content: EmptyByteBufBE)
GET /session/a7b1e1adab6f388d8d315d9421b09941/element/de756172-c813-4f54-9edb-c8a9f2786849/enabled HTTP/1.1
User-Agent: selenium/4.8.1 (java mac)
Cache-Control: no-cache
Content-Type: application/json; charset=utf-8
host: localhost:1522
accept: */*

Response DefaultHttpResponse(decodeResult: success, version: HTTP/1.1)
HTTP/1.1 200 OK
Content-Length: 14
Content-Type: application/json; charset=utf-8
cache-control: no-cache

20:08:18.885 [AsyncHttpClient-1-17] DEBUG org.asynchttpclient.netty.channel.ChannelManager - Adding key: http://localhost:1522 for channel [id: 0x0aec9abe, L:/127.0.0.1:56328 - R:localhost/127.0.0.1:1522]
20:08:18.887 [Forwarding isElementEnabled on session a7b1e1adab6f388d8d315d9421b09941 to remote] DEBUG org.asynchttpclient.netty.request.NettyRequestSender - Using pooled Channel '[id: 0x0aec9abe, L:/127.0.0.1:56328 - R:localhost/127.0.0.1:1522]' for 'GET' to 'http://localhost:1522/session/a7b1e1adab6f388d8d315d9421b09941/element/de756172-c813-4f54-9edb-c8a9f2786849/enabled'
20:08:18.887 [Forwarding isElementEnabled on session a7b1e1adab6f388d8d315d9421b09941 to remote] DEBUG org.asynchttpclient.netty.request.NettyRequestSender - Using open Channel [id: 0x0aec9abe, L:/127.0.0.1:56328 - R:localhost/127.0.0.1:1522] for GET '/session/a7b1e1adab6f388d8d315d9421b09941/element/de756172-c813-4f54-9edb-c8a9f2786849/enabled'
20:08:18.891 [AsyncHttpClient-1-17] DEBUG org.asynchttpclient.netty.handler.HttpHandler - 

Request DefaultFullHttpRequest(decodeResult: success, version: HTTP/1.1, content: EmptyByteBufBE)
GET /session/a7b1e1adab6f388d8d315d9421b09941/element/de756172-c813-4f54-9edb-c8a9f2786849/enabled HTTP/1.1
User-Agent: selenium/4.8.1 (java mac)
Cache-Control: no-cache
Content-Type: application/json; charset=utf-8
host: localhost:1522
accept: */*

Response DefaultHttpResponse(decodeResult: success, version: HTTP/1.1)
HTTP/1.1 200 OK
Content-Length: 14
Content-Type: application/json; charset=utf-8
cache-control: no-cache

20:08:18.894 [AsyncHttpClient-1-17] DEBUG org.asynchttpclient.netty.channel.ChannelManager - Adding key: http://localhost:1522 for channel [id: 0x0aec9abe, L:/127.0.0.1:56328 - R:localhost/127.0.0.1:1522]
20:08:18.896 [Forwarding findElement on session a7b1e1adab6f388d8d315d9421b09941 to remote] DEBUG org.asynchttpclient.netty.request.NettyRequestSender - Using pooled Channel '[id: 0x0aec9abe, L:/127.0.0.1:56328 - R:localhost/127.0.0.1:1522]' for 'POST' to 'http://localhost:1522/session/a7b1e1adab6f388d8d315d9421b09941/element'
20:08:18.896 [Forwarding findElement on session a7b1e1adab6f388d8d315d9421b09941 to remote] DEBUG org.asynchttpclient.netty.request.NettyRequestSender - Using open Channel [id: 0x0aec9abe, L:/127.0.0.1:56328 - R:localhost/127.0.0.1:1522] for POST '/session/a7b1e1adab6f388d8d315d9421b09941/element'
20:08:18.900 [AsyncHttpClient-1-17] DEBUG org.asynchttpclient.netty.handler.HttpHandler - 

Request DefaultHttpRequest(decodeResult: success, version: HTTP/1.1)
POST /session/a7b1e1adab6f388d8d315d9421b09941/element HTTP/1.1
User-Agent: selenium/4.8.1 (java mac)
Content-Length: 59
Content-Type: application/json; charset=utf-8
host: localhost:1522
accept: */*

Response DefaultHttpResponse(decodeResult: success, version: HTTP/1.1)
HTTP/1.1 200 OK
Content-Length: 88
Content-Type: application/json; charset=utf-8
cache-control: no-cache

20:08:18.900 [AsyncHttpClient-1-17] DEBUG org.asynchttpclient.netty.channel.ChannelManager - Adding key: http://localhost:1522 for channel [id: 0x0aec9abe, L:/127.0.0.1:56328 - R:localhost/127.0.0.1:1522]
20:08:18.900 [Forwarding clickElement on session a7b1e1adab6f388d8d315d9421b09941 to remote] DEBUG org.asynchttpclient.netty.request.NettyRequestSender - Using pooled Channel '[id: 0x0aec9abe, L:/127.0.0.1:56328 - R:localhost/127.0.0.1:1522]' for 'POST' to 'http://localhost:1522/session/a7b1e1adab6f388d8d315d9421b09941/element/de756172-c813-4f54-9edb-c8a9f2786849/click'
20:08:18.901 [Forwarding clickElement on session a7b1e1adab6f388d8d315d9421b09941 to remote] DEBUG org.asynchttpclient.netty.request.NettyRequestSender - Using open Channel [id: 0x0aec9abe, L:/127.0.0.1:56328 - R:localhost/127.0.0.1:1522] for POST '/session/a7b1e1adab6f388d8d315d9421b09941/element/de756172-c813-4f54-9edb-c8a9f2786849/click'
20:08:18.958 [AsyncHttpClient-1-17] DEBUG org.asynchttpclient.netty.handler.HttpHandler - 

Request DefaultHttpRequest(decodeResult: success, version: HTTP/1.1)
POST /session/a7b1e1adab6f388d8d315d9421b09941/element/de756172-c813-4f54-9edb-c8a9f2786849/click HTTP/1.1
User-Agent: selenium/4.8.1 (java mac)
Content-Length: 50
Content-Type: application/json; charset=utf-8
host: localhost:1522
accept: */*

Response DefaultHttpResponse(decodeResult: success, version: HTTP/1.1)
HTTP/1.1 200 OK
Content-Length: 14
Content-Type: application/json; charset=utf-8
cache-control: no-cache

20:08:18.958 [AsyncHttpClient-1-17] DEBUG org.asynchttpclient.netty.channel.ChannelManager - Adding key: http://localhost:1522 for channel [id: 0x0aec9abe, L:/127.0.0.1:56328 - R:localhost/127.0.0.1:1522]
20:08:18.966 [Forwarding getAlertText on session a7b1e1adab6f388d8d315d9421b09941 to remote] DEBUG org.asynchttpclient.netty.request.NettyRequestSender - Using pooled Channel '[id: 0x0aec9abe, L:/127.0.0.1:56328 - R:localhost/127.0.0.1:1522]' for 'GET' to 'http://localhost:1522/session/a7b1e1adab6f388d8d315d9421b09941/alert/text'
20:08:18.976 [Forwarding getAlertText on session a7b1e1adab6f388d8d315d9421b09941 to remote] DEBUG org.asynchttpclient.netty.request.NettyRequestSender - Using open Channel [id: 0x0aec9abe, L:/127.0.0.1:56328 - R:localhost/127.0.0.1:1522] for GET '/session/a7b1e1adab6f388d8d315d9421b09941/alert/text'
20:08:19.118 [AsyncHttpClient-1-17] DEBUG org.asynchttpclient.netty.handler.HttpHandler - 

Request DefaultFullHttpRequest(decodeResult: success, version: HTTP/1.1, content: EmptyByteBufBE)
GET /session/a7b1e1adab6f388d8d315d9421b09941/alert/text HTTP/1.1
User-Agent: selenium/4.8.1 (java mac)
Cache-Control: no-cache
Content-Type: application/json; charset=utf-8
host: localhost:1522
accept: */*

Response DefaultHttpResponse(decodeResult: success, version: HTTP/1.1)
HTTP/1.1 404 Not Found
Content-Length: 1763
Content-Type: application/json; charset=utf-8
cache-control: no-cache

20:08:19.120 [AsyncHttpClient-1-17] DEBUG org.asynchttpclient.netty.channel.ChannelManager - Adding key: http://localhost:1522 for channel [id: 0x0aec9abe, L:/127.0.0.1:56328 - R:localhost/127.0.0.1:1522]
20:08:19.123 [Forwarding getCurrentUrl on session a7b1e1adab6f388d8d315d9421b09941 to remote] DEBUG org.asynchttpclient.netty.request.NettyRequestSender - Using pooled Channel '[id: 0x0aec9abe, L:/127.0.0.1:56328 - R:localhost/127.0.0.1:1522]' for 'GET' to 'http://localhost:1522/session/a7b1e1adab6f388d8d315d9421b09941/url'
20:08:19.123 [Forwarding getCurrentUrl on session a7b1e1adab6f388d8d315d9421b09941 to remote] DEBUG org.asynchttpclient.netty.request.NettyRequestSender - Using open Channel [id: 0x0aec9abe, L:/127.0.0.1:56328 - R:localhost/127.0.0.1:1522] for GET '/session/a7b1e1adab6f388d8d315d9421b09941/url'
20:08:19.640 [AsyncHttpClient-1-17] DEBUG org.asynchttpclient.netty.handler.HttpHandler - 

Request DefaultFullHttpRequest(decodeResult: success, version: HTTP/1.1, content: EmptyByteBufBE)
GET /session/a7b1e1adab6f388d8d315d9421b09941/url HTTP/1.1
User-Agent: selenium/4.8.1 (java mac)
Cache-Control: no-cache
Content-Type: application/json; charset=utf-8
host: localhost:1522
accept: */*

Response DefaultHttpResponse(decodeResult: success, version: HTTP/1.1)
HTTP/1.1 200 OK
Content-Length: 52
Content-Type: application/json; charset=utf-8
cache-control: no-cache

20:08:19.640 [AsyncHttpClient-1-17] DEBUG org.asynchttpclient.netty.channel.ChannelManager - Adding key: http://localhost:1522 for channel [id: 0x0aec9abe, L:/127.0.0.1:56328 - R:localhost/127.0.0.1:1522]
20:08:19.641 [Forwarding screenshot on session a7b1e1adab6f388d8d315d9421b09941 to remote] DEBUG org.asynchttpclient.netty.request.NettyRequestSender - Using pooled Channel '[id: 0x0aec9abe, L:/127.0.0.1:56328 - R:localhost/127.0.0.1:1522]' for 'GET' to 'http://localhost:1522/session/a7b1e1adab6f388d8d315d9421b09941/screenshot'
20:08:19.641 [Forwarding screenshot on session a7b1e1adab6f388d8d315d9421b09941 to remote] DEBUG org.asynchttpclient.netty.request.NettyRequestSender - Using open Channel [id: 0x0aec9abe, L:/127.0.0.1:56328 - R:localhost/127.0.0.1:1522] for GET '/session/a7b1e1adab6f388d8d315d9421b09941/screenshot'
20:08:19.836 [AsyncHttpClient-1-17] DEBUG org.asynchttpclient.netty.handler.HttpHandler - 

Request DefaultFullHttpRequest(decodeResult: success, version: HTTP/1.1, content: EmptyByteBufBE)
GET /session/a7b1e1adab6f388d8d315d9421b09941/screenshot HTTP/1.1
User-Agent: selenium/4.8.1 (java mac)
Cache-Control: no-cache
Content-Type: application/json; charset=utf-8
host: localhost:1522
accept: */*

Response DefaultHttpResponse(decodeResult: success, version: HTTP/1.1)
HTTP/1.1 200 OK
Content-Length: 68660
Content-Type: application/json; charset=utf-8
cache-control: no-cache

20:08:19.837 [AsyncHttpClient-1-17] DEBUG org.asynchttpclient.netty.channel.ChannelManager - Adding key: http://localhost:1522 for channel [id: 0x0aec9abe, L:/127.0.0.1:56328 - R:localhost/127.0.0.1:1522]
20:08:19.842 [main] DEBUG net.serenitybdd.core.photography.Darkroom - Send negative for processing for target/site/serenity/efbb9654e0eadba91d33c3b11c5e2fda3316ed14c74c9813a8bd1df3e4aaaf84.png
20:08:19.842 [Darkroom Processing Line] DEBUG net.serenitybdd.core.photography.DarkroomProcessingLine - Processing screenshot image in /var/screenshots/screenshot-1732215511650245729
20:08:19.843 [Darkroom Processing Line] DEBUG net.serenitybdd.core.photography.DarkroomProcessingLine - Saving screenshot to target/site/serenity/efbb9654e0eadba91d33c3b11c5e2fda3316ed14c74c9813a8bd1df3e4aaaf84.png
20:08:19.843 [main] DEBUG net.thucydides.core.steps.StepInterceptor - STEP DONE: clickBayar
  &amp#27;[32mThen &amp#27;[0m&amp#27;[32mI pay the products6&amp#27;[0m                                 &amp#27;[90m# starter.stepdefinitions.CheckoutAndBuySteps.bayarProduk()&amp#27;[0m
20:08:19.855 [main] INFO  - 
  _____   ___   ___   _____     ___     _     ___   ___   ___   ___  
 |_   _| | __| / __| |_   _|   | _ \   /_\   / __| / __| | __| |   \ 
   | |   | _|  \__ \   | |     |  _/  / _ \  \__ \ \__ \ | _|  | |) |
   |_|   |___| |___/   |_|     |_|   /_/ \_\ |___/ |___/ |___| |___/ 

As user, I can login and add products to my cart
----------------------------------------------------------------------
20:08:19.865 [AsyncHttpClient-1-3] DEBUG org.asynchttpclient.netty.handler.WebSocketHandler - Channel Closed: [id: 0x1af1c181, L:/127.0.0.1:56336 ! R:localhost/127.0.0.1:56329] with attribute NettyResponseFuture{currentRetry=0,
	isDone=1,
	isCancelled=0,
	asyncHandler=org.asynchttpclient.ws.WebSocketUpgradeHandler@6e3c0909,
	nettyRequest=org.asynchttpclient.netty.request.NettyRequest@779e3e07,
	future=java.util.concurrent.CompletableFuture@396ddbf8[Completed normally],
	uri=ws://localhost:56329/devtools/browser/83f5596b-875b-4a24-8707-dfe18d8c46d0,
	keepAlive=true,
	redirectCount=0,
	timeoutsHolder=null,
	inAuth=0,
	touch=1683637675134}
20:08:19.865 [Driver Command Executor] DEBUG org.asynchttpclient.netty.request.NettyRequestSender - Using pooled Channel '[id: 0x0aec9abe, L:/127.0.0.1:56328 - R:localhost/127.0.0.1:1522]' for 'DELETE' to 'http://localhost:1522/session/a7b1e1adab6f388d8d315d9421b09941'
20:08:19.868 [AsyncHttpClient-1-3] DEBUG org.asynchttpclient.netty.channel.ChannelManager - Closing Channel [id: 0x1af1c181, L:/127.0.0.1:56336 ! R:localhost/127.0.0.1:56329] 
20:08:19.868 [Driver Command Executor] DEBUG org.asynchttpclient.netty.request.NettyRequestSender - Using open Channel [id: 0x0aec9abe, L:/127.0.0.1:56328 - R:localhost/127.0.0.1:1522] for DELETE '/session/a7b1e1adab6f388d8d315d9421b09941'
20:08:19.894 [AsyncHttpClient-1-2] DEBUG org.asynchttpclient.netty.handler.HttpHandler - Channel Closed: [id: 0xcc8ae01f, L:/127.0.0.1:56335 ! R:localhost/127.0.0.1:56329] with attribute DISCARD
20:08:19.925 [AsyncHttpClient-1-17] DEBUG org.asynchttpclient.netty.handler.HttpHandler - 

Request DefaultFullHttpRequest(decodeResult: success, version: HTTP/1.1, content: EmptyByteBufBE)
DELETE /session/a7b1e1adab6f388d8d315d9421b09941 HTTP/1.1
User-Agent: selenium/4.8.1 (java mac)
Content-Type: application/json; charset=utf-8
host: localhost:1522
accept: */*

Response DefaultHttpResponse(decodeResult: success, version: HTTP/1.1)
HTTP/1.1 200 OK
Content-Length: 14
Content-Type: application/json; charset=utf-8
cache-control: no-cache

20:08:19.926 [AsyncHttpClient-1-17] DEBUG org.asynchttpclient.netty.channel.ChannelManager - Adding key: http://localhost:1522 for channel [id: 0x0aec9abe, L:/127.0.0.1:56328 - R:localhost/127.0.0.1:1522]
20:08:19.947 [AsyncHttpClient-1-17] DEBUG org.asynchttpclient.netty.handler.HttpHandler - Channel Closed: [id: 0x0aec9abe, L:/127.0.0.1:56328 ! R:localhost/127.0.0.1:1522] with attribute DISCARD
20:08:19.969 [AsyncHttpClient-1-1] DEBUG org.asynchttpclient.netty.channel.DefaultChannelPool - Entry count for : http://localhost:1522 : 1
20:08:19.970 [AsyncHttpClient-1-1] DEBUG org.asynchttpclient.netty.channel.DefaultChannelPool - Entry count for : http://localhost:56329 : 1
20:08:19.971 [AsyncHttpClient-1-1] DEBUG org.asynchttpclient.netty.channel.DefaultChannelPool - Adding Candidate expired Channel [id: 0x0aec9abe, L:/127.0.0.1:56328 ! R:localhost/127.0.0.1:1522] isIdleTimeoutExpired=false isRemotelyClosed=true isTtlExpired=false
20:08:19.972 [AsyncHttpClient-1-1] DEBUG org.asynchttpclient.netty.channel.DefaultChannelPool - Closing Idle Channel [id: 0x0aec9abe, L:/127.0.0.1:56328 ! R:localhost/127.0.0.1:1522]
20:08:19.974 [AsyncHttpClient-1-1] DEBUG org.asynchttpclient.netty.channel.DefaultChannelPool - Adding Candidate expired Channel [id: 0xcc8ae01f, L:/127.0.0.1:56335 ! R:localhost/127.0.0.1:56329] isIdleTimeoutExpired=false isRemotelyClosed=true isTtlExpired=false
20:08:19.974 [AsyncHttpClient-1-1] DEBUG org.asynchttpclient.netty.channel.DefaultChannelPool - Closing Idle Channel [id: 0xcc8ae01f, L:/127.0.0.1:56335 ! R:localhost/127.0.0.1:56329]
20:08:19.974 [AsyncHttpClient-1-1] DEBUG org.asynchttpclient.netty.channel.DefaultChannelPool - Closed 2 connections out of 2 in 4 ms
]]></system-out>
    <system-err><![CDATA[Starting ChromeDriver 111.0.5563.64 (c710e93d5b63b7095afe8c2c17df34408078439d-refs/branch-heads/5563@{#995}) on port 1522
Only local connections are allowed.
Please see https://chromedriver.chromium.org/security-considerations for suggestions on keeping ChromeDriver safe.
ChromeDriver was started successfully.
[1683637674.386][WARNING]: This version of ChromeDriver has not been tested with Chrome version 112.
May 09, 2023 8:07:55 PM org.openqa.selenium.devtools.CdpVersionFinder findNearestMatch
WARNING: Unable to find an exact match for CDP version 112, so returning the closest version found: 110
]]></system-err>
  </testcase>
</testsuite>