<?xml version="1.0" encoding="UTF-8"?>
<testsuite xmlns:xsi="http://www.w3.org/2001/XMLSchema-instance" xsi:noNamespaceSchemaLocation="https://maven.apache.org/surefire/maven-failsafe-plugin/xsd/failsafe-test-report-3.0.xsd" version="3.0" name="starter.CucumberTestSuite" time="157.83" tests="70" errors="6" skipped="9" failures="0">
  <properties>
    <property name="gopherProxySet" value="false"/>
    <property name="awt.toolkit" value="sun.lwawt.macosx.LWCToolkit"/>
    <property name="file.encoding.pkg" value="sun.io"/>
    <property name="java.specification.version" value="1.8"/>
    <property name="sun.cpu.isalist" value=""/>
    <property name="sun.jnu.encoding" value="UTF-8"/>
    <property name="java.class.path" value="/Users/masgilang/Downloads/test-automation-MinProMobile/target/test-classes:/Users/masgilang/Downloads/test-automation-MinProMobile/target/test-automation-MinProMobile-1.0-SNAPSHOT.jar:/Users/masgilang/.m2/repository/net/serenity-bdd/serenity-core/3.6.21/serenity-core-3.6.21.jar:/Users/masgilang/.m2/repository/net/serenity-bdd/serenity-model/3.6.21/serenity-model-3.6.21.jar:/Users/masgilang/.m2/repository/org/apache/commons/commons-text/1.10.0/commons-text-1.10.0.jar:/Users/masgilang/.m2/repository/commons-net/commons-net/3.9.0/commons-net-3.9.0.jar:/Users/masgilang/.m2/repository/com/google/inject/guice/5.1.0/guice-5.1.0.jar:/Users/masgilang/.m2/repository/javax/inject/javax.inject/1/javax.inject-1.jar:/Users/masgilang/.m2/repository/aopalliance/aopalliance/1.0/aopalliance-1.0.jar:/Users/masgilang/.m2/repository/org/jsoup/jsoup/1.14.3/jsoup-1.14.3.jar:/Users/masgilang/.m2/repository/com/thoughtworks/xstream/xstream/1.4.20/xstream-1.4.20.jar:/Users/masgilang/.m2/repository/io/github/x-stream/mxparser/1.2.2/mxparser-1.2.2.jar:/Users/masgilang/.m2/repository/xmlpull/xmlpull/1.1.3.1/xmlpull-1.1.3.1.jar:/Users/masgilang/.m2/repository/com/typesafe/config/1.4.2/config-1.4.2.jar:/Users/masgilang/.m2/repository/org/imgscalr/imgscalr-lib/4.2/imgscalr-lib-4.2.jar:/Users/masgilang/.m2/repository/org/awaitility/awaitility/4.2.0/awaitility-4.2.0.jar:/Users/masgilang/.m2/repository/org/freemarker/freemarker/2.3.31/freemarker-2.3.31.jar:/Users/masgilang/.m2/repository/io/github/classgraph/classgraph/4.8.138/classgraph-4.8.138.jar:/Users/masgilang/.m2/repository/net/sourceforge/jexcelapi/jxl/2.6.12/jxl-2.6.12.jar:/Users/masgilang/.m2/repository/net/bytebuddy/byte-buddy-agent/1.14.2/byte-buddy-agent-1.14.2.jar:/Users/masgilang/.m2/repository/org/objenesis/objenesis/3.3/objenesis-3.3.jar:/Users/masgilang/.m2/repository/net/serenity-bdd/serenity-reports/3.6.21/serenity-reports-3.6.21.jar:/Users/masgilang/.m2/repository/net/serenity-bdd/serenity-stats/3.6.21/serenity-stats-3.6.21.jar:/Users/masgilang/.m2/repository/net/serenity-bdd/serenity-reports-configuration/3.6.21/serenity-reports-configuration-3.6.21.jar:/Users/masgilang/.m2/repository/com/vladsch/flexmark/flexmark-all/0.62.2/flexmark-all-0.62.2.jar:/Users/masgilang/.m2/repository/com/vladsch/flexmark/flexmark/0.62.2/flexmark-0.62.2.jar:/Users/masgilang/.m2/repository/com/vladsch/flexmark/flexmark-ext-abbreviation/0.62.2/flexmark-ext-abbreviation-0.62.2.jar:/Users/masgilang/.m2/repository/com/vladsch/flexmark/flexmark-util/0.62.2/flexmark-util-0.62.2.jar:/Users/masgilang/.m2/repository/com/vladsch/flexmark/flexmark-ext-admonition/0.62.2/flexmark-ext-admonition-0.62.2.jar:/Users/masgilang/.m2/repository/com/vladsch/flexmark/flexmark-ext-anchorlink/0.62.2/flexmark-ext-anchorlink-0.62.2.jar:/Users/masgilang/.m2/repository/com/vladsch/flexmark/flexmark-ext-aside/0.62.2/flexmark-ext-aside-0.62.2.jar:/Users/masgilang/.m2/repository/com/vladsch/flexmark/flexmark-ext-attributes/0.62.2/flexmark-ext-attributes-0.62.2.jar:/Users/masgilang/.m2/repository/com/vladsch/flexmark/flexmark-ext-autolink/0.62.2/flexmark-ext-autolink-0.62.2.jar:/Users/masgilang/.m2/repository/org/nibor/autolink/autolink/0.6.0/autolink-0.6.0.jar:/Users/masgilang/.m2/repository/com/vladsch/flexmark/flexmark-ext-definition/0.62.2/flexmark-ext-definition-0.62.2.jar:/Users/masgilang/.m2/repository/com/vladsch/flexmark/flexmark-ext-emoji/0.62.2/flexmark-ext-emoji-0.62.2.jar:/Users/masgilang/.m2/repository/com/vladsch/flexmark/flexmark-ext-enumerated-reference/0.62.2/flexmark-ext-enumerated-reference-0.62.2.jar:/Users/masgilang/.m2/repository/com/vladsch/flexmark/flexmark-ext-escaped-character/0.62.2/flexmark-ext-escaped-character-0.62.2.jar:/Users/masgilang/.m2/repository/com/vladsch/flexmark/flexmark-ext-footnotes/0.62.2/flexmark-ext-footnotes-0.62.2.jar:/Users/masgilang/.m2/repository/com/vladsch/flexmark/flexmark-ext-gfm-issues/0.62.2/flexmark-ext-gfm-issues-0.62.2.jar:/Users/masgilang/.m2/repository/com/vladsch/flexmark/flexmark-ext-gfm-strikethrough/0.62.2/flexmark-ext-gfm-strikethrough-0.62.2.jar:/Users/masgilang/.m2/repository/com/vladsch/flexmark/flexmark-ext-gfm-tasklist/0.62.2/flexmark-ext-gfm-tasklist-0.62.2.jar:/Users/masgilang/.m2/repository/com/vladsch/flexmark/flexmark-ext-gfm-users/0.62.2/flexmark-ext-gfm-users-0.62.2.jar:/Users/masgilang/.m2/repository/com/vladsch/flexmark/flexmark-ext-gitlab/0.62.2/flexmark-ext-gitlab-0.62.2.jar:/Users/masgilang/.m2/repository/com/vladsch/flexmark/flexmark-ext-jekyll-front-matter/0.62.2/flexmark-ext-jekyll-front-matter-0.62.2.jar:/Users/masgilang/.m2/repository/com/vladsch/flexmark/flexmark-ext-jekyll-tag/0.62.2/flexmark-ext-jekyll-tag-0.62.2.jar:/Users/masgilang/.m2/repository/com/vladsch/flexmark/flexmark-ext-media-tags/0.62.2/flexmark-ext-media-tags-0.62.2.jar:/Users/masgilang/.m2/repository/com/vladsch/flexmark/flexmark-ext-macros/0.62.2/flexmark-ext-macros-0.62.2.jar:/Users/masgilang/.m2/repository/com/vladsch/flexmark/flexmark-ext-ins/0.62.2/flexmark-ext-ins-0.62.2.jar:/Users/masgilang/.m2/repository/com/vladsch/flexmark/flexmark-ext-xwiki-macros/0.62.2/flexmark-ext-xwiki-macros-0.62.2.jar:/Users/masgilang/.m2/repository/com/vladsch/flexmark/flexmark-ext-superscript/0.62.2/flexmark-ext-superscript-0.62.2.jar:/Users/masgilang/.m2/repository/com/vladsch/flexmark/flexmark-ext-tables/0.62.2/flexmark-ext-tables-0.62.2.jar:/Users/masgilang/.m2/repository/com/vladsch/flexmark/flexmark-ext-toc/0.62.2/flexmark-ext-toc-0.62.2.jar:/Users/masgilang/.m2/repository/com/vladsch/flexmark/flexmark-ext-typographic/0.62.2/flexmark-ext-typographic-0.62.2.jar:/Users/masgilang/.m2/repository/com/vladsch/flexmark/flexmark-ext-wikilink/0.62.2/flexmark-ext-wikilink-0.62.2.jar:/Users/masgilang/.m2/repository/com/vladsch/flexmark/flexmark-ext-yaml-front-matter/0.62.2/flexmark-ext-yaml-front-matter-0.62.2.jar:/Users/masgilang/.m2/repository/com/vladsch/flexmark/flexmark-ext-youtube-embedded/0.62.2/flexmark-ext-youtube-embedded-0.62.2.jar:/Users/masgilang/.m2/repository/com/vladsch/flexmark/flexmark-html2md-converter/0.62.2/flexmark-html2md-converter-0.62.2.jar:/Users/masgilang/.m2/repository/com/vladsch/flexmark/flexmark-jira-converter/0.62.2/flexmark-jira-converter-0.62.2.jar:/Users/masgilang/.m2/repository/com/vladsch/flexmark/flexmark-pdf-converter/0.62.2/flexmark-pdf-converter-0.62.2.jar:/Users/masgilang/.m2/repository/com/openhtmltopdf/openhtmltopdf-core/1.0.0/openhtmltopdf-core-1.0.0.jar:/Users/masgilang/.m2/repository/com/openhtmltopdf/openhtmltopdf-pdfbox/1.0.0/openhtmltopdf-pdfbox-1.0.0.jar:/Users/masgilang/.m2/repository/org/apache/pdfbox/pdfbox/2.0.16/pdfbox-2.0.16.jar:/Users/masgilang/.m2/repository/org/apache/pdfbox/fontbox/2.0.16/fontbox-2.0.16.jar:/Users/masgilang/.m2/repository/org/apache/pdfbox/xmpbox/2.0.16/xmpbox-2.0.16.jar:/Users/masgilang/.m2/repository/de/rototor/pdfbox/graphics2d/0.24/graphics2d-0.24.jar:/Users/masgilang/.m2/repository/com/openhtmltopdf/openhtmltopdf-rtl-support/1.0.0/openhtmltopdf-rtl-support-1.0.0.jar:/Users/masgilang/.m2/repository/com/openhtmltopdf/openhtmltopdf-jsoup-dom-converter/1.0.0/openhtmltopdf-jsoup-dom-converter-1.0.0.jar:/Users/masgilang/.m2/repository/com/vladsch/flexmark/flexmark-profile-pegdown/0.62.2/flexmark-profile-pegdown-0.62.2.jar:/Users/masgilang/.m2/repository/com/vladsch/flexmark/flexmark-util-ast/0.62.2/flexmark-util-ast-0.62.2.jar:/Users/masgilang/.m2/repository/com/vladsch/flexmark/flexmark-util-builder/0.62.2/flexmark-util-builder-0.62.2.jar:/Users/masgilang/.m2/repository/com/vladsch/flexmark/flexmark-util-collection/0.62.2/flexmark-util-collection-0.62.2.jar:/Users/masgilang/.m2/repository/com/vladsch/flexmark/flexmark-util-data/0.62.2/flexmark-util-data-0.62.2.jar:/Users/masgilang/.m2/repository/com/vladsch/flexmark/flexmark-util-dependency/0.62.2/flexmark-util-dependency-0.62.2.jar:/Users/masgilang/.m2/repository/com/vladsch/flexmark/flexmark-util-format/0.62.2/flexmark-util-format-0.62.2.jar:/Users/masgilang/.m2/repository/com/vladsch/flexmark/flexmark-util-html/0.62.2/flexmark-util-html-0.62.2.jar:/Users/masgilang/.m2/repository/com/vladsch/flexmark/flexmark-util-misc/0.62.2/flexmark-util-misc-0.62.2.jar:/Users/masgilang/.m2/repository/com/vladsch/flexmark/flexmark-util-options/0.62.2/flexmark-util-options-0.62.2.jar:/Users/masgilang/.m2/repository/com/vladsch/flexmark/flexmark-util-sequence/0.62.2/flexmark-util-sequence-0.62.2.jar:/Users/masgilang/.m2/repository/com/vladsch/flexmark/flexmark-util-visitor/0.62.2/flexmark-util-visitor-0.62.2.jar:/Users/masgilang/.m2/repository/com/vladsch/flexmark/flexmark-youtrack-converter/0.62.2/flexmark-youtrack-converter-0.62.2.jar:/Users/masgilang/.m2/repository/com/ibm/icu/icu4j/72.1/icu4j-72.1.jar:/Users/masgilang/.m2/repository/es/nitaur/markdown/txtmark/0.16/txtmark-0.16.jar:/Users/masgilang/.m2/repository/net/serenity-bdd/serenity-report-resources/3.6.21/serenity-report-resources-3.6.21.jar:/Users/masgilang/.m2/repository/com/google/code/gson/gson/2.10.1/gson-2.10.1.jar:/Users/masgilang/.m2/repository/com/fasterxml/jackson/core/jackson-core/2.15.0-rc1/jackson-core-2.15.0-rc1.jar:/Users/masgilang/.m2/repository/com/fasterxml/jackson/core/jackson-databind/2.15.0-rc1/jackson-databind-2.15.0-rc1.jar:/Users/masgilang/.m2/repository/com/fasterxml/jackson/core/jackson-annotations/2.15.0-rc1/jackson-annotations-2.15.0-rc1.jar:/Users/masgilang/.m2/repository/commons-codec/commons-codec/1.15/commons-codec-1.15.jar:/Users/masgilang/.m2/repository/commons-io/commons-io/2.11.0/commons-io-2.11.0.jar:/Users/masgilang/.m2/repository/org/apache/httpcomponents/httpclient/4.5.13/httpclient-4.5.13.jar:/Users/masgilang/.m2/repository/org/apache/httpcomponents/httpcore/4.4.13/httpcore-4.4.13.jar:/Users/masgilang/.m2/repository/commons-logging/commons-logging/1.2/commons-logging-1.2.jar:/Users/masgilang/.m2/repository/org/seleniumhq/selenium/selenium-java/4.8.1/selenium-java-4.8.1.jar:/Users/masgilang/.m2/repository/org/seleniumhq/selenium/selenium-devtools-v108/4.8.1/selenium-devtools-v108-4.8.1.jar:/Users/masgilang/.m2/repository/org/seleniumhq/selenium/selenium-devtools-v109/4.8.1/selenium-devtools-v109-4.8.1.jar:/Users/masgilang/.m2/repository/org/seleniumhq/selenium/selenium-devtools-v110/4.8.1/selenium-devtools-v110-4.8.1.jar:/Users/masgilang/.m2/repository/org/seleniumhq/selenium/selenium-devtools-v85/4.8.1/selenium-devtools-v85-4.8.1.jar:/Users/masgilang/.m2/repository/org/seleniumhq/selenium/selenium-safari-driver/4.8.1/selenium-safari-driver-4.8.1.jar:/Users/masgilang/.m2/repository/org/seleniumhq/selenium/selenium-api/4.8.1/selenium-api-4.8.1.jar:/Users/masgilang/.m2/repository/org/seleniumhq/selenium/selenium-chrome-driver/4.8.1/selenium-chrome-driver-4.8.1.jar:/Users/masgilang/.m2/repository/org/seleniumhq/selenium/selenium-chromium-driver/4.8.1/selenium-chromium-driver-4.8.1.jar:/Users/masgilang/.m2/repository/org/seleniumhq/selenium/selenium-firefox-driver/4.8.1/selenium-firefox-driver-4.8.1.jar:/Users/masgilang/.m2/repository/org/seleniumhq/selenium/selenium-http/4.8.1/selenium-http-4.8.1.jar:/Users/masgilang/.m2/repository/dev/failsafe/failsafe/3.3.0/failsafe-3.3.0.jar:/Users/masgilang/.m2/repository/org/seleniumhq/selenium/selenium-edge-driver/4.8.1/selenium-edge-driver-4.8.1.jar:/Users/masgilang/.m2/repository/org/seleniumhq/selenium/selenium-ie-driver/4.8.1/selenium-ie-driver-4.8.1.jar:/Users/masgilang/.m2/repository/org/projectlombok/lombok/1.18.20/lombok-1.18.20.jar:/Users/masgilang/.m2/repository/org/apache/groovy/groovy/4.0.10/groovy-4.0.10.jar:/Users/masgilang/.m2/repository/net/sf/opencsv/opencsv/2.0/opencsv-2.0.jar:/Users/masgilang/.m2/repository/commons-beanutils/commons-beanutils/1.9.4/commons-beanutils-1.9.4.jar:/Users/masgilang/.m2/repository/org/apache/commons/commons-lang3/3.12.0/commons-lang3-3.12.0.jar:/Users/masgilang/.m2/repository/commons-collections/commons-collections/3.2.2/commons-collections-3.2.2.jar:/Users/masgilang/.m2/repository/org/fluentlenium/fluentlenium-core/0.10.2/fluentlenium-core-0.10.2.jar:/Users/masgilang/.m2/repository/io/github/bonigarcia/webdrivermanager/5.3.0/webdrivermanager-5.3.0.jar:/Users/masgilang/.m2/repository/com/github/docker-java/docker-java/3.2.13/docker-java-3.2.13.jar:/Users/masgilang/.m2/repository/com/github/docker-java/docker-java-core/3.2.13/docker-java-core-3.2.13.jar:/Users/masgilang/.m2/repository/com/github/docker-java/docker-java-api/3.2.13/docker-java-api-3.2.13.jar:/Users/masgilang/.m2/repository/org/apache/commons/commons-compress/1.21/commons-compress-1.21.jar:/Users/masgilang/.m2/repository/org/bouncycastle/bcpkix-jdk15on/1.64/bcpkix-jdk15on-1.64.jar:/Users/masgilang/.m2/repository/org/bouncycastle/bcprov-jdk15on/1.64/bcprov-jdk15on-1.64.jar:/Users/masgilang/.m2/repository/org/slf4j/jcl-over-slf4j/1.7.30/jcl-over-slf4j-1.7.30.jar:/Users/masgilang/.m2/repository/com/github/docker-java/docker-java-transport-httpclient5/3.2.13/docker-java-transport-httpclient5-3.2.13.jar:/Users/masgilang/.m2/repository/com/github/docker-java/docker-java-transport/3.2.13/docker-java-transport-3.2.13.jar:/Users/masgilang/.m2/repository/net/java/dev/jna/jna/5.8.0/jna-5.8.0.jar:/Users/masgilang/.m2/repository/org/brotli/dec/0.1.2/dec-0.1.2.jar:/Users/masgilang/.m2/repository/org/apache/httpcomponents/client5/httpclient5/5.1.3/httpclient5-5.1.3.jar:/Users/masgilang/.m2/repository/org/apache/httpcomponents/core5/httpcore5/5.1.3/httpcore5-5.1.3.jar:/Users/masgilang/.m2/repository/org/apache/httpcomponents/core5/httpcore5-h2/5.1.3/httpcore5-h2-5.1.3.jar:/Users/masgilang/.m2/repository/com/jhlabs/filters/2.0.235/filters-2.0.235.jar:/Users/masgilang/.m2/repository/com/paulhammant/ngwebdriver/1.1.6/ngwebdriver-1.1.6.jar:/Users/masgilang/.m2/repository/joda-time/joda-time/2.12.2/joda-time-2.12.2.jar:/Users/masgilang/.m2/repository/org/hamcrest/hamcrest/2.2/hamcrest-2.2.jar:/Users/masgilang/.m2/repository/com/google/jimfs/jimfs/1.2/jimfs-1.2.jar:/Users/masgilang/.m2/repository/org/mockito/mockito-core/3.3.3/mockito-core-3.3.3.jar:/Users/masgilang/.m2/repository/javax/xml/bind/jaxb-api/2.3.1/jaxb-api-2.3.1.jar:/Users/masgilang/.m2/repository/javax/activation/javax.activation-api/1.2.0/javax.activation-api-1.2.0.jar:/Users/masgilang/.m2/repository/com/sun/xml/bind/jaxb-core/2.3.0.1/jaxb-core-2.3.0.1.jar:/Users/masgilang/.m2/repository/com/sun/xml/bind/jaxb-impl/2.3.3/jaxb-impl-2.3.3.jar:/Users/masgilang/.m2/repository/jakarta/xml/bind/jakarta.xml.bind-api/2.3.3/jakarta.xml.bind-api-2.3.3.jar:/Users/masgilang/.m2/repository/com/sun/activation/jakarta.activation/1.2.2/jakarta.activation-1.2.2.jar:/Users/masgilang/.m2/repository/javax/activation/activation/1.1.1/activation-1.1.1.jar:/Users/masgilang/.m2/repository/net/serenity-bdd/serenity-cucumber/3.6.21/serenity-cucumber-3.6.21.jar:/Users/masgilang/.m2/repository/io/cucumber/cucumber-core/7.11.0/cucumber-core-7.11.0.jar:/Users/masgilang/.m2/repository/io/cucumber/cucumber-gherkin/7.11.0/cucumber-gherkin-7.11.0.jar:/Users/masgilang/.m2/repository/io/cucumber/cucumber-gherkin-messages/7.11.0/cucumber-gherkin-messages-7.11.0.jar:/Users/masgilang/.m2/repository/io/cucumber/gherkin/26.0.3/gherkin-26.0.3.jar:/Users/masgilang/.m2/repository/io/cucumber/messages/21.0.1/messages-21.0.1.jar:/Users/masgilang/.m2/repository/io/cucumber/tag-expressions/5.0.1/tag-expressions-5.0.1.jar:/Users/masgilang/.m2/repository/io/cucumber/cucumber-expressions/16.1.1/cucumber-expressions-16.1.1.jar:/Users/masgilang/.m2/repository/io/cucumber/datatable/7.11.0/datatable-7.11.0.jar:/Users/masgilang/.m2/repository/io/cucumber/cucumber-plugin/7.11.0/cucumber-plugin-7.11.0.jar:/Users/masgilang/.m2/repository/io/cucumber/docstring/7.11.0/docstring-7.11.0.jar:/Users/masgilang/.m2/repository/io/cucumber/html-formatter/20.2.1/html-formatter-20.2.1.jar:/Users/masgilang/.m2/repository/io/cucumber/junit-xml-formatter/0.1.0/junit-xml-formatter-0.1.0.jar:/Users/masgilang/.m2/repository/io/cucumber/ci-environment/9.1.0/ci-environment-9.1.0.jar:/Users/masgilang/.m2/repository/io/cucumber/cucumber-java/7.11.0/cucumber-java-7.11.0.jar:/Users/masgilang/.m2/repository/io/cucumber/cucumber-junit/7.11.0/cucumber-junit-7.11.0.jar:/Users/masgilang/.m2/repository/org/apache/commons/commons-csv/1.5/commons-csv-1.5.jar:/Users/masgilang/.m2/repository/net/serenity-bdd/serenity-screenplay/3.6.21/serenity-screenplay-3.6.21.jar:/Users/masgilang/.m2/repository/net/serenity-bdd/serenity-screenplay-webdriver/3.6.21/serenity-screenplay-webdriver-3.6.21.jar:/Users/masgilang/.m2/repository/net/serenity-bdd/serenity-ensure/3.6.21/serenity-ensure-3.6.21.jar:/Users/masgilang/.m2/repository/net/serenity-bdd/serenity-junit/3.6.21/serenity-junit-3.6.21.jar:/Users/masgilang/.m2/repository/org/jetbrains/kotlin/kotlin-stdlib/1.8.10/kotlin-stdlib-1.8.10.jar:/Users/masgilang/.m2/repository/org/jetbrains/kotlin/kotlin-stdlib-common/1.8.10/kotlin-stdlib-common-1.8.10.jar:/Users/masgilang/.m2/repository/org/jetbrains/annotations/13.0/annotations-13.0.jar:/Users/masgilang/.m2/repository/com/github/javafaker/javafaker/1.0.2/javafaker-1.0.2.jar:/Users/masgilang/.m2/repository/org/yaml/snakeyaml/1.23/snakeyaml-1.23-android.jar:/Users/masgilang/.m2/repository/com/github/mifmif/generex/1.0.2/generex-1.0.2.jar:/Users/masgilang/.m2/repository/dk/brics/automaton/automaton/1.11-8/automaton-1.11-8.jar:/Users/masgilang/.m2/repository/org/junit/platform/junit-platform-launcher/1.8.2/junit-platform-launcher-1.8.2.jar:/Users/masgilang/.m2/repository/org/junit/platform/junit-platform-engine/1.8.2/junit-platform-engine-1.8.2.jar:/Users/masgilang/.m2/repository/org/opentest4j/opentest4j/1.2.0/opentest4j-1.2.0.jar:/Users/masgilang/.m2/repository/org/junit/platform/junit-platform-commons/1.8.2/junit-platform-commons-1.8.2.jar:/Users/masgilang/.m2/repository/org/apiguardian/apiguardian-api/1.1.2/apiguardian-api-1.1.2.jar:/Users/masgilang/.m2/repository/org/junit/jupiter/junit-jupiter-engine/5.8.2/junit-jupiter-engine-5.8.2.jar:/Users/masgilang/.m2/repository/org/junit/jupiter/junit-jupiter-api/5.8.2/junit-jupiter-api-5.8.2.jar:/Users/masgilang/.m2/repository/org/junit/vintage/junit-vintage-engine/5.8.2/junit-vintage-engine-5.8.2.jar:/Users/masgilang/.m2/repository/junit/junit/4.13.2/junit-4.13.2.jar:/Users/masgilang/.m2/repository/org/hamcrest/hamcrest-core/1.3/hamcrest-core-1.3.jar:/Users/masgilang/.m2/repository/ch/qos/logback/logback-classic/1.2.10/logback-classic-1.2.10.jar:/Users/masgilang/.m2/repository/ch/qos/logback/logback-core/1.2.10/logback-core-1.2.10.jar:/Users/masgilang/.m2/repository/org/slf4j/slf4j-api/1.7.32/slf4j-api-1.7.32.jar:/Users/masgilang/.m2/repository/org/assertj/assertj-core/3.23.1/assertj-core-3.23.1.jar:/Users/masgilang/.m2/repository/net/bytebuddy/byte-buddy/1.12.10/byte-buddy-1.12.10.jar:/Users/masgilang/.m2/repository/org/slf4j/slf4j-simple/1.7.7/slf4j-simple-1.7.7.jar:/Users/masgilang/.m2/repository/io/appium/java-client/8.3.0/java-client-8.3.0.jar:/Users/masgilang/.m2/repository/org/seleniumhq/selenium/selenium-remote-driver/4.9.1/selenium-remote-driver-4.9.1.jar:/Users/masgilang/.m2/repository/com/beust/jcommander/1.82/jcommander-1.82.jar:/Users/masgilang/.m2/repository/io/netty/netty-buffer/4.1.91.Final/netty-buffer-4.1.91.Final.jar:/Users/masgilang/.m2/repository/io/netty/netty-codec-http/4.1.91.Final/netty-codec-http-4.1.91.Final.jar:/Users/masgilang/.m2/repository/io/netty/netty-codec/4.1.91.Final/netty-codec-4.1.91.Final.jar:/Users/masgilang/.m2/repository/io/netty/netty-handler/4.1.91.Final/netty-handler-4.1.91.Final.jar:/Users/masgilang/.m2/repository/io/netty/netty-common/4.1.91.Final/netty-common-4.1.91.Final.jar:/Users/masgilang/.m2/repository/io/netty/netty-transport-classes-epoll/4.1.91.Final/netty-transport-classes-epoll-4.1.91.Final.jar:/Users/masgilang/.m2/repository/io/netty/netty-transport-classes-kqueue/4.1.91.Final/netty-transport-classes-kqueue-4.1.91.Final.jar:/Users/masgilang/.m2/repository/io/netty/netty-transport-native-epoll/4.1.91.Final/netty-transport-native-epoll-4.1.91.Final.jar:/Users/masgilang/.m2/repository/io/netty/netty-transport-native-kqueue/4.1.91.Final/netty-transport-native-kqueue-4.1.91.Final.jar:/Users/masgilang/.m2/repository/io/netty/netty-transport-native-unix-common/4.1.91.Final/netty-transport-native-unix-common-4.1.91.Final.jar:/Users/masgilang/.m2/repository/io/netty/netty-transport/4.1.91.Final/netty-transport-4.1.91.Final.jar:/Users/masgilang/.m2/repository/io/netty/netty-resolver/4.1.91.Final/netty-resolver-4.1.91.Final.jar:/Users/masgilang/.m2/repository/io/opentelemetry/opentelemetry-api/1.25.0/opentelemetry-api-1.25.0.jar:/Users/masgilang/.m2/repository/io/opentelemetry/opentelemetry-context/1.25.0/opentelemetry-context-1.25.0.jar:/Users/masgilang/.m2/repository/io/opentelemetry/opentelemetry-exporter-logging/1.25.0/opentelemetry-exporter-logging-1.25.0.jar:/Users/masgilang/.m2/repository/io/opentelemetry/opentelemetry-sdk-metrics/1.25.0/opentelemetry-sdk-metrics-1.25.0.jar:/Users/masgilang/.m2/repository/io/opentelemetry/opentelemetry-sdk-logs/1.25.0-alpha/opentelemetry-sdk-logs-1.25.0-alpha.jar:/Users/masgilang/.m2/repository/io/opentelemetry/opentelemetry-api-logs/1.25.0-alpha/opentelemetry-api-logs-1.25.0-alpha.jar:/Users/masgilang/.m2/repository/io/opentelemetry/opentelemetry-api-events/1.25.0-alpha/opentelemetry-api-events-1.25.0-alpha.jar:/Users/masgilang/.m2/repository/io/opentelemetry/opentelemetry-sdk-common/1.25.0/opentelemetry-sdk-common-1.25.0.jar:/Users/masgilang/.m2/repository/io/opentelemetry/opentelemetry-sdk-extension-autoconfigure-spi/1.25.0/opentelemetry-sdk-extension-autoconfigure-spi-1.25.0.jar:/Users/masgilang/.m2/repository/io/opentelemetry/opentelemetry-sdk-extension-autoconfigure/1.25.0-alpha/opentelemetry-sdk-extension-autoconfigure-1.25.0-alpha.jar:/Users/masgilang/.m2/repository/io/opentelemetry/opentelemetry-sdk-trace/1.25.0/opentelemetry-sdk-trace-1.25.0.jar:/Users/masgilang/.m2/repository/io/opentelemetry/opentelemetry-sdk/1.25.0/opentelemetry-sdk-1.25.0.jar:/Users/masgilang/.m2/repository/io/opentelemetry/opentelemetry-semconv/1.25.0-alpha/opentelemetry-semconv-1.25.0-alpha.jar:/Users/masgilang/.m2/repository/io/ous/jtoml/2.0.0/jtoml-2.0.0.jar:/Users/masgilang/.m2/repository/org/apache/commons/commons-exec/1.3/commons-exec-1.3.jar:/Users/masgilang/.m2/repository/org/asynchttpclient/async-http-client/2.12.3/async-http-client-2.12.3.jar:/Users/masgilang/.m2/repository/org/asynchttpclient/async-http-client-netty-utils/2.12.3/async-http-client-netty-utils-2.12.3.jar:/Users/masgilang/.m2/repository/io/netty/netty-codec-socks/4.1.60.Final/netty-codec-socks-4.1.60.Final.jar:/Users/masgilang/.m2/repository/io/netty/netty-handler-proxy/4.1.60.Final/netty-handler-proxy-4.1.60.Final.jar:/Users/masgilang/.m2/repository/io/netty/netty-transport-native-epoll/4.1.60.Final/netty-transport-native-epoll-4.1.60.Final-linux-x86_64.jar:/Users/masgilang/.m2/repository/io/netty/netty-transport-native-kqueue/4.1.60.Final/netty-transport-native-kqueue-4.1.60.Final-osx-x86_64.jar:/Users/masgilang/.m2/repository/org/reactivestreams/reactive-streams/1.0.3/reactive-streams-1.0.3.jar:/Users/masgilang/.m2/repository/com/typesafe/netty/netty-reactive-streams/2.0.4/netty-reactive-streams-2.0.4.jar:/Users/masgilang/.m2/repository/org/seleniumhq/selenium/selenium-manager/4.9.1/selenium-manager-4.9.1.jar:/Users/masgilang/.m2/repository/cglib/cglib/3.3.0/cglib-3.3.0.jar:/Users/masgilang/.m2/repository/org/ow2/asm/asm/7.1/asm-7.1.jar:/Users/masgilang/.m2/repository/commons-validator/commons-validator/1.7/commons-validator-1.7.jar:/Users/masgilang/.m2/repository/commons-digester/commons-digester/2.1/commons-digester-2.1.jar:/Users/masgilang/.m2/repository/org/yaml/snakeyaml/1.29/snakeyaml-1.29.jar:/Users/masgilang/.m2/repository/info/cukes/cucumber-java/1.0.1/cucumber-java-1.0.1.jar:/Users/masgilang/.m2/repository/info/cukes/cucumber-core/1.0.1/cucumber-core-1.0.1.jar:/Users/masgilang/.m2/repository/info/cukes/gherkin/2.9.3/gherkin-2.9.3.jar:/Users/masgilang/.m2/repository/info/cukes/cucumber-html/0.2.1/cucumber-html-0.2.1.jar:/Users/masgilang/.m2/repository/org/seleniumhq/selenium/selenium-support/4.8.1/selenium-support-4.8.1.jar:/Users/masgilang/.m2/repository/com/google/auto/service/auto-service-annotations/1.0.1/auto-service-annotations-1.0.1.jar:/Users/masgilang/.m2/repository/com/google/auto/service/auto-service/1.0.1/auto-service-1.0.1.jar:/Users/masgilang/.m2/repository/com/google/auto/auto-common/1.2/auto-common-1.2.jar:/Users/masgilang/.m2/repository/com/google/guava/guava/31.1-jre/guava-31.1-jre.jar:/Users/masgilang/.m2/repository/com/google/guava/failureaccess/1.0.1/failureaccess-1.0.1.jar:/Users/masgilang/.m2/repository/com/google/guava/listenablefuture/9999.0-empty-to-avoid-conflict-with-guava/listenablefuture-9999.0-empty-to-avoid-conflict-with-guava.jar:/Users/masgilang/.m2/repository/com/google/code/findbugs/jsr305/3.0.2/jsr305-3.0.2.jar:/Users/masgilang/.m2/repository/org/checkerframework/checker-qual/3.12.0/checker-qual-3.12.0.jar:/Users/masgilang/.m2/repository/com/google/errorprone/error_prone_annotations/2.11.0/error_prone_annotations-2.11.0.jar:/Users/masgilang/.m2/repository/com/google/j2objc/j2objc-annotations/1.3/j2objc-annotations-1.3.jar:/Users/masgilang/.m2/repository/org/seleniumhq/selenium/selenium-json/4.8.1/selenium-json-4.8.1.jar:"/>
    <property name="java.vm.vendor" value="Amazon.com Inc."/>
    <property name="sun.arch.data.model" value="64"/>
    <property name="java.vendor.url" value="https://aws.amazon.com/corretto/"/>
    <property name="user.timezone" value="Asia/Jakarta"/>
    <property name="java.vm.specification.version" value="1.8"/>
    <property name="os.name" value="Mac OS X"/>
    <property name="user.country" value="ID"/>
    <property name="sun.java.launcher" value="SUN_STANDARD"/>
    <property name="sun.boot.library.path" value="/Users/masgilang/Library/Java/JavaVirtualMachines/corretto-1.8.0_372/Contents/Home/jre/lib"/>
    <property name="sun.java.command" value="/Users/masgilang/Downloads/test-automation-MinProMobile/target/surefire/surefirebooter6851921950225955231.jar /Users/masgilang/Downloads/test-automation-MinProMobile/target/surefire 2023-05-09T20-16-52_123-jvmRun1 surefire707936367943730125tmp surefire_05141289849553285471tmp"/>
    <property name="http.nonProxyHosts" value="local|*.local|169.254/16|*.169.254/16"/>
    <property name="surefire.test.class.path" value="/Users/masgilang/Downloads/test-automation-MinProMobile/target/test-classes:/Users/masgilang/Downloads/test-automation-MinProMobile/target/test-automation-MinProMobile-1.0-SNAPSHOT.jar:/Users/masgilang/.m2/repository/net/serenity-bdd/serenity-core/3.6.21/serenity-core-3.6.21.jar:/Users/masgilang/.m2/repository/net/serenity-bdd/serenity-model/3.6.21/serenity-model-3.6.21.jar:/Users/masgilang/.m2/repository/org/apache/commons/commons-text/1.10.0/commons-text-1.10.0.jar:/Users/masgilang/.m2/repository/commons-net/commons-net/3.9.0/commons-net-3.9.0.jar:/Users/masgilang/.m2/repository/com/google/inject/guice/5.1.0/guice-5.1.0.jar:/Users/masgilang/.m2/repository/javax/inject/javax.inject/1/javax.inject-1.jar:/Users/masgilang/.m2/repository/aopalliance/aopalliance/1.0/aopalliance-1.0.jar:/Users/masgilang/.m2/repository/org/jsoup/jsoup/1.14.3/jsoup-1.14.3.jar:/Users/masgilang/.m2/repository/com/thoughtworks/xstream/xstream/1.4.20/xstream-1.4.20.jar:/Users/masgilang/.m2/repository/io/github/x-stream/mxparser/1.2.2/mxparser-1.2.2.jar:/Users/masgilang/.m2/repository/xmlpull/xmlpull/1.1.3.1/xmlpull-1.1.3.1.jar:/Users/masgilang/.m2/repository/com/typesafe/config/1.4.2/config-1.4.2.jar:/Users/masgilang/.m2/repository/org/imgscalr/imgscalr-lib/4.2/imgscalr-lib-4.2.jar:/Users/masgilang/.m2/repository/org/awaitility/awaitility/4.2.0/awaitility-4.2.0.jar:/Users/masgilang/.m2/repository/org/freemarker/freemarker/2.3.31/freemarker-2.3.31.jar:/Users/masgilang/.m2/repository/io/github/classgraph/classgraph/4.8.138/classgraph-4.8.138.jar:/Users/masgilang/.m2/repository/net/sourceforge/jexcelapi/jxl/2.6.12/jxl-2.6.12.jar:/Users/masgilang/.m2/repository/net/bytebuddy/byte-buddy-agent/1.14.2/byte-buddy-agent-1.14.2.jar:/Users/masgilang/.m2/repository/org/objenesis/objenesis/3.3/objenesis-3.3.jar:/Users/masgilang/.m2/repository/net/serenity-bdd/serenity-reports/3.6.21/serenity-reports-3.6.21.jar:/Users/masgilang/.m2/repository/net/serenity-bdd/serenity-stats/3.6.21/serenity-stats-3.6.21.jar:/Users/masgilang/.m2/repository/net/serenity-bdd/serenity-reports-configuration/3.6.21/serenity-reports-configuration-3.6.21.jar:/Users/masgilang/.m2/repository/com/vladsch/flexmark/flexmark-all/0.62.2/flexmark-all-0.62.2.jar:/Users/masgilang/.m2/repository/com/vladsch/flexmark/flexmark/0.62.2/flexmark-0.62.2.jar:/Users/masgilang/.m2/repository/com/vladsch/flexmark/flexmark-ext-abbreviation/0.62.2/flexmark-ext-abbreviation-0.62.2.jar:/Users/masgilang/.m2/repository/com/vladsch/flexmark/flexmark-util/0.62.2/flexmark-util-0.62.2.jar:/Users/masgilang/.m2/repository/com/vladsch/flexmark/flexmark-ext-admonition/0.62.2/flexmark-ext-admonition-0.62.2.jar:/Users/masgilang/.m2/repository/com/vladsch/flexmark/flexmark-ext-anchorlink/0.62.2/flexmark-ext-anchorlink-0.62.2.jar:/Users/masgilang/.m2/repository/com/vladsch/flexmark/flexmark-ext-aside/0.62.2/flexmark-ext-aside-0.62.2.jar:/Users/masgilang/.m2/repository/com/vladsch/flexmark/flexmark-ext-attributes/0.62.2/flexmark-ext-attributes-0.62.2.jar:/Users/masgilang/.m2/repository/com/vladsch/flexmark/flexmark-ext-autolink/0.62.2/flexmark-ext-autolink-0.62.2.jar:/Users/masgilang/.m2/repository/org/nibor/autolink/autolink/0.6.0/autolink-0.6.0.jar:/Users/masgilang/.m2/repository/com/vladsch/flexmark/flexmark-ext-definition/0.62.2/flexmark-ext-definition-0.62.2.jar:/Users/masgilang/.m2/repository/com/vladsch/flexmark/flexmark-ext-emoji/0.62.2/flexmark-ext-emoji-0.62.2.jar:/Users/masgilang/.m2/repository/com/vladsch/flexmark/flexmark-ext-enumerated-reference/0.62.2/flexmark-ext-enumerated-reference-0.62.2.jar:/Users/masgilang/.m2/repository/com/vladsch/flexmark/flexmark-ext-escaped-character/0.62.2/flexmark-ext-escaped-character-0.62.2.jar:/Users/masgilang/.m2/repository/com/vladsch/flexmark/flexmark-ext-footnotes/0.62.2/flexmark-ext-footnotes-0.62.2.jar:/Users/masgilang/.m2/repository/com/vladsch/flexmark/flexmark-ext-gfm-issues/0.62.2/flexmark-ext-gfm-issues-0.62.2.jar:/Users/masgilang/.m2/repository/com/vladsch/flexmark/flexmark-ext-gfm-strikethrough/0.62.2/flexmark-ext-gfm-strikethrough-0.62.2.jar:/Users/masgilang/.m2/repository/com/vladsch/flexmark/flexmark-ext-gfm-tasklist/0.62.2/flexmark-ext-gfm-tasklist-0.62.2.jar:/Users/masgilang/.m2/repository/com/vladsch/flexmark/flexmark-ext-gfm-users/0.62.2/flexmark-ext-gfm-users-0.62.2.jar:/Users/masgilang/.m2/repository/com/vladsch/flexmark/flexmark-ext-gitlab/0.62.2/flexmark-ext-gitlab-0.62.2.jar:/Users/masgilang/.m2/repository/com/vladsch/flexmark/flexmark-ext-jekyll-front-matter/0.62.2/flexmark-ext-jekyll-front-matter-0.62.2.jar:/Users/masgilang/.m2/repository/com/vladsch/flexmark/flexmark-ext-jekyll-tag/0.62.2/flexmark-ext-jekyll-tag-0.62.2.jar:/Users/masgilang/.m2/repository/com/vladsch/flexmark/flexmark-ext-media-tags/0.62.2/flexmark-ext-media-tags-0.62.2.jar:/Users/masgilang/.m2/repository/com/vladsch/flexmark/flexmark-ext-macros/0.62.2/flexmark-ext-macros-0.62.2.jar:/Users/masgilang/.m2/repository/com/vladsch/flexmark/flexmark-ext-ins/0.62.2/flexmark-ext-ins-0.62.2.jar:/Users/masgilang/.m2/repository/com/vladsch/flexmark/flexmark-ext-xwiki-macros/0.62.2/flexmark-ext-xwiki-macros-0.62.2.jar:/Users/masgilang/.m2/repository/com/vladsch/flexmark/flexmark-ext-superscript/0.62.2/flexmark-ext-superscript-0.62.2.jar:/Users/masgilang/.m2/repository/com/vladsch/flexmark/flexmark-ext-tables/0.62.2/flexmark-ext-tables-0.62.2.jar:/Users/masgilang/.m2/repository/com/vladsch/flexmark/flexmark-ext-toc/0.62.2/flexmark-ext-toc-0.62.2.jar:/Users/masgilang/.m2/repository/com/vladsch/flexmark/flexmark-ext-typographic/0.62.2/flexmark-ext-typographic-0.62.2.jar:/Users/masgilang/.m2/repository/com/vladsch/flexmark/flexmark-ext-wikilink/0.62.2/flexmark-ext-wikilink-0.62.2.jar:/Users/masgilang/.m2/repository/com/vladsch/flexmark/flexmark-ext-yaml-front-matter/0.62.2/flexmark-ext-yaml-front-matter-0.62.2.jar:/Users/masgilang/.m2/repository/com/vladsch/flexmark/flexmark-ext-youtube-embedded/0.62.2/flexmark-ext-youtube-embedded-0.62.2.jar:/Users/masgilang/.m2/repository/com/vladsch/flexmark/flexmark-html2md-converter/0.62.2/flexmark-html2md-converter-0.62.2.jar:/Users/masgilang/.m2/repository/com/vladsch/flexmark/flexmark-jira-converter/0.62.2/flexmark-jira-converter-0.62.2.jar:/Users/masgilang/.m2/repository/com/vladsch/flexmark/flexmark-pdf-converter/0.62.2/flexmark-pdf-converter-0.62.2.jar:/Users/masgilang/.m2/repository/com/openhtmltopdf/openhtmltopdf-core/1.0.0/openhtmltopdf-core-1.0.0.jar:/Users/masgilang/.m2/repository/com/openhtmltopdf/openhtmltopdf-pdfbox/1.0.0/openhtmltopdf-pdfbox-1.0.0.jar:/Users/masgilang/.m2/repository/org/apache/pdfbox/pdfbox/2.0.16/pdfbox-2.0.16.jar:/Users/masgilang/.m2/repository/org/apache/pdfbox/fontbox/2.0.16/fontbox-2.0.16.jar:/Users/masgilang/.m2/repository/org/apache/pdfbox/xmpbox/2.0.16/xmpbox-2.0.16.jar:/Users/masgilang/.m2/repository/de/rototor/pdfbox/graphics2d/0.24/graphics2d-0.24.jar:/Users/masgilang/.m2/repository/com/openhtmltopdf/openhtmltopdf-rtl-support/1.0.0/openhtmltopdf-rtl-support-1.0.0.jar:/Users/masgilang/.m2/repository/com/openhtmltopdf/openhtmltopdf-jsoup-dom-converter/1.0.0/openhtmltopdf-jsoup-dom-converter-1.0.0.jar:/Users/masgilang/.m2/repository/com/vladsch/flexmark/flexmark-profile-pegdown/0.62.2/flexmark-profile-pegdown-0.62.2.jar:/Users/masgilang/.m2/repository/com/vladsch/flexmark/flexmark-util-ast/0.62.2/flexmark-util-ast-0.62.2.jar:/Users/masgilang/.m2/repository/com/vladsch/flexmark/flexmark-util-builder/0.62.2/flexmark-util-builder-0.62.2.jar:/Users/masgilang/.m2/repository/com/vladsch/flexmark/flexmark-util-collection/0.62.2/flexmark-util-collection-0.62.2.jar:/Users/masgilang/.m2/repository/com/vladsch/flexmark/flexmark-util-data/0.62.2/flexmark-util-data-0.62.2.jar:/Users/masgilang/.m2/repository/com/vladsch/flexmark/flexmark-util-dependency/0.62.2/flexmark-util-dependency-0.62.2.jar:/Users/masgilang/.m2/repository/com/vladsch/flexmark/flexmark-util-format/0.62.2/flexmark-util-format-0.62.2.jar:/Users/masgilang/.m2/repository/com/vladsch/flexmark/flexmark-util-html/0.62.2/flexmark-util-html-0.62.2.jar:/Users/masgilang/.m2/repository/com/vladsch/flexmark/flexmark-util-misc/0.62.2/flexmark-util-misc-0.62.2.jar:/Users/masgilang/.m2/repository/com/vladsch/flexmark/flexmark-util-options/0.62.2/flexmark-util-options-0.62.2.jar:/Users/masgilang/.m2/repository/com/vladsch/flexmark/flexmark-util-sequence/0.62.2/flexmark-util-sequence-0.62.2.jar:/Users/masgilang/.m2/repository/com/vladsch/flexmark/flexmark-util-visitor/0.62.2/flexmark-util-visitor-0.62.2.jar:/Users/masgilang/.m2/repository/com/vladsch/flexmark/flexmark-youtrack-converter/0.62.2/flexmark-youtrack-converter-0.62.2.jar:/Users/masgilang/.m2/repository/com/ibm/icu/icu4j/72.1/icu4j-72.1.jar:/Users/masgilang/.m2/repository/es/nitaur/markdown/txtmark/0.16/txtmark-0.16.jar:/Users/masgilang/.m2/repository/net/serenity-bdd/serenity-report-resources/3.6.21/serenity-report-resources-3.6.21.jar:/Users/masgilang/.m2/repository/com/google/code/gson/gson/2.10.1/gson-2.10.1.jar:/Users/masgilang/.m2/repository/com/fasterxml/jackson/core/jackson-core/2.15.0-rc1/jackson-core-2.15.0-rc1.jar:/Users/masgilang/.m2/repository/com/fasterxml/jackson/core/jackson-databind/2.15.0-rc1/jackson-databind-2.15.0-rc1.jar:/Users/masgilang/.m2/repository/com/fasterxml/jackson/core/jackson-annotations/2.15.0-rc1/jackson-annotations-2.15.0-rc1.jar:/Users/masgilang/.m2/repository/commons-codec/commons-codec/1.15/commons-codec-1.15.jar:/Users/masgilang/.m2/repository/commons-io/commons-io/2.11.0/commons-io-2.11.0.jar:/Users/masgilang/.m2/repository/org/apache/httpcomponents/httpclient/4.5.13/httpclient-4.5.13.jar:/Users/masgilang/.m2/repository/org/apache/httpcomponents/httpcore/4.4.13/httpcore-4.4.13.jar:/Users/masgilang/.m2/repository/commons-logging/commons-logging/1.2/commons-logging-1.2.jar:/Users/masgilang/.m2/repository/org/seleniumhq/selenium/selenium-java/4.8.1/selenium-java-4.8.1.jar:/Users/masgilang/.m2/repository/org/seleniumhq/selenium/selenium-devtools-v108/4.8.1/selenium-devtools-v108-4.8.1.jar:/Users/masgilang/.m2/repository/org/seleniumhq/selenium/selenium-devtools-v109/4.8.1/selenium-devtools-v109-4.8.1.jar:/Users/masgilang/.m2/repository/org/seleniumhq/selenium/selenium-devtools-v110/4.8.1/selenium-devtools-v110-4.8.1.jar:/Users/masgilang/.m2/repository/org/seleniumhq/selenium/selenium-devtools-v85/4.8.1/selenium-devtools-v85-4.8.1.jar:/Users/masgilang/.m2/repository/org/seleniumhq/selenium/selenium-safari-driver/4.8.1/selenium-safari-driver-4.8.1.jar:/Users/masgilang/.m2/repository/org/seleniumhq/selenium/selenium-api/4.8.1/selenium-api-4.8.1.jar:/Users/masgilang/.m2/repository/org/seleniumhq/selenium/selenium-chrome-driver/4.8.1/selenium-chrome-driver-4.8.1.jar:/Users/masgilang/.m2/repository/org/seleniumhq/selenium/selenium-chromium-driver/4.8.1/selenium-chromium-driver-4.8.1.jar:/Users/masgilang/.m2/repository/org/seleniumhq/selenium/selenium-firefox-driver/4.8.1/selenium-firefox-driver-4.8.1.jar:/Users/masgilang/.m2/repository/org/seleniumhq/selenium/selenium-http/4.8.1/selenium-http-4.8.1.jar:/Users/masgilang/.m2/repository/dev/failsafe/failsafe/3.3.0/failsafe-3.3.0.jar:/Users/masgilang/.m2/repository/org/seleniumhq/selenium/selenium-edge-driver/4.8.1/selenium-edge-driver-4.8.1.jar:/Users/masgilang/.m2/repository/org/seleniumhq/selenium/selenium-ie-driver/4.8.1/selenium-ie-driver-4.8.1.jar:/Users/masgilang/.m2/repository/org/projectlombok/lombok/1.18.20/lombok-1.18.20.jar:/Users/masgilang/.m2/repository/org/apache/groovy/groovy/4.0.10/groovy-4.0.10.jar:/Users/masgilang/.m2/repository/net/sf/opencsv/opencsv/2.0/opencsv-2.0.jar:/Users/masgilang/.m2/repository/commons-beanutils/commons-beanutils/1.9.4/commons-beanutils-1.9.4.jar:/Users/masgilang/.m2/repository/org/apache/commons/commons-lang3/3.12.0/commons-lang3-3.12.0.jar:/Users/masgilang/.m2/repository/commons-collections/commons-collections/3.2.2/commons-collections-3.2.2.jar:/Users/masgilang/.m2/repository/org/fluentlenium/fluentlenium-core/0.10.2/fluentlenium-core-0.10.2.jar:/Users/masgilang/.m2/repository/io/github/bonigarcia/webdrivermanager/5.3.0/webdrivermanager-5.3.0.jar:/Users/masgilang/.m2/repository/com/github/docker-java/docker-java/3.2.13/docker-java-3.2.13.jar:/Users/masgilang/.m2/repository/com/github/docker-java/docker-java-core/3.2.13/docker-java-core-3.2.13.jar:/Users/masgilang/.m2/repository/com/github/docker-java/docker-java-api/3.2.13/docker-java-api-3.2.13.jar:/Users/masgilang/.m2/repository/org/apache/commons/commons-compress/1.21/commons-compress-1.21.jar:/Users/masgilang/.m2/repository/org/bouncycastle/bcpkix-jdk15on/1.64/bcpkix-jdk15on-1.64.jar:/Users/masgilang/.m2/repository/org/bouncycastle/bcprov-jdk15on/1.64/bcprov-jdk15on-1.64.jar:/Users/masgilang/.m2/repository/org/slf4j/jcl-over-slf4j/1.7.30/jcl-over-slf4j-1.7.30.jar:/Users/masgilang/.m2/repository/com/github/docker-java/docker-java-transport-httpclient5/3.2.13/docker-java-transport-httpclient5-3.2.13.jar:/Users/masgilang/.m2/repository/com/github/docker-java/docker-java-transport/3.2.13/docker-java-transport-3.2.13.jar:/Users/masgilang/.m2/repository/net/java/dev/jna/jna/5.8.0/jna-5.8.0.jar:/Users/masgilang/.m2/repository/org/brotli/dec/0.1.2/dec-0.1.2.jar:/Users/masgilang/.m2/repository/org/apache/httpcomponents/client5/httpclient5/5.1.3/httpclient5-5.1.3.jar:/Users/masgilang/.m2/repository/org/apache/httpcomponents/core5/httpcore5/5.1.3/httpcore5-5.1.3.jar:/Users/masgilang/.m2/repository/org/apache/httpcomponents/core5/httpcore5-h2/5.1.3/httpcore5-h2-5.1.3.jar:/Users/masgilang/.m2/repository/com/jhlabs/filters/2.0.235/filters-2.0.235.jar:/Users/masgilang/.m2/repository/com/paulhammant/ngwebdriver/1.1.6/ngwebdriver-1.1.6.jar:/Users/masgilang/.m2/repository/joda-time/joda-time/2.12.2/joda-time-2.12.2.jar:/Users/masgilang/.m2/repository/org/hamcrest/hamcrest/2.2/hamcrest-2.2.jar:/Users/masgilang/.m2/repository/com/google/jimfs/jimfs/1.2/jimfs-1.2.jar:/Users/masgilang/.m2/repository/org/mockito/mockito-core/3.3.3/mockito-core-3.3.3.jar:/Users/masgilang/.m2/repository/javax/xml/bind/jaxb-api/2.3.1/jaxb-api-2.3.1.jar:/Users/masgilang/.m2/repository/javax/activation/javax.activation-api/1.2.0/javax.activation-api-1.2.0.jar:/Users/masgilang/.m2/repository/com/sun/xml/bind/jaxb-core/2.3.0.1/jaxb-core-2.3.0.1.jar:/Users/masgilang/.m2/repository/com/sun/xml/bind/jaxb-impl/2.3.3/jaxb-impl-2.3.3.jar:/Users/masgilang/.m2/repository/jakarta/xml/bind/jakarta.xml.bind-api/2.3.3/jakarta.xml.bind-api-2.3.3.jar:/Users/masgilang/.m2/repository/com/sun/activation/jakarta.activation/1.2.2/jakarta.activation-1.2.2.jar:/Users/masgilang/.m2/repository/javax/activation/activation/1.1.1/activation-1.1.1.jar:/Users/masgilang/.m2/repository/net/serenity-bdd/serenity-cucumber/3.6.21/serenity-cucumber-3.6.21.jar:/Users/masgilang/.m2/repository/io/cucumber/cucumber-core/7.11.0/cucumber-core-7.11.0.jar:/Users/masgilang/.m2/repository/io/cucumber/cucumber-gherkin/7.11.0/cucumber-gherkin-7.11.0.jar:/Users/masgilang/.m2/repository/io/cucumber/cucumber-gherkin-messages/7.11.0/cucumber-gherkin-messages-7.11.0.jar:/Users/masgilang/.m2/repository/io/cucumber/gherkin/26.0.3/gherkin-26.0.3.jar:/Users/masgilang/.m2/repository/io/cucumber/messages/21.0.1/messages-21.0.1.jar:/Users/masgilang/.m2/repository/io/cucumber/tag-expressions/5.0.1/tag-expressions-5.0.1.jar:/Users/masgilang/.m2/repository/io/cucumber/cucumber-expressions/16.1.1/cucumber-expressions-16.1.1.jar:/Users/masgilang/.m2/repository/io/cucumber/datatable/7.11.0/datatable-7.11.0.jar:/Users/masgilang/.m2/repository/io/cucumber/cucumber-plugin/7.11.0/cucumber-plugin-7.11.0.jar:/Users/masgilang/.m2/repository/io/cucumber/docstring/7.11.0/docstring-7.11.0.jar:/Users/masgilang/.m2/repository/io/cucumber/html-formatter/20.2.1/html-formatter-20.2.1.jar:/Users/masgilang/.m2/repository/io/cucumber/junit-xml-formatter/0.1.0/junit-xml-formatter-0.1.0.jar:/Users/masgilang/.m2/repository/io/cucumber/ci-environment/9.1.0/ci-environment-9.1.0.jar:/Users/masgilang/.m2/repository/io/cucumber/cucumber-java/7.11.0/cucumber-java-7.11.0.jar:/Users/masgilang/.m2/repository/io/cucumber/cucumber-junit/7.11.0/cucumber-junit-7.11.0.jar:/Users/masgilang/.m2/repository/org/apache/commons/commons-csv/1.5/commons-csv-1.5.jar:/Users/masgilang/.m2/repository/net/serenity-bdd/serenity-screenplay/3.6.21/serenity-screenplay-3.6.21.jar:/Users/masgilang/.m2/repository/net/serenity-bdd/serenity-screenplay-webdriver/3.6.21/serenity-screenplay-webdriver-3.6.21.jar:/Users/masgilang/.m2/repository/net/serenity-bdd/serenity-ensure/3.6.21/serenity-ensure-3.6.21.jar:/Users/masgilang/.m2/repository/net/serenity-bdd/serenity-junit/3.6.21/serenity-junit-3.6.21.jar:/Users/masgilang/.m2/repository/org/jetbrains/kotlin/kotlin-stdlib/1.8.10/kotlin-stdlib-1.8.10.jar:/Users/masgilang/.m2/repository/org/jetbrains/kotlin/kotlin-stdlib-common/1.8.10/kotlin-stdlib-common-1.8.10.jar:/Users/masgilang/.m2/repository/org/jetbrains/annotations/13.0/annotations-13.0.jar:/Users/masgilang/.m2/repository/com/github/javafaker/javafaker/1.0.2/javafaker-1.0.2.jar:/Users/masgilang/.m2/repository/org/yaml/snakeyaml/1.23/snakeyaml-1.23-android.jar:/Users/masgilang/.m2/repository/com/github/mifmif/generex/1.0.2/generex-1.0.2.jar:/Users/masgilang/.m2/repository/dk/brics/automaton/automaton/1.11-8/automaton-1.11-8.jar:/Users/masgilang/.m2/repository/org/junit/platform/junit-platform-launcher/1.8.2/junit-platform-launcher-1.8.2.jar:/Users/masgilang/.m2/repository/org/junit/platform/junit-platform-engine/1.8.2/junit-platform-engine-1.8.2.jar:/Users/masgilang/.m2/repository/org/opentest4j/opentest4j/1.2.0/opentest4j-1.2.0.jar:/Users/masgilang/.m2/repository/org/junit/platform/junit-platform-commons/1.8.2/junit-platform-commons-1.8.2.jar:/Users/masgilang/.m2/repository/org/apiguardian/apiguardian-api/1.1.2/apiguardian-api-1.1.2.jar:/Users/masgilang/.m2/repository/org/junit/jupiter/junit-jupiter-engine/5.8.2/junit-jupiter-engine-5.8.2.jar:/Users/masgilang/.m2/repository/org/junit/jupiter/junit-jupiter-api/5.8.2/junit-jupiter-api-5.8.2.jar:/Users/masgilang/.m2/repository/org/junit/vintage/junit-vintage-engine/5.8.2/junit-vintage-engine-5.8.2.jar:/Users/masgilang/.m2/repository/junit/junit/4.13.2/junit-4.13.2.jar:/Users/masgilang/.m2/repository/org/hamcrest/hamcrest-core/1.3/hamcrest-core-1.3.jar:/Users/masgilang/.m2/repository/ch/qos/logback/logback-classic/1.2.10/logback-classic-1.2.10.jar:/Users/masgilang/.m2/repository/ch/qos/logback/logback-core/1.2.10/logback-core-1.2.10.jar:/Users/masgilang/.m2/repository/org/slf4j/slf4j-api/1.7.32/slf4j-api-1.7.32.jar:/Users/masgilang/.m2/repository/org/assertj/assertj-core/3.23.1/assertj-core-3.23.1.jar:/Users/masgilang/.m2/repository/net/bytebuddy/byte-buddy/1.12.10/byte-buddy-1.12.10.jar:/Users/masgilang/.m2/repository/org/slf4j/slf4j-simple/1.7.7/slf4j-simple-1.7.7.jar:/Users/masgilang/.m2/repository/io/appium/java-client/8.3.0/java-client-8.3.0.jar:/Users/masgilang/.m2/repository/org/seleniumhq/selenium/selenium-remote-driver/4.9.1/selenium-remote-driver-4.9.1.jar:/Users/masgilang/.m2/repository/com/beust/jcommander/1.82/jcommander-1.82.jar:/Users/masgilang/.m2/repository/io/netty/netty-buffer/4.1.91.Final/netty-buffer-4.1.91.Final.jar:/Users/masgilang/.m2/repository/io/netty/netty-codec-http/4.1.91.Final/netty-codec-http-4.1.91.Final.jar:/Users/masgilang/.m2/repository/io/netty/netty-codec/4.1.91.Final/netty-codec-4.1.91.Final.jar:/Users/masgilang/.m2/repository/io/netty/netty-handler/4.1.91.Final/netty-handler-4.1.91.Final.jar:/Users/masgilang/.m2/repository/io/netty/netty-common/4.1.91.Final/netty-common-4.1.91.Final.jar:/Users/masgilang/.m2/repository/io/netty/netty-transport-classes-epoll/4.1.91.Final/netty-transport-classes-epoll-4.1.91.Final.jar:/Users/masgilang/.m2/repository/io/netty/netty-transport-classes-kqueue/4.1.91.Final/netty-transport-classes-kqueue-4.1.91.Final.jar:/Users/masgilang/.m2/repository/io/netty/netty-transport-native-epoll/4.1.91.Final/netty-transport-native-epoll-4.1.91.Final.jar:/Users/masgilang/.m2/repository/io/netty/netty-transport-native-kqueue/4.1.91.Final/netty-transport-native-kqueue-4.1.91.Final.jar:/Users/masgilang/.m2/repository/io/netty/netty-transport-native-unix-common/4.1.91.Final/netty-transport-native-unix-common-4.1.91.Final.jar:/Users/masgilang/.m2/repository/io/netty/netty-transport/4.1.91.Final/netty-transport-4.1.91.Final.jar:/Users/masgilang/.m2/repository/io/netty/netty-resolver/4.1.91.Final/netty-resolver-4.1.91.Final.jar:/Users/masgilang/.m2/repository/io/opentelemetry/opentelemetry-api/1.25.0/opentelemetry-api-1.25.0.jar:/Users/masgilang/.m2/repository/io/opentelemetry/opentelemetry-context/1.25.0/opentelemetry-context-1.25.0.jar:/Users/masgilang/.m2/repository/io/opentelemetry/opentelemetry-exporter-logging/1.25.0/opentelemetry-exporter-logging-1.25.0.jar:/Users/masgilang/.m2/repository/io/opentelemetry/opentelemetry-sdk-metrics/1.25.0/opentelemetry-sdk-metrics-1.25.0.jar:/Users/masgilang/.m2/repository/io/opentelemetry/opentelemetry-sdk-logs/1.25.0-alpha/opentelemetry-sdk-logs-1.25.0-alpha.jar:/Users/masgilang/.m2/repository/io/opentelemetry/opentelemetry-api-logs/1.25.0-alpha/opentelemetry-api-logs-1.25.0-alpha.jar:/Users/masgilang/.m2/repository/io/opentelemetry/opentelemetry-api-events/1.25.0-alpha/opentelemetry-api-events-1.25.0-alpha.jar:/Users/masgilang/.m2/repository/io/opentelemetry/opentelemetry-sdk-common/1.25.0/opentelemetry-sdk-common-1.25.0.jar:/Users/masgilang/.m2/repository/io/opentelemetry/opentelemetry-sdk-extension-autoconfigure-spi/1.25.0/opentelemetry-sdk-extension-autoconfigure-spi-1.25.0.jar:/Users/masgilang/.m2/repository/io/opentelemetry/opentelemetry-sdk-extension-autoconfigure/1.25.0-alpha/opentelemetry-sdk-extension-autoconfigure-1.25.0-alpha.jar:/Users/masgilang/.m2/repository/io/opentelemetry/opentelemetry-sdk-trace/1.25.0/opentelemetry-sdk-trace-1.25.0.jar:/Users/masgilang/.m2/repository/io/opentelemetry/opentelemetry-sdk/1.25.0/opentelemetry-sdk-1.25.0.jar:/Users/masgilang/.m2/repository/io/opentelemetry/opentelemetry-semconv/1.25.0-alpha/opentelemetry-semconv-1.25.0-alpha.jar:/Users/masgilang/.m2/repository/io/ous/jtoml/2.0.0/jtoml-2.0.0.jar:/Users/masgilang/.m2/repository/org/apache/commons/commons-exec/1.3/commons-exec-1.3.jar:/Users/masgilang/.m2/repository/org/asynchttpclient/async-http-client/2.12.3/async-http-client-2.12.3.jar:/Users/masgilang/.m2/repository/org/asynchttpclient/async-http-client-netty-utils/2.12.3/async-http-client-netty-utils-2.12.3.jar:/Users/masgilang/.m2/repository/io/netty/netty-codec-socks/4.1.60.Final/netty-codec-socks-4.1.60.Final.jar:/Users/masgilang/.m2/repository/io/netty/netty-handler-proxy/4.1.60.Final/netty-handler-proxy-4.1.60.Final.jar:/Users/masgilang/.m2/repository/io/netty/netty-transport-native-epoll/4.1.60.Final/netty-transport-native-epoll-4.1.60.Final-linux-x86_64.jar:/Users/masgilang/.m2/repository/io/netty/netty-transport-native-kqueue/4.1.60.Final/netty-transport-native-kqueue-4.1.60.Final-osx-x86_64.jar:/Users/masgilang/.m2/repository/org/reactivestreams/reactive-streams/1.0.3/reactive-streams-1.0.3.jar:/Users/masgilang/.m2/repository/com/typesafe/netty/netty-reactive-streams/2.0.4/netty-reactive-streams-2.0.4.jar:/Users/masgilang/.m2/repository/org/seleniumhq/selenium/selenium-manager/4.9.1/selenium-manager-4.9.1.jar:/Users/masgilang/.m2/repository/cglib/cglib/3.3.0/cglib-3.3.0.jar:/Users/masgilang/.m2/repository/org/ow2/asm/asm/7.1/asm-7.1.jar:/Users/masgilang/.m2/repository/commons-validator/commons-validator/1.7/commons-validator-1.7.jar:/Users/masgilang/.m2/repository/commons-digester/commons-digester/2.1/commons-digester-2.1.jar:/Users/masgilang/.m2/repository/org/yaml/snakeyaml/1.29/snakeyaml-1.29.jar:/Users/masgilang/.m2/repository/info/cukes/cucumber-java/1.0.1/cucumber-java-1.0.1.jar:/Users/masgilang/.m2/repository/info/cukes/cucumber-core/1.0.1/cucumber-core-1.0.1.jar:/Users/masgilang/.m2/repository/info/cukes/gherkin/2.9.3/gherkin-2.9.3.jar:/Users/masgilang/.m2/repository/info/cukes/cucumber-html/0.2.1/cucumber-html-0.2.1.jar:/Users/masgilang/.m2/repository/org/seleniumhq/selenium/selenium-support/4.8.1/selenium-support-4.8.1.jar:/Users/masgilang/.m2/repository/com/google/auto/service/auto-service-annotations/1.0.1/auto-service-annotations-1.0.1.jar:/Users/masgilang/.m2/repository/com/google/auto/service/auto-service/1.0.1/auto-service-1.0.1.jar:/Users/masgilang/.m2/repository/com/google/auto/auto-common/1.2/auto-common-1.2.jar:/Users/masgilang/.m2/repository/com/google/guava/guava/31.1-jre/guava-31.1-jre.jar:/Users/masgilang/.m2/repository/com/google/guava/failureaccess/1.0.1/failureaccess-1.0.1.jar:/Users/masgilang/.m2/repository/com/google/guava/listenablefuture/9999.0-empty-to-avoid-conflict-with-guava/listenablefuture-9999.0-empty-to-avoid-conflict-with-guava.jar:/Users/masgilang/.m2/repository/com/google/code/findbugs/jsr305/3.0.2/jsr305-3.0.2.jar:/Users/masgilang/.m2/repository/org/checkerframework/checker-qual/3.12.0/checker-qual-3.12.0.jar:/Users/masgilang/.m2/repository/com/google/errorprone/error_prone_annotations/2.11.0/error_prone_annotations-2.11.0.jar:/Users/masgilang/.m2/repository/com/google/j2objc/j2objc-annotations/1.3/j2objc-annotations-1.3.jar:/Users/masgilang/.m2/repository/org/seleniumhq/selenium/selenium-json/4.8.1/selenium-json-4.8.1.jar:"/>
    <property name="sun.cpu.endian" value="little"/>
    <property name="user.home" value="/Users/masgilang"/>
    <property name="user.language" value="en"/>
    <property name="java.specification.vendor" value="Oracle Corporation"/>
    <property name="java.home" value="/Users/masgilang/Library/Java/JavaVirtualMachines/corretto-1.8.0_372/Contents/Home/jre"/>
    <property name="basedir" value="/Users/masgilang/Downloads/test-automation-MinProMobile"/>
    <property name="file.separator" value="/"/>
    <property name="line.separator" value="&#10;"/>
    <property name="java.vm.specification.vendor" value="Oracle Corporation"/>
    <property name="java.specification.name" value="Java Platform API Specification"/>
    <property name="java.awt.graphicsenv" value="sun.awt.CGraphicsEnvironment"/>
    <property name="surefire.real.class.path" value="/Users/masgilang/Downloads/test-automation-MinProMobile/target/surefire/surefirebooter6851921950225955231.jar"/>
    <property name="sun.boot.class.path" value="/Users/masgilang/Library/Java/JavaVirtualMachines/corretto-1.8.0_372/Contents/Home/jre/lib/resources.jar:/Users/masgilang/Library/Java/JavaVirtualMachines/corretto-1.8.0_372/Contents/Home/jre/lib/rt.jar:/Users/masgilang/Library/Java/JavaVirtualMachines/corretto-1.8.0_372/Contents/Home/jre/lib/sunrsasign.jar:/Users/masgilang/Library/Java/JavaVirtualMachines/corretto-1.8.0_372/Contents/Home/jre/lib/jsse.jar:/Users/masgilang/Library/Java/JavaVirtualMachines/corretto-1.8.0_372/Contents/Home/jre/lib/jce.jar:/Users/masgilang/Library/Java/JavaVirtualMachines/corretto-1.8.0_372/Contents/Home/jre/lib/charsets.jar:/Users/masgilang/Library/Java/JavaVirtualMachines/corretto-1.8.0_372/Contents/Home/jre/lib/jfr.jar:/Users/masgilang/Library/Java/JavaVirtualMachines/corretto-1.8.0_372/Contents/Home/jre/classes"/>
    <property name="sun.management.compiler" value="HotSpot 64-Bit Tiered Compilers"/>
    <property name="ftp.nonProxyHosts" value="local|*.local|169.254/16|*.169.254/16"/>
    <property name="java.runtime.version" value="1.8.0_372-b07"/>
    <property name="user.name" value="masgilang"/>
    <property name="path.separator" value=":"/>
    <property name="os.version" value="13.1"/>
    <property name="java.endorsed.dirs" value="/Users/masgilang/Library/Java/JavaVirtualMachines/corretto-1.8.0_372/Contents/Home/jre/lib/endorsed"/>
    <property name="java.runtime.name" value="OpenJDK Runtime Environment"/>
    <property name="file.encoding" value="UTF-8"/>
    <property name="java.vm.name" value="OpenJDK 64-Bit Server VM"/>
    <property name="localRepository" value="/Users/masgilang/.m2/repository"/>
    <property name="java.vendor.url.bug" value="https://github.com/corretto/corretto-8/issues/"/>
    <property name="java.io.tmpdir" value="/var/folders/d_/lr8j0c_90pd7y80q43_0jvwc0000gn/T/"/>
    <property name="java.version" value="1.8.0_372"/>
    <property name="user.dir" value="/Users/masgilang/Downloads/test-automation-MinProMobile"/>
    <property name="os.arch" value="x86_64"/>
    <property name="java.vm.specification.name" value="Java Virtual Machine Specification"/>
    <property name="java.awt.printerjob" value="sun.lwawt.macosx.CPrinterJob"/>
    <property name="sun.os.patch.level" value="unknown"/>
    <property name="java.library.path" value="/Users/masgilang/Library/Java/Extensions:/Library/Java/Extensions:/Network/Library/Java/Extensions:/System/Library/Java/Extensions:/usr/lib/java:."/>
    <property name="java.vm.info" value="mixed mode"/>
    <property name="java.vendor" value="Amazon.com Inc."/>
    <property name="java.vm.version" value="25.372-b07"/>
    <property name="java.specification.maintenance.version" value="4"/>
    <property name="java.ext.dirs" value="/Users/masgilang/Library/Java/Extensions:/Users/masgilang/Library/Java/JavaVirtualMachines/corretto-1.8.0_372/Contents/Home/jre/lib/ext:/Library/Java/Extensions:/Network/Library/Java/Extensions:/System/Library/Java/Extensions:/usr/lib/java"/>
    <property name="sun.io.unicode.encoding" value="UnicodeBig"/>
    <property name="java.class.version" value="52.0"/>
    <property name="socksNonProxyHosts" value="local|*.local|169.254/16|*.169.254/16"/>
  </properties>
  <testcase name="user on home page" classname="As a user i can login" time="7.397">
    <system-out><![CDATA[20:16:54.628 [main] DEBUG net.thucydides.core.guice.Injectors - Created injector for module net.thucydides.core.guice.ThucydidesModule
20:16:55.513 [main] DEBUG io.cucumber.core.plugin.SerenityReporter - Running feature from file:///Users/masgilang/Downloads/test-automation-MinProMobile/src/test/resources/features/Login.feature
20:16:57.250 [main] DEBUG net.thucydides.core.guice.Injectors - Created injector for module net.thucydides.core.guice.webdriver.WebDriverModule
20:16:57.402 [main] INFO  - 

-------------------------------------------------------------------------------------
     _______. _______ .______       _______ .__   __.  __  .___________.____    ____ 
    /       ||   ____||   _  \     |   ____||  \ |  | |  | |           |\   \  /   / 
   |   (----`|  |__   |  |_)  |    |  |__   |   \|  | |  | `---|  |----` \   \/   /  
    \   \    |   __|  |      /     |   __|  |  . `  | |  |     |  |       \_    _/   
.----)   |   |  |____ |  |\  \----.|  |____ |  |\   | |  |     |  |         |  |     
|_______/    |_______|| _| `._____||_______||__| \__| |__|     |__|         |__|    
                                                                                     
 News and tutorials at http://www.serenity-bdd.info                                  
 Documentation at https://wakaleo.gitbooks.io/the-serenity-book/content/             
 Join the Serenity Community on Gitter: https://gitter.im/serenity-bdd/serenity-core 
 Serenity BDD Support and Training at http://serenity-bdd.info/#/trainingandsupport  
-------------------------------------------------------------------------------------

20:16:57.424 [main] DEBUG net.thucydides.core.steps.StepEventBus - Test suite started for story net.thucydides.core.model.Story@a077a8ae
20:16:57.430 [main] INFO  - Test Suite Started: As a user i have be able to login so that i can see home screen
20:16:57.550 [main] DEBUG io.cucumber.core.plugin.SerenityReporter - Running feature from file:///Users/masgilang/Downloads/test-automation-MinProMobile/src/test/resources/features/Product.feature
20:16:57.591 [main] DEBUG net.thucydides.core.steps.StepEventBus - Test suite started for story net.thucydides.core.model.Story@75782834
20:16:57.592 [main] INFO  - Test Suite Started: As a user i have be able to login so that i can see home screen
20:16:57.593 [main] DEBUG io.cucumber.core.plugin.SerenityReporter - Running feature from file:///Users/masgilang/Downloads/test-automation-MinProMobile/src/test/resources/features/Register.feature
20:16:57.602 [main] DEBUG net.thucydides.core.steps.StepEventBus - Test suite started for story net.thucydides.core.model.Story@e0bb2fd4
20:16:57.603 [main] INFO  - Test Suite Started: New user can Create account and Registered
20:16:57.604 [main] DEBUG io.cucumber.core.plugin.SerenityReporter - Running feature from file:///Users/masgilang/Downloads/test-automation-MinProMobile/src/test/resources/features/Login.feature
20:16:57.614 [main] DEBUG net.thucydides.core.steps.StepEventBus - Test suite started for story net.thucydides.core.model.Story@a077a8ae
20:16:57.615 [main] INFO  - Test Suite Started: As a user i have be able to login so that i can see home screen
20:16:57.845 [main] DEBUG io.cucumber.core.plugin.SerenityReporter - Running feature from file:///Users/masgilang/Downloads/test-automation-MinProMobile/src/test/resources/features/Login.feature
20:16:58.066 [main] INFO  - 
  _____   ___   ___   _____     ___   _____     _     ___   _____   ___   ___  
 |_   _| | __| / __| |_   _|   / __| |_   _|   /_\   | _ \ |_   _| | __| |   \ 
   | |   | _|  \__ \   | |     \__ \   | |    / _ \  |   /   | |   | _|  | |) |
   |_|   |___| |___/   |_|     |___/   |_|   /_/ \_\ |_|_\   |_|   |___| |___/ 

As a user i can login(as-a-user-i-have-be-able-to-login-so-that-i-can-see-home-screen;as-a-user-i-can-login)
--------------------------------------------------------------------------------
20:16:58.166 [main] DEBUG net.thucydides.core.requirements.model.cucumber.CucumberParser - Loading feature /Users/masgilang/Downloads/test-automation-MinProMobile/src/test/resources/features/Login.feature
20:16:58.195 [main] DEBUG net.thucydides.core.requirements.model.cucumber.CucumberParser - Loading feature /Users/masgilang/Downloads/test-automation-MinProMobile/src/test/resources/features/Register.feature
20:16:58.214 [main] DEBUG net.thucydides.core.requirements.model.cucumber.CucumberParser - Loading feature /Users/masgilang/Downloads/test-automation-MinProMobile/src/test/resources/features/Product.feature
20:16:58.811 [main] DEBUG net.thucydides.core.steps.StepInterceptor - STARTING STEP: LoginSteps.userOnHomePage - onHomePage
20:16:58.928 [main] DEBUG io.netty.util.internal.logging.InternalLoggerFactory - Using SLF4J as the default logging framework
20:16:58.934 [main] DEBUG io.netty.util.ResourceLeakDetector - -Dio.netty.leakDetection.level: simple
20:16:58.935 [main] DEBUG io.netty.util.ResourceLeakDetector - -Dio.netty.leakDetection.targetRecords: 4
20:16:58.939 [main] DEBUG io.netty.util.ResourceLeakDetectorFactory - Loaded default ResourceLeakDetector: io.netty.util.ResourceLeakDetector@61d34b4
20:16:58.960 [main] DEBUG io.netty.util.internal.PlatformDependent0 - -Dio.netty.noUnsafe: false
20:16:58.961 [main] DEBUG io.netty.util.internal.PlatformDependent0 - Java version: 8
20:16:58.962 [main] DEBUG io.netty.util.internal.PlatformDependent0 - sun.misc.Unsafe.theUnsafe: available
20:16:58.963 [main] DEBUG io.netty.util.internal.PlatformDependent0 - sun.misc.Unsafe.copyMemory: available
20:16:58.964 [main] DEBUG io.netty.util.internal.PlatformDependent0 - sun.misc.Unsafe.storeFence: available
20:16:58.965 [main] DEBUG io.netty.util.internal.PlatformDependent0 - java.nio.Buffer.address: available
20:16:58.966 [main] DEBUG io.netty.util.internal.PlatformDependent0 - direct buffer constructor: available
20:16:58.967 [main] DEBUG io.netty.util.internal.PlatformDependent0 - java.nio.Bits.unaligned: available, true
20:16:58.967 [main] DEBUG io.netty.util.internal.PlatformDependent0 - jdk.internal.misc.Unsafe.allocateUninitializedArray(int): unavailable prior to Java9
20:16:58.968 [main] DEBUG io.netty.util.internal.PlatformDependent0 - java.nio.DirectByteBuffer.<init>(long, int): available
20:16:58.968 [main] DEBUG io.netty.util.internal.PlatformDependent - sun.misc.Unsafe: available
20:16:58.968 [main] DEBUG io.netty.util.internal.PlatformDependent - -Dio.netty.tmpdir: /var/folders/d_/lr8j0c_90pd7y80q43_0jvwc0000gn/T (java.io.tmpdir)
20:16:58.969 [main] DEBUG io.netty.util.internal.PlatformDependent - -Dio.netty.bitMode: 64 (sun.arch.data.model)
20:16:58.969 [main] DEBUG io.netty.util.internal.PlatformDependent - Platform: MacOS
20:16:58.972 [main] DEBUG io.netty.util.internal.PlatformDependent - -Dio.netty.maxDirectMemory: 1908932608 bytes
20:16:58.972 [main] DEBUG io.netty.util.internal.PlatformDependent - -Dio.netty.uninitializedArrayAllocationThreshold: -1
20:16:58.973 [main] DEBUG io.netty.util.internal.CleanerJava6 - java.nio.ByteBuffer.cleaner(): available
20:16:58.973 [main] DEBUG io.netty.util.internal.PlatformDependent - -Dio.netty.noPreferDirect: false
20:16:58.982 [main] DEBUG io.netty.util.internal.PlatformDependent - org.jctools-core.MpscChunkedArrayQueue: available
20:16:59.013 [main] DEBUG io.netty.util.internal.InternalThreadLocalMap - -Dio.netty.threadLocalMap.stringBuilder.initialSize: 1024
20:16:59.014 [main] DEBUG io.netty.util.internal.InternalThreadLocalMap - -Dio.netty.threadLocalMap.stringBuilder.maxSize: 4096
20:16:59.220 [main] DEBUG io.netty.handler.ssl.JdkSslContext - Default protocols (JDK): [TLSv1.3, TLSv1.2, TLSv1.1, TLSv1] 
20:16:59.221 [main] DEBUG io.netty.handler.ssl.JdkSslContext - Default cipher suites (JDK): [TLS_ECDHE_ECDSA_WITH_AES_256_GCM_SHA384, TLS_ECDHE_ECDSA_WITH_AES_128_GCM_SHA256, TLS_ECDHE_RSA_WITH_AES_128_GCM_SHA256, TLS_ECDHE_RSA_WITH_AES_256_GCM_SHA384, TLS_ECDHE_RSA_WITH_AES_128_CBC_SHA, TLS_ECDHE_RSA_WITH_AES_256_CBC_SHA, TLS_RSA_WITH_AES_128_GCM_SHA256, TLS_RSA_WITH_AES_128_CBC_SHA, TLS_RSA_WITH_AES_256_CBC_SHA, TLS_AES_128_GCM_SHA256, TLS_AES_256_GCM_SHA384]
20:16:59.235 [main] DEBUG io.netty.util.concurrent.GlobalEventExecutor - -Dio.netty.globalEventExecutor.quietPeriodSeconds: 1
20:16:59.248 [main] DEBUG io.netty.channel.MultithreadEventLoopGroup - -Dio.netty.eventLoopThreads: 16
20:16:59.256 [main] DEBUG io.netty.channel.nio.NioEventLoop - -Dio.netty.noKeySetOptimization: false
20:16:59.256 [main] DEBUG io.netty.channel.nio.NioEventLoop - -Dio.netty.selectorAutoRebuildThreshold: 512
20:16:59.279 [main] DEBUG io.netty.buffer.PooledByteBufAllocator - -Dio.netty.allocator.numHeapArenas: 16
20:16:59.279 [main] DEBUG io.netty.buffer.PooledByteBufAllocator - -Dio.netty.allocator.numDirectArenas: 16
20:16:59.279 [main] DEBUG io.netty.buffer.PooledByteBufAllocator - -Dio.netty.allocator.pageSize: 8192
20:16:59.279 [main] DEBUG io.netty.buffer.PooledByteBufAllocator - -Dio.netty.allocator.maxOrder: 9
20:16:59.279 [main] DEBUG io.netty.buffer.PooledByteBufAllocator - -Dio.netty.allocator.chunkSize: 4194304
20:16:59.280 [main] DEBUG io.netty.buffer.PooledByteBufAllocator - -Dio.netty.allocator.smallCacheSize: 256
20:16:59.280 [main] DEBUG io.netty.buffer.PooledByteBufAllocator - -Dio.netty.allocator.normalCacheSize: 64
20:16:59.280 [main] DEBUG io.netty.buffer.PooledByteBufAllocator - -Dio.netty.allocator.maxCachedBufferCapacity: 32768
20:16:59.280 [main] DEBUG io.netty.buffer.PooledByteBufAllocator - -Dio.netty.allocator.cacheTrimInterval: 8192
20:16:59.280 [main] DEBUG io.netty.buffer.PooledByteBufAllocator - -Dio.netty.allocator.cacheTrimIntervalMillis: 0
20:16:59.280 [main] DEBUG io.netty.buffer.PooledByteBufAllocator - -Dio.netty.allocator.useCacheForAllThreads: false
20:16:59.280 [main] DEBUG io.netty.buffer.PooledByteBufAllocator - -Dio.netty.allocator.maxCachedByteBuffersPerChunk: 1023
20:16:59.288 [main] DEBUG io.netty.buffer.ByteBufUtil - -Dio.netty.allocator.type: pooled
20:16:59.288 [main] DEBUG io.netty.buffer.ByteBufUtil - -Dio.netty.threadLocalDirectBufferSize: 0
20:16:59.288 [main] DEBUG io.netty.buffer.ByteBufUtil - -Dio.netty.maxThreadLocalCharBufferSize: 16384
20:16:59.604 [Forwarding newSession on session null to remote] DEBUG io.netty.channel.DefaultChannelId - -Dio.netty.processId: 71461 (auto-detected)
20:16:59.607 [Forwarding newSession on session null to remote] DEBUG io.netty.util.NetUtil - -Djava.net.preferIPv4Stack: false
20:16:59.608 [Forwarding newSession on session null to remote] DEBUG io.netty.util.NetUtil - -Djava.net.preferIPv6Addresses: false
20:16:59.613 [Forwarding newSession on session null to remote] DEBUG io.netty.util.NetUtilInitializations - Loopback interface: lo0 (lo0, 0:0:0:0:0:0:0:1%lo0)
20:16:59.613 [Forwarding newSession on session null to remote] DEBUG io.netty.util.NetUtil - Failed to get SOMAXCONN from sysctl and file /proc/sys/net/core/somaxconn. Default: 128
20:16:59.618 [Forwarding newSession on session null to remote] DEBUG io.netty.channel.DefaultChannelId - -Dio.netty.machineId: 3c:06:30:ff:fe:47:8f:a2 (auto-detected)
20:16:59.701 [AsyncHttpClient-1-2] DEBUG io.netty.buffer.AbstractByteBuf - -Dio.netty.buffer.checkAccessible: true
20:16:59.702 [AsyncHttpClient-1-2] DEBUG io.netty.buffer.AbstractByteBuf - -Dio.netty.buffer.checkBounds: true
20:16:59.702 [AsyncHttpClient-1-2] DEBUG io.netty.util.ResourceLeakDetectorFactory - Loaded default ResourceLeakDetector: io.netty.util.ResourceLeakDetector@4ac05d55
20:16:59.729 [AsyncHttpClient-1-2] DEBUG org.asynchttpclient.netty.channel.NettyConnectListener - Using new Channel '[id: 0xd6ee6950, L:/127.0.0.1:56984 - R:/127.0.0.1:4723]' for 'POST' to '/wd/hub/session'
20:16:59.762 [AsyncHttpClient-1-2] DEBUG io.netty.util.Recycler - -Dio.netty.recycler.maxCapacityPerThread: 4096
20:16:59.763 [AsyncHttpClient-1-2] DEBUG io.netty.util.Recycler - -Dio.netty.recycler.ratio: 8
20:16:59.763 [AsyncHttpClient-1-2] DEBUG io.netty.util.Recycler - -Dio.netty.recycler.chunkSize: 32
20:16:59.763 [AsyncHttpClient-1-2] DEBUG io.netty.util.Recycler - -Dio.netty.recycler.blocking: false
20:16:59.763 [AsyncHttpClient-1-2] DEBUG io.netty.util.Recycler - -Dio.netty.recycler.batchFastThreadLocalOnly: true
20:17:05.027 [AsyncHttpClient-1-2] DEBUG io.netty.handler.codec.compression.Brotli - brotli4j not in the classpath; Brotli support will be unavailable.
20:17:05.029 [AsyncHttpClient-1-2] DEBUG org.asynchttpclient.netty.handler.HttpHandler - 

Request DefaultHttpRequest(decodeResult: success, version: HTTP/1.1)
POST /wd/hub/session HTTP/1.1
X-Idempotency-Key: 38d1926b-d396-4de3-8980-cc86378867af
User-Agent: appium/8.3.0 (selenium/4.8.1 (java mac))
Content-Length: 423
Content-Type: application/json; charset=utf-8
host: 127.0.0.1:4723
accept: */*

Response DefaultHttpResponse(decodeResult: success, version: HTTP/1.1)
HTTP/1.1 200 OK
X-Powered-By: Express
Vary: X-HTTP-Method-Override
Content-Type: application/json; charset=utf-8
Content-Length: 1038
ETag: W/"40e-wkJqCPolzSZMq7cBe4e2bpwf0lM"
Date: Tue, 09 May 2023 13:17:04 GMT
Connection: keep-alive
Keep-Alive: timeout=600

20:17:05.058 [AsyncHttpClient-1-2] DEBUG org.asynchttpclient.netty.channel.ChannelManager - Adding key: http://127.0.0.1:4723 for channel [id: 0xd6ee6950, L:/127.0.0.1:56984 - R:/127.0.0.1:4723]
20:17:05.201 [Forwarding setTimeout on session 84f4caf2-9b4b-47c3-8dab-c2faf9018f13 to remote] DEBUG org.asynchttpclient.netty.request.NettyRequestSender - Using pooled Channel '[id: 0xd6ee6950, L:/127.0.0.1:56984 - R:/127.0.0.1:4723]' for 'POST' to 'http://127.0.0.1:4723/wd/hub/session/84f4caf2-9b4b-47c3-8dab-c2faf9018f13/timeouts'
20:17:05.202 [Forwarding setTimeout on session 84f4caf2-9b4b-47c3-8dab-c2faf9018f13 to remote] DEBUG org.asynchttpclient.netty.request.NettyRequestSender - Using open Channel [id: 0xd6ee6950, L:/127.0.0.1:56984 - R:/127.0.0.1:4723] for POST '/wd/hub/session/84f4caf2-9b4b-47c3-8dab-c2faf9018f13/timeouts'
20:17:05.211 [AsyncHttpClient-1-2] DEBUG org.asynchttpclient.netty.handler.HttpHandler - 

Request DefaultHttpRequest(decodeResult: success, version: HTTP/1.1)
POST /wd/hub/session/84f4caf2-9b4b-47c3-8dab-c2faf9018f13/timeouts HTTP/1.1
User-Agent: appium/8.3.0 (selenium/4.8.1 (java mac))
Content-Length: 23
Content-Type: application/json; charset=utf-8
host: 127.0.0.1:4723
accept: */*

Response DefaultHttpResponse(decodeResult: success, version: HTTP/1.1)
HTTP/1.1 200 OK
X-Powered-By: Express
Vary: X-HTTP-Method-Override
Content-Type: application/json; charset=utf-8
Content-Length: 14
ETag: W/"e-9/1BuKMgFObM1mWJm+YjxtXJnUM"
Date: Tue, 09 May 2023 13:17:05 GMT
Connection: keep-alive
Keep-Alive: timeout=600

20:17:05.213 [AsyncHttpClient-1-2] DEBUG org.asynchttpclient.netty.channel.ChannelManager - Adding key: http://127.0.0.1:4723 for channel [id: 0xd6ee6950, L:/127.0.0.1:56984 - R:/127.0.0.1:4723]
20:17:05.244 [Forwarding findElement on session 84f4caf2-9b4b-47c3-8dab-c2faf9018f13 to remote] DEBUG org.asynchttpclient.netty.request.NettyRequestSender - Using pooled Channel '[id: 0xd6ee6950, L:/127.0.0.1:56984 - R:/127.0.0.1:4723]' for 'POST' to 'http://127.0.0.1:4723/wd/hub/session/84f4caf2-9b4b-47c3-8dab-c2faf9018f13/element'
20:17:05.245 [Forwarding findElement on session 84f4caf2-9b4b-47c3-8dab-c2faf9018f13 to remote] DEBUG org.asynchttpclient.netty.request.NettyRequestSender - Using open Channel [id: 0xd6ee6950, L:/127.0.0.1:56984 - R:/127.0.0.1:4723] for POST '/wd/hub/session/84f4caf2-9b4b-47c3-8dab-c2faf9018f13/element'
20:17:05.554 [AsyncHttpClient-1-2] DEBUG org.asynchttpclient.netty.handler.HttpHandler - 

Request DefaultHttpRequest(decodeResult: success, version: HTTP/1.1)
POST /wd/hub/session/84f4caf2-9b4b-47c3-8dab-c2faf9018f13/element HTTP/1.1
User-Agent: appium/8.3.0 (selenium/4.8.1 (java mac))
Content-Length: 330
Content-Type: application/json; charset=utf-8
host: 127.0.0.1:4723
accept: */*

Response DefaultHttpResponse(decodeResult: success, version: HTTP/1.1)
HTTP/1.1 200 OK
X-Powered-By: Express
Vary: X-HTTP-Method-Override
Content-Type: application/json; charset=utf-8
Content-Length: 137
ETag: W/"89-j9UCPJgxjiALSvGjetCbkidr8wE"
Date: Tue, 09 May 2023 13:17:05 GMT
Connection: keep-alive
Keep-Alive: timeout=600

20:17:05.559 [AsyncHttpClient-1-2] DEBUG org.asynchttpclient.netty.channel.ChannelManager - Adding key: http://127.0.0.1:4723 for channel [id: 0xd6ee6950, L:/127.0.0.1:56984 - R:/127.0.0.1:4723]
20:17:05.585 [Forwarding isElementDisplayed on session 84f4caf2-9b4b-47c3-8dab-c2faf9018f13 to remote] DEBUG org.asynchttpclient.netty.request.NettyRequestSender - Using pooled Channel '[id: 0xd6ee6950, L:/127.0.0.1:56984 - R:/127.0.0.1:4723]' for 'GET' to 'http://127.0.0.1:4723/wd/hub/session/84f4caf2-9b4b-47c3-8dab-c2faf9018f13/element/00000000-0000-0230-0000-000700000003/displayed'
20:17:05.586 [Forwarding isElementDisplayed on session 84f4caf2-9b4b-47c3-8dab-c2faf9018f13 to remote] DEBUG org.asynchttpclient.netty.request.NettyRequestSender - Using open Channel [id: 0xd6ee6950, L:/127.0.0.1:56984 - R:/127.0.0.1:4723] for GET '/wd/hub/session/84f4caf2-9b4b-47c3-8dab-c2faf9018f13/element/00000000-0000-0230-0000-000700000003/displayed'
20:17:05.606 [AsyncHttpClient-1-2] DEBUG org.asynchttpclient.netty.handler.HttpHandler - 

Request DefaultFullHttpRequest(decodeResult: success, version: HTTP/1.1, content: EmptyByteBufBE)
GET /wd/hub/session/84f4caf2-9b4b-47c3-8dab-c2faf9018f13/element/00000000-0000-0230-0000-000700000003/displayed HTTP/1.1
User-Agent: appium/8.3.0 (selenium/4.8.1 (java mac))
Cache-Control: no-cache
Content-Type: application/json; charset=utf-8
host: 127.0.0.1:4723
accept: */*

Response DefaultHttpResponse(decodeResult: success, version: HTTP/1.1)
HTTP/1.1 200 OK
X-Powered-By: Express
Content-Type: application/json; charset=utf-8
Content-Length: 14
ETag: W/"e-2ZHvAWebNQpyjGZTg6uyV8/spTo"
Date: Tue, 09 May 2023 13:17:05 GMT
Connection: keep-alive
Keep-Alive: timeout=600

20:17:05.606 [AsyncHttpClient-1-2] DEBUG org.asynchttpclient.netty.channel.ChannelManager - Adding key: http://127.0.0.1:4723 for channel [id: 0xd6ee6950, L:/127.0.0.1:56984 - R:/127.0.0.1:4723]
20:17:05.611 [Forwarding isElementDisplayed on session 84f4caf2-9b4b-47c3-8dab-c2faf9018f13 to remote] DEBUG org.asynchttpclient.netty.request.NettyRequestSender - Using pooled Channel '[id: 0xd6ee6950, L:/127.0.0.1:56984 - R:/127.0.0.1:4723]' for 'GET' to 'http://127.0.0.1:4723/wd/hub/session/84f4caf2-9b4b-47c3-8dab-c2faf9018f13/element/00000000-0000-0230-0000-000700000003/displayed'
20:17:05.611 [Forwarding isElementDisplayed on session 84f4caf2-9b4b-47c3-8dab-c2faf9018f13 to remote] DEBUG org.asynchttpclient.netty.request.NettyRequestSender - Using open Channel [id: 0xd6ee6950, L:/127.0.0.1:56984 - R:/127.0.0.1:4723] for GET '/wd/hub/session/84f4caf2-9b4b-47c3-8dab-c2faf9018f13/element/00000000-0000-0230-0000-000700000003/displayed'
20:17:05.620 [AsyncHttpClient-1-2] DEBUG org.asynchttpclient.netty.handler.HttpHandler - 

Request DefaultFullHttpRequest(decodeResult: success, version: HTTP/1.1, content: EmptyByteBufBE)
GET /wd/hub/session/84f4caf2-9b4b-47c3-8dab-c2faf9018f13/element/00000000-0000-0230-0000-000700000003/displayed HTTP/1.1
User-Agent: appium/8.3.0 (selenium/4.8.1 (java mac))
Cache-Control: no-cache
Content-Type: application/json; charset=utf-8
host: 127.0.0.1:4723
accept: */*

Response DefaultHttpResponse(decodeResult: success, version: HTTP/1.1)
HTTP/1.1 200 OK
X-Powered-By: Express
Content-Type: application/json; charset=utf-8
Content-Length: 14
ETag: W/"e-2ZHvAWebNQpyjGZTg6uyV8/spTo"
Date: Tue, 09 May 2023 13:17:05 GMT
Connection: keep-alive
Keep-Alive: timeout=600

20:17:05.622 [AsyncHttpClient-1-2] DEBUG org.asynchttpclient.netty.channel.ChannelManager - Adding key: http://127.0.0.1:4723 for channel [id: 0xd6ee6950, L:/127.0.0.1:56984 - R:/127.0.0.1:4723]
20:17:05.641 [main] DEBUG net.thucydides.core.steps.StepInterceptor - STEP DONE: onHomePage
]]></system-out>
    <system-err><![CDATA[SLF4J: Class path contains multiple SLF4J bindings.
SLF4J: Found binding in [jar:file:/Users/masgilang/.m2/repository/ch/qos/logback/logback-classic/1.2.10/logback-classic-1.2.10.jar!/org/slf4j/impl/StaticLoggerBinder.class]
SLF4J: Found binding in [jar:file:/Users/masgilang/.m2/repository/org/slf4j/slf4j-simple/1.7.7/slf4j-simple-1.7.7.jar!/org/slf4j/impl/StaticLoggerBinder.class]
SLF4J: See http://www.slf4j.org/codes.html#multiple_bindings for an explanation.
SLF4J: Actual binding is of type [ch.qos.logback.classic.util.ContextSelectorStaticBinder]
]]></system-err>
  </testcase>
  <testcase name="user click account info" classname="As a user i can login" time="0.155">
    <system-out><![CDATA[20:17:05.712 [main] DEBUG net.thucydides.core.steps.StepInterceptor - STARTING STEP: LoginSteps.userClikAccount - clickAccount
20:17:05.719 [Forwarding findElement on session 84f4caf2-9b4b-47c3-8dab-c2faf9018f13 to remote] DEBUG org.asynchttpclient.netty.request.NettyRequestSender - Using pooled Channel '[id: 0xd6ee6950, L:/127.0.0.1:56984 - R:/127.0.0.1:4723]' for 'POST' to 'http://127.0.0.1:4723/wd/hub/session/84f4caf2-9b4b-47c3-8dab-c2faf9018f13/element'
20:17:05.719 [Forwarding findElement on session 84f4caf2-9b4b-47c3-8dab-c2faf9018f13 to remote] DEBUG org.asynchttpclient.netty.request.NettyRequestSender - Using open Channel [id: 0xd6ee6950, L:/127.0.0.1:56984 - R:/127.0.0.1:4723] for POST '/wd/hub/session/84f4caf2-9b4b-47c3-8dab-c2faf9018f13/element'
20:17:05.744 [AsyncHttpClient-1-2] DEBUG org.asynchttpclient.netty.handler.HttpHandler - 

Request DefaultHttpRequest(decodeResult: success, version: HTTP/1.1)
POST /wd/hub/session/84f4caf2-9b4b-47c3-8dab-c2faf9018f13/element HTTP/1.1
User-Agent: appium/8.3.0 (selenium/4.8.1 (java mac))
Content-Length: 330
Content-Type: application/json; charset=utf-8
host: 127.0.0.1:4723
accept: */*

Response DefaultHttpResponse(decodeResult: success, version: HTTP/1.1)
HTTP/1.1 200 OK
X-Powered-By: Express
Vary: X-HTTP-Method-Override
Content-Type: application/json; charset=utf-8
Content-Length: 137
ETag: W/"89-j9UCPJgxjiALSvGjetCbkidr8wE"
Date: Tue, 09 May 2023 13:17:05 GMT
Connection: keep-alive
Keep-Alive: timeout=600

20:17:05.745 [AsyncHttpClient-1-2] DEBUG org.asynchttpclient.netty.channel.ChannelManager - Adding key: http://127.0.0.1:4723 for channel [id: 0xd6ee6950, L:/127.0.0.1:56984 - R:/127.0.0.1:4723]
20:17:05.751 [Forwarding isElementDisplayed on session 84f4caf2-9b4b-47c3-8dab-c2faf9018f13 to remote] DEBUG org.asynchttpclient.netty.request.NettyRequestSender - Using pooled Channel '[id: 0xd6ee6950, L:/127.0.0.1:56984 - R:/127.0.0.1:4723]' for 'GET' to 'http://127.0.0.1:4723/wd/hub/session/84f4caf2-9b4b-47c3-8dab-c2faf9018f13/element/00000000-0000-0230-0000-000700000003/displayed'
20:17:05.751 [Forwarding isElementDisplayed on session 84f4caf2-9b4b-47c3-8dab-c2faf9018f13 to remote] DEBUG org.asynchttpclient.netty.request.NettyRequestSender - Using open Channel [id: 0xd6ee6950, L:/127.0.0.1:56984 - R:/127.0.0.1:4723] for GET '/wd/hub/session/84f4caf2-9b4b-47c3-8dab-c2faf9018f13/element/00000000-0000-0230-0000-000700000003/displayed'
20:17:05.760 [AsyncHttpClient-1-2] DEBUG org.asynchttpclient.netty.handler.HttpHandler - 

Request DefaultFullHttpRequest(decodeResult: success, version: HTTP/1.1, content: EmptyByteBufBE)
GET /wd/hub/session/84f4caf2-9b4b-47c3-8dab-c2faf9018f13/element/00000000-0000-0230-0000-000700000003/displayed HTTP/1.1
User-Agent: appium/8.3.0 (selenium/4.8.1 (java mac))
Cache-Control: no-cache
Content-Type: application/json; charset=utf-8
host: 127.0.0.1:4723
accept: */*

Response DefaultHttpResponse(decodeResult: success, version: HTTP/1.1)
HTTP/1.1 200 OK
X-Powered-By: Express
Content-Type: application/json; charset=utf-8
Content-Length: 14
ETag: W/"e-2ZHvAWebNQpyjGZTg6uyV8/spTo"
Date: Tue, 09 May 2023 13:17:05 GMT
Connection: keep-alive
Keep-Alive: timeout=600

20:17:05.761 [AsyncHttpClient-1-2] DEBUG org.asynchttpclient.netty.channel.ChannelManager - Adding key: http://127.0.0.1:4723 for channel [id: 0xd6ee6950, L:/127.0.0.1:56984 - R:/127.0.0.1:4723]
20:17:05.762 [Forwarding isElementEnabled on session 84f4caf2-9b4b-47c3-8dab-c2faf9018f13 to remote] DEBUG org.asynchttpclient.netty.request.NettyRequestSender - Using pooled Channel '[id: 0xd6ee6950, L:/127.0.0.1:56984 - R:/127.0.0.1:4723]' for 'GET' to 'http://127.0.0.1:4723/wd/hub/session/84f4caf2-9b4b-47c3-8dab-c2faf9018f13/element/00000000-0000-0230-0000-000700000003/enabled'
20:17:05.763 [Forwarding isElementEnabled on session 84f4caf2-9b4b-47c3-8dab-c2faf9018f13 to remote] DEBUG org.asynchttpclient.netty.request.NettyRequestSender - Using open Channel [id: 0xd6ee6950, L:/127.0.0.1:56984 - R:/127.0.0.1:4723] for GET '/wd/hub/session/84f4caf2-9b4b-47c3-8dab-c2faf9018f13/element/00000000-0000-0230-0000-000700000003/enabled'
20:17:05.770 [AsyncHttpClient-1-2] DEBUG org.asynchttpclient.netty.handler.HttpHandler - 

Request DefaultFullHttpRequest(decodeResult: success, version: HTTP/1.1, content: EmptyByteBufBE)
GET /wd/hub/session/84f4caf2-9b4b-47c3-8dab-c2faf9018f13/element/00000000-0000-0230-0000-000700000003/enabled HTTP/1.1
User-Agent: appium/8.3.0 (selenium/4.8.1 (java mac))
Cache-Control: no-cache
Content-Type: application/json; charset=utf-8
host: 127.0.0.1:4723
accept: */*

Response DefaultHttpResponse(decodeResult: success, version: HTTP/1.1)
HTTP/1.1 200 OK
X-Powered-By: Express
Content-Type: application/json; charset=utf-8
Content-Length: 14
ETag: W/"e-2ZHvAWebNQpyjGZTg6uyV8/spTo"
Date: Tue, 09 May 2023 13:17:05 GMT
Connection: keep-alive
Keep-Alive: timeout=600

20:17:05.771 [AsyncHttpClient-1-2] DEBUG org.asynchttpclient.netty.channel.ChannelManager - Adding key: http://127.0.0.1:4723 for channel [id: 0xd6ee6950, L:/127.0.0.1:56984 - R:/127.0.0.1:4723]
20:17:05.773 [Forwarding clickElement on session 84f4caf2-9b4b-47c3-8dab-c2faf9018f13 to remote] DEBUG org.asynchttpclient.netty.request.NettyRequestSender - Using pooled Channel '[id: 0xd6ee6950, L:/127.0.0.1:56984 - R:/127.0.0.1:4723]' for 'POST' to 'http://127.0.0.1:4723/wd/hub/session/84f4caf2-9b4b-47c3-8dab-c2faf9018f13/element/00000000-0000-0230-0000-000700000003/click'
20:17:05.773 [Forwarding clickElement on session 84f4caf2-9b4b-47c3-8dab-c2faf9018f13 to remote] DEBUG org.asynchttpclient.netty.request.NettyRequestSender - Using open Channel [id: 0xd6ee6950, L:/127.0.0.1:56984 - R:/127.0.0.1:4723] for POST '/wd/hub/session/84f4caf2-9b4b-47c3-8dab-c2faf9018f13/element/00000000-0000-0230-0000-000700000003/click'
20:17:05.820 [AsyncHttpClient-1-2] DEBUG org.asynchttpclient.netty.handler.HttpHandler - 

Request DefaultHttpRequest(decodeResult: success, version: HTTP/1.1)
POST /wd/hub/session/84f4caf2-9b4b-47c3-8dab-c2faf9018f13/element/00000000-0000-0230-0000-000700000003/click HTTP/1.1
User-Agent: appium/8.3.0 (selenium/4.8.1 (java mac))
Content-Length: 50
Content-Type: application/json; charset=utf-8
host: 127.0.0.1:4723
accept: */*

Response DefaultHttpResponse(decodeResult: success, version: HTTP/1.1)
HTTP/1.1 200 OK
X-Powered-By: Express
Vary: X-HTTP-Method-Override
Content-Type: application/json; charset=utf-8
Content-Length: 14
ETag: W/"e-9/1BuKMgFObM1mWJm+YjxtXJnUM"
Date: Tue, 09 May 2023 13:17:05 GMT
Connection: keep-alive
Keep-Alive: timeout=600

20:17:05.821 [AsyncHttpClient-1-2] DEBUG org.asynchttpclient.netty.channel.ChannelManager - Adding key: http://127.0.0.1:4723 for channel [id: 0xd6ee6950, L:/127.0.0.1:56984 - R:/127.0.0.1:4723]
20:17:05.823 [main] DEBUG net.thucydides.core.steps.StepInterceptor - STEP DONE: clickAccount
]]></system-out>
  </testcase>
  <testcase name="user input valid email" classname="As a user i can login" time="1.812">
    <system-out><![CDATA[20:17:05.842 [main] DEBUG net.thucydides.core.steps.StepInterceptor - STARTING STEP: LoginSteps.userInputValidEmail - clickTypeEmail
20:17:05.845 [Forwarding findElement on session 84f4caf2-9b4b-47c3-8dab-c2faf9018f13 to remote] DEBUG org.asynchttpclient.netty.request.NettyRequestSender - Using pooled Channel '[id: 0xd6ee6950, L:/127.0.0.1:56984 - R:/127.0.0.1:4723]' for 'POST' to 'http://127.0.0.1:4723/wd/hub/session/84f4caf2-9b4b-47c3-8dab-c2faf9018f13/element'
20:17:05.845 [Forwarding findElement on session 84f4caf2-9b4b-47c3-8dab-c2faf9018f13 to remote] DEBUG org.asynchttpclient.netty.request.NettyRequestSender - Using open Channel [id: 0xd6ee6950, L:/127.0.0.1:56984 - R:/127.0.0.1:4723] for POST '/wd/hub/session/84f4caf2-9b4b-47c3-8dab-c2faf9018f13/element'
20:17:06.670 [AsyncHttpClient-1-2] DEBUG org.asynchttpclient.netty.handler.HttpHandler - 

Request DefaultHttpRequest(decodeResult: success, version: HTTP/1.1)
POST /wd/hub/session/84f4caf2-9b4b-47c3-8dab-c2faf9018f13/element HTTP/1.1
User-Agent: appium/8.3.0 (selenium/4.8.1 (java mac))
Content-Length: 305
Content-Type: application/json; charset=utf-8
host: 127.0.0.1:4723
accept: */*

Response DefaultHttpResponse(decodeResult: success, version: HTTP/1.1)
HTTP/1.1 200 OK
X-Powered-By: Express
Vary: X-HTTP-Method-Override
Content-Type: application/json; charset=utf-8
Content-Length: 137
ETag: W/"89-2SiUnfNfhw3XQmSZ4QDHsr4OFhA"
Date: Tue, 09 May 2023 13:17:06 GMT
Connection: keep-alive
Keep-Alive: timeout=600

20:17:06.673 [AsyncHttpClient-1-2] DEBUG org.asynchttpclient.netty.channel.ChannelManager - Adding key: http://127.0.0.1:4723 for channel [id: 0xd6ee6950, L:/127.0.0.1:56984 - R:/127.0.0.1:4723]
20:17:06.680 [Forwarding isElementDisplayed on session 84f4caf2-9b4b-47c3-8dab-c2faf9018f13 to remote] DEBUG org.asynchttpclient.netty.request.NettyRequestSender - Using pooled Channel '[id: 0xd6ee6950, L:/127.0.0.1:56984 - R:/127.0.0.1:4723]' for 'GET' to 'http://127.0.0.1:4723/wd/hub/session/84f4caf2-9b4b-47c3-8dab-c2faf9018f13/element/00000000-0000-0230-0000-000c00000003/displayed'
20:17:06.681 [Forwarding isElementDisplayed on session 84f4caf2-9b4b-47c3-8dab-c2faf9018f13 to remote] DEBUG org.asynchttpclient.netty.request.NettyRequestSender - Using open Channel [id: 0xd6ee6950, L:/127.0.0.1:56984 - R:/127.0.0.1:4723] for GET '/wd/hub/session/84f4caf2-9b4b-47c3-8dab-c2faf9018f13/element/00000000-0000-0230-0000-000c00000003/displayed'
20:17:06.697 [AsyncHttpClient-1-2] DEBUG org.asynchttpclient.netty.handler.HttpHandler - 

Request DefaultFullHttpRequest(decodeResult: success, version: HTTP/1.1, content: EmptyByteBufBE)
GET /wd/hub/session/84f4caf2-9b4b-47c3-8dab-c2faf9018f13/element/00000000-0000-0230-0000-000c00000003/displayed HTTP/1.1
User-Agent: appium/8.3.0 (selenium/4.8.1 (java mac))
Cache-Control: no-cache
Content-Type: application/json; charset=utf-8
host: 127.0.0.1:4723
accept: */*

Response DefaultHttpResponse(decodeResult: success, version: HTTP/1.1)
HTTP/1.1 200 OK
X-Powered-By: Express
Content-Type: application/json; charset=utf-8
Content-Length: 14
ETag: W/"e-2ZHvAWebNQpyjGZTg6uyV8/spTo"
Date: Tue, 09 May 2023 13:17:06 GMT
Connection: keep-alive
Keep-Alive: timeout=600

20:17:06.698 [AsyncHttpClient-1-2] DEBUG org.asynchttpclient.netty.channel.ChannelManager - Adding key: http://127.0.0.1:4723 for channel [id: 0xd6ee6950, L:/127.0.0.1:56984 - R:/127.0.0.1:4723]
20:17:06.700 [Forwarding isElementEnabled on session 84f4caf2-9b4b-47c3-8dab-c2faf9018f13 to remote] DEBUG org.asynchttpclient.netty.request.NettyRequestSender - Using pooled Channel '[id: 0xd6ee6950, L:/127.0.0.1:56984 - R:/127.0.0.1:4723]' for 'GET' to 'http://127.0.0.1:4723/wd/hub/session/84f4caf2-9b4b-47c3-8dab-c2faf9018f13/element/00000000-0000-0230-0000-000c00000003/enabled'
20:17:06.702 [Forwarding isElementEnabled on session 84f4caf2-9b4b-47c3-8dab-c2faf9018f13 to remote] DEBUG org.asynchttpclient.netty.request.NettyRequestSender - Using open Channel [id: 0xd6ee6950, L:/127.0.0.1:56984 - R:/127.0.0.1:4723] for GET '/wd/hub/session/84f4caf2-9b4b-47c3-8dab-c2faf9018f13/element/00000000-0000-0230-0000-000c00000003/enabled'
20:17:06.711 [AsyncHttpClient-1-2] DEBUG org.asynchttpclient.netty.handler.HttpHandler - 

Request DefaultFullHttpRequest(decodeResult: success, version: HTTP/1.1, content: EmptyByteBufBE)
GET /wd/hub/session/84f4caf2-9b4b-47c3-8dab-c2faf9018f13/element/00000000-0000-0230-0000-000c00000003/enabled HTTP/1.1
User-Agent: appium/8.3.0 (selenium/4.8.1 (java mac))
Cache-Control: no-cache
Content-Type: application/json; charset=utf-8
host: 127.0.0.1:4723
accept: */*

Response DefaultHttpResponse(decodeResult: success, version: HTTP/1.1)
HTTP/1.1 200 OK
X-Powered-By: Express
Content-Type: application/json; charset=utf-8
Content-Length: 14
ETag: W/"e-2ZHvAWebNQpyjGZTg6uyV8/spTo"
Date: Tue, 09 May 2023 13:17:06 GMT
Connection: keep-alive
Keep-Alive: timeout=600

20:17:06.713 [AsyncHttpClient-1-2] DEBUG org.asynchttpclient.netty.channel.ChannelManager - Adding key: http://127.0.0.1:4723 for channel [id: 0xd6ee6950, L:/127.0.0.1:56984 - R:/127.0.0.1:4723]
20:17:06.720 [Forwarding clickElement on session 84f4caf2-9b4b-47c3-8dab-c2faf9018f13 to remote] DEBUG org.asynchttpclient.netty.request.NettyRequestSender - Using pooled Channel '[id: 0xd6ee6950, L:/127.0.0.1:56984 - R:/127.0.0.1:4723]' for 'POST' to 'http://127.0.0.1:4723/wd/hub/session/84f4caf2-9b4b-47c3-8dab-c2faf9018f13/element/00000000-0000-0230-0000-000c00000003/click'
20:17:06.720 [Forwarding clickElement on session 84f4caf2-9b4b-47c3-8dab-c2faf9018f13 to remote] DEBUG org.asynchttpclient.netty.request.NettyRequestSender - Using open Channel [id: 0xd6ee6950, L:/127.0.0.1:56984 - R:/127.0.0.1:4723] for POST '/wd/hub/session/84f4caf2-9b4b-47c3-8dab-c2faf9018f13/element/00000000-0000-0230-0000-000c00000003/click'
20:17:06.780 [AsyncHttpClient-1-2] DEBUG org.asynchttpclient.netty.handler.HttpHandler - 

Request DefaultHttpRequest(decodeResult: success, version: HTTP/1.1)
POST /wd/hub/session/84f4caf2-9b4b-47c3-8dab-c2faf9018f13/element/00000000-0000-0230-0000-000c00000003/click HTTP/1.1
User-Agent: appium/8.3.0 (selenium/4.8.1 (java mac))
Content-Length: 50
Content-Type: application/json; charset=utf-8
host: 127.0.0.1:4723
accept: */*

Response DefaultHttpResponse(decodeResult: success, version: HTTP/1.1)
HTTP/1.1 200 OK
X-Powered-By: Express
Vary: X-HTTP-Method-Override
Content-Type: application/json; charset=utf-8
Content-Length: 14
ETag: W/"e-9/1BuKMgFObM1mWJm+YjxtXJnUM"
Date: Tue, 09 May 2023 13:17:06 GMT
Connection: keep-alive
Keep-Alive: timeout=600

20:17:06.785 [AsyncHttpClient-1-2] DEBUG org.asynchttpclient.netty.channel.ChannelManager - Adding key: http://127.0.0.1:4723 for channel [id: 0xd6ee6950, L:/127.0.0.1:56984 - R:/127.0.0.1:4723]
20:17:06.803 [main] DEBUG net.thucydides.core.steps.StepInterceptor - STEP DONE: clickTypeEmail
20:17:06.825 [main] DEBUG net.thucydides.core.steps.StepInterceptor - STARTING STEP: LoginSteps.userInputValidEmail - inputEmail
20:17:06.849 [Forwarding findElement on session 84f4caf2-9b4b-47c3-8dab-c2faf9018f13 to remote] DEBUG org.asynchttpclient.netty.request.NettyRequestSender - Using pooled Channel '[id: 0xd6ee6950, L:/127.0.0.1:56984 - R:/127.0.0.1:4723]' for 'POST' to 'http://127.0.0.1:4723/wd/hub/session/84f4caf2-9b4b-47c3-8dab-c2faf9018f13/element'
20:17:06.850 [Forwarding findElement on session 84f4caf2-9b4b-47c3-8dab-c2faf9018f13 to remote] DEBUG org.asynchttpclient.netty.request.NettyRequestSender - Using open Channel [id: 0xd6ee6950, L:/127.0.0.1:56984 - R:/127.0.0.1:4723] for POST '/wd/hub/session/84f4caf2-9b4b-47c3-8dab-c2faf9018f13/element'
20:17:07.555 [AsyncHttpClient-1-2] DEBUG org.asynchttpclient.netty.handler.HttpHandler - 

Request DefaultHttpRequest(decodeResult: success, version: HTTP/1.1)
POST /wd/hub/session/84f4caf2-9b4b-47c3-8dab-c2faf9018f13/element HTTP/1.1
User-Agent: appium/8.3.0 (selenium/4.8.1 (java mac))
Content-Length: 305
Content-Type: application/json; charset=utf-8
host: 127.0.0.1:4723
accept: */*

Response DefaultHttpResponse(decodeResult: success, version: HTTP/1.1)
HTTP/1.1 200 OK
X-Powered-By: Express
Vary: X-HTTP-Method-Override
Content-Type: application/json; charset=utf-8
Content-Length: 137
ETag: W/"89-2SiUnfNfhw3XQmSZ4QDHsr4OFhA"
Date: Tue, 09 May 2023 13:17:07 GMT
Connection: keep-alive
Keep-Alive: timeout=600

20:17:07.559 [AsyncHttpClient-1-2] DEBUG org.asynchttpclient.netty.channel.ChannelManager - Adding key: http://127.0.0.1:4723 for channel [id: 0xd6ee6950, L:/127.0.0.1:56984 - R:/127.0.0.1:4723]
20:17:07.603 [Forwarding sendKeysToElement on session 84f4caf2-9b4b-47c3-8dab-c2faf9018f13 to remote] DEBUG org.asynchttpclient.netty.request.NettyRequestSender - Using pooled Channel '[id: 0xd6ee6950, L:/127.0.0.1:56984 - R:/127.0.0.1:4723]' for 'POST' to 'http://127.0.0.1:4723/wd/hub/session/84f4caf2-9b4b-47c3-8dab-c2faf9018f13/element/00000000-0000-0230-0000-000c00000003/value'
20:17:07.606 [Forwarding sendKeysToElement on session 84f4caf2-9b4b-47c3-8dab-c2faf9018f13 to remote] DEBUG org.asynchttpclient.netty.request.NettyRequestSender - Using open Channel [id: 0xd6ee6950, L:/127.0.0.1:56984 - R:/127.0.0.1:4723] for POST '/wd/hub/session/84f4caf2-9b4b-47c3-8dab-c2faf9018f13/element/00000000-0000-0230-0000-000c00000003/value'
20:17:07.633 [AsyncHttpClient-1-2] DEBUG org.asynchttpclient.netty.handler.HttpHandler - 

Request DefaultHttpRequest(decodeResult: success, version: HTTP/1.1)
POST /wd/hub/session/84f4caf2-9b4b-47c3-8dab-c2faf9018f13/element/00000000-0000-0230-0000-000c00000003/value HTTP/1.1
User-Agent: appium/8.3.0 (selenium/4.8.1 (java mac))
Content-Length: 241
Content-Type: application/json; charset=utf-8
host: 127.0.0.1:4723
accept: */*

Response DefaultHttpResponse(decodeResult: success, version: HTTP/1.1)
HTTP/1.1 200 OK
X-Powered-By: Express
Vary: X-HTTP-Method-Override
Content-Type: application/json; charset=utf-8
Content-Length: 14
ETag: W/"e-9/1BuKMgFObM1mWJm+YjxtXJnUM"
Date: Tue, 09 May 2023 13:17:07 GMT
Connection: keep-alive
Keep-Alive: timeout=600

20:17:07.634 [AsyncHttpClient-1-2] DEBUG org.asynchttpclient.netty.channel.ChannelManager - Adding key: http://127.0.0.1:4723 for channel [id: 0xd6ee6950, L:/127.0.0.1:56984 - R:/127.0.0.1:4723]
20:17:07.641 [main] DEBUG net.thucydides.core.steps.StepInterceptor - STEP DONE: inputEmail
]]></system-out>
  </testcase>
  <testcase name="user input valid password" classname="As a user i can login" time="1.306">
    <system-out><![CDATA[20:17:07.667 [main] DEBUG net.thucydides.core.steps.StepInterceptor - STARTING STEP: LoginSteps.userInputInvalidPassword - clickTypePassword
20:17:07.672 [Forwarding findElement on session 84f4caf2-9b4b-47c3-8dab-c2faf9018f13 to remote] DEBUG org.asynchttpclient.netty.request.NettyRequestSender - Using pooled Channel '[id: 0xd6ee6950, L:/127.0.0.1:56984 - R:/127.0.0.1:4723]' for 'POST' to 'http://127.0.0.1:4723/wd/hub/session/84f4caf2-9b4b-47c3-8dab-c2faf9018f13/element'
20:17:07.673 [Forwarding findElement on session 84f4caf2-9b4b-47c3-8dab-c2faf9018f13 to remote] DEBUG org.asynchttpclient.netty.request.NettyRequestSender - Using open Channel [id: 0xd6ee6950, L:/127.0.0.1:56984 - R:/127.0.0.1:4723] for POST '/wd/hub/session/84f4caf2-9b4b-47c3-8dab-c2faf9018f13/element'
20:17:08.170 [AsyncHttpClient-1-2] DEBUG org.asynchttpclient.netty.handler.HttpHandler - 

Request DefaultHttpRequest(decodeResult: success, version: HTTP/1.1)
POST /wd/hub/session/84f4caf2-9b4b-47c3-8dab-c2faf9018f13/element HTTP/1.1
User-Agent: appium/8.3.0 (selenium/4.8.1 (java mac))
Content-Length: 305
Content-Type: application/json; charset=utf-8
host: 127.0.0.1:4723
accept: */*

Response DefaultHttpResponse(decodeResult: success, version: HTTP/1.1)
HTTP/1.1 200 OK
X-Powered-By: Express
Vary: X-HTTP-Method-Override
Content-Type: application/json; charset=utf-8
Content-Length: 137
ETag: W/"89-bMmCP+efWCiqnIeOHI2xTumneBA"
Date: Tue, 09 May 2023 13:17:08 GMT
Connection: keep-alive
Keep-Alive: timeout=600

20:17:08.171 [AsyncHttpClient-1-2] DEBUG org.asynchttpclient.netty.channel.ChannelManager - Adding key: http://127.0.0.1:4723 for channel [id: 0xd6ee6950, L:/127.0.0.1:56984 - R:/127.0.0.1:4723]
20:17:08.181 [Forwarding isElementDisplayed on session 84f4caf2-9b4b-47c3-8dab-c2faf9018f13 to remote] DEBUG org.asynchttpclient.netty.request.NettyRequestSender - Using pooled Channel '[id: 0xd6ee6950, L:/127.0.0.1:56984 - R:/127.0.0.1:4723]' for 'GET' to 'http://127.0.0.1:4723/wd/hub/session/84f4caf2-9b4b-47c3-8dab-c2faf9018f13/element/00000000-0000-0230-0000-000d00000003/displayed'
20:17:08.181 [Forwarding isElementDisplayed on session 84f4caf2-9b4b-47c3-8dab-c2faf9018f13 to remote] DEBUG org.asynchttpclient.netty.request.NettyRequestSender - Using open Channel [id: 0xd6ee6950, L:/127.0.0.1:56984 - R:/127.0.0.1:4723] for GET '/wd/hub/session/84f4caf2-9b4b-47c3-8dab-c2faf9018f13/element/00000000-0000-0230-0000-000d00000003/displayed'
20:17:08.194 [AsyncHttpClient-1-2] DEBUG org.asynchttpclient.netty.handler.HttpHandler - 

Request DefaultFullHttpRequest(decodeResult: success, version: HTTP/1.1, content: EmptyByteBufBE)
GET /wd/hub/session/84f4caf2-9b4b-47c3-8dab-c2faf9018f13/element/00000000-0000-0230-0000-000d00000003/displayed HTTP/1.1
User-Agent: appium/8.3.0 (selenium/4.8.1 (java mac))
Cache-Control: no-cache
Content-Type: application/json; charset=utf-8
host: 127.0.0.1:4723
accept: */*

Response DefaultHttpResponse(decodeResult: success, version: HTTP/1.1)
HTTP/1.1 200 OK
X-Powered-By: Express
Content-Type: application/json; charset=utf-8
Content-Length: 14
ETag: W/"e-2ZHvAWebNQpyjGZTg6uyV8/spTo"
Date: Tue, 09 May 2023 13:17:08 GMT
Connection: keep-alive
Keep-Alive: timeout=600

20:17:08.195 [AsyncHttpClient-1-2] DEBUG org.asynchttpclient.netty.channel.ChannelManager - Adding key: http://127.0.0.1:4723 for channel [id: 0xd6ee6950, L:/127.0.0.1:56984 - R:/127.0.0.1:4723]
20:17:08.199 [Forwarding isElementEnabled on session 84f4caf2-9b4b-47c3-8dab-c2faf9018f13 to remote] DEBUG org.asynchttpclient.netty.request.NettyRequestSender - Using pooled Channel '[id: 0xd6ee6950, L:/127.0.0.1:56984 - R:/127.0.0.1:4723]' for 'GET' to 'http://127.0.0.1:4723/wd/hub/session/84f4caf2-9b4b-47c3-8dab-c2faf9018f13/element/00000000-0000-0230-0000-000d00000003/enabled'
20:17:08.200 [Forwarding isElementEnabled on session 84f4caf2-9b4b-47c3-8dab-c2faf9018f13 to remote] DEBUG org.asynchttpclient.netty.request.NettyRequestSender - Using open Channel [id: 0xd6ee6950, L:/127.0.0.1:56984 - R:/127.0.0.1:4723] for GET '/wd/hub/session/84f4caf2-9b4b-47c3-8dab-c2faf9018f13/element/00000000-0000-0230-0000-000d00000003/enabled'
20:17:08.210 [AsyncHttpClient-1-2] DEBUG org.asynchttpclient.netty.handler.HttpHandler - 

Request DefaultFullHttpRequest(decodeResult: success, version: HTTP/1.1, content: EmptyByteBufBE)
GET /wd/hub/session/84f4caf2-9b4b-47c3-8dab-c2faf9018f13/element/00000000-0000-0230-0000-000d00000003/enabled HTTP/1.1
User-Agent: appium/8.3.0 (selenium/4.8.1 (java mac))
Cache-Control: no-cache
Content-Type: application/json; charset=utf-8
host: 127.0.0.1:4723
accept: */*

Response DefaultHttpResponse(decodeResult: success, version: HTTP/1.1)
HTTP/1.1 200 OK
X-Powered-By: Express
Content-Type: application/json; charset=utf-8
Content-Length: 14
ETag: W/"e-2ZHvAWebNQpyjGZTg6uyV8/spTo"
Date: Tue, 09 May 2023 13:17:08 GMT
Connection: keep-alive
Keep-Alive: timeout=600

20:17:08.211 [AsyncHttpClient-1-2] DEBUG org.asynchttpclient.netty.channel.ChannelManager - Adding key: http://127.0.0.1:4723 for channel [id: 0xd6ee6950, L:/127.0.0.1:56984 - R:/127.0.0.1:4723]
20:17:08.215 [Forwarding clickElement on session 84f4caf2-9b4b-47c3-8dab-c2faf9018f13 to remote] DEBUG org.asynchttpclient.netty.request.NettyRequestSender - Using pooled Channel '[id: 0xd6ee6950, L:/127.0.0.1:56984 - R:/127.0.0.1:4723]' for 'POST' to 'http://127.0.0.1:4723/wd/hub/session/84f4caf2-9b4b-47c3-8dab-c2faf9018f13/element/00000000-0000-0230-0000-000d00000003/click'
20:17:08.216 [Forwarding clickElement on session 84f4caf2-9b4b-47c3-8dab-c2faf9018f13 to remote] DEBUG org.asynchttpclient.netty.request.NettyRequestSender - Using open Channel [id: 0xd6ee6950, L:/127.0.0.1:56984 - R:/127.0.0.1:4723] for POST '/wd/hub/session/84f4caf2-9b4b-47c3-8dab-c2faf9018f13/element/00000000-0000-0230-0000-000d00000003/click'
20:17:08.862 [AsyncHttpClient-1-2] DEBUG org.asynchttpclient.netty.handler.HttpHandler - 

Request DefaultHttpRequest(decodeResult: success, version: HTTP/1.1)
POST /wd/hub/session/84f4caf2-9b4b-47c3-8dab-c2faf9018f13/element/00000000-0000-0230-0000-000d00000003/click HTTP/1.1
User-Agent: appium/8.3.0 (selenium/4.8.1 (java mac))
Content-Length: 50
Content-Type: application/json; charset=utf-8
host: 127.0.0.1:4723
accept: */*

Response DefaultHttpResponse(decodeResult: success, version: HTTP/1.1)
HTTP/1.1 200 OK
X-Powered-By: Express
Vary: X-HTTP-Method-Override
Content-Type: application/json; charset=utf-8
Content-Length: 14
ETag: W/"e-9/1BuKMgFObM1mWJm+YjxtXJnUM"
Date: Tue, 09 May 2023 13:17:08 GMT
Connection: keep-alive
Keep-Alive: timeout=600

20:17:08.864 [AsyncHttpClient-1-2] DEBUG org.asynchttpclient.netty.channel.ChannelManager - Adding key: http://127.0.0.1:4723 for channel [id: 0xd6ee6950, L:/127.0.0.1:56984 - R:/127.0.0.1:4723]
20:17:08.872 [main] DEBUG net.thucydides.core.steps.StepInterceptor - STEP DONE: clickTypePassword
20:17:08.878 [main] DEBUG net.thucydides.core.steps.StepInterceptor - STARTING STEP: LoginSteps.userInputInvalidPassword - inputPassword
20:17:08.884 [Forwarding findElement on session 84f4caf2-9b4b-47c3-8dab-c2faf9018f13 to remote] DEBUG org.asynchttpclient.netty.request.NettyRequestSender - Using pooled Channel '[id: 0xd6ee6950, L:/127.0.0.1:56984 - R:/127.0.0.1:4723]' for 'POST' to 'http://127.0.0.1:4723/wd/hub/session/84f4caf2-9b4b-47c3-8dab-c2faf9018f13/element'
20:17:08.884 [Forwarding findElement on session 84f4caf2-9b4b-47c3-8dab-c2faf9018f13 to remote] DEBUG org.asynchttpclient.netty.request.NettyRequestSender - Using open Channel [id: 0xd6ee6950, L:/127.0.0.1:56984 - R:/127.0.0.1:4723] for POST '/wd/hub/session/84f4caf2-9b4b-47c3-8dab-c2faf9018f13/element'
20:17:08.925 [AsyncHttpClient-1-2] DEBUG org.asynchttpclient.netty.handler.HttpHandler - 

Request DefaultHttpRequest(decodeResult: success, version: HTTP/1.1)
POST /wd/hub/session/84f4caf2-9b4b-47c3-8dab-c2faf9018f13/element HTTP/1.1
User-Agent: appium/8.3.0 (selenium/4.8.1 (java mac))
Content-Length: 305
Content-Type: application/json; charset=utf-8
host: 127.0.0.1:4723
accept: */*

Response DefaultHttpResponse(decodeResult: success, version: HTTP/1.1)
HTTP/1.1 200 OK
X-Powered-By: Express
Vary: X-HTTP-Method-Override
Content-Type: application/json; charset=utf-8
Content-Length: 137
ETag: W/"89-bMmCP+efWCiqnIeOHI2xTumneBA"
Date: Tue, 09 May 2023 13:17:08 GMT
Connection: keep-alive
Keep-Alive: timeout=600

20:17:08.926 [AsyncHttpClient-1-2] DEBUG org.asynchttpclient.netty.channel.ChannelManager - Adding key: http://127.0.0.1:4723 for channel [id: 0xd6ee6950, L:/127.0.0.1:56984 - R:/127.0.0.1:4723]
20:17:08.936 [Forwarding sendKeysToElement on session 84f4caf2-9b4b-47c3-8dab-c2faf9018f13 to remote] DEBUG org.asynchttpclient.netty.request.NettyRequestSender - Using pooled Channel '[id: 0xd6ee6950, L:/127.0.0.1:56984 - R:/127.0.0.1:4723]' for 'POST' to 'http://127.0.0.1:4723/wd/hub/session/84f4caf2-9b4b-47c3-8dab-c2faf9018f13/element/00000000-0000-0230-0000-000d00000003/value'
20:17:08.936 [Forwarding sendKeysToElement on session 84f4caf2-9b4b-47c3-8dab-c2faf9018f13 to remote] DEBUG org.asynchttpclient.netty.request.NettyRequestSender - Using open Channel [id: 0xd6ee6950, L:/127.0.0.1:56984 - R:/127.0.0.1:4723] for POST '/wd/hub/session/84f4caf2-9b4b-47c3-8dab-c2faf9018f13/element/00000000-0000-0230-0000-000d00000003/value'
20:17:08.957 [AsyncHttpClient-1-2] DEBUG org.asynchttpclient.netty.handler.HttpHandler - 

Request DefaultHttpRequest(decodeResult: success, version: HTTP/1.1)
POST /wd/hub/session/84f4caf2-9b4b-47c3-8dab-c2faf9018f13/element/00000000-0000-0230-0000-000d00000003/value HTTP/1.1
User-Agent: appium/8.3.0 (selenium/4.8.1 (java mac))
Content-Length: 141
Content-Type: application/json; charset=utf-8
host: 127.0.0.1:4723
accept: */*

Response DefaultHttpResponse(decodeResult: success, version: HTTP/1.1)
HTTP/1.1 200 OK
X-Powered-By: Express
Vary: X-HTTP-Method-Override
Content-Type: application/json; charset=utf-8
Content-Length: 14
ETag: W/"e-9/1BuKMgFObM1mWJm+YjxtXJnUM"
Date: Tue, 09 May 2023 13:17:08 GMT
Connection: keep-alive
Keep-Alive: timeout=600

20:17:08.959 [AsyncHttpClient-1-2] DEBUG org.asynchttpclient.netty.channel.ChannelManager - Adding key: http://127.0.0.1:4723 for channel [id: 0xd6ee6950, L:/127.0.0.1:56984 - R:/127.0.0.1:4723]
20:17:08.964 [main] DEBUG net.thucydides.core.steps.StepInterceptor - STEP DONE: inputPassword
]]></system-out>
  </testcase>
  <testcase name="user click login button" classname="As a user i can login" time="1.143">
    <system-out><![CDATA[20:17:08.991 [main] DEBUG net.thucydides.core.steps.StepInterceptor - STARTING STEP: LoginSteps.userClickLoginButton - tapLoginButton
20:17:08.998 [Forwarding findElement on session 84f4caf2-9b4b-47c3-8dab-c2faf9018f13 to remote] DEBUG org.asynchttpclient.netty.request.NettyRequestSender - Using pooled Channel '[id: 0xd6ee6950, L:/127.0.0.1:56984 - R:/127.0.0.1:4723]' for 'POST' to 'http://127.0.0.1:4723/wd/hub/session/84f4caf2-9b4b-47c3-8dab-c2faf9018f13/element'
20:17:08.998 [Forwarding findElement on session 84f4caf2-9b4b-47c3-8dab-c2faf9018f13 to remote] DEBUG org.asynchttpclient.netty.request.NettyRequestSender - Using open Channel [id: 0xd6ee6950, L:/127.0.0.1:56984 - R:/127.0.0.1:4723] for POST '/wd/hub/session/84f4caf2-9b4b-47c3-8dab-c2faf9018f13/element'
20:17:09.513 [AsyncHttpClient-1-2] DEBUG org.asynchttpclient.netty.handler.HttpHandler - 

Request DefaultHttpRequest(decodeResult: success, version: HTTP/1.1)
POST /wd/hub/session/84f4caf2-9b4b-47c3-8dab-c2faf9018f13/element HTTP/1.1
User-Agent: appium/8.3.0 (selenium/4.8.1 (java mac))
Content-Length: 99
Content-Type: application/json; charset=utf-8
host: 127.0.0.1:4723
accept: */*

Response DefaultHttpResponse(decodeResult: success, version: HTTP/1.1)
HTTP/1.1 200 OK
X-Powered-By: Express
Vary: X-HTTP-Method-Override
Content-Type: application/json; charset=utf-8
Content-Length: 137
ETag: W/"89-WpALq74LyR67elv20ICZb8MmBQc"
Date: Tue, 09 May 2023 13:17:09 GMT
Connection: keep-alive
Keep-Alive: timeout=600

20:17:09.517 [AsyncHttpClient-1-2] DEBUG org.asynchttpclient.netty.channel.ChannelManager - Adding key: http://127.0.0.1:4723 for channel [id: 0xd6ee6950, L:/127.0.0.1:56984 - R:/127.0.0.1:4723]
20:17:09.532 [Forwarding isElementDisplayed on session 84f4caf2-9b4b-47c3-8dab-c2faf9018f13 to remote] DEBUG org.asynchttpclient.netty.request.NettyRequestSender - Using pooled Channel '[id: 0xd6ee6950, L:/127.0.0.1:56984 - R:/127.0.0.1:4723]' for 'GET' to 'http://127.0.0.1:4723/wd/hub/session/84f4caf2-9b4b-47c3-8dab-c2faf9018f13/element/00000000-0000-0230-0000-000e00000003/displayed'
20:17:09.533 [Forwarding isElementDisplayed on session 84f4caf2-9b4b-47c3-8dab-c2faf9018f13 to remote] DEBUG org.asynchttpclient.netty.request.NettyRequestSender - Using open Channel [id: 0xd6ee6950, L:/127.0.0.1:56984 - R:/127.0.0.1:4723] for GET '/wd/hub/session/84f4caf2-9b4b-47c3-8dab-c2faf9018f13/element/00000000-0000-0230-0000-000e00000003/displayed'
20:17:09.548 [AsyncHttpClient-1-2] DEBUG org.asynchttpclient.netty.handler.HttpHandler - 

Request DefaultFullHttpRequest(decodeResult: success, version: HTTP/1.1, content: EmptyByteBufBE)
GET /wd/hub/session/84f4caf2-9b4b-47c3-8dab-c2faf9018f13/element/00000000-0000-0230-0000-000e00000003/displayed HTTP/1.1
User-Agent: appium/8.3.0 (selenium/4.8.1 (java mac))
Cache-Control: no-cache
Content-Type: application/json; charset=utf-8
host: 127.0.0.1:4723
accept: */*

Response DefaultHttpResponse(decodeResult: success, version: HTTP/1.1)
HTTP/1.1 200 OK
X-Powered-By: Express
Content-Type: application/json; charset=utf-8
Content-Length: 14
ETag: W/"e-2ZHvAWebNQpyjGZTg6uyV8/spTo"
Date: Tue, 09 May 2023 13:17:09 GMT
Connection: keep-alive
Keep-Alive: timeout=600

20:17:09.553 [AsyncHttpClient-1-2] DEBUG org.asynchttpclient.netty.channel.ChannelManager - Adding key: http://127.0.0.1:4723 for channel [id: 0xd6ee6950, L:/127.0.0.1:56984 - R:/127.0.0.1:4723]
20:17:09.564 [Forwarding isElementEnabled on session 84f4caf2-9b4b-47c3-8dab-c2faf9018f13 to remote] DEBUG org.asynchttpclient.netty.request.NettyRequestSender - Using pooled Channel '[id: 0xd6ee6950, L:/127.0.0.1:56984 - R:/127.0.0.1:4723]' for 'GET' to 'http://127.0.0.1:4723/wd/hub/session/84f4caf2-9b4b-47c3-8dab-c2faf9018f13/element/00000000-0000-0230-0000-000e00000003/enabled'
20:17:09.565 [Forwarding isElementEnabled on session 84f4caf2-9b4b-47c3-8dab-c2faf9018f13 to remote] DEBUG org.asynchttpclient.netty.request.NettyRequestSender - Using open Channel [id: 0xd6ee6950, L:/127.0.0.1:56984 - R:/127.0.0.1:4723] for GET '/wd/hub/session/84f4caf2-9b4b-47c3-8dab-c2faf9018f13/element/00000000-0000-0230-0000-000e00000003/enabled'
20:17:09.574 [AsyncHttpClient-1-2] DEBUG org.asynchttpclient.netty.handler.HttpHandler - 

Request DefaultFullHttpRequest(decodeResult: success, version: HTTP/1.1, content: EmptyByteBufBE)
GET /wd/hub/session/84f4caf2-9b4b-47c3-8dab-c2faf9018f13/element/00000000-0000-0230-0000-000e00000003/enabled HTTP/1.1
User-Agent: appium/8.3.0 (selenium/4.8.1 (java mac))
Cache-Control: no-cache
Content-Type: application/json; charset=utf-8
host: 127.0.0.1:4723
accept: */*

Response DefaultHttpResponse(decodeResult: success, version: HTTP/1.1)
HTTP/1.1 200 OK
X-Powered-By: Express
Content-Type: application/json; charset=utf-8
Content-Length: 14
ETag: W/"e-2ZHvAWebNQpyjGZTg6uyV8/spTo"
Date: Tue, 09 May 2023 13:17:09 GMT
Connection: keep-alive
Keep-Alive: timeout=600

20:17:09.575 [AsyncHttpClient-1-2] DEBUG org.asynchttpclient.netty.channel.ChannelManager - Adding key: http://127.0.0.1:4723 for channel [id: 0xd6ee6950, L:/127.0.0.1:56984 - R:/127.0.0.1:4723]
20:17:09.581 [Forwarding clickElement on session 84f4caf2-9b4b-47c3-8dab-c2faf9018f13 to remote] DEBUG org.asynchttpclient.netty.request.NettyRequestSender - Using pooled Channel '[id: 0xd6ee6950, L:/127.0.0.1:56984 - R:/127.0.0.1:4723]' for 'POST' to 'http://127.0.0.1:4723/wd/hub/session/84f4caf2-9b4b-47c3-8dab-c2faf9018f13/element/00000000-0000-0230-0000-000e00000003/click'
20:17:09.582 [Forwarding clickElement on session 84f4caf2-9b4b-47c3-8dab-c2faf9018f13 to remote] DEBUG org.asynchttpclient.netty.request.NettyRequestSender - Using open Channel [id: 0xd6ee6950, L:/127.0.0.1:56984 - R:/127.0.0.1:4723] for POST '/wd/hub/session/84f4caf2-9b4b-47c3-8dab-c2faf9018f13/element/00000000-0000-0230-0000-000e00000003/click'
20:17:10.110 [AsyncHttpClient-1-2] DEBUG org.asynchttpclient.netty.handler.HttpHandler - 

Request DefaultHttpRequest(decodeResult: success, version: HTTP/1.1)
POST /wd/hub/session/84f4caf2-9b4b-47c3-8dab-c2faf9018f13/element/00000000-0000-0230-0000-000e00000003/click HTTP/1.1
User-Agent: appium/8.3.0 (selenium/4.8.1 (java mac))
Content-Length: 50
Content-Type: application/json; charset=utf-8
host: 127.0.0.1:4723
accept: */*

Response DefaultHttpResponse(decodeResult: success, version: HTTP/1.1)
HTTP/1.1 200 OK
X-Powered-By: Express
Vary: X-HTTP-Method-Override
Content-Type: application/json; charset=utf-8
Content-Length: 14
ETag: W/"e-9/1BuKMgFObM1mWJm+YjxtXJnUM"
Date: Tue, 09 May 2023 13:17:10 GMT
Connection: keep-alive
Keep-Alive: timeout=600

20:17:10.112 [AsyncHttpClient-1-2] DEBUG org.asynchttpclient.netty.channel.ChannelManager - Adding key: http://127.0.0.1:4723 for channel [id: 0xd6ee6950, L:/127.0.0.1:56984 - R:/127.0.0.1:4723]
20:17:10.119 [main] DEBUG net.thucydides.core.steps.StepInterceptor - STEP DONE: tapLoginButton
]]></system-out>
  </testcase>
  <testcase name="user back to home page" classname="As a user i can login" time="0.085">
    <system-out><![CDATA[20:17:10.185 [main] DEBUG net.thucydides.core.steps.StepInterceptor - STARTING STEP: LoginSteps.validateHomePage - validateHomePage
20:17:10.189 [AsyncHttpClient-1-1] DEBUG org.asynchttpclient.netty.channel.DefaultChannelPool - Entry count for : http://127.0.0.1:4723 : 1
20:17:10.195 [Forwarding findElement on session 84f4caf2-9b4b-47c3-8dab-c2faf9018f13 to remote] DEBUG org.asynchttpclient.netty.request.NettyRequestSender - Using pooled Channel '[id: 0xd6ee6950, L:/127.0.0.1:56984 - R:/127.0.0.1:4723]' for 'POST' to 'http://127.0.0.1:4723/wd/hub/session/84f4caf2-9b4b-47c3-8dab-c2faf9018f13/element'
20:17:10.196 [Forwarding findElement on session 84f4caf2-9b4b-47c3-8dab-c2faf9018f13 to remote] DEBUG org.asynchttpclient.netty.request.NettyRequestSender - Using open Channel [id: 0xd6ee6950, L:/127.0.0.1:56984 - R:/127.0.0.1:4723] for POST '/wd/hub/session/84f4caf2-9b4b-47c3-8dab-c2faf9018f13/element'
20:17:10.231 [AsyncHttpClient-1-2] DEBUG org.asynchttpclient.netty.handler.HttpHandler - 

Request DefaultHttpRequest(decodeResult: success, version: HTTP/1.1)
POST /wd/hub/session/84f4caf2-9b4b-47c3-8dab-c2faf9018f13/element HTTP/1.1
User-Agent: appium/8.3.0 (selenium/4.8.1 (java mac))
Content-Length: 330
Content-Type: application/json; charset=utf-8
host: 127.0.0.1:4723
accept: */*

Response DefaultHttpResponse(decodeResult: success, version: HTTP/1.1)
HTTP/1.1 200 OK
X-Powered-By: Express
Vary: X-HTTP-Method-Override
Content-Type: application/json; charset=utf-8
Content-Length: 137
ETag: W/"89-XfI3ksIb7L0u+PxGJ0lWd6jzK1E"
Date: Tue, 09 May 2023 13:17:10 GMT
Connection: keep-alive
Keep-Alive: timeout=600

20:17:10.231 [AsyncHttpClient-1-2] DEBUG org.asynchttpclient.netty.channel.ChannelManager - Adding key: http://127.0.0.1:4723 for channel [id: 0xd6ee6950, L:/127.0.0.1:56984 - R:/127.0.0.1:4723]
20:17:10.233 [Forwarding isElementDisplayed on session 84f4caf2-9b4b-47c3-8dab-c2faf9018f13 to remote] DEBUG org.asynchttpclient.netty.request.NettyRequestSender - Using pooled Channel '[id: 0xd6ee6950, L:/127.0.0.1:56984 - R:/127.0.0.1:4723]' for 'GET' to 'http://127.0.0.1:4723/wd/hub/session/84f4caf2-9b4b-47c3-8dab-c2faf9018f13/element/00000000-0000-0230-0000-001200000003/displayed'
20:17:10.234 [Forwarding isElementDisplayed on session 84f4caf2-9b4b-47c3-8dab-c2faf9018f13 to remote] DEBUG org.asynchttpclient.netty.request.NettyRequestSender - Using open Channel [id: 0xd6ee6950, L:/127.0.0.1:56984 - R:/127.0.0.1:4723] for GET '/wd/hub/session/84f4caf2-9b4b-47c3-8dab-c2faf9018f13/element/00000000-0000-0230-0000-001200000003/displayed'
20:17:10.241 [AsyncHttpClient-1-2] DEBUG org.asynchttpclient.netty.handler.HttpHandler - 

Request DefaultFullHttpRequest(decodeResult: success, version: HTTP/1.1, content: EmptyByteBufBE)
GET /wd/hub/session/84f4caf2-9b4b-47c3-8dab-c2faf9018f13/element/00000000-0000-0230-0000-001200000003/displayed HTTP/1.1
User-Agent: appium/8.3.0 (selenium/4.8.1 (java mac))
Cache-Control: no-cache
Content-Type: application/json; charset=utf-8
host: 127.0.0.1:4723
accept: */*

Response DefaultHttpResponse(decodeResult: success, version: HTTP/1.1)
HTTP/1.1 200 OK
X-Powered-By: Express
Content-Type: application/json; charset=utf-8
Content-Length: 14
ETag: W/"e-2ZHvAWebNQpyjGZTg6uyV8/spTo"
Date: Tue, 09 May 2023 13:17:10 GMT
Connection: keep-alive
Keep-Alive: timeout=600

20:17:10.242 [AsyncHttpClient-1-2] DEBUG org.asynchttpclient.netty.channel.ChannelManager - Adding key: http://127.0.0.1:4723 for channel [id: 0xd6ee6950, L:/127.0.0.1:56984 - R:/127.0.0.1:4723]
20:17:10.244 [main] DEBUG net.thucydides.core.steps.StepInterceptor - STEP DONE: validateHomePage
]]></system-out>
  </testcase>
  <testcase name="user on home page1" classname="As a user i cant login because i input invalid email" time="6.055">
    <system-out><![CDATA[20:17:10.269 [main] INFO  - 
  _____   ___   ___   _____     ___     _     ___   ___   ___   ___  
 |_   _| | __| / __| |_   _|   | _ \   /_\   / __| / __| | __| |   \ 
   | |   | _|  \__ \   | |     |  _/  / _ \  \__ \ \__ \ | _|  | |) |
   |_|   |___| |___/   |_|     |_|   /_/ \_\ |___/ |___/ |___| |___/ 

As a user i can login
----------------------------------------------------------------------
20:17:10.302 [main] DEBUG io.cucumber.core.plugin.SerenityReporter - Running feature from file:///Users/masgilang/Downloads/test-automation-MinProMobile/src/test/resources/features/Login.feature
20:17:10.304 [main] INFO  - 
  _____   ___   ___   _____     ___   _____     _     ___   _____   ___   ___  
 |_   _| | __| / __| |_   _|   / __| |_   _|   /_\   | _ \ |_   _| | __| |   \ 
   | |   | _|  \__ \   | |     \__ \   | |    / _ \  |   /   | |   | _|  | |) |
   |_|   |___| |___/   |_|     |___/   |_|   /_/ \_\ |_|_\   |_|   |___| |___/ 

As a user i cant login because i input invalid email(as-a-user-i-have-be-able-to-login-so-that-i-can-see-home-screen;as-a-user-i-cant-login-because-i-input-invalid-email)
--------------------------------------------------------------------------------
20:17:10.341 [main] DEBUG net.thucydides.core.steps.StepInterceptor - STARTING STEP: LoginSteps1.userOnHomePage - onHomePage
20:17:10.361 [Forwarding newSession on session null to remote] DEBUG org.asynchttpclient.netty.request.NettyRequestSender - Using pooled Channel '[id: 0xd6ee6950, L:/127.0.0.1:56984 - R:/127.0.0.1:4723]' for 'POST' to 'http://127.0.0.1:4723/wd/hub/session'
20:17:10.361 [Forwarding newSession on session null to remote] DEBUG org.asynchttpclient.netty.request.NettyRequestSender - Using open Channel [id: 0xd6ee6950, L:/127.0.0.1:56984 - R:/127.0.0.1:4723] for POST '/wd/hub/session'
20:17:15.349 [AsyncHttpClient-1-2] DEBUG org.asynchttpclient.netty.handler.HttpHandler - 

Request DefaultHttpRequest(decodeResult: success, version: HTTP/1.1)
POST /wd/hub/session HTTP/1.1
X-Idempotency-Key: 2829920f-17e3-4f52-add7-378907df7278
User-Agent: appium/8.3.0 (selenium/4.8.1 (java mac))
Content-Length: 423
Content-Type: application/json; charset=utf-8
host: 127.0.0.1:4723
accept: */*

Response DefaultHttpResponse(decodeResult: success, version: HTTP/1.1)
HTTP/1.1 200 OK
X-Powered-By: Express
Vary: X-HTTP-Method-Override
Content-Type: application/json; charset=utf-8
Content-Length: 1038
ETag: W/"40e-6lGUxSe0XPtUO0GGQLrGC7CXOCc"
Date: Tue, 09 May 2023 13:17:15 GMT
Connection: keep-alive
Keep-Alive: timeout=600

20:17:15.356 [AsyncHttpClient-1-2] DEBUG org.asynchttpclient.netty.channel.ChannelManager - Adding key: http://127.0.0.1:4723 for channel [id: 0xd6ee6950, L:/127.0.0.1:56984 - R:/127.0.0.1:4723]
20:17:15.391 [Forwarding setTimeout on session fe2b2a62-dfa7-4e89-b276-d1dc099a9ea9 to remote] DEBUG org.asynchttpclient.netty.request.NettyRequestSender - Using pooled Channel '[id: 0xd6ee6950, L:/127.0.0.1:56984 - R:/127.0.0.1:4723]' for 'POST' to 'http://127.0.0.1:4723/wd/hub/session/fe2b2a62-dfa7-4e89-b276-d1dc099a9ea9/timeouts'
20:17:15.392 [Forwarding setTimeout on session fe2b2a62-dfa7-4e89-b276-d1dc099a9ea9 to remote] DEBUG org.asynchttpclient.netty.request.NettyRequestSender - Using open Channel [id: 0xd6ee6950, L:/127.0.0.1:56984 - R:/127.0.0.1:4723] for POST '/wd/hub/session/fe2b2a62-dfa7-4e89-b276-d1dc099a9ea9/timeouts'
20:17:15.396 [AsyncHttpClient-1-2] DEBUG org.asynchttpclient.netty.handler.HttpHandler - 

Request DefaultHttpRequest(decodeResult: success, version: HTTP/1.1)
POST /wd/hub/session/fe2b2a62-dfa7-4e89-b276-d1dc099a9ea9/timeouts HTTP/1.1
User-Agent: appium/8.3.0 (selenium/4.8.1 (java mac))
Content-Length: 23
Content-Type: application/json; charset=utf-8
host: 127.0.0.1:4723
accept: */*

Response DefaultHttpResponse(decodeResult: success, version: HTTP/1.1)
HTTP/1.1 200 OK
X-Powered-By: Express
Vary: X-HTTP-Method-Override
Content-Type: application/json; charset=utf-8
Content-Length: 14
ETag: W/"e-9/1BuKMgFObM1mWJm+YjxtXJnUM"
Date: Tue, 09 May 2023 13:17:15 GMT
Connection: keep-alive
Keep-Alive: timeout=600

20:17:15.397 [AsyncHttpClient-1-2] DEBUG org.asynchttpclient.netty.channel.ChannelManager - Adding key: http://127.0.0.1:4723 for channel [id: 0xd6ee6950, L:/127.0.0.1:56984 - R:/127.0.0.1:4723]
20:17:15.420 [Forwarding findElement on session fe2b2a62-dfa7-4e89-b276-d1dc099a9ea9 to remote] DEBUG org.asynchttpclient.netty.request.NettyRequestSender - Using pooled Channel '[id: 0xd6ee6950, L:/127.0.0.1:56984 - R:/127.0.0.1:4723]' for 'POST' to 'http://127.0.0.1:4723/wd/hub/session/fe2b2a62-dfa7-4e89-b276-d1dc099a9ea9/element'
20:17:15.420 [Forwarding findElement on session fe2b2a62-dfa7-4e89-b276-d1dc099a9ea9 to remote] DEBUG org.asynchttpclient.netty.request.NettyRequestSender - Using open Channel [id: 0xd6ee6950, L:/127.0.0.1:56984 - R:/127.0.0.1:4723] for POST '/wd/hub/session/fe2b2a62-dfa7-4e89-b276-d1dc099a9ea9/element'
20:17:16.329 [AsyncHttpClient-1-2] DEBUG org.asynchttpclient.netty.handler.HttpHandler - 

Request DefaultHttpRequest(decodeResult: success, version: HTTP/1.1)
POST /wd/hub/session/fe2b2a62-dfa7-4e89-b276-d1dc099a9ea9/element HTTP/1.1
User-Agent: appium/8.3.0 (selenium/4.8.1 (java mac))
Content-Length: 330
Content-Type: application/json; charset=utf-8
host: 127.0.0.1:4723
accept: */*

Response DefaultHttpResponse(decodeResult: success, version: HTTP/1.1)
HTTP/1.1 200 OK
X-Powered-By: Express
Vary: X-HTTP-Method-Override
Content-Type: application/json; charset=utf-8
Content-Length: 137
ETag: W/"89-u4ZaLjSYLEeHuQTMnzm+otZtpic"
Date: Tue, 09 May 2023 13:17:16 GMT
Connection: keep-alive
Keep-Alive: timeout=600

20:17:16.335 [AsyncHttpClient-1-2] DEBUG org.asynchttpclient.netty.channel.ChannelManager - Adding key: http://127.0.0.1:4723 for channel [id: 0xd6ee6950, L:/127.0.0.1:56984 - R:/127.0.0.1:4723]
20:17:16.339 [Forwarding isElementDisplayed on session fe2b2a62-dfa7-4e89-b276-d1dc099a9ea9 to remote] DEBUG org.asynchttpclient.netty.request.NettyRequestSender - Using pooled Channel '[id: 0xd6ee6950, L:/127.0.0.1:56984 - R:/127.0.0.1:4723]' for 'GET' to 'http://127.0.0.1:4723/wd/hub/session/fe2b2a62-dfa7-4e89-b276-d1dc099a9ea9/element/00000000-0000-023a-0000-000700000003/displayed'
20:17:16.339 [Forwarding isElementDisplayed on session fe2b2a62-dfa7-4e89-b276-d1dc099a9ea9 to remote] DEBUG org.asynchttpclient.netty.request.NettyRequestSender - Using open Channel [id: 0xd6ee6950, L:/127.0.0.1:56984 - R:/127.0.0.1:4723] for GET '/wd/hub/session/fe2b2a62-dfa7-4e89-b276-d1dc099a9ea9/element/00000000-0000-023a-0000-000700000003/displayed'
20:17:16.350 [AsyncHttpClient-1-2] DEBUG org.asynchttpclient.netty.handler.HttpHandler - 

Request DefaultFullHttpRequest(decodeResult: success, version: HTTP/1.1, content: EmptyByteBufBE)
GET /wd/hub/session/fe2b2a62-dfa7-4e89-b276-d1dc099a9ea9/element/00000000-0000-023a-0000-000700000003/displayed HTTP/1.1
User-Agent: appium/8.3.0 (selenium/4.8.1 (java mac))
Cache-Control: no-cache
Content-Type: application/json; charset=utf-8
host: 127.0.0.1:4723
accept: */*

Response DefaultHttpResponse(decodeResult: success, version: HTTP/1.1)
HTTP/1.1 200 OK
X-Powered-By: Express
Content-Type: application/json; charset=utf-8
Content-Length: 14
ETag: W/"e-2ZHvAWebNQpyjGZTg6uyV8/spTo"
Date: Tue, 09 May 2023 13:17:16 GMT
Connection: keep-alive
Keep-Alive: timeout=600

20:17:16.351 [AsyncHttpClient-1-2] DEBUG org.asynchttpclient.netty.channel.ChannelManager - Adding key: http://127.0.0.1:4723 for channel [id: 0xd6ee6950, L:/127.0.0.1:56984 - R:/127.0.0.1:4723]
20:17:16.353 [Forwarding isElementDisplayed on session fe2b2a62-dfa7-4e89-b276-d1dc099a9ea9 to remote] DEBUG org.asynchttpclient.netty.request.NettyRequestSender - Using pooled Channel '[id: 0xd6ee6950, L:/127.0.0.1:56984 - R:/127.0.0.1:4723]' for 'GET' to 'http://127.0.0.1:4723/wd/hub/session/fe2b2a62-dfa7-4e89-b276-d1dc099a9ea9/element/00000000-0000-023a-0000-000700000003/displayed'
20:17:16.353 [Forwarding isElementDisplayed on session fe2b2a62-dfa7-4e89-b276-d1dc099a9ea9 to remote] DEBUG org.asynchttpclient.netty.request.NettyRequestSender - Using open Channel [id: 0xd6ee6950, L:/127.0.0.1:56984 - R:/127.0.0.1:4723] for GET '/wd/hub/session/fe2b2a62-dfa7-4e89-b276-d1dc099a9ea9/element/00000000-0000-023a-0000-000700000003/displayed'
20:17:16.360 [AsyncHttpClient-1-2] DEBUG org.asynchttpclient.netty.handler.HttpHandler - 

Request DefaultFullHttpRequest(decodeResult: success, version: HTTP/1.1, content: EmptyByteBufBE)
GET /wd/hub/session/fe2b2a62-dfa7-4e89-b276-d1dc099a9ea9/element/00000000-0000-023a-0000-000700000003/displayed HTTP/1.1
User-Agent: appium/8.3.0 (selenium/4.8.1 (java mac))
Cache-Control: no-cache
Content-Type: application/json; charset=utf-8
host: 127.0.0.1:4723
accept: */*

Response DefaultHttpResponse(decodeResult: success, version: HTTP/1.1)
HTTP/1.1 200 OK
X-Powered-By: Express
Content-Type: application/json; charset=utf-8
Content-Length: 14
ETag: W/"e-2ZHvAWebNQpyjGZTg6uyV8/spTo"
Date: Tue, 09 May 2023 13:17:16 GMT
Connection: keep-alive
Keep-Alive: timeout=600

20:17:16.362 [AsyncHttpClient-1-2] DEBUG org.asynchttpclient.netty.channel.ChannelManager - Adding key: http://127.0.0.1:4723 for channel [id: 0xd6ee6950, L:/127.0.0.1:56984 - R:/127.0.0.1:4723]
20:17:16.365 [main] DEBUG net.thucydides.core.steps.StepInterceptor - STEP DONE: onHomePage
]]></system-out>
  </testcase>
  <testcase name="user click account info1" classname="As a user i cant login because i input invalid email" time="0.992">
    <system-out><![CDATA[20:17:16.394 [main] DEBUG net.thucydides.core.steps.StepInterceptor - STARTING STEP: LoginSteps1.userClikAccount - clickAccount
20:17:16.399 [Forwarding findElement on session fe2b2a62-dfa7-4e89-b276-d1dc099a9ea9 to remote] DEBUG org.asynchttpclient.netty.request.NettyRequestSender - Using pooled Channel '[id: 0xd6ee6950, L:/127.0.0.1:56984 - R:/127.0.0.1:4723]' for 'POST' to 'http://127.0.0.1:4723/wd/hub/session/fe2b2a62-dfa7-4e89-b276-d1dc099a9ea9/element'
20:17:16.399 [Forwarding findElement on session fe2b2a62-dfa7-4e89-b276-d1dc099a9ea9 to remote] DEBUG org.asynchttpclient.netty.request.NettyRequestSender - Using open Channel [id: 0xd6ee6950, L:/127.0.0.1:56984 - R:/127.0.0.1:4723] for POST '/wd/hub/session/fe2b2a62-dfa7-4e89-b276-d1dc099a9ea9/element'
20:17:16.442 [AsyncHttpClient-1-2] DEBUG org.asynchttpclient.netty.handler.HttpHandler - 

Request DefaultHttpRequest(decodeResult: success, version: HTTP/1.1)
POST /wd/hub/session/fe2b2a62-dfa7-4e89-b276-d1dc099a9ea9/element HTTP/1.1
User-Agent: appium/8.3.0 (selenium/4.8.1 (java mac))
Content-Length: 330
Content-Type: application/json; charset=utf-8
host: 127.0.0.1:4723
accept: */*

Response DefaultHttpResponse(decodeResult: success, version: HTTP/1.1)
HTTP/1.1 200 OK
X-Powered-By: Express
Vary: X-HTTP-Method-Override
Content-Type: application/json; charset=utf-8
Content-Length: 137
ETag: W/"89-u4ZaLjSYLEeHuQTMnzm+otZtpic"
Date: Tue, 09 May 2023 13:17:16 GMT
Connection: keep-alive
Keep-Alive: timeout=600

20:17:16.442 [AsyncHttpClient-1-2] DEBUG org.asynchttpclient.netty.channel.ChannelManager - Adding key: http://127.0.0.1:4723 for channel [id: 0xd6ee6950, L:/127.0.0.1:56984 - R:/127.0.0.1:4723]
20:17:16.446 [Forwarding isElementDisplayed on session fe2b2a62-dfa7-4e89-b276-d1dc099a9ea9 to remote] DEBUG org.asynchttpclient.netty.request.NettyRequestSender - Using pooled Channel '[id: 0xd6ee6950, L:/127.0.0.1:56984 - R:/127.0.0.1:4723]' for 'GET' to 'http://127.0.0.1:4723/wd/hub/session/fe2b2a62-dfa7-4e89-b276-d1dc099a9ea9/element/00000000-0000-023a-0000-000700000003/displayed'
20:17:16.447 [Forwarding isElementDisplayed on session fe2b2a62-dfa7-4e89-b276-d1dc099a9ea9 to remote] DEBUG org.asynchttpclient.netty.request.NettyRequestSender - Using open Channel [id: 0xd6ee6950, L:/127.0.0.1:56984 - R:/127.0.0.1:4723] for GET '/wd/hub/session/fe2b2a62-dfa7-4e89-b276-d1dc099a9ea9/element/00000000-0000-023a-0000-000700000003/displayed'
20:17:16.460 [AsyncHttpClient-1-2] DEBUG org.asynchttpclient.netty.handler.HttpHandler - 

Request DefaultFullHttpRequest(decodeResult: success, version: HTTP/1.1, content: EmptyByteBufBE)
GET /wd/hub/session/fe2b2a62-dfa7-4e89-b276-d1dc099a9ea9/element/00000000-0000-023a-0000-000700000003/displayed HTTP/1.1
User-Agent: appium/8.3.0 (selenium/4.8.1 (java mac))
Cache-Control: no-cache
Content-Type: application/json; charset=utf-8
host: 127.0.0.1:4723
accept: */*

Response DefaultHttpResponse(decodeResult: success, version: HTTP/1.1)
HTTP/1.1 200 OK
X-Powered-By: Express
Content-Type: application/json; charset=utf-8
Content-Length: 14
ETag: W/"e-2ZHvAWebNQpyjGZTg6uyV8/spTo"
Date: Tue, 09 May 2023 13:17:16 GMT
Connection: keep-alive
Keep-Alive: timeout=600

20:17:16.463 [AsyncHttpClient-1-2] DEBUG org.asynchttpclient.netty.channel.ChannelManager - Adding key: http://127.0.0.1:4723 for channel [id: 0xd6ee6950, L:/127.0.0.1:56984 - R:/127.0.0.1:4723]
20:17:16.474 [Forwarding isElementEnabled on session fe2b2a62-dfa7-4e89-b276-d1dc099a9ea9 to remote] DEBUG org.asynchttpclient.netty.request.NettyRequestSender - Using pooled Channel '[id: 0xd6ee6950, L:/127.0.0.1:56984 - R:/127.0.0.1:4723]' for 'GET' to 'http://127.0.0.1:4723/wd/hub/session/fe2b2a62-dfa7-4e89-b276-d1dc099a9ea9/element/00000000-0000-023a-0000-000700000003/enabled'
20:17:16.475 [Forwarding isElementEnabled on session fe2b2a62-dfa7-4e89-b276-d1dc099a9ea9 to remote] DEBUG org.asynchttpclient.netty.request.NettyRequestSender - Using open Channel [id: 0xd6ee6950, L:/127.0.0.1:56984 - R:/127.0.0.1:4723] for GET '/wd/hub/session/fe2b2a62-dfa7-4e89-b276-d1dc099a9ea9/element/00000000-0000-023a-0000-000700000003/enabled'
20:17:16.487 [AsyncHttpClient-1-2] DEBUG org.asynchttpclient.netty.handler.HttpHandler - 

Request DefaultFullHttpRequest(decodeResult: success, version: HTTP/1.1, content: EmptyByteBufBE)
GET /wd/hub/session/fe2b2a62-dfa7-4e89-b276-d1dc099a9ea9/element/00000000-0000-023a-0000-000700000003/enabled HTTP/1.1
User-Agent: appium/8.3.0 (selenium/4.8.1 (java mac))
Cache-Control: no-cache
Content-Type: application/json; charset=utf-8
host: 127.0.0.1:4723
accept: */*

Response DefaultHttpResponse(decodeResult: success, version: HTTP/1.1)
HTTP/1.1 200 OK
X-Powered-By: Express
Content-Type: application/json; charset=utf-8
Content-Length: 14
ETag: W/"e-2ZHvAWebNQpyjGZTg6uyV8/spTo"
Date: Tue, 09 May 2023 13:17:16 GMT
Connection: keep-alive
Keep-Alive: timeout=600

20:17:16.488 [AsyncHttpClient-1-2] DEBUG org.asynchttpclient.netty.channel.ChannelManager - Adding key: http://127.0.0.1:4723 for channel [id: 0xd6ee6950, L:/127.0.0.1:56984 - R:/127.0.0.1:4723]
20:17:16.496 [Forwarding clickElement on session fe2b2a62-dfa7-4e89-b276-d1dc099a9ea9 to remote] DEBUG org.asynchttpclient.netty.request.NettyRequestSender - Using pooled Channel '[id: 0xd6ee6950, L:/127.0.0.1:56984 - R:/127.0.0.1:4723]' for 'POST' to 'http://127.0.0.1:4723/wd/hub/session/fe2b2a62-dfa7-4e89-b276-d1dc099a9ea9/element/00000000-0000-023a-0000-000700000003/click'
20:17:16.496 [Forwarding clickElement on session fe2b2a62-dfa7-4e89-b276-d1dc099a9ea9 to remote] DEBUG org.asynchttpclient.netty.request.NettyRequestSender - Using open Channel [id: 0xd6ee6950, L:/127.0.0.1:56984 - R:/127.0.0.1:4723] for POST '/wd/hub/session/fe2b2a62-dfa7-4e89-b276-d1dc099a9ea9/element/00000000-0000-023a-0000-000700000003/click'
20:17:17.338 [AsyncHttpClient-1-2] DEBUG org.asynchttpclient.netty.handler.HttpHandler - 

Request DefaultHttpRequest(decodeResult: success, version: HTTP/1.1)
POST /wd/hub/session/fe2b2a62-dfa7-4e89-b276-d1dc099a9ea9/element/00000000-0000-023a-0000-000700000003/click HTTP/1.1
User-Agent: appium/8.3.0 (selenium/4.8.1 (java mac))
Content-Length: 50
Content-Type: application/json; charset=utf-8
host: 127.0.0.1:4723
accept: */*

Response DefaultHttpResponse(decodeResult: success, version: HTTP/1.1)
HTTP/1.1 200 OK
X-Powered-By: Express
Vary: X-HTTP-Method-Override
Content-Type: application/json; charset=utf-8
Content-Length: 14
ETag: W/"e-9/1BuKMgFObM1mWJm+YjxtXJnUM"
Date: Tue, 09 May 2023 13:17:17 GMT
Connection: keep-alive
Keep-Alive: timeout=600

20:17:17.342 [AsyncHttpClient-1-2] DEBUG org.asynchttpclient.netty.channel.ChannelManager - Adding key: http://127.0.0.1:4723 for channel [id: 0xd6ee6950, L:/127.0.0.1:56984 - R:/127.0.0.1:4723]
20:17:17.360 [main] DEBUG net.thucydides.core.steps.StepInterceptor - STEP DONE: clickAccount
]]></system-out>
  </testcase>
  <testcase name="user input invalid email1" classname="As a user i cant login because i input invalid email" time="0.908">
    <system-out><![CDATA[20:17:17.404 [main] DEBUG net.thucydides.core.steps.StepInterceptor - STARTING STEP: LoginSteps1.userInputinvalidEmail - clickTypeEmail
20:17:17.411 [Forwarding findElement on session fe2b2a62-dfa7-4e89-b276-d1dc099a9ea9 to remote] DEBUG org.asynchttpclient.netty.request.NettyRequestSender - Using pooled Channel '[id: 0xd6ee6950, L:/127.0.0.1:56984 - R:/127.0.0.1:4723]' for 'POST' to 'http://127.0.0.1:4723/wd/hub/session/fe2b2a62-dfa7-4e89-b276-d1dc099a9ea9/element'
20:17:17.412 [Forwarding findElement on session fe2b2a62-dfa7-4e89-b276-d1dc099a9ea9 to remote] DEBUG org.asynchttpclient.netty.request.NettyRequestSender - Using open Channel [id: 0xd6ee6950, L:/127.0.0.1:56984 - R:/127.0.0.1:4723] for POST '/wd/hub/session/fe2b2a62-dfa7-4e89-b276-d1dc099a9ea9/element'
20:17:17.466 [AsyncHttpClient-1-2] DEBUG org.asynchttpclient.netty.handler.HttpHandler - 

Request DefaultHttpRequest(decodeResult: success, version: HTTP/1.1)
POST /wd/hub/session/fe2b2a62-dfa7-4e89-b276-d1dc099a9ea9/element HTTP/1.1
User-Agent: appium/8.3.0 (selenium/4.8.1 (java mac))
Content-Length: 305
Content-Type: application/json; charset=utf-8
host: 127.0.0.1:4723
accept: */*

Response DefaultHttpResponse(decodeResult: success, version: HTTP/1.1)
HTTP/1.1 200 OK
X-Powered-By: Express
Vary: X-HTTP-Method-Override
Content-Type: application/json; charset=utf-8
Content-Length: 137
ETag: W/"89-StMmRIBLTyjQZHCGZEeQZssEIfc"
Date: Tue, 09 May 2023 13:17:17 GMT
Connection: keep-alive
Keep-Alive: timeout=600

20:17:17.469 [AsyncHttpClient-1-2] DEBUG org.asynchttpclient.netty.channel.ChannelManager - Adding key: http://127.0.0.1:4723 for channel [id: 0xd6ee6950, L:/127.0.0.1:56984 - R:/127.0.0.1:4723]
20:17:17.473 [Forwarding isElementDisplayed on session fe2b2a62-dfa7-4e89-b276-d1dc099a9ea9 to remote] DEBUG org.asynchttpclient.netty.request.NettyRequestSender - Using pooled Channel '[id: 0xd6ee6950, L:/127.0.0.1:56984 - R:/127.0.0.1:4723]' for 'GET' to 'http://127.0.0.1:4723/wd/hub/session/fe2b2a62-dfa7-4e89-b276-d1dc099a9ea9/element/00000000-0000-023a-0000-002600000003/displayed'
20:17:17.473 [Forwarding isElementDisplayed on session fe2b2a62-dfa7-4e89-b276-d1dc099a9ea9 to remote] DEBUG org.asynchttpclient.netty.request.NettyRequestSender - Using open Channel [id: 0xd6ee6950, L:/127.0.0.1:56984 - R:/127.0.0.1:4723] for GET '/wd/hub/session/fe2b2a62-dfa7-4e89-b276-d1dc099a9ea9/element/00000000-0000-023a-0000-002600000003/displayed'
20:17:17.482 [AsyncHttpClient-1-2] DEBUG org.asynchttpclient.netty.handler.HttpHandler - 

Request DefaultFullHttpRequest(decodeResult: success, version: HTTP/1.1, content: EmptyByteBufBE)
GET /wd/hub/session/fe2b2a62-dfa7-4e89-b276-d1dc099a9ea9/element/00000000-0000-023a-0000-002600000003/displayed HTTP/1.1
User-Agent: appium/8.3.0 (selenium/4.8.1 (java mac))
Cache-Control: no-cache
Content-Type: application/json; charset=utf-8
host: 127.0.0.1:4723
accept: */*

Response DefaultHttpResponse(decodeResult: success, version: HTTP/1.1)
HTTP/1.1 200 OK
X-Powered-By: Express
Content-Type: application/json; charset=utf-8
Content-Length: 14
ETag: W/"e-2ZHvAWebNQpyjGZTg6uyV8/spTo"
Date: Tue, 09 May 2023 13:17:17 GMT
Connection: keep-alive
Keep-Alive: timeout=600

20:17:17.483 [AsyncHttpClient-1-2] DEBUG org.asynchttpclient.netty.channel.ChannelManager - Adding key: http://127.0.0.1:4723 for channel [id: 0xd6ee6950, L:/127.0.0.1:56984 - R:/127.0.0.1:4723]
20:17:17.487 [Forwarding isElementEnabled on session fe2b2a62-dfa7-4e89-b276-d1dc099a9ea9 to remote] DEBUG org.asynchttpclient.netty.request.NettyRequestSender - Using pooled Channel '[id: 0xd6ee6950, L:/127.0.0.1:56984 - R:/127.0.0.1:4723]' for 'GET' to 'http://127.0.0.1:4723/wd/hub/session/fe2b2a62-dfa7-4e89-b276-d1dc099a9ea9/element/00000000-0000-023a-0000-002600000003/enabled'
20:17:17.488 [Forwarding isElementEnabled on session fe2b2a62-dfa7-4e89-b276-d1dc099a9ea9 to remote] DEBUG org.asynchttpclient.netty.request.NettyRequestSender - Using open Channel [id: 0xd6ee6950, L:/127.0.0.1:56984 - R:/127.0.0.1:4723] for GET '/wd/hub/session/fe2b2a62-dfa7-4e89-b276-d1dc099a9ea9/element/00000000-0000-023a-0000-002600000003/enabled'
20:17:17.503 [AsyncHttpClient-1-2] DEBUG org.asynchttpclient.netty.handler.HttpHandler - 

Request DefaultFullHttpRequest(decodeResult: success, version: HTTP/1.1, content: EmptyByteBufBE)
GET /wd/hub/session/fe2b2a62-dfa7-4e89-b276-d1dc099a9ea9/element/00000000-0000-023a-0000-002600000003/enabled HTTP/1.1
User-Agent: appium/8.3.0 (selenium/4.8.1 (java mac))
Cache-Control: no-cache
Content-Type: application/json; charset=utf-8
host: 127.0.0.1:4723
accept: */*

Response DefaultHttpResponse(decodeResult: success, version: HTTP/1.1)
HTTP/1.1 200 OK
X-Powered-By: Express
Content-Type: application/json; charset=utf-8
Content-Length: 14
ETag: W/"e-2ZHvAWebNQpyjGZTg6uyV8/spTo"
Date: Tue, 09 May 2023 13:17:17 GMT
Connection: keep-alive
Keep-Alive: timeout=600

20:17:17.504 [AsyncHttpClient-1-2] DEBUG org.asynchttpclient.netty.channel.ChannelManager - Adding key: http://127.0.0.1:4723 for channel [id: 0xd6ee6950, L:/127.0.0.1:56984 - R:/127.0.0.1:4723]
20:17:17.510 [Forwarding clickElement on session fe2b2a62-dfa7-4e89-b276-d1dc099a9ea9 to remote] DEBUG org.asynchttpclient.netty.request.NettyRequestSender - Using pooled Channel '[id: 0xd6ee6950, L:/127.0.0.1:56984 - R:/127.0.0.1:4723]' for 'POST' to 'http://127.0.0.1:4723/wd/hub/session/fe2b2a62-dfa7-4e89-b276-d1dc099a9ea9/element/00000000-0000-023a-0000-002600000003/click'
20:17:17.510 [Forwarding clickElement on session fe2b2a62-dfa7-4e89-b276-d1dc099a9ea9 to remote] DEBUG org.asynchttpclient.netty.request.NettyRequestSender - Using open Channel [id: 0xd6ee6950, L:/127.0.0.1:56984 - R:/127.0.0.1:4723] for POST '/wd/hub/session/fe2b2a62-dfa7-4e89-b276-d1dc099a9ea9/element/00000000-0000-023a-0000-002600000003/click'
20:17:17.567 [AsyncHttpClient-1-2] DEBUG org.asynchttpclient.netty.handler.HttpHandler - 

Request DefaultHttpRequest(decodeResult: success, version: HTTP/1.1)
POST /wd/hub/session/fe2b2a62-dfa7-4e89-b276-d1dc099a9ea9/element/00000000-0000-023a-0000-002600000003/click HTTP/1.1
User-Agent: appium/8.3.0 (selenium/4.8.1 (java mac))
Content-Length: 50
Content-Type: application/json; charset=utf-8
host: 127.0.0.1:4723
accept: */*

Response DefaultHttpResponse(decodeResult: success, version: HTTP/1.1)
HTTP/1.1 200 OK
X-Powered-By: Express
Vary: X-HTTP-Method-Override
Content-Type: application/json; charset=utf-8
Content-Length: 14
ETag: W/"e-9/1BuKMgFObM1mWJm+YjxtXJnUM"
Date: Tue, 09 May 2023 13:17:17 GMT
Connection: keep-alive
Keep-Alive: timeout=600

20:17:17.569 [AsyncHttpClient-1-2] DEBUG org.asynchttpclient.netty.channel.ChannelManager - Adding key: http://127.0.0.1:4723 for channel [id: 0xd6ee6950, L:/127.0.0.1:56984 - R:/127.0.0.1:4723]
20:17:17.577 [main] DEBUG net.thucydides.core.steps.StepInterceptor - STEP DONE: clickTypeEmail
20:17:17.585 [main] DEBUG net.thucydides.core.steps.StepInterceptor - STARTING STEP: LoginSteps1.userInputinvalidEmail - inputEmail
20:17:17.599 [Forwarding findElement on session fe2b2a62-dfa7-4e89-b276-d1dc099a9ea9 to remote] DEBUG org.asynchttpclient.netty.request.NettyRequestSender - Using pooled Channel '[id: 0xd6ee6950, L:/127.0.0.1:56984 - R:/127.0.0.1:4723]' for 'POST' to 'http://127.0.0.1:4723/wd/hub/session/fe2b2a62-dfa7-4e89-b276-d1dc099a9ea9/element'
20:17:17.600 [Forwarding findElement on session fe2b2a62-dfa7-4e89-b276-d1dc099a9ea9 to remote] DEBUG org.asynchttpclient.netty.request.NettyRequestSender - Using open Channel [id: 0xd6ee6950, L:/127.0.0.1:56984 - R:/127.0.0.1:4723] for POST '/wd/hub/session/fe2b2a62-dfa7-4e89-b276-d1dc099a9ea9/element'
20:17:18.245 [AsyncHttpClient-1-2] DEBUG org.asynchttpclient.netty.handler.HttpHandler - 

Request DefaultHttpRequest(decodeResult: success, version: HTTP/1.1)
POST /wd/hub/session/fe2b2a62-dfa7-4e89-b276-d1dc099a9ea9/element HTTP/1.1
User-Agent: appium/8.3.0 (selenium/4.8.1 (java mac))
Content-Length: 305
Content-Type: application/json; charset=utf-8
host: 127.0.0.1:4723
accept: */*

Response DefaultHttpResponse(decodeResult: success, version: HTTP/1.1)
HTTP/1.1 200 OK
X-Powered-By: Express
Vary: X-HTTP-Method-Override
Content-Type: application/json; charset=utf-8
Content-Length: 137
ETag: W/"89-StMmRIBLTyjQZHCGZEeQZssEIfc"
Date: Tue, 09 May 2023 13:17:18 GMT
Connection: keep-alive
Keep-Alive: timeout=600

20:17:18.246 [AsyncHttpClient-1-2] DEBUG org.asynchttpclient.netty.channel.ChannelManager - Adding key: http://127.0.0.1:4723 for channel [id: 0xd6ee6950, L:/127.0.0.1:56984 - R:/127.0.0.1:4723]
20:17:18.257 [Forwarding sendKeysToElement on session fe2b2a62-dfa7-4e89-b276-d1dc099a9ea9 to remote] DEBUG org.asynchttpclient.netty.request.NettyRequestSender - Using pooled Channel '[id: 0xd6ee6950, L:/127.0.0.1:56984 - R:/127.0.0.1:4723]' for 'POST' to 'http://127.0.0.1:4723/wd/hub/session/fe2b2a62-dfa7-4e89-b276-d1dc099a9ea9/element/00000000-0000-023a-0000-002600000003/value'
20:17:18.257 [Forwarding sendKeysToElement on session fe2b2a62-dfa7-4e89-b276-d1dc099a9ea9 to remote] DEBUG org.asynchttpclient.netty.request.NettyRequestSender - Using open Channel [id: 0xd6ee6950, L:/127.0.0.1:56984 - R:/127.0.0.1:4723] for POST '/wd/hub/session/fe2b2a62-dfa7-4e89-b276-d1dc099a9ea9/element/00000000-0000-023a-0000-002600000003/value'
20:17:18.287 [AsyncHttpClient-1-2] DEBUG org.asynchttpclient.netty.handler.HttpHandler - 

Request DefaultHttpRequest(decodeResult: success, version: HTTP/1.1)
POST /wd/hub/session/fe2b2a62-dfa7-4e89-b276-d1dc099a9ea9/element/00000000-0000-023a-0000-002600000003/value HTTP/1.1
User-Agent: appium/8.3.0 (selenium/4.8.1 (java mac))
Content-Length: 271
Content-Type: application/json; charset=utf-8
host: 127.0.0.1:4723
accept: */*

Response DefaultHttpResponse(decodeResult: success, version: HTTP/1.1)
HTTP/1.1 200 OK
X-Powered-By: Express
Vary: X-HTTP-Method-Override
Content-Type: application/json; charset=utf-8
Content-Length: 14
ETag: W/"e-9/1BuKMgFObM1mWJm+YjxtXJnUM"
Date: Tue, 09 May 2023 13:17:18 GMT
Connection: keep-alive
Keep-Alive: timeout=600

20:17:18.288 [AsyncHttpClient-1-2] DEBUG org.asynchttpclient.netty.channel.ChannelManager - Adding key: http://127.0.0.1:4723 for channel [id: 0xd6ee6950, L:/127.0.0.1:56984 - R:/127.0.0.1:4723]
20:17:18.290 [main] DEBUG net.thucydides.core.steps.StepInterceptor - STEP DONE: inputEmail
]]></system-out>
  </testcase>
  <testcase name="user input valid password1" classname="As a user i cant login because i input invalid email" time="1.308">
    <system-out><![CDATA[20:17:18.315 [main] DEBUG net.thucydides.core.steps.StepInterceptor - STARTING STEP: LoginSteps1.userInputvalidPassword - clickTypePassword
20:17:18.322 [Forwarding findElement on session fe2b2a62-dfa7-4e89-b276-d1dc099a9ea9 to remote] DEBUG org.asynchttpclient.netty.request.NettyRequestSender - Using pooled Channel '[id: 0xd6ee6950, L:/127.0.0.1:56984 - R:/127.0.0.1:4723]' for 'POST' to 'http://127.0.0.1:4723/wd/hub/session/fe2b2a62-dfa7-4e89-b276-d1dc099a9ea9/element'
20:17:18.322 [Forwarding findElement on session fe2b2a62-dfa7-4e89-b276-d1dc099a9ea9 to remote] DEBUG org.asynchttpclient.netty.request.NettyRequestSender - Using open Channel [id: 0xd6ee6950, L:/127.0.0.1:56984 - R:/127.0.0.1:4723] for POST '/wd/hub/session/fe2b2a62-dfa7-4e89-b276-d1dc099a9ea9/element'
20:17:18.835 [AsyncHttpClient-1-2] DEBUG org.asynchttpclient.netty.handler.HttpHandler - 

Request DefaultHttpRequest(decodeResult: success, version: HTTP/1.1)
POST /wd/hub/session/fe2b2a62-dfa7-4e89-b276-d1dc099a9ea9/element HTTP/1.1
User-Agent: appium/8.3.0 (selenium/4.8.1 (java mac))
Content-Length: 305
Content-Type: application/json; charset=utf-8
host: 127.0.0.1:4723
accept: */*

Response DefaultHttpResponse(decodeResult: success, version: HTTP/1.1)
HTTP/1.1 200 OK
X-Powered-By: Express
Vary: X-HTTP-Method-Override
Content-Type: application/json; charset=utf-8
Content-Length: 137
ETag: W/"89-4WkwIhhecYFA+yQ+EgPczIvS1aE"
Date: Tue, 09 May 2023 13:17:18 GMT
Connection: keep-alive
Keep-Alive: timeout=600

20:17:18.836 [AsyncHttpClient-1-2] DEBUG org.asynchttpclient.netty.channel.ChannelManager - Adding key: http://127.0.0.1:4723 for channel [id: 0xd6ee6950, L:/127.0.0.1:56984 - R:/127.0.0.1:4723]
20:17:18.841 [Forwarding isElementDisplayed on session fe2b2a62-dfa7-4e89-b276-d1dc099a9ea9 to remote] DEBUG org.asynchttpclient.netty.request.NettyRequestSender - Using pooled Channel '[id: 0xd6ee6950, L:/127.0.0.1:56984 - R:/127.0.0.1:4723]' for 'GET' to 'http://127.0.0.1:4723/wd/hub/session/fe2b2a62-dfa7-4e89-b276-d1dc099a9ea9/element/00000000-0000-023a-0000-002700000003/displayed'
20:17:18.841 [Forwarding isElementDisplayed on session fe2b2a62-dfa7-4e89-b276-d1dc099a9ea9 to remote] DEBUG org.asynchttpclient.netty.request.NettyRequestSender - Using open Channel [id: 0xd6ee6950, L:/127.0.0.1:56984 - R:/127.0.0.1:4723] for GET '/wd/hub/session/fe2b2a62-dfa7-4e89-b276-d1dc099a9ea9/element/00000000-0000-023a-0000-002700000003/displayed'
20:17:18.854 [AsyncHttpClient-1-2] DEBUG org.asynchttpclient.netty.handler.HttpHandler - 

Request DefaultFullHttpRequest(decodeResult: success, version: HTTP/1.1, content: EmptyByteBufBE)
GET /wd/hub/session/fe2b2a62-dfa7-4e89-b276-d1dc099a9ea9/element/00000000-0000-023a-0000-002700000003/displayed HTTP/1.1
User-Agent: appium/8.3.0 (selenium/4.8.1 (java mac))
Cache-Control: no-cache
Content-Type: application/json; charset=utf-8
host: 127.0.0.1:4723
accept: */*

Response DefaultHttpResponse(decodeResult: success, version: HTTP/1.1)
HTTP/1.1 200 OK
X-Powered-By: Express
Content-Type: application/json; charset=utf-8
Content-Length: 14
ETag: W/"e-2ZHvAWebNQpyjGZTg6uyV8/spTo"
Date: Tue, 09 May 2023 13:17:18 GMT
Connection: keep-alive
Keep-Alive: timeout=600

20:17:18.855 [AsyncHttpClient-1-2] DEBUG org.asynchttpclient.netty.channel.ChannelManager - Adding key: http://127.0.0.1:4723 for channel [id: 0xd6ee6950, L:/127.0.0.1:56984 - R:/127.0.0.1:4723]
20:17:18.864 [Forwarding isElementEnabled on session fe2b2a62-dfa7-4e89-b276-d1dc099a9ea9 to remote] DEBUG org.asynchttpclient.netty.request.NettyRequestSender - Using pooled Channel '[id: 0xd6ee6950, L:/127.0.0.1:56984 - R:/127.0.0.1:4723]' for 'GET' to 'http://127.0.0.1:4723/wd/hub/session/fe2b2a62-dfa7-4e89-b276-d1dc099a9ea9/element/00000000-0000-023a-0000-002700000003/enabled'
20:17:18.865 [Forwarding isElementEnabled on session fe2b2a62-dfa7-4e89-b276-d1dc099a9ea9 to remote] DEBUG org.asynchttpclient.netty.request.NettyRequestSender - Using open Channel [id: 0xd6ee6950, L:/127.0.0.1:56984 - R:/127.0.0.1:4723] for GET '/wd/hub/session/fe2b2a62-dfa7-4e89-b276-d1dc099a9ea9/element/00000000-0000-023a-0000-002700000003/enabled'
20:17:18.875 [AsyncHttpClient-1-2] DEBUG org.asynchttpclient.netty.handler.HttpHandler - 

Request DefaultFullHttpRequest(decodeResult: success, version: HTTP/1.1, content: EmptyByteBufBE)
GET /wd/hub/session/fe2b2a62-dfa7-4e89-b276-d1dc099a9ea9/element/00000000-0000-023a-0000-002700000003/enabled HTTP/1.1
User-Agent: appium/8.3.0 (selenium/4.8.1 (java mac))
Cache-Control: no-cache
Content-Type: application/json; charset=utf-8
host: 127.0.0.1:4723
accept: */*

Response DefaultHttpResponse(decodeResult: success, version: HTTP/1.1)
HTTP/1.1 200 OK
X-Powered-By: Express
Content-Type: application/json; charset=utf-8
Content-Length: 14
ETag: W/"e-2ZHvAWebNQpyjGZTg6uyV8/spTo"
Date: Tue, 09 May 2023 13:17:18 GMT
Connection: keep-alive
Keep-Alive: timeout=600

20:17:18.876 [AsyncHttpClient-1-2] DEBUG org.asynchttpclient.netty.channel.ChannelManager - Adding key: http://127.0.0.1:4723 for channel [id: 0xd6ee6950, L:/127.0.0.1:56984 - R:/127.0.0.1:4723]
20:17:18.879 [Forwarding clickElement on session fe2b2a62-dfa7-4e89-b276-d1dc099a9ea9 to remote] DEBUG org.asynchttpclient.netty.request.NettyRequestSender - Using pooled Channel '[id: 0xd6ee6950, L:/127.0.0.1:56984 - R:/127.0.0.1:4723]' for 'POST' to 'http://127.0.0.1:4723/wd/hub/session/fe2b2a62-dfa7-4e89-b276-d1dc099a9ea9/element/00000000-0000-023a-0000-002700000003/click'
20:17:18.879 [Forwarding clickElement on session fe2b2a62-dfa7-4e89-b276-d1dc099a9ea9 to remote] DEBUG org.asynchttpclient.netty.request.NettyRequestSender - Using open Channel [id: 0xd6ee6950, L:/127.0.0.1:56984 - R:/127.0.0.1:4723] for POST '/wd/hub/session/fe2b2a62-dfa7-4e89-b276-d1dc099a9ea9/element/00000000-0000-023a-0000-002700000003/click'
20:17:18.922 [AsyncHttpClient-1-2] DEBUG org.asynchttpclient.netty.handler.HttpHandler - 

Request DefaultHttpRequest(decodeResult: success, version: HTTP/1.1)
POST /wd/hub/session/fe2b2a62-dfa7-4e89-b276-d1dc099a9ea9/element/00000000-0000-023a-0000-002700000003/click HTTP/1.1
User-Agent: appium/8.3.0 (selenium/4.8.1 (java mac))
Content-Length: 50
Content-Type: application/json; charset=utf-8
host: 127.0.0.1:4723
accept: */*

Response DefaultHttpResponse(decodeResult: success, version: HTTP/1.1)
HTTP/1.1 200 OK
X-Powered-By: Express
Vary: X-HTTP-Method-Override
Content-Type: application/json; charset=utf-8
Content-Length: 14
ETag: W/"e-9/1BuKMgFObM1mWJm+YjxtXJnUM"
Date: Tue, 09 May 2023 13:17:18 GMT
Connection: keep-alive
Keep-Alive: timeout=600

20:17:18.923 [AsyncHttpClient-1-2] DEBUG org.asynchttpclient.netty.channel.ChannelManager - Adding key: http://127.0.0.1:4723 for channel [id: 0xd6ee6950, L:/127.0.0.1:56984 - R:/127.0.0.1:4723]
20:17:18.929 [main] DEBUG net.thucydides.core.steps.StepInterceptor - STEP DONE: clickTypePassword
20:17:18.943 [main] DEBUG net.thucydides.core.steps.StepInterceptor - STARTING STEP: LoginSteps1.userInputvalidPassword - inputPassword
20:17:18.946 [Forwarding findElement on session fe2b2a62-dfa7-4e89-b276-d1dc099a9ea9 to remote] DEBUG org.asynchttpclient.netty.request.NettyRequestSender - Using pooled Channel '[id: 0xd6ee6950, L:/127.0.0.1:56984 - R:/127.0.0.1:4723]' for 'POST' to 'http://127.0.0.1:4723/wd/hub/session/fe2b2a62-dfa7-4e89-b276-d1dc099a9ea9/element'
20:17:18.946 [Forwarding findElement on session fe2b2a62-dfa7-4e89-b276-d1dc099a9ea9 to remote] DEBUG org.asynchttpclient.netty.request.NettyRequestSender - Using open Channel [id: 0xd6ee6950, L:/127.0.0.1:56984 - R:/127.0.0.1:4723] for POST '/wd/hub/session/fe2b2a62-dfa7-4e89-b276-d1dc099a9ea9/element'
20:17:19.565 [AsyncHttpClient-1-2] DEBUG org.asynchttpclient.netty.handler.HttpHandler - 

Request DefaultHttpRequest(decodeResult: success, version: HTTP/1.1)
POST /wd/hub/session/fe2b2a62-dfa7-4e89-b276-d1dc099a9ea9/element HTTP/1.1
User-Agent: appium/8.3.0 (selenium/4.8.1 (java mac))
Content-Length: 305
Content-Type: application/json; charset=utf-8
host: 127.0.0.1:4723
accept: */*

Response DefaultHttpResponse(decodeResult: success, version: HTTP/1.1)
HTTP/1.1 200 OK
X-Powered-By: Express
Vary: X-HTTP-Method-Override
Content-Type: application/json; charset=utf-8
Content-Length: 137
ETag: W/"89-4WkwIhhecYFA+yQ+EgPczIvS1aE"
Date: Tue, 09 May 2023 13:17:19 GMT
Connection: keep-alive
Keep-Alive: timeout=600

20:17:19.567 [AsyncHttpClient-1-2] DEBUG org.asynchttpclient.netty.channel.ChannelManager - Adding key: http://127.0.0.1:4723 for channel [id: 0xd6ee6950, L:/127.0.0.1:56984 - R:/127.0.0.1:4723]
20:17:19.575 [Forwarding sendKeysToElement on session fe2b2a62-dfa7-4e89-b276-d1dc099a9ea9 to remote] DEBUG org.asynchttpclient.netty.request.NettyRequestSender - Using pooled Channel '[id: 0xd6ee6950, L:/127.0.0.1:56984 - R:/127.0.0.1:4723]' for 'POST' to 'http://127.0.0.1:4723/wd/hub/session/fe2b2a62-dfa7-4e89-b276-d1dc099a9ea9/element/00000000-0000-023a-0000-002700000003/value'
20:17:19.576 [Forwarding sendKeysToElement on session fe2b2a62-dfa7-4e89-b276-d1dc099a9ea9 to remote] DEBUG org.asynchttpclient.netty.request.NettyRequestSender - Using open Channel [id: 0xd6ee6950, L:/127.0.0.1:56984 - R:/127.0.0.1:4723] for POST '/wd/hub/session/fe2b2a62-dfa7-4e89-b276-d1dc099a9ea9/element/00000000-0000-023a-0000-002700000003/value'
20:17:19.601 [AsyncHttpClient-1-2] DEBUG org.asynchttpclient.netty.handler.HttpHandler - 

Request DefaultHttpRequest(decodeResult: success, version: HTTP/1.1)
POST /wd/hub/session/fe2b2a62-dfa7-4e89-b276-d1dc099a9ea9/element/00000000-0000-023a-0000-002700000003/value HTTP/1.1
User-Agent: appium/8.3.0 (selenium/4.8.1 (java mac))
Content-Length: 141
Content-Type: application/json; charset=utf-8
host: 127.0.0.1:4723
accept: */*

Response DefaultHttpResponse(decodeResult: success, version: HTTP/1.1)
HTTP/1.1 200 OK
X-Powered-By: Express
Vary: X-HTTP-Method-Override
Content-Type: application/json; charset=utf-8
Content-Length: 14
ETag: W/"e-9/1BuKMgFObM1mWJm+YjxtXJnUM"
Date: Tue, 09 May 2023 13:17:19 GMT
Connection: keep-alive
Keep-Alive: timeout=600

20:17:19.606 [AsyncHttpClient-1-2] DEBUG org.asynchttpclient.netty.channel.ChannelManager - Adding key: http://127.0.0.1:4723 for channel [id: 0xd6ee6950, L:/127.0.0.1:56984 - R:/127.0.0.1:4723]
20:17:19.609 [main] DEBUG net.thucydides.core.steps.StepInterceptor - STEP DONE: inputPassword
]]></system-out>
  </testcase>
  <testcase name="user click login button1" classname="As a user i cant login because i input invalid email" time="1.543">
    <system-out><![CDATA[20:17:19.631 [main] DEBUG net.thucydides.core.steps.StepInterceptor - STARTING STEP: LoginSteps1.userClickLoginButton - tapLoginButton
20:17:19.636 [Forwarding findElement on session fe2b2a62-dfa7-4e89-b276-d1dc099a9ea9 to remote] DEBUG org.asynchttpclient.netty.request.NettyRequestSender - Using pooled Channel '[id: 0xd6ee6950, L:/127.0.0.1:56984 - R:/127.0.0.1:4723]' for 'POST' to 'http://127.0.0.1:4723/wd/hub/session/fe2b2a62-dfa7-4e89-b276-d1dc099a9ea9/element'
20:17:19.636 [Forwarding findElement on session fe2b2a62-dfa7-4e89-b276-d1dc099a9ea9 to remote] DEBUG org.asynchttpclient.netty.request.NettyRequestSender - Using open Channel [id: 0xd6ee6950, L:/127.0.0.1:56984 - R:/127.0.0.1:4723] for POST '/wd/hub/session/fe2b2a62-dfa7-4e89-b276-d1dc099a9ea9/element'
20:17:20.141 [AsyncHttpClient-1-2] DEBUG org.asynchttpclient.netty.handler.HttpHandler - 

Request DefaultHttpRequest(decodeResult: success, version: HTTP/1.1)
POST /wd/hub/session/fe2b2a62-dfa7-4e89-b276-d1dc099a9ea9/element HTTP/1.1
User-Agent: appium/8.3.0 (selenium/4.8.1 (java mac))
Content-Length: 99
Content-Type: application/json; charset=utf-8
host: 127.0.0.1:4723
accept: */*

Response DefaultHttpResponse(decodeResult: success, version: HTTP/1.1)
HTTP/1.1 200 OK
X-Powered-By: Express
Vary: X-HTTP-Method-Override
Content-Type: application/json; charset=utf-8
Content-Length: 137
ETag: W/"89-IIikK1ckVdBU9XkVjqfiqAlDMSA"
Date: Tue, 09 May 2023 13:17:20 GMT
Connection: keep-alive
Keep-Alive: timeout=600

20:17:20.143 [AsyncHttpClient-1-2] DEBUG org.asynchttpclient.netty.channel.ChannelManager - Adding key: http://127.0.0.1:4723 for channel [id: 0xd6ee6950, L:/127.0.0.1:56984 - R:/127.0.0.1:4723]
20:17:20.148 [Forwarding isElementDisplayed on session fe2b2a62-dfa7-4e89-b276-d1dc099a9ea9 to remote] DEBUG org.asynchttpclient.netty.request.NettyRequestSender - Using pooled Channel '[id: 0xd6ee6950, L:/127.0.0.1:56984 - R:/127.0.0.1:4723]' for 'GET' to 'http://127.0.0.1:4723/wd/hub/session/fe2b2a62-dfa7-4e89-b276-d1dc099a9ea9/element/00000000-0000-023a-0000-002800000003/displayed'
20:17:20.149 [Forwarding isElementDisplayed on session fe2b2a62-dfa7-4e89-b276-d1dc099a9ea9 to remote] DEBUG org.asynchttpclient.netty.request.NettyRequestSender - Using open Channel [id: 0xd6ee6950, L:/127.0.0.1:56984 - R:/127.0.0.1:4723] for GET '/wd/hub/session/fe2b2a62-dfa7-4e89-b276-d1dc099a9ea9/element/00000000-0000-023a-0000-002800000003/displayed'
20:17:20.160 [AsyncHttpClient-1-2] DEBUG org.asynchttpclient.netty.handler.HttpHandler - 

Request DefaultFullHttpRequest(decodeResult: success, version: HTTP/1.1, content: EmptyByteBufBE)
GET /wd/hub/session/fe2b2a62-dfa7-4e89-b276-d1dc099a9ea9/element/00000000-0000-023a-0000-002800000003/displayed HTTP/1.1
User-Agent: appium/8.3.0 (selenium/4.8.1 (java mac))
Cache-Control: no-cache
Content-Type: application/json; charset=utf-8
host: 127.0.0.1:4723
accept: */*

Response DefaultHttpResponse(decodeResult: success, version: HTTP/1.1)
HTTP/1.1 200 OK
X-Powered-By: Express
Content-Type: application/json; charset=utf-8
Content-Length: 14
ETag: W/"e-2ZHvAWebNQpyjGZTg6uyV8/spTo"
Date: Tue, 09 May 2023 13:17:20 GMT
Connection: keep-alive
Keep-Alive: timeout=600

20:17:20.161 [AsyncHttpClient-1-2] DEBUG org.asynchttpclient.netty.channel.ChannelManager - Adding key: http://127.0.0.1:4723 for channel [id: 0xd6ee6950, L:/127.0.0.1:56984 - R:/127.0.0.1:4723]
20:17:20.164 [Forwarding isElementEnabled on session fe2b2a62-dfa7-4e89-b276-d1dc099a9ea9 to remote] DEBUG org.asynchttpclient.netty.request.NettyRequestSender - Using pooled Channel '[id: 0xd6ee6950, L:/127.0.0.1:56984 - R:/127.0.0.1:4723]' for 'GET' to 'http://127.0.0.1:4723/wd/hub/session/fe2b2a62-dfa7-4e89-b276-d1dc099a9ea9/element/00000000-0000-023a-0000-002800000003/enabled'
20:17:20.164 [Forwarding isElementEnabled on session fe2b2a62-dfa7-4e89-b276-d1dc099a9ea9 to remote] DEBUG org.asynchttpclient.netty.request.NettyRequestSender - Using open Channel [id: 0xd6ee6950, L:/127.0.0.1:56984 - R:/127.0.0.1:4723] for GET '/wd/hub/session/fe2b2a62-dfa7-4e89-b276-d1dc099a9ea9/element/00000000-0000-023a-0000-002800000003/enabled'
20:17:20.174 [AsyncHttpClient-1-2] DEBUG org.asynchttpclient.netty.handler.HttpHandler - 

Request DefaultFullHttpRequest(decodeResult: success, version: HTTP/1.1, content: EmptyByteBufBE)
GET /wd/hub/session/fe2b2a62-dfa7-4e89-b276-d1dc099a9ea9/element/00000000-0000-023a-0000-002800000003/enabled HTTP/1.1
User-Agent: appium/8.3.0 (selenium/4.8.1 (java mac))
Cache-Control: no-cache
Content-Type: application/json; charset=utf-8
host: 127.0.0.1:4723
accept: */*

Response DefaultHttpResponse(decodeResult: success, version: HTTP/1.1)
HTTP/1.1 200 OK
X-Powered-By: Express
Content-Type: application/json; charset=utf-8
Content-Length: 14
ETag: W/"e-2ZHvAWebNQpyjGZTg6uyV8/spTo"
Date: Tue, 09 May 2023 13:17:20 GMT
Connection: keep-alive
Keep-Alive: timeout=600

20:17:20.175 [AsyncHttpClient-1-2] DEBUG org.asynchttpclient.netty.channel.ChannelManager - Adding key: http://127.0.0.1:4723 for channel [id: 0xd6ee6950, L:/127.0.0.1:56984 - R:/127.0.0.1:4723]
20:17:20.181 [Forwarding clickElement on session fe2b2a62-dfa7-4e89-b276-d1dc099a9ea9 to remote] DEBUG org.asynchttpclient.netty.request.NettyRequestSender - Using pooled Channel '[id: 0xd6ee6950, L:/127.0.0.1:56984 - R:/127.0.0.1:4723]' for 'POST' to 'http://127.0.0.1:4723/wd/hub/session/fe2b2a62-dfa7-4e89-b276-d1dc099a9ea9/element/00000000-0000-023a-0000-002800000003/click'
20:17:20.181 [Forwarding clickElement on session fe2b2a62-dfa7-4e89-b276-d1dc099a9ea9 to remote] DEBUG org.asynchttpclient.netty.request.NettyRequestSender - Using open Channel [id: 0xd6ee6950, L:/127.0.0.1:56984 - R:/127.0.0.1:4723] for POST '/wd/hub/session/fe2b2a62-dfa7-4e89-b276-d1dc099a9ea9/element/00000000-0000-023a-0000-002800000003/click'
20:17:21.155 [AsyncHttpClient-1-2] DEBUG org.asynchttpclient.netty.handler.HttpHandler - 

Request DefaultHttpRequest(decodeResult: success, version: HTTP/1.1)
POST /wd/hub/session/fe2b2a62-dfa7-4e89-b276-d1dc099a9ea9/element/00000000-0000-023a-0000-002800000003/click HTTP/1.1
User-Agent: appium/8.3.0 (selenium/4.8.1 (java mac))
Content-Length: 50
Content-Type: application/json; charset=utf-8
host: 127.0.0.1:4723
accept: */*

Response DefaultHttpResponse(decodeResult: success, version: HTTP/1.1)
HTTP/1.1 200 OK
X-Powered-By: Express
Vary: X-HTTP-Method-Override
Content-Type: application/json; charset=utf-8
Content-Length: 14
ETag: W/"e-9/1BuKMgFObM1mWJm+YjxtXJnUM"
Date: Tue, 09 May 2023 13:17:21 GMT
Connection: keep-alive
Keep-Alive: timeout=600

20:17:21.158 [AsyncHttpClient-1-2] DEBUG org.asynchttpclient.netty.channel.ChannelManager - Adding key: http://127.0.0.1:4723 for channel [id: 0xd6ee6950, L:/127.0.0.1:56984 - R:/127.0.0.1:4723]
20:17:21.162 [main] DEBUG net.thucydides.core.steps.StepInterceptor - STEP DONE: tapLoginButton
]]></system-out>
  </testcase>
  <testcase name="user cant login and see error message login1" classname="As a user i cant login because i input invalid email" time="0.089">
    <system-out><![CDATA[20:17:21.193 [main] DEBUG net.thucydides.core.steps.StepInterceptor - STARTING STEP: LoginSteps1.userSeeErrorMessage - getErrorMessage
20:17:21.193 [AsyncHttpClient-1-1] DEBUG org.asynchttpclient.netty.channel.DefaultChannelPool - Entry count for : http://127.0.0.1:4723 : 1
20:17:21.197 [Forwarding findElement on session fe2b2a62-dfa7-4e89-b276-d1dc099a9ea9 to remote] DEBUG org.asynchttpclient.netty.request.NettyRequestSender - Using pooled Channel '[id: 0xd6ee6950, L:/127.0.0.1:56984 - R:/127.0.0.1:4723]' for 'POST' to 'http://127.0.0.1:4723/wd/hub/session/fe2b2a62-dfa7-4e89-b276-d1dc099a9ea9/element'
20:17:21.197 [Forwarding findElement on session fe2b2a62-dfa7-4e89-b276-d1dc099a9ea9 to remote] DEBUG org.asynchttpclient.netty.request.NettyRequestSender - Using open Channel [id: 0xd6ee6950, L:/127.0.0.1:56984 - R:/127.0.0.1:4723] for POST '/wd/hub/session/fe2b2a62-dfa7-4e89-b276-d1dc099a9ea9/element'
20:17:21.237 [AsyncHttpClient-1-2] DEBUG org.asynchttpclient.netty.handler.HttpHandler - 

Request DefaultHttpRequest(decodeResult: success, version: HTTP/1.1)
POST /wd/hub/session/fe2b2a62-dfa7-4e89-b276-d1dc099a9ea9/element HTTP/1.1
User-Agent: appium/8.3.0 (selenium/4.8.1 (java mac))
Content-Length: 122
Content-Type: application/json; charset=utf-8
host: 127.0.0.1:4723
accept: */*

Response DefaultHttpResponse(decodeResult: success, version: HTTP/1.1)
HTTP/1.1 200 OK
X-Powered-By: Express
Vary: X-HTTP-Method-Override
Content-Type: application/json; charset=utf-8
Content-Length: 137
ETag: W/"89-/CMo+j3VQls0+2uDzcK/tuUE2jA"
Date: Tue, 09 May 2023 13:17:21 GMT
Connection: keep-alive
Keep-Alive: timeout=600

20:17:21.241 [AsyncHttpClient-1-2] DEBUG org.asynchttpclient.netty.channel.ChannelManager - Adding key: http://127.0.0.1:4723 for channel [id: 0xd6ee6950, L:/127.0.0.1:56984 - R:/127.0.0.1:4723]
20:17:21.244 [Forwarding isElementDisplayed on session fe2b2a62-dfa7-4e89-b276-d1dc099a9ea9 to remote] DEBUG org.asynchttpclient.netty.request.NettyRequestSender - Using pooled Channel '[id: 0xd6ee6950, L:/127.0.0.1:56984 - R:/127.0.0.1:4723]' for 'GET' to 'http://127.0.0.1:4723/wd/hub/session/fe2b2a62-dfa7-4e89-b276-d1dc099a9ea9/element/00000000-0000-023a-0000-002e00000003/displayed'
20:17:21.245 [Forwarding isElementDisplayed on session fe2b2a62-dfa7-4e89-b276-d1dc099a9ea9 to remote] DEBUG org.asynchttpclient.netty.request.NettyRequestSender - Using open Channel [id: 0xd6ee6950, L:/127.0.0.1:56984 - R:/127.0.0.1:4723] for GET '/wd/hub/session/fe2b2a62-dfa7-4e89-b276-d1dc099a9ea9/element/00000000-0000-023a-0000-002e00000003/displayed'
20:17:21.255 [AsyncHttpClient-1-2] DEBUG org.asynchttpclient.netty.handler.HttpHandler - 

Request DefaultFullHttpRequest(decodeResult: success, version: HTTP/1.1, content: EmptyByteBufBE)
GET /wd/hub/session/fe2b2a62-dfa7-4e89-b276-d1dc099a9ea9/element/00000000-0000-023a-0000-002e00000003/displayed HTTP/1.1
User-Agent: appium/8.3.0 (selenium/4.8.1 (java mac))
Cache-Control: no-cache
Content-Type: application/json; charset=utf-8
host: 127.0.0.1:4723
accept: */*

Response DefaultHttpResponse(decodeResult: success, version: HTTP/1.1)
HTTP/1.1 200 OK
X-Powered-By: Express
Content-Type: application/json; charset=utf-8
Content-Length: 14
ETag: W/"e-2ZHvAWebNQpyjGZTg6uyV8/spTo"
Date: Tue, 09 May 2023 13:17:21 GMT
Connection: keep-alive
Keep-Alive: timeout=600

20:17:21.256 [AsyncHttpClient-1-2] DEBUG org.asynchttpclient.netty.channel.ChannelManager - Adding key: http://127.0.0.1:4723 for channel [id: 0xd6ee6950, L:/127.0.0.1:56984 - R:/127.0.0.1:4723]
20:17:21.259 [main] DEBUG net.thucydides.core.steps.StepInterceptor - STEP DONE: getErrorMessage
]]></system-out>
  </testcase>
  <testcase name="user on home page2" classname="As a user i cant login because i input invalid password" time="6.073">
    <system-out><![CDATA[20:17:21.263 [main] INFO  - 
  _____   ___   ___   _____     ___     _     ___   ___   ___   ___  
 |_   _| | __| / __| |_   _|   | _ \   /_\   / __| / __| | __| |   \ 
   | |   | _|  \__ \   | |     |  _/  / _ \  \__ \ \__ \ | _|  | |) |
   |_|   |___| |___/   |_|     |_|   /_/ \_\ |___/ |___/ |___| |___/ 

As a user i cant login because i input invalid email
----------------------------------------------------------------------
20:17:21.294 [main] DEBUG io.cucumber.core.plugin.SerenityReporter - Running feature from file:///Users/masgilang/Downloads/test-automation-MinProMobile/src/test/resources/features/Login.feature
20:17:21.299 [main] INFO  - 
  _____   ___   ___   _____     ___   _____     _     ___   _____   ___   ___  
 |_   _| | __| / __| |_   _|   / __| |_   _|   /_\   | _ \ |_   _| | __| |   \ 
   | |   | _|  \__ \   | |     \__ \   | |    / _ \  |   /   | |   | _|  | |) |
   |_|   |___| |___/   |_|     |___/   |_|   /_/ \_\ |_|_\   |_|   |___| |___/ 

As a user i cant login because i input invalid password(as-a-user-i-have-be-able-to-login-so-that-i-can-see-home-screen;as-a-user-i-cant-login-because-i-input-invalid-password)
--------------------------------------------------------------------------------
20:17:21.344 [main] DEBUG net.thucydides.core.steps.StepInterceptor - STARTING STEP: LoginSteps2.userOnHomePage - onHomePage
20:17:21.361 [Forwarding newSession on session null to remote] DEBUG org.asynchttpclient.netty.request.NettyRequestSender - Using pooled Channel '[id: 0xd6ee6950, L:/127.0.0.1:56984 - R:/127.0.0.1:4723]' for 'POST' to 'http://127.0.0.1:4723/wd/hub/session'
20:17:21.361 [Forwarding newSession on session null to remote] DEBUG org.asynchttpclient.netty.request.NettyRequestSender - Using open Channel [id: 0xd6ee6950, L:/127.0.0.1:56984 - R:/127.0.0.1:4723] for POST '/wd/hub/session'
20:17:26.375 [AsyncHttpClient-1-2] DEBUG org.asynchttpclient.netty.handler.HttpHandler - 

Request DefaultHttpRequest(decodeResult: success, version: HTTP/1.1)
POST /wd/hub/session HTTP/1.1
X-Idempotency-Key: 417f3956-20dc-4c3c-acb9-b48ec52087ff
User-Agent: appium/8.3.0 (selenium/4.8.1 (java mac))
Content-Length: 423
Content-Type: application/json; charset=utf-8
host: 127.0.0.1:4723
accept: */*

Response DefaultHttpResponse(decodeResult: success, version: HTTP/1.1)
HTTP/1.1 200 OK
X-Powered-By: Express
Vary: X-HTTP-Method-Override
Content-Type: application/json; charset=utf-8
Content-Length: 1038
ETag: W/"40e-m5kJKHsl+QH9iMNbnwECiF+ipAE"
Date: Tue, 09 May 2023 13:17:26 GMT
Connection: keep-alive
Keep-Alive: timeout=600

20:17:26.381 [AsyncHttpClient-1-2] DEBUG org.asynchttpclient.netty.channel.ChannelManager - Adding key: http://127.0.0.1:4723 for channel [id: 0xd6ee6950, L:/127.0.0.1:56984 - R:/127.0.0.1:4723]
20:17:26.411 [Forwarding setTimeout on session 4c9da8aa-588f-49d4-9582-1a562e3de3d6 to remote] DEBUG org.asynchttpclient.netty.request.NettyRequestSender - Using pooled Channel '[id: 0xd6ee6950, L:/127.0.0.1:56984 - R:/127.0.0.1:4723]' for 'POST' to 'http://127.0.0.1:4723/wd/hub/session/4c9da8aa-588f-49d4-9582-1a562e3de3d6/timeouts'
20:17:26.412 [Forwarding setTimeout on session 4c9da8aa-588f-49d4-9582-1a562e3de3d6 to remote] DEBUG org.asynchttpclient.netty.request.NettyRequestSender - Using open Channel [id: 0xd6ee6950, L:/127.0.0.1:56984 - R:/127.0.0.1:4723] for POST '/wd/hub/session/4c9da8aa-588f-49d4-9582-1a562e3de3d6/timeouts'
20:17:26.425 [AsyncHttpClient-1-2] DEBUG org.asynchttpclient.netty.handler.HttpHandler - 

Request DefaultHttpRequest(decodeResult: success, version: HTTP/1.1)
POST /wd/hub/session/4c9da8aa-588f-49d4-9582-1a562e3de3d6/timeouts HTTP/1.1
User-Agent: appium/8.3.0 (selenium/4.8.1 (java mac))
Content-Length: 23
Content-Type: application/json; charset=utf-8
host: 127.0.0.1:4723
accept: */*

Response DefaultHttpResponse(decodeResult: success, version: HTTP/1.1)
HTTP/1.1 200 OK
X-Powered-By: Express
Vary: X-HTTP-Method-Override
Content-Type: application/json; charset=utf-8
Content-Length: 14
ETag: W/"e-9/1BuKMgFObM1mWJm+YjxtXJnUM"
Date: Tue, 09 May 2023 13:17:26 GMT
Connection: keep-alive
Keep-Alive: timeout=600

20:17:26.426 [AsyncHttpClient-1-2] DEBUG org.asynchttpclient.netty.channel.ChannelManager - Adding key: http://127.0.0.1:4723 for channel [id: 0xd6ee6950, L:/127.0.0.1:56984 - R:/127.0.0.1:4723]
20:17:26.429 [Forwarding findElement on session 4c9da8aa-588f-49d4-9582-1a562e3de3d6 to remote] DEBUG org.asynchttpclient.netty.request.NettyRequestSender - Using pooled Channel '[id: 0xd6ee6950, L:/127.0.0.1:56984 - R:/127.0.0.1:4723]' for 'POST' to 'http://127.0.0.1:4723/wd/hub/session/4c9da8aa-588f-49d4-9582-1a562e3de3d6/element'
20:17:26.430 [Forwarding findElement on session 4c9da8aa-588f-49d4-9582-1a562e3de3d6 to remote] DEBUG org.asynchttpclient.netty.request.NettyRequestSender - Using open Channel [id: 0xd6ee6950, L:/127.0.0.1:56984 - R:/127.0.0.1:4723] for POST '/wd/hub/session/4c9da8aa-588f-49d4-9582-1a562e3de3d6/element'
20:17:27.346 [AsyncHttpClient-1-2] DEBUG org.asynchttpclient.netty.handler.HttpHandler - 

Request DefaultHttpRequest(decodeResult: success, version: HTTP/1.1)
POST /wd/hub/session/4c9da8aa-588f-49d4-9582-1a562e3de3d6/element HTTP/1.1
User-Agent: appium/8.3.0 (selenium/4.8.1 (java mac))
Content-Length: 330
Content-Type: application/json; charset=utf-8
host: 127.0.0.1:4723
accept: */*

Response DefaultHttpResponse(decodeResult: success, version: HTTP/1.1)
HTTP/1.1 200 OK
X-Powered-By: Express
Vary: X-HTTP-Method-Override
Content-Type: application/json; charset=utf-8
Content-Length: 137
ETag: W/"89-BFeo+ZQ4q1Xo5ayl9+kSaW2pWCU"
Date: Tue, 09 May 2023 13:17:27 GMT
Connection: keep-alive
Keep-Alive: timeout=600

20:17:27.347 [AsyncHttpClient-1-2] DEBUG org.asynchttpclient.netty.channel.ChannelManager - Adding key: http://127.0.0.1:4723 for channel [id: 0xd6ee6950, L:/127.0.0.1:56984 - R:/127.0.0.1:4723]
20:17:27.350 [Forwarding isElementDisplayed on session 4c9da8aa-588f-49d4-9582-1a562e3de3d6 to remote] DEBUG org.asynchttpclient.netty.request.NettyRequestSender - Using pooled Channel '[id: 0xd6ee6950, L:/127.0.0.1:56984 - R:/127.0.0.1:4723]' for 'GET' to 'http://127.0.0.1:4723/wd/hub/session/4c9da8aa-588f-49d4-9582-1a562e3de3d6/element/00000000-0000-0244-0000-000700000003/displayed'
20:17:27.350 [Forwarding isElementDisplayed on session 4c9da8aa-588f-49d4-9582-1a562e3de3d6 to remote] DEBUG org.asynchttpclient.netty.request.NettyRequestSender - Using open Channel [id: 0xd6ee6950, L:/127.0.0.1:56984 - R:/127.0.0.1:4723] for GET '/wd/hub/session/4c9da8aa-588f-49d4-9582-1a562e3de3d6/element/00000000-0000-0244-0000-000700000003/displayed'
20:17:27.359 [AsyncHttpClient-1-2] DEBUG org.asynchttpclient.netty.handler.HttpHandler - 

Request DefaultFullHttpRequest(decodeResult: success, version: HTTP/1.1, content: EmptyByteBufBE)
GET /wd/hub/session/4c9da8aa-588f-49d4-9582-1a562e3de3d6/element/00000000-0000-0244-0000-000700000003/displayed HTTP/1.1
User-Agent: appium/8.3.0 (selenium/4.8.1 (java mac))
Cache-Control: no-cache
Content-Type: application/json; charset=utf-8
host: 127.0.0.1:4723
accept: */*

Response DefaultHttpResponse(decodeResult: success, version: HTTP/1.1)
HTTP/1.1 200 OK
X-Powered-By: Express
Content-Type: application/json; charset=utf-8
Content-Length: 14
ETag: W/"e-2ZHvAWebNQpyjGZTg6uyV8/spTo"
Date: Tue, 09 May 2023 13:17:27 GMT
Connection: keep-alive
Keep-Alive: timeout=600

20:17:27.360 [AsyncHttpClient-1-2] DEBUG org.asynchttpclient.netty.channel.ChannelManager - Adding key: http://127.0.0.1:4723 for channel [id: 0xd6ee6950, L:/127.0.0.1:56984 - R:/127.0.0.1:4723]
20:17:27.362 [Forwarding isElementDisplayed on session 4c9da8aa-588f-49d4-9582-1a562e3de3d6 to remote] DEBUG org.asynchttpclient.netty.request.NettyRequestSender - Using pooled Channel '[id: 0xd6ee6950, L:/127.0.0.1:56984 - R:/127.0.0.1:4723]' for 'GET' to 'http://127.0.0.1:4723/wd/hub/session/4c9da8aa-588f-49d4-9582-1a562e3de3d6/element/00000000-0000-0244-0000-000700000003/displayed'
20:17:27.363 [Forwarding isElementDisplayed on session 4c9da8aa-588f-49d4-9582-1a562e3de3d6 to remote] DEBUG org.asynchttpclient.netty.request.NettyRequestSender - Using open Channel [id: 0xd6ee6950, L:/127.0.0.1:56984 - R:/127.0.0.1:4723] for GET '/wd/hub/session/4c9da8aa-588f-49d4-9582-1a562e3de3d6/element/00000000-0000-0244-0000-000700000003/displayed'
20:17:27.370 [AsyncHttpClient-1-2] DEBUG org.asynchttpclient.netty.handler.HttpHandler - 

Request DefaultFullHttpRequest(decodeResult: success, version: HTTP/1.1, content: EmptyByteBufBE)
GET /wd/hub/session/4c9da8aa-588f-49d4-9582-1a562e3de3d6/element/00000000-0000-0244-0000-000700000003/displayed HTTP/1.1
User-Agent: appium/8.3.0 (selenium/4.8.1 (java mac))
Cache-Control: no-cache
Content-Type: application/json; charset=utf-8
host: 127.0.0.1:4723
accept: */*

Response DefaultHttpResponse(decodeResult: success, version: HTTP/1.1)
HTTP/1.1 200 OK
X-Powered-By: Express
Content-Type: application/json; charset=utf-8
Content-Length: 14
ETag: W/"e-2ZHvAWebNQpyjGZTg6uyV8/spTo"
Date: Tue, 09 May 2023 13:17:27 GMT
Connection: keep-alive
Keep-Alive: timeout=600

20:17:27.371 [AsyncHttpClient-1-2] DEBUG org.asynchttpclient.netty.channel.ChannelManager - Adding key: http://127.0.0.1:4723 for channel [id: 0xd6ee6950, L:/127.0.0.1:56984 - R:/127.0.0.1:4723]
20:17:27.374 [main] DEBUG net.thucydides.core.steps.StepInterceptor - STEP DONE: onHomePage
]]></system-out>
  </testcase>
  <testcase name="user click account info2" classname="As a user i cant login because i input invalid password" time="0.969">
    <system-out><![CDATA[20:17:27.420 [main] DEBUG net.thucydides.core.steps.StepInterceptor - STARTING STEP: LoginSteps2.userClikAccount - clickAccount
20:17:27.429 [Forwarding findElement on session 4c9da8aa-588f-49d4-9582-1a562e3de3d6 to remote] DEBUG org.asynchttpclient.netty.request.NettyRequestSender - Using pooled Channel '[id: 0xd6ee6950, L:/127.0.0.1:56984 - R:/127.0.0.1:4723]' for 'POST' to 'http://127.0.0.1:4723/wd/hub/session/4c9da8aa-588f-49d4-9582-1a562e3de3d6/element'
20:17:27.429 [Forwarding findElement on session 4c9da8aa-588f-49d4-9582-1a562e3de3d6 to remote] DEBUG org.asynchttpclient.netty.request.NettyRequestSender - Using open Channel [id: 0xd6ee6950, L:/127.0.0.1:56984 - R:/127.0.0.1:4723] for POST '/wd/hub/session/4c9da8aa-588f-49d4-9582-1a562e3de3d6/element'
20:17:27.458 [AsyncHttpClient-1-2] DEBUG org.asynchttpclient.netty.handler.HttpHandler - 

Request DefaultHttpRequest(decodeResult: success, version: HTTP/1.1)
POST /wd/hub/session/4c9da8aa-588f-49d4-9582-1a562e3de3d6/element HTTP/1.1
User-Agent: appium/8.3.0 (selenium/4.8.1 (java mac))
Content-Length: 330
Content-Type: application/json; charset=utf-8
host: 127.0.0.1:4723
accept: */*

Response DefaultHttpResponse(decodeResult: success, version: HTTP/1.1)
HTTP/1.1 200 OK
X-Powered-By: Express
Vary: X-HTTP-Method-Override
Content-Type: application/json; charset=utf-8
Content-Length: 137
ETag: W/"89-BFeo+ZQ4q1Xo5ayl9+kSaW2pWCU"
Date: Tue, 09 May 2023 13:17:27 GMT
Connection: keep-alive
Keep-Alive: timeout=600

20:17:27.460 [AsyncHttpClient-1-2] DEBUG org.asynchttpclient.netty.channel.ChannelManager - Adding key: http://127.0.0.1:4723 for channel [id: 0xd6ee6950, L:/127.0.0.1:56984 - R:/127.0.0.1:4723]
20:17:27.469 [Forwarding isElementDisplayed on session 4c9da8aa-588f-49d4-9582-1a562e3de3d6 to remote] DEBUG org.asynchttpclient.netty.request.NettyRequestSender - Using pooled Channel '[id: 0xd6ee6950, L:/127.0.0.1:56984 - R:/127.0.0.1:4723]' for 'GET' to 'http://127.0.0.1:4723/wd/hub/session/4c9da8aa-588f-49d4-9582-1a562e3de3d6/element/00000000-0000-0244-0000-000700000003/displayed'
20:17:27.469 [Forwarding isElementDisplayed on session 4c9da8aa-588f-49d4-9582-1a562e3de3d6 to remote] DEBUG org.asynchttpclient.netty.request.NettyRequestSender - Using open Channel [id: 0xd6ee6950, L:/127.0.0.1:56984 - R:/127.0.0.1:4723] for GET '/wd/hub/session/4c9da8aa-588f-49d4-9582-1a562e3de3d6/element/00000000-0000-0244-0000-000700000003/displayed'
20:17:27.484 [AsyncHttpClient-1-2] DEBUG org.asynchttpclient.netty.handler.HttpHandler - 

Request DefaultFullHttpRequest(decodeResult: success, version: HTTP/1.1, content: EmptyByteBufBE)
GET /wd/hub/session/4c9da8aa-588f-49d4-9582-1a562e3de3d6/element/00000000-0000-0244-0000-000700000003/displayed HTTP/1.1
User-Agent: appium/8.3.0 (selenium/4.8.1 (java mac))
Cache-Control: no-cache
Content-Type: application/json; charset=utf-8
host: 127.0.0.1:4723
accept: */*

Response DefaultHttpResponse(decodeResult: success, version: HTTP/1.1)
HTTP/1.1 200 OK
X-Powered-By: Express
Content-Type: application/json; charset=utf-8
Content-Length: 14
ETag: W/"e-2ZHvAWebNQpyjGZTg6uyV8/spTo"
Date: Tue, 09 May 2023 13:17:27 GMT
Connection: keep-alive
Keep-Alive: timeout=600

20:17:27.486 [AsyncHttpClient-1-2] DEBUG org.asynchttpclient.netty.channel.ChannelManager - Adding key: http://127.0.0.1:4723 for channel [id: 0xd6ee6950, L:/127.0.0.1:56984 - R:/127.0.0.1:4723]
20:17:27.492 [Forwarding isElementEnabled on session 4c9da8aa-588f-49d4-9582-1a562e3de3d6 to remote] DEBUG org.asynchttpclient.netty.request.NettyRequestSender - Using pooled Channel '[id: 0xd6ee6950, L:/127.0.0.1:56984 - R:/127.0.0.1:4723]' for 'GET' to 'http://127.0.0.1:4723/wd/hub/session/4c9da8aa-588f-49d4-9582-1a562e3de3d6/element/00000000-0000-0244-0000-000700000003/enabled'
20:17:27.493 [Forwarding isElementEnabled on session 4c9da8aa-588f-49d4-9582-1a562e3de3d6 to remote] DEBUG org.asynchttpclient.netty.request.NettyRequestSender - Using open Channel [id: 0xd6ee6950, L:/127.0.0.1:56984 - R:/127.0.0.1:4723] for GET '/wd/hub/session/4c9da8aa-588f-49d4-9582-1a562e3de3d6/element/00000000-0000-0244-0000-000700000003/enabled'
20:17:27.503 [AsyncHttpClient-1-2] DEBUG org.asynchttpclient.netty.handler.HttpHandler - 

Request DefaultFullHttpRequest(decodeResult: success, version: HTTP/1.1, content: EmptyByteBufBE)
GET /wd/hub/session/4c9da8aa-588f-49d4-9582-1a562e3de3d6/element/00000000-0000-0244-0000-000700000003/enabled HTTP/1.1
User-Agent: appium/8.3.0 (selenium/4.8.1 (java mac))
Cache-Control: no-cache
Content-Type: application/json; charset=utf-8
host: 127.0.0.1:4723
accept: */*

Response DefaultHttpResponse(decodeResult: success, version: HTTP/1.1)
HTTP/1.1 200 OK
X-Powered-By: Express
Content-Type: application/json; charset=utf-8
Content-Length: 14
ETag: W/"e-2ZHvAWebNQpyjGZTg6uyV8/spTo"
Date: Tue, 09 May 2023 13:17:27 GMT
Connection: keep-alive
Keep-Alive: timeout=600

20:17:27.504 [AsyncHttpClient-1-2] DEBUG org.asynchttpclient.netty.channel.ChannelManager - Adding key: http://127.0.0.1:4723 for channel [id: 0xd6ee6950, L:/127.0.0.1:56984 - R:/127.0.0.1:4723]
20:17:27.508 [Forwarding clickElement on session 4c9da8aa-588f-49d4-9582-1a562e3de3d6 to remote] DEBUG org.asynchttpclient.netty.request.NettyRequestSender - Using pooled Channel '[id: 0xd6ee6950, L:/127.0.0.1:56984 - R:/127.0.0.1:4723]' for 'POST' to 'http://127.0.0.1:4723/wd/hub/session/4c9da8aa-588f-49d4-9582-1a562e3de3d6/element/00000000-0000-0244-0000-000700000003/click'
20:17:27.509 [Forwarding clickElement on session 4c9da8aa-588f-49d4-9582-1a562e3de3d6 to remote] DEBUG org.asynchttpclient.netty.request.NettyRequestSender - Using open Channel [id: 0xd6ee6950, L:/127.0.0.1:56984 - R:/127.0.0.1:4723] for POST '/wd/hub/session/4c9da8aa-588f-49d4-9582-1a562e3de3d6/element/00000000-0000-0244-0000-000700000003/click'
20:17:28.359 [AsyncHttpClient-1-2] DEBUG org.asynchttpclient.netty.handler.HttpHandler - 

Request DefaultHttpRequest(decodeResult: success, version: HTTP/1.1)
POST /wd/hub/session/4c9da8aa-588f-49d4-9582-1a562e3de3d6/element/00000000-0000-0244-0000-000700000003/click HTTP/1.1
User-Agent: appium/8.3.0 (selenium/4.8.1 (java mac))
Content-Length: 50
Content-Type: application/json; charset=utf-8
host: 127.0.0.1:4723
accept: */*

Response DefaultHttpResponse(decodeResult: success, version: HTTP/1.1)
HTTP/1.1 200 OK
X-Powered-By: Express
Vary: X-HTTP-Method-Override
Content-Type: application/json; charset=utf-8
Content-Length: 14
ETag: W/"e-9/1BuKMgFObM1mWJm+YjxtXJnUM"
Date: Tue, 09 May 2023 13:17:28 GMT
Connection: keep-alive
Keep-Alive: timeout=600

20:17:28.360 [AsyncHttpClient-1-2] DEBUG org.asynchttpclient.netty.channel.ChannelManager - Adding key: http://127.0.0.1:4723 for channel [id: 0xd6ee6950, L:/127.0.0.1:56984 - R:/127.0.0.1:4723]
20:17:28.370 [main] DEBUG net.thucydides.core.steps.StepInterceptor - STEP DONE: clickAccount
]]></system-out>
  </testcase>
  <testcase name="user input valid email2" classname="As a user i cant login because i input invalid password" time="0.91">
    <system-out><![CDATA[20:17:28.407 [main] DEBUG net.thucydides.core.steps.StepInterceptor - STARTING STEP: LoginSteps2.userInputvalidEmail - clickTypeEmail
20:17:28.410 [Forwarding findElement on session 4c9da8aa-588f-49d4-9582-1a562e3de3d6 to remote] DEBUG org.asynchttpclient.netty.request.NettyRequestSender - Using pooled Channel '[id: 0xd6ee6950, L:/127.0.0.1:56984 - R:/127.0.0.1:4723]' for 'POST' to 'http://127.0.0.1:4723/wd/hub/session/4c9da8aa-588f-49d4-9582-1a562e3de3d6/element'
20:17:28.411 [Forwarding findElement on session 4c9da8aa-588f-49d4-9582-1a562e3de3d6 to remote] DEBUG org.asynchttpclient.netty.request.NettyRequestSender - Using open Channel [id: 0xd6ee6950, L:/127.0.0.1:56984 - R:/127.0.0.1:4723] for POST '/wd/hub/session/4c9da8aa-588f-49d4-9582-1a562e3de3d6/element'
20:17:28.455 [AsyncHttpClient-1-2] DEBUG org.asynchttpclient.netty.handler.HttpHandler - 

Request DefaultHttpRequest(decodeResult: success, version: HTTP/1.1)
POST /wd/hub/session/4c9da8aa-588f-49d4-9582-1a562e3de3d6/element HTTP/1.1
User-Agent: appium/8.3.0 (selenium/4.8.1 (java mac))
Content-Length: 305
Content-Type: application/json; charset=utf-8
host: 127.0.0.1:4723
accept: */*

Response DefaultHttpResponse(decodeResult: success, version: HTTP/1.1)
HTTP/1.1 200 OK
X-Powered-By: Express
Vary: X-HTTP-Method-Override
Content-Type: application/json; charset=utf-8
Content-Length: 137
ETag: W/"89-EX0zLOPLOznF78eLVAFQ0Tidiuw"
Date: Tue, 09 May 2023 13:17:28 GMT
Connection: keep-alive
Keep-Alive: timeout=600

20:17:28.455 [AsyncHttpClient-1-2] DEBUG org.asynchttpclient.netty.channel.ChannelManager - Adding key: http://127.0.0.1:4723 for channel [id: 0xd6ee6950, L:/127.0.0.1:56984 - R:/127.0.0.1:4723]
20:17:28.458 [Forwarding isElementDisplayed on session 4c9da8aa-588f-49d4-9582-1a562e3de3d6 to remote] DEBUG org.asynchttpclient.netty.request.NettyRequestSender - Using pooled Channel '[id: 0xd6ee6950, L:/127.0.0.1:56984 - R:/127.0.0.1:4723]' for 'GET' to 'http://127.0.0.1:4723/wd/hub/session/4c9da8aa-588f-49d4-9582-1a562e3de3d6/element/00000000-0000-0244-0000-002600000003/displayed'
20:17:28.458 [Forwarding isElementDisplayed on session 4c9da8aa-588f-49d4-9582-1a562e3de3d6 to remote] DEBUG org.asynchttpclient.netty.request.NettyRequestSender - Using open Channel [id: 0xd6ee6950, L:/127.0.0.1:56984 - R:/127.0.0.1:4723] for GET '/wd/hub/session/4c9da8aa-588f-49d4-9582-1a562e3de3d6/element/00000000-0000-0244-0000-002600000003/displayed'
20:17:28.469 [AsyncHttpClient-1-2] DEBUG org.asynchttpclient.netty.handler.HttpHandler - 

Request DefaultFullHttpRequest(decodeResult: success, version: HTTP/1.1, content: EmptyByteBufBE)
GET /wd/hub/session/4c9da8aa-588f-49d4-9582-1a562e3de3d6/element/00000000-0000-0244-0000-002600000003/displayed HTTP/1.1
User-Agent: appium/8.3.0 (selenium/4.8.1 (java mac))
Cache-Control: no-cache
Content-Type: application/json; charset=utf-8
host: 127.0.0.1:4723
accept: */*

Response DefaultHttpResponse(decodeResult: success, version: HTTP/1.1)
HTTP/1.1 200 OK
X-Powered-By: Express
Content-Type: application/json; charset=utf-8
Content-Length: 14
ETag: W/"e-2ZHvAWebNQpyjGZTg6uyV8/spTo"
Date: Tue, 09 May 2023 13:17:28 GMT
Connection: keep-alive
Keep-Alive: timeout=600

20:17:28.472 [AsyncHttpClient-1-2] DEBUG org.asynchttpclient.netty.channel.ChannelManager - Adding key: http://127.0.0.1:4723 for channel [id: 0xd6ee6950, L:/127.0.0.1:56984 - R:/127.0.0.1:4723]
20:17:28.480 [Forwarding isElementEnabled on session 4c9da8aa-588f-49d4-9582-1a562e3de3d6 to remote] DEBUG org.asynchttpclient.netty.request.NettyRequestSender - Using pooled Channel '[id: 0xd6ee6950, L:/127.0.0.1:56984 - R:/127.0.0.1:4723]' for 'GET' to 'http://127.0.0.1:4723/wd/hub/session/4c9da8aa-588f-49d4-9582-1a562e3de3d6/element/00000000-0000-0244-0000-002600000003/enabled'
20:17:28.481 [Forwarding isElementEnabled on session 4c9da8aa-588f-49d4-9582-1a562e3de3d6 to remote] DEBUG org.asynchttpclient.netty.request.NettyRequestSender - Using open Channel [id: 0xd6ee6950, L:/127.0.0.1:56984 - R:/127.0.0.1:4723] for GET '/wd/hub/session/4c9da8aa-588f-49d4-9582-1a562e3de3d6/element/00000000-0000-0244-0000-002600000003/enabled'
20:17:28.492 [AsyncHttpClient-1-2] DEBUG org.asynchttpclient.netty.handler.HttpHandler - 

Request DefaultFullHttpRequest(decodeResult: success, version: HTTP/1.1, content: EmptyByteBufBE)
GET /wd/hub/session/4c9da8aa-588f-49d4-9582-1a562e3de3d6/element/00000000-0000-0244-0000-002600000003/enabled HTTP/1.1
User-Agent: appium/8.3.0 (selenium/4.8.1 (java mac))
Cache-Control: no-cache
Content-Type: application/json; charset=utf-8
host: 127.0.0.1:4723
accept: */*

Response DefaultHttpResponse(decodeResult: success, version: HTTP/1.1)
HTTP/1.1 200 OK
X-Powered-By: Express
Content-Type: application/json; charset=utf-8
Content-Length: 14
ETag: W/"e-2ZHvAWebNQpyjGZTg6uyV8/spTo"
Date: Tue, 09 May 2023 13:17:28 GMT
Connection: keep-alive
Keep-Alive: timeout=600

20:17:28.493 [AsyncHttpClient-1-2] DEBUG org.asynchttpclient.netty.channel.ChannelManager - Adding key: http://127.0.0.1:4723 for channel [id: 0xd6ee6950, L:/127.0.0.1:56984 - R:/127.0.0.1:4723]
20:17:28.495 [Forwarding clickElement on session 4c9da8aa-588f-49d4-9582-1a562e3de3d6 to remote] DEBUG org.asynchttpclient.netty.request.NettyRequestSender - Using pooled Channel '[id: 0xd6ee6950, L:/127.0.0.1:56984 - R:/127.0.0.1:4723]' for 'POST' to 'http://127.0.0.1:4723/wd/hub/session/4c9da8aa-588f-49d4-9582-1a562e3de3d6/element/00000000-0000-0244-0000-002600000003/click'
20:17:28.495 [Forwarding clickElement on session 4c9da8aa-588f-49d4-9582-1a562e3de3d6 to remote] DEBUG org.asynchttpclient.netty.request.NettyRequestSender - Using open Channel [id: 0xd6ee6950, L:/127.0.0.1:56984 - R:/127.0.0.1:4723] for POST '/wd/hub/session/4c9da8aa-588f-49d4-9582-1a562e3de3d6/element/00000000-0000-0244-0000-002600000003/click'
20:17:28.556 [AsyncHttpClient-1-2] DEBUG org.asynchttpclient.netty.handler.HttpHandler - 

Request DefaultHttpRequest(decodeResult: success, version: HTTP/1.1)
POST /wd/hub/session/4c9da8aa-588f-49d4-9582-1a562e3de3d6/element/00000000-0000-0244-0000-002600000003/click HTTP/1.1
User-Agent: appium/8.3.0 (selenium/4.8.1 (java mac))
Content-Length: 50
Content-Type: application/json; charset=utf-8
host: 127.0.0.1:4723
accept: */*

Response DefaultHttpResponse(decodeResult: success, version: HTTP/1.1)
HTTP/1.1 200 OK
X-Powered-By: Express
Vary: X-HTTP-Method-Override
Content-Type: application/json; charset=utf-8
Content-Length: 14
ETag: W/"e-9/1BuKMgFObM1mWJm+YjxtXJnUM"
Date: Tue, 09 May 2023 13:17:28 GMT
Connection: keep-alive
Keep-Alive: timeout=600

20:17:28.556 [AsyncHttpClient-1-2] DEBUG org.asynchttpclient.netty.channel.ChannelManager - Adding key: http://127.0.0.1:4723 for channel [id: 0xd6ee6950, L:/127.0.0.1:56984 - R:/127.0.0.1:4723]
20:17:28.560 [main] DEBUG net.thucydides.core.steps.StepInterceptor - STEP DONE: clickTypeEmail
20:17:28.574 [main] DEBUG net.thucydides.core.steps.StepInterceptor - STARTING STEP: LoginSteps2.userInputvalidEmail - inputEmail
20:17:28.584 [Forwarding findElement on session 4c9da8aa-588f-49d4-9582-1a562e3de3d6 to remote] DEBUG org.asynchttpclient.netty.request.NettyRequestSender - Using pooled Channel '[id: 0xd6ee6950, L:/127.0.0.1:56984 - R:/127.0.0.1:4723]' for 'POST' to 'http://127.0.0.1:4723/wd/hub/session/4c9da8aa-588f-49d4-9582-1a562e3de3d6/element'
20:17:28.584 [Forwarding findElement on session 4c9da8aa-588f-49d4-9582-1a562e3de3d6 to remote] DEBUG org.asynchttpclient.netty.request.NettyRequestSender - Using open Channel [id: 0xd6ee6950, L:/127.0.0.1:56984 - R:/127.0.0.1:4723] for POST '/wd/hub/session/4c9da8aa-588f-49d4-9582-1a562e3de3d6/element'
20:17:29.256 [AsyncHttpClient-1-2] DEBUG org.asynchttpclient.netty.handler.HttpHandler - 

Request DefaultHttpRequest(decodeResult: success, version: HTTP/1.1)
POST /wd/hub/session/4c9da8aa-588f-49d4-9582-1a562e3de3d6/element HTTP/1.1
User-Agent: appium/8.3.0 (selenium/4.8.1 (java mac))
Content-Length: 305
Content-Type: application/json; charset=utf-8
host: 127.0.0.1:4723
accept: */*

Response DefaultHttpResponse(decodeResult: success, version: HTTP/1.1)
HTTP/1.1 200 OK
X-Powered-By: Express
Vary: X-HTTP-Method-Override
Content-Type: application/json; charset=utf-8
Content-Length: 137
ETag: W/"89-EX0zLOPLOznF78eLVAFQ0Tidiuw"
Date: Tue, 09 May 2023 13:17:29 GMT
Connection: keep-alive
Keep-Alive: timeout=600

20:17:29.256 [AsyncHttpClient-1-2] DEBUG org.asynchttpclient.netty.channel.ChannelManager - Adding key: http://127.0.0.1:4723 for channel [id: 0xd6ee6950, L:/127.0.0.1:56984 - R:/127.0.0.1:4723]
20:17:29.266 [Forwarding sendKeysToElement on session 4c9da8aa-588f-49d4-9582-1a562e3de3d6 to remote] DEBUG org.asynchttpclient.netty.request.NettyRequestSender - Using pooled Channel '[id: 0xd6ee6950, L:/127.0.0.1:56984 - R:/127.0.0.1:4723]' for 'POST' to 'http://127.0.0.1:4723/wd/hub/session/4c9da8aa-588f-49d4-9582-1a562e3de3d6/element/00000000-0000-0244-0000-002600000003/value'
20:17:29.266 [Forwarding sendKeysToElement on session 4c9da8aa-588f-49d4-9582-1a562e3de3d6 to remote] DEBUG org.asynchttpclient.netty.request.NettyRequestSender - Using open Channel [id: 0xd6ee6950, L:/127.0.0.1:56984 - R:/127.0.0.1:4723] for POST '/wd/hub/session/4c9da8aa-588f-49d4-9582-1a562e3de3d6/element/00000000-0000-0244-0000-002600000003/value'
20:17:29.296 [AsyncHttpClient-1-2] DEBUG org.asynchttpclient.netty.handler.HttpHandler - 

Request DefaultHttpRequest(decodeResult: success, version: HTTP/1.1)
POST /wd/hub/session/4c9da8aa-588f-49d4-9582-1a562e3de3d6/element/00000000-0000-0244-0000-002600000003/value HTTP/1.1
User-Agent: appium/8.3.0 (selenium/4.8.1 (java mac))
Content-Length: 241
Content-Type: application/json; charset=utf-8
host: 127.0.0.1:4723
accept: */*

Response DefaultHttpResponse(decodeResult: success, version: HTTP/1.1)
HTTP/1.1 200 OK
X-Powered-By: Express
Vary: X-HTTP-Method-Override
Content-Type: application/json; charset=utf-8
Content-Length: 14
ETag: W/"e-9/1BuKMgFObM1mWJm+YjxtXJnUM"
Date: Tue, 09 May 2023 13:17:29 GMT
Connection: keep-alive
Keep-Alive: timeout=600

20:17:29.296 [AsyncHttpClient-1-2] DEBUG org.asynchttpclient.netty.channel.ChannelManager - Adding key: http://127.0.0.1:4723 for channel [id: 0xd6ee6950, L:/127.0.0.1:56984 - R:/127.0.0.1:4723]
20:17:29.300 [main] DEBUG net.thucydides.core.steps.StepInterceptor - STEP DONE: inputEmail
]]></system-out>
  </testcase>
  <testcase name="user input invalid password2" classname="As a user i cant login because i input invalid password" time="1.308">
    <system-out><![CDATA[20:17:29.313 [main] DEBUG net.thucydides.core.steps.StepInterceptor - STARTING STEP: LoginSteps2.userInputinvalidPassword - clickTypePassword
20:17:29.321 [Forwarding findElement on session 4c9da8aa-588f-49d4-9582-1a562e3de3d6 to remote] DEBUG org.asynchttpclient.netty.request.NettyRequestSender - Using pooled Channel '[id: 0xd6ee6950, L:/127.0.0.1:56984 - R:/127.0.0.1:4723]' for 'POST' to 'http://127.0.0.1:4723/wd/hub/session/4c9da8aa-588f-49d4-9582-1a562e3de3d6/element'
20:17:29.321 [Forwarding findElement on session 4c9da8aa-588f-49d4-9582-1a562e3de3d6 to remote] DEBUG org.asynchttpclient.netty.request.NettyRequestSender - Using open Channel [id: 0xd6ee6950, L:/127.0.0.1:56984 - R:/127.0.0.1:4723] for POST '/wd/hub/session/4c9da8aa-588f-49d4-9582-1a562e3de3d6/element'
20:17:29.843 [AsyncHttpClient-1-2] DEBUG org.asynchttpclient.netty.handler.HttpHandler - 

Request DefaultHttpRequest(decodeResult: success, version: HTTP/1.1)
POST /wd/hub/session/4c9da8aa-588f-49d4-9582-1a562e3de3d6/element HTTP/1.1
User-Agent: appium/8.3.0 (selenium/4.8.1 (java mac))
Content-Length: 305
Content-Type: application/json; charset=utf-8
host: 127.0.0.1:4723
accept: */*

Response DefaultHttpResponse(decodeResult: success, version: HTTP/1.1)
HTTP/1.1 200 OK
X-Powered-By: Express
Vary: X-HTTP-Method-Override
Content-Type: application/json; charset=utf-8
Content-Length: 137
ETag: W/"89-wIlrn0ou3kVrUdi6UeYKdeaUia8"
Date: Tue, 09 May 2023 13:17:29 GMT
Connection: keep-alive
Keep-Alive: timeout=600

20:17:29.845 [AsyncHttpClient-1-2] DEBUG org.asynchttpclient.netty.channel.ChannelManager - Adding key: http://127.0.0.1:4723 for channel [id: 0xd6ee6950, L:/127.0.0.1:56984 - R:/127.0.0.1:4723]
20:17:29.851 [Forwarding isElementDisplayed on session 4c9da8aa-588f-49d4-9582-1a562e3de3d6 to remote] DEBUG org.asynchttpclient.netty.request.NettyRequestSender - Using pooled Channel '[id: 0xd6ee6950, L:/127.0.0.1:56984 - R:/127.0.0.1:4723]' for 'GET' to 'http://127.0.0.1:4723/wd/hub/session/4c9da8aa-588f-49d4-9582-1a562e3de3d6/element/00000000-0000-0244-0000-002700000003/displayed'
20:17:29.851 [Forwarding isElementDisplayed on session 4c9da8aa-588f-49d4-9582-1a562e3de3d6 to remote] DEBUG org.asynchttpclient.netty.request.NettyRequestSender - Using open Channel [id: 0xd6ee6950, L:/127.0.0.1:56984 - R:/127.0.0.1:4723] for GET '/wd/hub/session/4c9da8aa-588f-49d4-9582-1a562e3de3d6/element/00000000-0000-0244-0000-002700000003/displayed'
20:17:29.863 [AsyncHttpClient-1-2] DEBUG org.asynchttpclient.netty.handler.HttpHandler - 

Request DefaultFullHttpRequest(decodeResult: success, version: HTTP/1.1, content: EmptyByteBufBE)
GET /wd/hub/session/4c9da8aa-588f-49d4-9582-1a562e3de3d6/element/00000000-0000-0244-0000-002700000003/displayed HTTP/1.1
User-Agent: appium/8.3.0 (selenium/4.8.1 (java mac))
Cache-Control: no-cache
Content-Type: application/json; charset=utf-8
host: 127.0.0.1:4723
accept: */*

Response DefaultHttpResponse(decodeResult: success, version: HTTP/1.1)
HTTP/1.1 200 OK
X-Powered-By: Express
Content-Type: application/json; charset=utf-8
Content-Length: 14
ETag: W/"e-2ZHvAWebNQpyjGZTg6uyV8/spTo"
Date: Tue, 09 May 2023 13:17:29 GMT
Connection: keep-alive
Keep-Alive: timeout=600

20:17:29.864 [AsyncHttpClient-1-2] DEBUG org.asynchttpclient.netty.channel.ChannelManager - Adding key: http://127.0.0.1:4723 for channel [id: 0xd6ee6950, L:/127.0.0.1:56984 - R:/127.0.0.1:4723]
20:17:29.866 [Forwarding isElementEnabled on session 4c9da8aa-588f-49d4-9582-1a562e3de3d6 to remote] DEBUG org.asynchttpclient.netty.request.NettyRequestSender - Using pooled Channel '[id: 0xd6ee6950, L:/127.0.0.1:56984 - R:/127.0.0.1:4723]' for 'GET' to 'http://127.0.0.1:4723/wd/hub/session/4c9da8aa-588f-49d4-9582-1a562e3de3d6/element/00000000-0000-0244-0000-002700000003/enabled'
20:17:29.868 [Forwarding isElementEnabled on session 4c9da8aa-588f-49d4-9582-1a562e3de3d6 to remote] DEBUG org.asynchttpclient.netty.request.NettyRequestSender - Using open Channel [id: 0xd6ee6950, L:/127.0.0.1:56984 - R:/127.0.0.1:4723] for GET '/wd/hub/session/4c9da8aa-588f-49d4-9582-1a562e3de3d6/element/00000000-0000-0244-0000-002700000003/enabled'
20:17:29.879 [AsyncHttpClient-1-2] DEBUG org.asynchttpclient.netty.handler.HttpHandler - 

Request DefaultFullHttpRequest(decodeResult: success, version: HTTP/1.1, content: EmptyByteBufBE)
GET /wd/hub/session/4c9da8aa-588f-49d4-9582-1a562e3de3d6/element/00000000-0000-0244-0000-002700000003/enabled HTTP/1.1
User-Agent: appium/8.3.0 (selenium/4.8.1 (java mac))
Cache-Control: no-cache
Content-Type: application/json; charset=utf-8
host: 127.0.0.1:4723
accept: */*

Response DefaultHttpResponse(decodeResult: success, version: HTTP/1.1)
HTTP/1.1 200 OK
X-Powered-By: Express
Content-Type: application/json; charset=utf-8
Content-Length: 14
ETag: W/"e-2ZHvAWebNQpyjGZTg6uyV8/spTo"
Date: Tue, 09 May 2023 13:17:29 GMT
Connection: keep-alive
Keep-Alive: timeout=600

20:17:29.879 [AsyncHttpClient-1-2] DEBUG org.asynchttpclient.netty.channel.ChannelManager - Adding key: http://127.0.0.1:4723 for channel [id: 0xd6ee6950, L:/127.0.0.1:56984 - R:/127.0.0.1:4723]
20:17:29.883 [Forwarding clickElement on session 4c9da8aa-588f-49d4-9582-1a562e3de3d6 to remote] DEBUG org.asynchttpclient.netty.request.NettyRequestSender - Using pooled Channel '[id: 0xd6ee6950, L:/127.0.0.1:56984 - R:/127.0.0.1:4723]' for 'POST' to 'http://127.0.0.1:4723/wd/hub/session/4c9da8aa-588f-49d4-9582-1a562e3de3d6/element/00000000-0000-0244-0000-002700000003/click'
20:17:29.883 [Forwarding clickElement on session 4c9da8aa-588f-49d4-9582-1a562e3de3d6 to remote] DEBUG org.asynchttpclient.netty.request.NettyRequestSender - Using open Channel [id: 0xd6ee6950, L:/127.0.0.1:56984 - R:/127.0.0.1:4723] for POST '/wd/hub/session/4c9da8aa-588f-49d4-9582-1a562e3de3d6/element/00000000-0000-0244-0000-002700000003/click'
20:17:30.517 [AsyncHttpClient-1-2] DEBUG org.asynchttpclient.netty.handler.HttpHandler - 

Request DefaultHttpRequest(decodeResult: success, version: HTTP/1.1)
POST /wd/hub/session/4c9da8aa-588f-49d4-9582-1a562e3de3d6/element/00000000-0000-0244-0000-002700000003/click HTTP/1.1
User-Agent: appium/8.3.0 (selenium/4.8.1 (java mac))
Content-Length: 50
Content-Type: application/json; charset=utf-8
host: 127.0.0.1:4723
accept: */*

Response DefaultHttpResponse(decodeResult: success, version: HTTP/1.1)
HTTP/1.1 200 OK
X-Powered-By: Express
Vary: X-HTTP-Method-Override
Content-Type: application/json; charset=utf-8
Content-Length: 14
ETag: W/"e-9/1BuKMgFObM1mWJm+YjxtXJnUM"
Date: Tue, 09 May 2023 13:17:30 GMT
Connection: keep-alive
Keep-Alive: timeout=600

20:17:30.518 [AsyncHttpClient-1-2] DEBUG org.asynchttpclient.netty.channel.ChannelManager - Adding key: http://127.0.0.1:4723 for channel [id: 0xd6ee6950, L:/127.0.0.1:56984 - R:/127.0.0.1:4723]
20:17:30.519 [main] DEBUG net.thucydides.core.steps.StepInterceptor - STEP DONE: clickTypePassword
20:17:30.528 [main] DEBUG net.thucydides.core.steps.StepInterceptor - STARTING STEP: LoginSteps2.userInputinvalidPassword - inputPassword
20:17:30.531 [Forwarding findElement on session 4c9da8aa-588f-49d4-9582-1a562e3de3d6 to remote] DEBUG org.asynchttpclient.netty.request.NettyRequestSender - Using pooled Channel '[id: 0xd6ee6950, L:/127.0.0.1:56984 - R:/127.0.0.1:4723]' for 'POST' to 'http://127.0.0.1:4723/wd/hub/session/4c9da8aa-588f-49d4-9582-1a562e3de3d6/element'
20:17:30.531 [Forwarding findElement on session 4c9da8aa-588f-49d4-9582-1a562e3de3d6 to remote] DEBUG org.asynchttpclient.netty.request.NettyRequestSender - Using open Channel [id: 0xd6ee6950, L:/127.0.0.1:56984 - R:/127.0.0.1:4723] for POST '/wd/hub/session/4c9da8aa-588f-49d4-9582-1a562e3de3d6/element'
20:17:30.576 [AsyncHttpClient-1-2] DEBUG org.asynchttpclient.netty.handler.HttpHandler - 

Request DefaultHttpRequest(decodeResult: success, version: HTTP/1.1)
POST /wd/hub/session/4c9da8aa-588f-49d4-9582-1a562e3de3d6/element HTTP/1.1
User-Agent: appium/8.3.0 (selenium/4.8.1 (java mac))
Content-Length: 305
Content-Type: application/json; charset=utf-8
host: 127.0.0.1:4723
accept: */*

Response DefaultHttpResponse(decodeResult: success, version: HTTP/1.1)
HTTP/1.1 200 OK
X-Powered-By: Express
Vary: X-HTTP-Method-Override
Content-Type: application/json; charset=utf-8
Content-Length: 137
ETag: W/"89-wIlrn0ou3kVrUdi6UeYKdeaUia8"
Date: Tue, 09 May 2023 13:17:30 GMT
Connection: keep-alive
Keep-Alive: timeout=600

20:17:30.577 [AsyncHttpClient-1-2] DEBUG org.asynchttpclient.netty.channel.ChannelManager - Adding key: http://127.0.0.1:4723 for channel [id: 0xd6ee6950, L:/127.0.0.1:56984 - R:/127.0.0.1:4723]
20:17:30.588 [Forwarding sendKeysToElement on session 4c9da8aa-588f-49d4-9582-1a562e3de3d6 to remote] DEBUG org.asynchttpclient.netty.request.NettyRequestSender - Using pooled Channel '[id: 0xd6ee6950, L:/127.0.0.1:56984 - R:/127.0.0.1:4723]' for 'POST' to 'http://127.0.0.1:4723/wd/hub/session/4c9da8aa-588f-49d4-9582-1a562e3de3d6/element/00000000-0000-0244-0000-002700000003/value'
20:17:30.589 [Forwarding sendKeysToElement on session 4c9da8aa-588f-49d4-9582-1a562e3de3d6 to remote] DEBUG org.asynchttpclient.netty.request.NettyRequestSender - Using open Channel [id: 0xd6ee6950, L:/127.0.0.1:56984 - R:/127.0.0.1:4723] for POST '/wd/hub/session/4c9da8aa-588f-49d4-9582-1a562e3de3d6/element/00000000-0000-0244-0000-002700000003/value'
20:17:30.610 [AsyncHttpClient-1-2] DEBUG org.asynchttpclient.netty.handler.HttpHandler - 

Request DefaultHttpRequest(decodeResult: success, version: HTTP/1.1)
POST /wd/hub/session/4c9da8aa-588f-49d4-9582-1a562e3de3d6/element/00000000-0000-0244-0000-002700000003/value HTTP/1.1
User-Agent: appium/8.3.0 (selenium/4.8.1 (java mac))
Content-Length: 171
Content-Type: application/json; charset=utf-8
host: 127.0.0.1:4723
accept: */*

Response DefaultHttpResponse(decodeResult: success, version: HTTP/1.1)
HTTP/1.1 200 OK
X-Powered-By: Express
Vary: X-HTTP-Method-Override
Content-Type: application/json; charset=utf-8
Content-Length: 14
ETag: W/"e-9/1BuKMgFObM1mWJm+YjxtXJnUM"
Date: Tue, 09 May 2023 13:17:30 GMT
Connection: keep-alive
Keep-Alive: timeout=600

20:17:30.611 [AsyncHttpClient-1-2] DEBUG org.asynchttpclient.netty.channel.ChannelManager - Adding key: http://127.0.0.1:4723 for channel [id: 0xd6ee6950, L:/127.0.0.1:56984 - R:/127.0.0.1:4723]
20:17:30.613 [main] DEBUG net.thucydides.core.steps.StepInterceptor - STEP DONE: inputPassword
]]></system-out>
  </testcase>
  <testcase name="user click login button2" classname="As a user i cant login because i input invalid password" time="1.878">
    <system-out><![CDATA[20:17:30.626 [main] DEBUG net.thucydides.core.steps.StepInterceptor - STARTING STEP: LoginSteps2.userClickLoginButton - tapLoginButton
20:17:30.629 [Forwarding findElement on session 4c9da8aa-588f-49d4-9582-1a562e3de3d6 to remote] DEBUG org.asynchttpclient.netty.request.NettyRequestSender - Using pooled Channel '[id: 0xd6ee6950, L:/127.0.0.1:56984 - R:/127.0.0.1:4723]' for 'POST' to 'http://127.0.0.1:4723/wd/hub/session/4c9da8aa-588f-49d4-9582-1a562e3de3d6/element'
20:17:30.629 [Forwarding findElement on session 4c9da8aa-588f-49d4-9582-1a562e3de3d6 to remote] DEBUG org.asynchttpclient.netty.request.NettyRequestSender - Using open Channel [id: 0xd6ee6950, L:/127.0.0.1:56984 - R:/127.0.0.1:4723] for POST '/wd/hub/session/4c9da8aa-588f-49d4-9582-1a562e3de3d6/element'
20:17:31.526 [AsyncHttpClient-1-2] DEBUG org.asynchttpclient.netty.handler.HttpHandler - 

Request DefaultHttpRequest(decodeResult: success, version: HTTP/1.1)
POST /wd/hub/session/4c9da8aa-588f-49d4-9582-1a562e3de3d6/element HTTP/1.1
User-Agent: appium/8.3.0 (selenium/4.8.1 (java mac))
Content-Length: 99
Content-Type: application/json; charset=utf-8
host: 127.0.0.1:4723
accept: */*

Response DefaultHttpResponse(decodeResult: success, version: HTTP/1.1)
HTTP/1.1 200 OK
X-Powered-By: Express
Vary: X-HTTP-Method-Override
Content-Type: application/json; charset=utf-8
Content-Length: 137
ETag: W/"89-DfCqO5TFB5TV1dKUVblsM3iILy4"
Date: Tue, 09 May 2023 13:17:31 GMT
Connection: keep-alive
Keep-Alive: timeout=600

20:17:31.528 [AsyncHttpClient-1-2] DEBUG org.asynchttpclient.netty.channel.ChannelManager - Adding key: http://127.0.0.1:4723 for channel [id: 0xd6ee6950, L:/127.0.0.1:56984 - R:/127.0.0.1:4723]
20:17:31.531 [Forwarding isElementDisplayed on session 4c9da8aa-588f-49d4-9582-1a562e3de3d6 to remote] DEBUG org.asynchttpclient.netty.request.NettyRequestSender - Using pooled Channel '[id: 0xd6ee6950, L:/127.0.0.1:56984 - R:/127.0.0.1:4723]' for 'GET' to 'http://127.0.0.1:4723/wd/hub/session/4c9da8aa-588f-49d4-9582-1a562e3de3d6/element/00000000-0000-0244-0000-002800000003/displayed'
20:17:31.531 [Forwarding isElementDisplayed on session 4c9da8aa-588f-49d4-9582-1a562e3de3d6 to remote] DEBUG org.asynchttpclient.netty.request.NettyRequestSender - Using open Channel [id: 0xd6ee6950, L:/127.0.0.1:56984 - R:/127.0.0.1:4723] for GET '/wd/hub/session/4c9da8aa-588f-49d4-9582-1a562e3de3d6/element/00000000-0000-0244-0000-002800000003/displayed'
20:17:31.547 [AsyncHttpClient-1-2] DEBUG org.asynchttpclient.netty.handler.HttpHandler - 

Request DefaultFullHttpRequest(decodeResult: success, version: HTTP/1.1, content: EmptyByteBufBE)
GET /wd/hub/session/4c9da8aa-588f-49d4-9582-1a562e3de3d6/element/00000000-0000-0244-0000-002800000003/displayed HTTP/1.1
User-Agent: appium/8.3.0 (selenium/4.8.1 (java mac))
Cache-Control: no-cache
Content-Type: application/json; charset=utf-8
host: 127.0.0.1:4723
accept: */*

Response DefaultHttpResponse(decodeResult: success, version: HTTP/1.1)
HTTP/1.1 200 OK
X-Powered-By: Express
Content-Type: application/json; charset=utf-8
Content-Length: 14
ETag: W/"e-2ZHvAWebNQpyjGZTg6uyV8/spTo"
Date: Tue, 09 May 2023 13:17:31 GMT
Connection: keep-alive
Keep-Alive: timeout=600

20:17:31.548 [AsyncHttpClient-1-2] DEBUG org.asynchttpclient.netty.channel.ChannelManager - Adding key: http://127.0.0.1:4723 for channel [id: 0xd6ee6950, L:/127.0.0.1:56984 - R:/127.0.0.1:4723]
20:17:31.550 [Forwarding isElementEnabled on session 4c9da8aa-588f-49d4-9582-1a562e3de3d6 to remote] DEBUG org.asynchttpclient.netty.request.NettyRequestSender - Using pooled Channel '[id: 0xd6ee6950, L:/127.0.0.1:56984 - R:/127.0.0.1:4723]' for 'GET' to 'http://127.0.0.1:4723/wd/hub/session/4c9da8aa-588f-49d4-9582-1a562e3de3d6/element/00000000-0000-0244-0000-002800000003/enabled'
20:17:31.551 [Forwarding isElementEnabled on session 4c9da8aa-588f-49d4-9582-1a562e3de3d6 to remote] DEBUG org.asynchttpclient.netty.request.NettyRequestSender - Using open Channel [id: 0xd6ee6950, L:/127.0.0.1:56984 - R:/127.0.0.1:4723] for GET '/wd/hub/session/4c9da8aa-588f-49d4-9582-1a562e3de3d6/element/00000000-0000-0244-0000-002800000003/enabled'
20:17:31.561 [AsyncHttpClient-1-2] DEBUG org.asynchttpclient.netty.handler.HttpHandler - 

Request DefaultFullHttpRequest(decodeResult: success, version: HTTP/1.1, content: EmptyByteBufBE)
GET /wd/hub/session/4c9da8aa-588f-49d4-9582-1a562e3de3d6/element/00000000-0000-0244-0000-002800000003/enabled HTTP/1.1
User-Agent: appium/8.3.0 (selenium/4.8.1 (java mac))
Cache-Control: no-cache
Content-Type: application/json; charset=utf-8
host: 127.0.0.1:4723
accept: */*

Response DefaultHttpResponse(decodeResult: success, version: HTTP/1.1)
HTTP/1.1 200 OK
X-Powered-By: Express
Content-Type: application/json; charset=utf-8
Content-Length: 14
ETag: W/"e-2ZHvAWebNQpyjGZTg6uyV8/spTo"
Date: Tue, 09 May 2023 13:17:31 GMT
Connection: keep-alive
Keep-Alive: timeout=600

20:17:31.561 [AsyncHttpClient-1-2] DEBUG org.asynchttpclient.netty.channel.ChannelManager - Adding key: http://127.0.0.1:4723 for channel [id: 0xd6ee6950, L:/127.0.0.1:56984 - R:/127.0.0.1:4723]
20:17:31.568 [Forwarding clickElement on session 4c9da8aa-588f-49d4-9582-1a562e3de3d6 to remote] DEBUG org.asynchttpclient.netty.request.NettyRequestSender - Using pooled Channel '[id: 0xd6ee6950, L:/127.0.0.1:56984 - R:/127.0.0.1:4723]' for 'POST' to 'http://127.0.0.1:4723/wd/hub/session/4c9da8aa-588f-49d4-9582-1a562e3de3d6/element/00000000-0000-0244-0000-002800000003/click'
20:17:31.568 [Forwarding clickElement on session 4c9da8aa-588f-49d4-9582-1a562e3de3d6 to remote] DEBUG org.asynchttpclient.netty.request.NettyRequestSender - Using open Channel [id: 0xd6ee6950, L:/127.0.0.1:56984 - R:/127.0.0.1:4723] for POST '/wd/hub/session/4c9da8aa-588f-49d4-9582-1a562e3de3d6/element/00000000-0000-0244-0000-002800000003/click'
20:17:32.490 [AsyncHttpClient-1-2] DEBUG org.asynchttpclient.netty.handler.HttpHandler - 

Request DefaultHttpRequest(decodeResult: success, version: HTTP/1.1)
POST /wd/hub/session/4c9da8aa-588f-49d4-9582-1a562e3de3d6/element/00000000-0000-0244-0000-002800000003/click HTTP/1.1
User-Agent: appium/8.3.0 (selenium/4.8.1 (java mac))
Content-Length: 50
Content-Type: application/json; charset=utf-8
host: 127.0.0.1:4723
accept: */*

Response DefaultHttpResponse(decodeResult: success, version: HTTP/1.1)
HTTP/1.1 200 OK
X-Powered-By: Express
Vary: X-HTTP-Method-Override
Content-Type: application/json; charset=utf-8
Content-Length: 14
ETag: W/"e-9/1BuKMgFObM1mWJm+YjxtXJnUM"
Date: Tue, 09 May 2023 13:17:32 GMT
Connection: keep-alive
Keep-Alive: timeout=600

20:17:32.491 [AsyncHttpClient-1-2] DEBUG org.asynchttpclient.netty.channel.ChannelManager - Adding key: http://127.0.0.1:4723 for channel [id: 0xd6ee6950, L:/127.0.0.1:56984 - R:/127.0.0.1:4723]
20:17:32.494 [main] DEBUG net.thucydides.core.steps.StepInterceptor - STEP DONE: tapLoginButton
]]></system-out>
  </testcase>
  <testcase name="user cant login and see error message login2" classname="As a user i cant login because i input invalid password" time="0.104">
    <system-out><![CDATA[20:17:32.511 [main] DEBUG net.thucydides.core.steps.StepInterceptor - STARTING STEP: LoginSteps2.userSeeErrorMessage - getErrorMessage
20:17:32.517 [Forwarding findElement on session 4c9da8aa-588f-49d4-9582-1a562e3de3d6 to remote] DEBUG org.asynchttpclient.netty.request.NettyRequestSender - Using pooled Channel '[id: 0xd6ee6950, L:/127.0.0.1:56984 - R:/127.0.0.1:4723]' for 'POST' to 'http://127.0.0.1:4723/wd/hub/session/4c9da8aa-588f-49d4-9582-1a562e3de3d6/element'
20:17:32.517 [Forwarding findElement on session 4c9da8aa-588f-49d4-9582-1a562e3de3d6 to remote] DEBUG org.asynchttpclient.netty.request.NettyRequestSender - Using open Channel [id: 0xd6ee6950, L:/127.0.0.1:56984 - R:/127.0.0.1:4723] for POST '/wd/hub/session/4c9da8aa-588f-49d4-9582-1a562e3de3d6/element'
20:17:32.581 [AsyncHttpClient-1-2] DEBUG org.asynchttpclient.netty.handler.HttpHandler - 

Request DefaultHttpRequest(decodeResult: success, version: HTTP/1.1)
POST /wd/hub/session/4c9da8aa-588f-49d4-9582-1a562e3de3d6/element HTTP/1.1
User-Agent: appium/8.3.0 (selenium/4.8.1 (java mac))
Content-Length: 122
Content-Type: application/json; charset=utf-8
host: 127.0.0.1:4723
accept: */*

Response DefaultHttpResponse(decodeResult: success, version: HTTP/1.1)
HTTP/1.1 200 OK
X-Powered-By: Express
Vary: X-HTTP-Method-Override
Content-Type: application/json; charset=utf-8
Content-Length: 137
ETag: W/"89-7sHGgjZnG4z1KHV5xGfroiaPWcY"
Date: Tue, 09 May 2023 13:17:32 GMT
Connection: keep-alive
Keep-Alive: timeout=600

20:17:32.583 [AsyncHttpClient-1-2] DEBUG org.asynchttpclient.netty.channel.ChannelManager - Adding key: http://127.0.0.1:4723 for channel [id: 0xd6ee6950, L:/127.0.0.1:56984 - R:/127.0.0.1:4723]
20:17:32.588 [Forwarding isElementDisplayed on session 4c9da8aa-588f-49d4-9582-1a562e3de3d6 to remote] DEBUG org.asynchttpclient.netty.request.NettyRequestSender - Using pooled Channel '[id: 0xd6ee6950, L:/127.0.0.1:56984 - R:/127.0.0.1:4723]' for 'GET' to 'http://127.0.0.1:4723/wd/hub/session/4c9da8aa-588f-49d4-9582-1a562e3de3d6/element/00000000-0000-0244-0000-002e00000003/displayed'
20:17:32.589 [Forwarding isElementDisplayed on session 4c9da8aa-588f-49d4-9582-1a562e3de3d6 to remote] DEBUG org.asynchttpclient.netty.request.NettyRequestSender - Using open Channel [id: 0xd6ee6950, L:/127.0.0.1:56984 - R:/127.0.0.1:4723] for GET '/wd/hub/session/4c9da8aa-588f-49d4-9582-1a562e3de3d6/element/00000000-0000-0244-0000-002e00000003/displayed'
20:17:32.603 [AsyncHttpClient-1-2] DEBUG org.asynchttpclient.netty.handler.HttpHandler - 

Request DefaultFullHttpRequest(decodeResult: success, version: HTTP/1.1, content: EmptyByteBufBE)
GET /wd/hub/session/4c9da8aa-588f-49d4-9582-1a562e3de3d6/element/00000000-0000-0244-0000-002e00000003/displayed HTTP/1.1
User-Agent: appium/8.3.0 (selenium/4.8.1 (java mac))
Cache-Control: no-cache
Content-Type: application/json; charset=utf-8
host: 127.0.0.1:4723
accept: */*

Response DefaultHttpResponse(decodeResult: success, version: HTTP/1.1)
HTTP/1.1 200 OK
X-Powered-By: Express
Content-Type: application/json; charset=utf-8
Content-Length: 14
ETag: W/"e-2ZHvAWebNQpyjGZTg6uyV8/spTo"
Date: Tue, 09 May 2023 13:17:32 GMT
Connection: keep-alive
Keep-Alive: timeout=600

20:17:32.604 [AsyncHttpClient-1-2] DEBUG org.asynchttpclient.netty.channel.ChannelManager - Adding key: http://127.0.0.1:4723 for channel [id: 0xd6ee6950, L:/127.0.0.1:56984 - R:/127.0.0.1:4723]
20:17:32.606 [main] DEBUG net.thucydides.core.steps.StepInterceptor - STEP DONE: getErrorMessage
]]></system-out>
  </testcase>
  <testcase name="user on home page3" classname="As a user i cant login because i input invalid email and password" time="5.941">
    <system-out><![CDATA[20:17:32.612 [main] INFO  - 
  _____   ___   ___   _____     ___     _     ___   ___   ___   ___  
 |_   _| | __| / __| |_   _|   | _ \   /_\   / __| / __| | __| |   \ 
   | |   | _|  \__ \   | |     |  _/  / _ \  \__ \ \__ \ | _|  | |) |
   |_|   |___| |___/   |_|     |_|   /_/ \_\ |___/ |___/ |___| |___/ 

As a user i cant login because i input invalid password
----------------------------------------------------------------------
20:17:32.665 [main] DEBUG io.cucumber.core.plugin.SerenityReporter - Running feature from file:///Users/masgilang/Downloads/test-automation-MinProMobile/src/test/resources/features/Login.feature
20:17:32.672 [main] INFO  - 
  _____   ___   ___   _____     ___   _____     _     ___   _____   ___   ___  
 |_   _| | __| / __| |_   _|   / __| |_   _|   /_\   | _ \ |_   _| | __| |   \ 
   | |   | _|  \__ \   | |     \__ \   | |    / _ \  |   /   | |   | _|  | |) |
   |_|   |___| |___/   |_|     |___/   |_|   /_/ \_\ |_|_\   |_|   |___| |___/ 

As a user i cant login because i input invalid email and password(as-a-user-i-have-be-able-to-login-so-that-i-can-see-home-screen;as-a-user-i-cant-login-because-i-input-invalid-email-and-password)
--------------------------------------------------------------------------------
20:17:32.698 [main] DEBUG net.thucydides.core.steps.StepInterceptor - STARTING STEP: LoginSteps3.userOnHomePage - onHomePage
20:17:32.711 [Forwarding newSession on session null to remote] DEBUG org.asynchttpclient.netty.request.NettyRequestSender - Using pooled Channel '[id: 0xd6ee6950, L:/127.0.0.1:56984 - R:/127.0.0.1:4723]' for 'POST' to 'http://127.0.0.1:4723/wd/hub/session'
20:17:32.712 [Forwarding newSession on session null to remote] DEBUG org.asynchttpclient.netty.request.NettyRequestSender - Using open Channel [id: 0xd6ee6950, L:/127.0.0.1:56984 - R:/127.0.0.1:4723] for POST '/wd/hub/session'
20:17:37.590 [AsyncHttpClient-1-2] DEBUG org.asynchttpclient.netty.handler.HttpHandler - 

Request DefaultHttpRequest(decodeResult: success, version: HTTP/1.1)
POST /wd/hub/session HTTP/1.1
X-Idempotency-Key: 41fe8302-e087-4537-9eb7-50a9560940de
User-Agent: appium/8.3.0 (selenium/4.8.1 (java mac))
Content-Length: 423
Content-Type: application/json; charset=utf-8
host: 127.0.0.1:4723
accept: */*

Response DefaultHttpResponse(decodeResult: success, version: HTTP/1.1)
HTTP/1.1 200 OK
X-Powered-By: Express
Vary: X-HTTP-Method-Override
Content-Type: application/json; charset=utf-8
Content-Length: 1038
ETag: W/"40e-zzzgMFD7TswnRLOTz3oX7C0gmcQ"
Date: Tue, 09 May 2023 13:17:37 GMT
Connection: keep-alive
Keep-Alive: timeout=600

20:17:37.595 [AsyncHttpClient-1-2] DEBUG org.asynchttpclient.netty.channel.ChannelManager - Adding key: http://127.0.0.1:4723 for channel [id: 0xd6ee6950, L:/127.0.0.1:56984 - R:/127.0.0.1:4723]
20:17:37.625 [Forwarding setTimeout on session e33870da-4b26-4f52-a8d2-a061889beaba to remote] DEBUG org.asynchttpclient.netty.request.NettyRequestSender - Using pooled Channel '[id: 0xd6ee6950, L:/127.0.0.1:56984 - R:/127.0.0.1:4723]' for 'POST' to 'http://127.0.0.1:4723/wd/hub/session/e33870da-4b26-4f52-a8d2-a061889beaba/timeouts'
20:17:37.625 [Forwarding setTimeout on session e33870da-4b26-4f52-a8d2-a061889beaba to remote] DEBUG org.asynchttpclient.netty.request.NettyRequestSender - Using open Channel [id: 0xd6ee6950, L:/127.0.0.1:56984 - R:/127.0.0.1:4723] for POST '/wd/hub/session/e33870da-4b26-4f52-a8d2-a061889beaba/timeouts'
20:17:37.650 [AsyncHttpClient-1-2] DEBUG org.asynchttpclient.netty.handler.HttpHandler - 

Request DefaultHttpRequest(decodeResult: success, version: HTTP/1.1)
POST /wd/hub/session/e33870da-4b26-4f52-a8d2-a061889beaba/timeouts HTTP/1.1
User-Agent: appium/8.3.0 (selenium/4.8.1 (java mac))
Content-Length: 23
Content-Type: application/json; charset=utf-8
host: 127.0.0.1:4723
accept: */*

Response DefaultHttpResponse(decodeResult: success, version: HTTP/1.1)
HTTP/1.1 200 OK
X-Powered-By: Express
Vary: X-HTTP-Method-Override
Content-Type: application/json; charset=utf-8
Content-Length: 14
ETag: W/"e-9/1BuKMgFObM1mWJm+YjxtXJnUM"
Date: Tue, 09 May 2023 13:17:37 GMT
Connection: keep-alive
Keep-Alive: timeout=600

20:17:37.651 [AsyncHttpClient-1-2] DEBUG org.asynchttpclient.netty.channel.ChannelManager - Adding key: http://127.0.0.1:4723 for channel [id: 0xd6ee6950, L:/127.0.0.1:56984 - R:/127.0.0.1:4723]
20:17:37.655 [Forwarding findElement on session e33870da-4b26-4f52-a8d2-a061889beaba to remote] DEBUG org.asynchttpclient.netty.request.NettyRequestSender - Using pooled Channel '[id: 0xd6ee6950, L:/127.0.0.1:56984 - R:/127.0.0.1:4723]' for 'POST' to 'http://127.0.0.1:4723/wd/hub/session/e33870da-4b26-4f52-a8d2-a061889beaba/element'
20:17:37.655 [Forwarding findElement on session e33870da-4b26-4f52-a8d2-a061889beaba to remote] DEBUG org.asynchttpclient.netty.request.NettyRequestSender - Using open Channel [id: 0xd6ee6950, L:/127.0.0.1:56984 - R:/127.0.0.1:4723] for POST '/wd/hub/session/e33870da-4b26-4f52-a8d2-a061889beaba/element'
20:17:38.578 [AsyncHttpClient-1-2] DEBUG org.asynchttpclient.netty.handler.HttpHandler - 

Request DefaultHttpRequest(decodeResult: success, version: HTTP/1.1)
POST /wd/hub/session/e33870da-4b26-4f52-a8d2-a061889beaba/element HTTP/1.1
User-Agent: appium/8.3.0 (selenium/4.8.1 (java mac))
Content-Length: 330
Content-Type: application/json; charset=utf-8
host: 127.0.0.1:4723
accept: */*

Response DefaultHttpResponse(decodeResult: success, version: HTTP/1.1)
HTTP/1.1 200 OK
X-Powered-By: Express
Vary: X-HTTP-Method-Override
Content-Type: application/json; charset=utf-8
Content-Length: 137
ETag: W/"89-DEQZXzKkzB6NkDqsdTlxgRvTEsA"
Date: Tue, 09 May 2023 13:17:38 GMT
Connection: keep-alive
Keep-Alive: timeout=600

20:17:38.579 [AsyncHttpClient-1-2] DEBUG org.asynchttpclient.netty.channel.ChannelManager - Adding key: http://127.0.0.1:4723 for channel [id: 0xd6ee6950, L:/127.0.0.1:56984 - R:/127.0.0.1:4723]
20:17:38.584 [Forwarding isElementDisplayed on session e33870da-4b26-4f52-a8d2-a061889beaba to remote] DEBUG org.asynchttpclient.netty.request.NettyRequestSender - Using pooled Channel '[id: 0xd6ee6950, L:/127.0.0.1:56984 - R:/127.0.0.1:4723]' for 'GET' to 'http://127.0.0.1:4723/wd/hub/session/e33870da-4b26-4f52-a8d2-a061889beaba/element/00000000-0000-024e-0000-000700000003/displayed'
20:17:38.584 [Forwarding isElementDisplayed on session e33870da-4b26-4f52-a8d2-a061889beaba to remote] DEBUG org.asynchttpclient.netty.request.NettyRequestSender - Using open Channel [id: 0xd6ee6950, L:/127.0.0.1:56984 - R:/127.0.0.1:4723] for GET '/wd/hub/session/e33870da-4b26-4f52-a8d2-a061889beaba/element/00000000-0000-024e-0000-000700000003/displayed'
20:17:38.595 [AsyncHttpClient-1-2] DEBUG org.asynchttpclient.netty.handler.HttpHandler - 

Request DefaultFullHttpRequest(decodeResult: success, version: HTTP/1.1, content: EmptyByteBufBE)
GET /wd/hub/session/e33870da-4b26-4f52-a8d2-a061889beaba/element/00000000-0000-024e-0000-000700000003/displayed HTTP/1.1
User-Agent: appium/8.3.0 (selenium/4.8.1 (java mac))
Cache-Control: no-cache
Content-Type: application/json; charset=utf-8
host: 127.0.0.1:4723
accept: */*

Response DefaultHttpResponse(decodeResult: success, version: HTTP/1.1)
HTTP/1.1 200 OK
X-Powered-By: Express
Content-Type: application/json; charset=utf-8
Content-Length: 14
ETag: W/"e-2ZHvAWebNQpyjGZTg6uyV8/spTo"
Date: Tue, 09 May 2023 13:17:38 GMT
Connection: keep-alive
Keep-Alive: timeout=600

20:17:38.596 [AsyncHttpClient-1-2] DEBUG org.asynchttpclient.netty.channel.ChannelManager - Adding key: http://127.0.0.1:4723 for channel [id: 0xd6ee6950, L:/127.0.0.1:56984 - R:/127.0.0.1:4723]
20:17:38.600 [Forwarding isElementDisplayed on session e33870da-4b26-4f52-a8d2-a061889beaba to remote] DEBUG org.asynchttpclient.netty.request.NettyRequestSender - Using pooled Channel '[id: 0xd6ee6950, L:/127.0.0.1:56984 - R:/127.0.0.1:4723]' for 'GET' to 'http://127.0.0.1:4723/wd/hub/session/e33870da-4b26-4f52-a8d2-a061889beaba/element/00000000-0000-024e-0000-000700000003/displayed'
20:17:38.600 [Forwarding isElementDisplayed on session e33870da-4b26-4f52-a8d2-a061889beaba to remote] DEBUG org.asynchttpclient.netty.request.NettyRequestSender - Using open Channel [id: 0xd6ee6950, L:/127.0.0.1:56984 - R:/127.0.0.1:4723] for GET '/wd/hub/session/e33870da-4b26-4f52-a8d2-a061889beaba/element/00000000-0000-024e-0000-000700000003/displayed'
20:17:38.611 [AsyncHttpClient-1-2] DEBUG org.asynchttpclient.netty.handler.HttpHandler - 

Request DefaultFullHttpRequest(decodeResult: success, version: HTTP/1.1, content: EmptyByteBufBE)
GET /wd/hub/session/e33870da-4b26-4f52-a8d2-a061889beaba/element/00000000-0000-024e-0000-000700000003/displayed HTTP/1.1
User-Agent: appium/8.3.0 (selenium/4.8.1 (java mac))
Cache-Control: no-cache
Content-Type: application/json; charset=utf-8
host: 127.0.0.1:4723
accept: */*

Response DefaultHttpResponse(decodeResult: success, version: HTTP/1.1)
HTTP/1.1 200 OK
X-Powered-By: Express
Content-Type: application/json; charset=utf-8
Content-Length: 14
ETag: W/"e-2ZHvAWebNQpyjGZTg6uyV8/spTo"
Date: Tue, 09 May 2023 13:17:38 GMT
Connection: keep-alive
Keep-Alive: timeout=600

20:17:38.612 [AsyncHttpClient-1-2] DEBUG org.asynchttpclient.netty.channel.ChannelManager - Adding key: http://127.0.0.1:4723 for channel [id: 0xd6ee6950, L:/127.0.0.1:56984 - R:/127.0.0.1:4723]
20:17:38.619 [main] DEBUG net.thucydides.core.steps.StepInterceptor - STEP DONE: onHomePage
]]></system-out>
  </testcase>
  <testcase name="user click account info3" classname="As a user i cant login because i input invalid email and password" time="1.002">
    <system-out><![CDATA[20:17:38.658 [main] DEBUG net.thucydides.core.steps.StepInterceptor - STARTING STEP: LoginSteps3.userClikAccount - clickAccount
20:17:38.680 [Forwarding findElement on session e33870da-4b26-4f52-a8d2-a061889beaba to remote] DEBUG org.asynchttpclient.netty.request.NettyRequestSender - Using pooled Channel '[id: 0xd6ee6950, L:/127.0.0.1:56984 - R:/127.0.0.1:4723]' for 'POST' to 'http://127.0.0.1:4723/wd/hub/session/e33870da-4b26-4f52-a8d2-a061889beaba/element'
20:17:38.681 [Forwarding findElement on session e33870da-4b26-4f52-a8d2-a061889beaba to remote] DEBUG org.asynchttpclient.netty.request.NettyRequestSender - Using open Channel [id: 0xd6ee6950, L:/127.0.0.1:56984 - R:/127.0.0.1:4723] for POST '/wd/hub/session/e33870da-4b26-4f52-a8d2-a061889beaba/element'
20:17:38.711 [AsyncHttpClient-1-2] DEBUG org.asynchttpclient.netty.handler.HttpHandler - 

Request DefaultHttpRequest(decodeResult: success, version: HTTP/1.1)
POST /wd/hub/session/e33870da-4b26-4f52-a8d2-a061889beaba/element HTTP/1.1
User-Agent: appium/8.3.0 (selenium/4.8.1 (java mac))
Content-Length: 330
Content-Type: application/json; charset=utf-8
host: 127.0.0.1:4723
accept: */*

Response DefaultHttpResponse(decodeResult: success, version: HTTP/1.1)
HTTP/1.1 200 OK
X-Powered-By: Express
Vary: X-HTTP-Method-Override
Content-Type: application/json; charset=utf-8
Content-Length: 137
ETag: W/"89-DEQZXzKkzB6NkDqsdTlxgRvTEsA"
Date: Tue, 09 May 2023 13:17:38 GMT
Connection: keep-alive
Keep-Alive: timeout=600

20:17:38.712 [AsyncHttpClient-1-2] DEBUG org.asynchttpclient.netty.channel.ChannelManager - Adding key: http://127.0.0.1:4723 for channel [id: 0xd6ee6950, L:/127.0.0.1:56984 - R:/127.0.0.1:4723]
20:17:38.717 [Forwarding isElementDisplayed on session e33870da-4b26-4f52-a8d2-a061889beaba to remote] DEBUG org.asynchttpclient.netty.request.NettyRequestSender - Using pooled Channel '[id: 0xd6ee6950, L:/127.0.0.1:56984 - R:/127.0.0.1:4723]' for 'GET' to 'http://127.0.0.1:4723/wd/hub/session/e33870da-4b26-4f52-a8d2-a061889beaba/element/00000000-0000-024e-0000-000700000003/displayed'
20:17:38.718 [Forwarding isElementDisplayed on session e33870da-4b26-4f52-a8d2-a061889beaba to remote] DEBUG org.asynchttpclient.netty.request.NettyRequestSender - Using open Channel [id: 0xd6ee6950, L:/127.0.0.1:56984 - R:/127.0.0.1:4723] for GET '/wd/hub/session/e33870da-4b26-4f52-a8d2-a061889beaba/element/00000000-0000-024e-0000-000700000003/displayed'
20:17:38.726 [AsyncHttpClient-1-2] DEBUG org.asynchttpclient.netty.handler.HttpHandler - 

Request DefaultFullHttpRequest(decodeResult: success, version: HTTP/1.1, content: EmptyByteBufBE)
GET /wd/hub/session/e33870da-4b26-4f52-a8d2-a061889beaba/element/00000000-0000-024e-0000-000700000003/displayed HTTP/1.1
User-Agent: appium/8.3.0 (selenium/4.8.1 (java mac))
Cache-Control: no-cache
Content-Type: application/json; charset=utf-8
host: 127.0.0.1:4723
accept: */*

Response DefaultHttpResponse(decodeResult: success, version: HTTP/1.1)
HTTP/1.1 200 OK
X-Powered-By: Express
Content-Type: application/json; charset=utf-8
Content-Length: 14
ETag: W/"e-2ZHvAWebNQpyjGZTg6uyV8/spTo"
Date: Tue, 09 May 2023 13:17:38 GMT
Connection: keep-alive
Keep-Alive: timeout=600

20:17:38.727 [AsyncHttpClient-1-2] DEBUG org.asynchttpclient.netty.channel.ChannelManager - Adding key: http://127.0.0.1:4723 for channel [id: 0xd6ee6950, L:/127.0.0.1:56984 - R:/127.0.0.1:4723]
20:17:38.731 [Forwarding isElementEnabled on session e33870da-4b26-4f52-a8d2-a061889beaba to remote] DEBUG org.asynchttpclient.netty.request.NettyRequestSender - Using pooled Channel '[id: 0xd6ee6950, L:/127.0.0.1:56984 - R:/127.0.0.1:4723]' for 'GET' to 'http://127.0.0.1:4723/wd/hub/session/e33870da-4b26-4f52-a8d2-a061889beaba/element/00000000-0000-024e-0000-000700000003/enabled'
20:17:38.731 [Forwarding isElementEnabled on session e33870da-4b26-4f52-a8d2-a061889beaba to remote] DEBUG org.asynchttpclient.netty.request.NettyRequestSender - Using open Channel [id: 0xd6ee6950, L:/127.0.0.1:56984 - R:/127.0.0.1:4723] for GET '/wd/hub/session/e33870da-4b26-4f52-a8d2-a061889beaba/element/00000000-0000-024e-0000-000700000003/enabled'
20:17:38.739 [AsyncHttpClient-1-2] DEBUG org.asynchttpclient.netty.handler.HttpHandler - 

Request DefaultFullHttpRequest(decodeResult: success, version: HTTP/1.1, content: EmptyByteBufBE)
GET /wd/hub/session/e33870da-4b26-4f52-a8d2-a061889beaba/element/00000000-0000-024e-0000-000700000003/enabled HTTP/1.1
User-Agent: appium/8.3.0 (selenium/4.8.1 (java mac))
Cache-Control: no-cache
Content-Type: application/json; charset=utf-8
host: 127.0.0.1:4723
accept: */*

Response DefaultHttpResponse(decodeResult: success, version: HTTP/1.1)
HTTP/1.1 200 OK
X-Powered-By: Express
Content-Type: application/json; charset=utf-8
Content-Length: 14
ETag: W/"e-2ZHvAWebNQpyjGZTg6uyV8/spTo"
Date: Tue, 09 May 2023 13:17:38 GMT
Connection: keep-alive
Keep-Alive: timeout=600

20:17:38.739 [AsyncHttpClient-1-2] DEBUG org.asynchttpclient.netty.channel.ChannelManager - Adding key: http://127.0.0.1:4723 for channel [id: 0xd6ee6950, L:/127.0.0.1:56984 - R:/127.0.0.1:4723]
20:17:38.742 [Forwarding clickElement on session e33870da-4b26-4f52-a8d2-a061889beaba to remote] DEBUG org.asynchttpclient.netty.request.NettyRequestSender - Using pooled Channel '[id: 0xd6ee6950, L:/127.0.0.1:56984 - R:/127.0.0.1:4723]' for 'POST' to 'http://127.0.0.1:4723/wd/hub/session/e33870da-4b26-4f52-a8d2-a061889beaba/element/00000000-0000-024e-0000-000700000003/click'
20:17:38.742 [Forwarding clickElement on session e33870da-4b26-4f52-a8d2-a061889beaba to remote] DEBUG org.asynchttpclient.netty.request.NettyRequestSender - Using open Channel [id: 0xd6ee6950, L:/127.0.0.1:56984 - R:/127.0.0.1:4723] for POST '/wd/hub/session/e33870da-4b26-4f52-a8d2-a061889beaba/element/00000000-0000-024e-0000-000700000003/click'
20:17:39.598 [AsyncHttpClient-1-2] DEBUG org.asynchttpclient.netty.handler.HttpHandler - 

Request DefaultHttpRequest(decodeResult: success, version: HTTP/1.1)
POST /wd/hub/session/e33870da-4b26-4f52-a8d2-a061889beaba/element/00000000-0000-024e-0000-000700000003/click HTTP/1.1
User-Agent: appium/8.3.0 (selenium/4.8.1 (java mac))
Content-Length: 50
Content-Type: application/json; charset=utf-8
host: 127.0.0.1:4723
accept: */*

Response DefaultHttpResponse(decodeResult: success, version: HTTP/1.1)
HTTP/1.1 200 OK
X-Powered-By: Express
Vary: X-HTTP-Method-Override
Content-Type: application/json; charset=utf-8
Content-Length: 14
ETag: W/"e-9/1BuKMgFObM1mWJm+YjxtXJnUM"
Date: Tue, 09 May 2023 13:17:39 GMT
Connection: keep-alive
Keep-Alive: timeout=600

20:17:39.606 [AsyncHttpClient-1-2] DEBUG org.asynchttpclient.netty.channel.ChannelManager - Adding key: http://127.0.0.1:4723 for channel [id: 0xd6ee6950, L:/127.0.0.1:56984 - R:/127.0.0.1:4723]
20:17:39.627 [main] DEBUG net.thucydides.core.steps.StepInterceptor - STEP DONE: clickAccount
]]></system-out>
  </testcase>
  <testcase name="user input invalid email3" classname="As a user i cant login because i input invalid email and password" time="0.942">
    <system-out><![CDATA[20:17:39.666 [main] DEBUG net.thucydides.core.steps.StepInterceptor - STARTING STEP: LoginSteps3.userInputvalidEmail - clickTypeEmail
20:17:39.671 [Forwarding findElement on session e33870da-4b26-4f52-a8d2-a061889beaba to remote] DEBUG org.asynchttpclient.netty.request.NettyRequestSender - Using pooled Channel '[id: 0xd6ee6950, L:/127.0.0.1:56984 - R:/127.0.0.1:4723]' for 'POST' to 'http://127.0.0.1:4723/wd/hub/session/e33870da-4b26-4f52-a8d2-a061889beaba/element'
20:17:39.671 [Forwarding findElement on session e33870da-4b26-4f52-a8d2-a061889beaba to remote] DEBUG org.asynchttpclient.netty.request.NettyRequestSender - Using open Channel [id: 0xd6ee6950, L:/127.0.0.1:56984 - R:/127.0.0.1:4723] for POST '/wd/hub/session/e33870da-4b26-4f52-a8d2-a061889beaba/element'
20:17:39.726 [AsyncHttpClient-1-2] DEBUG org.asynchttpclient.netty.handler.HttpHandler - 

Request DefaultHttpRequest(decodeResult: success, version: HTTP/1.1)
POST /wd/hub/session/e33870da-4b26-4f52-a8d2-a061889beaba/element HTTP/1.1
User-Agent: appium/8.3.0 (selenium/4.8.1 (java mac))
Content-Length: 305
Content-Type: application/json; charset=utf-8
host: 127.0.0.1:4723
accept: */*

Response DefaultHttpResponse(decodeResult: success, version: HTTP/1.1)
HTTP/1.1 200 OK
X-Powered-By: Express
Vary: X-HTTP-Method-Override
Content-Type: application/json; charset=utf-8
Content-Length: 137
ETag: W/"89-14ibMpF9mAbjgj+91GyGv3mWwNM"
Date: Tue, 09 May 2023 13:17:39 GMT
Connection: keep-alive
Keep-Alive: timeout=600

20:17:39.726 [AsyncHttpClient-1-2] DEBUG org.asynchttpclient.netty.channel.ChannelManager - Adding key: http://127.0.0.1:4723 for channel [id: 0xd6ee6950, L:/127.0.0.1:56984 - R:/127.0.0.1:4723]
20:17:39.729 [Forwarding isElementDisplayed on session e33870da-4b26-4f52-a8d2-a061889beaba to remote] DEBUG org.asynchttpclient.netty.request.NettyRequestSender - Using pooled Channel '[id: 0xd6ee6950, L:/127.0.0.1:56984 - R:/127.0.0.1:4723]' for 'GET' to 'http://127.0.0.1:4723/wd/hub/session/e33870da-4b26-4f52-a8d2-a061889beaba/element/00000000-0000-024e-0000-002600000003/displayed'
20:17:39.730 [Forwarding isElementDisplayed on session e33870da-4b26-4f52-a8d2-a061889beaba to remote] DEBUG org.asynchttpclient.netty.request.NettyRequestSender - Using open Channel [id: 0xd6ee6950, L:/127.0.0.1:56984 - R:/127.0.0.1:4723] for GET '/wd/hub/session/e33870da-4b26-4f52-a8d2-a061889beaba/element/00000000-0000-024e-0000-002600000003/displayed'
20:17:39.740 [AsyncHttpClient-1-2] DEBUG org.asynchttpclient.netty.handler.HttpHandler - 

Request DefaultFullHttpRequest(decodeResult: success, version: HTTP/1.1, content: EmptyByteBufBE)
GET /wd/hub/session/e33870da-4b26-4f52-a8d2-a061889beaba/element/00000000-0000-024e-0000-002600000003/displayed HTTP/1.1
User-Agent: appium/8.3.0 (selenium/4.8.1 (java mac))
Cache-Control: no-cache
Content-Type: application/json; charset=utf-8
host: 127.0.0.1:4723
accept: */*

Response DefaultHttpResponse(decodeResult: success, version: HTTP/1.1)
HTTP/1.1 200 OK
X-Powered-By: Express
Content-Type: application/json; charset=utf-8
Content-Length: 14
ETag: W/"e-2ZHvAWebNQpyjGZTg6uyV8/spTo"
Date: Tue, 09 May 2023 13:17:39 GMT
Connection: keep-alive
Keep-Alive: timeout=600

20:17:39.741 [AsyncHttpClient-1-2] DEBUG org.asynchttpclient.netty.channel.ChannelManager - Adding key: http://127.0.0.1:4723 for channel [id: 0xd6ee6950, L:/127.0.0.1:56984 - R:/127.0.0.1:4723]
20:17:39.744 [Forwarding isElementEnabled on session e33870da-4b26-4f52-a8d2-a061889beaba to remote] DEBUG org.asynchttpclient.netty.request.NettyRequestSender - Using pooled Channel '[id: 0xd6ee6950, L:/127.0.0.1:56984 - R:/127.0.0.1:4723]' for 'GET' to 'http://127.0.0.1:4723/wd/hub/session/e33870da-4b26-4f52-a8d2-a061889beaba/element/00000000-0000-024e-0000-002600000003/enabled'
20:17:39.748 [Forwarding isElementEnabled on session e33870da-4b26-4f52-a8d2-a061889beaba to remote] DEBUG org.asynchttpclient.netty.request.NettyRequestSender - Using open Channel [id: 0xd6ee6950, L:/127.0.0.1:56984 - R:/127.0.0.1:4723] for GET '/wd/hub/session/e33870da-4b26-4f52-a8d2-a061889beaba/element/00000000-0000-024e-0000-002600000003/enabled'
20:17:39.756 [AsyncHttpClient-1-2] DEBUG org.asynchttpclient.netty.handler.HttpHandler - 

Request DefaultFullHttpRequest(decodeResult: success, version: HTTP/1.1, content: EmptyByteBufBE)
GET /wd/hub/session/e33870da-4b26-4f52-a8d2-a061889beaba/element/00000000-0000-024e-0000-002600000003/enabled HTTP/1.1
User-Agent: appium/8.3.0 (selenium/4.8.1 (java mac))
Cache-Control: no-cache
Content-Type: application/json; charset=utf-8
host: 127.0.0.1:4723
accept: */*

Response DefaultHttpResponse(decodeResult: success, version: HTTP/1.1)
HTTP/1.1 200 OK
X-Powered-By: Express
Content-Type: application/json; charset=utf-8
Content-Length: 14
ETag: W/"e-2ZHvAWebNQpyjGZTg6uyV8/spTo"
Date: Tue, 09 May 2023 13:17:39 GMT
Connection: keep-alive
Keep-Alive: timeout=600

20:17:39.757 [AsyncHttpClient-1-2] DEBUG org.asynchttpclient.netty.channel.ChannelManager - Adding key: http://127.0.0.1:4723 for channel [id: 0xd6ee6950, L:/127.0.0.1:56984 - R:/127.0.0.1:4723]
20:17:39.759 [Forwarding clickElement on session e33870da-4b26-4f52-a8d2-a061889beaba to remote] DEBUG org.asynchttpclient.netty.request.NettyRequestSender - Using pooled Channel '[id: 0xd6ee6950, L:/127.0.0.1:56984 - R:/127.0.0.1:4723]' for 'POST' to 'http://127.0.0.1:4723/wd/hub/session/e33870da-4b26-4f52-a8d2-a061889beaba/element/00000000-0000-024e-0000-002600000003/click'
20:17:39.759 [Forwarding clickElement on session e33870da-4b26-4f52-a8d2-a061889beaba to remote] DEBUG org.asynchttpclient.netty.request.NettyRequestSender - Using open Channel [id: 0xd6ee6950, L:/127.0.0.1:56984 - R:/127.0.0.1:4723] for POST '/wd/hub/session/e33870da-4b26-4f52-a8d2-a061889beaba/element/00000000-0000-024e-0000-002600000003/click'
20:17:39.827 [AsyncHttpClient-1-2] DEBUG org.asynchttpclient.netty.handler.HttpHandler - 

Request DefaultHttpRequest(decodeResult: success, version: HTTP/1.1)
POST /wd/hub/session/e33870da-4b26-4f52-a8d2-a061889beaba/element/00000000-0000-024e-0000-002600000003/click HTTP/1.1
User-Agent: appium/8.3.0 (selenium/4.8.1 (java mac))
Content-Length: 50
Content-Type: application/json; charset=utf-8
host: 127.0.0.1:4723
accept: */*

Response DefaultHttpResponse(decodeResult: success, version: HTTP/1.1)
HTTP/1.1 200 OK
X-Powered-By: Express
Vary: X-HTTP-Method-Override
Content-Type: application/json; charset=utf-8
Content-Length: 14
ETag: W/"e-9/1BuKMgFObM1mWJm+YjxtXJnUM"
Date: Tue, 09 May 2023 13:17:39 GMT
Connection: keep-alive
Keep-Alive: timeout=600

20:17:39.828 [AsyncHttpClient-1-2] DEBUG org.asynchttpclient.netty.channel.ChannelManager - Adding key: http://127.0.0.1:4723 for channel [id: 0xd6ee6950, L:/127.0.0.1:56984 - R:/127.0.0.1:4723]
20:17:39.833 [main] DEBUG net.thucydides.core.steps.StepInterceptor - STEP DONE: clickTypeEmail
20:17:39.839 [main] DEBUG net.thucydides.core.steps.StepInterceptor - STARTING STEP: LoginSteps3.userInputvalidEmail - inputEmail
20:17:39.844 [Forwarding findElement on session e33870da-4b26-4f52-a8d2-a061889beaba to remote] DEBUG org.asynchttpclient.netty.request.NettyRequestSender - Using pooled Channel '[id: 0xd6ee6950, L:/127.0.0.1:56984 - R:/127.0.0.1:4723]' for 'POST' to 'http://127.0.0.1:4723/wd/hub/session/e33870da-4b26-4f52-a8d2-a061889beaba/element'
20:17:39.844 [Forwarding findElement on session e33870da-4b26-4f52-a8d2-a061889beaba to remote] DEBUG org.asynchttpclient.netty.request.NettyRequestSender - Using open Channel [id: 0xd6ee6950, L:/127.0.0.1:56984 - R:/127.0.0.1:4723] for POST '/wd/hub/session/e33870da-4b26-4f52-a8d2-a061889beaba/element'
20:17:40.547 [AsyncHttpClient-1-2] DEBUG org.asynchttpclient.netty.handler.HttpHandler - 

Request DefaultHttpRequest(decodeResult: success, version: HTTP/1.1)
POST /wd/hub/session/e33870da-4b26-4f52-a8d2-a061889beaba/element HTTP/1.1
User-Agent: appium/8.3.0 (selenium/4.8.1 (java mac))
Content-Length: 305
Content-Type: application/json; charset=utf-8
host: 127.0.0.1:4723
accept: */*

Response DefaultHttpResponse(decodeResult: success, version: HTTP/1.1)
HTTP/1.1 200 OK
X-Powered-By: Express
Vary: X-HTTP-Method-Override
Content-Type: application/json; charset=utf-8
Content-Length: 137
ETag: W/"89-14ibMpF9mAbjgj+91GyGv3mWwNM"
Date: Tue, 09 May 2023 13:17:40 GMT
Connection: keep-alive
Keep-Alive: timeout=600

20:17:40.548 [AsyncHttpClient-1-2] DEBUG org.asynchttpclient.netty.channel.ChannelManager - Adding key: http://127.0.0.1:4723 for channel [id: 0xd6ee6950, L:/127.0.0.1:56984 - R:/127.0.0.1:4723]
20:17:40.557 [Forwarding sendKeysToElement on session e33870da-4b26-4f52-a8d2-a061889beaba to remote] DEBUG org.asynchttpclient.netty.request.NettyRequestSender - Using pooled Channel '[id: 0xd6ee6950, L:/127.0.0.1:56984 - R:/127.0.0.1:4723]' for 'POST' to 'http://127.0.0.1:4723/wd/hub/session/e33870da-4b26-4f52-a8d2-a061889beaba/element/00000000-0000-024e-0000-002600000003/value'
20:17:40.558 [Forwarding sendKeysToElement on session e33870da-4b26-4f52-a8d2-a061889beaba to remote] DEBUG org.asynchttpclient.netty.request.NettyRequestSender - Using open Channel [id: 0xd6ee6950, L:/127.0.0.1:56984 - R:/127.0.0.1:4723] for POST '/wd/hub/session/e33870da-4b26-4f52-a8d2-a061889beaba/element/00000000-0000-024e-0000-002600000003/value'
20:17:40.590 [AsyncHttpClient-1-2] DEBUG org.asynchttpclient.netty.handler.HttpHandler - 

Request DefaultHttpRequest(decodeResult: success, version: HTTP/1.1)
POST /wd/hub/session/e33870da-4b26-4f52-a8d2-a061889beaba/element/00000000-0000-024e-0000-002600000003/value HTTP/1.1
User-Agent: appium/8.3.0 (selenium/4.8.1 (java mac))
Content-Length: 271
Content-Type: application/json; charset=utf-8
host: 127.0.0.1:4723
accept: */*

Response DefaultHttpResponse(decodeResult: success, version: HTTP/1.1)
HTTP/1.1 200 OK
X-Powered-By: Express
Vary: X-HTTP-Method-Override
Content-Type: application/json; charset=utf-8
Content-Length: 14
ETag: W/"e-9/1BuKMgFObM1mWJm+YjxtXJnUM"
Date: Tue, 09 May 2023 13:17:40 GMT
Connection: keep-alive
Keep-Alive: timeout=600

20:17:40.590 [AsyncHttpClient-1-2] DEBUG org.asynchttpclient.netty.channel.ChannelManager - Adding key: http://127.0.0.1:4723 for channel [id: 0xd6ee6950, L:/127.0.0.1:56984 - R:/127.0.0.1:4723]
20:17:40.595 [main] DEBUG net.thucydides.core.steps.StepInterceptor - STEP DONE: inputEmail
]]></system-out>
  </testcase>
  <testcase name="user input invalid password3" classname="As a user i cant login because i input invalid email and password" time="1.298">
    <system-out><![CDATA[20:17:40.616 [main] DEBUG net.thucydides.core.steps.StepInterceptor - STARTING STEP: LoginSteps3.userInputinvalidPassword - clickTypePassword
20:17:40.624 [Forwarding findElement on session e33870da-4b26-4f52-a8d2-a061889beaba to remote] DEBUG org.asynchttpclient.netty.request.NettyRequestSender - Using pooled Channel '[id: 0xd6ee6950, L:/127.0.0.1:56984 - R:/127.0.0.1:4723]' for 'POST' to 'http://127.0.0.1:4723/wd/hub/session/e33870da-4b26-4f52-a8d2-a061889beaba/element'
20:17:40.624 [Forwarding findElement on session e33870da-4b26-4f52-a8d2-a061889beaba to remote] DEBUG org.asynchttpclient.netty.request.NettyRequestSender - Using open Channel [id: 0xd6ee6950, L:/127.0.0.1:56984 - R:/127.0.0.1:4723] for POST '/wd/hub/session/e33870da-4b26-4f52-a8d2-a061889beaba/element'
20:17:41.141 [AsyncHttpClient-1-2] DEBUG org.asynchttpclient.netty.handler.HttpHandler - 

Request DefaultHttpRequest(decodeResult: success, version: HTTP/1.1)
POST /wd/hub/session/e33870da-4b26-4f52-a8d2-a061889beaba/element HTTP/1.1
User-Agent: appium/8.3.0 (selenium/4.8.1 (java mac))
Content-Length: 305
Content-Type: application/json; charset=utf-8
host: 127.0.0.1:4723
accept: */*

Response DefaultHttpResponse(decodeResult: success, version: HTTP/1.1)
HTTP/1.1 200 OK
X-Powered-By: Express
Vary: X-HTTP-Method-Override
Content-Type: application/json; charset=utf-8
Content-Length: 137
ETag: W/"89-Uy+gAXOpGcrJFp08cn7LTXy9J3c"
Date: Tue, 09 May 2023 13:17:41 GMT
Connection: keep-alive
Keep-Alive: timeout=600

20:17:41.142 [AsyncHttpClient-1-2] DEBUG org.asynchttpclient.netty.channel.ChannelManager - Adding key: http://127.0.0.1:4723 for channel [id: 0xd6ee6950, L:/127.0.0.1:56984 - R:/127.0.0.1:4723]
20:17:41.148 [Forwarding isElementDisplayed on session e33870da-4b26-4f52-a8d2-a061889beaba to remote] DEBUG org.asynchttpclient.netty.request.NettyRequestSender - Using pooled Channel '[id: 0xd6ee6950, L:/127.0.0.1:56984 - R:/127.0.0.1:4723]' for 'GET' to 'http://127.0.0.1:4723/wd/hub/session/e33870da-4b26-4f52-a8d2-a061889beaba/element/00000000-0000-024e-0000-002700000003/displayed'
20:17:41.149 [Forwarding isElementDisplayed on session e33870da-4b26-4f52-a8d2-a061889beaba to remote] DEBUG org.asynchttpclient.netty.request.NettyRequestSender - Using open Channel [id: 0xd6ee6950, L:/127.0.0.1:56984 - R:/127.0.0.1:4723] for GET '/wd/hub/session/e33870da-4b26-4f52-a8d2-a061889beaba/element/00000000-0000-024e-0000-002700000003/displayed'
20:17:41.163 [AsyncHttpClient-1-2] DEBUG org.asynchttpclient.netty.handler.HttpHandler - 

Request DefaultFullHttpRequest(decodeResult: success, version: HTTP/1.1, content: EmptyByteBufBE)
GET /wd/hub/session/e33870da-4b26-4f52-a8d2-a061889beaba/element/00000000-0000-024e-0000-002700000003/displayed HTTP/1.1
User-Agent: appium/8.3.0 (selenium/4.8.1 (java mac))
Cache-Control: no-cache
Content-Type: application/json; charset=utf-8
host: 127.0.0.1:4723
accept: */*

Response DefaultHttpResponse(decodeResult: success, version: HTTP/1.1)
HTTP/1.1 200 OK
X-Powered-By: Express
Content-Type: application/json; charset=utf-8
Content-Length: 14
ETag: W/"e-2ZHvAWebNQpyjGZTg6uyV8/spTo"
Date: Tue, 09 May 2023 13:17:41 GMT
Connection: keep-alive
Keep-Alive: timeout=600

20:17:41.163 [AsyncHttpClient-1-2] DEBUG org.asynchttpclient.netty.channel.ChannelManager - Adding key: http://127.0.0.1:4723 for channel [id: 0xd6ee6950, L:/127.0.0.1:56984 - R:/127.0.0.1:4723]
20:17:41.165 [Forwarding isElementEnabled on session e33870da-4b26-4f52-a8d2-a061889beaba to remote] DEBUG org.asynchttpclient.netty.request.NettyRequestSender - Using pooled Channel '[id: 0xd6ee6950, L:/127.0.0.1:56984 - R:/127.0.0.1:4723]' for 'GET' to 'http://127.0.0.1:4723/wd/hub/session/e33870da-4b26-4f52-a8d2-a061889beaba/element/00000000-0000-024e-0000-002700000003/enabled'
20:17:41.165 [Forwarding isElementEnabled on session e33870da-4b26-4f52-a8d2-a061889beaba to remote] DEBUG org.asynchttpclient.netty.request.NettyRequestSender - Using open Channel [id: 0xd6ee6950, L:/127.0.0.1:56984 - R:/127.0.0.1:4723] for GET '/wd/hub/session/e33870da-4b26-4f52-a8d2-a061889beaba/element/00000000-0000-024e-0000-002700000003/enabled'
20:17:41.175 [AsyncHttpClient-1-2] DEBUG org.asynchttpclient.netty.handler.HttpHandler - 

Request DefaultFullHttpRequest(decodeResult: success, version: HTTP/1.1, content: EmptyByteBufBE)
GET /wd/hub/session/e33870da-4b26-4f52-a8d2-a061889beaba/element/00000000-0000-024e-0000-002700000003/enabled HTTP/1.1
User-Agent: appium/8.3.0 (selenium/4.8.1 (java mac))
Cache-Control: no-cache
Content-Type: application/json; charset=utf-8
host: 127.0.0.1:4723
accept: */*

Response DefaultHttpResponse(decodeResult: success, version: HTTP/1.1)
HTTP/1.1 200 OK
X-Powered-By: Express
Content-Type: application/json; charset=utf-8
Content-Length: 14
ETag: W/"e-2ZHvAWebNQpyjGZTg6uyV8/spTo"
Date: Tue, 09 May 2023 13:17:41 GMT
Connection: keep-alive
Keep-Alive: timeout=600

20:17:41.176 [AsyncHttpClient-1-2] DEBUG org.asynchttpclient.netty.channel.ChannelManager - Adding key: http://127.0.0.1:4723 for channel [id: 0xd6ee6950, L:/127.0.0.1:56984 - R:/127.0.0.1:4723]
20:17:41.178 [Forwarding clickElement on session e33870da-4b26-4f52-a8d2-a061889beaba to remote] DEBUG org.asynchttpclient.netty.request.NettyRequestSender - Using pooled Channel '[id: 0xd6ee6950, L:/127.0.0.1:56984 - R:/127.0.0.1:4723]' for 'POST' to 'http://127.0.0.1:4723/wd/hub/session/e33870da-4b26-4f52-a8d2-a061889beaba/element/00000000-0000-024e-0000-002700000003/click'
20:17:41.179 [Forwarding clickElement on session e33870da-4b26-4f52-a8d2-a061889beaba to remote] DEBUG org.asynchttpclient.netty.request.NettyRequestSender - Using open Channel [id: 0xd6ee6950, L:/127.0.0.1:56984 - R:/127.0.0.1:4723] for POST '/wd/hub/session/e33870da-4b26-4f52-a8d2-a061889beaba/element/00000000-0000-024e-0000-002700000003/click'
20:17:41.815 [AsyncHttpClient-1-2] DEBUG org.asynchttpclient.netty.handler.HttpHandler - 

Request DefaultHttpRequest(decodeResult: success, version: HTTP/1.1)
POST /wd/hub/session/e33870da-4b26-4f52-a8d2-a061889beaba/element/00000000-0000-024e-0000-002700000003/click HTTP/1.1
User-Agent: appium/8.3.0 (selenium/4.8.1 (java mac))
Content-Length: 50
Content-Type: application/json; charset=utf-8
host: 127.0.0.1:4723
accept: */*

Response DefaultHttpResponse(decodeResult: success, version: HTTP/1.1)
HTTP/1.1 200 OK
X-Powered-By: Express
Vary: X-HTTP-Method-Override
Content-Type: application/json; charset=utf-8
Content-Length: 14
ETag: W/"e-9/1BuKMgFObM1mWJm+YjxtXJnUM"
Date: Tue, 09 May 2023 13:17:41 GMT
Connection: keep-alive
Keep-Alive: timeout=600

20:17:41.816 [AsyncHttpClient-1-2] DEBUG org.asynchttpclient.netty.channel.ChannelManager - Adding key: http://127.0.0.1:4723 for channel [id: 0xd6ee6950, L:/127.0.0.1:56984 - R:/127.0.0.1:4723]
20:17:41.820 [main] DEBUG net.thucydides.core.steps.StepInterceptor - STEP DONE: clickTypePassword
20:17:41.825 [main] DEBUG net.thucydides.core.steps.StepInterceptor - STARTING STEP: LoginSteps3.userInputinvalidPassword - inputPassword
20:17:41.830 [Forwarding findElement on session e33870da-4b26-4f52-a8d2-a061889beaba to remote] DEBUG org.asynchttpclient.netty.request.NettyRequestSender - Using pooled Channel '[id: 0xd6ee6950, L:/127.0.0.1:56984 - R:/127.0.0.1:4723]' for 'POST' to 'http://127.0.0.1:4723/wd/hub/session/e33870da-4b26-4f52-a8d2-a061889beaba/element'
20:17:41.830 [Forwarding findElement on session e33870da-4b26-4f52-a8d2-a061889beaba to remote] DEBUG org.asynchttpclient.netty.request.NettyRequestSender - Using open Channel [id: 0xd6ee6950, L:/127.0.0.1:56984 - R:/127.0.0.1:4723] for POST '/wd/hub/session/e33870da-4b26-4f52-a8d2-a061889beaba/element'
20:17:41.870 [AsyncHttpClient-1-2] DEBUG org.asynchttpclient.netty.handler.HttpHandler - 

Request DefaultHttpRequest(decodeResult: success, version: HTTP/1.1)
POST /wd/hub/session/e33870da-4b26-4f52-a8d2-a061889beaba/element HTTP/1.1
User-Agent: appium/8.3.0 (selenium/4.8.1 (java mac))
Content-Length: 305
Content-Type: application/json; charset=utf-8
host: 127.0.0.1:4723
accept: */*

Response DefaultHttpResponse(decodeResult: success, version: HTTP/1.1)
HTTP/1.1 200 OK
X-Powered-By: Express
Vary: X-HTTP-Method-Override
Content-Type: application/json; charset=utf-8
Content-Length: 137
ETag: W/"89-Uy+gAXOpGcrJFp08cn7LTXy9J3c"
Date: Tue, 09 May 2023 13:17:41 GMT
Connection: keep-alive
Keep-Alive: timeout=600

20:17:41.871 [AsyncHttpClient-1-2] DEBUG org.asynchttpclient.netty.channel.ChannelManager - Adding key: http://127.0.0.1:4723 for channel [id: 0xd6ee6950, L:/127.0.0.1:56984 - R:/127.0.0.1:4723]
20:17:41.875 [Forwarding sendKeysToElement on session e33870da-4b26-4f52-a8d2-a061889beaba to remote] DEBUG org.asynchttpclient.netty.request.NettyRequestSender - Using pooled Channel '[id: 0xd6ee6950, L:/127.0.0.1:56984 - R:/127.0.0.1:4723]' for 'POST' to 'http://127.0.0.1:4723/wd/hub/session/e33870da-4b26-4f52-a8d2-a061889beaba/element/00000000-0000-024e-0000-002700000003/value'
20:17:41.875 [Forwarding sendKeysToElement on session e33870da-4b26-4f52-a8d2-a061889beaba to remote] DEBUG org.asynchttpclient.netty.request.NettyRequestSender - Using open Channel [id: 0xd6ee6950, L:/127.0.0.1:56984 - R:/127.0.0.1:4723] for POST '/wd/hub/session/e33870da-4b26-4f52-a8d2-a061889beaba/element/00000000-0000-024e-0000-002700000003/value'
20:17:41.900 [AsyncHttpClient-1-2] DEBUG org.asynchttpclient.netty.handler.HttpHandler - 

Request DefaultHttpRequest(decodeResult: success, version: HTTP/1.1)
POST /wd/hub/session/e33870da-4b26-4f52-a8d2-a061889beaba/element/00000000-0000-024e-0000-002700000003/value HTTP/1.1
User-Agent: appium/8.3.0 (selenium/4.8.1 (java mac))
Content-Length: 171
Content-Type: application/json; charset=utf-8
host: 127.0.0.1:4723
accept: */*

Response DefaultHttpResponse(decodeResult: success, version: HTTP/1.1)
HTTP/1.1 200 OK
X-Powered-By: Express
Vary: X-HTTP-Method-Override
Content-Type: application/json; charset=utf-8
Content-Length: 14
ETag: W/"e-9/1BuKMgFObM1mWJm+YjxtXJnUM"
Date: Tue, 09 May 2023 13:17:41 GMT
Connection: keep-alive
Keep-Alive: timeout=600

20:17:41.900 [AsyncHttpClient-1-2] DEBUG org.asynchttpclient.netty.channel.ChannelManager - Adding key: http://127.0.0.1:4723 for channel [id: 0xd6ee6950, L:/127.0.0.1:56984 - R:/127.0.0.1:4723]
20:17:41.903 [main] DEBUG net.thucydides.core.steps.StepInterceptor - STEP DONE: inputPassword
]]></system-out>
  </testcase>
  <testcase name="user click login button3" classname="As a user i cant login because i input invalid email and password" time="1.785">
    <system-out><![CDATA[20:17:41.911 [main] DEBUG net.thucydides.core.steps.StepInterceptor - STARTING STEP: LoginSteps3.userClickLoginButton - tapLoginButton
20:17:41.923 [Forwarding findElement on session e33870da-4b26-4f52-a8d2-a061889beaba to remote] DEBUG org.asynchttpclient.netty.request.NettyRequestSender - Using pooled Channel '[id: 0xd6ee6950, L:/127.0.0.1:56984 - R:/127.0.0.1:4723]' for 'POST' to 'http://127.0.0.1:4723/wd/hub/session/e33870da-4b26-4f52-a8d2-a061889beaba/element'
20:17:41.924 [Forwarding findElement on session e33870da-4b26-4f52-a8d2-a061889beaba to remote] DEBUG org.asynchttpclient.netty.request.NettyRequestSender - Using open Channel [id: 0xd6ee6950, L:/127.0.0.1:56984 - R:/127.0.0.1:4723] for POST '/wd/hub/session/e33870da-4b26-4f52-a8d2-a061889beaba/element'
20:17:42.759 [AsyncHttpClient-1-2] DEBUG org.asynchttpclient.netty.handler.HttpHandler - 

Request DefaultHttpRequest(decodeResult: success, version: HTTP/1.1)
POST /wd/hub/session/e33870da-4b26-4f52-a8d2-a061889beaba/element HTTP/1.1
User-Agent: appium/8.3.0 (selenium/4.8.1 (java mac))
Content-Length: 99
Content-Type: application/json; charset=utf-8
host: 127.0.0.1:4723
accept: */*

Response DefaultHttpResponse(decodeResult: success, version: HTTP/1.1)
HTTP/1.1 200 OK
X-Powered-By: Express
Vary: X-HTTP-Method-Override
Content-Type: application/json; charset=utf-8
Content-Length: 137
ETag: W/"89-xDZBx9q7J3aj2PvSX98Et3SyluI"
Date: Tue, 09 May 2023 13:17:42 GMT
Connection: keep-alive
Keep-Alive: timeout=600

20:17:42.760 [AsyncHttpClient-1-2] DEBUG org.asynchttpclient.netty.channel.ChannelManager - Adding key: http://127.0.0.1:4723 for channel [id: 0xd6ee6950, L:/127.0.0.1:56984 - R:/127.0.0.1:4723]
20:17:42.769 [Forwarding isElementDisplayed on session e33870da-4b26-4f52-a8d2-a061889beaba to remote] DEBUG org.asynchttpclient.netty.request.NettyRequestSender - Using pooled Channel '[id: 0xd6ee6950, L:/127.0.0.1:56984 - R:/127.0.0.1:4723]' for 'GET' to 'http://127.0.0.1:4723/wd/hub/session/e33870da-4b26-4f52-a8d2-a061889beaba/element/00000000-0000-024e-0000-002800000003/displayed'
20:17:42.769 [Forwarding isElementDisplayed on session e33870da-4b26-4f52-a8d2-a061889beaba to remote] DEBUG org.asynchttpclient.netty.request.NettyRequestSender - Using open Channel [id: 0xd6ee6950, L:/127.0.0.1:56984 - R:/127.0.0.1:4723] for GET '/wd/hub/session/e33870da-4b26-4f52-a8d2-a061889beaba/element/00000000-0000-024e-0000-002800000003/displayed'
20:17:42.778 [AsyncHttpClient-1-2] DEBUG org.asynchttpclient.netty.handler.HttpHandler - 

Request DefaultFullHttpRequest(decodeResult: success, version: HTTP/1.1, content: EmptyByteBufBE)
GET /wd/hub/session/e33870da-4b26-4f52-a8d2-a061889beaba/element/00000000-0000-024e-0000-002800000003/displayed HTTP/1.1
User-Agent: appium/8.3.0 (selenium/4.8.1 (java mac))
Cache-Control: no-cache
Content-Type: application/json; charset=utf-8
host: 127.0.0.1:4723
accept: */*

Response DefaultHttpResponse(decodeResult: success, version: HTTP/1.1)
HTTP/1.1 200 OK
X-Powered-By: Express
Content-Type: application/json; charset=utf-8
Content-Length: 14
ETag: W/"e-2ZHvAWebNQpyjGZTg6uyV8/spTo"
Date: Tue, 09 May 2023 13:17:42 GMT
Connection: keep-alive
Keep-Alive: timeout=600

20:17:42.779 [AsyncHttpClient-1-2] DEBUG org.asynchttpclient.netty.channel.ChannelManager - Adding key: http://127.0.0.1:4723 for channel [id: 0xd6ee6950, L:/127.0.0.1:56984 - R:/127.0.0.1:4723]
20:17:42.780 [Forwarding isElementEnabled on session e33870da-4b26-4f52-a8d2-a061889beaba to remote] DEBUG org.asynchttpclient.netty.request.NettyRequestSender - Using pooled Channel '[id: 0xd6ee6950, L:/127.0.0.1:56984 - R:/127.0.0.1:4723]' for 'GET' to 'http://127.0.0.1:4723/wd/hub/session/e33870da-4b26-4f52-a8d2-a061889beaba/element/00000000-0000-024e-0000-002800000003/enabled'
20:17:42.780 [Forwarding isElementEnabled on session e33870da-4b26-4f52-a8d2-a061889beaba to remote] DEBUG org.asynchttpclient.netty.request.NettyRequestSender - Using open Channel [id: 0xd6ee6950, L:/127.0.0.1:56984 - R:/127.0.0.1:4723] for GET '/wd/hub/session/e33870da-4b26-4f52-a8d2-a061889beaba/element/00000000-0000-024e-0000-002800000003/enabled'
20:17:42.787 [AsyncHttpClient-1-2] DEBUG org.asynchttpclient.netty.handler.HttpHandler - 

Request DefaultFullHttpRequest(decodeResult: success, version: HTTP/1.1, content: EmptyByteBufBE)
GET /wd/hub/session/e33870da-4b26-4f52-a8d2-a061889beaba/element/00000000-0000-024e-0000-002800000003/enabled HTTP/1.1
User-Agent: appium/8.3.0 (selenium/4.8.1 (java mac))
Cache-Control: no-cache
Content-Type: application/json; charset=utf-8
host: 127.0.0.1:4723
accept: */*

Response DefaultHttpResponse(decodeResult: success, version: HTTP/1.1)
HTTP/1.1 200 OK
X-Powered-By: Express
Content-Type: application/json; charset=utf-8
Content-Length: 14
ETag: W/"e-2ZHvAWebNQpyjGZTg6uyV8/spTo"
Date: Tue, 09 May 2023 13:17:42 GMT
Connection: keep-alive
Keep-Alive: timeout=600

20:17:42.788 [AsyncHttpClient-1-2] DEBUG org.asynchttpclient.netty.channel.ChannelManager - Adding key: http://127.0.0.1:4723 for channel [id: 0xd6ee6950, L:/127.0.0.1:56984 - R:/127.0.0.1:4723]
20:17:42.792 [Forwarding clickElement on session e33870da-4b26-4f52-a8d2-a061889beaba to remote] DEBUG org.asynchttpclient.netty.request.NettyRequestSender - Using pooled Channel '[id: 0xd6ee6950, L:/127.0.0.1:56984 - R:/127.0.0.1:4723]' for 'POST' to 'http://127.0.0.1:4723/wd/hub/session/e33870da-4b26-4f52-a8d2-a061889beaba/element/00000000-0000-024e-0000-002800000003/click'
20:17:42.792 [Forwarding clickElement on session e33870da-4b26-4f52-a8d2-a061889beaba to remote] DEBUG org.asynchttpclient.netty.request.NettyRequestSender - Using open Channel [id: 0xd6ee6950, L:/127.0.0.1:56984 - R:/127.0.0.1:4723] for POST '/wd/hub/session/e33870da-4b26-4f52-a8d2-a061889beaba/element/00000000-0000-024e-0000-002800000003/click'
20:17:43.688 [AsyncHttpClient-1-2] DEBUG org.asynchttpclient.netty.handler.HttpHandler - 

Request DefaultHttpRequest(decodeResult: success, version: HTTP/1.1)
POST /wd/hub/session/e33870da-4b26-4f52-a8d2-a061889beaba/element/00000000-0000-024e-0000-002800000003/click HTTP/1.1
User-Agent: appium/8.3.0 (selenium/4.8.1 (java mac))
Content-Length: 50
Content-Type: application/json; charset=utf-8
host: 127.0.0.1:4723
accept: */*

Response DefaultHttpResponse(decodeResult: success, version: HTTP/1.1)
HTTP/1.1 200 OK
X-Powered-By: Express
Vary: X-HTTP-Method-Override
Content-Type: application/json; charset=utf-8
Content-Length: 14
ETag: W/"e-9/1BuKMgFObM1mWJm+YjxtXJnUM"
Date: Tue, 09 May 2023 13:17:43 GMT
Connection: keep-alive
Keep-Alive: timeout=600

20:17:43.689 [AsyncHttpClient-1-2] DEBUG org.asynchttpclient.netty.channel.ChannelManager - Adding key: http://127.0.0.1:4723 for channel [id: 0xd6ee6950, L:/127.0.0.1:56984 - R:/127.0.0.1:4723]
20:17:43.691 [main] DEBUG net.thucydides.core.steps.StepInterceptor - STEP DONE: tapLoginButton
]]></system-out>
  </testcase>
  <testcase name="user cant login and see error message login3" classname="As a user i cant login because i input invalid email and password" time="0.084">
    <system-out><![CDATA[20:17:43.707 [main] DEBUG net.thucydides.core.steps.StepInterceptor - STARTING STEP: LoginSteps3.userSeeErrorMessage - getErrorMessage
20:17:43.713 [Forwarding findElement on session e33870da-4b26-4f52-a8d2-a061889beaba to remote] DEBUG org.asynchttpclient.netty.request.NettyRequestSender - Using pooled Channel '[id: 0xd6ee6950, L:/127.0.0.1:56984 - R:/127.0.0.1:4723]' for 'POST' to 'http://127.0.0.1:4723/wd/hub/session/e33870da-4b26-4f52-a8d2-a061889beaba/element'
20:17:43.714 [Forwarding findElement on session e33870da-4b26-4f52-a8d2-a061889beaba to remote] DEBUG org.asynchttpclient.netty.request.NettyRequestSender - Using open Channel [id: 0xd6ee6950, L:/127.0.0.1:56984 - R:/127.0.0.1:4723] for POST '/wd/hub/session/e33870da-4b26-4f52-a8d2-a061889beaba/element'
20:17:43.754 [AsyncHttpClient-1-2] DEBUG org.asynchttpclient.netty.handler.HttpHandler - 

Request DefaultHttpRequest(decodeResult: success, version: HTTP/1.1)
POST /wd/hub/session/e33870da-4b26-4f52-a8d2-a061889beaba/element HTTP/1.1
User-Agent: appium/8.3.0 (selenium/4.8.1 (java mac))
Content-Length: 122
Content-Type: application/json; charset=utf-8
host: 127.0.0.1:4723
accept: */*

Response DefaultHttpResponse(decodeResult: success, version: HTTP/1.1)
HTTP/1.1 200 OK
X-Powered-By: Express
Vary: X-HTTP-Method-Override
Content-Type: application/json; charset=utf-8
Content-Length: 137
ETag: W/"89-uXLVUcIxC02ZL3jrR5xJudoEpHc"
Date: Tue, 09 May 2023 13:17:43 GMT
Connection: keep-alive
Keep-Alive: timeout=600

20:17:43.755 [AsyncHttpClient-1-2] DEBUG org.asynchttpclient.netty.channel.ChannelManager - Adding key: http://127.0.0.1:4723 for channel [id: 0xd6ee6950, L:/127.0.0.1:56984 - R:/127.0.0.1:4723]
20:17:43.760 [Forwarding isElementDisplayed on session e33870da-4b26-4f52-a8d2-a061889beaba to remote] DEBUG org.asynchttpclient.netty.request.NettyRequestSender - Using pooled Channel '[id: 0xd6ee6950, L:/127.0.0.1:56984 - R:/127.0.0.1:4723]' for 'GET' to 'http://127.0.0.1:4723/wd/hub/session/e33870da-4b26-4f52-a8d2-a061889beaba/element/00000000-0000-024e-0000-002e00000003/displayed'
20:17:43.761 [Forwarding isElementDisplayed on session e33870da-4b26-4f52-a8d2-a061889beaba to remote] DEBUG org.asynchttpclient.netty.request.NettyRequestSender - Using open Channel [id: 0xd6ee6950, L:/127.0.0.1:56984 - R:/127.0.0.1:4723] for GET '/wd/hub/session/e33870da-4b26-4f52-a8d2-a061889beaba/element/00000000-0000-024e-0000-002e00000003/displayed'
20:17:43.772 [AsyncHttpClient-1-2] DEBUG org.asynchttpclient.netty.handler.HttpHandler - 

Request DefaultFullHttpRequest(decodeResult: success, version: HTTP/1.1, content: EmptyByteBufBE)
GET /wd/hub/session/e33870da-4b26-4f52-a8d2-a061889beaba/element/00000000-0000-024e-0000-002e00000003/displayed HTTP/1.1
User-Agent: appium/8.3.0 (selenium/4.8.1 (java mac))
Cache-Control: no-cache
Content-Type: application/json; charset=utf-8
host: 127.0.0.1:4723
accept: */*

Response DefaultHttpResponse(decodeResult: success, version: HTTP/1.1)
HTTP/1.1 200 OK
X-Powered-By: Express
Content-Type: application/json; charset=utf-8
Content-Length: 14
ETag: W/"e-2ZHvAWebNQpyjGZTg6uyV8/spTo"
Date: Tue, 09 May 2023 13:17:43 GMT
Connection: keep-alive
Keep-Alive: timeout=600

20:17:43.776 [AsyncHttpClient-1-2] DEBUG org.asynchttpclient.netty.channel.ChannelManager - Adding key: http://127.0.0.1:4723 for channel [id: 0xd6ee6950, L:/127.0.0.1:56984 - R:/127.0.0.1:4723]
20:17:43.782 [main] DEBUG net.thucydides.core.steps.StepInterceptor - STEP DONE: getErrorMessage
]]></system-out>
  </testcase>
  <testcase name="user on home page4" classname="As a user i cant login because no input anything" time="6.029">
    <system-out><![CDATA[20:17:43.795 [main] INFO  - 
  _____   ___   ___   _____     ___     _     ___   ___   ___   ___  
 |_   _| | __| / __| |_   _|   | _ \   /_\   / __| / __| | __| |   \ 
   | |   | _|  \__ \   | |     |  _/  / _ \  \__ \ \__ \ | _|  | |) |
   |_|   |___| |___/   |_|     |_|   /_/ \_\ |___/ |___/ |___| |___/ 

As a user i cant login because i input invalid email and password
----------------------------------------------------------------------
20:17:43.828 [main] DEBUG io.cucumber.core.plugin.SerenityReporter - Running feature from file:///Users/masgilang/Downloads/test-automation-MinProMobile/src/test/resources/features/Login.feature
20:17:43.834 [main] INFO  - 
  _____   ___   ___   _____     ___   _____     _     ___   _____   ___   ___  
 |_   _| | __| / __| |_   _|   / __| |_   _|   /_\   | _ \ |_   _| | __| |   \ 
   | |   | _|  \__ \   | |     \__ \   | |    / _ \  |   /   | |   | _|  | |) |
   |_|   |___| |___/   |_|     |___/   |_|   /_/ \_\ |_|_\   |_|   |___| |___/ 

As a user i cant login because no input anything(as-a-user-i-have-be-able-to-login-so-that-i-can-see-home-screen;as-a-user-i-cant-login-because-no-input-anything)
--------------------------------------------------------------------------------
20:17:43.851 [main] DEBUG net.thucydides.core.steps.StepInterceptor - STARTING STEP: LoginSteps4.userOnHomePage - onHomePage
20:17:43.862 [Forwarding newSession on session null to remote] DEBUG org.asynchttpclient.netty.request.NettyRequestSender - Using pooled Channel '[id: 0xd6ee6950, L:/127.0.0.1:56984 - R:/127.0.0.1:4723]' for 'POST' to 'http://127.0.0.1:4723/wd/hub/session'
20:17:43.862 [Forwarding newSession on session null to remote] DEBUG org.asynchttpclient.netty.request.NettyRequestSender - Using open Channel [id: 0xd6ee6950, L:/127.0.0.1:56984 - R:/127.0.0.1:4723] for POST '/wd/hub/session'
20:17:48.895 [AsyncHttpClient-1-2] DEBUG org.asynchttpclient.netty.handler.HttpHandler - 

Request DefaultHttpRequest(decodeResult: success, version: HTTP/1.1)
POST /wd/hub/session HTTP/1.1
X-Idempotency-Key: c29e2f6c-8428-489b-b551-fa3407a1bc28
User-Agent: appium/8.3.0 (selenium/4.8.1 (java mac))
Content-Length: 423
Content-Type: application/json; charset=utf-8
host: 127.0.0.1:4723
accept: */*

Response DefaultHttpResponse(decodeResult: success, version: HTTP/1.1)
HTTP/1.1 200 OK
X-Powered-By: Express
Vary: X-HTTP-Method-Override
Content-Type: application/json; charset=utf-8
Content-Length: 1038
ETag: W/"40e-djWqWyjLOlvKNsQ5xWKUtBaUGUQ"
Date: Tue, 09 May 2023 13:17:48 GMT
Connection: keep-alive
Keep-Alive: timeout=600

20:17:48.905 [AsyncHttpClient-1-2] DEBUG org.asynchttpclient.netty.channel.ChannelManager - Adding key: http://127.0.0.1:4723 for channel [id: 0xd6ee6950, L:/127.0.0.1:56984 - R:/127.0.0.1:4723]
20:17:48.929 [Forwarding setTimeout on session b655dabb-3cd1-4367-ab3f-d89fabe0d2c0 to remote] DEBUG org.asynchttpclient.netty.request.NettyRequestSender - Using pooled Channel '[id: 0xd6ee6950, L:/127.0.0.1:56984 - R:/127.0.0.1:4723]' for 'POST' to 'http://127.0.0.1:4723/wd/hub/session/b655dabb-3cd1-4367-ab3f-d89fabe0d2c0/timeouts'
20:17:48.929 [Forwarding setTimeout on session b655dabb-3cd1-4367-ab3f-d89fabe0d2c0 to remote] DEBUG org.asynchttpclient.netty.request.NettyRequestSender - Using open Channel [id: 0xd6ee6950, L:/127.0.0.1:56984 - R:/127.0.0.1:4723] for POST '/wd/hub/session/b655dabb-3cd1-4367-ab3f-d89fabe0d2c0/timeouts'
20:17:48.945 [AsyncHttpClient-1-2] DEBUG org.asynchttpclient.netty.handler.HttpHandler - 

Request DefaultHttpRequest(decodeResult: success, version: HTTP/1.1)
POST /wd/hub/session/b655dabb-3cd1-4367-ab3f-d89fabe0d2c0/timeouts HTTP/1.1
User-Agent: appium/8.3.0 (selenium/4.8.1 (java mac))
Content-Length: 23
Content-Type: application/json; charset=utf-8
host: 127.0.0.1:4723
accept: */*

Response DefaultHttpResponse(decodeResult: success, version: HTTP/1.1)
HTTP/1.1 200 OK
X-Powered-By: Express
Vary: X-HTTP-Method-Override
Content-Type: application/json; charset=utf-8
Content-Length: 14
ETag: W/"e-9/1BuKMgFObM1mWJm+YjxtXJnUM"
Date: Tue, 09 May 2023 13:17:48 GMT
Connection: keep-alive
Keep-Alive: timeout=600

20:17:48.946 [AsyncHttpClient-1-2] DEBUG org.asynchttpclient.netty.channel.ChannelManager - Adding key: http://127.0.0.1:4723 for channel [id: 0xd6ee6950, L:/127.0.0.1:56984 - R:/127.0.0.1:4723]
20:17:48.950 [Forwarding findElement on session b655dabb-3cd1-4367-ab3f-d89fabe0d2c0 to remote] DEBUG org.asynchttpclient.netty.request.NettyRequestSender - Using pooled Channel '[id: 0xd6ee6950, L:/127.0.0.1:56984 - R:/127.0.0.1:4723]' for 'POST' to 'http://127.0.0.1:4723/wd/hub/session/b655dabb-3cd1-4367-ab3f-d89fabe0d2c0/element'
20:17:48.950 [Forwarding findElement on session b655dabb-3cd1-4367-ab3f-d89fabe0d2c0 to remote] DEBUG org.asynchttpclient.netty.request.NettyRequestSender - Using open Channel [id: 0xd6ee6950, L:/127.0.0.1:56984 - R:/127.0.0.1:4723] for POST '/wd/hub/session/b655dabb-3cd1-4367-ab3f-d89fabe0d2c0/element'
20:17:49.842 [AsyncHttpClient-1-2] DEBUG org.asynchttpclient.netty.handler.HttpHandler - 

Request DefaultHttpRequest(decodeResult: success, version: HTTP/1.1)
POST /wd/hub/session/b655dabb-3cd1-4367-ab3f-d89fabe0d2c0/element HTTP/1.1
User-Agent: appium/8.3.0 (selenium/4.8.1 (java mac))
Content-Length: 330
Content-Type: application/json; charset=utf-8
host: 127.0.0.1:4723
accept: */*

Response DefaultHttpResponse(decodeResult: success, version: HTTP/1.1)
HTTP/1.1 200 OK
X-Powered-By: Express
Vary: X-HTTP-Method-Override
Content-Type: application/json; charset=utf-8
Content-Length: 137
ETag: W/"89-OxeJs21gANLHb6Y8epUl4Ao3kfY"
Date: Tue, 09 May 2023 13:17:49 GMT
Connection: keep-alive
Keep-Alive: timeout=600

20:17:49.843 [AsyncHttpClient-1-2] DEBUG org.asynchttpclient.netty.channel.ChannelManager - Adding key: http://127.0.0.1:4723 for channel [id: 0xd6ee6950, L:/127.0.0.1:56984 - R:/127.0.0.1:4723]
20:17:49.844 [Forwarding isElementDisplayed on session b655dabb-3cd1-4367-ab3f-d89fabe0d2c0 to remote] DEBUG org.asynchttpclient.netty.request.NettyRequestSender - Using pooled Channel '[id: 0xd6ee6950, L:/127.0.0.1:56984 - R:/127.0.0.1:4723]' for 'GET' to 'http://127.0.0.1:4723/wd/hub/session/b655dabb-3cd1-4367-ab3f-d89fabe0d2c0/element/00000000-0000-0258-0000-000700000003/displayed'
20:17:49.845 [Forwarding isElementDisplayed on session b655dabb-3cd1-4367-ab3f-d89fabe0d2c0 to remote] DEBUG org.asynchttpclient.netty.request.NettyRequestSender - Using open Channel [id: 0xd6ee6950, L:/127.0.0.1:56984 - R:/127.0.0.1:4723] for GET '/wd/hub/session/b655dabb-3cd1-4367-ab3f-d89fabe0d2c0/element/00000000-0000-0258-0000-000700000003/displayed'
20:17:49.854 [AsyncHttpClient-1-2] DEBUG org.asynchttpclient.netty.handler.HttpHandler - 

Request DefaultFullHttpRequest(decodeResult: success, version: HTTP/1.1, content: EmptyByteBufBE)
GET /wd/hub/session/b655dabb-3cd1-4367-ab3f-d89fabe0d2c0/element/00000000-0000-0258-0000-000700000003/displayed HTTP/1.1
User-Agent: appium/8.3.0 (selenium/4.8.1 (java mac))
Cache-Control: no-cache
Content-Type: application/json; charset=utf-8
host: 127.0.0.1:4723
accept: */*

Response DefaultHttpResponse(decodeResult: success, version: HTTP/1.1)
HTTP/1.1 200 OK
X-Powered-By: Express
Content-Type: application/json; charset=utf-8
Content-Length: 14
ETag: W/"e-2ZHvAWebNQpyjGZTg6uyV8/spTo"
Date: Tue, 09 May 2023 13:17:49 GMT
Connection: keep-alive
Keep-Alive: timeout=600

20:17:49.854 [AsyncHttpClient-1-2] DEBUG org.asynchttpclient.netty.channel.ChannelManager - Adding key: http://127.0.0.1:4723 for channel [id: 0xd6ee6950, L:/127.0.0.1:56984 - R:/127.0.0.1:4723]
20:17:49.855 [Forwarding isElementDisplayed on session b655dabb-3cd1-4367-ab3f-d89fabe0d2c0 to remote] DEBUG org.asynchttpclient.netty.request.NettyRequestSender - Using pooled Channel '[id: 0xd6ee6950, L:/127.0.0.1:56984 - R:/127.0.0.1:4723]' for 'GET' to 'http://127.0.0.1:4723/wd/hub/session/b655dabb-3cd1-4367-ab3f-d89fabe0d2c0/element/00000000-0000-0258-0000-000700000003/displayed'
20:17:49.855 [Forwarding isElementDisplayed on session b655dabb-3cd1-4367-ab3f-d89fabe0d2c0 to remote] DEBUG org.asynchttpclient.netty.request.NettyRequestSender - Using open Channel [id: 0xd6ee6950, L:/127.0.0.1:56984 - R:/127.0.0.1:4723] for GET '/wd/hub/session/b655dabb-3cd1-4367-ab3f-d89fabe0d2c0/element/00000000-0000-0258-0000-000700000003/displayed'
20:17:49.864 [AsyncHttpClient-1-2] DEBUG org.asynchttpclient.netty.handler.HttpHandler - 

Request DefaultFullHttpRequest(decodeResult: success, version: HTTP/1.1, content: EmptyByteBufBE)
GET /wd/hub/session/b655dabb-3cd1-4367-ab3f-d89fabe0d2c0/element/00000000-0000-0258-0000-000700000003/displayed HTTP/1.1
User-Agent: appium/8.3.0 (selenium/4.8.1 (java mac))
Cache-Control: no-cache
Content-Type: application/json; charset=utf-8
host: 127.0.0.1:4723
accept: */*

Response DefaultHttpResponse(decodeResult: success, version: HTTP/1.1)
HTTP/1.1 200 OK
X-Powered-By: Express
Content-Type: application/json; charset=utf-8
Content-Length: 14
ETag: W/"e-2ZHvAWebNQpyjGZTg6uyV8/spTo"
Date: Tue, 09 May 2023 13:17:49 GMT
Connection: keep-alive
Keep-Alive: timeout=600

20:17:49.864 [AsyncHttpClient-1-2] DEBUG org.asynchttpclient.netty.channel.ChannelManager - Adding key: http://127.0.0.1:4723 for channel [id: 0xd6ee6950, L:/127.0.0.1:56984 - R:/127.0.0.1:4723]
20:17:49.867 [main] DEBUG net.thucydides.core.steps.StepInterceptor - STEP DONE: onHomePage
]]></system-out>
  </testcase>
  <testcase name="user click account info4" classname="As a user i cant login because no input anything" time="0.949">
    <system-out><![CDATA[20:17:49.890 [main] DEBUG net.thucydides.core.steps.StepInterceptor - STARTING STEP: LoginSteps4.userClickAccountInfo - clickAccount
20:17:49.895 [Forwarding findElement on session b655dabb-3cd1-4367-ab3f-d89fabe0d2c0 to remote] DEBUG org.asynchttpclient.netty.request.NettyRequestSender - Using pooled Channel '[id: 0xd6ee6950, L:/127.0.0.1:56984 - R:/127.0.0.1:4723]' for 'POST' to 'http://127.0.0.1:4723/wd/hub/session/b655dabb-3cd1-4367-ab3f-d89fabe0d2c0/element'
20:17:49.895 [Forwarding findElement on session b655dabb-3cd1-4367-ab3f-d89fabe0d2c0 to remote] DEBUG org.asynchttpclient.netty.request.NettyRequestSender - Using open Channel [id: 0xd6ee6950, L:/127.0.0.1:56984 - R:/127.0.0.1:4723] for POST '/wd/hub/session/b655dabb-3cd1-4367-ab3f-d89fabe0d2c0/element'
20:17:49.942 [AsyncHttpClient-1-2] DEBUG org.asynchttpclient.netty.handler.HttpHandler - 

Request DefaultHttpRequest(decodeResult: success, version: HTTP/1.1)
POST /wd/hub/session/b655dabb-3cd1-4367-ab3f-d89fabe0d2c0/element HTTP/1.1
User-Agent: appium/8.3.0 (selenium/4.8.1 (java mac))
Content-Length: 330
Content-Type: application/json; charset=utf-8
host: 127.0.0.1:4723
accept: */*

Response DefaultHttpResponse(decodeResult: success, version: HTTP/1.1)
HTTP/1.1 200 OK
X-Powered-By: Express
Vary: X-HTTP-Method-Override
Content-Type: application/json; charset=utf-8
Content-Length: 137
ETag: W/"89-OxeJs21gANLHb6Y8epUl4Ao3kfY"
Date: Tue, 09 May 2023 13:17:49 GMT
Connection: keep-alive
Keep-Alive: timeout=600

20:17:49.943 [AsyncHttpClient-1-2] DEBUG org.asynchttpclient.netty.channel.ChannelManager - Adding key: http://127.0.0.1:4723 for channel [id: 0xd6ee6950, L:/127.0.0.1:56984 - R:/127.0.0.1:4723]
20:17:49.944 [Forwarding isElementDisplayed on session b655dabb-3cd1-4367-ab3f-d89fabe0d2c0 to remote] DEBUG org.asynchttpclient.netty.request.NettyRequestSender - Using pooled Channel '[id: 0xd6ee6950, L:/127.0.0.1:56984 - R:/127.0.0.1:4723]' for 'GET' to 'http://127.0.0.1:4723/wd/hub/session/b655dabb-3cd1-4367-ab3f-d89fabe0d2c0/element/00000000-0000-0258-0000-000700000003/displayed'
20:17:49.944 [Forwarding isElementDisplayed on session b655dabb-3cd1-4367-ab3f-d89fabe0d2c0 to remote] DEBUG org.asynchttpclient.netty.request.NettyRequestSender - Using open Channel [id: 0xd6ee6950, L:/127.0.0.1:56984 - R:/127.0.0.1:4723] for GET '/wd/hub/session/b655dabb-3cd1-4367-ab3f-d89fabe0d2c0/element/00000000-0000-0258-0000-000700000003/displayed'
20:17:49.956 [AsyncHttpClient-1-2] DEBUG org.asynchttpclient.netty.handler.HttpHandler - 

Request DefaultFullHttpRequest(decodeResult: success, version: HTTP/1.1, content: EmptyByteBufBE)
GET /wd/hub/session/b655dabb-3cd1-4367-ab3f-d89fabe0d2c0/element/00000000-0000-0258-0000-000700000003/displayed HTTP/1.1
User-Agent: appium/8.3.0 (selenium/4.8.1 (java mac))
Cache-Control: no-cache
Content-Type: application/json; charset=utf-8
host: 127.0.0.1:4723
accept: */*

Response DefaultHttpResponse(decodeResult: success, version: HTTP/1.1)
HTTP/1.1 200 OK
X-Powered-By: Express
Content-Type: application/json; charset=utf-8
Content-Length: 14
ETag: W/"e-2ZHvAWebNQpyjGZTg6uyV8/spTo"
Date: Tue, 09 May 2023 13:17:49 GMT
Connection: keep-alive
Keep-Alive: timeout=600

20:17:49.957 [AsyncHttpClient-1-2] DEBUG org.asynchttpclient.netty.channel.ChannelManager - Adding key: http://127.0.0.1:4723 for channel [id: 0xd6ee6950, L:/127.0.0.1:56984 - R:/127.0.0.1:4723]
20:17:49.957 [Forwarding isElementEnabled on session b655dabb-3cd1-4367-ab3f-d89fabe0d2c0 to remote] DEBUG org.asynchttpclient.netty.request.NettyRequestSender - Using pooled Channel '[id: 0xd6ee6950, L:/127.0.0.1:56984 - R:/127.0.0.1:4723]' for 'GET' to 'http://127.0.0.1:4723/wd/hub/session/b655dabb-3cd1-4367-ab3f-d89fabe0d2c0/element/00000000-0000-0258-0000-000700000003/enabled'
20:17:49.958 [Forwarding isElementEnabled on session b655dabb-3cd1-4367-ab3f-d89fabe0d2c0 to remote] DEBUG org.asynchttpclient.netty.request.NettyRequestSender - Using open Channel [id: 0xd6ee6950, L:/127.0.0.1:56984 - R:/127.0.0.1:4723] for GET '/wd/hub/session/b655dabb-3cd1-4367-ab3f-d89fabe0d2c0/element/00000000-0000-0258-0000-000700000003/enabled'
20:17:49.967 [AsyncHttpClient-1-2] DEBUG org.asynchttpclient.netty.handler.HttpHandler - 

Request DefaultFullHttpRequest(decodeResult: success, version: HTTP/1.1, content: EmptyByteBufBE)
GET /wd/hub/session/b655dabb-3cd1-4367-ab3f-d89fabe0d2c0/element/00000000-0000-0258-0000-000700000003/enabled HTTP/1.1
User-Agent: appium/8.3.0 (selenium/4.8.1 (java mac))
Cache-Control: no-cache
Content-Type: application/json; charset=utf-8
host: 127.0.0.1:4723
accept: */*

Response DefaultHttpResponse(decodeResult: success, version: HTTP/1.1)
HTTP/1.1 200 OK
X-Powered-By: Express
Content-Type: application/json; charset=utf-8
Content-Length: 14
ETag: W/"e-2ZHvAWebNQpyjGZTg6uyV8/spTo"
Date: Tue, 09 May 2023 13:17:49 GMT
Connection: keep-alive
Keep-Alive: timeout=600

20:17:49.968 [AsyncHttpClient-1-2] DEBUG org.asynchttpclient.netty.channel.ChannelManager - Adding key: http://127.0.0.1:4723 for channel [id: 0xd6ee6950, L:/127.0.0.1:56984 - R:/127.0.0.1:4723]
20:17:49.970 [Forwarding clickElement on session b655dabb-3cd1-4367-ab3f-d89fabe0d2c0 to remote] DEBUG org.asynchttpclient.netty.request.NettyRequestSender - Using pooled Channel '[id: 0xd6ee6950, L:/127.0.0.1:56984 - R:/127.0.0.1:4723]' for 'POST' to 'http://127.0.0.1:4723/wd/hub/session/b655dabb-3cd1-4367-ab3f-d89fabe0d2c0/element/00000000-0000-0258-0000-000700000003/click'
20:17:49.970 [Forwarding clickElement on session b655dabb-3cd1-4367-ab3f-d89fabe0d2c0 to remote] DEBUG org.asynchttpclient.netty.request.NettyRequestSender - Using open Channel [id: 0xd6ee6950, L:/127.0.0.1:56984 - R:/127.0.0.1:4723] for POST '/wd/hub/session/b655dabb-3cd1-4367-ab3f-d89fabe0d2c0/element/00000000-0000-0258-0000-000700000003/click'
20:17:50.820 [AsyncHttpClient-1-2] DEBUG org.asynchttpclient.netty.handler.HttpHandler - 

Request DefaultHttpRequest(decodeResult: success, version: HTTP/1.1)
POST /wd/hub/session/b655dabb-3cd1-4367-ab3f-d89fabe0d2c0/element/00000000-0000-0258-0000-000700000003/click HTTP/1.1
User-Agent: appium/8.3.0 (selenium/4.8.1 (java mac))
Content-Length: 50
Content-Type: application/json; charset=utf-8
host: 127.0.0.1:4723
accept: */*

Response DefaultHttpResponse(decodeResult: success, version: HTTP/1.1)
HTTP/1.1 200 OK
X-Powered-By: Express
Vary: X-HTTP-Method-Override
Content-Type: application/json; charset=utf-8
Content-Length: 14
ETag: W/"e-9/1BuKMgFObM1mWJm+YjxtXJnUM"
Date: Tue, 09 May 2023 13:17:50 GMT
Connection: keep-alive
Keep-Alive: timeout=600

20:17:50.822 [AsyncHttpClient-1-2] DEBUG org.asynchttpclient.netty.channel.ChannelManager - Adding key: http://127.0.0.1:4723 for channel [id: 0xd6ee6950, L:/127.0.0.1:56984 - R:/127.0.0.1:4723]
20:17:50.827 [main] DEBUG net.thucydides.core.steps.StepInterceptor - STEP DONE: clickAccount
]]></system-out>
  </testcase>
  <testcase name="user click login button4" classname="As a user i cant login because no input anything" time="0.698">
    <system-out><![CDATA[20:17:50.854 [main] DEBUG net.thucydides.core.steps.StepInterceptor - STARTING STEP: LoginSteps4.userClickLoginButton - tapLoginButton
20:17:50.859 [Forwarding findElement on session b655dabb-3cd1-4367-ab3f-d89fabe0d2c0 to remote] DEBUG org.asynchttpclient.netty.request.NettyRequestSender - Using pooled Channel '[id: 0xd6ee6950, L:/127.0.0.1:56984 - R:/127.0.0.1:4723]' for 'POST' to 'http://127.0.0.1:4723/wd/hub/session/b655dabb-3cd1-4367-ab3f-d89fabe0d2c0/element'
20:17:50.860 [Forwarding findElement on session b655dabb-3cd1-4367-ab3f-d89fabe0d2c0 to remote] DEBUG org.asynchttpclient.netty.request.NettyRequestSender - Using open Channel [id: 0xd6ee6950, L:/127.0.0.1:56984 - R:/127.0.0.1:4723] for POST '/wd/hub/session/b655dabb-3cd1-4367-ab3f-d89fabe0d2c0/element'
20:17:50.912 [AsyncHttpClient-1-2] DEBUG org.asynchttpclient.netty.handler.HttpHandler - 

Request DefaultHttpRequest(decodeResult: success, version: HTTP/1.1)
POST /wd/hub/session/b655dabb-3cd1-4367-ab3f-d89fabe0d2c0/element HTTP/1.1
User-Agent: appium/8.3.0 (selenium/4.8.1 (java mac))
Content-Length: 99
Content-Type: application/json; charset=utf-8
host: 127.0.0.1:4723
accept: */*

Response DefaultHttpResponse(decodeResult: success, version: HTTP/1.1)
HTTP/1.1 200 OK
X-Powered-By: Express
Vary: X-HTTP-Method-Override
Content-Type: application/json; charset=utf-8
Content-Length: 137
ETag: W/"89-stnjGJirxGJZTvv2Re55SISLHKE"
Date: Tue, 09 May 2023 13:17:50 GMT
Connection: keep-alive
Keep-Alive: timeout=600

20:17:50.912 [AsyncHttpClient-1-2] DEBUG org.asynchttpclient.netty.channel.ChannelManager - Adding key: http://127.0.0.1:4723 for channel [id: 0xd6ee6950, L:/127.0.0.1:56984 - R:/127.0.0.1:4723]
20:17:50.915 [Forwarding isElementDisplayed on session b655dabb-3cd1-4367-ab3f-d89fabe0d2c0 to remote] DEBUG org.asynchttpclient.netty.request.NettyRequestSender - Using pooled Channel '[id: 0xd6ee6950, L:/127.0.0.1:56984 - R:/127.0.0.1:4723]' for 'GET' to 'http://127.0.0.1:4723/wd/hub/session/b655dabb-3cd1-4367-ab3f-d89fabe0d2c0/element/00000000-0000-0258-0000-002800000003/displayed'
20:17:50.915 [Forwarding isElementDisplayed on session b655dabb-3cd1-4367-ab3f-d89fabe0d2c0 to remote] DEBUG org.asynchttpclient.netty.request.NettyRequestSender - Using open Channel [id: 0xd6ee6950, L:/127.0.0.1:56984 - R:/127.0.0.1:4723] for GET '/wd/hub/session/b655dabb-3cd1-4367-ab3f-d89fabe0d2c0/element/00000000-0000-0258-0000-002800000003/displayed'
20:17:50.926 [AsyncHttpClient-1-2] DEBUG org.asynchttpclient.netty.handler.HttpHandler - 

Request DefaultFullHttpRequest(decodeResult: success, version: HTTP/1.1, content: EmptyByteBufBE)
GET /wd/hub/session/b655dabb-3cd1-4367-ab3f-d89fabe0d2c0/element/00000000-0000-0258-0000-002800000003/displayed HTTP/1.1
User-Agent: appium/8.3.0 (selenium/4.8.1 (java mac))
Cache-Control: no-cache
Content-Type: application/json; charset=utf-8
host: 127.0.0.1:4723
accept: */*

Response DefaultHttpResponse(decodeResult: success, version: HTTP/1.1)
HTTP/1.1 200 OK
X-Powered-By: Express
Content-Type: application/json; charset=utf-8
Content-Length: 14
ETag: W/"e-2ZHvAWebNQpyjGZTg6uyV8/spTo"
Date: Tue, 09 May 2023 13:17:50 GMT
Connection: keep-alive
Keep-Alive: timeout=600

20:17:50.927 [AsyncHttpClient-1-2] DEBUG org.asynchttpclient.netty.channel.ChannelManager - Adding key: http://127.0.0.1:4723 for channel [id: 0xd6ee6950, L:/127.0.0.1:56984 - R:/127.0.0.1:4723]
20:17:50.928 [Forwarding isElementEnabled on session b655dabb-3cd1-4367-ab3f-d89fabe0d2c0 to remote] DEBUG org.asynchttpclient.netty.request.NettyRequestSender - Using pooled Channel '[id: 0xd6ee6950, L:/127.0.0.1:56984 - R:/127.0.0.1:4723]' for 'GET' to 'http://127.0.0.1:4723/wd/hub/session/b655dabb-3cd1-4367-ab3f-d89fabe0d2c0/element/00000000-0000-0258-0000-002800000003/enabled'
20:17:50.928 [Forwarding isElementEnabled on session b655dabb-3cd1-4367-ab3f-d89fabe0d2c0 to remote] DEBUG org.asynchttpclient.netty.request.NettyRequestSender - Using open Channel [id: 0xd6ee6950, L:/127.0.0.1:56984 - R:/127.0.0.1:4723] for GET '/wd/hub/session/b655dabb-3cd1-4367-ab3f-d89fabe0d2c0/element/00000000-0000-0258-0000-002800000003/enabled'
20:17:50.941 [AsyncHttpClient-1-2] DEBUG org.asynchttpclient.netty.handler.HttpHandler - 

Request DefaultFullHttpRequest(decodeResult: success, version: HTTP/1.1, content: EmptyByteBufBE)
GET /wd/hub/session/b655dabb-3cd1-4367-ab3f-d89fabe0d2c0/element/00000000-0000-0258-0000-002800000003/enabled HTTP/1.1
User-Agent: appium/8.3.0 (selenium/4.8.1 (java mac))
Cache-Control: no-cache
Content-Type: application/json; charset=utf-8
host: 127.0.0.1:4723
accept: */*

Response DefaultHttpResponse(decodeResult: success, version: HTTP/1.1)
HTTP/1.1 200 OK
X-Powered-By: Express
Content-Type: application/json; charset=utf-8
Content-Length: 14
ETag: W/"e-2ZHvAWebNQpyjGZTg6uyV8/spTo"
Date: Tue, 09 May 2023 13:17:50 GMT
Connection: keep-alive
Keep-Alive: timeout=600

20:17:50.941 [AsyncHttpClient-1-2] DEBUG org.asynchttpclient.netty.channel.ChannelManager - Adding key: http://127.0.0.1:4723 for channel [id: 0xd6ee6950, L:/127.0.0.1:56984 - R:/127.0.0.1:4723]
20:17:50.944 [Forwarding clickElement on session b655dabb-3cd1-4367-ab3f-d89fabe0d2c0 to remote] DEBUG org.asynchttpclient.netty.request.NettyRequestSender - Using pooled Channel '[id: 0xd6ee6950, L:/127.0.0.1:56984 - R:/127.0.0.1:4723]' for 'POST' to 'http://127.0.0.1:4723/wd/hub/session/b655dabb-3cd1-4367-ab3f-d89fabe0d2c0/element/00000000-0000-0258-0000-002800000003/click'
20:17:50.944 [Forwarding clickElement on session b655dabb-3cd1-4367-ab3f-d89fabe0d2c0 to remote] DEBUG org.asynchttpclient.netty.request.NettyRequestSender - Using open Channel [id: 0xd6ee6950, L:/127.0.0.1:56984 - R:/127.0.0.1:4723] for POST '/wd/hub/session/b655dabb-3cd1-4367-ab3f-d89fabe0d2c0/element/00000000-0000-0258-0000-002800000003/click'
20:17:51.522 [AsyncHttpClient-1-2] DEBUG org.asynchttpclient.netty.handler.HttpHandler - 

Request DefaultHttpRequest(decodeResult: success, version: HTTP/1.1)
POST /wd/hub/session/b655dabb-3cd1-4367-ab3f-d89fabe0d2c0/element/00000000-0000-0258-0000-002800000003/click HTTP/1.1
User-Agent: appium/8.3.0 (selenium/4.8.1 (java mac))
Content-Length: 50
Content-Type: application/json; charset=utf-8
host: 127.0.0.1:4723
accept: */*

Response DefaultHttpResponse(decodeResult: success, version: HTTP/1.1)
HTTP/1.1 200 OK
X-Powered-By: Express
Vary: X-HTTP-Method-Override
Content-Type: application/json; charset=utf-8
Content-Length: 14
ETag: W/"e-9/1BuKMgFObM1mWJm+YjxtXJnUM"
Date: Tue, 09 May 2023 13:17:51 GMT
Connection: keep-alive
Keep-Alive: timeout=600

20:17:51.523 [AsyncHttpClient-1-2] DEBUG org.asynchttpclient.netty.channel.ChannelManager - Adding key: http://127.0.0.1:4723 for channel [id: 0xd6ee6950, L:/127.0.0.1:56984 - R:/127.0.0.1:4723]
20:17:51.528 [main] DEBUG net.thucydides.core.steps.StepInterceptor - STEP DONE: tapLoginButton
]]></system-out>
  </testcase>
  <testcase name="user cant login and see error message login4" classname="As a user i cant login because no input anything" time="0.081">
    <system-out><![CDATA[20:17:51.548 [main] DEBUG net.thucydides.core.steps.StepInterceptor - STARTING STEP: LoginSteps4.userCantLoginAndSeeErrorMessageLogin - validateFailLogin
20:17:51.551 [Forwarding findElement on session b655dabb-3cd1-4367-ab3f-d89fabe0d2c0 to remote] DEBUG org.asynchttpclient.netty.request.NettyRequestSender - Using pooled Channel '[id: 0xd6ee6950, L:/127.0.0.1:56984 - R:/127.0.0.1:4723]' for 'POST' to 'http://127.0.0.1:4723/wd/hub/session/b655dabb-3cd1-4367-ab3f-d89fabe0d2c0/element'
20:17:51.551 [Forwarding findElement on session b655dabb-3cd1-4367-ab3f-d89fabe0d2c0 to remote] DEBUG org.asynchttpclient.netty.request.NettyRequestSender - Using open Channel [id: 0xd6ee6950, L:/127.0.0.1:56984 - R:/127.0.0.1:4723] for POST '/wd/hub/session/b655dabb-3cd1-4367-ab3f-d89fabe0d2c0/element'
20:17:51.593 [AsyncHttpClient-1-2] DEBUG org.asynchttpclient.netty.handler.HttpHandler - 

Request DefaultHttpRequest(decodeResult: success, version: HTTP/1.1)
POST /wd/hub/session/b655dabb-3cd1-4367-ab3f-d89fabe0d2c0/element HTTP/1.1
User-Agent: appium/8.3.0 (selenium/4.8.1 (java mac))
Content-Length: 109
Content-Type: application/json; charset=utf-8
host: 127.0.0.1:4723
accept: */*

Response DefaultHttpResponse(decodeResult: success, version: HTTP/1.1)
HTTP/1.1 200 OK
X-Powered-By: Express
Vary: X-HTTP-Method-Override
Content-Type: application/json; charset=utf-8
Content-Length: 137
ETag: W/"89-8AOZ1SU0zZfHsXK0WkZoPngBQ3k"
Date: Tue, 09 May 2023 13:17:51 GMT
Connection: keep-alive
Keep-Alive: timeout=600

20:17:51.593 [AsyncHttpClient-1-2] DEBUG org.asynchttpclient.netty.channel.ChannelManager - Adding key: http://127.0.0.1:4723 for channel [id: 0xd6ee6950, L:/127.0.0.1:56984 - R:/127.0.0.1:4723]
20:17:51.594 [Forwarding isElementDisplayed on session b655dabb-3cd1-4367-ab3f-d89fabe0d2c0 to remote] DEBUG org.asynchttpclient.netty.request.NettyRequestSender - Using pooled Channel '[id: 0xd6ee6950, L:/127.0.0.1:56984 - R:/127.0.0.1:4723]' for 'GET' to 'http://127.0.0.1:4723/wd/hub/session/b655dabb-3cd1-4367-ab3f-d89fabe0d2c0/element/00000000-0000-0258-0000-002e00000003/displayed'
20:17:51.594 [Forwarding isElementDisplayed on session b655dabb-3cd1-4367-ab3f-d89fabe0d2c0 to remote] DEBUG org.asynchttpclient.netty.request.NettyRequestSender - Using open Channel [id: 0xd6ee6950, L:/127.0.0.1:56984 - R:/127.0.0.1:4723] for GET '/wd/hub/session/b655dabb-3cd1-4367-ab3f-d89fabe0d2c0/element/00000000-0000-0258-0000-002e00000003/displayed'
20:17:51.609 [AsyncHttpClient-1-2] DEBUG org.asynchttpclient.netty.handler.HttpHandler - 

Request DefaultFullHttpRequest(decodeResult: success, version: HTTP/1.1, content: EmptyByteBufBE)
GET /wd/hub/session/b655dabb-3cd1-4367-ab3f-d89fabe0d2c0/element/00000000-0000-0258-0000-002e00000003/displayed HTTP/1.1
User-Agent: appium/8.3.0 (selenium/4.8.1 (java mac))
Cache-Control: no-cache
Content-Type: application/json; charset=utf-8
host: 127.0.0.1:4723
accept: */*

Response DefaultHttpResponse(decodeResult: success, version: HTTP/1.1)
HTTP/1.1 200 OK
X-Powered-By: Express
Content-Type: application/json; charset=utf-8
Content-Length: 14
ETag: W/"e-2ZHvAWebNQpyjGZTg6uyV8/spTo"
Date: Tue, 09 May 2023 13:17:51 GMT
Connection: keep-alive
Keep-Alive: timeout=600

20:17:51.610 [AsyncHttpClient-1-2] DEBUG org.asynchttpclient.netty.channel.ChannelManager - Adding key: http://127.0.0.1:4723 for channel [id: 0xd6ee6950, L:/127.0.0.1:56984 - R:/127.0.0.1:4723]
20:17:51.614 [main] DEBUG net.thucydides.core.steps.StepInterceptor - STEP DONE: validateFailLogin
]]></system-out>
  </testcase>
  <testcase name="user go on home page" classname="As a user i can login #1" time="6.308">
    <system-out><![CDATA[20:17:51.629 [main] INFO  - 
  _____   ___   ___   _____     ___     _     ___   ___   ___   ___  
 |_   _| | __| / __| |_   _|   | _ \   /_\   / __| / __| | __| |   \ 
   | |   | _|  \__ \   | |     |  _/  / _ \  \__ \ \__ \ | _|  | |) |
   |_|   |___| |___/   |_|     |_|   /_/ \_\ |___/ |___/ |___| |___/ 

As a user i cant login because no input anything
----------------------------------------------------------------------
20:17:51.643 [main] DEBUG io.cucumber.core.plugin.SerenityReporter - Running feature from file:///Users/masgilang/Downloads/test-automation-MinProMobile/src/test/resources/features/Product.feature
20:17:51.648 [main] DEBUG net.thucydides.core.steps.StepEventBus - Test suite started for story net.thucydides.core.model.Story@75782834
20:17:51.649 [main] INFO  - Test Suite Started: As a user i have be able to login so that i can see home screen
20:17:51.678 [main] DEBUG io.cucumber.core.plugin.SerenityReporter - Running feature from file:///Users/masgilang/Downloads/test-automation-MinProMobile/src/test/resources/features/Product.feature
20:17:51.681 [main] INFO  - 
  _____   ___   ___   _____     ___   _____     _     ___   _____   ___   ___  
 |_   _| | __| / __| |_   _|   / __| |_   _|   /_\   | _ \ |_   _| | __| |   \ 
   | |   | _|  \__ \   | |     \__ \   | |    / _ \  |   /   | |   | _|  | |) |
   |_|   |___| |___/   |_|     |___/   |_|   /_/ \_\ |_|_\   |_|   |___| |___/ 

As a user i can login(as-a-user-i-have-be-able-to-login-so-that-i-can-see-home-screen;as-a-user-i-can-login)
--------------------------------------------------------------------------------
20:17:51.764 [main] DEBUG net.thucydides.core.steps.StepInterceptor - STARTING STEP: ProductSteps.userOnHomePage - onHomePage
20:17:51.772 [Forwarding newSession on session null to remote] DEBUG org.asynchttpclient.netty.request.NettyRequestSender - Using pooled Channel '[id: 0xd6ee6950, L:/127.0.0.1:56984 - R:/127.0.0.1:4723]' for 'POST' to 'http://127.0.0.1:4723/wd/hub/session'
20:17:51.772 [Forwarding newSession on session null to remote] DEBUG org.asynchttpclient.netty.request.NettyRequestSender - Using open Channel [id: 0xd6ee6950, L:/127.0.0.1:56984 - R:/127.0.0.1:4723] for POST '/wd/hub/session'
20:17:56.845 [AsyncHttpClient-1-2] DEBUG org.asynchttpclient.netty.handler.HttpHandler - 

Request DefaultHttpRequest(decodeResult: success, version: HTTP/1.1)
POST /wd/hub/session HTTP/1.1
X-Idempotency-Key: 74534796-084a-4e00-af0f-8b064c82e52b
User-Agent: appium/8.3.0 (selenium/4.8.1 (java mac))
Content-Length: 423
Content-Type: application/json; charset=utf-8
host: 127.0.0.1:4723
accept: */*

Response DefaultHttpResponse(decodeResult: success, version: HTTP/1.1)
HTTP/1.1 200 OK
X-Powered-By: Express
Vary: X-HTTP-Method-Override
Content-Type: application/json; charset=utf-8
Content-Length: 1038
ETag: W/"40e-YMt+cMH2tE600u2uwnSerSYpGLw"
Date: Tue, 09 May 2023 13:17:56 GMT
Connection: keep-alive
Keep-Alive: timeout=600

20:17:56.851 [AsyncHttpClient-1-2] DEBUG org.asynchttpclient.netty.channel.ChannelManager - Adding key: http://127.0.0.1:4723 for channel [id: 0xd6ee6950, L:/127.0.0.1:56984 - R:/127.0.0.1:4723]
20:17:56.875 [Forwarding setTimeout on session 421f9728-4efd-488b-8093-66b13bb2095b to remote] DEBUG org.asynchttpclient.netty.request.NettyRequestSender - Using pooled Channel '[id: 0xd6ee6950, L:/127.0.0.1:56984 - R:/127.0.0.1:4723]' for 'POST' to 'http://127.0.0.1:4723/wd/hub/session/421f9728-4efd-488b-8093-66b13bb2095b/timeouts'
20:17:56.875 [Forwarding setTimeout on session 421f9728-4efd-488b-8093-66b13bb2095b to remote] DEBUG org.asynchttpclient.netty.request.NettyRequestSender - Using open Channel [id: 0xd6ee6950, L:/127.0.0.1:56984 - R:/127.0.0.1:4723] for POST '/wd/hub/session/421f9728-4efd-488b-8093-66b13bb2095b/timeouts'
20:17:56.888 [AsyncHttpClient-1-2] DEBUG org.asynchttpclient.netty.handler.HttpHandler - 

Request DefaultHttpRequest(decodeResult: success, version: HTTP/1.1)
POST /wd/hub/session/421f9728-4efd-488b-8093-66b13bb2095b/timeouts HTTP/1.1
User-Agent: appium/8.3.0 (selenium/4.8.1 (java mac))
Content-Length: 23
Content-Type: application/json; charset=utf-8
host: 127.0.0.1:4723
accept: */*

Response DefaultHttpResponse(decodeResult: success, version: HTTP/1.1)
HTTP/1.1 200 OK
X-Powered-By: Express
Vary: X-HTTP-Method-Override
Content-Type: application/json; charset=utf-8
Content-Length: 14
ETag: W/"e-9/1BuKMgFObM1mWJm+YjxtXJnUM"
Date: Tue, 09 May 2023 13:17:56 GMT
Connection: keep-alive
Keep-Alive: timeout=600

20:17:56.889 [AsyncHttpClient-1-2] DEBUG org.asynchttpclient.netty.channel.ChannelManager - Adding key: http://127.0.0.1:4723 for channel [id: 0xd6ee6950, L:/127.0.0.1:56984 - R:/127.0.0.1:4723]
20:17:56.893 [Forwarding findElement on session 421f9728-4efd-488b-8093-66b13bb2095b to remote] DEBUG org.asynchttpclient.netty.request.NettyRequestSender - Using pooled Channel '[id: 0xd6ee6950, L:/127.0.0.1:56984 - R:/127.0.0.1:4723]' for 'POST' to 'http://127.0.0.1:4723/wd/hub/session/421f9728-4efd-488b-8093-66b13bb2095b/element'
20:17:56.893 [Forwarding findElement on session 421f9728-4efd-488b-8093-66b13bb2095b to remote] DEBUG org.asynchttpclient.netty.request.NettyRequestSender - Using open Channel [id: 0xd6ee6950, L:/127.0.0.1:56984 - R:/127.0.0.1:4723] for POST '/wd/hub/session/421f9728-4efd-488b-8093-66b13bb2095b/element'
20:17:57.960 [AsyncHttpClient-1-2] DEBUG org.asynchttpclient.netty.handler.HttpHandler - 

Request DefaultHttpRequest(decodeResult: success, version: HTTP/1.1)
POST /wd/hub/session/421f9728-4efd-488b-8093-66b13bb2095b/element HTTP/1.1
User-Agent: appium/8.3.0 (selenium/4.8.1 (java mac))
Content-Length: 330
Content-Type: application/json; charset=utf-8
host: 127.0.0.1:4723
accept: */*

Response DefaultHttpResponse(decodeResult: success, version: HTTP/1.1)
HTTP/1.1 200 OK
X-Powered-By: Express
Vary: X-HTTP-Method-Override
Content-Type: application/json; charset=utf-8
Content-Length: 137
ETag: W/"89-ah0MjvK8LcylT2SDgv4Z9exOkAU"
Date: Tue, 09 May 2023 13:17:57 GMT
Connection: keep-alive
Keep-Alive: timeout=600

20:17:57.960 [AsyncHttpClient-1-2] DEBUG org.asynchttpclient.netty.channel.ChannelManager - Adding key: http://127.0.0.1:4723 for channel [id: 0xd6ee6950, L:/127.0.0.1:56984 - R:/127.0.0.1:4723]
20:17:57.967 [Forwarding isElementDisplayed on session 421f9728-4efd-488b-8093-66b13bb2095b to remote] DEBUG org.asynchttpclient.netty.request.NettyRequestSender - Using pooled Channel '[id: 0xd6ee6950, L:/127.0.0.1:56984 - R:/127.0.0.1:4723]' for 'GET' to 'http://127.0.0.1:4723/wd/hub/session/421f9728-4efd-488b-8093-66b13bb2095b/element/00000000-0000-0262-0000-000700000003/displayed'
20:17:57.967 [Forwarding isElementDisplayed on session 421f9728-4efd-488b-8093-66b13bb2095b to remote] DEBUG org.asynchttpclient.netty.request.NettyRequestSender - Using open Channel [id: 0xd6ee6950, L:/127.0.0.1:56984 - R:/127.0.0.1:4723] for GET '/wd/hub/session/421f9728-4efd-488b-8093-66b13bb2095b/element/00000000-0000-0262-0000-000700000003/displayed'
20:17:57.976 [AsyncHttpClient-1-2] DEBUG org.asynchttpclient.netty.handler.HttpHandler - 

Request DefaultFullHttpRequest(decodeResult: success, version: HTTP/1.1, content: EmptyByteBufBE)
GET /wd/hub/session/421f9728-4efd-488b-8093-66b13bb2095b/element/00000000-0000-0262-0000-000700000003/displayed HTTP/1.1
User-Agent: appium/8.3.0 (selenium/4.8.1 (java mac))
Cache-Control: no-cache
Content-Type: application/json; charset=utf-8
host: 127.0.0.1:4723
accept: */*

Response DefaultHttpResponse(decodeResult: success, version: HTTP/1.1)
HTTP/1.1 200 OK
X-Powered-By: Express
Content-Type: application/json; charset=utf-8
Content-Length: 14
ETag: W/"e-2ZHvAWebNQpyjGZTg6uyV8/spTo"
Date: Tue, 09 May 2023 13:17:57 GMT
Connection: keep-alive
Keep-Alive: timeout=600

20:17:57.976 [AsyncHttpClient-1-2] DEBUG org.asynchttpclient.netty.channel.ChannelManager - Adding key: http://127.0.0.1:4723 for channel [id: 0xd6ee6950, L:/127.0.0.1:56984 - R:/127.0.0.1:4723]
20:17:57.979 [Forwarding isElementDisplayed on session 421f9728-4efd-488b-8093-66b13bb2095b to remote] DEBUG org.asynchttpclient.netty.request.NettyRequestSender - Using pooled Channel '[id: 0xd6ee6950, L:/127.0.0.1:56984 - R:/127.0.0.1:4723]' for 'GET' to 'http://127.0.0.1:4723/wd/hub/session/421f9728-4efd-488b-8093-66b13bb2095b/element/00000000-0000-0262-0000-000700000003/displayed'
20:17:57.979 [Forwarding isElementDisplayed on session 421f9728-4efd-488b-8093-66b13bb2095b to remote] DEBUG org.asynchttpclient.netty.request.NettyRequestSender - Using open Channel [id: 0xd6ee6950, L:/127.0.0.1:56984 - R:/127.0.0.1:4723] for GET '/wd/hub/session/421f9728-4efd-488b-8093-66b13bb2095b/element/00000000-0000-0262-0000-000700000003/displayed'
20:17:57.987 [AsyncHttpClient-1-2] DEBUG org.asynchttpclient.netty.handler.HttpHandler - 

Request DefaultFullHttpRequest(decodeResult: success, version: HTTP/1.1, content: EmptyByteBufBE)
GET /wd/hub/session/421f9728-4efd-488b-8093-66b13bb2095b/element/00000000-0000-0262-0000-000700000003/displayed HTTP/1.1
User-Agent: appium/8.3.0 (selenium/4.8.1 (java mac))
Cache-Control: no-cache
Content-Type: application/json; charset=utf-8
host: 127.0.0.1:4723
accept: */*

Response DefaultHttpResponse(decodeResult: success, version: HTTP/1.1)
HTTP/1.1 200 OK
X-Powered-By: Express
Content-Type: application/json; charset=utf-8
Content-Length: 14
ETag: W/"e-2ZHvAWebNQpyjGZTg6uyV8/spTo"
Date: Tue, 09 May 2023 13:17:57 GMT
Connection: keep-alive
Keep-Alive: timeout=600

20:17:57.988 [AsyncHttpClient-1-2] DEBUG org.asynchttpclient.netty.channel.ChannelManager - Adding key: http://127.0.0.1:4723 for channel [id: 0xd6ee6950, L:/127.0.0.1:56984 - R:/127.0.0.1:4723]
20:17:57.991 [main] DEBUG net.thucydides.core.steps.StepInterceptor - STEP DONE: onHomePage
]]></system-out>
  </testcase>
  <testcase name="user can click account info" classname="As a user i can login #1" time="0.94">
    <system-out><![CDATA[20:17:58.002 [main] DEBUG net.thucydides.core.steps.StepInterceptor - STARTING STEP: ProductSteps.userClikAccount - clickAccount
20:17:58.006 [Forwarding findElement on session 421f9728-4efd-488b-8093-66b13bb2095b to remote] DEBUG org.asynchttpclient.netty.request.NettyRequestSender - Using pooled Channel '[id: 0xd6ee6950, L:/127.0.0.1:56984 - R:/127.0.0.1:4723]' for 'POST' to 'http://127.0.0.1:4723/wd/hub/session/421f9728-4efd-488b-8093-66b13bb2095b/element'
20:17:58.006 [Forwarding findElement on session 421f9728-4efd-488b-8093-66b13bb2095b to remote] DEBUG org.asynchttpclient.netty.request.NettyRequestSender - Using open Channel [id: 0xd6ee6950, L:/127.0.0.1:56984 - R:/127.0.0.1:4723] for POST '/wd/hub/session/421f9728-4efd-488b-8093-66b13bb2095b/element'
20:17:58.054 [AsyncHttpClient-1-2] DEBUG org.asynchttpclient.netty.handler.HttpHandler - 

Request DefaultHttpRequest(decodeResult: success, version: HTTP/1.1)
POST /wd/hub/session/421f9728-4efd-488b-8093-66b13bb2095b/element HTTP/1.1
User-Agent: appium/8.3.0 (selenium/4.8.1 (java mac))
Content-Length: 330
Content-Type: application/json; charset=utf-8
host: 127.0.0.1:4723
accept: */*

Response DefaultHttpResponse(decodeResult: success, version: HTTP/1.1)
HTTP/1.1 200 OK
X-Powered-By: Express
Vary: X-HTTP-Method-Override
Content-Type: application/json; charset=utf-8
Content-Length: 137
ETag: W/"89-ah0MjvK8LcylT2SDgv4Z9exOkAU"
Date: Tue, 09 May 2023 13:17:58 GMT
Connection: keep-alive
Keep-Alive: timeout=600

20:17:58.054 [AsyncHttpClient-1-2] DEBUG org.asynchttpclient.netty.channel.ChannelManager - Adding key: http://127.0.0.1:4723 for channel [id: 0xd6ee6950, L:/127.0.0.1:56984 - R:/127.0.0.1:4723]
20:17:58.058 [Forwarding isElementDisplayed on session 421f9728-4efd-488b-8093-66b13bb2095b to remote] DEBUG org.asynchttpclient.netty.request.NettyRequestSender - Using pooled Channel '[id: 0xd6ee6950, L:/127.0.0.1:56984 - R:/127.0.0.1:4723]' for 'GET' to 'http://127.0.0.1:4723/wd/hub/session/421f9728-4efd-488b-8093-66b13bb2095b/element/00000000-0000-0262-0000-000700000003/displayed'
20:17:58.058 [Forwarding isElementDisplayed on session 421f9728-4efd-488b-8093-66b13bb2095b to remote] DEBUG org.asynchttpclient.netty.request.NettyRequestSender - Using open Channel [id: 0xd6ee6950, L:/127.0.0.1:56984 - R:/127.0.0.1:4723] for GET '/wd/hub/session/421f9728-4efd-488b-8093-66b13bb2095b/element/00000000-0000-0262-0000-000700000003/displayed'
20:17:58.068 [AsyncHttpClient-1-2] DEBUG org.asynchttpclient.netty.handler.HttpHandler - 

Request DefaultFullHttpRequest(decodeResult: success, version: HTTP/1.1, content: EmptyByteBufBE)
GET /wd/hub/session/421f9728-4efd-488b-8093-66b13bb2095b/element/00000000-0000-0262-0000-000700000003/displayed HTTP/1.1
User-Agent: appium/8.3.0 (selenium/4.8.1 (java mac))
Cache-Control: no-cache
Content-Type: application/json; charset=utf-8
host: 127.0.0.1:4723
accept: */*

Response DefaultHttpResponse(decodeResult: success, version: HTTP/1.1)
HTTP/1.1 200 OK
X-Powered-By: Express
Content-Type: application/json; charset=utf-8
Content-Length: 14
ETag: W/"e-2ZHvAWebNQpyjGZTg6uyV8/spTo"
Date: Tue, 09 May 2023 13:17:58 GMT
Connection: keep-alive
Keep-Alive: timeout=600

20:17:58.068 [AsyncHttpClient-1-2] DEBUG org.asynchttpclient.netty.channel.ChannelManager - Adding key: http://127.0.0.1:4723 for channel [id: 0xd6ee6950, L:/127.0.0.1:56984 - R:/127.0.0.1:4723]
20:17:58.070 [Forwarding isElementEnabled on session 421f9728-4efd-488b-8093-66b13bb2095b to remote] DEBUG org.asynchttpclient.netty.request.NettyRequestSender - Using pooled Channel '[id: 0xd6ee6950, L:/127.0.0.1:56984 - R:/127.0.0.1:4723]' for 'GET' to 'http://127.0.0.1:4723/wd/hub/session/421f9728-4efd-488b-8093-66b13bb2095b/element/00000000-0000-0262-0000-000700000003/enabled'
20:17:58.070 [Forwarding isElementEnabled on session 421f9728-4efd-488b-8093-66b13bb2095b to remote] DEBUG org.asynchttpclient.netty.request.NettyRequestSender - Using open Channel [id: 0xd6ee6950, L:/127.0.0.1:56984 - R:/127.0.0.1:4723] for GET '/wd/hub/session/421f9728-4efd-488b-8093-66b13bb2095b/element/00000000-0000-0262-0000-000700000003/enabled'
20:17:58.076 [AsyncHttpClient-1-2] DEBUG org.asynchttpclient.netty.handler.HttpHandler - 

Request DefaultFullHttpRequest(decodeResult: success, version: HTTP/1.1, content: EmptyByteBufBE)
GET /wd/hub/session/421f9728-4efd-488b-8093-66b13bb2095b/element/00000000-0000-0262-0000-000700000003/enabled HTTP/1.1
User-Agent: appium/8.3.0 (selenium/4.8.1 (java mac))
Cache-Control: no-cache
Content-Type: application/json; charset=utf-8
host: 127.0.0.1:4723
accept: */*

Response DefaultHttpResponse(decodeResult: success, version: HTTP/1.1)
HTTP/1.1 200 OK
X-Powered-By: Express
Content-Type: application/json; charset=utf-8
Content-Length: 14
ETag: W/"e-2ZHvAWebNQpyjGZTg6uyV8/spTo"
Date: Tue, 09 May 2023 13:17:58 GMT
Connection: keep-alive
Keep-Alive: timeout=600

20:17:58.076 [AsyncHttpClient-1-2] DEBUG org.asynchttpclient.netty.channel.ChannelManager - Adding key: http://127.0.0.1:4723 for channel [id: 0xd6ee6950, L:/127.0.0.1:56984 - R:/127.0.0.1:4723]
20:17:58.077 [Forwarding clickElement on session 421f9728-4efd-488b-8093-66b13bb2095b to remote] DEBUG org.asynchttpclient.netty.request.NettyRequestSender - Using pooled Channel '[id: 0xd6ee6950, L:/127.0.0.1:56984 - R:/127.0.0.1:4723]' for 'POST' to 'http://127.0.0.1:4723/wd/hub/session/421f9728-4efd-488b-8093-66b13bb2095b/element/00000000-0000-0262-0000-000700000003/click'
20:17:58.077 [Forwarding clickElement on session 421f9728-4efd-488b-8093-66b13bb2095b to remote] DEBUG org.asynchttpclient.netty.request.NettyRequestSender - Using open Channel [id: 0xd6ee6950, L:/127.0.0.1:56984 - R:/127.0.0.1:4723] for POST '/wd/hub/session/421f9728-4efd-488b-8093-66b13bb2095b/element/00000000-0000-0262-0000-000700000003/click'
20:17:58.926 [AsyncHttpClient-1-2] DEBUG org.asynchttpclient.netty.handler.HttpHandler - 

Request DefaultHttpRequest(decodeResult: success, version: HTTP/1.1)
POST /wd/hub/session/421f9728-4efd-488b-8093-66b13bb2095b/element/00000000-0000-0262-0000-000700000003/click HTTP/1.1
User-Agent: appium/8.3.0 (selenium/4.8.1 (java mac))
Content-Length: 50
Content-Type: application/json; charset=utf-8
host: 127.0.0.1:4723
accept: */*

Response DefaultHttpResponse(decodeResult: success, version: HTTP/1.1)
HTTP/1.1 200 OK
X-Powered-By: Express
Vary: X-HTTP-Method-Override
Content-Type: application/json; charset=utf-8
Content-Length: 14
ETag: W/"e-9/1BuKMgFObM1mWJm+YjxtXJnUM"
Date: Tue, 09 May 2023 13:17:58 GMT
Connection: keep-alive
Keep-Alive: timeout=600

20:17:58.928 [AsyncHttpClient-1-2] DEBUG org.asynchttpclient.netty.channel.ChannelManager - Adding key: http://127.0.0.1:4723 for channel [id: 0xd6ee6950, L:/127.0.0.1:56984 - R:/127.0.0.1:4723]
20:17:58.934 [main] DEBUG net.thucydides.core.steps.StepInterceptor - STEP DONE: clickAccount
]]></system-out>
  </testcase>
  <testcase name="user can input valid email" classname="As a user i can login #1" time="0.933">
    <system-out><![CDATA[20:17:58.948 [main] DEBUG net.thucydides.core.steps.StepInterceptor - STARTING STEP: ProductSteps.userInputValidEmail - clickTypeEmail
20:17:58.951 [Forwarding findElement on session 421f9728-4efd-488b-8093-66b13bb2095b to remote] DEBUG org.asynchttpclient.netty.request.NettyRequestSender - Using pooled Channel '[id: 0xd6ee6950, L:/127.0.0.1:56984 - R:/127.0.0.1:4723]' for 'POST' to 'http://127.0.0.1:4723/wd/hub/session/421f9728-4efd-488b-8093-66b13bb2095b/element'
20:17:58.951 [Forwarding findElement on session 421f9728-4efd-488b-8093-66b13bb2095b to remote] DEBUG org.asynchttpclient.netty.request.NettyRequestSender - Using open Channel [id: 0xd6ee6950, L:/127.0.0.1:56984 - R:/127.0.0.1:4723] for POST '/wd/hub/session/421f9728-4efd-488b-8093-66b13bb2095b/element'
20:17:58.993 [AsyncHttpClient-1-2] DEBUG org.asynchttpclient.netty.handler.HttpHandler - 

Request DefaultHttpRequest(decodeResult: success, version: HTTP/1.1)
POST /wd/hub/session/421f9728-4efd-488b-8093-66b13bb2095b/element HTTP/1.1
User-Agent: appium/8.3.0 (selenium/4.8.1 (java mac))
Content-Length: 305
Content-Type: application/json; charset=utf-8
host: 127.0.0.1:4723
accept: */*

Response DefaultHttpResponse(decodeResult: success, version: HTTP/1.1)
HTTP/1.1 200 OK
X-Powered-By: Express
Vary: X-HTTP-Method-Override
Content-Type: application/json; charset=utf-8
Content-Length: 137
ETag: W/"89-pe+ArcMWU94soXNcm9x32fi3nPo"
Date: Tue, 09 May 2023 13:17:58 GMT
Connection: keep-alive
Keep-Alive: timeout=600

20:17:58.993 [AsyncHttpClient-1-2] DEBUG org.asynchttpclient.netty.channel.ChannelManager - Adding key: http://127.0.0.1:4723 for channel [id: 0xd6ee6950, L:/127.0.0.1:56984 - R:/127.0.0.1:4723]
20:17:58.995 [Forwarding isElementDisplayed on session 421f9728-4efd-488b-8093-66b13bb2095b to remote] DEBUG org.asynchttpclient.netty.request.NettyRequestSender - Using pooled Channel '[id: 0xd6ee6950, L:/127.0.0.1:56984 - R:/127.0.0.1:4723]' for 'GET' to 'http://127.0.0.1:4723/wd/hub/session/421f9728-4efd-488b-8093-66b13bb2095b/element/00000000-0000-0262-0000-002600000003/displayed'
20:17:58.995 [Forwarding isElementDisplayed on session 421f9728-4efd-488b-8093-66b13bb2095b to remote] DEBUG org.asynchttpclient.netty.request.NettyRequestSender - Using open Channel [id: 0xd6ee6950, L:/127.0.0.1:56984 - R:/127.0.0.1:4723] for GET '/wd/hub/session/421f9728-4efd-488b-8093-66b13bb2095b/element/00000000-0000-0262-0000-002600000003/displayed'
20:17:59.008 [AsyncHttpClient-1-2] DEBUG org.asynchttpclient.netty.handler.HttpHandler - 

Request DefaultFullHttpRequest(decodeResult: success, version: HTTP/1.1, content: EmptyByteBufBE)
GET /wd/hub/session/421f9728-4efd-488b-8093-66b13bb2095b/element/00000000-0000-0262-0000-002600000003/displayed HTTP/1.1
User-Agent: appium/8.3.0 (selenium/4.8.1 (java mac))
Cache-Control: no-cache
Content-Type: application/json; charset=utf-8
host: 127.0.0.1:4723
accept: */*

Response DefaultHttpResponse(decodeResult: success, version: HTTP/1.1)
HTTP/1.1 200 OK
X-Powered-By: Express
Content-Type: application/json; charset=utf-8
Content-Length: 14
ETag: W/"e-2ZHvAWebNQpyjGZTg6uyV8/spTo"
Date: Tue, 09 May 2023 13:17:59 GMT
Connection: keep-alive
Keep-Alive: timeout=600

20:17:59.008 [AsyncHttpClient-1-2] DEBUG org.asynchttpclient.netty.channel.ChannelManager - Adding key: http://127.0.0.1:4723 for channel [id: 0xd6ee6950, L:/127.0.0.1:56984 - R:/127.0.0.1:4723]
20:17:59.010 [Forwarding isElementEnabled on session 421f9728-4efd-488b-8093-66b13bb2095b to remote] DEBUG org.asynchttpclient.netty.request.NettyRequestSender - Using pooled Channel '[id: 0xd6ee6950, L:/127.0.0.1:56984 - R:/127.0.0.1:4723]' for 'GET' to 'http://127.0.0.1:4723/wd/hub/session/421f9728-4efd-488b-8093-66b13bb2095b/element/00000000-0000-0262-0000-002600000003/enabled'
20:17:59.010 [Forwarding isElementEnabled on session 421f9728-4efd-488b-8093-66b13bb2095b to remote] DEBUG org.asynchttpclient.netty.request.NettyRequestSender - Using open Channel [id: 0xd6ee6950, L:/127.0.0.1:56984 - R:/127.0.0.1:4723] for GET '/wd/hub/session/421f9728-4efd-488b-8093-66b13bb2095b/element/00000000-0000-0262-0000-002600000003/enabled'
20:17:59.022 [AsyncHttpClient-1-2] DEBUG org.asynchttpclient.netty.handler.HttpHandler - 

Request DefaultFullHttpRequest(decodeResult: success, version: HTTP/1.1, content: EmptyByteBufBE)
GET /wd/hub/session/421f9728-4efd-488b-8093-66b13bb2095b/element/00000000-0000-0262-0000-002600000003/enabled HTTP/1.1
User-Agent: appium/8.3.0 (selenium/4.8.1 (java mac))
Cache-Control: no-cache
Content-Type: application/json; charset=utf-8
host: 127.0.0.1:4723
accept: */*

Response DefaultHttpResponse(decodeResult: success, version: HTTP/1.1)
HTTP/1.1 200 OK
X-Powered-By: Express
Content-Type: application/json; charset=utf-8
Content-Length: 14
ETag: W/"e-2ZHvAWebNQpyjGZTg6uyV8/spTo"
Date: Tue, 09 May 2023 13:17:59 GMT
Connection: keep-alive
Keep-Alive: timeout=600

20:17:59.022 [AsyncHttpClient-1-2] DEBUG org.asynchttpclient.netty.channel.ChannelManager - Adding key: http://127.0.0.1:4723 for channel [id: 0xd6ee6950, L:/127.0.0.1:56984 - R:/127.0.0.1:4723]
20:17:59.026 [Forwarding clickElement on session 421f9728-4efd-488b-8093-66b13bb2095b to remote] DEBUG org.asynchttpclient.netty.request.NettyRequestSender - Using pooled Channel '[id: 0xd6ee6950, L:/127.0.0.1:56984 - R:/127.0.0.1:4723]' for 'POST' to 'http://127.0.0.1:4723/wd/hub/session/421f9728-4efd-488b-8093-66b13bb2095b/element/00000000-0000-0262-0000-002600000003/click'
20:17:59.026 [Forwarding clickElement on session 421f9728-4efd-488b-8093-66b13bb2095b to remote] DEBUG org.asynchttpclient.netty.request.NettyRequestSender - Using open Channel [id: 0xd6ee6950, L:/127.0.0.1:56984 - R:/127.0.0.1:4723] for POST '/wd/hub/session/421f9728-4efd-488b-8093-66b13bb2095b/element/00000000-0000-0262-0000-002600000003/click'
20:17:59.083 [AsyncHttpClient-1-2] DEBUG org.asynchttpclient.netty.handler.HttpHandler - 

Request DefaultHttpRequest(decodeResult: success, version: HTTP/1.1)
POST /wd/hub/session/421f9728-4efd-488b-8093-66b13bb2095b/element/00000000-0000-0262-0000-002600000003/click HTTP/1.1
User-Agent: appium/8.3.0 (selenium/4.8.1 (java mac))
Content-Length: 50
Content-Type: application/json; charset=utf-8
host: 127.0.0.1:4723
accept: */*

Response DefaultHttpResponse(decodeResult: success, version: HTTP/1.1)
HTTP/1.1 200 OK
X-Powered-By: Express
Vary: X-HTTP-Method-Override
Content-Type: application/json; charset=utf-8
Content-Length: 14
ETag: W/"e-9/1BuKMgFObM1mWJm+YjxtXJnUM"
Date: Tue, 09 May 2023 13:17:59 GMT
Connection: keep-alive
Keep-Alive: timeout=600

20:17:59.084 [AsyncHttpClient-1-2] DEBUG org.asynchttpclient.netty.channel.ChannelManager - Adding key: http://127.0.0.1:4723 for channel [id: 0xd6ee6950, L:/127.0.0.1:56984 - R:/127.0.0.1:4723]
20:17:59.089 [main] DEBUG net.thucydides.core.steps.StepInterceptor - STEP DONE: clickTypeEmail
20:17:59.091 [main] DEBUG net.thucydides.core.steps.StepInterceptor - STARTING STEP: ProductSteps.userInputValidEmail - inputEmail
20:17:59.094 [Forwarding findElement on session 421f9728-4efd-488b-8093-66b13bb2095b to remote] DEBUG org.asynchttpclient.netty.request.NettyRequestSender - Using pooled Channel '[id: 0xd6ee6950, L:/127.0.0.1:56984 - R:/127.0.0.1:4723]' for 'POST' to 'http://127.0.0.1:4723/wd/hub/session/421f9728-4efd-488b-8093-66b13bb2095b/element'
20:17:59.094 [Forwarding findElement on session 421f9728-4efd-488b-8093-66b13bb2095b to remote] DEBUG org.asynchttpclient.netty.request.NettyRequestSender - Using open Channel [id: 0xd6ee6950, L:/127.0.0.1:56984 - R:/127.0.0.1:4723] for POST '/wd/hub/session/421f9728-4efd-488b-8093-66b13bb2095b/element'
20:17:59.818 [AsyncHttpClient-1-2] DEBUG org.asynchttpclient.netty.handler.HttpHandler - 

Request DefaultHttpRequest(decodeResult: success, version: HTTP/1.1)
POST /wd/hub/session/421f9728-4efd-488b-8093-66b13bb2095b/element HTTP/1.1
User-Agent: appium/8.3.0 (selenium/4.8.1 (java mac))
Content-Length: 305
Content-Type: application/json; charset=utf-8
host: 127.0.0.1:4723
accept: */*

Response DefaultHttpResponse(decodeResult: success, version: HTTP/1.1)
HTTP/1.1 200 OK
X-Powered-By: Express
Vary: X-HTTP-Method-Override
Content-Type: application/json; charset=utf-8
Content-Length: 137
ETag: W/"89-pe+ArcMWU94soXNcm9x32fi3nPo"
Date: Tue, 09 May 2023 13:17:59 GMT
Connection: keep-alive
Keep-Alive: timeout=600

20:17:59.818 [AsyncHttpClient-1-2] DEBUG org.asynchttpclient.netty.channel.ChannelManager - Adding key: http://127.0.0.1:4723 for channel [id: 0xd6ee6950, L:/127.0.0.1:56984 - R:/127.0.0.1:4723]
20:17:59.824 [Forwarding sendKeysToElement on session 421f9728-4efd-488b-8093-66b13bb2095b to remote] DEBUG org.asynchttpclient.netty.request.NettyRequestSender - Using pooled Channel '[id: 0xd6ee6950, L:/127.0.0.1:56984 - R:/127.0.0.1:4723]' for 'POST' to 'http://127.0.0.1:4723/wd/hub/session/421f9728-4efd-488b-8093-66b13bb2095b/element/00000000-0000-0262-0000-002600000003/value'
20:17:59.824 [Forwarding sendKeysToElement on session 421f9728-4efd-488b-8093-66b13bb2095b to remote] DEBUG org.asynchttpclient.netty.request.NettyRequestSender - Using open Channel [id: 0xd6ee6950, L:/127.0.0.1:56984 - R:/127.0.0.1:4723] for POST '/wd/hub/session/421f9728-4efd-488b-8093-66b13bb2095b/element/00000000-0000-0262-0000-002600000003/value'
20:17:59.867 [AsyncHttpClient-1-2] DEBUG org.asynchttpclient.netty.handler.HttpHandler - 

Request DefaultHttpRequest(decodeResult: success, version: HTTP/1.1)
POST /wd/hub/session/421f9728-4efd-488b-8093-66b13bb2095b/element/00000000-0000-0262-0000-002600000003/value HTTP/1.1
User-Agent: appium/8.3.0 (selenium/4.8.1 (java mac))
Content-Length: 241
Content-Type: application/json; charset=utf-8
host: 127.0.0.1:4723
accept: */*

Response DefaultHttpResponse(decodeResult: success, version: HTTP/1.1)
HTTP/1.1 200 OK
X-Powered-By: Express
Vary: X-HTTP-Method-Override
Content-Type: application/json; charset=utf-8
Content-Length: 14
ETag: W/"e-9/1BuKMgFObM1mWJm+YjxtXJnUM"
Date: Tue, 09 May 2023 13:17:59 GMT
Connection: keep-alive
Keep-Alive: timeout=600

20:17:59.869 [AsyncHttpClient-1-2] DEBUG org.asynchttpclient.netty.channel.ChannelManager - Adding key: http://127.0.0.1:4723 for channel [id: 0xd6ee6950, L:/127.0.0.1:56984 - R:/127.0.0.1:4723]
20:17:59.871 [main] DEBUG net.thucydides.core.steps.StepInterceptor - STEP DONE: inputEmail
]]></system-out>
  </testcase>
  <testcase name="user can input valid password" classname="As a user i can login #1" time="1.777">
    <system-out><![CDATA[20:17:59.881 [main] DEBUG net.thucydides.core.steps.StepInterceptor - STARTING STEP: ProductSteps.userInputInvalidPassword - clickTypePassword
20:17:59.884 [Forwarding findElement on session 421f9728-4efd-488b-8093-66b13bb2095b to remote] DEBUG org.asynchttpclient.netty.request.NettyRequestSender - Using pooled Channel '[id: 0xd6ee6950, L:/127.0.0.1:56984 - R:/127.0.0.1:4723]' for 'POST' to 'http://127.0.0.1:4723/wd/hub/session/421f9728-4efd-488b-8093-66b13bb2095b/element'
20:17:59.884 [Forwarding findElement on session 421f9728-4efd-488b-8093-66b13bb2095b to remote] DEBUG org.asynchttpclient.netty.request.NettyRequestSender - Using open Channel [id: 0xd6ee6950, L:/127.0.0.1:56984 - R:/127.0.0.1:4723] for POST '/wd/hub/session/421f9728-4efd-488b-8093-66b13bb2095b/element'
20:18:00.393 [AsyncHttpClient-1-2] DEBUG org.asynchttpclient.netty.handler.HttpHandler - 

Request DefaultHttpRequest(decodeResult: success, version: HTTP/1.1)
POST /wd/hub/session/421f9728-4efd-488b-8093-66b13bb2095b/element HTTP/1.1
User-Agent: appium/8.3.0 (selenium/4.8.1 (java mac))
Content-Length: 305
Content-Type: application/json; charset=utf-8
host: 127.0.0.1:4723
accept: */*

Response DefaultHttpResponse(decodeResult: success, version: HTTP/1.1)
HTTP/1.1 200 OK
X-Powered-By: Express
Vary: X-HTTP-Method-Override
Content-Type: application/json; charset=utf-8
Content-Length: 137
ETag: W/"89-sLWYRqC9jZYgyll/zg4LRa/E4p8"
Date: Tue, 09 May 2023 13:18:00 GMT
Connection: keep-alive
Keep-Alive: timeout=600

20:18:00.393 [AsyncHttpClient-1-2] DEBUG org.asynchttpclient.netty.channel.ChannelManager - Adding key: http://127.0.0.1:4723 for channel [id: 0xd6ee6950, L:/127.0.0.1:56984 - R:/127.0.0.1:4723]
20:18:00.397 [Forwarding isElementDisplayed on session 421f9728-4efd-488b-8093-66b13bb2095b to remote] DEBUG org.asynchttpclient.netty.request.NettyRequestSender - Using pooled Channel '[id: 0xd6ee6950, L:/127.0.0.1:56984 - R:/127.0.0.1:4723]' for 'GET' to 'http://127.0.0.1:4723/wd/hub/session/421f9728-4efd-488b-8093-66b13bb2095b/element/00000000-0000-0262-0000-002700000003/displayed'
20:18:00.398 [Forwarding isElementDisplayed on session 421f9728-4efd-488b-8093-66b13bb2095b to remote] DEBUG org.asynchttpclient.netty.request.NettyRequestSender - Using open Channel [id: 0xd6ee6950, L:/127.0.0.1:56984 - R:/127.0.0.1:4723] for GET '/wd/hub/session/421f9728-4efd-488b-8093-66b13bb2095b/element/00000000-0000-0262-0000-002700000003/displayed'
20:18:00.410 [AsyncHttpClient-1-2] DEBUG org.asynchttpclient.netty.handler.HttpHandler - 

Request DefaultFullHttpRequest(decodeResult: success, version: HTTP/1.1, content: EmptyByteBufBE)
GET /wd/hub/session/421f9728-4efd-488b-8093-66b13bb2095b/element/00000000-0000-0262-0000-002700000003/displayed HTTP/1.1
User-Agent: appium/8.3.0 (selenium/4.8.1 (java mac))
Cache-Control: no-cache
Content-Type: application/json; charset=utf-8
host: 127.0.0.1:4723
accept: */*

Response DefaultHttpResponse(decodeResult: success, version: HTTP/1.1)
HTTP/1.1 200 OK
X-Powered-By: Express
Content-Type: application/json; charset=utf-8
Content-Length: 14
ETag: W/"e-2ZHvAWebNQpyjGZTg6uyV8/spTo"
Date: Tue, 09 May 2023 13:18:00 GMT
Connection: keep-alive
Keep-Alive: timeout=600

20:18:00.411 [AsyncHttpClient-1-2] DEBUG org.asynchttpclient.netty.channel.ChannelManager - Adding key: http://127.0.0.1:4723 for channel [id: 0xd6ee6950, L:/127.0.0.1:56984 - R:/127.0.0.1:4723]
20:18:00.414 [Forwarding isElementEnabled on session 421f9728-4efd-488b-8093-66b13bb2095b to remote] DEBUG org.asynchttpclient.netty.request.NettyRequestSender - Using pooled Channel '[id: 0xd6ee6950, L:/127.0.0.1:56984 - R:/127.0.0.1:4723]' for 'GET' to 'http://127.0.0.1:4723/wd/hub/session/421f9728-4efd-488b-8093-66b13bb2095b/element/00000000-0000-0262-0000-002700000003/enabled'
20:18:00.415 [Forwarding isElementEnabled on session 421f9728-4efd-488b-8093-66b13bb2095b to remote] DEBUG org.asynchttpclient.netty.request.NettyRequestSender - Using open Channel [id: 0xd6ee6950, L:/127.0.0.1:56984 - R:/127.0.0.1:4723] for GET '/wd/hub/session/421f9728-4efd-488b-8093-66b13bb2095b/element/00000000-0000-0262-0000-002700000003/enabled'
20:18:00.430 [AsyncHttpClient-1-2] DEBUG org.asynchttpclient.netty.handler.HttpHandler - 

Request DefaultFullHttpRequest(decodeResult: success, version: HTTP/1.1, content: EmptyByteBufBE)
GET /wd/hub/session/421f9728-4efd-488b-8093-66b13bb2095b/element/00000000-0000-0262-0000-002700000003/enabled HTTP/1.1
User-Agent: appium/8.3.0 (selenium/4.8.1 (java mac))
Cache-Control: no-cache
Content-Type: application/json; charset=utf-8
host: 127.0.0.1:4723
accept: */*

Response DefaultHttpResponse(decodeResult: success, version: HTTP/1.1)
HTTP/1.1 200 OK
X-Powered-By: Express
Content-Type: application/json; charset=utf-8
Content-Length: 14
ETag: W/"e-2ZHvAWebNQpyjGZTg6uyV8/spTo"
Date: Tue, 09 May 2023 13:18:00 GMT
Connection: keep-alive
Keep-Alive: timeout=600

20:18:00.430 [AsyncHttpClient-1-2] DEBUG org.asynchttpclient.netty.channel.ChannelManager - Adding key: http://127.0.0.1:4723 for channel [id: 0xd6ee6950, L:/127.0.0.1:56984 - R:/127.0.0.1:4723]
20:18:00.433 [Forwarding clickElement on session 421f9728-4efd-488b-8093-66b13bb2095b to remote] DEBUG org.asynchttpclient.netty.request.NettyRequestSender - Using pooled Channel '[id: 0xd6ee6950, L:/127.0.0.1:56984 - R:/127.0.0.1:4723]' for 'POST' to 'http://127.0.0.1:4723/wd/hub/session/421f9728-4efd-488b-8093-66b13bb2095b/element/00000000-0000-0262-0000-002700000003/click'
20:18:00.433 [Forwarding clickElement on session 421f9728-4efd-488b-8093-66b13bb2095b to remote] DEBUG org.asynchttpclient.netty.request.NettyRequestSender - Using open Channel [id: 0xd6ee6950, L:/127.0.0.1:56984 - R:/127.0.0.1:4723] for POST '/wd/hub/session/421f9728-4efd-488b-8093-66b13bb2095b/element/00000000-0000-0262-0000-002700000003/click'
20:18:01.522 [AsyncHttpClient-1-2] DEBUG org.asynchttpclient.netty.handler.HttpHandler - 

Request DefaultHttpRequest(decodeResult: success, version: HTTP/1.1)
POST /wd/hub/session/421f9728-4efd-488b-8093-66b13bb2095b/element/00000000-0000-0262-0000-002700000003/click HTTP/1.1
User-Agent: appium/8.3.0 (selenium/4.8.1 (java mac))
Content-Length: 50
Content-Type: application/json; charset=utf-8
host: 127.0.0.1:4723
accept: */*

Response DefaultHttpResponse(decodeResult: success, version: HTTP/1.1)
HTTP/1.1 200 OK
X-Powered-By: Express
Vary: X-HTTP-Method-Override
Content-Type: application/json; charset=utf-8
Content-Length: 14
ETag: W/"e-9/1BuKMgFObM1mWJm+YjxtXJnUM"
Date: Tue, 09 May 2023 13:18:01 GMT
Connection: keep-alive
Keep-Alive: timeout=600

20:18:01.522 [AsyncHttpClient-1-2] DEBUG org.asynchttpclient.netty.channel.ChannelManager - Adding key: http://127.0.0.1:4723 for channel [id: 0xd6ee6950, L:/127.0.0.1:56984 - R:/127.0.0.1:4723]
20:18:01.525 [main] DEBUG net.thucydides.core.steps.StepInterceptor - STEP DONE: clickTypePassword
20:18:01.541 [main] DEBUG net.thucydides.core.steps.StepInterceptor - STARTING STEP: ProductSteps.userInputInvalidPassword - inputPassword
20:18:01.547 [Forwarding findElement on session 421f9728-4efd-488b-8093-66b13bb2095b to remote] DEBUG org.asynchttpclient.netty.request.NettyRequestSender - Using pooled Channel '[id: 0xd6ee6950, L:/127.0.0.1:56984 - R:/127.0.0.1:4723]' for 'POST' to 'http://127.0.0.1:4723/wd/hub/session/421f9728-4efd-488b-8093-66b13bb2095b/element'
20:18:01.548 [Forwarding findElement on session 421f9728-4efd-488b-8093-66b13bb2095b to remote] DEBUG org.asynchttpclient.netty.request.NettyRequestSender - Using open Channel [id: 0xd6ee6950, L:/127.0.0.1:56984 - R:/127.0.0.1:4723] for POST '/wd/hub/session/421f9728-4efd-488b-8093-66b13bb2095b/element'
20:18:01.593 [AsyncHttpClient-1-2] DEBUG org.asynchttpclient.netty.handler.HttpHandler - 

Request DefaultHttpRequest(decodeResult: success, version: HTTP/1.1)
POST /wd/hub/session/421f9728-4efd-488b-8093-66b13bb2095b/element HTTP/1.1
User-Agent: appium/8.3.0 (selenium/4.8.1 (java mac))
Content-Length: 305
Content-Type: application/json; charset=utf-8
host: 127.0.0.1:4723
accept: */*

Response DefaultHttpResponse(decodeResult: success, version: HTTP/1.1)
HTTP/1.1 200 OK
X-Powered-By: Express
Vary: X-HTTP-Method-Override
Content-Type: application/json; charset=utf-8
Content-Length: 137
ETag: W/"89-sLWYRqC9jZYgyll/zg4LRa/E4p8"
Date: Tue, 09 May 2023 13:18:01 GMT
Connection: keep-alive
Keep-Alive: timeout=600

20:18:01.598 [AsyncHttpClient-1-2] DEBUG org.asynchttpclient.netty.channel.ChannelManager - Adding key: http://127.0.0.1:4723 for channel [id: 0xd6ee6950, L:/127.0.0.1:56984 - R:/127.0.0.1:4723]
20:18:01.607 [Forwarding sendKeysToElement on session 421f9728-4efd-488b-8093-66b13bb2095b to remote] DEBUG org.asynchttpclient.netty.request.NettyRequestSender - Using pooled Channel '[id: 0xd6ee6950, L:/127.0.0.1:56984 - R:/127.0.0.1:4723]' for 'POST' to 'http://127.0.0.1:4723/wd/hub/session/421f9728-4efd-488b-8093-66b13bb2095b/element/00000000-0000-0262-0000-002700000003/value'
20:18:01.607 [Forwarding sendKeysToElement on session 421f9728-4efd-488b-8093-66b13bb2095b to remote] DEBUG org.asynchttpclient.netty.request.NettyRequestSender - Using open Channel [id: 0xd6ee6950, L:/127.0.0.1:56984 - R:/127.0.0.1:4723] for POST '/wd/hub/session/421f9728-4efd-488b-8093-66b13bb2095b/element/00000000-0000-0262-0000-002700000003/value'
20:18:01.641 [AsyncHttpClient-1-2] DEBUG org.asynchttpclient.netty.handler.HttpHandler - 

Request DefaultHttpRequest(decodeResult: success, version: HTTP/1.1)
POST /wd/hub/session/421f9728-4efd-488b-8093-66b13bb2095b/element/00000000-0000-0262-0000-002700000003/value HTTP/1.1
User-Agent: appium/8.3.0 (selenium/4.8.1 (java mac))
Content-Length: 141
Content-Type: application/json; charset=utf-8
host: 127.0.0.1:4723
accept: */*

Response DefaultHttpResponse(decodeResult: success, version: HTTP/1.1)
HTTP/1.1 200 OK
X-Powered-By: Express
Vary: X-HTTP-Method-Override
Content-Type: application/json; charset=utf-8
Content-Length: 14
ETag: W/"e-9/1BuKMgFObM1mWJm+YjxtXJnUM"
Date: Tue, 09 May 2023 13:18:01 GMT
Connection: keep-alive
Keep-Alive: timeout=600

20:18:01.643 [AsyncHttpClient-1-2] DEBUG org.asynchttpclient.netty.channel.ChannelManager - Adding key: http://127.0.0.1:4723 for channel [id: 0xd6ee6950, L:/127.0.0.1:56984 - R:/127.0.0.1:4723]
20:18:01.649 [main] DEBUG net.thucydides.core.steps.StepInterceptor - STEP DONE: inputPassword
]]></system-out>
  </testcase>
  <testcase name="user can click login button" classname="As a user i can login #1" time="1.707">
    <system-out><![CDATA[20:18:01.688 [main] DEBUG net.thucydides.core.steps.StepInterceptor - STARTING STEP: ProductSteps.userClickLoginButton - tapLoginButton
20:18:01.694 [Forwarding findElement on session 421f9728-4efd-488b-8093-66b13bb2095b to remote] DEBUG org.asynchttpclient.netty.request.NettyRequestSender - Using pooled Channel '[id: 0xd6ee6950, L:/127.0.0.1:56984 - R:/127.0.0.1:4723]' for 'POST' to 'http://127.0.0.1:4723/wd/hub/session/421f9728-4efd-488b-8093-66b13bb2095b/element'
20:18:01.695 [Forwarding findElement on session 421f9728-4efd-488b-8093-66b13bb2095b to remote] DEBUG org.asynchttpclient.netty.request.NettyRequestSender - Using open Channel [id: 0xd6ee6950, L:/127.0.0.1:56984 - R:/127.0.0.1:4723] for POST '/wd/hub/session/421f9728-4efd-488b-8093-66b13bb2095b/element'
20:18:02.232 [AsyncHttpClient-1-2] DEBUG org.asynchttpclient.netty.handler.HttpHandler - 

Request DefaultHttpRequest(decodeResult: success, version: HTTP/1.1)
POST /wd/hub/session/421f9728-4efd-488b-8093-66b13bb2095b/element HTTP/1.1
User-Agent: appium/8.3.0 (selenium/4.8.1 (java mac))
Content-Length: 99
Content-Type: application/json; charset=utf-8
host: 127.0.0.1:4723
accept: */*

Response DefaultHttpResponse(decodeResult: success, version: HTTP/1.1)
HTTP/1.1 200 OK
X-Powered-By: Express
Vary: X-HTTP-Method-Override
Content-Type: application/json; charset=utf-8
Content-Length: 137
ETag: W/"89-QTbSB5Dtu3GPjx1gJk6ZF0Ca5x0"
Date: Tue, 09 May 2023 13:18:02 GMT
Connection: keep-alive
Keep-Alive: timeout=600

20:18:02.234 [AsyncHttpClient-1-2] DEBUG org.asynchttpclient.netty.channel.ChannelManager - Adding key: http://127.0.0.1:4723 for channel [id: 0xd6ee6950, L:/127.0.0.1:56984 - R:/127.0.0.1:4723]
20:18:02.250 [Forwarding isElementDisplayed on session 421f9728-4efd-488b-8093-66b13bb2095b to remote] DEBUG org.asynchttpclient.netty.request.NettyRequestSender - Using pooled Channel '[id: 0xd6ee6950, L:/127.0.0.1:56984 - R:/127.0.0.1:4723]' for 'GET' to 'http://127.0.0.1:4723/wd/hub/session/421f9728-4efd-488b-8093-66b13bb2095b/element/00000000-0000-0262-0000-002800000003/displayed'
20:18:02.250 [Forwarding isElementDisplayed on session 421f9728-4efd-488b-8093-66b13bb2095b to remote] DEBUG org.asynchttpclient.netty.request.NettyRequestSender - Using open Channel [id: 0xd6ee6950, L:/127.0.0.1:56984 - R:/127.0.0.1:4723] for GET '/wd/hub/session/421f9728-4efd-488b-8093-66b13bb2095b/element/00000000-0000-0262-0000-002800000003/displayed'
20:18:02.270 [AsyncHttpClient-1-2] DEBUG org.asynchttpclient.netty.handler.HttpHandler - 

Request DefaultFullHttpRequest(decodeResult: success, version: HTTP/1.1, content: EmptyByteBufBE)
GET /wd/hub/session/421f9728-4efd-488b-8093-66b13bb2095b/element/00000000-0000-0262-0000-002800000003/displayed HTTP/1.1
User-Agent: appium/8.3.0 (selenium/4.8.1 (java mac))
Cache-Control: no-cache
Content-Type: application/json; charset=utf-8
host: 127.0.0.1:4723
accept: */*

Response DefaultHttpResponse(decodeResult: success, version: HTTP/1.1)
HTTP/1.1 200 OK
X-Powered-By: Express
Content-Type: application/json; charset=utf-8
Content-Length: 14
ETag: W/"e-2ZHvAWebNQpyjGZTg6uyV8/spTo"
Date: Tue, 09 May 2023 13:18:02 GMT
Connection: keep-alive
Keep-Alive: timeout=600

20:18:02.270 [AsyncHttpClient-1-2] DEBUG org.asynchttpclient.netty.channel.ChannelManager - Adding key: http://127.0.0.1:4723 for channel [id: 0xd6ee6950, L:/127.0.0.1:56984 - R:/127.0.0.1:4723]
20:18:02.272 [Forwarding isElementEnabled on session 421f9728-4efd-488b-8093-66b13bb2095b to remote] DEBUG org.asynchttpclient.netty.request.NettyRequestSender - Using pooled Channel '[id: 0xd6ee6950, L:/127.0.0.1:56984 - R:/127.0.0.1:4723]' for 'GET' to 'http://127.0.0.1:4723/wd/hub/session/421f9728-4efd-488b-8093-66b13bb2095b/element/00000000-0000-0262-0000-002800000003/enabled'
20:18:02.272 [Forwarding isElementEnabled on session 421f9728-4efd-488b-8093-66b13bb2095b to remote] DEBUG org.asynchttpclient.netty.request.NettyRequestSender - Using open Channel [id: 0xd6ee6950, L:/127.0.0.1:56984 - R:/127.0.0.1:4723] for GET '/wd/hub/session/421f9728-4efd-488b-8093-66b13bb2095b/element/00000000-0000-0262-0000-002800000003/enabled'
20:18:02.291 [AsyncHttpClient-1-2] DEBUG org.asynchttpclient.netty.handler.HttpHandler - 

Request DefaultFullHttpRequest(decodeResult: success, version: HTTP/1.1, content: EmptyByteBufBE)
GET /wd/hub/session/421f9728-4efd-488b-8093-66b13bb2095b/element/00000000-0000-0262-0000-002800000003/enabled HTTP/1.1
User-Agent: appium/8.3.0 (selenium/4.8.1 (java mac))
Cache-Control: no-cache
Content-Type: application/json; charset=utf-8
host: 127.0.0.1:4723
accept: */*

Response DefaultHttpResponse(decodeResult: success, version: HTTP/1.1)
HTTP/1.1 200 OK
X-Powered-By: Express
Content-Type: application/json; charset=utf-8
Content-Length: 14
ETag: W/"e-2ZHvAWebNQpyjGZTg6uyV8/spTo"
Date: Tue, 09 May 2023 13:18:02 GMT
Connection: keep-alive
Keep-Alive: timeout=600

20:18:02.292 [AsyncHttpClient-1-2] DEBUG org.asynchttpclient.netty.channel.ChannelManager - Adding key: http://127.0.0.1:4723 for channel [id: 0xd6ee6950, L:/127.0.0.1:56984 - R:/127.0.0.1:4723]
20:18:02.297 [Forwarding clickElement on session 421f9728-4efd-488b-8093-66b13bb2095b to remote] DEBUG org.asynchttpclient.netty.request.NettyRequestSender - Using pooled Channel '[id: 0xd6ee6950, L:/127.0.0.1:56984 - R:/127.0.0.1:4723]' for 'POST' to 'http://127.0.0.1:4723/wd/hub/session/421f9728-4efd-488b-8093-66b13bb2095b/element/00000000-0000-0262-0000-002800000003/click'
20:18:02.297 [Forwarding clickElement on session 421f9728-4efd-488b-8093-66b13bb2095b to remote] DEBUG org.asynchttpclient.netty.request.NettyRequestSender - Using open Channel [id: 0xd6ee6950, L:/127.0.0.1:56984 - R:/127.0.0.1:4723] for POST '/wd/hub/session/421f9728-4efd-488b-8093-66b13bb2095b/element/00000000-0000-0262-0000-002800000003/click'
20:18:03.350 [AsyncHttpClient-1-2] DEBUG org.asynchttpclient.netty.handler.HttpHandler - 

Request DefaultHttpRequest(decodeResult: success, version: HTTP/1.1)
POST /wd/hub/session/421f9728-4efd-488b-8093-66b13bb2095b/element/00000000-0000-0262-0000-002800000003/click HTTP/1.1
User-Agent: appium/8.3.0 (selenium/4.8.1 (java mac))
Content-Length: 50
Content-Type: application/json; charset=utf-8
host: 127.0.0.1:4723
accept: */*

Response DefaultHttpResponse(decodeResult: success, version: HTTP/1.1)
HTTP/1.1 200 OK
X-Powered-By: Express
Vary: X-HTTP-Method-Override
Content-Type: application/json; charset=utf-8
Content-Length: 14
ETag: W/"e-9/1BuKMgFObM1mWJm+YjxtXJnUM"
Date: Tue, 09 May 2023 13:18:03 GMT
Connection: keep-alive
Keep-Alive: timeout=600

20:18:03.354 [AsyncHttpClient-1-2] DEBUG org.asynchttpclient.netty.channel.ChannelManager - Adding key: http://127.0.0.1:4723 for channel [id: 0xd6ee6950, L:/127.0.0.1:56984 - R:/127.0.0.1:4723]
20:18:03.370 [main] DEBUG net.thucydides.core.steps.StepInterceptor - STEP DONE: tapLoginButton
]]></system-out>
  </testcase>
  <testcase name="user back to home page andd see all product" classname="As a user i can login #1" time="0.106">
    <system-out><![CDATA[20:18:03.432 [main] DEBUG net.thucydides.core.steps.StepInterceptor - STARTING STEP: ProductSteps.validateHomePage - validateHomePage
20:18:03.446 [Forwarding findElement on session 421f9728-4efd-488b-8093-66b13bb2095b to remote] DEBUG org.asynchttpclient.netty.request.NettyRequestSender - Using pooled Channel '[id: 0xd6ee6950, L:/127.0.0.1:56984 - R:/127.0.0.1:4723]' for 'POST' to 'http://127.0.0.1:4723/wd/hub/session/421f9728-4efd-488b-8093-66b13bb2095b/element'
20:18:03.446 [Forwarding findElement on session 421f9728-4efd-488b-8093-66b13bb2095b to remote] DEBUG org.asynchttpclient.netty.request.NettyRequestSender - Using open Channel [id: 0xd6ee6950, L:/127.0.0.1:56984 - R:/127.0.0.1:4723] for POST '/wd/hub/session/421f9728-4efd-488b-8093-66b13bb2095b/element'
20:18:03.505 [AsyncHttpClient-1-2] DEBUG org.asynchttpclient.netty.handler.HttpHandler - 

Request DefaultHttpRequest(decodeResult: success, version: HTTP/1.1)
POST /wd/hub/session/421f9728-4efd-488b-8093-66b13bb2095b/element HTTP/1.1
User-Agent: appium/8.3.0 (selenium/4.8.1 (java mac))
Content-Length: 330
Content-Type: application/json; charset=utf-8
host: 127.0.0.1:4723
accept: */*

Response DefaultHttpResponse(decodeResult: success, version: HTTP/1.1)
HTTP/1.1 200 OK
X-Powered-By: Express
Vary: X-HTTP-Method-Override
Content-Type: application/json; charset=utf-8
Content-Length: 137
ETag: W/"89-ah0MjvK8LcylT2SDgv4Z9exOkAU"
Date: Tue, 09 May 2023 13:18:03 GMT
Connection: keep-alive
Keep-Alive: timeout=600

20:18:03.507 [AsyncHttpClient-1-2] DEBUG org.asynchttpclient.netty.channel.ChannelManager - Adding key: http://127.0.0.1:4723 for channel [id: 0xd6ee6950, L:/127.0.0.1:56984 - R:/127.0.0.1:4723]
20:18:03.512 [Forwarding isElementDisplayed on session 421f9728-4efd-488b-8093-66b13bb2095b to remote] DEBUG org.asynchttpclient.netty.request.NettyRequestSender - Using pooled Channel '[id: 0xd6ee6950, L:/127.0.0.1:56984 - R:/127.0.0.1:4723]' for 'GET' to 'http://127.0.0.1:4723/wd/hub/session/421f9728-4efd-488b-8093-66b13bb2095b/element/00000000-0000-0262-0000-000700000003/displayed'
20:18:03.513 [Forwarding isElementDisplayed on session 421f9728-4efd-488b-8093-66b13bb2095b to remote] DEBUG org.asynchttpclient.netty.request.NettyRequestSender - Using open Channel [id: 0xd6ee6950, L:/127.0.0.1:56984 - R:/127.0.0.1:4723] for GET '/wd/hub/session/421f9728-4efd-488b-8093-66b13bb2095b/element/00000000-0000-0262-0000-000700000003/displayed'
20:18:03.520 [AsyncHttpClient-1-2] DEBUG org.asynchttpclient.netty.handler.HttpHandler - 

Request DefaultFullHttpRequest(decodeResult: success, version: HTTP/1.1, content: EmptyByteBufBE)
GET /wd/hub/session/421f9728-4efd-488b-8093-66b13bb2095b/element/00000000-0000-0262-0000-000700000003/displayed HTTP/1.1
User-Agent: appium/8.3.0 (selenium/4.8.1 (java mac))
Cache-Control: no-cache
Content-Type: application/json; charset=utf-8
host: 127.0.0.1:4723
accept: */*

Response DefaultHttpResponse(decodeResult: success, version: HTTP/1.1)
HTTP/1.1 200 OK
X-Powered-By: Express
Content-Type: application/json; charset=utf-8
Content-Length: 14
ETag: W/"e-2ZHvAWebNQpyjGZTg6uyV8/spTo"
Date: Tue, 09 May 2023 13:18:03 GMT
Connection: keep-alive
Keep-Alive: timeout=600

20:18:03.520 [AsyncHttpClient-1-2] DEBUG org.asynchttpclient.netty.channel.ChannelManager - Adding key: http://127.0.0.1:4723 for channel [id: 0xd6ee6950, L:/127.0.0.1:56984 - R:/127.0.0.1:4723]
20:18:03.522 [main] DEBUG net.thucydides.core.steps.StepInterceptor - STEP DONE: validateHomePage
]]></system-out>
  </testcase>
  <testcase name="user go on home page" classname="As a user i can login #2" time="6.025">
    <system-out><![CDATA[20:18:03.527 [main] INFO  - 
  _____   ___   ___   _____     ___     _     ___   ___   ___   ___  
 |_   _| | __| / __| |_   _|   | _ \   /_\   / __| / __| | __| |   \ 
   | |   | _|  \__ \   | |     |  _/  / _ \  \__ \ \__ \ | _|  | |) |
   |_|   |___| |___/   |_|     |_|   /_/ \_\ |___/ |___/ |___| |___/ 

As a user i can login
----------------------------------------------------------------------
20:18:03.545 [main] DEBUG io.cucumber.core.plugin.SerenityReporter - Running feature from file:///Users/masgilang/Downloads/test-automation-MinProMobile/src/test/resources/features/Product.feature
20:18:03.557 [main] DEBUG net.thucydides.core.steps.StepInterceptor - STARTING STEP: ProductSteps.userOnHomePage - onHomePage
20:18:03.576 [Forwarding newSession on session null to remote] DEBUG org.asynchttpclient.netty.request.NettyRequestSender - Using pooled Channel '[id: 0xd6ee6950, L:/127.0.0.1:56984 - R:/127.0.0.1:4723]' for 'POST' to 'http://127.0.0.1:4723/wd/hub/session'
20:18:03.576 [Forwarding newSession on session null to remote] DEBUG org.asynchttpclient.netty.request.NettyRequestSender - Using open Channel [id: 0xd6ee6950, L:/127.0.0.1:56984 - R:/127.0.0.1:4723] for POST '/wd/hub/session'
20:18:08.531 [AsyncHttpClient-1-2] DEBUG org.asynchttpclient.netty.handler.HttpHandler - 

Request DefaultHttpRequest(decodeResult: success, version: HTTP/1.1)
POST /wd/hub/session HTTP/1.1
X-Idempotency-Key: 126fda04-b4d6-44c0-b2a8-0bda342847d3
User-Agent: appium/8.3.0 (selenium/4.8.1 (java mac))
Content-Length: 423
Content-Type: application/json; charset=utf-8
host: 127.0.0.1:4723
accept: */*

Response DefaultHttpResponse(decodeResult: success, version: HTTP/1.1)
HTTP/1.1 200 OK
X-Powered-By: Express
Vary: X-HTTP-Method-Override
Content-Type: application/json; charset=utf-8
Content-Length: 1038
ETag: W/"40e-5fxU6+nEZ4o0v9lvvhuarSri22k"
Date: Tue, 09 May 2023 13:18:08 GMT
Connection: keep-alive
Keep-Alive: timeout=600

20:18:08.543 [AsyncHttpClient-1-2] DEBUG org.asynchttpclient.netty.channel.ChannelManager - Adding key: http://127.0.0.1:4723 for channel [id: 0xd6ee6950, L:/127.0.0.1:56984 - R:/127.0.0.1:4723]
20:18:08.576 [Forwarding setTimeout on session 591ebfa2-ff9d-43dd-8c02-48165d025fd5 to remote] DEBUG org.asynchttpclient.netty.request.NettyRequestSender - Using pooled Channel '[id: 0xd6ee6950, L:/127.0.0.1:56984 - R:/127.0.0.1:4723]' for 'POST' to 'http://127.0.0.1:4723/wd/hub/session/591ebfa2-ff9d-43dd-8c02-48165d025fd5/timeouts'
20:18:08.576 [Forwarding setTimeout on session 591ebfa2-ff9d-43dd-8c02-48165d025fd5 to remote] DEBUG org.asynchttpclient.netty.request.NettyRequestSender - Using open Channel [id: 0xd6ee6950, L:/127.0.0.1:56984 - R:/127.0.0.1:4723] for POST '/wd/hub/session/591ebfa2-ff9d-43dd-8c02-48165d025fd5/timeouts'
20:18:08.580 [AsyncHttpClient-1-2] DEBUG org.asynchttpclient.netty.handler.HttpHandler - 

Request DefaultHttpRequest(decodeResult: success, version: HTTP/1.1)
POST /wd/hub/session/591ebfa2-ff9d-43dd-8c02-48165d025fd5/timeouts HTTP/1.1
User-Agent: appium/8.3.0 (selenium/4.8.1 (java mac))
Content-Length: 23
Content-Type: application/json; charset=utf-8
host: 127.0.0.1:4723
accept: */*

Response DefaultHttpResponse(decodeResult: success, version: HTTP/1.1)
HTTP/1.1 200 OK
X-Powered-By: Express
Vary: X-HTTP-Method-Override
Content-Type: application/json; charset=utf-8
Content-Length: 14
ETag: W/"e-9/1BuKMgFObM1mWJm+YjxtXJnUM"
Date: Tue, 09 May 2023 13:18:08 GMT
Connection: keep-alive
Keep-Alive: timeout=600

20:18:08.581 [AsyncHttpClient-1-2] DEBUG org.asynchttpclient.netty.channel.ChannelManager - Adding key: http://127.0.0.1:4723 for channel [id: 0xd6ee6950, L:/127.0.0.1:56984 - R:/127.0.0.1:4723]
20:18:08.583 [Forwarding findElement on session 591ebfa2-ff9d-43dd-8c02-48165d025fd5 to remote] DEBUG org.asynchttpclient.netty.request.NettyRequestSender - Using pooled Channel '[id: 0xd6ee6950, L:/127.0.0.1:56984 - R:/127.0.0.1:4723]' for 'POST' to 'http://127.0.0.1:4723/wd/hub/session/591ebfa2-ff9d-43dd-8c02-48165d025fd5/element'
20:18:08.584 [Forwarding findElement on session 591ebfa2-ff9d-43dd-8c02-48165d025fd5 to remote] DEBUG org.asynchttpclient.netty.request.NettyRequestSender - Using open Channel [id: 0xd6ee6950, L:/127.0.0.1:56984 - R:/127.0.0.1:4723] for POST '/wd/hub/session/591ebfa2-ff9d-43dd-8c02-48165d025fd5/element'
20:18:09.524 [AsyncHttpClient-1-2] DEBUG org.asynchttpclient.netty.handler.HttpHandler - 

Request DefaultHttpRequest(decodeResult: success, version: HTTP/1.1)
POST /wd/hub/session/591ebfa2-ff9d-43dd-8c02-48165d025fd5/element HTTP/1.1
User-Agent: appium/8.3.0 (selenium/4.8.1 (java mac))
Content-Length: 330
Content-Type: application/json; charset=utf-8
host: 127.0.0.1:4723
accept: */*

Response DefaultHttpResponse(decodeResult: success, version: HTTP/1.1)
HTTP/1.1 200 OK
X-Powered-By: Express
Vary: X-HTTP-Method-Override
Content-Type: application/json; charset=utf-8
Content-Length: 137
ETag: W/"89-Ub8QN2Ft07Xiabq2b3r/7V4OZaM"
Date: Tue, 09 May 2023 13:18:09 GMT
Connection: keep-alive
Keep-Alive: timeout=600

20:18:09.526 [AsyncHttpClient-1-2] DEBUG org.asynchttpclient.netty.channel.ChannelManager - Adding key: http://127.0.0.1:4723 for channel [id: 0xd6ee6950, L:/127.0.0.1:56984 - R:/127.0.0.1:4723]
20:18:09.530 [Forwarding isElementDisplayed on session 591ebfa2-ff9d-43dd-8c02-48165d025fd5 to remote] DEBUG org.asynchttpclient.netty.request.NettyRequestSender - Using pooled Channel '[id: 0xd6ee6950, L:/127.0.0.1:56984 - R:/127.0.0.1:4723]' for 'GET' to 'http://127.0.0.1:4723/wd/hub/session/591ebfa2-ff9d-43dd-8c02-48165d025fd5/element/00000000-0000-026c-0000-000700000003/displayed'
20:18:09.531 [Forwarding isElementDisplayed on session 591ebfa2-ff9d-43dd-8c02-48165d025fd5 to remote] DEBUG org.asynchttpclient.netty.request.NettyRequestSender - Using open Channel [id: 0xd6ee6950, L:/127.0.0.1:56984 - R:/127.0.0.1:4723] for GET '/wd/hub/session/591ebfa2-ff9d-43dd-8c02-48165d025fd5/element/00000000-0000-026c-0000-000700000003/displayed'
20:18:09.554 [AsyncHttpClient-1-2] DEBUG org.asynchttpclient.netty.handler.HttpHandler - 

Request DefaultFullHttpRequest(decodeResult: success, version: HTTP/1.1, content: EmptyByteBufBE)
GET /wd/hub/session/591ebfa2-ff9d-43dd-8c02-48165d025fd5/element/00000000-0000-026c-0000-000700000003/displayed HTTP/1.1
User-Agent: appium/8.3.0 (selenium/4.8.1 (java mac))
Cache-Control: no-cache
Content-Type: application/json; charset=utf-8
host: 127.0.0.1:4723
accept: */*

Response DefaultHttpResponse(decodeResult: success, version: HTTP/1.1)
HTTP/1.1 200 OK
X-Powered-By: Express
Content-Type: application/json; charset=utf-8
Content-Length: 14
ETag: W/"e-2ZHvAWebNQpyjGZTg6uyV8/spTo"
Date: Tue, 09 May 2023 13:18:09 GMT
Connection: keep-alive
Keep-Alive: timeout=600

20:18:09.554 [AsyncHttpClient-1-2] DEBUG org.asynchttpclient.netty.channel.ChannelManager - Adding key: http://127.0.0.1:4723 for channel [id: 0xd6ee6950, L:/127.0.0.1:56984 - R:/127.0.0.1:4723]
20:18:09.558 [Forwarding isElementDisplayed on session 591ebfa2-ff9d-43dd-8c02-48165d025fd5 to remote] DEBUG org.asynchttpclient.netty.request.NettyRequestSender - Using pooled Channel '[id: 0xd6ee6950, L:/127.0.0.1:56984 - R:/127.0.0.1:4723]' for 'GET' to 'http://127.0.0.1:4723/wd/hub/session/591ebfa2-ff9d-43dd-8c02-48165d025fd5/element/00000000-0000-026c-0000-000700000003/displayed'
20:18:09.558 [Forwarding isElementDisplayed on session 591ebfa2-ff9d-43dd-8c02-48165d025fd5 to remote] DEBUG org.asynchttpclient.netty.request.NettyRequestSender - Using open Channel [id: 0xd6ee6950, L:/127.0.0.1:56984 - R:/127.0.0.1:4723] for GET '/wd/hub/session/591ebfa2-ff9d-43dd-8c02-48165d025fd5/element/00000000-0000-026c-0000-000700000003/displayed'
20:18:09.570 [AsyncHttpClient-1-2] DEBUG org.asynchttpclient.netty.handler.HttpHandler - 

Request DefaultFullHttpRequest(decodeResult: success, version: HTTP/1.1, content: EmptyByteBufBE)
GET /wd/hub/session/591ebfa2-ff9d-43dd-8c02-48165d025fd5/element/00000000-0000-026c-0000-000700000003/displayed HTTP/1.1
User-Agent: appium/8.3.0 (selenium/4.8.1 (java mac))
Cache-Control: no-cache
Content-Type: application/json; charset=utf-8
host: 127.0.0.1:4723
accept: */*

Response DefaultHttpResponse(decodeResult: success, version: HTTP/1.1)
HTTP/1.1 200 OK
X-Powered-By: Express
Content-Type: application/json; charset=utf-8
Content-Length: 14
ETag: W/"e-2ZHvAWebNQpyjGZTg6uyV8/spTo"
Date: Tue, 09 May 2023 13:18:09 GMT
Connection: keep-alive
Keep-Alive: timeout=600

20:18:09.570 [AsyncHttpClient-1-2] DEBUG org.asynchttpclient.netty.channel.ChannelManager - Adding key: http://127.0.0.1:4723 for channel [id: 0xd6ee6950, L:/127.0.0.1:56984 - R:/127.0.0.1:4723]
20:18:09.572 [main] DEBUG net.thucydides.core.steps.StepInterceptor - STEP DONE: onHomePage
]]></system-out>
  </testcase>
  <testcase name="user can click account info" classname="As a user i can login #2" time="1.451">
    <system-out><![CDATA[20:18:09.582 [main] DEBUG net.thucydides.core.steps.StepInterceptor - STARTING STEP: ProductSteps.userClikAccount - clickAccount
20:18:09.584 [Forwarding findElement on session 591ebfa2-ff9d-43dd-8c02-48165d025fd5 to remote] DEBUG org.asynchttpclient.netty.request.NettyRequestSender - Using pooled Channel '[id: 0xd6ee6950, L:/127.0.0.1:56984 - R:/127.0.0.1:4723]' for 'POST' to 'http://127.0.0.1:4723/wd/hub/session/591ebfa2-ff9d-43dd-8c02-48165d025fd5/element'
20:18:09.584 [Forwarding findElement on session 591ebfa2-ff9d-43dd-8c02-48165d025fd5 to remote] DEBUG org.asynchttpclient.netty.request.NettyRequestSender - Using open Channel [id: 0xd6ee6950, L:/127.0.0.1:56984 - R:/127.0.0.1:4723] for POST '/wd/hub/session/591ebfa2-ff9d-43dd-8c02-48165d025fd5/element'
20:18:09.609 [AsyncHttpClient-1-2] DEBUG org.asynchttpclient.netty.handler.HttpHandler - 

Request DefaultHttpRequest(decodeResult: success, version: HTTP/1.1)
POST /wd/hub/session/591ebfa2-ff9d-43dd-8c02-48165d025fd5/element HTTP/1.1
User-Agent: appium/8.3.0 (selenium/4.8.1 (java mac))
Content-Length: 330
Content-Type: application/json; charset=utf-8
host: 127.0.0.1:4723
accept: */*

Response DefaultHttpResponse(decodeResult: success, version: HTTP/1.1)
HTTP/1.1 200 OK
X-Powered-By: Express
Vary: X-HTTP-Method-Override
Content-Type: application/json; charset=utf-8
Content-Length: 137
ETag: W/"89-Ub8QN2Ft07Xiabq2b3r/7V4OZaM"
Date: Tue, 09 May 2023 13:18:09 GMT
Connection: keep-alive
Keep-Alive: timeout=600

20:18:09.609 [AsyncHttpClient-1-2] DEBUG org.asynchttpclient.netty.channel.ChannelManager - Adding key: http://127.0.0.1:4723 for channel [id: 0xd6ee6950, L:/127.0.0.1:56984 - R:/127.0.0.1:4723]
20:18:09.610 [Forwarding isElementDisplayed on session 591ebfa2-ff9d-43dd-8c02-48165d025fd5 to remote] DEBUG org.asynchttpclient.netty.request.NettyRequestSender - Using pooled Channel '[id: 0xd6ee6950, L:/127.0.0.1:56984 - R:/127.0.0.1:4723]' for 'GET' to 'http://127.0.0.1:4723/wd/hub/session/591ebfa2-ff9d-43dd-8c02-48165d025fd5/element/00000000-0000-026c-0000-000700000003/displayed'
20:18:09.610 [Forwarding isElementDisplayed on session 591ebfa2-ff9d-43dd-8c02-48165d025fd5 to remote] DEBUG org.asynchttpclient.netty.request.NettyRequestSender - Using open Channel [id: 0xd6ee6950, L:/127.0.0.1:56984 - R:/127.0.0.1:4723] for GET '/wd/hub/session/591ebfa2-ff9d-43dd-8c02-48165d025fd5/element/00000000-0000-026c-0000-000700000003/displayed'
20:18:09.618 [AsyncHttpClient-1-2] DEBUG org.asynchttpclient.netty.handler.HttpHandler - 

Request DefaultFullHttpRequest(decodeResult: success, version: HTTP/1.1, content: EmptyByteBufBE)
GET /wd/hub/session/591ebfa2-ff9d-43dd-8c02-48165d025fd5/element/00000000-0000-026c-0000-000700000003/displayed HTTP/1.1
User-Agent: appium/8.3.0 (selenium/4.8.1 (java mac))
Cache-Control: no-cache
Content-Type: application/json; charset=utf-8
host: 127.0.0.1:4723
accept: */*

Response DefaultHttpResponse(decodeResult: success, version: HTTP/1.1)
HTTP/1.1 200 OK
X-Powered-By: Express
Content-Type: application/json; charset=utf-8
Content-Length: 14
ETag: W/"e-2ZHvAWebNQpyjGZTg6uyV8/spTo"
Date: Tue, 09 May 2023 13:18:09 GMT
Connection: keep-alive
Keep-Alive: timeout=600

20:18:09.619 [AsyncHttpClient-1-2] DEBUG org.asynchttpclient.netty.channel.ChannelManager - Adding key: http://127.0.0.1:4723 for channel [id: 0xd6ee6950, L:/127.0.0.1:56984 - R:/127.0.0.1:4723]
20:18:09.620 [Forwarding isElementEnabled on session 591ebfa2-ff9d-43dd-8c02-48165d025fd5 to remote] DEBUG org.asynchttpclient.netty.request.NettyRequestSender - Using pooled Channel '[id: 0xd6ee6950, L:/127.0.0.1:56984 - R:/127.0.0.1:4723]' for 'GET' to 'http://127.0.0.1:4723/wd/hub/session/591ebfa2-ff9d-43dd-8c02-48165d025fd5/element/00000000-0000-026c-0000-000700000003/enabled'
20:18:09.620 [Forwarding isElementEnabled on session 591ebfa2-ff9d-43dd-8c02-48165d025fd5 to remote] DEBUG org.asynchttpclient.netty.request.NettyRequestSender - Using open Channel [id: 0xd6ee6950, L:/127.0.0.1:56984 - R:/127.0.0.1:4723] for GET '/wd/hub/session/591ebfa2-ff9d-43dd-8c02-48165d025fd5/element/00000000-0000-026c-0000-000700000003/enabled'
20:18:09.627 [AsyncHttpClient-1-2] DEBUG org.asynchttpclient.netty.handler.HttpHandler - 

Request DefaultFullHttpRequest(decodeResult: success, version: HTTP/1.1, content: EmptyByteBufBE)
GET /wd/hub/session/591ebfa2-ff9d-43dd-8c02-48165d025fd5/element/00000000-0000-026c-0000-000700000003/enabled HTTP/1.1
User-Agent: appium/8.3.0 (selenium/4.8.1 (java mac))
Cache-Control: no-cache
Content-Type: application/json; charset=utf-8
host: 127.0.0.1:4723
accept: */*

Response DefaultHttpResponse(decodeResult: success, version: HTTP/1.1)
HTTP/1.1 200 OK
X-Powered-By: Express
Content-Type: application/json; charset=utf-8
Content-Length: 14
ETag: W/"e-2ZHvAWebNQpyjGZTg6uyV8/spTo"
Date: Tue, 09 May 2023 13:18:09 GMT
Connection: keep-alive
Keep-Alive: timeout=600

20:18:09.627 [AsyncHttpClient-1-2] DEBUG org.asynchttpclient.netty.channel.ChannelManager - Adding key: http://127.0.0.1:4723 for channel [id: 0xd6ee6950, L:/127.0.0.1:56984 - R:/127.0.0.1:4723]
20:18:09.628 [Forwarding clickElement on session 591ebfa2-ff9d-43dd-8c02-48165d025fd5 to remote] DEBUG org.asynchttpclient.netty.request.NettyRequestSender - Using pooled Channel '[id: 0xd6ee6950, L:/127.0.0.1:56984 - R:/127.0.0.1:4723]' for 'POST' to 'http://127.0.0.1:4723/wd/hub/session/591ebfa2-ff9d-43dd-8c02-48165d025fd5/element/00000000-0000-026c-0000-000700000003/click'
20:18:09.628 [Forwarding clickElement on session 591ebfa2-ff9d-43dd-8c02-48165d025fd5 to remote] DEBUG org.asynchttpclient.netty.request.NettyRequestSender - Using open Channel [id: 0xd6ee6950, L:/127.0.0.1:56984 - R:/127.0.0.1:4723] for POST '/wd/hub/session/591ebfa2-ff9d-43dd-8c02-48165d025fd5/element/00000000-0000-026c-0000-000700000003/click'
20:18:10.994 [AsyncHttpClient-1-2] DEBUG org.asynchttpclient.netty.handler.HttpHandler - 

Request DefaultHttpRequest(decodeResult: success, version: HTTP/1.1)
POST /wd/hub/session/591ebfa2-ff9d-43dd-8c02-48165d025fd5/element/00000000-0000-026c-0000-000700000003/click HTTP/1.1
User-Agent: appium/8.3.0 (selenium/4.8.1 (java mac))
Content-Length: 50
Content-Type: application/json; charset=utf-8
host: 127.0.0.1:4723
accept: */*

Response DefaultHttpResponse(decodeResult: success, version: HTTP/1.1)
HTTP/1.1 200 OK
X-Powered-By: Express
Vary: X-HTTP-Method-Override
Content-Type: application/json; charset=utf-8
Content-Length: 14
ETag: W/"e-9/1BuKMgFObM1mWJm+YjxtXJnUM"
Date: Tue, 09 May 2023 13:18:10 GMT
Connection: keep-alive
Keep-Alive: timeout=600

20:18:11.003 [AsyncHttpClient-1-2] DEBUG org.asynchttpclient.netty.channel.ChannelManager - Adding key: http://127.0.0.1:4723 for channel [id: 0xd6ee6950, L:/127.0.0.1:56984 - R:/127.0.0.1:4723]
20:18:11.025 [main] DEBUG net.thucydides.core.steps.StepInterceptor - STEP DONE: clickAccount
]]></system-out>
  </testcase>
  <testcase name="user can input valid email" classname="As a user i can login #2" time="15.185">
    <error type="org.openqa.selenium.TimeoutException"><![CDATA[org.openqa.selenium.TimeoutException: 
Expected condition failed: waiting for element to be clickable: By.xpath: /hierarchy/android.widget.FrameLayout/android.widget.LinearLayout/android.widget.FrameLayout/android.widget.FrameLayout/android.view.View/android.view.View/android.view.View/android.view.View/android.widget.EditText[1] (tried for 15 second(s) with 500 milliseconds interval)
Build info: version: '4.8.1', revision: '8ebccac989'
System info: os.name: 'Mac OS X', os.arch: 'x86_64', os.version: '13.1', java.version: '1.8.0_372'
Driver info: io.appium.java_client.android.AndroidDriver
Capabilities {appium:app: /Users/masgilang/Downloads/..., appium:appPackage: com.example.frontend_mobile, appium:autoGrantPermissions: true, appium:automationName: UiAutomator2, appium:databaseEnabled: false, appium:desired: {app: /Users/masgilang/Downloads/..., autoGrantPermissions: true, automationName: UiAutomator2, deviceName: AltaMobile, platformName: ANDROID, platformVersion: 10}, appium:deviceApiLevel: 29, appium:deviceManufacturer: Google, appium:deviceModel: Android SDK built for arm64, appium:deviceName: emulator-5554, appium:deviceScreenDensity: 440, appium:deviceScreenSize: 1080x2280, appium:deviceUDID: emulator-5554, appium:javascriptEnabled: true, appium:locationContextEnabled: false, appium:networkConnectionEnabled: true, appium:pixelRatio: 2.75, appium:platformVersion: 10, appium:statBarHeight: 66, appium:takesScreenshot: true, appium:viewportRect: {height: 2082, left: 0, top: 66, width: 1080}, appium:warnings: {}, appium:webStorageEnabled: false, platformName: ANDROID}
Session ID: 591ebfa2-ff9d-43dd-8c02-48165d025fd5
]]></error>
    <system-out><![CDATA[20:18:11.048 [main] DEBUG net.thucydides.core.steps.StepInterceptor - STARTING STEP: ProductSteps.userInputValidEmail - clickTypeEmail
20:18:11.060 [Forwarding findElement on session 591ebfa2-ff9d-43dd-8c02-48165d025fd5 to remote] DEBUG org.asynchttpclient.netty.request.NettyRequestSender - Using pooled Channel '[id: 0xd6ee6950, L:/127.0.0.1:56984 - R:/127.0.0.1:4723]' for 'POST' to 'http://127.0.0.1:4723/wd/hub/session/591ebfa2-ff9d-43dd-8c02-48165d025fd5/element'
20:18:11.061 [Forwarding findElement on session 591ebfa2-ff9d-43dd-8c02-48165d025fd5 to remote] DEBUG org.asynchttpclient.netty.request.NettyRequestSender - Using open Channel [id: 0xd6ee6950, L:/127.0.0.1:56984 - R:/127.0.0.1:4723] for POST '/wd/hub/session/591ebfa2-ff9d-43dd-8c02-48165d025fd5/element'
20:18:26.122 [AsyncHttpClient-1-2] DEBUG org.asynchttpclient.netty.handler.HttpHandler - 

Request DefaultHttpRequest(decodeResult: success, version: HTTP/1.1)
POST /wd/hub/session/591ebfa2-ff9d-43dd-8c02-48165d025fd5/element HTTP/1.1
User-Agent: appium/8.3.0 (selenium/4.8.1 (java mac))
Content-Length: 305
Content-Type: application/json; charset=utf-8
host: 127.0.0.1:4723
accept: */*

Response DefaultHttpResponse(decodeResult: success, version: HTTP/1.1)
HTTP/1.1 404 Not Found
X-Powered-By: Express
Vary: X-HTTP-Method-Override
Content-Type: application/json; charset=utf-8
Content-Length: 878
ETag: W/"36e-w3NILMbRGLIiQU4E8al9EqfkUMw"
Date: Tue, 09 May 2023 13:18:26 GMT
Connection: keep-alive
Keep-Alive: timeout=600

20:18:26.134 [AsyncHttpClient-1-2] DEBUG org.asynchttpclient.netty.channel.ChannelManager - Adding key: http://127.0.0.1:4723 for channel [id: 0xd6ee6950, L:/127.0.0.1:56984 - R:/127.0.0.1:4723]
]]></system-out>
  </testcase>
  <testcase name="user can input valid password" classname="As a user i can login #2" time="0">
    <skipped type="io.cucumber.junit.SkippedThrowable"><![CDATA[io.cucumber.junit.SkippedThrowable: This step is skipped
]]></skipped>
  </testcase>
  <testcase name="user can click login button" classname="As a user i can login #2" time="0">
    <skipped type="io.cucumber.junit.SkippedThrowable"><![CDATA[io.cucumber.junit.SkippedThrowable: This step is skipped
]]></skipped>
  </testcase>
  <testcase name="user back to home page andd see all product" classname="As a user i can login #2" time="0">
    <skipped type="io.cucumber.junit.SkippedThrowable"><![CDATA[io.cucumber.junit.SkippedThrowable: This step is skipped
]]></skipped>
  </testcase>
  <testcase name="user can choose the product and add to cart" classname="As a user i can login #2" time="0">
    <skipped type="io.cucumber.junit.SkippedThrowable"><![CDATA[io.cucumber.junit.SkippedThrowable: This step is skipped
]]></skipped>
  </testcase>
  <testcase name="As a user i can login #2" classname="As a user i have be able to login so that i can see home screen #2" time="0.01">
    <error type="org.openqa.selenium.TimeoutException"><![CDATA[org.openqa.selenium.TimeoutException: 
Expected condition failed: waiting for element to be clickable: By.xpath: /hierarchy/android.widget.FrameLayout/android.widget.LinearLayout/android.widget.FrameLayout/android.widget.FrameLayout/android.view.View/android.view.View/android.view.View/android.view.View/android.widget.EditText[1] (tried for 15 second(s) with 500 milliseconds interval)
Build info: version: '4.8.1', revision: '8ebccac989'
System info: os.name: 'Mac OS X', os.arch: 'x86_64', os.version: '13.1', java.version: '1.8.0_372'
Driver info: io.appium.java_client.android.AndroidDriver
Capabilities {appium:app: /Users/masgilang/Downloads/..., appium:appPackage: com.example.frontend_mobile, appium:autoGrantPermissions: true, appium:automationName: UiAutomator2, appium:databaseEnabled: false, appium:desired: {app: /Users/masgilang/Downloads/..., autoGrantPermissions: true, automationName: UiAutomator2, deviceName: AltaMobile, platformName: ANDROID, platformVersion: 10}, appium:deviceApiLevel: 29, appium:deviceManufacturer: Google, appium:deviceModel: Android SDK built for arm64, appium:deviceName: emulator-5554, appium:deviceScreenDensity: 440, appium:deviceScreenSize: 1080x2280, appium:deviceUDID: emulator-5554, appium:javascriptEnabled: true, appium:locationContextEnabled: false, appium:networkConnectionEnabled: true, appium:pixelRatio: 2.75, appium:platformVersion: 10, appium:statBarHeight: 66, appium:takesScreenshot: true, appium:viewportRect: {height: 2082, left: 0, top: 66, width: 1080}, appium:warnings: {}, appium:webStorageEnabled: false, platformName: ANDROID}
Session ID: 591ebfa2-ff9d-43dd-8c02-48165d025fd5
]]></error>
  </testcase>
  <testcase name="As a user i can login #2" classname="As a user i have be able to login so that i can see home screen #2" time="0.111">
    <error type="org.openqa.selenium.TimeoutException"><![CDATA[org.openqa.selenium.TimeoutException: 
Expected condition failed: waiting for element to be clickable: By.xpath: /hierarchy/android.widget.FrameLayout/android.widget.LinearLayout/android.widget.FrameLayout/android.widget.FrameLayout/android.view.View/android.view.View/android.view.View/android.view.View/android.widget.EditText[1] (tried for 15 second(s) with 500 milliseconds interval)
Build info: version: '4.8.1', revision: '8ebccac989'
System info: os.name: 'Mac OS X', os.arch: 'x86_64', os.version: '13.1', java.version: '1.8.0_372'
Driver info: io.appium.java_client.android.AndroidDriver
Capabilities {appium:app: /Users/masgilang/Downloads/..., appium:appPackage: com.example.frontend_mobile, appium:autoGrantPermissions: true, appium:automationName: UiAutomator2, appium:databaseEnabled: false, appium:desired: {app: /Users/masgilang/Downloads/..., autoGrantPermissions: true, automationName: UiAutomator2, deviceName: AltaMobile, platformName: ANDROID, platformVersion: 10}, appium:deviceApiLevel: 29, appium:deviceManufacturer: Google, appium:deviceModel: Android SDK built for arm64, appium:deviceName: emulator-5554, appium:deviceScreenDensity: 440, appium:deviceScreenSize: 1080x2280, appium:deviceUDID: emulator-5554, appium:javascriptEnabled: true, appium:locationContextEnabled: false, appium:networkConnectionEnabled: true, appium:pixelRatio: 2.75, appium:platformVersion: 10, appium:statBarHeight: 66, appium:takesScreenshot: true, appium:viewportRect: {height: 2082, left: 0, top: 66, width: 1080}, appium:warnings: {}, appium:webStorageEnabled: false, platformName: ANDROID}
Session ID: 591ebfa2-ff9d-43dd-8c02-48165d025fd5
]]></error>
    <system-out><![CDATA[20:18:26.293 [main] ERROR  - 
  _____   ___   ___   _____     ___   ___   ___    ___    ___ 
 |_   _| | __| / __| |_   _|   | __| | _ \ | _ \  / _ \  | _ \
   | |   | _|  \__ \   | |     | _|  |   / |   / | (_) | |   /
   |_|   |___| |___/   |_|     |___| |_|_\ |_|_\  \___/  |_|_\

As a user i can login
---------------------------------------------------------------
20:18:26.296 [main] DEBUG  - RELATED ISSUES: 
20:18:26.367 [main] ERROR  -     Test failed at step: Click type email
20:18:26.369 [main] ERROR  -     Expected condition failed: waiting for element to be clickable: By.xpath: /hierarchy/android.widget.FrameLayout/android.widget.LinearLayout/android.widget.FrameLayout/android.widget.FrameLayout/android.view.View/android.view.View/android.view.View/android.view.View/android.widget.EditText[1] (tried for 15 second(s) with 500 milliseconds interval)Build info: version: '4.8.1', revision: '8ebccac989'System info: os.name: 'Mac OS X', os.arch: 'x86_64', os.version: '13.1', java.version: '1.8.0_372'Driver info: io.appium.java_client.android.AndroidDriverCapabilities {appium:app: /Users/masgilang/Downloads/..., appium:appPackage: com.example.frontend_mobile, appium:autoGrantPermissions: true, appium:automationName: UiAutomator2, appium:databaseEnabled: false, appium:desired: {app: /Users/masgilang/Downloads/..., autoGrantPermissions: true, automationName: UiAutomator2, deviceName: AltaMobile, platformName: ANDROID, platformVersion: 10}, appium:deviceApiLevel: 29, appium:deviceManufacturer: Google, appium:deviceModel: Android SDK built for arm64, appium:deviceName: emulator-5554, appium:deviceScreenDensity: 440, appium:deviceScreenSize: 1080x2280, appium:deviceUDID: emulator-5554, appium:javascriptEnabled: true, appium:locationContextEnabled: false, appium:networkConnectionEnabled: true, appium:pixelRatio: 2.75, appium:platformVersion: 10, appium:statBarHeight: 66, appium:takesScreenshot: true, appium:viewportRect: {height: 2082, left: 0, top: 66, width: 1080}, appium:warnings: {}, appium:webStorageEnabled: false, platformName: ANDROID}Session ID: 591ebfa2-ff9d-43dd-8c02-48165d025fd5
]]></system-out>
  </testcase>
  <testcase name="New user click account" classname="As a new user, I have be able to create new account" time="6.823">
    <system-out><![CDATA[20:18:26.389 [main] DEBUG io.cucumber.core.plugin.SerenityReporter - Running feature from file:///Users/masgilang/Downloads/test-automation-MinProMobile/src/test/resources/features/Register.feature
20:18:26.398 [main] DEBUG net.thucydides.core.steps.StepEventBus - Test suite started for story net.thucydides.core.model.Story@e0bb2fd4
20:18:26.398 [main] INFO  - Test Suite Started: New user can Create account and Registered
20:18:26.415 [main] DEBUG io.cucumber.core.plugin.SerenityReporter - Running feature from file:///Users/masgilang/Downloads/test-automation-MinProMobile/src/test/resources/features/Register.feature
20:18:26.420 [main] INFO  - 
  _____   ___   ___   _____     ___   _____     _     ___   _____   ___   ___  
 |_   _| | __| / __| |_   _|   / __| |_   _|   /_\   | _ \ |_   _| | __| |   \ 
   | |   | _|  \__ \   | |     \__ \   | |    / _ \  |   /   | |   | _|  | |) |
   |_|   |___| |___/   |_|     |___/   |_|   /_/ \_\ |_|_\   |_|   |___| |___/ 

As a new user, I have be able to create new account(new-user-can-create-account-and-registered;as-a-new-user--i-have-be-able-to-create-new-account)
--------------------------------------------------------------------------------
20:18:26.521 [main] DEBUG net.thucydides.core.steps.StepInterceptor - STARTING STEP: RegisterSteps.Account - clickAccount
20:18:26.535 [Forwarding newSession on session null to remote] DEBUG org.asynchttpclient.netty.request.NettyRequestSender - Using pooled Channel '[id: 0xd6ee6950, L:/127.0.0.1:56984 - R:/127.0.0.1:4723]' for 'POST' to 'http://127.0.0.1:4723/wd/hub/session'
20:18:26.535 [Forwarding newSession on session null to remote] DEBUG org.asynchttpclient.netty.request.NettyRequestSender - Using open Channel [id: 0xd6ee6950, L:/127.0.0.1:56984 - R:/127.0.0.1:4723] for POST '/wd/hub/session'
20:18:31.386 [AsyncHttpClient-1-2] DEBUG org.asynchttpclient.netty.handler.HttpHandler - 

Request DefaultHttpRequest(decodeResult: success, version: HTTP/1.1)
POST /wd/hub/session HTTP/1.1
X-Idempotency-Key: 0804c4d6-3758-4b35-be41-8bc5714e9878
User-Agent: appium/8.3.0 (selenium/4.8.1 (java mac))
Content-Length: 423
Content-Type: application/json; charset=utf-8
host: 127.0.0.1:4723
accept: */*

Response DefaultHttpResponse(decodeResult: success, version: HTTP/1.1)
HTTP/1.1 200 OK
X-Powered-By: Express
Vary: X-HTTP-Method-Override
Content-Type: application/json; charset=utf-8
Content-Length: 1038
ETag: W/"40e-q6eMB3k3PGEwbgq7qpiM7cXmOHg"
Date: Tue, 09 May 2023 13:18:31 GMT
Connection: keep-alive
Keep-Alive: timeout=600

20:18:31.394 [AsyncHttpClient-1-2] DEBUG org.asynchttpclient.netty.channel.ChannelManager - Adding key: http://127.0.0.1:4723 for channel [id: 0xd6ee6950, L:/127.0.0.1:56984 - R:/127.0.0.1:4723]
20:18:31.431 [Forwarding setTimeout on session 8161e0fe-8b17-44e5-9602-0efa8c4ebc8b to remote] DEBUG org.asynchttpclient.netty.request.NettyRequestSender - Using pooled Channel '[id: 0xd6ee6950, L:/127.0.0.1:56984 - R:/127.0.0.1:4723]' for 'POST' to 'http://127.0.0.1:4723/wd/hub/session/8161e0fe-8b17-44e5-9602-0efa8c4ebc8b/timeouts'
20:18:31.433 [Forwarding setTimeout on session 8161e0fe-8b17-44e5-9602-0efa8c4ebc8b to remote] DEBUG org.asynchttpclient.netty.request.NettyRequestSender - Using open Channel [id: 0xd6ee6950, L:/127.0.0.1:56984 - R:/127.0.0.1:4723] for POST '/wd/hub/session/8161e0fe-8b17-44e5-9602-0efa8c4ebc8b/timeouts'
20:18:31.447 [AsyncHttpClient-1-2] DEBUG org.asynchttpclient.netty.handler.HttpHandler - 

Request DefaultHttpRequest(decodeResult: success, version: HTTP/1.1)
POST /wd/hub/session/8161e0fe-8b17-44e5-9602-0efa8c4ebc8b/timeouts HTTP/1.1
User-Agent: appium/8.3.0 (selenium/4.8.1 (java mac))
Content-Length: 23
Content-Type: application/json; charset=utf-8
host: 127.0.0.1:4723
accept: */*

Response DefaultHttpResponse(decodeResult: success, version: HTTP/1.1)
HTTP/1.1 200 OK
X-Powered-By: Express
Vary: X-HTTP-Method-Override
Content-Type: application/json; charset=utf-8
Content-Length: 14
ETag: W/"e-9/1BuKMgFObM1mWJm+YjxtXJnUM"
Date: Tue, 09 May 2023 13:18:31 GMT
Connection: keep-alive
Keep-Alive: timeout=600

20:18:31.452 [AsyncHttpClient-1-2] DEBUG org.asynchttpclient.netty.channel.ChannelManager - Adding key: http://127.0.0.1:4723 for channel [id: 0xd6ee6950, L:/127.0.0.1:56984 - R:/127.0.0.1:4723]
20:18:31.461 [Forwarding findElement on session 8161e0fe-8b17-44e5-9602-0efa8c4ebc8b to remote] DEBUG org.asynchttpclient.netty.request.NettyRequestSender - Using pooled Channel '[id: 0xd6ee6950, L:/127.0.0.1:56984 - R:/127.0.0.1:4723]' for 'POST' to 'http://127.0.0.1:4723/wd/hub/session/8161e0fe-8b17-44e5-9602-0efa8c4ebc8b/element'
20:18:31.461 [Forwarding findElement on session 8161e0fe-8b17-44e5-9602-0efa8c4ebc8b to remote] DEBUG org.asynchttpclient.netty.request.NettyRequestSender - Using open Channel [id: 0xd6ee6950, L:/127.0.0.1:56984 - R:/127.0.0.1:4723] for POST '/wd/hub/session/8161e0fe-8b17-44e5-9602-0efa8c4ebc8b/element'
20:18:32.379 [AsyncHttpClient-1-2] DEBUG org.asynchttpclient.netty.handler.HttpHandler - 

Request DefaultHttpRequest(decodeResult: success, version: HTTP/1.1)
POST /wd/hub/session/8161e0fe-8b17-44e5-9602-0efa8c4ebc8b/element HTTP/1.1
User-Agent: appium/8.3.0 (selenium/4.8.1 (java mac))
Content-Length: 330
Content-Type: application/json; charset=utf-8
host: 127.0.0.1:4723
accept: */*

Response DefaultHttpResponse(decodeResult: success, version: HTTP/1.1)
HTTP/1.1 200 OK
X-Powered-By: Express
Vary: X-HTTP-Method-Override
Content-Type: application/json; charset=utf-8
Content-Length: 137
ETag: W/"89-NbIxcf0NISBFNi6Ui4hUKLtnhyY"
Date: Tue, 09 May 2023 13:18:32 GMT
Connection: keep-alive
Keep-Alive: timeout=600

20:18:32.381 [AsyncHttpClient-1-2] DEBUG org.asynchttpclient.netty.channel.ChannelManager - Adding key: http://127.0.0.1:4723 for channel [id: 0xd6ee6950, L:/127.0.0.1:56984 - R:/127.0.0.1:4723]
20:18:32.391 [Forwarding isElementDisplayed on session 8161e0fe-8b17-44e5-9602-0efa8c4ebc8b to remote] DEBUG org.asynchttpclient.netty.request.NettyRequestSender - Using pooled Channel '[id: 0xd6ee6950, L:/127.0.0.1:56984 - R:/127.0.0.1:4723]' for 'GET' to 'http://127.0.0.1:4723/wd/hub/session/8161e0fe-8b17-44e5-9602-0efa8c4ebc8b/element/00000000-0000-0276-0000-000700000003/displayed'
20:18:32.392 [Forwarding isElementDisplayed on session 8161e0fe-8b17-44e5-9602-0efa8c4ebc8b to remote] DEBUG org.asynchttpclient.netty.request.NettyRequestSender - Using open Channel [id: 0xd6ee6950, L:/127.0.0.1:56984 - R:/127.0.0.1:4723] for GET '/wd/hub/session/8161e0fe-8b17-44e5-9602-0efa8c4ebc8b/element/00000000-0000-0276-0000-000700000003/displayed'
20:18:32.402 [AsyncHttpClient-1-2] DEBUG org.asynchttpclient.netty.handler.HttpHandler - 

Request DefaultFullHttpRequest(decodeResult: success, version: HTTP/1.1, content: EmptyByteBufBE)
GET /wd/hub/session/8161e0fe-8b17-44e5-9602-0efa8c4ebc8b/element/00000000-0000-0276-0000-000700000003/displayed HTTP/1.1
User-Agent: appium/8.3.0 (selenium/4.8.1 (java mac))
Cache-Control: no-cache
Content-Type: application/json; charset=utf-8
host: 127.0.0.1:4723
accept: */*

Response DefaultHttpResponse(decodeResult: success, version: HTTP/1.1)
HTTP/1.1 200 OK
X-Powered-By: Express
Content-Type: application/json; charset=utf-8
Content-Length: 14
ETag: W/"e-2ZHvAWebNQpyjGZTg6uyV8/spTo"
Date: Tue, 09 May 2023 13:18:32 GMT
Connection: keep-alive
Keep-Alive: timeout=600

20:18:32.403 [AsyncHttpClient-1-2] DEBUG org.asynchttpclient.netty.channel.ChannelManager - Adding key: http://127.0.0.1:4723 for channel [id: 0xd6ee6950, L:/127.0.0.1:56984 - R:/127.0.0.1:4723]
20:18:32.409 [Forwarding isElementEnabled on session 8161e0fe-8b17-44e5-9602-0efa8c4ebc8b to remote] DEBUG org.asynchttpclient.netty.request.NettyRequestSender - Using pooled Channel '[id: 0xd6ee6950, L:/127.0.0.1:56984 - R:/127.0.0.1:4723]' for 'GET' to 'http://127.0.0.1:4723/wd/hub/session/8161e0fe-8b17-44e5-9602-0efa8c4ebc8b/element/00000000-0000-0276-0000-000700000003/enabled'
20:18:32.409 [Forwarding isElementEnabled on session 8161e0fe-8b17-44e5-9602-0efa8c4ebc8b to remote] DEBUG org.asynchttpclient.netty.request.NettyRequestSender - Using open Channel [id: 0xd6ee6950, L:/127.0.0.1:56984 - R:/127.0.0.1:4723] for GET '/wd/hub/session/8161e0fe-8b17-44e5-9602-0efa8c4ebc8b/element/00000000-0000-0276-0000-000700000003/enabled'
20:18:32.418 [AsyncHttpClient-1-2] DEBUG org.asynchttpclient.netty.handler.HttpHandler - 

Request DefaultFullHttpRequest(decodeResult: success, version: HTTP/1.1, content: EmptyByteBufBE)
GET /wd/hub/session/8161e0fe-8b17-44e5-9602-0efa8c4ebc8b/element/00000000-0000-0276-0000-000700000003/enabled HTTP/1.1
User-Agent: appium/8.3.0 (selenium/4.8.1 (java mac))
Cache-Control: no-cache
Content-Type: application/json; charset=utf-8
host: 127.0.0.1:4723
accept: */*

Response DefaultHttpResponse(decodeResult: success, version: HTTP/1.1)
HTTP/1.1 200 OK
X-Powered-By: Express
Content-Type: application/json; charset=utf-8
Content-Length: 14
ETag: W/"e-2ZHvAWebNQpyjGZTg6uyV8/spTo"
Date: Tue, 09 May 2023 13:18:32 GMT
Connection: keep-alive
Keep-Alive: timeout=600

20:18:32.418 [AsyncHttpClient-1-2] DEBUG org.asynchttpclient.netty.channel.ChannelManager - Adding key: http://127.0.0.1:4723 for channel [id: 0xd6ee6950, L:/127.0.0.1:56984 - R:/127.0.0.1:4723]
20:18:32.420 [Forwarding clickElement on session 8161e0fe-8b17-44e5-9602-0efa8c4ebc8b to remote] DEBUG org.asynchttpclient.netty.request.NettyRequestSender - Using pooled Channel '[id: 0xd6ee6950, L:/127.0.0.1:56984 - R:/127.0.0.1:4723]' for 'POST' to 'http://127.0.0.1:4723/wd/hub/session/8161e0fe-8b17-44e5-9602-0efa8c4ebc8b/element/00000000-0000-0276-0000-000700000003/click'
20:18:32.420 [Forwarding clickElement on session 8161e0fe-8b17-44e5-9602-0efa8c4ebc8b to remote] DEBUG org.asynchttpclient.netty.request.NettyRequestSender - Using open Channel [id: 0xd6ee6950, L:/127.0.0.1:56984 - R:/127.0.0.1:4723] for POST '/wd/hub/session/8161e0fe-8b17-44e5-9602-0efa8c4ebc8b/element/00000000-0000-0276-0000-000700000003/click'
20:18:33.240 [AsyncHttpClient-1-2] DEBUG org.asynchttpclient.netty.handler.HttpHandler - 

Request DefaultHttpRequest(decodeResult: success, version: HTTP/1.1)
POST /wd/hub/session/8161e0fe-8b17-44e5-9602-0efa8c4ebc8b/element/00000000-0000-0276-0000-000700000003/click HTTP/1.1
User-Agent: appium/8.3.0 (selenium/4.8.1 (java mac))
Content-Length: 50
Content-Type: application/json; charset=utf-8
host: 127.0.0.1:4723
accept: */*

Response DefaultHttpResponse(decodeResult: success, version: HTTP/1.1)
HTTP/1.1 200 OK
X-Powered-By: Express
Vary: X-HTTP-Method-Override
Content-Type: application/json; charset=utf-8
Content-Length: 14
ETag: W/"e-9/1BuKMgFObM1mWJm+YjxtXJnUM"
Date: Tue, 09 May 2023 13:18:33 GMT
Connection: keep-alive
Keep-Alive: timeout=600

20:18:33.247 [AsyncHttpClient-1-2] DEBUG org.asynchttpclient.netty.channel.ChannelManager - Adding key: http://127.0.0.1:4723 for channel [id: 0xd6ee6950, L:/127.0.0.1:56984 - R:/127.0.0.1:4723]
20:18:33.266 [main] DEBUG net.thucydides.core.steps.StepInterceptor - STEP DONE: clickAccount
]]></system-out>
  </testcase>
  <testcase name="New user click register" classname="As a new user, I have be able to create new account" time="15.21">
    <error type="org.openqa.selenium.TimeoutException"><![CDATA[org.openqa.selenium.TimeoutException: 
Expected condition failed: waiting for element to be clickable: By.xpath: 	
//android.widget.Button[@content-desc="Register"] (tried for 15 second(s) with 500 milliseconds interval)
Build info: version: '4.8.1', revision: '8ebccac989'
System info: os.name: 'Mac OS X', os.arch: 'x86_64', os.version: '13.1', java.version: '1.8.0_372'
Driver info: io.appium.java_client.android.AndroidDriver
Capabilities {appium:app: /Users/masgilang/Downloads/..., appium:appPackage: com.example.frontend_mobile, appium:autoGrantPermissions: true, appium:automationName: UiAutomator2, appium:databaseEnabled: false, appium:desired: {app: /Users/masgilang/Downloads/..., autoGrantPermissions: true, automationName: UiAutomator2, deviceName: AltaMobile, platformName: ANDROID, platformVersion: 10}, appium:deviceApiLevel: 29, appium:deviceManufacturer: Google, appium:deviceModel: Android SDK built for arm64, appium:deviceName: emulator-5554, appium:deviceScreenDensity: 440, appium:deviceScreenSize: 1080x2280, appium:deviceUDID: emulator-5554, appium:javascriptEnabled: true, appium:locationContextEnabled: false, appium:networkConnectionEnabled: true, appium:pixelRatio: 2.75, appium:platformVersion: 10, appium:statBarHeight: 66, appium:takesScreenshot: true, appium:viewportRect: {height: 2082, left: 0, top: 66, width: 1080}, appium:warnings: {}, appium:webStorageEnabled: false, platformName: ANDROID}
Session ID: 8161e0fe-8b17-44e5-9602-0efa8c4ebc8b
]]></error>
    <system-out><![CDATA[20:18:33.329 [main] DEBUG net.thucydides.core.steps.StepInterceptor - STARTING STEP: RegisterSteps.userClickRegisterLink - clickRegisterLink
20:18:33.337 [Forwarding findElement on session 8161e0fe-8b17-44e5-9602-0efa8c4ebc8b to remote] DEBUG org.asynchttpclient.netty.request.NettyRequestSender - Using pooled Channel '[id: 0xd6ee6950, L:/127.0.0.1:56984 - R:/127.0.0.1:4723]' for 'POST' to 'http://127.0.0.1:4723/wd/hub/session/8161e0fe-8b17-44e5-9602-0efa8c4ebc8b/element'
20:18:33.338 [Forwarding findElement on session 8161e0fe-8b17-44e5-9602-0efa8c4ebc8b to remote] DEBUG org.asynchttpclient.netty.request.NettyRequestSender - Using open Channel [id: 0xd6ee6950, L:/127.0.0.1:56984 - R:/127.0.0.1:4723] for POST '/wd/hub/session/8161e0fe-8b17-44e5-9602-0efa8c4ebc8b/element'
20:18:48.428 [AsyncHttpClient-1-2] DEBUG org.asynchttpclient.netty.handler.HttpHandler - 

Request DefaultHttpRequest(decodeResult: success, version: HTTP/1.1)
POST /wd/hub/session/8161e0fe-8b17-44e5-9602-0efa8c4ebc8b/element HTTP/1.1
User-Agent: appium/8.3.0 (selenium/4.8.1 (java mac))
Content-Length: 102
Content-Type: application/json; charset=utf-8
host: 127.0.0.1:4723
accept: */*

Response DefaultHttpResponse(decodeResult: success, version: HTTP/1.1)
HTTP/1.1 404 Not Found
X-Powered-By: Express
Vary: X-HTTP-Method-Override
Content-Type: application/json; charset=utf-8
Content-Length: 878
ETag: W/"36e-w3NILMbRGLIiQU4E8al9EqfkUMw"
Date: Tue, 09 May 2023 13:18:48 GMT
Connection: keep-alive
Keep-Alive: timeout=600

20:18:48.439 [AsyncHttpClient-1-2] DEBUG org.asynchttpclient.netty.channel.ChannelManager - Adding key: http://127.0.0.1:4723 for channel [id: 0xd6ee6950, L:/127.0.0.1:56984 - R:/127.0.0.1:4723]
]]></system-out>
  </testcase>
  <testcase name="New user input name on name field" classname="As a new user, I have be able to create new account" time="0">
    <skipped type="io.cucumber.junit.SkippedThrowable"><![CDATA[io.cucumber.junit.SkippedThrowable: This step is skipped
]]></skipped>
  </testcase>
  <testcase name="New user input email on email field" classname="As a new user, I have be able to create new account" time="0">
    <skipped type="io.cucumber.junit.SkippedThrowable"><![CDATA[io.cucumber.junit.SkippedThrowable: This step is skipped
]]></skipped>
  </testcase>
  <testcase name="New user input password on password field" classname="As a new user, I have be able to create new account" time="0">
    <skipped type="io.cucumber.junit.SkippedThrowable"><![CDATA[io.cucumber.junit.SkippedThrowable: This step is skipped
]]></skipped>
  </testcase>
  <testcase name="New user click register button" classname="As a new user, I have be able to create new account" time="0">
    <skipped type="io.cucumber.junit.SkippedThrowable"><![CDATA[io.cucumber.junit.SkippedThrowable: This step is skipped
]]></skipped>
  </testcase>
  <testcase name="New user back to home page" classname="As a new user, I have be able to create new account" time="0">
    <skipped type="io.cucumber.junit.SkippedThrowable"><![CDATA[io.cucumber.junit.SkippedThrowable: This step is skipped
]]></skipped>
  </testcase>
  <testcase name="As a new user, I have be able to create new account" classname="New user can Create account and Registered" time="0.012">
    <error type="org.openqa.selenium.TimeoutException"><![CDATA[org.openqa.selenium.TimeoutException: 
Expected condition failed: waiting for element to be clickable: By.xpath: 	
//android.widget.Button[@content-desc="Register"] (tried for 15 second(s) with 500 milliseconds interval)
Build info: version: '4.8.1', revision: '8ebccac989'
System info: os.name: 'Mac OS X', os.arch: 'x86_64', os.version: '13.1', java.version: '1.8.0_372'
Driver info: io.appium.java_client.android.AndroidDriver
Capabilities {appium:app: /Users/masgilang/Downloads/..., appium:appPackage: com.example.frontend_mobile, appium:autoGrantPermissions: true, appium:automationName: UiAutomator2, appium:databaseEnabled: false, appium:desired: {app: /Users/masgilang/Downloads/..., autoGrantPermissions: true, automationName: UiAutomator2, deviceName: AltaMobile, platformName: ANDROID, platformVersion: 10}, appium:deviceApiLevel: 29, appium:deviceManufacturer: Google, appium:deviceModel: Android SDK built for arm64, appium:deviceName: emulator-5554, appium:deviceScreenDensity: 440, appium:deviceScreenSize: 1080x2280, appium:deviceUDID: emulator-5554, appium:javascriptEnabled: true, appium:locationContextEnabled: false, appium:networkConnectionEnabled: true, appium:pixelRatio: 2.75, appium:platformVersion: 10, appium:statBarHeight: 66, appium:takesScreenshot: true, appium:viewportRect: {height: 2082, left: 0, top: 66, width: 1080}, appium:warnings: {}, appium:webStorageEnabled: false, platformName: ANDROID}
Session ID: 8161e0fe-8b17-44e5-9602-0efa8c4ebc8b
]]></error>
  </testcase>
  <testcase name="As a new user, I have be able to create new account" classname="New user can Create account and Registered" time="0.029">
    <error type="org.openqa.selenium.TimeoutException"><![CDATA[org.openqa.selenium.TimeoutException: 
Expected condition failed: waiting for element to be clickable: By.xpath: 	
//android.widget.Button[@content-desc="Register"] (tried for 15 second(s) with 500 milliseconds interval)
Build info: version: '4.8.1', revision: '8ebccac989'
System info: os.name: 'Mac OS X', os.arch: 'x86_64', os.version: '13.1', java.version: '1.8.0_372'
Driver info: io.appium.java_client.android.AndroidDriver
Capabilities {appium:app: /Users/masgilang/Downloads/..., appium:appPackage: com.example.frontend_mobile, appium:autoGrantPermissions: true, appium:automationName: UiAutomator2, appium:databaseEnabled: false, appium:desired: {app: /Users/masgilang/Downloads/..., autoGrantPermissions: true, automationName: UiAutomator2, deviceName: AltaMobile, platformName: ANDROID, platformVersion: 10}, appium:deviceApiLevel: 29, appium:deviceManufacturer: Google, appium:deviceModel: Android SDK built for arm64, appium:deviceName: emulator-5554, appium:deviceScreenDensity: 440, appium:deviceScreenSize: 1080x2280, appium:deviceUDID: emulator-5554, appium:javascriptEnabled: true, appium:locationContextEnabled: false, appium:networkConnectionEnabled: true, appium:pixelRatio: 2.75, appium:platformVersion: 10, appium:statBarHeight: 66, appium:takesScreenshot: true, appium:viewportRect: {height: 2082, left: 0, top: 66, width: 1080}, appium:warnings: {}, appium:webStorageEnabled: false, platformName: ANDROID}
Session ID: 8161e0fe-8b17-44e5-9602-0efa8c4ebc8b
]]></error>
    <system-out><![CDATA[20:18:48.734 [main] ERROR  - 
  _____   ___   ___   _____     ___   ___   ___    ___    ___ 
 |_   _| | __| / __| |_   _|   | __| | _ \ | _ \  / _ \  | _ \
   | |   | _|  \__ \   | |     | _|  |   / |   / | (_) | |   /
   |_|   |___| |___/   |_|     |___| |_|_\ |_|_\  \___/  |_|_\

As a new user, I have be able to create new account
---------------------------------------------------------------
20:18:48.737 [main] DEBUG  - RELATED ISSUES: 
20:18:48.738 [main] ERROR  -     Test failed at step: Click register link
20:18:48.739 [main] ERROR  -     Expected condition failed: waiting for element to be clickable: By.xpath: 	//android.widget.Button[@content-desc="Register"] (tried for 15 second(s) with 500 milliseconds interval)Build info: version: '4.8.1', revision: '8ebccac989'System info: os.name: 'Mac OS X', os.arch: 'x86_64', os.version: '13.1', java.version: '1.8.0_372'Driver info: io.appium.java_client.android.AndroidDriverCapabilities {appium:app: /Users/masgilang/Downloads/..., appium:appPackage: com.example.frontend_mobile, appium:autoGrantPermissions: true, appium:automationName: UiAutomator2, appium:databaseEnabled: false, appium:desired: {app: /Users/masgilang/Downloads/..., autoGrantPermissions: true, automationName: UiAutomator2, deviceName: AltaMobile, platformName: ANDROID, platformVersion: 10}, appium:deviceApiLevel: 29, appium:deviceManufacturer: Google, appium:deviceModel: Android SDK built for arm64, appium:deviceName: emulator-5554, appium:deviceScreenDensity: 440, appium:deviceScreenSize: 1080x2280, appium:deviceUDID: emulator-5554, appium:javascriptEnabled: true, appium:locationContextEnabled: false, appium:networkConnectionEnabled: true, appium:pixelRatio: 2.75, appium:platformVersion: 10, appium:statBarHeight: 66, appium:takesScreenshot: true, appium:viewportRect: {height: 2082, left: 0, top: 66, width: 1080}, appium:warnings: {}, appium:webStorageEnabled: false, platformName: ANDROID}Session ID: 8161e0fe-8b17-44e5-9602-0efa8c4ebc8b
]]></system-out>
  </testcase>
  <testcase name="New user click account1" classname="As a new user, I have be able to create new account without username" time="7.953">
    <system-out><![CDATA[20:18:48.786 [main] DEBUG io.cucumber.core.plugin.SerenityReporter - Running feature from file:///Users/masgilang/Downloads/test-automation-MinProMobile/src/test/resources/features/Register.feature
20:18:48.792 [main] INFO  - 
  _____   ___   ___   _____     ___   _____     _     ___   _____   ___   ___  
 |_   _| | __| / __| |_   _|   / __| |_   _|   /_\   | _ \ |_   _| | __| |   \ 
   | |   | _|  \__ \   | |     \__ \   | |    / _ \  |   /   | |   | _|  | |) |
   |_|   |___| |___/   |_|     |___/   |_|   /_/ \_\ |_|_\   |_|   |___| |___/ 

As a new user, I have be able to create new account without username(new-user-can-create-account-and-registered;as-a-new-user--i-have-be-able-to-create-new-account-without-username)
--------------------------------------------------------------------------------
20:18:48.815 [main] DEBUG net.thucydides.core.steps.StepInterceptor - STARTING STEP: RegisterSteps1.Account - clickAccount
20:18:48.835 [Forwarding newSession on session null to remote] DEBUG org.asynchttpclient.netty.request.NettyRequestSender - Using pooled Channel '[id: 0xd6ee6950, L:/127.0.0.1:56984 - R:/127.0.0.1:4723]' for 'POST' to 'http://127.0.0.1:4723/wd/hub/session'
20:18:48.836 [Forwarding newSession on session null to remote] DEBUG org.asynchttpclient.netty.request.NettyRequestSender - Using open Channel [id: 0xd6ee6950, L:/127.0.0.1:56984 - R:/127.0.0.1:4723] for POST '/wd/hub/session'
20:18:54.821 [AsyncHttpClient-1-2] DEBUG org.asynchttpclient.netty.handler.HttpHandler - 

Request DefaultHttpRequest(decodeResult: success, version: HTTP/1.1)
POST /wd/hub/session HTTP/1.1
X-Idempotency-Key: d4d32192-2afd-471e-9bc3-3fe0ff3f9107
User-Agent: appium/8.3.0 (selenium/4.8.1 (java mac))
Content-Length: 423
Content-Type: application/json; charset=utf-8
host: 127.0.0.1:4723
accept: */*

Response DefaultHttpResponse(decodeResult: success, version: HTTP/1.1)
HTTP/1.1 200 OK
X-Powered-By: Express
Vary: X-HTTP-Method-Override
Content-Type: application/json; charset=utf-8
Content-Length: 1038
ETag: W/"40e-zdUGTv3WoMNdPvWdeE2JcXISy6o"
Date: Tue, 09 May 2023 13:18:54 GMT
Connection: keep-alive
Keep-Alive: timeout=600

20:18:54.830 [AsyncHttpClient-1-2] DEBUG org.asynchttpclient.netty.channel.ChannelManager - Adding key: http://127.0.0.1:4723 for channel [id: 0xd6ee6950, L:/127.0.0.1:56984 - R:/127.0.0.1:4723]
20:18:54.871 [Forwarding setTimeout on session b8448920-7ef6-46e9-b540-4dbf1875ebb8 to remote] DEBUG org.asynchttpclient.netty.request.NettyRequestSender - Using pooled Channel '[id: 0xd6ee6950, L:/127.0.0.1:56984 - R:/127.0.0.1:4723]' for 'POST' to 'http://127.0.0.1:4723/wd/hub/session/b8448920-7ef6-46e9-b540-4dbf1875ebb8/timeouts'
20:18:54.872 [Forwarding setTimeout on session b8448920-7ef6-46e9-b540-4dbf1875ebb8 to remote] DEBUG org.asynchttpclient.netty.request.NettyRequestSender - Using open Channel [id: 0xd6ee6950, L:/127.0.0.1:56984 - R:/127.0.0.1:4723] for POST '/wd/hub/session/b8448920-7ef6-46e9-b540-4dbf1875ebb8/timeouts'
20:18:54.879 [AsyncHttpClient-1-2] DEBUG org.asynchttpclient.netty.handler.HttpHandler - 

Request DefaultHttpRequest(decodeResult: success, version: HTTP/1.1)
POST /wd/hub/session/b8448920-7ef6-46e9-b540-4dbf1875ebb8/timeouts HTTP/1.1
User-Agent: appium/8.3.0 (selenium/4.8.1 (java mac))
Content-Length: 23
Content-Type: application/json; charset=utf-8
host: 127.0.0.1:4723
accept: */*

Response DefaultHttpResponse(decodeResult: success, version: HTTP/1.1)
HTTP/1.1 200 OK
X-Powered-By: Express
Vary: X-HTTP-Method-Override
Content-Type: application/json; charset=utf-8
Content-Length: 14
ETag: W/"e-9/1BuKMgFObM1mWJm+YjxtXJnUM"
Date: Tue, 09 May 2023 13:18:54 GMT
Connection: keep-alive
Keep-Alive: timeout=600

20:18:54.879 [AsyncHttpClient-1-2] DEBUG org.asynchttpclient.netty.channel.ChannelManager - Adding key: http://127.0.0.1:4723 for channel [id: 0xd6ee6950, L:/127.0.0.1:56984 - R:/127.0.0.1:4723]
20:18:54.885 [Forwarding findElement on session b8448920-7ef6-46e9-b540-4dbf1875ebb8 to remote] DEBUG org.asynchttpclient.netty.request.NettyRequestSender - Using pooled Channel '[id: 0xd6ee6950, L:/127.0.0.1:56984 - R:/127.0.0.1:4723]' for 'POST' to 'http://127.0.0.1:4723/wd/hub/session/b8448920-7ef6-46e9-b540-4dbf1875ebb8/element'
20:18:54.885 [Forwarding findElement on session b8448920-7ef6-46e9-b540-4dbf1875ebb8 to remote] DEBUG org.asynchttpclient.netty.request.NettyRequestSender - Using open Channel [id: 0xd6ee6950, L:/127.0.0.1:56984 - R:/127.0.0.1:4723] for POST '/wd/hub/session/b8448920-7ef6-46e9-b540-4dbf1875ebb8/element'
20:18:55.856 [AsyncHttpClient-1-2] DEBUG org.asynchttpclient.netty.handler.HttpHandler - 

Request DefaultHttpRequest(decodeResult: success, version: HTTP/1.1)
POST /wd/hub/session/b8448920-7ef6-46e9-b540-4dbf1875ebb8/element HTTP/1.1
User-Agent: appium/8.3.0 (selenium/4.8.1 (java mac))
Content-Length: 330
Content-Type: application/json; charset=utf-8
host: 127.0.0.1:4723
accept: */*

Response DefaultHttpResponse(decodeResult: success, version: HTTP/1.1)
HTTP/1.1 200 OK
X-Powered-By: Express
Vary: X-HTTP-Method-Override
Content-Type: application/json; charset=utf-8
Content-Length: 137
ETag: W/"89-Y6XalfZKH4uBKhONv9bveT1qXJE"
Date: Tue, 09 May 2023 13:18:55 GMT
Connection: keep-alive
Keep-Alive: timeout=600

20:18:55.857 [AsyncHttpClient-1-2] DEBUG org.asynchttpclient.netty.channel.ChannelManager - Adding key: http://127.0.0.1:4723 for channel [id: 0xd6ee6950, L:/127.0.0.1:56984 - R:/127.0.0.1:4723]
20:18:55.863 [Forwarding isElementDisplayed on session b8448920-7ef6-46e9-b540-4dbf1875ebb8 to remote] DEBUG org.asynchttpclient.netty.request.NettyRequestSender - Using pooled Channel '[id: 0xd6ee6950, L:/127.0.0.1:56984 - R:/127.0.0.1:4723]' for 'GET' to 'http://127.0.0.1:4723/wd/hub/session/b8448920-7ef6-46e9-b540-4dbf1875ebb8/element/00000000-0000-0280-0000-000700000003/displayed'
20:18:55.863 [Forwarding isElementDisplayed on session b8448920-7ef6-46e9-b540-4dbf1875ebb8 to remote] DEBUG org.asynchttpclient.netty.request.NettyRequestSender - Using open Channel [id: 0xd6ee6950, L:/127.0.0.1:56984 - R:/127.0.0.1:4723] for GET '/wd/hub/session/b8448920-7ef6-46e9-b540-4dbf1875ebb8/element/00000000-0000-0280-0000-000700000003/displayed'
20:18:55.877 [AsyncHttpClient-1-2] DEBUG org.asynchttpclient.netty.handler.HttpHandler - 

Request DefaultFullHttpRequest(decodeResult: success, version: HTTP/1.1, content: EmptyByteBufBE)
GET /wd/hub/session/b8448920-7ef6-46e9-b540-4dbf1875ebb8/element/00000000-0000-0280-0000-000700000003/displayed HTTP/1.1
User-Agent: appium/8.3.0 (selenium/4.8.1 (java mac))
Cache-Control: no-cache
Content-Type: application/json; charset=utf-8
host: 127.0.0.1:4723
accept: */*

Response DefaultHttpResponse(decodeResult: success, version: HTTP/1.1)
HTTP/1.1 200 OK
X-Powered-By: Express
Content-Type: application/json; charset=utf-8
Content-Length: 14
ETag: W/"e-2ZHvAWebNQpyjGZTg6uyV8/spTo"
Date: Tue, 09 May 2023 13:18:55 GMT
Connection: keep-alive
Keep-Alive: timeout=600

20:18:55.878 [AsyncHttpClient-1-2] DEBUG org.asynchttpclient.netty.channel.ChannelManager - Adding key: http://127.0.0.1:4723 for channel [id: 0xd6ee6950, L:/127.0.0.1:56984 - R:/127.0.0.1:4723]
20:18:55.879 [Forwarding isElementEnabled on session b8448920-7ef6-46e9-b540-4dbf1875ebb8 to remote] DEBUG org.asynchttpclient.netty.request.NettyRequestSender - Using pooled Channel '[id: 0xd6ee6950, L:/127.0.0.1:56984 - R:/127.0.0.1:4723]' for 'GET' to 'http://127.0.0.1:4723/wd/hub/session/b8448920-7ef6-46e9-b540-4dbf1875ebb8/element/00000000-0000-0280-0000-000700000003/enabled'
20:18:55.879 [Forwarding isElementEnabled on session b8448920-7ef6-46e9-b540-4dbf1875ebb8 to remote] DEBUG org.asynchttpclient.netty.request.NettyRequestSender - Using open Channel [id: 0xd6ee6950, L:/127.0.0.1:56984 - R:/127.0.0.1:4723] for GET '/wd/hub/session/b8448920-7ef6-46e9-b540-4dbf1875ebb8/element/00000000-0000-0280-0000-000700000003/enabled'
20:18:55.890 [AsyncHttpClient-1-2] DEBUG org.asynchttpclient.netty.handler.HttpHandler - 

Request DefaultFullHttpRequest(decodeResult: success, version: HTTP/1.1, content: EmptyByteBufBE)
GET /wd/hub/session/b8448920-7ef6-46e9-b540-4dbf1875ebb8/element/00000000-0000-0280-0000-000700000003/enabled HTTP/1.1
User-Agent: appium/8.3.0 (selenium/4.8.1 (java mac))
Cache-Control: no-cache
Content-Type: application/json; charset=utf-8
host: 127.0.0.1:4723
accept: */*

Response DefaultHttpResponse(decodeResult: success, version: HTTP/1.1)
HTTP/1.1 200 OK
X-Powered-By: Express
Content-Type: application/json; charset=utf-8
Content-Length: 14
ETag: W/"e-2ZHvAWebNQpyjGZTg6uyV8/spTo"
Date: Tue, 09 May 2023 13:18:55 GMT
Connection: keep-alive
Keep-Alive: timeout=600

20:18:55.892 [AsyncHttpClient-1-2] DEBUG org.asynchttpclient.netty.channel.ChannelManager - Adding key: http://127.0.0.1:4723 for channel [id: 0xd6ee6950, L:/127.0.0.1:56984 - R:/127.0.0.1:4723]
20:18:55.896 [Forwarding clickElement on session b8448920-7ef6-46e9-b540-4dbf1875ebb8 to remote] DEBUG org.asynchttpclient.netty.request.NettyRequestSender - Using pooled Channel '[id: 0xd6ee6950, L:/127.0.0.1:56984 - R:/127.0.0.1:4723]' for 'POST' to 'http://127.0.0.1:4723/wd/hub/session/b8448920-7ef6-46e9-b540-4dbf1875ebb8/element/00000000-0000-0280-0000-000700000003/click'
20:18:55.897 [Forwarding clickElement on session b8448920-7ef6-46e9-b540-4dbf1875ebb8 to remote] DEBUG org.asynchttpclient.netty.request.NettyRequestSender - Using open Channel [id: 0xd6ee6950, L:/127.0.0.1:56984 - R:/127.0.0.1:4723] for POST '/wd/hub/session/b8448920-7ef6-46e9-b540-4dbf1875ebb8/element/00000000-0000-0280-0000-000700000003/click'
20:18:56.742 [AsyncHttpClient-1-2] DEBUG org.asynchttpclient.netty.handler.HttpHandler - 

Request DefaultHttpRequest(decodeResult: success, version: HTTP/1.1)
POST /wd/hub/session/b8448920-7ef6-46e9-b540-4dbf1875ebb8/element/00000000-0000-0280-0000-000700000003/click HTTP/1.1
User-Agent: appium/8.3.0 (selenium/4.8.1 (java mac))
Content-Length: 50
Content-Type: application/json; charset=utf-8
host: 127.0.0.1:4723
accept: */*

Response DefaultHttpResponse(decodeResult: success, version: HTTP/1.1)
HTTP/1.1 200 OK
X-Powered-By: Express
Vary: X-HTTP-Method-Override
Content-Type: application/json; charset=utf-8
Content-Length: 14
ETag: W/"e-9/1BuKMgFObM1mWJm+YjxtXJnUM"
Date: Tue, 09 May 2023 13:18:56 GMT
Connection: keep-alive
Keep-Alive: timeout=600

20:18:56.742 [AsyncHttpClient-1-2] DEBUG org.asynchttpclient.netty.channel.ChannelManager - Adding key: http://127.0.0.1:4723 for channel [id: 0xd6ee6950, L:/127.0.0.1:56984 - R:/127.0.0.1:4723]
20:18:56.749 [main] DEBUG net.thucydides.core.steps.StepInterceptor - STEP DONE: clickAccount
]]></system-out>
  </testcase>
  <testcase name="New user click register1" classname="As a new user, I have be able to create new account without username" time="0.963">
    <system-out><![CDATA[20:18:56.761 [main] DEBUG net.thucydides.core.steps.StepInterceptor - STARTING STEP: RegisterSteps1.userClickRegisterLink - clickRegisterLink
20:18:56.763 [Forwarding findElement on session b8448920-7ef6-46e9-b540-4dbf1875ebb8 to remote] DEBUG org.asynchttpclient.netty.request.NettyRequestSender - Using pooled Channel '[id: 0xd6ee6950, L:/127.0.0.1:56984 - R:/127.0.0.1:4723]' for 'POST' to 'http://127.0.0.1:4723/wd/hub/session/b8448920-7ef6-46e9-b540-4dbf1875ebb8/element'
20:18:56.763 [Forwarding findElement on session b8448920-7ef6-46e9-b540-4dbf1875ebb8 to remote] DEBUG org.asynchttpclient.netty.request.NettyRequestSender - Using open Channel [id: 0xd6ee6950, L:/127.0.0.1:56984 - R:/127.0.0.1:4723] for POST '/wd/hub/session/b8448920-7ef6-46e9-b540-4dbf1875ebb8/element'
20:18:56.830 [AsyncHttpClient-1-2] DEBUG org.asynchttpclient.netty.handler.HttpHandler - 

Request DefaultHttpRequest(decodeResult: success, version: HTTP/1.1)
POST /wd/hub/session/b8448920-7ef6-46e9-b540-4dbf1875ebb8/element HTTP/1.1
User-Agent: appium/8.3.0 (selenium/4.8.1 (java mac))
Content-Length: 102
Content-Type: application/json; charset=utf-8
host: 127.0.0.1:4723
accept: */*

Response DefaultHttpResponse(decodeResult: success, version: HTTP/1.1)
HTTP/1.1 200 OK
X-Powered-By: Express
Vary: X-HTTP-Method-Override
Content-Type: application/json; charset=utf-8
Content-Length: 137
ETag: W/"89-uZrusLg6mP/HxCye/iQFlxkgo9E"
Date: Tue, 09 May 2023 13:18:56 GMT
Connection: keep-alive
Keep-Alive: timeout=600

20:18:56.830 [AsyncHttpClient-1-2] DEBUG org.asynchttpclient.netty.channel.ChannelManager - Adding key: http://127.0.0.1:4723 for channel [id: 0xd6ee6950, L:/127.0.0.1:56984 - R:/127.0.0.1:4723]
20:18:56.831 [Forwarding isElementDisplayed on session b8448920-7ef6-46e9-b540-4dbf1875ebb8 to remote] DEBUG org.asynchttpclient.netty.request.NettyRequestSender - Using pooled Channel '[id: 0xd6ee6950, L:/127.0.0.1:56984 - R:/127.0.0.1:4723]' for 'GET' to 'http://127.0.0.1:4723/wd/hub/session/b8448920-7ef6-46e9-b540-4dbf1875ebb8/element/00000000-0000-0280-0000-002a00000003/displayed'
20:18:56.831 [Forwarding isElementDisplayed on session b8448920-7ef6-46e9-b540-4dbf1875ebb8 to remote] DEBUG org.asynchttpclient.netty.request.NettyRequestSender - Using open Channel [id: 0xd6ee6950, L:/127.0.0.1:56984 - R:/127.0.0.1:4723] for GET '/wd/hub/session/b8448920-7ef6-46e9-b540-4dbf1875ebb8/element/00000000-0000-0280-0000-002a00000003/displayed'
20:18:56.840 [AsyncHttpClient-1-2] DEBUG org.asynchttpclient.netty.handler.HttpHandler - 

Request DefaultFullHttpRequest(decodeResult: success, version: HTTP/1.1, content: EmptyByteBufBE)
GET /wd/hub/session/b8448920-7ef6-46e9-b540-4dbf1875ebb8/element/00000000-0000-0280-0000-002a00000003/displayed HTTP/1.1
User-Agent: appium/8.3.0 (selenium/4.8.1 (java mac))
Cache-Control: no-cache
Content-Type: application/json; charset=utf-8
host: 127.0.0.1:4723
accept: */*

Response DefaultHttpResponse(decodeResult: success, version: HTTP/1.1)
HTTP/1.1 200 OK
X-Powered-By: Express
Content-Type: application/json; charset=utf-8
Content-Length: 14
ETag: W/"e-2ZHvAWebNQpyjGZTg6uyV8/spTo"
Date: Tue, 09 May 2023 13:18:56 GMT
Connection: keep-alive
Keep-Alive: timeout=600

20:18:56.840 [AsyncHttpClient-1-2] DEBUG org.asynchttpclient.netty.channel.ChannelManager - Adding key: http://127.0.0.1:4723 for channel [id: 0xd6ee6950, L:/127.0.0.1:56984 - R:/127.0.0.1:4723]
20:18:56.841 [Forwarding isElementEnabled on session b8448920-7ef6-46e9-b540-4dbf1875ebb8 to remote] DEBUG org.asynchttpclient.netty.request.NettyRequestSender - Using pooled Channel '[id: 0xd6ee6950, L:/127.0.0.1:56984 - R:/127.0.0.1:4723]' for 'GET' to 'http://127.0.0.1:4723/wd/hub/session/b8448920-7ef6-46e9-b540-4dbf1875ebb8/element/00000000-0000-0280-0000-002a00000003/enabled'
20:18:56.842 [Forwarding isElementEnabled on session b8448920-7ef6-46e9-b540-4dbf1875ebb8 to remote] DEBUG org.asynchttpclient.netty.request.NettyRequestSender - Using open Channel [id: 0xd6ee6950, L:/127.0.0.1:56984 - R:/127.0.0.1:4723] for GET '/wd/hub/session/b8448920-7ef6-46e9-b540-4dbf1875ebb8/element/00000000-0000-0280-0000-002a00000003/enabled'
20:18:56.852 [AsyncHttpClient-1-2] DEBUG org.asynchttpclient.netty.handler.HttpHandler - 

Request DefaultFullHttpRequest(decodeResult: success, version: HTTP/1.1, content: EmptyByteBufBE)
GET /wd/hub/session/b8448920-7ef6-46e9-b540-4dbf1875ebb8/element/00000000-0000-0280-0000-002a00000003/enabled HTTP/1.1
User-Agent: appium/8.3.0 (selenium/4.8.1 (java mac))
Cache-Control: no-cache
Content-Type: application/json; charset=utf-8
host: 127.0.0.1:4723
accept: */*

Response DefaultHttpResponse(decodeResult: success, version: HTTP/1.1)
HTTP/1.1 200 OK
X-Powered-By: Express
Content-Type: application/json; charset=utf-8
Content-Length: 14
ETag: W/"e-2ZHvAWebNQpyjGZTg6uyV8/spTo"
Date: Tue, 09 May 2023 13:18:56 GMT
Connection: keep-alive
Keep-Alive: timeout=600

20:18:56.852 [AsyncHttpClient-1-2] DEBUG org.asynchttpclient.netty.channel.ChannelManager - Adding key: http://127.0.0.1:4723 for channel [id: 0xd6ee6950, L:/127.0.0.1:56984 - R:/127.0.0.1:4723]
20:18:56.854 [Forwarding clickElement on session b8448920-7ef6-46e9-b540-4dbf1875ebb8 to remote] DEBUG org.asynchttpclient.netty.request.NettyRequestSender - Using pooled Channel '[id: 0xd6ee6950, L:/127.0.0.1:56984 - R:/127.0.0.1:4723]' for 'POST' to 'http://127.0.0.1:4723/wd/hub/session/b8448920-7ef6-46e9-b540-4dbf1875ebb8/element/00000000-0000-0280-0000-002a00000003/click'
20:18:56.854 [Forwarding clickElement on session b8448920-7ef6-46e9-b540-4dbf1875ebb8 to remote] DEBUG org.asynchttpclient.netty.request.NettyRequestSender - Using open Channel [id: 0xd6ee6950, L:/127.0.0.1:56984 - R:/127.0.0.1:4723] for POST '/wd/hub/session/b8448920-7ef6-46e9-b540-4dbf1875ebb8/element/00000000-0000-0280-0000-002a00000003/click'
20:18:57.709 [AsyncHttpClient-1-2] DEBUG org.asynchttpclient.netty.handler.HttpHandler - 

Request DefaultHttpRequest(decodeResult: success, version: HTTP/1.1)
POST /wd/hub/session/b8448920-7ef6-46e9-b540-4dbf1875ebb8/element/00000000-0000-0280-0000-002a00000003/click HTTP/1.1
User-Agent: appium/8.3.0 (selenium/4.8.1 (java mac))
Content-Length: 50
Content-Type: application/json; charset=utf-8
host: 127.0.0.1:4723
accept: */*

Response DefaultHttpResponse(decodeResult: success, version: HTTP/1.1)
HTTP/1.1 200 OK
X-Powered-By: Express
Vary: X-HTTP-Method-Override
Content-Type: application/json; charset=utf-8
Content-Length: 14
ETag: W/"e-9/1BuKMgFObM1mWJm+YjxtXJnUM"
Date: Tue, 09 May 2023 13:18:57 GMT
Connection: keep-alive
Keep-Alive: timeout=600

20:18:57.711 [AsyncHttpClient-1-2] DEBUG org.asynchttpclient.netty.channel.ChannelManager - Adding key: http://127.0.0.1:4723 for channel [id: 0xd6ee6950, L:/127.0.0.1:56984 - R:/127.0.0.1:4723]
20:18:57.715 [main] DEBUG net.thucydides.core.steps.StepInterceptor - STEP DONE: clickRegisterLink
]]></system-out>
  </testcase>
  <testcase name="New user input email on email field1" classname="As a new user, I have be able to create new account without username" time="2.496">
    <system-out><![CDATA[20:18:57.732 [main] DEBUG net.thucydides.core.steps.StepInterceptor - STARTING STEP: RegisterSteps1.inputEmailField - clicktypeNameField
20:18:57.735 [Forwarding findElement on session b8448920-7ef6-46e9-b540-4dbf1875ebb8 to remote] DEBUG org.asynchttpclient.netty.request.NettyRequestSender - Using pooled Channel '[id: 0xd6ee6950, L:/127.0.0.1:56984 - R:/127.0.0.1:4723]' for 'POST' to 'http://127.0.0.1:4723/wd/hub/session/b8448920-7ef6-46e9-b540-4dbf1875ebb8/element'
20:18:57.735 [Forwarding findElement on session b8448920-7ef6-46e9-b540-4dbf1875ebb8 to remote] DEBUG org.asynchttpclient.netty.request.NettyRequestSender - Using open Channel [id: 0xd6ee6950, L:/127.0.0.1:56984 - R:/127.0.0.1:4723] for POST '/wd/hub/session/b8448920-7ef6-46e9-b540-4dbf1875ebb8/element'
20:18:57.788 [AsyncHttpClient-1-2] DEBUG org.asynchttpclient.netty.handler.HttpHandler - 

Request DefaultHttpRequest(decodeResult: success, version: HTTP/1.1)
POST /wd/hub/session/b8448920-7ef6-46e9-b540-4dbf1875ebb8/element HTTP/1.1
User-Agent: appium/8.3.0 (selenium/4.8.1 (java mac))
Content-Length: 309
Content-Type: application/json; charset=utf-8
host: 127.0.0.1:4723
accept: */*

Response DefaultHttpResponse(decodeResult: success, version: HTTP/1.1)
HTTP/1.1 200 OK
X-Powered-By: Express
Vary: X-HTTP-Method-Override
Content-Type: application/json; charset=utf-8
Content-Length: 137
ETag: W/"89-s/RXJVFvqrOQVVKx8UoEA1XeGsY"
Date: Tue, 09 May 2023 13:18:57 GMT
Connection: keep-alive
Keep-Alive: timeout=600

20:18:57.788 [AsyncHttpClient-1-2] DEBUG org.asynchttpclient.netty.channel.ChannelManager - Adding key: http://127.0.0.1:4723 for channel [id: 0xd6ee6950, L:/127.0.0.1:56984 - R:/127.0.0.1:4723]
20:18:57.793 [Forwarding isElementDisplayed on session b8448920-7ef6-46e9-b540-4dbf1875ebb8 to remote] DEBUG org.asynchttpclient.netty.request.NettyRequestSender - Using pooled Channel '[id: 0xd6ee6950, L:/127.0.0.1:56984 - R:/127.0.0.1:4723]' for 'GET' to 'http://127.0.0.1:4723/wd/hub/session/b8448920-7ef6-46e9-b540-4dbf1875ebb8/element/00000000-0000-0280-0000-003000000003/displayed'
20:18:57.793 [Forwarding isElementDisplayed on session b8448920-7ef6-46e9-b540-4dbf1875ebb8 to remote] DEBUG org.asynchttpclient.netty.request.NettyRequestSender - Using open Channel [id: 0xd6ee6950, L:/127.0.0.1:56984 - R:/127.0.0.1:4723] for GET '/wd/hub/session/b8448920-7ef6-46e9-b540-4dbf1875ebb8/element/00000000-0000-0280-0000-003000000003/displayed'
20:18:57.803 [AsyncHttpClient-1-2] DEBUG org.asynchttpclient.netty.handler.HttpHandler - 

Request DefaultFullHttpRequest(decodeResult: success, version: HTTP/1.1, content: EmptyByteBufBE)
GET /wd/hub/session/b8448920-7ef6-46e9-b540-4dbf1875ebb8/element/00000000-0000-0280-0000-003000000003/displayed HTTP/1.1
User-Agent: appium/8.3.0 (selenium/4.8.1 (java mac))
Cache-Control: no-cache
Content-Type: application/json; charset=utf-8
host: 127.0.0.1:4723
accept: */*

Response DefaultHttpResponse(decodeResult: success, version: HTTP/1.1)
HTTP/1.1 200 OK
X-Powered-By: Express
Content-Type: application/json; charset=utf-8
Content-Length: 14
ETag: W/"e-2ZHvAWebNQpyjGZTg6uyV8/spTo"
Date: Tue, 09 May 2023 13:18:57 GMT
Connection: keep-alive
Keep-Alive: timeout=600

20:18:57.803 [AsyncHttpClient-1-2] DEBUG org.asynchttpclient.netty.channel.ChannelManager - Adding key: http://127.0.0.1:4723 for channel [id: 0xd6ee6950, L:/127.0.0.1:56984 - R:/127.0.0.1:4723]
20:18:57.805 [Forwarding isElementEnabled on session b8448920-7ef6-46e9-b540-4dbf1875ebb8 to remote] DEBUG org.asynchttpclient.netty.request.NettyRequestSender - Using pooled Channel '[id: 0xd6ee6950, L:/127.0.0.1:56984 - R:/127.0.0.1:4723]' for 'GET' to 'http://127.0.0.1:4723/wd/hub/session/b8448920-7ef6-46e9-b540-4dbf1875ebb8/element/00000000-0000-0280-0000-003000000003/enabled'
20:18:57.805 [Forwarding isElementEnabled on session b8448920-7ef6-46e9-b540-4dbf1875ebb8 to remote] DEBUG org.asynchttpclient.netty.request.NettyRequestSender - Using open Channel [id: 0xd6ee6950, L:/127.0.0.1:56984 - R:/127.0.0.1:4723] for GET '/wd/hub/session/b8448920-7ef6-46e9-b540-4dbf1875ebb8/element/00000000-0000-0280-0000-003000000003/enabled'
20:18:57.814 [AsyncHttpClient-1-2] DEBUG org.asynchttpclient.netty.handler.HttpHandler - 

Request DefaultFullHttpRequest(decodeResult: success, version: HTTP/1.1, content: EmptyByteBufBE)
GET /wd/hub/session/b8448920-7ef6-46e9-b540-4dbf1875ebb8/element/00000000-0000-0280-0000-003000000003/enabled HTTP/1.1
User-Agent: appium/8.3.0 (selenium/4.8.1 (java mac))
Cache-Control: no-cache
Content-Type: application/json; charset=utf-8
host: 127.0.0.1:4723
accept: */*

Response DefaultHttpResponse(decodeResult: success, version: HTTP/1.1)
HTTP/1.1 200 OK
X-Powered-By: Express
Content-Type: application/json; charset=utf-8
Content-Length: 14
ETag: W/"e-2ZHvAWebNQpyjGZTg6uyV8/spTo"
Date: Tue, 09 May 2023 13:18:57 GMT
Connection: keep-alive
Keep-Alive: timeout=600

20:18:57.815 [AsyncHttpClient-1-2] DEBUG org.asynchttpclient.netty.channel.ChannelManager - Adding key: http://127.0.0.1:4723 for channel [id: 0xd6ee6950, L:/127.0.0.1:56984 - R:/127.0.0.1:4723]
20:18:57.816 [Forwarding clickElement on session b8448920-7ef6-46e9-b540-4dbf1875ebb8 to remote] DEBUG org.asynchttpclient.netty.request.NettyRequestSender - Using pooled Channel '[id: 0xd6ee6950, L:/127.0.0.1:56984 - R:/127.0.0.1:4723]' for 'POST' to 'http://127.0.0.1:4723/wd/hub/session/b8448920-7ef6-46e9-b540-4dbf1875ebb8/element/00000000-0000-0280-0000-003000000003/click'
20:18:57.816 [Forwarding clickElement on session b8448920-7ef6-46e9-b540-4dbf1875ebb8 to remote] DEBUG org.asynchttpclient.netty.request.NettyRequestSender - Using open Channel [id: 0xd6ee6950, L:/127.0.0.1:56984 - R:/127.0.0.1:4723] for POST '/wd/hub/session/b8448920-7ef6-46e9-b540-4dbf1875ebb8/element/00000000-0000-0280-0000-003000000003/click'
20:18:57.858 [AsyncHttpClient-1-2] DEBUG org.asynchttpclient.netty.handler.HttpHandler - 

Request DefaultHttpRequest(decodeResult: success, version: HTTP/1.1)
POST /wd/hub/session/b8448920-7ef6-46e9-b540-4dbf1875ebb8/element/00000000-0000-0280-0000-003000000003/click HTTP/1.1
User-Agent: appium/8.3.0 (selenium/4.8.1 (java mac))
Content-Length: 50
Content-Type: application/json; charset=utf-8
host: 127.0.0.1:4723
accept: */*

Response DefaultHttpResponse(decodeResult: success, version: HTTP/1.1)
HTTP/1.1 200 OK
X-Powered-By: Express
Vary: X-HTTP-Method-Override
Content-Type: application/json; charset=utf-8
Content-Length: 14
ETag: W/"e-9/1BuKMgFObM1mWJm+YjxtXJnUM"
Date: Tue, 09 May 2023 13:18:57 GMT
Connection: keep-alive
Keep-Alive: timeout=600

20:18:57.859 [AsyncHttpClient-1-2] DEBUG org.asynchttpclient.netty.channel.ChannelManager - Adding key: http://127.0.0.1:4723 for channel [id: 0xd6ee6950, L:/127.0.0.1:56984 - R:/127.0.0.1:4723]
20:18:57.860 [main] DEBUG net.thucydides.core.steps.StepInterceptor - STEP DONE: clicktypeNameField
20:18:57.867 [main] DEBUG net.thucydides.core.steps.StepInterceptor - STARTING STEP: RegisterSteps1.inputEmailField - inputNameField
20:18:57.870 [Forwarding findElement on session b8448920-7ef6-46e9-b540-4dbf1875ebb8 to remote] DEBUG org.asynchttpclient.netty.request.NettyRequestSender - Using pooled Channel '[id: 0xd6ee6950, L:/127.0.0.1:56984 - R:/127.0.0.1:4723]' for 'POST' to 'http://127.0.0.1:4723/wd/hub/session/b8448920-7ef6-46e9-b540-4dbf1875ebb8/element'
20:18:57.871 [Forwarding findElement on session b8448920-7ef6-46e9-b540-4dbf1875ebb8 to remote] DEBUG org.asynchttpclient.netty.request.NettyRequestSender - Using open Channel [id: 0xd6ee6950, L:/127.0.0.1:56984 - R:/127.0.0.1:4723] for POST '/wd/hub/session/b8448920-7ef6-46e9-b540-4dbf1875ebb8/element'
20:18:58.614 [AsyncHttpClient-1-2] DEBUG org.asynchttpclient.netty.handler.HttpHandler - 

Request DefaultHttpRequest(decodeResult: success, version: HTTP/1.1)
POST /wd/hub/session/b8448920-7ef6-46e9-b540-4dbf1875ebb8/element HTTP/1.1
User-Agent: appium/8.3.0 (selenium/4.8.1 (java mac))
Content-Length: 309
Content-Type: application/json; charset=utf-8
host: 127.0.0.1:4723
accept: */*

Response DefaultHttpResponse(decodeResult: success, version: HTTP/1.1)
HTTP/1.1 200 OK
X-Powered-By: Express
Vary: X-HTTP-Method-Override
Content-Type: application/json; charset=utf-8
Content-Length: 137
ETag: W/"89-s/RXJVFvqrOQVVKx8UoEA1XeGsY"
Date: Tue, 09 May 2023 13:18:58 GMT
Connection: keep-alive
Keep-Alive: timeout=600

20:18:58.614 [AsyncHttpClient-1-2] DEBUG org.asynchttpclient.netty.channel.ChannelManager - Adding key: http://127.0.0.1:4723 for channel [id: 0xd6ee6950, L:/127.0.0.1:56984 - R:/127.0.0.1:4723]
20:18:58.623 [Forwarding sendKeysToElement on session b8448920-7ef6-46e9-b540-4dbf1875ebb8 to remote] DEBUG org.asynchttpclient.netty.request.NettyRequestSender - Using pooled Channel '[id: 0xd6ee6950, L:/127.0.0.1:56984 - R:/127.0.0.1:4723]' for 'POST' to 'http://127.0.0.1:4723/wd/hub/session/b8448920-7ef6-46e9-b540-4dbf1875ebb8/element/00000000-0000-0280-0000-003000000003/value'
20:18:58.623 [Forwarding sendKeysToElement on session b8448920-7ef6-46e9-b540-4dbf1875ebb8 to remote] DEBUG org.asynchttpclient.netty.request.NettyRequestSender - Using open Channel [id: 0xd6ee6950, L:/127.0.0.1:56984 - R:/127.0.0.1:4723] for POST '/wd/hub/session/b8448920-7ef6-46e9-b540-4dbf1875ebb8/element/00000000-0000-0280-0000-003000000003/value'
20:18:58.672 [AsyncHttpClient-1-2] DEBUG org.asynchttpclient.netty.handler.HttpHandler - 

Request DefaultHttpRequest(decodeResult: success, version: HTTP/1.1)
POST /wd/hub/session/b8448920-7ef6-46e9-b540-4dbf1875ebb8/element/00000000-0000-0280-0000-003000000003/value HTTP/1.1
User-Agent: appium/8.3.0 (selenium/4.8.1 (java mac))
Content-Length: 82
Content-Type: application/json; charset=utf-8
host: 127.0.0.1:4723
accept: */*

Response DefaultHttpResponse(decodeResult: success, version: HTTP/1.1)
HTTP/1.1 200 OK
X-Powered-By: Express
Vary: X-HTTP-Method-Override
Content-Type: application/json; charset=utf-8
Content-Length: 14
ETag: W/"e-9/1BuKMgFObM1mWJm+YjxtXJnUM"
Date: Tue, 09 May 2023 13:18:58 GMT
Connection: keep-alive
Keep-Alive: timeout=600

20:18:58.675 [AsyncHttpClient-1-2] DEBUG org.asynchttpclient.netty.channel.ChannelManager - Adding key: http://127.0.0.1:4723 for channel [id: 0xd6ee6950, L:/127.0.0.1:56984 - R:/127.0.0.1:4723]
20:18:58.677 [main] DEBUG net.thucydides.core.steps.StepInterceptor - STEP DONE: inputNameField
20:18:58.679 [main] DEBUG net.thucydides.core.steps.StepInterceptor - STARTING STEP: RegisterSteps1.inputEmailField - clicktypeEmailField
20:18:58.682 [Forwarding findElement on session b8448920-7ef6-46e9-b540-4dbf1875ebb8 to remote] DEBUG org.asynchttpclient.netty.request.NettyRequestSender - Using pooled Channel '[id: 0xd6ee6950, L:/127.0.0.1:56984 - R:/127.0.0.1:4723]' for 'POST' to 'http://127.0.0.1:4723/wd/hub/session/b8448920-7ef6-46e9-b540-4dbf1875ebb8/element'
20:18:58.682 [Forwarding findElement on session b8448920-7ef6-46e9-b540-4dbf1875ebb8 to remote] DEBUG org.asynchttpclient.netty.request.NettyRequestSender - Using open Channel [id: 0xd6ee6950, L:/127.0.0.1:56984 - R:/127.0.0.1:4723] for POST '/wd/hub/session/b8448920-7ef6-46e9-b540-4dbf1875ebb8/element'
20:18:59.378 [AsyncHttpClient-1-2] DEBUG org.asynchttpclient.netty.handler.HttpHandler - 

Request DefaultHttpRequest(decodeResult: success, version: HTTP/1.1)
POST /wd/hub/session/b8448920-7ef6-46e9-b540-4dbf1875ebb8/element HTTP/1.1
User-Agent: appium/8.3.0 (selenium/4.8.1 (java mac))
Content-Length: 309
Content-Type: application/json; charset=utf-8
host: 127.0.0.1:4723
accept: */*

Response DefaultHttpResponse(decodeResult: success, version: HTTP/1.1)
HTTP/1.1 200 OK
X-Powered-By: Express
Vary: X-HTTP-Method-Override
Content-Type: application/json; charset=utf-8
Content-Length: 137
ETag: W/"89-wkMeWOxNfnRq+TsXuuZAISE03dI"
Date: Tue, 09 May 2023 13:18:59 GMT
Connection: keep-alive
Keep-Alive: timeout=600

20:18:59.379 [AsyncHttpClient-1-2] DEBUG org.asynchttpclient.netty.channel.ChannelManager - Adding key: http://127.0.0.1:4723 for channel [id: 0xd6ee6950, L:/127.0.0.1:56984 - R:/127.0.0.1:4723]
20:18:59.381 [Forwarding isElementDisplayed on session b8448920-7ef6-46e9-b540-4dbf1875ebb8 to remote] DEBUG org.asynchttpclient.netty.request.NettyRequestSender - Using pooled Channel '[id: 0xd6ee6950, L:/127.0.0.1:56984 - R:/127.0.0.1:4723]' for 'GET' to 'http://127.0.0.1:4723/wd/hub/session/b8448920-7ef6-46e9-b540-4dbf1875ebb8/element/00000000-0000-0280-0000-003100000003/displayed'
20:18:59.381 [Forwarding isElementDisplayed on session b8448920-7ef6-46e9-b540-4dbf1875ebb8 to remote] DEBUG org.asynchttpclient.netty.request.NettyRequestSender - Using open Channel [id: 0xd6ee6950, L:/127.0.0.1:56984 - R:/127.0.0.1:4723] for GET '/wd/hub/session/b8448920-7ef6-46e9-b540-4dbf1875ebb8/element/00000000-0000-0280-0000-003100000003/displayed'
20:18:59.398 [AsyncHttpClient-1-2] DEBUG org.asynchttpclient.netty.handler.HttpHandler - 

Request DefaultFullHttpRequest(decodeResult: success, version: HTTP/1.1, content: EmptyByteBufBE)
GET /wd/hub/session/b8448920-7ef6-46e9-b540-4dbf1875ebb8/element/00000000-0000-0280-0000-003100000003/displayed HTTP/1.1
User-Agent: appium/8.3.0 (selenium/4.8.1 (java mac))
Cache-Control: no-cache
Content-Type: application/json; charset=utf-8
host: 127.0.0.1:4723
accept: */*

Response DefaultHttpResponse(decodeResult: success, version: HTTP/1.1)
HTTP/1.1 200 OK
X-Powered-By: Express
Content-Type: application/json; charset=utf-8
Content-Length: 14
ETag: W/"e-2ZHvAWebNQpyjGZTg6uyV8/spTo"
Date: Tue, 09 May 2023 13:18:59 GMT
Connection: keep-alive
Keep-Alive: timeout=600

20:18:59.399 [AsyncHttpClient-1-2] DEBUG org.asynchttpclient.netty.channel.ChannelManager - Adding key: http://127.0.0.1:4723 for channel [id: 0xd6ee6950, L:/127.0.0.1:56984 - R:/127.0.0.1:4723]
20:18:59.400 [Forwarding isElementEnabled on session b8448920-7ef6-46e9-b540-4dbf1875ebb8 to remote] DEBUG org.asynchttpclient.netty.request.NettyRequestSender - Using pooled Channel '[id: 0xd6ee6950, L:/127.0.0.1:56984 - R:/127.0.0.1:4723]' for 'GET' to 'http://127.0.0.1:4723/wd/hub/session/b8448920-7ef6-46e9-b540-4dbf1875ebb8/element/00000000-0000-0280-0000-003100000003/enabled'
20:18:59.401 [Forwarding isElementEnabled on session b8448920-7ef6-46e9-b540-4dbf1875ebb8 to remote] DEBUG org.asynchttpclient.netty.request.NettyRequestSender - Using open Channel [id: 0xd6ee6950, L:/127.0.0.1:56984 - R:/127.0.0.1:4723] for GET '/wd/hub/session/b8448920-7ef6-46e9-b540-4dbf1875ebb8/element/00000000-0000-0280-0000-003100000003/enabled'
20:18:59.414 [AsyncHttpClient-1-2] DEBUG org.asynchttpclient.netty.handler.HttpHandler - 

Request DefaultFullHttpRequest(decodeResult: success, version: HTTP/1.1, content: EmptyByteBufBE)
GET /wd/hub/session/b8448920-7ef6-46e9-b540-4dbf1875ebb8/element/00000000-0000-0280-0000-003100000003/enabled HTTP/1.1
User-Agent: appium/8.3.0 (selenium/4.8.1 (java mac))
Cache-Control: no-cache
Content-Type: application/json; charset=utf-8
host: 127.0.0.1:4723
accept: */*

Response DefaultHttpResponse(decodeResult: success, version: HTTP/1.1)
HTTP/1.1 200 OK
X-Powered-By: Express
Content-Type: application/json; charset=utf-8
Content-Length: 14
ETag: W/"e-2ZHvAWebNQpyjGZTg6uyV8/spTo"
Date: Tue, 09 May 2023 13:18:59 GMT
Connection: keep-alive
Keep-Alive: timeout=600

20:18:59.415 [AsyncHttpClient-1-2] DEBUG org.asynchttpclient.netty.channel.ChannelManager - Adding key: http://127.0.0.1:4723 for channel [id: 0xd6ee6950, L:/127.0.0.1:56984 - R:/127.0.0.1:4723]
20:18:59.418 [Forwarding clickElement on session b8448920-7ef6-46e9-b540-4dbf1875ebb8 to remote] DEBUG org.asynchttpclient.netty.request.NettyRequestSender - Using pooled Channel '[id: 0xd6ee6950, L:/127.0.0.1:56984 - R:/127.0.0.1:4723]' for 'POST' to 'http://127.0.0.1:4723/wd/hub/session/b8448920-7ef6-46e9-b540-4dbf1875ebb8/element/00000000-0000-0280-0000-003100000003/click'
20:18:59.418 [Forwarding clickElement on session b8448920-7ef6-46e9-b540-4dbf1875ebb8 to remote] DEBUG org.asynchttpclient.netty.request.NettyRequestSender - Using open Channel [id: 0xd6ee6950, L:/127.0.0.1:56984 - R:/127.0.0.1:4723] for POST '/wd/hub/session/b8448920-7ef6-46e9-b540-4dbf1875ebb8/element/00000000-0000-0280-0000-003100000003/click'
20:19:00.047 [AsyncHttpClient-1-2] DEBUG org.asynchttpclient.netty.handler.HttpHandler - 

Request DefaultHttpRequest(decodeResult: success, version: HTTP/1.1)
POST /wd/hub/session/b8448920-7ef6-46e9-b540-4dbf1875ebb8/element/00000000-0000-0280-0000-003100000003/click HTTP/1.1
User-Agent: appium/8.3.0 (selenium/4.8.1 (java mac))
Content-Length: 50
Content-Type: application/json; charset=utf-8
host: 127.0.0.1:4723
accept: */*

Response DefaultHttpResponse(decodeResult: success, version: HTTP/1.1)
HTTP/1.1 200 OK
X-Powered-By: Express
Vary: X-HTTP-Method-Override
Content-Type: application/json; charset=utf-8
Content-Length: 14
ETag: W/"e-9/1BuKMgFObM1mWJm+YjxtXJnUM"
Date: Tue, 09 May 2023 13:19:00 GMT
Connection: keep-alive
Keep-Alive: timeout=600

20:19:00.047 [AsyncHttpClient-1-2] DEBUG org.asynchttpclient.netty.channel.ChannelManager - Adding key: http://127.0.0.1:4723 for channel [id: 0xd6ee6950, L:/127.0.0.1:56984 - R:/127.0.0.1:4723]
20:19:00.049 [main] DEBUG net.thucydides.core.steps.StepInterceptor - STEP DONE: clicktypeEmailField
20:19:00.162 [Forwarding findElement on session b8448920-7ef6-46e9-b540-4dbf1875ebb8 to remote] DEBUG org.asynchttpclient.netty.request.NettyRequestSender - Using pooled Channel '[id: 0xd6ee6950, L:/127.0.0.1:56984 - R:/127.0.0.1:4723]' for 'POST' to 'http://127.0.0.1:4723/wd/hub/session/b8448920-7ef6-46e9-b540-4dbf1875ebb8/element'
20:19:00.163 [Forwarding findElement on session b8448920-7ef6-46e9-b540-4dbf1875ebb8 to remote] DEBUG org.asynchttpclient.netty.request.NettyRequestSender - Using open Channel [id: 0xd6ee6950, L:/127.0.0.1:56984 - R:/127.0.0.1:4723] for POST '/wd/hub/session/b8448920-7ef6-46e9-b540-4dbf1875ebb8/element'
20:19:00.187 [AsyncHttpClient-1-2] DEBUG org.asynchttpclient.netty.handler.HttpHandler - 

Request DefaultHttpRequest(decodeResult: success, version: HTTP/1.1)
POST /wd/hub/session/b8448920-7ef6-46e9-b540-4dbf1875ebb8/element HTTP/1.1
User-Agent: appium/8.3.0 (selenium/4.8.1 (java mac))
Content-Length: 309
Content-Type: application/json; charset=utf-8
host: 127.0.0.1:4723
accept: */*

Response DefaultHttpResponse(decodeResult: success, version: HTTP/1.1)
HTTP/1.1 200 OK
X-Powered-By: Express
Vary: X-HTTP-Method-Override
Content-Type: application/json; charset=utf-8
Content-Length: 137
ETag: W/"89-wkMeWOxNfnRq+TsXuuZAISE03dI"
Date: Tue, 09 May 2023 13:19:00 GMT
Connection: keep-alive
Keep-Alive: timeout=600

20:19:00.188 [AsyncHttpClient-1-2] DEBUG org.asynchttpclient.netty.channel.ChannelManager - Adding key: http://127.0.0.1:4723 for channel [id: 0xd6ee6950, L:/127.0.0.1:56984 - R:/127.0.0.1:4723]
20:19:00.190 [Forwarding sendKeysToElement on session b8448920-7ef6-46e9-b540-4dbf1875ebb8 to remote] DEBUG org.asynchttpclient.netty.request.NettyRequestSender - Using pooled Channel '[id: 0xd6ee6950, L:/127.0.0.1:56984 - R:/127.0.0.1:4723]' for 'POST' to 'http://127.0.0.1:4723/wd/hub/session/b8448920-7ef6-46e9-b540-4dbf1875ebb8/element/00000000-0000-0280-0000-003100000003/value'
20:19:00.190 [Forwarding sendKeysToElement on session b8448920-7ef6-46e9-b540-4dbf1875ebb8 to remote] DEBUG org.asynchttpclient.netty.request.NettyRequestSender - Using open Channel [id: 0xd6ee6950, L:/127.0.0.1:56984 - R:/127.0.0.1:4723] for POST '/wd/hub/session/b8448920-7ef6-46e9-b540-4dbf1875ebb8/element/00000000-0000-0280-0000-003100000003/value'
20:19:00.215 [AsyncHttpClient-1-2] DEBUG org.asynchttpclient.netty.handler.HttpHandler - 

Request DefaultHttpRequest(decodeResult: success, version: HTTP/1.1)
POST /wd/hub/session/b8448920-7ef6-46e9-b540-4dbf1875ebb8/element/00000000-0000-0280-0000-003100000003/value HTTP/1.1
User-Agent: appium/8.3.0 (selenium/4.8.1 (java mac))
Content-Length: 271
Content-Type: application/json; charset=utf-8
host: 127.0.0.1:4723
accept: */*

Response DefaultHttpResponse(decodeResult: success, version: HTTP/1.1)
HTTP/1.1 200 OK
X-Powered-By: Express
Vary: X-HTTP-Method-Override
Content-Type: application/json; charset=utf-8
Content-Length: 14
ETag: W/"e-9/1BuKMgFObM1mWJm+YjxtXJnUM"
Date: Tue, 09 May 2023 13:19:00 GMT
Connection: keep-alive
Keep-Alive: timeout=600

20:19:00.216 [AsyncHttpClient-1-2] DEBUG org.asynchttpclient.netty.channel.ChannelManager - Adding key: http://127.0.0.1:4723 for channel [id: 0xd6ee6950, L:/127.0.0.1:56984 - R:/127.0.0.1:4723]
]]></system-out>
  </testcase>
  <testcase name="New user input password on password field1" classname="As a new user, I have be able to create new account without username" time="1.397">
    <system-out><![CDATA[20:19:00.233 [main] DEBUG net.thucydides.core.steps.StepInterceptor - STARTING STEP: RegisterSteps1.inputPasswordField - clicktypePasswordField
20:19:00.239 [Forwarding findElement on session b8448920-7ef6-46e9-b540-4dbf1875ebb8 to remote] DEBUG org.asynchttpclient.netty.request.NettyRequestSender - Using pooled Channel '[id: 0xd6ee6950, L:/127.0.0.1:56984 - R:/127.0.0.1:4723]' for 'POST' to 'http://127.0.0.1:4723/wd/hub/session/b8448920-7ef6-46e9-b540-4dbf1875ebb8/element'
20:19:00.239 [Forwarding findElement on session b8448920-7ef6-46e9-b540-4dbf1875ebb8 to remote] DEBUG org.asynchttpclient.netty.request.NettyRequestSender - Using open Channel [id: 0xd6ee6950, L:/127.0.0.1:56984 - R:/127.0.0.1:4723] for POST '/wd/hub/session/b8448920-7ef6-46e9-b540-4dbf1875ebb8/element'
20:19:00.762 [AsyncHttpClient-1-2] DEBUG org.asynchttpclient.netty.handler.HttpHandler - 

Request DefaultHttpRequest(decodeResult: success, version: HTTP/1.1)
POST /wd/hub/session/b8448920-7ef6-46e9-b540-4dbf1875ebb8/element HTTP/1.1
User-Agent: appium/8.3.0 (selenium/4.8.1 (java mac))
Content-Length: 309
Content-Type: application/json; charset=utf-8
host: 127.0.0.1:4723
accept: */*

Response DefaultHttpResponse(decodeResult: success, version: HTTP/1.1)
HTTP/1.1 200 OK
X-Powered-By: Express
Vary: X-HTTP-Method-Override
Content-Type: application/json; charset=utf-8
Content-Length: 137
ETag: W/"89-MKnA2yoKJUTS8CocafbQ7EtWlaI"
Date: Tue, 09 May 2023 13:19:00 GMT
Connection: keep-alive
Keep-Alive: timeout=600

20:19:00.763 [AsyncHttpClient-1-2] DEBUG org.asynchttpclient.netty.channel.ChannelManager - Adding key: http://127.0.0.1:4723 for channel [id: 0xd6ee6950, L:/127.0.0.1:56984 - R:/127.0.0.1:4723]
20:19:00.766 [Forwarding isElementDisplayed on session b8448920-7ef6-46e9-b540-4dbf1875ebb8 to remote] DEBUG org.asynchttpclient.netty.request.NettyRequestSender - Using pooled Channel '[id: 0xd6ee6950, L:/127.0.0.1:56984 - R:/127.0.0.1:4723]' for 'GET' to 'http://127.0.0.1:4723/wd/hub/session/b8448920-7ef6-46e9-b540-4dbf1875ebb8/element/00000000-0000-0280-0000-003200000003/displayed'
20:19:00.766 [Forwarding isElementDisplayed on session b8448920-7ef6-46e9-b540-4dbf1875ebb8 to remote] DEBUG org.asynchttpclient.netty.request.NettyRequestSender - Using open Channel [id: 0xd6ee6950, L:/127.0.0.1:56984 - R:/127.0.0.1:4723] for GET '/wd/hub/session/b8448920-7ef6-46e9-b540-4dbf1875ebb8/element/00000000-0000-0280-0000-003200000003/displayed'
20:19:00.777 [AsyncHttpClient-1-2] DEBUG org.asynchttpclient.netty.handler.HttpHandler - 

Request DefaultFullHttpRequest(decodeResult: success, version: HTTP/1.1, content: EmptyByteBufBE)
GET /wd/hub/session/b8448920-7ef6-46e9-b540-4dbf1875ebb8/element/00000000-0000-0280-0000-003200000003/displayed HTTP/1.1
User-Agent: appium/8.3.0 (selenium/4.8.1 (java mac))
Cache-Control: no-cache
Content-Type: application/json; charset=utf-8
host: 127.0.0.1:4723
accept: */*

Response DefaultHttpResponse(decodeResult: success, version: HTTP/1.1)
HTTP/1.1 200 OK
X-Powered-By: Express
Content-Type: application/json; charset=utf-8
Content-Length: 14
ETag: W/"e-2ZHvAWebNQpyjGZTg6uyV8/spTo"
Date: Tue, 09 May 2023 13:19:00 GMT
Connection: keep-alive
Keep-Alive: timeout=600

20:19:00.777 [AsyncHttpClient-1-2] DEBUG org.asynchttpclient.netty.channel.ChannelManager - Adding key: http://127.0.0.1:4723 for channel [id: 0xd6ee6950, L:/127.0.0.1:56984 - R:/127.0.0.1:4723]
20:19:00.780 [Forwarding isElementEnabled on session b8448920-7ef6-46e9-b540-4dbf1875ebb8 to remote] DEBUG org.asynchttpclient.netty.request.NettyRequestSender - Using pooled Channel '[id: 0xd6ee6950, L:/127.0.0.1:56984 - R:/127.0.0.1:4723]' for 'GET' to 'http://127.0.0.1:4723/wd/hub/session/b8448920-7ef6-46e9-b540-4dbf1875ebb8/element/00000000-0000-0280-0000-003200000003/enabled'
20:19:00.781 [Forwarding isElementEnabled on session b8448920-7ef6-46e9-b540-4dbf1875ebb8 to remote] DEBUG org.asynchttpclient.netty.request.NettyRequestSender - Using open Channel [id: 0xd6ee6950, L:/127.0.0.1:56984 - R:/127.0.0.1:4723] for GET '/wd/hub/session/b8448920-7ef6-46e9-b540-4dbf1875ebb8/element/00000000-0000-0280-0000-003200000003/enabled'
20:19:00.790 [AsyncHttpClient-1-2] DEBUG org.asynchttpclient.netty.handler.HttpHandler - 

Request DefaultFullHttpRequest(decodeResult: success, version: HTTP/1.1, content: EmptyByteBufBE)
GET /wd/hub/session/b8448920-7ef6-46e9-b540-4dbf1875ebb8/element/00000000-0000-0280-0000-003200000003/enabled HTTP/1.1
User-Agent: appium/8.3.0 (selenium/4.8.1 (java mac))
Cache-Control: no-cache
Content-Type: application/json; charset=utf-8
host: 127.0.0.1:4723
accept: */*

Response DefaultHttpResponse(decodeResult: success, version: HTTP/1.1)
HTTP/1.1 200 OK
X-Powered-By: Express
Content-Type: application/json; charset=utf-8
Content-Length: 14
ETag: W/"e-2ZHvAWebNQpyjGZTg6uyV8/spTo"
Date: Tue, 09 May 2023 13:19:00 GMT
Connection: keep-alive
Keep-Alive: timeout=600

20:19:00.791 [AsyncHttpClient-1-2] DEBUG org.asynchttpclient.netty.channel.ChannelManager - Adding key: http://127.0.0.1:4723 for channel [id: 0xd6ee6950, L:/127.0.0.1:56984 - R:/127.0.0.1:4723]
20:19:00.799 [Forwarding clickElement on session b8448920-7ef6-46e9-b540-4dbf1875ebb8 to remote] DEBUG org.asynchttpclient.netty.request.NettyRequestSender - Using pooled Channel '[id: 0xd6ee6950, L:/127.0.0.1:56984 - R:/127.0.0.1:4723]' for 'POST' to 'http://127.0.0.1:4723/wd/hub/session/b8448920-7ef6-46e9-b540-4dbf1875ebb8/element/00000000-0000-0280-0000-003200000003/click'
20:19:00.800 [Forwarding clickElement on session b8448920-7ef6-46e9-b540-4dbf1875ebb8 to remote] DEBUG org.asynchttpclient.netty.request.NettyRequestSender - Using open Channel [id: 0xd6ee6950, L:/127.0.0.1:56984 - R:/127.0.0.1:4723] for POST '/wd/hub/session/b8448920-7ef6-46e9-b540-4dbf1875ebb8/element/00000000-0000-0280-0000-003200000003/click'
20:19:01.537 [AsyncHttpClient-1-2] DEBUG org.asynchttpclient.netty.handler.HttpHandler - 

Request DefaultHttpRequest(decodeResult: success, version: HTTP/1.1)
POST /wd/hub/session/b8448920-7ef6-46e9-b540-4dbf1875ebb8/element/00000000-0000-0280-0000-003200000003/click HTTP/1.1
User-Agent: appium/8.3.0 (selenium/4.8.1 (java mac))
Content-Length: 50
Content-Type: application/json; charset=utf-8
host: 127.0.0.1:4723
accept: */*

Response DefaultHttpResponse(decodeResult: success, version: HTTP/1.1)
HTTP/1.1 200 OK
X-Powered-By: Express
Vary: X-HTTP-Method-Override
Content-Type: application/json; charset=utf-8
Content-Length: 14
ETag: W/"e-9/1BuKMgFObM1mWJm+YjxtXJnUM"
Date: Tue, 09 May 2023 13:19:01 GMT
Connection: keep-alive
Keep-Alive: timeout=600

20:19:01.540 [AsyncHttpClient-1-2] DEBUG org.asynchttpclient.netty.channel.ChannelManager - Adding key: http://127.0.0.1:4723 for channel [id: 0xd6ee6950, L:/127.0.0.1:56984 - R:/127.0.0.1:4723]
20:19:01.546 [main] DEBUG net.thucydides.core.steps.StepInterceptor - STEP DONE: clicktypePasswordField
20:19:01.552 [main] DEBUG net.thucydides.core.steps.StepInterceptor - STARTING STEP: RegisterSteps1.inputPasswordField - inputPassword
20:19:01.556 [Forwarding findElement on session b8448920-7ef6-46e9-b540-4dbf1875ebb8 to remote] DEBUG org.asynchttpclient.netty.request.NettyRequestSender - Using pooled Channel '[id: 0xd6ee6950, L:/127.0.0.1:56984 - R:/127.0.0.1:4723]' for 'POST' to 'http://127.0.0.1:4723/wd/hub/session/b8448920-7ef6-46e9-b540-4dbf1875ebb8/element'
20:19:01.557 [Forwarding findElement on session b8448920-7ef6-46e9-b540-4dbf1875ebb8 to remote] DEBUG org.asynchttpclient.netty.request.NettyRequestSender - Using open Channel [id: 0xd6ee6950, L:/127.0.0.1:56984 - R:/127.0.0.1:4723] for POST '/wd/hub/session/b8448920-7ef6-46e9-b540-4dbf1875ebb8/element'
20:19:01.599 [AsyncHttpClient-1-2] DEBUG org.asynchttpclient.netty.handler.HttpHandler - 

Request DefaultHttpRequest(decodeResult: success, version: HTTP/1.1)
POST /wd/hub/session/b8448920-7ef6-46e9-b540-4dbf1875ebb8/element HTTP/1.1
User-Agent: appium/8.3.0 (selenium/4.8.1 (java mac))
Content-Length: 309
Content-Type: application/json; charset=utf-8
host: 127.0.0.1:4723
accept: */*

Response DefaultHttpResponse(decodeResult: success, version: HTTP/1.1)
HTTP/1.1 200 OK
X-Powered-By: Express
Vary: X-HTTP-Method-Override
Content-Type: application/json; charset=utf-8
Content-Length: 137
ETag: W/"89-MKnA2yoKJUTS8CocafbQ7EtWlaI"
Date: Tue, 09 May 2023 13:19:01 GMT
Connection: keep-alive
Keep-Alive: timeout=600

20:19:01.600 [AsyncHttpClient-1-2] DEBUG org.asynchttpclient.netty.channel.ChannelManager - Adding key: http://127.0.0.1:4723 for channel [id: 0xd6ee6950, L:/127.0.0.1:56984 - R:/127.0.0.1:4723]
20:19:01.602 [Forwarding sendKeysToElement on session b8448920-7ef6-46e9-b540-4dbf1875ebb8 to remote] DEBUG org.asynchttpclient.netty.request.NettyRequestSender - Using pooled Channel '[id: 0xd6ee6950, L:/127.0.0.1:56984 - R:/127.0.0.1:4723]' for 'POST' to 'http://127.0.0.1:4723/wd/hub/session/b8448920-7ef6-46e9-b540-4dbf1875ebb8/element/00000000-0000-0280-0000-003200000003/value'
20:19:01.602 [Forwarding sendKeysToElement on session b8448920-7ef6-46e9-b540-4dbf1875ebb8 to remote] DEBUG org.asynchttpclient.netty.request.NettyRequestSender - Using open Channel [id: 0xd6ee6950, L:/127.0.0.1:56984 - R:/127.0.0.1:4723] for POST '/wd/hub/session/b8448920-7ef6-46e9-b540-4dbf1875ebb8/element/00000000-0000-0280-0000-003200000003/value'
20:19:01.623 [AsyncHttpClient-1-2] DEBUG org.asynchttpclient.netty.handler.HttpHandler - 

Request DefaultHttpRequest(decodeResult: success, version: HTTP/1.1)
POST /wd/hub/session/b8448920-7ef6-46e9-b540-4dbf1875ebb8/element/00000000-0000-0280-0000-003200000003/value HTTP/1.1
User-Agent: appium/8.3.0 (selenium/4.8.1 (java mac))
Content-Length: 151
Content-Type: application/json; charset=utf-8
host: 127.0.0.1:4723
accept: */*

Response DefaultHttpResponse(decodeResult: success, version: HTTP/1.1)
HTTP/1.1 200 OK
X-Powered-By: Express
Vary: X-HTTP-Method-Override
Content-Type: application/json; charset=utf-8
Content-Length: 14
ETag: W/"e-9/1BuKMgFObM1mWJm+YjxtXJnUM"
Date: Tue, 09 May 2023 13:19:01 GMT
Connection: keep-alive
Keep-Alive: timeout=600

20:19:01.624 [AsyncHttpClient-1-2] DEBUG org.asynchttpclient.netty.channel.ChannelManager - Adding key: http://127.0.0.1:4723 for channel [id: 0xd6ee6950, L:/127.0.0.1:56984 - R:/127.0.0.1:4723]
20:19:01.625 [main] DEBUG net.thucydides.core.steps.StepInterceptor - STEP DONE: inputPassword
]]></system-out>
  </testcase>
  <testcase name="New user click register button1" classname="As a new user, I have be able to create new account without username" time="1.444">
    <system-out><![CDATA[20:19:01.640 [main] DEBUG net.thucydides.core.steps.StepInterceptor - STARTING STEP: RegisterSteps1.clickRegisterButton - clickRegisterButton
20:19:01.646 [Forwarding findElement on session b8448920-7ef6-46e9-b540-4dbf1875ebb8 to remote] DEBUG org.asynchttpclient.netty.request.NettyRequestSender - Using pooled Channel '[id: 0xd6ee6950, L:/127.0.0.1:56984 - R:/127.0.0.1:4723]' for 'POST' to 'http://127.0.0.1:4723/wd/hub/session/b8448920-7ef6-46e9-b540-4dbf1875ebb8/element'
20:19:01.646 [Forwarding findElement on session b8448920-7ef6-46e9-b540-4dbf1875ebb8 to remote] DEBUG org.asynchttpclient.netty.request.NettyRequestSender - Using open Channel [id: 0xd6ee6950, L:/127.0.0.1:56984 - R:/127.0.0.1:4723] for POST '/wd/hub/session/b8448920-7ef6-46e9-b540-4dbf1875ebb8/element'
20:19:02.480 [AsyncHttpClient-1-2] DEBUG org.asynchttpclient.netty.handler.HttpHandler - 

Request DefaultHttpRequest(decodeResult: success, version: HTTP/1.1)
POST /wd/hub/session/b8448920-7ef6-46e9-b540-4dbf1875ebb8/element HTTP/1.1
User-Agent: appium/8.3.0 (selenium/4.8.1 (java mac))
Content-Length: 102
Content-Type: application/json; charset=utf-8
host: 127.0.0.1:4723
accept: */*

Response DefaultHttpResponse(decodeResult: success, version: HTTP/1.1)
HTTP/1.1 200 OK
X-Powered-By: Express
Vary: X-HTTP-Method-Override
Content-Type: application/json; charset=utf-8
Content-Length: 137
ETag: W/"89-ax4CzOTfp+UUN5oicwmtYZbhDWo"
Date: Tue, 09 May 2023 13:19:02 GMT
Connection: keep-alive
Keep-Alive: timeout=600

20:19:02.483 [AsyncHttpClient-1-2] DEBUG org.asynchttpclient.netty.channel.ChannelManager - Adding key: http://127.0.0.1:4723 for channel [id: 0xd6ee6950, L:/127.0.0.1:56984 - R:/127.0.0.1:4723]
20:19:02.487 [Forwarding isElementDisplayed on session b8448920-7ef6-46e9-b540-4dbf1875ebb8 to remote] DEBUG org.asynchttpclient.netty.request.NettyRequestSender - Using pooled Channel '[id: 0xd6ee6950, L:/127.0.0.1:56984 - R:/127.0.0.1:4723]' for 'GET' to 'http://127.0.0.1:4723/wd/hub/session/b8448920-7ef6-46e9-b540-4dbf1875ebb8/element/00000000-0000-0280-0000-003300000003/displayed'
20:19:02.487 [Forwarding isElementDisplayed on session b8448920-7ef6-46e9-b540-4dbf1875ebb8 to remote] DEBUG org.asynchttpclient.netty.request.NettyRequestSender - Using open Channel [id: 0xd6ee6950, L:/127.0.0.1:56984 - R:/127.0.0.1:4723] for GET '/wd/hub/session/b8448920-7ef6-46e9-b540-4dbf1875ebb8/element/00000000-0000-0280-0000-003300000003/displayed'
20:19:02.497 [AsyncHttpClient-1-2] DEBUG org.asynchttpclient.netty.handler.HttpHandler - 

Request DefaultFullHttpRequest(decodeResult: success, version: HTTP/1.1, content: EmptyByteBufBE)
GET /wd/hub/session/b8448920-7ef6-46e9-b540-4dbf1875ebb8/element/00000000-0000-0280-0000-003300000003/displayed HTTP/1.1
User-Agent: appium/8.3.0 (selenium/4.8.1 (java mac))
Cache-Control: no-cache
Content-Type: application/json; charset=utf-8
host: 127.0.0.1:4723
accept: */*

Response DefaultHttpResponse(decodeResult: success, version: HTTP/1.1)
HTTP/1.1 200 OK
X-Powered-By: Express
Content-Type: application/json; charset=utf-8
Content-Length: 14
ETag: W/"e-2ZHvAWebNQpyjGZTg6uyV8/spTo"
Date: Tue, 09 May 2023 13:19:02 GMT
Connection: keep-alive
Keep-Alive: timeout=600

20:19:02.497 [AsyncHttpClient-1-2] DEBUG org.asynchttpclient.netty.channel.ChannelManager - Adding key: http://127.0.0.1:4723 for channel [id: 0xd6ee6950, L:/127.0.0.1:56984 - R:/127.0.0.1:4723]
20:19:02.499 [Forwarding isElementEnabled on session b8448920-7ef6-46e9-b540-4dbf1875ebb8 to remote] DEBUG org.asynchttpclient.netty.request.NettyRequestSender - Using pooled Channel '[id: 0xd6ee6950, L:/127.0.0.1:56984 - R:/127.0.0.1:4723]' for 'GET' to 'http://127.0.0.1:4723/wd/hub/session/b8448920-7ef6-46e9-b540-4dbf1875ebb8/element/00000000-0000-0280-0000-003300000003/enabled'
20:19:02.499 [Forwarding isElementEnabled on session b8448920-7ef6-46e9-b540-4dbf1875ebb8 to remote] DEBUG org.asynchttpclient.netty.request.NettyRequestSender - Using open Channel [id: 0xd6ee6950, L:/127.0.0.1:56984 - R:/127.0.0.1:4723] for GET '/wd/hub/session/b8448920-7ef6-46e9-b540-4dbf1875ebb8/element/00000000-0000-0280-0000-003300000003/enabled'
20:19:02.509 [AsyncHttpClient-1-2] DEBUG org.asynchttpclient.netty.handler.HttpHandler - 

Request DefaultFullHttpRequest(decodeResult: success, version: HTTP/1.1, content: EmptyByteBufBE)
GET /wd/hub/session/b8448920-7ef6-46e9-b540-4dbf1875ebb8/element/00000000-0000-0280-0000-003300000003/enabled HTTP/1.1
User-Agent: appium/8.3.0 (selenium/4.8.1 (java mac))
Cache-Control: no-cache
Content-Type: application/json; charset=utf-8
host: 127.0.0.1:4723
accept: */*

Response DefaultHttpResponse(decodeResult: success, version: HTTP/1.1)
HTTP/1.1 200 OK
X-Powered-By: Express
Content-Type: application/json; charset=utf-8
Content-Length: 14
ETag: W/"e-2ZHvAWebNQpyjGZTg6uyV8/spTo"
Date: Tue, 09 May 2023 13:19:02 GMT
Connection: keep-alive
Keep-Alive: timeout=600

20:19:02.509 [AsyncHttpClient-1-2] DEBUG org.asynchttpclient.netty.channel.ChannelManager - Adding key: http://127.0.0.1:4723 for channel [id: 0xd6ee6950, L:/127.0.0.1:56984 - R:/127.0.0.1:4723]
20:19:02.512 [Forwarding clickElement on session b8448920-7ef6-46e9-b540-4dbf1875ebb8 to remote] DEBUG org.asynchttpclient.netty.request.NettyRequestSender - Using pooled Channel '[id: 0xd6ee6950, L:/127.0.0.1:56984 - R:/127.0.0.1:4723]' for 'POST' to 'http://127.0.0.1:4723/wd/hub/session/b8448920-7ef6-46e9-b540-4dbf1875ebb8/element/00000000-0000-0280-0000-003300000003/click'
20:19:02.513 [Forwarding clickElement on session b8448920-7ef6-46e9-b540-4dbf1875ebb8 to remote] DEBUG org.asynchttpclient.netty.request.NettyRequestSender - Using open Channel [id: 0xd6ee6950, L:/127.0.0.1:56984 - R:/127.0.0.1:4723] for POST '/wd/hub/session/b8448920-7ef6-46e9-b540-4dbf1875ebb8/element/00000000-0000-0280-0000-003300000003/click'
20:19:03.072 [AsyncHttpClient-1-2] DEBUG org.asynchttpclient.netty.handler.HttpHandler - 

Request DefaultHttpRequest(decodeResult: success, version: HTTP/1.1)
POST /wd/hub/session/b8448920-7ef6-46e9-b540-4dbf1875ebb8/element/00000000-0000-0280-0000-003300000003/click HTTP/1.1
User-Agent: appium/8.3.0 (selenium/4.8.1 (java mac))
Content-Length: 50
Content-Type: application/json; charset=utf-8
host: 127.0.0.1:4723
accept: */*

Response DefaultHttpResponse(decodeResult: success, version: HTTP/1.1)
HTTP/1.1 200 OK
X-Powered-By: Express
Vary: X-HTTP-Method-Override
Content-Type: application/json; charset=utf-8
Content-Length: 14
ETag: W/"e-9/1BuKMgFObM1mWJm+YjxtXJnUM"
Date: Tue, 09 May 2023 13:19:03 GMT
Connection: keep-alive
Keep-Alive: timeout=600

20:19:03.073 [AsyncHttpClient-1-2] DEBUG org.asynchttpclient.netty.channel.ChannelManager - Adding key: http://127.0.0.1:4723 for channel [id: 0xd6ee6950, L:/127.0.0.1:56984 - R:/127.0.0.1:4723]
20:19:03.075 [main] DEBUG net.thucydides.core.steps.StepInterceptor - STEP DONE: clickRegisterButton
]]></system-out>
  </testcase>
  <testcase name="user see error message1" classname="As a new user, I have be able to create new account without username" time="0.078">
    <system-out><![CDATA[20:19:03.089 [main] DEBUG net.thucydides.core.steps.StepInterceptor - STARTING STEP: RegisterSteps1.validateRegistered - validateHomePage
20:19:03.099 [Forwarding findElement on session b8448920-7ef6-46e9-b540-4dbf1875ebb8 to remote] DEBUG org.asynchttpclient.netty.request.NettyRequestSender - Using pooled Channel '[id: 0xd6ee6950, L:/127.0.0.1:56984 - R:/127.0.0.1:4723]' for 'POST' to 'http://127.0.0.1:4723/wd/hub/session/b8448920-7ef6-46e9-b540-4dbf1875ebb8/element'
20:19:03.099 [Forwarding findElement on session b8448920-7ef6-46e9-b540-4dbf1875ebb8 to remote] DEBUG org.asynchttpclient.netty.request.NettyRequestSender - Using open Channel [id: 0xd6ee6950, L:/127.0.0.1:56984 - R:/127.0.0.1:4723] for POST '/wd/hub/session/b8448920-7ef6-46e9-b540-4dbf1875ebb8/element'
20:19:03.147 [AsyncHttpClient-1-2] DEBUG org.asynchttpclient.netty.handler.HttpHandler - 

Request DefaultHttpRequest(decodeResult: success, version: HTTP/1.1)
POST /wd/hub/session/b8448920-7ef6-46e9-b540-4dbf1875ebb8/element HTTP/1.1
User-Agent: appium/8.3.0 (selenium/4.8.1 (java mac))
Content-Length: 330
Content-Type: application/json; charset=utf-8
host: 127.0.0.1:4723
accept: */*

Response DefaultHttpResponse(decodeResult: success, version: HTTP/1.1)
HTTP/1.1 200 OK
X-Powered-By: Express
Vary: X-HTTP-Method-Override
Content-Type: application/json; charset=utf-8
Content-Length: 137
ETag: W/"89-OgPT69rONOs6SiejXWi4Eg3WDRg"
Date: Tue, 09 May 2023 13:19:03 GMT
Connection: keep-alive
Keep-Alive: timeout=600

20:19:03.147 [AsyncHttpClient-1-2] DEBUG org.asynchttpclient.netty.channel.ChannelManager - Adding key: http://127.0.0.1:4723 for channel [id: 0xd6ee6950, L:/127.0.0.1:56984 - R:/127.0.0.1:4723]
20:19:03.149 [Forwarding isElementDisplayed on session b8448920-7ef6-46e9-b540-4dbf1875ebb8 to remote] DEBUG org.asynchttpclient.netty.request.NettyRequestSender - Using pooled Channel '[id: 0xd6ee6950, L:/127.0.0.1:56984 - R:/127.0.0.1:4723]' for 'GET' to 'http://127.0.0.1:4723/wd/hub/session/b8448920-7ef6-46e9-b540-4dbf1875ebb8/element/00000000-0000-0280-0000-003500000003/displayed'
20:19:03.149 [Forwarding isElementDisplayed on session b8448920-7ef6-46e9-b540-4dbf1875ebb8 to remote] DEBUG org.asynchttpclient.netty.request.NettyRequestSender - Using open Channel [id: 0xd6ee6950, L:/127.0.0.1:56984 - R:/127.0.0.1:4723] for GET '/wd/hub/session/b8448920-7ef6-46e9-b540-4dbf1875ebb8/element/00000000-0000-0280-0000-003500000003/displayed'
20:19:03.158 [AsyncHttpClient-1-2] DEBUG org.asynchttpclient.netty.handler.HttpHandler - 

Request DefaultFullHttpRequest(decodeResult: success, version: HTTP/1.1, content: EmptyByteBufBE)
GET /wd/hub/session/b8448920-7ef6-46e9-b540-4dbf1875ebb8/element/00000000-0000-0280-0000-003500000003/displayed HTTP/1.1
User-Agent: appium/8.3.0 (selenium/4.8.1 (java mac))
Cache-Control: no-cache
Content-Type: application/json; charset=utf-8
host: 127.0.0.1:4723
accept: */*

Response DefaultHttpResponse(decodeResult: success, version: HTTP/1.1)
HTTP/1.1 200 OK
X-Powered-By: Express
Content-Type: application/json; charset=utf-8
Content-Length: 14
ETag: W/"e-2ZHvAWebNQpyjGZTg6uyV8/spTo"
Date: Tue, 09 May 2023 13:19:03 GMT
Connection: keep-alive
Keep-Alive: timeout=600

20:19:03.158 [AsyncHttpClient-1-2] DEBUG org.asynchttpclient.netty.channel.ChannelManager - Adding key: http://127.0.0.1:4723 for channel [id: 0xd6ee6950, L:/127.0.0.1:56984 - R:/127.0.0.1:4723]
20:19:03.161 [main] DEBUG net.thucydides.core.steps.StepInterceptor - STEP DONE: validateHomePage
]]></system-out>
  </testcase>
  <testcase name="New user click account2" classname="As a new user, I have be able to create new account without email" time="6.921">
    <system-out><![CDATA[20:19:03.166 [main] INFO  - 
  _____   ___   ___   _____     ___     _     ___   ___   ___   ___  
 |_   _| | __| / __| |_   _|   | _ \   /_\   / __| / __| | __| |   \ 
   | |   | _|  \__ \   | |     |  _/  / _ \  \__ \ \__ \ | _|  | |) |
   |_|   |___| |___/   |_|     |_|   /_/ \_\ |___/ |___/ |___| |___/ 

As a new user, I have be able to create new account without username
----------------------------------------------------------------------
20:19:03.190 [main] DEBUG io.cucumber.core.plugin.SerenityReporter - Running feature from file:///Users/masgilang/Downloads/test-automation-MinProMobile/src/test/resources/features/Register.feature
20:19:03.193 [main] INFO  - 
  _____   ___   ___   _____     ___   _____     _     ___   _____   ___   ___  
 |_   _| | __| / __| |_   _|   / __| |_   _|   /_\   | _ \ |_   _| | __| |   \ 
   | |   | _|  \__ \   | |     \__ \   | |    / _ \  |   /   | |   | _|  | |) |
   |_|   |___| |___/   |_|     |___/   |_|   /_/ \_\ |_|_\   |_|   |___| |___/ 

As a new user, I have be able to create new account without email(new-user-can-create-account-and-registered;as-a-new-user--i-have-be-able-to-create-new-account-without-email)
--------------------------------------------------------------------------------
20:19:03.213 [main] DEBUG net.thucydides.core.steps.StepInterceptor - STARTING STEP: RegisterSteps2.Account - clickAccount
20:19:03.223 [Forwarding newSession on session null to remote] DEBUG org.asynchttpclient.netty.request.NettyRequestSender - Using pooled Channel '[id: 0xd6ee6950, L:/127.0.0.1:56984 - R:/127.0.0.1:4723]' for 'POST' to 'http://127.0.0.1:4723/wd/hub/session'
20:19:03.223 [Forwarding newSession on session null to remote] DEBUG org.asynchttpclient.netty.request.NettyRequestSender - Using open Channel [id: 0xd6ee6950, L:/127.0.0.1:56984 - R:/127.0.0.1:4723] for POST '/wd/hub/session'
20:19:08.287 [AsyncHttpClient-1-2] DEBUG org.asynchttpclient.netty.handler.HttpHandler - 

Request DefaultHttpRequest(decodeResult: success, version: HTTP/1.1)
POST /wd/hub/session HTTP/1.1
X-Idempotency-Key: 7ab852a0-31ed-4ebc-b33a-e4c83afe3325
User-Agent: appium/8.3.0 (selenium/4.8.1 (java mac))
Content-Length: 423
Content-Type: application/json; charset=utf-8
host: 127.0.0.1:4723
accept: */*

Response DefaultHttpResponse(decodeResult: success, version: HTTP/1.1)
HTTP/1.1 200 OK
X-Powered-By: Express
Vary: X-HTTP-Method-Override
Content-Type: application/json; charset=utf-8
Content-Length: 1038
ETag: W/"40e-vrvdr5A0H99u98jDTjL7W/q4atQ"
Date: Tue, 09 May 2023 13:19:08 GMT
Connection: keep-alive
Keep-Alive: timeout=600

20:19:08.290 [AsyncHttpClient-1-2] DEBUG org.asynchttpclient.netty.channel.ChannelManager - Adding key: http://127.0.0.1:4723 for channel [id: 0xd6ee6950, L:/127.0.0.1:56984 - R:/127.0.0.1:4723]
20:19:08.328 [Forwarding setTimeout on session 99894fc4-b7ca-4fce-b58a-48411ed00f2a to remote] DEBUG org.asynchttpclient.netty.request.NettyRequestSender - Using pooled Channel '[id: 0xd6ee6950, L:/127.0.0.1:56984 - R:/127.0.0.1:4723]' for 'POST' to 'http://127.0.0.1:4723/wd/hub/session/99894fc4-b7ca-4fce-b58a-48411ed00f2a/timeouts'
20:19:08.328 [Forwarding setTimeout on session 99894fc4-b7ca-4fce-b58a-48411ed00f2a to remote] DEBUG org.asynchttpclient.netty.request.NettyRequestSender - Using open Channel [id: 0xd6ee6950, L:/127.0.0.1:56984 - R:/127.0.0.1:4723] for POST '/wd/hub/session/99894fc4-b7ca-4fce-b58a-48411ed00f2a/timeouts'
20:19:08.335 [AsyncHttpClient-1-2] DEBUG org.asynchttpclient.netty.handler.HttpHandler - 

Request DefaultHttpRequest(decodeResult: success, version: HTTP/1.1)
POST /wd/hub/session/99894fc4-b7ca-4fce-b58a-48411ed00f2a/timeouts HTTP/1.1
User-Agent: appium/8.3.0 (selenium/4.8.1 (java mac))
Content-Length: 23
Content-Type: application/json; charset=utf-8
host: 127.0.0.1:4723
accept: */*

Response DefaultHttpResponse(decodeResult: success, version: HTTP/1.1)
HTTP/1.1 200 OK
X-Powered-By: Express
Vary: X-HTTP-Method-Override
Content-Type: application/json; charset=utf-8
Content-Length: 14
ETag: W/"e-9/1BuKMgFObM1mWJm+YjxtXJnUM"
Date: Tue, 09 May 2023 13:19:08 GMT
Connection: keep-alive
Keep-Alive: timeout=600

20:19:08.335 [AsyncHttpClient-1-2] DEBUG org.asynchttpclient.netty.channel.ChannelManager - Adding key: http://127.0.0.1:4723 for channel [id: 0xd6ee6950, L:/127.0.0.1:56984 - R:/127.0.0.1:4723]
20:19:08.338 [Forwarding findElement on session 99894fc4-b7ca-4fce-b58a-48411ed00f2a to remote] DEBUG org.asynchttpclient.netty.request.NettyRequestSender - Using pooled Channel '[id: 0xd6ee6950, L:/127.0.0.1:56984 - R:/127.0.0.1:4723]' for 'POST' to 'http://127.0.0.1:4723/wd/hub/session/99894fc4-b7ca-4fce-b58a-48411ed00f2a/element'
20:19:08.338 [Forwarding findElement on session 99894fc4-b7ca-4fce-b58a-48411ed00f2a to remote] DEBUG org.asynchttpclient.netty.request.NettyRequestSender - Using open Channel [id: 0xd6ee6950, L:/127.0.0.1:56984 - R:/127.0.0.1:4723] for POST '/wd/hub/session/99894fc4-b7ca-4fce-b58a-48411ed00f2a/element'
20:19:09.233 [AsyncHttpClient-1-2] DEBUG org.asynchttpclient.netty.handler.HttpHandler - 

Request DefaultHttpRequest(decodeResult: success, version: HTTP/1.1)
POST /wd/hub/session/99894fc4-b7ca-4fce-b58a-48411ed00f2a/element HTTP/1.1
User-Agent: appium/8.3.0 (selenium/4.8.1 (java mac))
Content-Length: 330
Content-Type: application/json; charset=utf-8
host: 127.0.0.1:4723
accept: */*

Response DefaultHttpResponse(decodeResult: success, version: HTTP/1.1)
HTTP/1.1 200 OK
X-Powered-By: Express
Vary: X-HTTP-Method-Override
Content-Type: application/json; charset=utf-8
Content-Length: 137
ETag: W/"89-BZ3s3BsfLHsBvUp5EvZ2WQ6Wx5c"
Date: Tue, 09 May 2023 13:19:09 GMT
Connection: keep-alive
Keep-Alive: timeout=600

20:19:09.234 [AsyncHttpClient-1-2] DEBUG org.asynchttpclient.netty.channel.ChannelManager - Adding key: http://127.0.0.1:4723 for channel [id: 0xd6ee6950, L:/127.0.0.1:56984 - R:/127.0.0.1:4723]
20:19:09.237 [Forwarding isElementDisplayed on session 99894fc4-b7ca-4fce-b58a-48411ed00f2a to remote] DEBUG org.asynchttpclient.netty.request.NettyRequestSender - Using pooled Channel '[id: 0xd6ee6950, L:/127.0.0.1:56984 - R:/127.0.0.1:4723]' for 'GET' to 'http://127.0.0.1:4723/wd/hub/session/99894fc4-b7ca-4fce-b58a-48411ed00f2a/element/00000000-0000-028a-0000-000700000003/displayed'
20:19:09.237 [Forwarding isElementDisplayed on session 99894fc4-b7ca-4fce-b58a-48411ed00f2a to remote] DEBUG org.asynchttpclient.netty.request.NettyRequestSender - Using open Channel [id: 0xd6ee6950, L:/127.0.0.1:56984 - R:/127.0.0.1:4723] for GET '/wd/hub/session/99894fc4-b7ca-4fce-b58a-48411ed00f2a/element/00000000-0000-028a-0000-000700000003/displayed'
20:19:09.247 [AsyncHttpClient-1-2] DEBUG org.asynchttpclient.netty.handler.HttpHandler - 

Request DefaultFullHttpRequest(decodeResult: success, version: HTTP/1.1, content: EmptyByteBufBE)
GET /wd/hub/session/99894fc4-b7ca-4fce-b58a-48411ed00f2a/element/00000000-0000-028a-0000-000700000003/displayed HTTP/1.1
User-Agent: appium/8.3.0 (selenium/4.8.1 (java mac))
Cache-Control: no-cache
Content-Type: application/json; charset=utf-8
host: 127.0.0.1:4723
accept: */*

Response DefaultHttpResponse(decodeResult: success, version: HTTP/1.1)
HTTP/1.1 200 OK
X-Powered-By: Express
Content-Type: application/json; charset=utf-8
Content-Length: 14
ETag: W/"e-2ZHvAWebNQpyjGZTg6uyV8/spTo"
Date: Tue, 09 May 2023 13:19:09 GMT
Connection: keep-alive
Keep-Alive: timeout=600

20:19:09.247 [AsyncHttpClient-1-2] DEBUG org.asynchttpclient.netty.channel.ChannelManager - Adding key: http://127.0.0.1:4723 for channel [id: 0xd6ee6950, L:/127.0.0.1:56984 - R:/127.0.0.1:4723]
20:19:09.249 [Forwarding isElementEnabled on session 99894fc4-b7ca-4fce-b58a-48411ed00f2a to remote] DEBUG org.asynchttpclient.netty.request.NettyRequestSender - Using pooled Channel '[id: 0xd6ee6950, L:/127.0.0.1:56984 - R:/127.0.0.1:4723]' for 'GET' to 'http://127.0.0.1:4723/wd/hub/session/99894fc4-b7ca-4fce-b58a-48411ed00f2a/element/00000000-0000-028a-0000-000700000003/enabled'
20:19:09.249 [Forwarding isElementEnabled on session 99894fc4-b7ca-4fce-b58a-48411ed00f2a to remote] DEBUG org.asynchttpclient.netty.request.NettyRequestSender - Using open Channel [id: 0xd6ee6950, L:/127.0.0.1:56984 - R:/127.0.0.1:4723] for GET '/wd/hub/session/99894fc4-b7ca-4fce-b58a-48411ed00f2a/element/00000000-0000-028a-0000-000700000003/enabled'
20:19:09.257 [AsyncHttpClient-1-2] DEBUG org.asynchttpclient.netty.handler.HttpHandler - 

Request DefaultFullHttpRequest(decodeResult: success, version: HTTP/1.1, content: EmptyByteBufBE)
GET /wd/hub/session/99894fc4-b7ca-4fce-b58a-48411ed00f2a/element/00000000-0000-028a-0000-000700000003/enabled HTTP/1.1
User-Agent: appium/8.3.0 (selenium/4.8.1 (java mac))
Cache-Control: no-cache
Content-Type: application/json; charset=utf-8
host: 127.0.0.1:4723
accept: */*

Response DefaultHttpResponse(decodeResult: success, version: HTTP/1.1)
HTTP/1.1 200 OK
X-Powered-By: Express
Content-Type: application/json; charset=utf-8
Content-Length: 14
ETag: W/"e-2ZHvAWebNQpyjGZTg6uyV8/spTo"
Date: Tue, 09 May 2023 13:19:09 GMT
Connection: keep-alive
Keep-Alive: timeout=600

20:19:09.257 [AsyncHttpClient-1-2] DEBUG org.asynchttpclient.netty.channel.ChannelManager - Adding key: http://127.0.0.1:4723 for channel [id: 0xd6ee6950, L:/127.0.0.1:56984 - R:/127.0.0.1:4723]
20:19:09.262 [Forwarding clickElement on session 99894fc4-b7ca-4fce-b58a-48411ed00f2a to remote] DEBUG org.asynchttpclient.netty.request.NettyRequestSender - Using pooled Channel '[id: 0xd6ee6950, L:/127.0.0.1:56984 - R:/127.0.0.1:4723]' for 'POST' to 'http://127.0.0.1:4723/wd/hub/session/99894fc4-b7ca-4fce-b58a-48411ed00f2a/element/00000000-0000-028a-0000-000700000003/click'
20:19:09.263 [Forwarding clickElement on session 99894fc4-b7ca-4fce-b58a-48411ed00f2a to remote] DEBUG org.asynchttpclient.netty.request.NettyRequestSender - Using open Channel [id: 0xd6ee6950, L:/127.0.0.1:56984 - R:/127.0.0.1:4723] for POST '/wd/hub/session/99894fc4-b7ca-4fce-b58a-48411ed00f2a/element/00000000-0000-028a-0000-000700000003/click'
20:19:10.108 [AsyncHttpClient-1-2] DEBUG org.asynchttpclient.netty.handler.HttpHandler - 

Request DefaultHttpRequest(decodeResult: success, version: HTTP/1.1)
POST /wd/hub/session/99894fc4-b7ca-4fce-b58a-48411ed00f2a/element/00000000-0000-028a-0000-000700000003/click HTTP/1.1
User-Agent: appium/8.3.0 (selenium/4.8.1 (java mac))
Content-Length: 50
Content-Type: application/json; charset=utf-8
host: 127.0.0.1:4723
accept: */*

Response DefaultHttpResponse(decodeResult: success, version: HTTP/1.1)
HTTP/1.1 200 OK
X-Powered-By: Express
Vary: X-HTTP-Method-Override
Content-Type: application/json; charset=utf-8
Content-Length: 14
ETag: W/"e-9/1BuKMgFObM1mWJm+YjxtXJnUM"
Date: Tue, 09 May 2023 13:19:10 GMT
Connection: keep-alive
Keep-Alive: timeout=600

20:19:10.109 [AsyncHttpClient-1-2] DEBUG org.asynchttpclient.netty.channel.ChannelManager - Adding key: http://127.0.0.1:4723 for channel [id: 0xd6ee6950, L:/127.0.0.1:56984 - R:/127.0.0.1:4723]
20:19:10.116 [main] DEBUG net.thucydides.core.steps.StepInterceptor - STEP DONE: clickAccount
]]></system-out>
  </testcase>
  <testcase name="New user click register2" classname="As a new user, I have be able to create new account without email" time="0.987">
    <system-out><![CDATA[20:19:10.133 [main] DEBUG net.thucydides.core.steps.StepInterceptor - STARTING STEP: RegisterSteps2.userClickRegisterLink - clickRegisterLink
20:19:10.136 [Forwarding findElement on session 99894fc4-b7ca-4fce-b58a-48411ed00f2a to remote] DEBUG org.asynchttpclient.netty.request.NettyRequestSender - Using pooled Channel '[id: 0xd6ee6950, L:/127.0.0.1:56984 - R:/127.0.0.1:4723]' for 'POST' to 'http://127.0.0.1:4723/wd/hub/session/99894fc4-b7ca-4fce-b58a-48411ed00f2a/element'
20:19:10.136 [Forwarding findElement on session 99894fc4-b7ca-4fce-b58a-48411ed00f2a to remote] DEBUG org.asynchttpclient.netty.request.NettyRequestSender - Using open Channel [id: 0xd6ee6950, L:/127.0.0.1:56984 - R:/127.0.0.1:4723] for POST '/wd/hub/session/99894fc4-b7ca-4fce-b58a-48411ed00f2a/element'
20:19:10.208 [AsyncHttpClient-1-2] DEBUG org.asynchttpclient.netty.handler.HttpHandler - 

Request DefaultHttpRequest(decodeResult: success, version: HTTP/1.1)
POST /wd/hub/session/99894fc4-b7ca-4fce-b58a-48411ed00f2a/element HTTP/1.1
User-Agent: appium/8.3.0 (selenium/4.8.1 (java mac))
Content-Length: 102
Content-Type: application/json; charset=utf-8
host: 127.0.0.1:4723
accept: */*

Response DefaultHttpResponse(decodeResult: success, version: HTTP/1.1)
HTTP/1.1 200 OK
X-Powered-By: Express
Vary: X-HTTP-Method-Override
Content-Type: application/json; charset=utf-8
Content-Length: 137
ETag: W/"89-wP2+U9f0xQhcOPU4ydTdNESEG3s"
Date: Tue, 09 May 2023 13:19:10 GMT
Connection: keep-alive
Keep-Alive: timeout=600

20:19:10.208 [AsyncHttpClient-1-2] DEBUG org.asynchttpclient.netty.channel.ChannelManager - Adding key: http://127.0.0.1:4723 for channel [id: 0xd6ee6950, L:/127.0.0.1:56984 - R:/127.0.0.1:4723]
20:19:10.211 [Forwarding isElementDisplayed on session 99894fc4-b7ca-4fce-b58a-48411ed00f2a to remote] DEBUG org.asynchttpclient.netty.request.NettyRequestSender - Using pooled Channel '[id: 0xd6ee6950, L:/127.0.0.1:56984 - R:/127.0.0.1:4723]' for 'GET' to 'http://127.0.0.1:4723/wd/hub/session/99894fc4-b7ca-4fce-b58a-48411ed00f2a/element/00000000-0000-028a-0000-002a00000003/displayed'
20:19:10.211 [Forwarding isElementDisplayed on session 99894fc4-b7ca-4fce-b58a-48411ed00f2a to remote] DEBUG org.asynchttpclient.netty.request.NettyRequestSender - Using open Channel [id: 0xd6ee6950, L:/127.0.0.1:56984 - R:/127.0.0.1:4723] for GET '/wd/hub/session/99894fc4-b7ca-4fce-b58a-48411ed00f2a/element/00000000-0000-028a-0000-002a00000003/displayed'
20:19:10.219 [AsyncHttpClient-1-2] DEBUG org.asynchttpclient.netty.handler.HttpHandler - 

Request DefaultFullHttpRequest(decodeResult: success, version: HTTP/1.1, content: EmptyByteBufBE)
GET /wd/hub/session/99894fc4-b7ca-4fce-b58a-48411ed00f2a/element/00000000-0000-028a-0000-002a00000003/displayed HTTP/1.1
User-Agent: appium/8.3.0 (selenium/4.8.1 (java mac))
Cache-Control: no-cache
Content-Type: application/json; charset=utf-8
host: 127.0.0.1:4723
accept: */*

Response DefaultHttpResponse(decodeResult: success, version: HTTP/1.1)
HTTP/1.1 200 OK
X-Powered-By: Express
Content-Type: application/json; charset=utf-8
Content-Length: 14
ETag: W/"e-2ZHvAWebNQpyjGZTg6uyV8/spTo"
Date: Tue, 09 May 2023 13:19:10 GMT
Connection: keep-alive
Keep-Alive: timeout=600

20:19:10.219 [AsyncHttpClient-1-2] DEBUG org.asynchttpclient.netty.channel.ChannelManager - Adding key: http://127.0.0.1:4723 for channel [id: 0xd6ee6950, L:/127.0.0.1:56984 - R:/127.0.0.1:4723]
20:19:10.220 [Forwarding isElementEnabled on session 99894fc4-b7ca-4fce-b58a-48411ed00f2a to remote] DEBUG org.asynchttpclient.netty.request.NettyRequestSender - Using pooled Channel '[id: 0xd6ee6950, L:/127.0.0.1:56984 - R:/127.0.0.1:4723]' for 'GET' to 'http://127.0.0.1:4723/wd/hub/session/99894fc4-b7ca-4fce-b58a-48411ed00f2a/element/00000000-0000-028a-0000-002a00000003/enabled'
20:19:10.220 [Forwarding isElementEnabled on session 99894fc4-b7ca-4fce-b58a-48411ed00f2a to remote] DEBUG org.asynchttpclient.netty.request.NettyRequestSender - Using open Channel [id: 0xd6ee6950, L:/127.0.0.1:56984 - R:/127.0.0.1:4723] for GET '/wd/hub/session/99894fc4-b7ca-4fce-b58a-48411ed00f2a/element/00000000-0000-028a-0000-002a00000003/enabled'
20:19:10.227 [AsyncHttpClient-1-2] DEBUG org.asynchttpclient.netty.handler.HttpHandler - 

Request DefaultFullHttpRequest(decodeResult: success, version: HTTP/1.1, content: EmptyByteBufBE)
GET /wd/hub/session/99894fc4-b7ca-4fce-b58a-48411ed00f2a/element/00000000-0000-028a-0000-002a00000003/enabled HTTP/1.1
User-Agent: appium/8.3.0 (selenium/4.8.1 (java mac))
Cache-Control: no-cache
Content-Type: application/json; charset=utf-8
host: 127.0.0.1:4723
accept: */*

Response DefaultHttpResponse(decodeResult: success, version: HTTP/1.1)
HTTP/1.1 200 OK
X-Powered-By: Express
Content-Type: application/json; charset=utf-8
Content-Length: 14
ETag: W/"e-2ZHvAWebNQpyjGZTg6uyV8/spTo"
Date: Tue, 09 May 2023 13:19:10 GMT
Connection: keep-alive
Keep-Alive: timeout=600

20:19:10.227 [AsyncHttpClient-1-2] DEBUG org.asynchttpclient.netty.channel.ChannelManager - Adding key: http://127.0.0.1:4723 for channel [id: 0xd6ee6950, L:/127.0.0.1:56984 - R:/127.0.0.1:4723]
20:19:10.228 [Forwarding clickElement on session 99894fc4-b7ca-4fce-b58a-48411ed00f2a to remote] DEBUG org.asynchttpclient.netty.request.NettyRequestSender - Using pooled Channel '[id: 0xd6ee6950, L:/127.0.0.1:56984 - R:/127.0.0.1:4723]' for 'POST' to 'http://127.0.0.1:4723/wd/hub/session/99894fc4-b7ca-4fce-b58a-48411ed00f2a/element/00000000-0000-028a-0000-002a00000003/click'
20:19:10.229 [Forwarding clickElement on session 99894fc4-b7ca-4fce-b58a-48411ed00f2a to remote] DEBUG org.asynchttpclient.netty.request.NettyRequestSender - Using open Channel [id: 0xd6ee6950, L:/127.0.0.1:56984 - R:/127.0.0.1:4723] for POST '/wd/hub/session/99894fc4-b7ca-4fce-b58a-48411ed00f2a/element/00000000-0000-028a-0000-002a00000003/click'
20:19:11.080 [AsyncHttpClient-1-2] DEBUG org.asynchttpclient.netty.handler.HttpHandler - 

Request DefaultHttpRequest(decodeResult: success, version: HTTP/1.1)
POST /wd/hub/session/99894fc4-b7ca-4fce-b58a-48411ed00f2a/element/00000000-0000-028a-0000-002a00000003/click HTTP/1.1
User-Agent: appium/8.3.0 (selenium/4.8.1 (java mac))
Content-Length: 50
Content-Type: application/json; charset=utf-8
host: 127.0.0.1:4723
accept: */*

Response DefaultHttpResponse(decodeResult: success, version: HTTP/1.1)
HTTP/1.1 200 OK
X-Powered-By: Express
Vary: X-HTTP-Method-Override
Content-Type: application/json; charset=utf-8
Content-Length: 14
ETag: W/"e-9/1BuKMgFObM1mWJm+YjxtXJnUM"
Date: Tue, 09 May 2023 13:19:11 GMT
Connection: keep-alive
Keep-Alive: timeout=600

20:19:11.083 [AsyncHttpClient-1-2] DEBUG org.asynchttpclient.netty.channel.ChannelManager - Adding key: http://127.0.0.1:4723 for channel [id: 0xd6ee6950, L:/127.0.0.1:56984 - R:/127.0.0.1:4723]
20:19:11.105 [main] DEBUG net.thucydides.core.steps.StepInterceptor - STEP DONE: clickRegisterLink
]]></system-out>
  </testcase>
  <testcase name="New user input name on name field2" classname="As a new user, I have be able to create new account without email" time="2.395">
    <system-out><![CDATA[20:19:11.131 [main] DEBUG net.thucydides.core.steps.StepInterceptor - STARTING STEP: RegisterSteps2.inputNameField - clicktypeNameField
20:19:11.135 [Forwarding findElement on session 99894fc4-b7ca-4fce-b58a-48411ed00f2a to remote] DEBUG org.asynchttpclient.netty.request.NettyRequestSender - Using pooled Channel '[id: 0xd6ee6950, L:/127.0.0.1:56984 - R:/127.0.0.1:4723]' for 'POST' to 'http://127.0.0.1:4723/wd/hub/session/99894fc4-b7ca-4fce-b58a-48411ed00f2a/element'
20:19:11.135 [Forwarding findElement on session 99894fc4-b7ca-4fce-b58a-48411ed00f2a to remote] DEBUG org.asynchttpclient.netty.request.NettyRequestSender - Using open Channel [id: 0xd6ee6950, L:/127.0.0.1:56984 - R:/127.0.0.1:4723] for POST '/wd/hub/session/99894fc4-b7ca-4fce-b58a-48411ed00f2a/element'
20:19:11.178 [AsyncHttpClient-1-2] DEBUG org.asynchttpclient.netty.handler.HttpHandler - 

Request DefaultHttpRequest(decodeResult: success, version: HTTP/1.1)
POST /wd/hub/session/99894fc4-b7ca-4fce-b58a-48411ed00f2a/element HTTP/1.1
User-Agent: appium/8.3.0 (selenium/4.8.1 (java mac))
Content-Length: 309
Content-Type: application/json; charset=utf-8
host: 127.0.0.1:4723
accept: */*

Response DefaultHttpResponse(decodeResult: success, version: HTTP/1.1)
HTTP/1.1 200 OK
X-Powered-By: Express
Vary: X-HTTP-Method-Override
Content-Type: application/json; charset=utf-8
Content-Length: 137
ETag: W/"89-liTGsEy6AAHoBRGI52j5gDjHmYM"
Date: Tue, 09 May 2023 13:19:11 GMT
Connection: keep-alive
Keep-Alive: timeout=600

20:19:11.179 [AsyncHttpClient-1-2] DEBUG org.asynchttpclient.netty.channel.ChannelManager - Adding key: http://127.0.0.1:4723 for channel [id: 0xd6ee6950, L:/127.0.0.1:56984 - R:/127.0.0.1:4723]
20:19:11.181 [Forwarding isElementDisplayed on session 99894fc4-b7ca-4fce-b58a-48411ed00f2a to remote] DEBUG org.asynchttpclient.netty.request.NettyRequestSender - Using pooled Channel '[id: 0xd6ee6950, L:/127.0.0.1:56984 - R:/127.0.0.1:4723]' for 'GET' to 'http://127.0.0.1:4723/wd/hub/session/99894fc4-b7ca-4fce-b58a-48411ed00f2a/element/00000000-0000-028a-0000-003000000003/displayed'
20:19:11.181 [Forwarding isElementDisplayed on session 99894fc4-b7ca-4fce-b58a-48411ed00f2a to remote] DEBUG org.asynchttpclient.netty.request.NettyRequestSender - Using open Channel [id: 0xd6ee6950, L:/127.0.0.1:56984 - R:/127.0.0.1:4723] for GET '/wd/hub/session/99894fc4-b7ca-4fce-b58a-48411ed00f2a/element/00000000-0000-028a-0000-003000000003/displayed'
20:19:11.188 [AsyncHttpClient-1-2] DEBUG org.asynchttpclient.netty.handler.HttpHandler - 

Request DefaultFullHttpRequest(decodeResult: success, version: HTTP/1.1, content: EmptyByteBufBE)
GET /wd/hub/session/99894fc4-b7ca-4fce-b58a-48411ed00f2a/element/00000000-0000-028a-0000-003000000003/displayed HTTP/1.1
User-Agent: appium/8.3.0 (selenium/4.8.1 (java mac))
Cache-Control: no-cache
Content-Type: application/json; charset=utf-8
host: 127.0.0.1:4723
accept: */*

Response DefaultHttpResponse(decodeResult: success, version: HTTP/1.1)
HTTP/1.1 200 OK
X-Powered-By: Express
Content-Type: application/json; charset=utf-8
Content-Length: 14
ETag: W/"e-2ZHvAWebNQpyjGZTg6uyV8/spTo"
Date: Tue, 09 May 2023 13:19:11 GMT
Connection: keep-alive
Keep-Alive: timeout=600

20:19:11.189 [AsyncHttpClient-1-2] DEBUG org.asynchttpclient.netty.channel.ChannelManager - Adding key: http://127.0.0.1:4723 for channel [id: 0xd6ee6950, L:/127.0.0.1:56984 - R:/127.0.0.1:4723]
20:19:11.191 [Forwarding isElementEnabled on session 99894fc4-b7ca-4fce-b58a-48411ed00f2a to remote] DEBUG org.asynchttpclient.netty.request.NettyRequestSender - Using pooled Channel '[id: 0xd6ee6950, L:/127.0.0.1:56984 - R:/127.0.0.1:4723]' for 'GET' to 'http://127.0.0.1:4723/wd/hub/session/99894fc4-b7ca-4fce-b58a-48411ed00f2a/element/00000000-0000-028a-0000-003000000003/enabled'
20:19:11.191 [Forwarding isElementEnabled on session 99894fc4-b7ca-4fce-b58a-48411ed00f2a to remote] DEBUG org.asynchttpclient.netty.request.NettyRequestSender - Using open Channel [id: 0xd6ee6950, L:/127.0.0.1:56984 - R:/127.0.0.1:4723] for GET '/wd/hub/session/99894fc4-b7ca-4fce-b58a-48411ed00f2a/element/00000000-0000-028a-0000-003000000003/enabled'
20:19:11.198 [AsyncHttpClient-1-2] DEBUG org.asynchttpclient.netty.handler.HttpHandler - 

Request DefaultFullHttpRequest(decodeResult: success, version: HTTP/1.1, content: EmptyByteBufBE)
GET /wd/hub/session/99894fc4-b7ca-4fce-b58a-48411ed00f2a/element/00000000-0000-028a-0000-003000000003/enabled HTTP/1.1
User-Agent: appium/8.3.0 (selenium/4.8.1 (java mac))
Cache-Control: no-cache
Content-Type: application/json; charset=utf-8
host: 127.0.0.1:4723
accept: */*

Response DefaultHttpResponse(decodeResult: success, version: HTTP/1.1)
HTTP/1.1 200 OK
X-Powered-By: Express
Content-Type: application/json; charset=utf-8
Content-Length: 14
ETag: W/"e-2ZHvAWebNQpyjGZTg6uyV8/spTo"
Date: Tue, 09 May 2023 13:19:11 GMT
Connection: keep-alive
Keep-Alive: timeout=600

20:19:11.198 [AsyncHttpClient-1-2] DEBUG org.asynchttpclient.netty.channel.ChannelManager - Adding key: http://127.0.0.1:4723 for channel [id: 0xd6ee6950, L:/127.0.0.1:56984 - R:/127.0.0.1:4723]
20:19:11.202 [Forwarding clickElement on session 99894fc4-b7ca-4fce-b58a-48411ed00f2a to remote] DEBUG org.asynchttpclient.netty.request.NettyRequestSender - Using pooled Channel '[id: 0xd6ee6950, L:/127.0.0.1:56984 - R:/127.0.0.1:4723]' for 'POST' to 'http://127.0.0.1:4723/wd/hub/session/99894fc4-b7ca-4fce-b58a-48411ed00f2a/element/00000000-0000-028a-0000-003000000003/click'
20:19:11.202 [Forwarding clickElement on session 99894fc4-b7ca-4fce-b58a-48411ed00f2a to remote] DEBUG org.asynchttpclient.netty.request.NettyRequestSender - Using open Channel [id: 0xd6ee6950, L:/127.0.0.1:56984 - R:/127.0.0.1:4723] for POST '/wd/hub/session/99894fc4-b7ca-4fce-b58a-48411ed00f2a/element/00000000-0000-028a-0000-003000000003/click'
20:19:11.259 [AsyncHttpClient-1-2] DEBUG org.asynchttpclient.netty.handler.HttpHandler - 

Request DefaultHttpRequest(decodeResult: success, version: HTTP/1.1)
POST /wd/hub/session/99894fc4-b7ca-4fce-b58a-48411ed00f2a/element/00000000-0000-028a-0000-003000000003/click HTTP/1.1
User-Agent: appium/8.3.0 (selenium/4.8.1 (java mac))
Content-Length: 50
Content-Type: application/json; charset=utf-8
host: 127.0.0.1:4723
accept: */*

Response DefaultHttpResponse(decodeResult: success, version: HTTP/1.1)
HTTP/1.1 200 OK
X-Powered-By: Express
Vary: X-HTTP-Method-Override
Content-Type: application/json; charset=utf-8
Content-Length: 14
ETag: W/"e-9/1BuKMgFObM1mWJm+YjxtXJnUM"
Date: Tue, 09 May 2023 13:19:11 GMT
Connection: keep-alive
Keep-Alive: timeout=600

20:19:11.259 [AsyncHttpClient-1-2] DEBUG org.asynchttpclient.netty.channel.ChannelManager - Adding key: http://127.0.0.1:4723 for channel [id: 0xd6ee6950, L:/127.0.0.1:56984 - R:/127.0.0.1:4723]
20:19:11.273 [main] DEBUG net.thucydides.core.steps.StepInterceptor - STEP DONE: clicktypeNameField
20:19:11.288 [main] DEBUG net.thucydides.core.steps.StepInterceptor - STARTING STEP: RegisterSteps2.inputNameField - inputNameField
20:19:11.298 [Forwarding findElement on session 99894fc4-b7ca-4fce-b58a-48411ed00f2a to remote] DEBUG org.asynchttpclient.netty.request.NettyRequestSender - Using pooled Channel '[id: 0xd6ee6950, L:/127.0.0.1:56984 - R:/127.0.0.1:4723]' for 'POST' to 'http://127.0.0.1:4723/wd/hub/session/99894fc4-b7ca-4fce-b58a-48411ed00f2a/element'
20:19:11.298 [Forwarding findElement on session 99894fc4-b7ca-4fce-b58a-48411ed00f2a to remote] DEBUG org.asynchttpclient.netty.request.NettyRequestSender - Using open Channel [id: 0xd6ee6950, L:/127.0.0.1:56984 - R:/127.0.0.1:4723] for POST '/wd/hub/session/99894fc4-b7ca-4fce-b58a-48411ed00f2a/element'
20:19:11.999 [AsyncHttpClient-1-2] DEBUG org.asynchttpclient.netty.handler.HttpHandler - 

Request DefaultHttpRequest(decodeResult: success, version: HTTP/1.1)
POST /wd/hub/session/99894fc4-b7ca-4fce-b58a-48411ed00f2a/element HTTP/1.1
User-Agent: appium/8.3.0 (selenium/4.8.1 (java mac))
Content-Length: 309
Content-Type: application/json; charset=utf-8
host: 127.0.0.1:4723
accept: */*

Response DefaultHttpResponse(decodeResult: success, version: HTTP/1.1)
HTTP/1.1 200 OK
X-Powered-By: Express
Vary: X-HTTP-Method-Override
Content-Type: application/json; charset=utf-8
Content-Length: 137
ETag: W/"89-liTGsEy6AAHoBRGI52j5gDjHmYM"
Date: Tue, 09 May 2023 13:19:11 GMT
Connection: keep-alive
Keep-Alive: timeout=600

20:19:12.000 [AsyncHttpClient-1-2] DEBUG org.asynchttpclient.netty.channel.ChannelManager - Adding key: http://127.0.0.1:4723 for channel [id: 0xd6ee6950, L:/127.0.0.1:56984 - R:/127.0.0.1:4723]
20:19:12.005 [Forwarding sendKeysToElement on session 99894fc4-b7ca-4fce-b58a-48411ed00f2a to remote] DEBUG org.asynchttpclient.netty.request.NettyRequestSender - Using pooled Channel '[id: 0xd6ee6950, L:/127.0.0.1:56984 - R:/127.0.0.1:4723]' for 'POST' to 'http://127.0.0.1:4723/wd/hub/session/99894fc4-b7ca-4fce-b58a-48411ed00f2a/element/00000000-0000-028a-0000-003000000003/value'
20:19:12.005 [Forwarding sendKeysToElement on session 99894fc4-b7ca-4fce-b58a-48411ed00f2a to remote] DEBUG org.asynchttpclient.netty.request.NettyRequestSender - Using open Channel [id: 0xd6ee6950, L:/127.0.0.1:56984 - R:/127.0.0.1:4723] for POST '/wd/hub/session/99894fc4-b7ca-4fce-b58a-48411ed00f2a/element/00000000-0000-028a-0000-003000000003/value'
20:19:12.028 [AsyncHttpClient-1-2] DEBUG org.asynchttpclient.netty.handler.HttpHandler - 

Request DefaultHttpRequest(decodeResult: success, version: HTTP/1.1)
POST /wd/hub/session/99894fc4-b7ca-4fce-b58a-48411ed00f2a/element/00000000-0000-028a-0000-003000000003/value HTTP/1.1
User-Agent: appium/8.3.0 (selenium/4.8.1 (java mac))
Content-Length: 191
Content-Type: application/json; charset=utf-8
host: 127.0.0.1:4723
accept: */*

Response DefaultHttpResponse(decodeResult: success, version: HTTP/1.1)
HTTP/1.1 200 OK
X-Powered-By: Express
Vary: X-HTTP-Method-Override
Content-Type: application/json; charset=utf-8
Content-Length: 14
ETag: W/"e-9/1BuKMgFObM1mWJm+YjxtXJnUM"
Date: Tue, 09 May 2023 13:19:12 GMT
Connection: keep-alive
Keep-Alive: timeout=600

20:19:12.029 [AsyncHttpClient-1-2] DEBUG org.asynchttpclient.netty.channel.ChannelManager - Adding key: http://127.0.0.1:4723 for channel [id: 0xd6ee6950, L:/127.0.0.1:56984 - R:/127.0.0.1:4723]
20:19:12.032 [main] DEBUG net.thucydides.core.steps.StepInterceptor - STEP DONE: inputNameField
20:19:12.039 [main] DEBUG net.thucydides.core.steps.StepInterceptor - STARTING STEP: RegisterSteps2.inputNameField - clicktypeEmailField
20:19:12.048 [Forwarding findElement on session 99894fc4-b7ca-4fce-b58a-48411ed00f2a to remote] DEBUG org.asynchttpclient.netty.request.NettyRequestSender - Using pooled Channel '[id: 0xd6ee6950, L:/127.0.0.1:56984 - R:/127.0.0.1:4723]' for 'POST' to 'http://127.0.0.1:4723/wd/hub/session/99894fc4-b7ca-4fce-b58a-48411ed00f2a/element'
20:19:12.049 [Forwarding findElement on session 99894fc4-b7ca-4fce-b58a-48411ed00f2a to remote] DEBUG org.asynchttpclient.netty.request.NettyRequestSender - Using open Channel [id: 0xd6ee6950, L:/127.0.0.1:56984 - R:/127.0.0.1:4723] for POST '/wd/hub/session/99894fc4-b7ca-4fce-b58a-48411ed00f2a/element'
20:19:12.752 [AsyncHttpClient-1-2] DEBUG org.asynchttpclient.netty.handler.HttpHandler - 

Request DefaultHttpRequest(decodeResult: success, version: HTTP/1.1)
POST /wd/hub/session/99894fc4-b7ca-4fce-b58a-48411ed00f2a/element HTTP/1.1
User-Agent: appium/8.3.0 (selenium/4.8.1 (java mac))
Content-Length: 309
Content-Type: application/json; charset=utf-8
host: 127.0.0.1:4723
accept: */*

Response DefaultHttpResponse(decodeResult: success, version: HTTP/1.1)
HTTP/1.1 200 OK
X-Powered-By: Express
Vary: X-HTTP-Method-Override
Content-Type: application/json; charset=utf-8
Content-Length: 137
ETag: W/"89-bSjcZf3Ad9wuzsVnTmehtFDBDLA"
Date: Tue, 09 May 2023 13:19:12 GMT
Connection: keep-alive
Keep-Alive: timeout=600

20:19:12.753 [AsyncHttpClient-1-2] DEBUG org.asynchttpclient.netty.channel.ChannelManager - Adding key: http://127.0.0.1:4723 for channel [id: 0xd6ee6950, L:/127.0.0.1:56984 - R:/127.0.0.1:4723]
20:19:12.754 [Forwarding isElementDisplayed on session 99894fc4-b7ca-4fce-b58a-48411ed00f2a to remote] DEBUG org.asynchttpclient.netty.request.NettyRequestSender - Using pooled Channel '[id: 0xd6ee6950, L:/127.0.0.1:56984 - R:/127.0.0.1:4723]' for 'GET' to 'http://127.0.0.1:4723/wd/hub/session/99894fc4-b7ca-4fce-b58a-48411ed00f2a/element/00000000-0000-028a-0000-003100000003/displayed'
20:19:12.754 [Forwarding isElementDisplayed on session 99894fc4-b7ca-4fce-b58a-48411ed00f2a to remote] DEBUG org.asynchttpclient.netty.request.NettyRequestSender - Using open Channel [id: 0xd6ee6950, L:/127.0.0.1:56984 - R:/127.0.0.1:4723] for GET '/wd/hub/session/99894fc4-b7ca-4fce-b58a-48411ed00f2a/element/00000000-0000-028a-0000-003100000003/displayed'
20:19:12.774 [AsyncHttpClient-1-2] DEBUG org.asynchttpclient.netty.handler.HttpHandler - 

Request DefaultFullHttpRequest(decodeResult: success, version: HTTP/1.1, content: EmptyByteBufBE)
GET /wd/hub/session/99894fc4-b7ca-4fce-b58a-48411ed00f2a/element/00000000-0000-028a-0000-003100000003/displayed HTTP/1.1
User-Agent: appium/8.3.0 (selenium/4.8.1 (java mac))
Cache-Control: no-cache
Content-Type: application/json; charset=utf-8
host: 127.0.0.1:4723
accept: */*

Response DefaultHttpResponse(decodeResult: success, version: HTTP/1.1)
HTTP/1.1 200 OK
X-Powered-By: Express
Content-Type: application/json; charset=utf-8
Content-Length: 14
ETag: W/"e-2ZHvAWebNQpyjGZTg6uyV8/spTo"
Date: Tue, 09 May 2023 13:19:12 GMT
Connection: keep-alive
Keep-Alive: timeout=600

20:19:12.776 [AsyncHttpClient-1-2] DEBUG org.asynchttpclient.netty.channel.ChannelManager - Adding key: http://127.0.0.1:4723 for channel [id: 0xd6ee6950, L:/127.0.0.1:56984 - R:/127.0.0.1:4723]
20:19:12.781 [Forwarding isElementEnabled on session 99894fc4-b7ca-4fce-b58a-48411ed00f2a to remote] DEBUG org.asynchttpclient.netty.request.NettyRequestSender - Using pooled Channel '[id: 0xd6ee6950, L:/127.0.0.1:56984 - R:/127.0.0.1:4723]' for 'GET' to 'http://127.0.0.1:4723/wd/hub/session/99894fc4-b7ca-4fce-b58a-48411ed00f2a/element/00000000-0000-028a-0000-003100000003/enabled'
20:19:12.781 [Forwarding isElementEnabled on session 99894fc4-b7ca-4fce-b58a-48411ed00f2a to remote] DEBUG org.asynchttpclient.netty.request.NettyRequestSender - Using open Channel [id: 0xd6ee6950, L:/127.0.0.1:56984 - R:/127.0.0.1:4723] for GET '/wd/hub/session/99894fc4-b7ca-4fce-b58a-48411ed00f2a/element/00000000-0000-028a-0000-003100000003/enabled'
20:19:12.794 [AsyncHttpClient-1-2] DEBUG org.asynchttpclient.netty.handler.HttpHandler - 

Request DefaultFullHttpRequest(decodeResult: success, version: HTTP/1.1, content: EmptyByteBufBE)
GET /wd/hub/session/99894fc4-b7ca-4fce-b58a-48411ed00f2a/element/00000000-0000-028a-0000-003100000003/enabled HTTP/1.1
User-Agent: appium/8.3.0 (selenium/4.8.1 (java mac))
Cache-Control: no-cache
Content-Type: application/json; charset=utf-8
host: 127.0.0.1:4723
accept: */*

Response DefaultHttpResponse(decodeResult: success, version: HTTP/1.1)
HTTP/1.1 200 OK
X-Powered-By: Express
Content-Type: application/json; charset=utf-8
Content-Length: 14
ETag: W/"e-2ZHvAWebNQpyjGZTg6uyV8/spTo"
Date: Tue, 09 May 2023 13:19:12 GMT
Connection: keep-alive
Keep-Alive: timeout=600

20:19:12.795 [AsyncHttpClient-1-2] DEBUG org.asynchttpclient.netty.channel.ChannelManager - Adding key: http://127.0.0.1:4723 for channel [id: 0xd6ee6950, L:/127.0.0.1:56984 - R:/127.0.0.1:4723]
20:19:12.798 [Forwarding clickElement on session 99894fc4-b7ca-4fce-b58a-48411ed00f2a to remote] DEBUG org.asynchttpclient.netty.request.NettyRequestSender - Using pooled Channel '[id: 0xd6ee6950, L:/127.0.0.1:56984 - R:/127.0.0.1:4723]' for 'POST' to 'http://127.0.0.1:4723/wd/hub/session/99894fc4-b7ca-4fce-b58a-48411ed00f2a/element/00000000-0000-028a-0000-003100000003/click'
20:19:12.798 [Forwarding clickElement on session 99894fc4-b7ca-4fce-b58a-48411ed00f2a to remote] DEBUG org.asynchttpclient.netty.request.NettyRequestSender - Using open Channel [id: 0xd6ee6950, L:/127.0.0.1:56984 - R:/127.0.0.1:4723] for POST '/wd/hub/session/99894fc4-b7ca-4fce-b58a-48411ed00f2a/element/00000000-0000-028a-0000-003100000003/click'
20:19:13.440 [AsyncHttpClient-1-2] DEBUG org.asynchttpclient.netty.handler.HttpHandler - 

Request DefaultHttpRequest(decodeResult: success, version: HTTP/1.1)
POST /wd/hub/session/99894fc4-b7ca-4fce-b58a-48411ed00f2a/element/00000000-0000-028a-0000-003100000003/click HTTP/1.1
User-Agent: appium/8.3.0 (selenium/4.8.1 (java mac))
Content-Length: 50
Content-Type: application/json; charset=utf-8
host: 127.0.0.1:4723
accept: */*

Response DefaultHttpResponse(decodeResult: success, version: HTTP/1.1)
HTTP/1.1 200 OK
X-Powered-By: Express
Vary: X-HTTP-Method-Override
Content-Type: application/json; charset=utf-8
Content-Length: 14
ETag: W/"e-9/1BuKMgFObM1mWJm+YjxtXJnUM"
Date: Tue, 09 May 2023 13:19:13 GMT
Connection: keep-alive
Keep-Alive: timeout=600

20:19:13.441 [AsyncHttpClient-1-2] DEBUG org.asynchttpclient.netty.channel.ChannelManager - Adding key: http://127.0.0.1:4723 for channel [id: 0xd6ee6950, L:/127.0.0.1:56984 - R:/127.0.0.1:4723]
20:19:13.448 [main] DEBUG net.thucydides.core.steps.StepInterceptor - STEP DONE: clicktypeEmailField
20:19:13.455 [Forwarding findElement on session 99894fc4-b7ca-4fce-b58a-48411ed00f2a to remote] DEBUG org.asynchttpclient.netty.request.NettyRequestSender - Using pooled Channel '[id: 0xd6ee6950, L:/127.0.0.1:56984 - R:/127.0.0.1:4723]' for 'POST' to 'http://127.0.0.1:4723/wd/hub/session/99894fc4-b7ca-4fce-b58a-48411ed00f2a/element'
20:19:13.456 [Forwarding findElement on session 99894fc4-b7ca-4fce-b58a-48411ed00f2a to remote] DEBUG org.asynchttpclient.netty.request.NettyRequestSender - Using open Channel [id: 0xd6ee6950, L:/127.0.0.1:56984 - R:/127.0.0.1:4723] for POST '/wd/hub/session/99894fc4-b7ca-4fce-b58a-48411ed00f2a/element'
20:19:13.495 [AsyncHttpClient-1-2] DEBUG org.asynchttpclient.netty.handler.HttpHandler - 

Request DefaultHttpRequest(decodeResult: success, version: HTTP/1.1)
POST /wd/hub/session/99894fc4-b7ca-4fce-b58a-48411ed00f2a/element HTTP/1.1
User-Agent: appium/8.3.0 (selenium/4.8.1 (java mac))
Content-Length: 309
Content-Type: application/json; charset=utf-8
host: 127.0.0.1:4723
accept: */*

Response DefaultHttpResponse(decodeResult: success, version: HTTP/1.1)
HTTP/1.1 200 OK
X-Powered-By: Express
Vary: X-HTTP-Method-Override
Content-Type: application/json; charset=utf-8
Content-Length: 137
ETag: W/"89-bSjcZf3Ad9wuzsVnTmehtFDBDLA"
Date: Tue, 09 May 2023 13:19:13 GMT
Connection: keep-alive
Keep-Alive: timeout=600

20:19:13.496 [AsyncHttpClient-1-2] DEBUG org.asynchttpclient.netty.channel.ChannelManager - Adding key: http://127.0.0.1:4723 for channel [id: 0xd6ee6950, L:/127.0.0.1:56984 - R:/127.0.0.1:4723]
20:19:13.499 [Forwarding sendKeysToElement on session 99894fc4-b7ca-4fce-b58a-48411ed00f2a to remote] DEBUG org.asynchttpclient.netty.request.NettyRequestSender - Using pooled Channel '[id: 0xd6ee6950, L:/127.0.0.1:56984 - R:/127.0.0.1:4723]' for 'POST' to 'http://127.0.0.1:4723/wd/hub/session/99894fc4-b7ca-4fce-b58a-48411ed00f2a/element/00000000-0000-028a-0000-003100000003/value'
20:19:13.499 [Forwarding sendKeysToElement on session 99894fc4-b7ca-4fce-b58a-48411ed00f2a to remote] DEBUG org.asynchttpclient.netty.request.NettyRequestSender - Using open Channel [id: 0xd6ee6950, L:/127.0.0.1:56984 - R:/127.0.0.1:4723] for POST '/wd/hub/session/99894fc4-b7ca-4fce-b58a-48411ed00f2a/element/00000000-0000-028a-0000-003100000003/value'
20:19:13.514 [AsyncHttpClient-1-2] DEBUG org.asynchttpclient.netty.handler.HttpHandler - 

Request DefaultHttpRequest(decodeResult: success, version: HTTP/1.1)
POST /wd/hub/session/99894fc4-b7ca-4fce-b58a-48411ed00f2a/element/00000000-0000-028a-0000-003100000003/value HTTP/1.1
User-Agent: appium/8.3.0 (selenium/4.8.1 (java mac))
Content-Length: 82
Content-Type: application/json; charset=utf-8
host: 127.0.0.1:4723
accept: */*

Response DefaultHttpResponse(decodeResult: success, version: HTTP/1.1)
HTTP/1.1 200 OK
X-Powered-By: Express
Vary: X-HTTP-Method-Override
Content-Type: application/json; charset=utf-8
Content-Length: 14
ETag: W/"e-9/1BuKMgFObM1mWJm+YjxtXJnUM"
Date: Tue, 09 May 2023 13:19:13 GMT
Connection: keep-alive
Keep-Alive: timeout=600

20:19:13.515 [AsyncHttpClient-1-2] DEBUG org.asynchttpclient.netty.channel.ChannelManager - Adding key: http://127.0.0.1:4723 for channel [id: 0xd6ee6950, L:/127.0.0.1:56984 - R:/127.0.0.1:4723]
]]></system-out>
  </testcase>
  <testcase name="New user input password on password field2" classname="As a new user, I have be able to create new account without email" time="1.392">
    <system-out><![CDATA[20:19:13.548 [main] DEBUG net.thucydides.core.steps.StepInterceptor - STARTING STEP: RegisterSteps2.inputPasswordField - clicktypePasswordField
20:19:13.556 [Forwarding findElement on session 99894fc4-b7ca-4fce-b58a-48411ed00f2a to remote] DEBUG org.asynchttpclient.netty.request.NettyRequestSender - Using pooled Channel '[id: 0xd6ee6950, L:/127.0.0.1:56984 - R:/127.0.0.1:4723]' for 'POST' to 'http://127.0.0.1:4723/wd/hub/session/99894fc4-b7ca-4fce-b58a-48411ed00f2a/element'
20:19:13.556 [Forwarding findElement on session 99894fc4-b7ca-4fce-b58a-48411ed00f2a to remote] DEBUG org.asynchttpclient.netty.request.NettyRequestSender - Using open Channel [id: 0xd6ee6950, L:/127.0.0.1:56984 - R:/127.0.0.1:4723] for POST '/wd/hub/session/99894fc4-b7ca-4fce-b58a-48411ed00f2a/element'
20:19:14.058 [AsyncHttpClient-1-2] DEBUG org.asynchttpclient.netty.handler.HttpHandler - 

Request DefaultHttpRequest(decodeResult: success, version: HTTP/1.1)
POST /wd/hub/session/99894fc4-b7ca-4fce-b58a-48411ed00f2a/element HTTP/1.1
User-Agent: appium/8.3.0 (selenium/4.8.1 (java mac))
Content-Length: 309
Content-Type: application/json; charset=utf-8
host: 127.0.0.1:4723
accept: */*

Response DefaultHttpResponse(decodeResult: success, version: HTTP/1.1)
HTTP/1.1 200 OK
X-Powered-By: Express
Vary: X-HTTP-Method-Override
Content-Type: application/json; charset=utf-8
Content-Length: 137
ETag: W/"89-ZxQPoggBhHZWF1qnUagRlbC8Xbc"
Date: Tue, 09 May 2023 13:19:14 GMT
Connection: keep-alive
Keep-Alive: timeout=600

20:19:14.059 [AsyncHttpClient-1-2] DEBUG org.asynchttpclient.netty.channel.ChannelManager - Adding key: http://127.0.0.1:4723 for channel [id: 0xd6ee6950, L:/127.0.0.1:56984 - R:/127.0.0.1:4723]
20:19:14.064 [Forwarding isElementDisplayed on session 99894fc4-b7ca-4fce-b58a-48411ed00f2a to remote] DEBUG org.asynchttpclient.netty.request.NettyRequestSender - Using pooled Channel '[id: 0xd6ee6950, L:/127.0.0.1:56984 - R:/127.0.0.1:4723]' for 'GET' to 'http://127.0.0.1:4723/wd/hub/session/99894fc4-b7ca-4fce-b58a-48411ed00f2a/element/00000000-0000-028a-0000-003200000003/displayed'
20:19:14.064 [Forwarding isElementDisplayed on session 99894fc4-b7ca-4fce-b58a-48411ed00f2a to remote] DEBUG org.asynchttpclient.netty.request.NettyRequestSender - Using open Channel [id: 0xd6ee6950, L:/127.0.0.1:56984 - R:/127.0.0.1:4723] for GET '/wd/hub/session/99894fc4-b7ca-4fce-b58a-48411ed00f2a/element/00000000-0000-028a-0000-003200000003/displayed'
20:19:14.080 [AsyncHttpClient-1-2] DEBUG org.asynchttpclient.netty.handler.HttpHandler - 

Request DefaultFullHttpRequest(decodeResult: success, version: HTTP/1.1, content: EmptyByteBufBE)
GET /wd/hub/session/99894fc4-b7ca-4fce-b58a-48411ed00f2a/element/00000000-0000-028a-0000-003200000003/displayed HTTP/1.1
User-Agent: appium/8.3.0 (selenium/4.8.1 (java mac))
Cache-Control: no-cache
Content-Type: application/json; charset=utf-8
host: 127.0.0.1:4723
accept: */*

Response DefaultHttpResponse(decodeResult: success, version: HTTP/1.1)
HTTP/1.1 200 OK
X-Powered-By: Express
Content-Type: application/json; charset=utf-8
Content-Length: 14
ETag: W/"e-2ZHvAWebNQpyjGZTg6uyV8/spTo"
Date: Tue, 09 May 2023 13:19:14 GMT
Connection: keep-alive
Keep-Alive: timeout=600

20:19:14.084 [AsyncHttpClient-1-2] DEBUG org.asynchttpclient.netty.channel.ChannelManager - Adding key: http://127.0.0.1:4723 for channel [id: 0xd6ee6950, L:/127.0.0.1:56984 - R:/127.0.0.1:4723]
20:19:14.101 [Forwarding isElementEnabled on session 99894fc4-b7ca-4fce-b58a-48411ed00f2a to remote] DEBUG org.asynchttpclient.netty.request.NettyRequestSender - Using pooled Channel '[id: 0xd6ee6950, L:/127.0.0.1:56984 - R:/127.0.0.1:4723]' for 'GET' to 'http://127.0.0.1:4723/wd/hub/session/99894fc4-b7ca-4fce-b58a-48411ed00f2a/element/00000000-0000-028a-0000-003200000003/enabled'
20:19:14.103 [Forwarding isElementEnabled on session 99894fc4-b7ca-4fce-b58a-48411ed00f2a to remote] DEBUG org.asynchttpclient.netty.request.NettyRequestSender - Using open Channel [id: 0xd6ee6950, L:/127.0.0.1:56984 - R:/127.0.0.1:4723] for GET '/wd/hub/session/99894fc4-b7ca-4fce-b58a-48411ed00f2a/element/00000000-0000-028a-0000-003200000003/enabled'
20:19:14.121 [AsyncHttpClient-1-2] DEBUG org.asynchttpclient.netty.handler.HttpHandler - 

Request DefaultFullHttpRequest(decodeResult: success, version: HTTP/1.1, content: EmptyByteBufBE)
GET /wd/hub/session/99894fc4-b7ca-4fce-b58a-48411ed00f2a/element/00000000-0000-028a-0000-003200000003/enabled HTTP/1.1
User-Agent: appium/8.3.0 (selenium/4.8.1 (java mac))
Cache-Control: no-cache
Content-Type: application/json; charset=utf-8
host: 127.0.0.1:4723
accept: */*

Response DefaultHttpResponse(decodeResult: success, version: HTTP/1.1)
HTTP/1.1 200 OK
X-Powered-By: Express
Content-Type: application/json; charset=utf-8
Content-Length: 14
ETag: W/"e-2ZHvAWebNQpyjGZTg6uyV8/spTo"
Date: Tue, 09 May 2023 13:19:14 GMT
Connection: keep-alive
Keep-Alive: timeout=600

20:19:14.124 [AsyncHttpClient-1-2] DEBUG org.asynchttpclient.netty.channel.ChannelManager - Adding key: http://127.0.0.1:4723 for channel [id: 0xd6ee6950, L:/127.0.0.1:56984 - R:/127.0.0.1:4723]
20:19:14.137 [Forwarding clickElement on session 99894fc4-b7ca-4fce-b58a-48411ed00f2a to remote] DEBUG org.asynchttpclient.netty.request.NettyRequestSender - Using pooled Channel '[id: 0xd6ee6950, L:/127.0.0.1:56984 - R:/127.0.0.1:4723]' for 'POST' to 'http://127.0.0.1:4723/wd/hub/session/99894fc4-b7ca-4fce-b58a-48411ed00f2a/element/00000000-0000-028a-0000-003200000003/click'
20:19:14.138 [Forwarding clickElement on session 99894fc4-b7ca-4fce-b58a-48411ed00f2a to remote] DEBUG org.asynchttpclient.netty.request.NettyRequestSender - Using open Channel [id: 0xd6ee6950, L:/127.0.0.1:56984 - R:/127.0.0.1:4723] for POST '/wd/hub/session/99894fc4-b7ca-4fce-b58a-48411ed00f2a/element/00000000-0000-028a-0000-003200000003/click'
20:19:14.792 [AsyncHttpClient-1-2] DEBUG org.asynchttpclient.netty.handler.HttpHandler - 

Request DefaultHttpRequest(decodeResult: success, version: HTTP/1.1)
POST /wd/hub/session/99894fc4-b7ca-4fce-b58a-48411ed00f2a/element/00000000-0000-028a-0000-003200000003/click HTTP/1.1
User-Agent: appium/8.3.0 (selenium/4.8.1 (java mac))
Content-Length: 50
Content-Type: application/json; charset=utf-8
host: 127.0.0.1:4723
accept: */*

Response DefaultHttpResponse(decodeResult: success, version: HTTP/1.1)
HTTP/1.1 200 OK
X-Powered-By: Express
Vary: X-HTTP-Method-Override
Content-Type: application/json; charset=utf-8
Content-Length: 14
ETag: W/"e-9/1BuKMgFObM1mWJm+YjxtXJnUM"
Date: Tue, 09 May 2023 13:19:14 GMT
Connection: keep-alive
Keep-Alive: timeout=600

20:19:14.794 [AsyncHttpClient-1-2] DEBUG org.asynchttpclient.netty.channel.ChannelManager - Adding key: http://127.0.0.1:4723 for channel [id: 0xd6ee6950, L:/127.0.0.1:56984 - R:/127.0.0.1:4723]
20:19:14.812 [main] DEBUG net.thucydides.core.steps.StepInterceptor - STEP DONE: clicktypePasswordField
20:19:14.828 [main] DEBUG net.thucydides.core.steps.StepInterceptor - STARTING STEP: RegisterSteps2.inputPasswordField - inputPassword
20:19:14.835 [Forwarding findElement on session 99894fc4-b7ca-4fce-b58a-48411ed00f2a to remote] DEBUG org.asynchttpclient.netty.request.NettyRequestSender - Using pooled Channel '[id: 0xd6ee6950, L:/127.0.0.1:56984 - R:/127.0.0.1:4723]' for 'POST' to 'http://127.0.0.1:4723/wd/hub/session/99894fc4-b7ca-4fce-b58a-48411ed00f2a/element'
20:19:14.835 [Forwarding findElement on session 99894fc4-b7ca-4fce-b58a-48411ed00f2a to remote] DEBUG org.asynchttpclient.netty.request.NettyRequestSender - Using open Channel [id: 0xd6ee6950, L:/127.0.0.1:56984 - R:/127.0.0.1:4723] for POST '/wd/hub/session/99894fc4-b7ca-4fce-b58a-48411ed00f2a/element'
20:19:14.891 [AsyncHttpClient-1-2] DEBUG org.asynchttpclient.netty.handler.HttpHandler - 

Request DefaultHttpRequest(decodeResult: success, version: HTTP/1.1)
POST /wd/hub/session/99894fc4-b7ca-4fce-b58a-48411ed00f2a/element HTTP/1.1
User-Agent: appium/8.3.0 (selenium/4.8.1 (java mac))
Content-Length: 309
Content-Type: application/json; charset=utf-8
host: 127.0.0.1:4723
accept: */*

Response DefaultHttpResponse(decodeResult: success, version: HTTP/1.1)
HTTP/1.1 200 OK
X-Powered-By: Express
Vary: X-HTTP-Method-Override
Content-Type: application/json; charset=utf-8
Content-Length: 137
ETag: W/"89-ZxQPoggBhHZWF1qnUagRlbC8Xbc"
Date: Tue, 09 May 2023 13:19:14 GMT
Connection: keep-alive
Keep-Alive: timeout=600

20:19:14.893 [AsyncHttpClient-1-2] DEBUG org.asynchttpclient.netty.channel.ChannelManager - Adding key: http://127.0.0.1:4723 for channel [id: 0xd6ee6950, L:/127.0.0.1:56984 - R:/127.0.0.1:4723]
20:19:14.901 [Forwarding sendKeysToElement on session 99894fc4-b7ca-4fce-b58a-48411ed00f2a to remote] DEBUG org.asynchttpclient.netty.request.NettyRequestSender - Using pooled Channel '[id: 0xd6ee6950, L:/127.0.0.1:56984 - R:/127.0.0.1:4723]' for 'POST' to 'http://127.0.0.1:4723/wd/hub/session/99894fc4-b7ca-4fce-b58a-48411ed00f2a/element/00000000-0000-028a-0000-003200000003/value'
20:19:14.901 [Forwarding sendKeysToElement on session 99894fc4-b7ca-4fce-b58a-48411ed00f2a to remote] DEBUG org.asynchttpclient.netty.request.NettyRequestSender - Using open Channel [id: 0xd6ee6950, L:/127.0.0.1:56984 - R:/127.0.0.1:4723] for POST '/wd/hub/session/99894fc4-b7ca-4fce-b58a-48411ed00f2a/element/00000000-0000-028a-0000-003200000003/value'
20:19:14.920 [AsyncHttpClient-1-2] DEBUG org.asynchttpclient.netty.handler.HttpHandler - 

Request DefaultHttpRequest(decodeResult: success, version: HTTP/1.1)
POST /wd/hub/session/99894fc4-b7ca-4fce-b58a-48411ed00f2a/element/00000000-0000-028a-0000-003200000003/value HTTP/1.1
User-Agent: appium/8.3.0 (selenium/4.8.1 (java mac))
Content-Length: 151
Content-Type: application/json; charset=utf-8
host: 127.0.0.1:4723
accept: */*

Response DefaultHttpResponse(decodeResult: success, version: HTTP/1.1)
HTTP/1.1 200 OK
X-Powered-By: Express
Vary: X-HTTP-Method-Override
Content-Type: application/json; charset=utf-8
Content-Length: 14
ETag: W/"e-9/1BuKMgFObM1mWJm+YjxtXJnUM"
Date: Tue, 09 May 2023 13:19:14 GMT
Connection: keep-alive
Keep-Alive: timeout=600

20:19:14.921 [AsyncHttpClient-1-2] DEBUG org.asynchttpclient.netty.channel.ChannelManager - Adding key: http://127.0.0.1:4723 for channel [id: 0xd6ee6950, L:/127.0.0.1:56984 - R:/127.0.0.1:4723]
20:19:14.922 [main] DEBUG net.thucydides.core.steps.StepInterceptor - STEP DONE: inputPassword
]]></system-out>
  </testcase>
  <testcase name="New user click register button2" classname="As a new user, I have be able to create new account without email" time="1.476">
    <system-out><![CDATA[20:19:14.950 [main] DEBUG net.thucydides.core.steps.StepInterceptor - STARTING STEP: RegisterSteps2.clickRegisterButton - clickRegisterButton
20:19:14.952 [Forwarding findElement on session 99894fc4-b7ca-4fce-b58a-48411ed00f2a to remote] DEBUG org.asynchttpclient.netty.request.NettyRequestSender - Using pooled Channel '[id: 0xd6ee6950, L:/127.0.0.1:56984 - R:/127.0.0.1:4723]' for 'POST' to 'http://127.0.0.1:4723/wd/hub/session/99894fc4-b7ca-4fce-b58a-48411ed00f2a/element'
20:19:14.952 [Forwarding findElement on session 99894fc4-b7ca-4fce-b58a-48411ed00f2a to remote] DEBUG org.asynchttpclient.netty.request.NettyRequestSender - Using open Channel [id: 0xd6ee6950, L:/127.0.0.1:56984 - R:/127.0.0.1:4723] for POST '/wd/hub/session/99894fc4-b7ca-4fce-b58a-48411ed00f2a/element'
20:19:15.810 [AsyncHttpClient-1-2] DEBUG org.asynchttpclient.netty.handler.HttpHandler - 

Request DefaultHttpRequest(decodeResult: success, version: HTTP/1.1)
POST /wd/hub/session/99894fc4-b7ca-4fce-b58a-48411ed00f2a/element HTTP/1.1
User-Agent: appium/8.3.0 (selenium/4.8.1 (java mac))
Content-Length: 102
Content-Type: application/json; charset=utf-8
host: 127.0.0.1:4723
accept: */*

Response DefaultHttpResponse(decodeResult: success, version: HTTP/1.1)
HTTP/1.1 200 OK
X-Powered-By: Express
Vary: X-HTTP-Method-Override
Content-Type: application/json; charset=utf-8
Content-Length: 137
ETag: W/"89-SOflwxIFnrVkUpxuST5eOIcNoF4"
Date: Tue, 09 May 2023 13:19:15 GMT
Connection: keep-alive
Keep-Alive: timeout=600

20:19:15.811 [AsyncHttpClient-1-2] DEBUG org.asynchttpclient.netty.channel.ChannelManager - Adding key: http://127.0.0.1:4723 for channel [id: 0xd6ee6950, L:/127.0.0.1:56984 - R:/127.0.0.1:4723]
20:19:15.813 [Forwarding isElementDisplayed on session 99894fc4-b7ca-4fce-b58a-48411ed00f2a to remote] DEBUG org.asynchttpclient.netty.request.NettyRequestSender - Using pooled Channel '[id: 0xd6ee6950, L:/127.0.0.1:56984 - R:/127.0.0.1:4723]' for 'GET' to 'http://127.0.0.1:4723/wd/hub/session/99894fc4-b7ca-4fce-b58a-48411ed00f2a/element/00000000-0000-028a-0000-003300000003/displayed'
20:19:15.813 [Forwarding isElementDisplayed on session 99894fc4-b7ca-4fce-b58a-48411ed00f2a to remote] DEBUG org.asynchttpclient.netty.request.NettyRequestSender - Using open Channel [id: 0xd6ee6950, L:/127.0.0.1:56984 - R:/127.0.0.1:4723] for GET '/wd/hub/session/99894fc4-b7ca-4fce-b58a-48411ed00f2a/element/00000000-0000-028a-0000-003300000003/displayed'
20:19:15.824 [AsyncHttpClient-1-2] DEBUG org.asynchttpclient.netty.handler.HttpHandler - 

Request DefaultFullHttpRequest(decodeResult: success, version: HTTP/1.1, content: EmptyByteBufBE)
GET /wd/hub/session/99894fc4-b7ca-4fce-b58a-48411ed00f2a/element/00000000-0000-028a-0000-003300000003/displayed HTTP/1.1
User-Agent: appium/8.3.0 (selenium/4.8.1 (java mac))
Cache-Control: no-cache
Content-Type: application/json; charset=utf-8
host: 127.0.0.1:4723
accept: */*

Response DefaultHttpResponse(decodeResult: success, version: HTTP/1.1)
HTTP/1.1 200 OK
X-Powered-By: Express
Content-Type: application/json; charset=utf-8
Content-Length: 14
ETag: W/"e-2ZHvAWebNQpyjGZTg6uyV8/spTo"
Date: Tue, 09 May 2023 13:19:15 GMT
Connection: keep-alive
Keep-Alive: timeout=600

20:19:15.826 [AsyncHttpClient-1-2] DEBUG org.asynchttpclient.netty.channel.ChannelManager - Adding key: http://127.0.0.1:4723 for channel [id: 0xd6ee6950, L:/127.0.0.1:56984 - R:/127.0.0.1:4723]
20:19:15.828 [Forwarding isElementEnabled on session 99894fc4-b7ca-4fce-b58a-48411ed00f2a to remote] DEBUG org.asynchttpclient.netty.request.NettyRequestSender - Using pooled Channel '[id: 0xd6ee6950, L:/127.0.0.1:56984 - R:/127.0.0.1:4723]' for 'GET' to 'http://127.0.0.1:4723/wd/hub/session/99894fc4-b7ca-4fce-b58a-48411ed00f2a/element/00000000-0000-028a-0000-003300000003/enabled'
20:19:15.828 [Forwarding isElementEnabled on session 99894fc4-b7ca-4fce-b58a-48411ed00f2a to remote] DEBUG org.asynchttpclient.netty.request.NettyRequestSender - Using open Channel [id: 0xd6ee6950, L:/127.0.0.1:56984 - R:/127.0.0.1:4723] for GET '/wd/hub/session/99894fc4-b7ca-4fce-b58a-48411ed00f2a/element/00000000-0000-028a-0000-003300000003/enabled'
20:19:15.843 [AsyncHttpClient-1-2] DEBUG org.asynchttpclient.netty.handler.HttpHandler - 

Request DefaultFullHttpRequest(decodeResult: success, version: HTTP/1.1, content: EmptyByteBufBE)
GET /wd/hub/session/99894fc4-b7ca-4fce-b58a-48411ed00f2a/element/00000000-0000-028a-0000-003300000003/enabled HTTP/1.1
User-Agent: appium/8.3.0 (selenium/4.8.1 (java mac))
Cache-Control: no-cache
Content-Type: application/json; charset=utf-8
host: 127.0.0.1:4723
accept: */*

Response DefaultHttpResponse(decodeResult: success, version: HTTP/1.1)
HTTP/1.1 200 OK
X-Powered-By: Express
Content-Type: application/json; charset=utf-8
Content-Length: 14
ETag: W/"e-2ZHvAWebNQpyjGZTg6uyV8/spTo"
Date: Tue, 09 May 2023 13:19:15 GMT
Connection: keep-alive
Keep-Alive: timeout=600

20:19:15.843 [AsyncHttpClient-1-2] DEBUG org.asynchttpclient.netty.channel.ChannelManager - Adding key: http://127.0.0.1:4723 for channel [id: 0xd6ee6950, L:/127.0.0.1:56984 - R:/127.0.0.1:4723]
20:19:15.846 [Forwarding clickElement on session 99894fc4-b7ca-4fce-b58a-48411ed00f2a to remote] DEBUG org.asynchttpclient.netty.request.NettyRequestSender - Using pooled Channel '[id: 0xd6ee6950, L:/127.0.0.1:56984 - R:/127.0.0.1:4723]' for 'POST' to 'http://127.0.0.1:4723/wd/hub/session/99894fc4-b7ca-4fce-b58a-48411ed00f2a/element/00000000-0000-028a-0000-003300000003/click'
20:19:15.846 [Forwarding clickElement on session 99894fc4-b7ca-4fce-b58a-48411ed00f2a to remote] DEBUG org.asynchttpclient.netty.request.NettyRequestSender - Using open Channel [id: 0xd6ee6950, L:/127.0.0.1:56984 - R:/127.0.0.1:4723] for POST '/wd/hub/session/99894fc4-b7ca-4fce-b58a-48411ed00f2a/element/00000000-0000-028a-0000-003300000003/click'
20:19:16.409 [AsyncHttpClient-1-2] DEBUG org.asynchttpclient.netty.handler.HttpHandler - 

Request DefaultHttpRequest(decodeResult: success, version: HTTP/1.1)
POST /wd/hub/session/99894fc4-b7ca-4fce-b58a-48411ed00f2a/element/00000000-0000-028a-0000-003300000003/click HTTP/1.1
User-Agent: appium/8.3.0 (selenium/4.8.1 (java mac))
Content-Length: 50
Content-Type: application/json; charset=utf-8
host: 127.0.0.1:4723
accept: */*

Response DefaultHttpResponse(decodeResult: success, version: HTTP/1.1)
HTTP/1.1 200 OK
X-Powered-By: Express
Vary: X-HTTP-Method-Override
Content-Type: application/json; charset=utf-8
Content-Length: 14
ETag: W/"e-9/1BuKMgFObM1mWJm+YjxtXJnUM"
Date: Tue, 09 May 2023 13:19:16 GMT
Connection: keep-alive
Keep-Alive: timeout=600

20:19:16.410 [AsyncHttpClient-1-2] DEBUG org.asynchttpclient.netty.channel.ChannelManager - Adding key: http://127.0.0.1:4723 for channel [id: 0xd6ee6950, L:/127.0.0.1:56984 - R:/127.0.0.1:4723]
20:19:16.413 [main] DEBUG net.thucydides.core.steps.StepInterceptor - STEP DONE: clickRegisterButton
]]></system-out>
  </testcase>
  <testcase name="user see error message2" classname="As a new user, I have be able to create new account without email" time="0.062">
    <system-out><![CDATA[20:19:16.422 [main] DEBUG net.thucydides.core.steps.StepInterceptor - STARTING STEP: RegisterSteps2.validateRegistered - validateHomePage
20:19:16.424 [Forwarding findElement on session 99894fc4-b7ca-4fce-b58a-48411ed00f2a to remote] DEBUG org.asynchttpclient.netty.request.NettyRequestSender - Using pooled Channel '[id: 0xd6ee6950, L:/127.0.0.1:56984 - R:/127.0.0.1:4723]' for 'POST' to 'http://127.0.0.1:4723/wd/hub/session/99894fc4-b7ca-4fce-b58a-48411ed00f2a/element'
20:19:16.424 [Forwarding findElement on session 99894fc4-b7ca-4fce-b58a-48411ed00f2a to remote] DEBUG org.asynchttpclient.netty.request.NettyRequestSender - Using open Channel [id: 0xd6ee6950, L:/127.0.0.1:56984 - R:/127.0.0.1:4723] for POST '/wd/hub/session/99894fc4-b7ca-4fce-b58a-48411ed00f2a/element'
20:19:16.461 [AsyncHttpClient-1-2] DEBUG org.asynchttpclient.netty.handler.HttpHandler - 

Request DefaultHttpRequest(decodeResult: success, version: HTTP/1.1)
POST /wd/hub/session/99894fc4-b7ca-4fce-b58a-48411ed00f2a/element HTTP/1.1
User-Agent: appium/8.3.0 (selenium/4.8.1 (java mac))
Content-Length: 330
Content-Type: application/json; charset=utf-8
host: 127.0.0.1:4723
accept: */*

Response DefaultHttpResponse(decodeResult: success, version: HTTP/1.1)
HTTP/1.1 200 OK
X-Powered-By: Express
Vary: X-HTTP-Method-Override
Content-Type: application/json; charset=utf-8
Content-Length: 137
ETag: W/"89-h2mWVPBTZk0i7AWvYo1ddiE7e74"
Date: Tue, 09 May 2023 13:19:16 GMT
Connection: keep-alive
Keep-Alive: timeout=600

20:19:16.462 [AsyncHttpClient-1-2] DEBUG org.asynchttpclient.netty.channel.ChannelManager - Adding key: http://127.0.0.1:4723 for channel [id: 0xd6ee6950, L:/127.0.0.1:56984 - R:/127.0.0.1:4723]
20:19:16.463 [Forwarding isElementDisplayed on session 99894fc4-b7ca-4fce-b58a-48411ed00f2a to remote] DEBUG org.asynchttpclient.netty.request.NettyRequestSender - Using pooled Channel '[id: 0xd6ee6950, L:/127.0.0.1:56984 - R:/127.0.0.1:4723]' for 'GET' to 'http://127.0.0.1:4723/wd/hub/session/99894fc4-b7ca-4fce-b58a-48411ed00f2a/element/00000000-0000-028a-0000-003500000003/displayed'
20:19:16.463 [Forwarding isElementDisplayed on session 99894fc4-b7ca-4fce-b58a-48411ed00f2a to remote] DEBUG org.asynchttpclient.netty.request.NettyRequestSender - Using open Channel [id: 0xd6ee6950, L:/127.0.0.1:56984 - R:/127.0.0.1:4723] for GET '/wd/hub/session/99894fc4-b7ca-4fce-b58a-48411ed00f2a/element/00000000-0000-028a-0000-003500000003/displayed'
20:19:16.475 [AsyncHttpClient-1-2] DEBUG org.asynchttpclient.netty.handler.HttpHandler - 

Request DefaultFullHttpRequest(decodeResult: success, version: HTTP/1.1, content: EmptyByteBufBE)
GET /wd/hub/session/99894fc4-b7ca-4fce-b58a-48411ed00f2a/element/00000000-0000-028a-0000-003500000003/displayed HTTP/1.1
User-Agent: appium/8.3.0 (selenium/4.8.1 (java mac))
Cache-Control: no-cache
Content-Type: application/json; charset=utf-8
host: 127.0.0.1:4723
accept: */*

Response DefaultHttpResponse(decodeResult: success, version: HTTP/1.1)
HTTP/1.1 200 OK
X-Powered-By: Express
Content-Type: application/json; charset=utf-8
Content-Length: 14
ETag: W/"e-2ZHvAWebNQpyjGZTg6uyV8/spTo"
Date: Tue, 09 May 2023 13:19:16 GMT
Connection: keep-alive
Keep-Alive: timeout=600

20:19:16.475 [AsyncHttpClient-1-2] DEBUG org.asynchttpclient.netty.channel.ChannelManager - Adding key: http://127.0.0.1:4723 for channel [id: 0xd6ee6950, L:/127.0.0.1:56984 - R:/127.0.0.1:4723]
20:19:16.479 [main] DEBUG net.thucydides.core.steps.StepInterceptor - STEP DONE: validateHomePage
]]></system-out>
  </testcase>
  <testcase name="New user click account3" classname="As a new user, I have be able to create new account without password" time="6.832">
    <system-out><![CDATA[20:19:16.487 [main] INFO  - 
  _____   ___   ___   _____     ___     _     ___   ___   ___   ___  
 |_   _| | __| / __| |_   _|   | _ \   /_\   / __| / __| | __| |   \ 
   | |   | _|  \__ \   | |     |  _/  / _ \  \__ \ \__ \ | _|  | |) |
   |_|   |___| |___/   |_|     |_|   /_/ \_\ |___/ |___/ |___| |___/ 

As a new user, I have be able to create new account without email
----------------------------------------------------------------------
20:19:16.520 [main] DEBUG io.cucumber.core.plugin.SerenityReporter - Running feature from file:///Users/masgilang/Downloads/test-automation-MinProMobile/src/test/resources/features/Register.feature
20:19:16.526 [main] INFO  - 
  _____   ___   ___   _____     ___   _____     _     ___   _____   ___   ___  
 |_   _| | __| / __| |_   _|   / __| |_   _|   /_\   | _ \ |_   _| | __| |   \ 
   | |   | _|  \__ \   | |     \__ \   | |    / _ \  |   /   | |   | _|  | |) |
   |_|   |___| |___/   |_|     |___/   |_|   /_/ \_\ |_|_\   |_|   |___| |___/ 

As a new user, I have be able to create new account without password(new-user-can-create-account-and-registered;as-a-new-user--i-have-be-able-to-create-new-account-without-password)
--------------------------------------------------------------------------------
20:19:16.554 [main] DEBUG net.thucydides.core.steps.StepInterceptor - STARTING STEP: RegisterSteps3.Account - clickAccount
20:19:16.574 [Forwarding newSession on session null to remote] DEBUG org.asynchttpclient.netty.request.NettyRequestSender - Using pooled Channel '[id: 0xd6ee6950, L:/127.0.0.1:56984 - R:/127.0.0.1:4723]' for 'POST' to 'http://127.0.0.1:4723/wd/hub/session'
20:19:16.574 [Forwarding newSession on session null to remote] DEBUG org.asynchttpclient.netty.request.NettyRequestSender - Using open Channel [id: 0xd6ee6950, L:/127.0.0.1:56984 - R:/127.0.0.1:4723] for POST '/wd/hub/session'
20:19:21.524 [AsyncHttpClient-1-2] DEBUG org.asynchttpclient.netty.handler.HttpHandler - 

Request DefaultHttpRequest(decodeResult: success, version: HTTP/1.1)
POST /wd/hub/session HTTP/1.1
X-Idempotency-Key: 97b393be-22cd-4407-93b5-df1ea662b625
User-Agent: appium/8.3.0 (selenium/4.8.1 (java mac))
Content-Length: 423
Content-Type: application/json; charset=utf-8
host: 127.0.0.1:4723
accept: */*

Response DefaultHttpResponse(decodeResult: success, version: HTTP/1.1)
HTTP/1.1 200 OK
X-Powered-By: Express
Vary: X-HTTP-Method-Override
Content-Type: application/json; charset=utf-8
Content-Length: 1038
ETag: W/"40e-aNEImBA+g5ppZ2otQk8rt71alJE"
Date: Tue, 09 May 2023 13:19:21 GMT
Connection: keep-alive
Keep-Alive: timeout=600

20:19:21.529 [AsyncHttpClient-1-2] DEBUG org.asynchttpclient.netty.channel.ChannelManager - Adding key: http://127.0.0.1:4723 for channel [id: 0xd6ee6950, L:/127.0.0.1:56984 - R:/127.0.0.1:4723]
20:19:21.554 [Forwarding setTimeout on session b8edad10-6cf5-4416-8c6b-33aa246bbb98 to remote] DEBUG org.asynchttpclient.netty.request.NettyRequestSender - Using pooled Channel '[id: 0xd6ee6950, L:/127.0.0.1:56984 - R:/127.0.0.1:4723]' for 'POST' to 'http://127.0.0.1:4723/wd/hub/session/b8edad10-6cf5-4416-8c6b-33aa246bbb98/timeouts'
20:19:21.554 [Forwarding setTimeout on session b8edad10-6cf5-4416-8c6b-33aa246bbb98 to remote] DEBUG org.asynchttpclient.netty.request.NettyRequestSender - Using open Channel [id: 0xd6ee6950, L:/127.0.0.1:56984 - R:/127.0.0.1:4723] for POST '/wd/hub/session/b8edad10-6cf5-4416-8c6b-33aa246bbb98/timeouts'
20:19:21.567 [AsyncHttpClient-1-2] DEBUG org.asynchttpclient.netty.handler.HttpHandler - 

Request DefaultHttpRequest(decodeResult: success, version: HTTP/1.1)
POST /wd/hub/session/b8edad10-6cf5-4416-8c6b-33aa246bbb98/timeouts HTTP/1.1
User-Agent: appium/8.3.0 (selenium/4.8.1 (java mac))
Content-Length: 23
Content-Type: application/json; charset=utf-8
host: 127.0.0.1:4723
accept: */*

Response DefaultHttpResponse(decodeResult: success, version: HTTP/1.1)
HTTP/1.1 200 OK
X-Powered-By: Express
Vary: X-HTTP-Method-Override
Content-Type: application/json; charset=utf-8
Content-Length: 14
ETag: W/"e-9/1BuKMgFObM1mWJm+YjxtXJnUM"
Date: Tue, 09 May 2023 13:19:21 GMT
Connection: keep-alive
Keep-Alive: timeout=600

20:19:21.567 [AsyncHttpClient-1-2] DEBUG org.asynchttpclient.netty.channel.ChannelManager - Adding key: http://127.0.0.1:4723 for channel [id: 0xd6ee6950, L:/127.0.0.1:56984 - R:/127.0.0.1:4723]
20:19:21.570 [Forwarding findElement on session b8edad10-6cf5-4416-8c6b-33aa246bbb98 to remote] DEBUG org.asynchttpclient.netty.request.NettyRequestSender - Using pooled Channel '[id: 0xd6ee6950, L:/127.0.0.1:56984 - R:/127.0.0.1:4723]' for 'POST' to 'http://127.0.0.1:4723/wd/hub/session/b8edad10-6cf5-4416-8c6b-33aa246bbb98/element'
20:19:21.571 [Forwarding findElement on session b8edad10-6cf5-4416-8c6b-33aa246bbb98 to remote] DEBUG org.asynchttpclient.netty.request.NettyRequestSender - Using open Channel [id: 0xd6ee6950, L:/127.0.0.1:56984 - R:/127.0.0.1:4723] for POST '/wd/hub/session/b8edad10-6cf5-4416-8c6b-33aa246bbb98/element'
20:19:22.483 [AsyncHttpClient-1-2] DEBUG org.asynchttpclient.netty.handler.HttpHandler - 

Request DefaultHttpRequest(decodeResult: success, version: HTTP/1.1)
POST /wd/hub/session/b8edad10-6cf5-4416-8c6b-33aa246bbb98/element HTTP/1.1
User-Agent: appium/8.3.0 (selenium/4.8.1 (java mac))
Content-Length: 330
Content-Type: application/json; charset=utf-8
host: 127.0.0.1:4723
accept: */*

Response DefaultHttpResponse(decodeResult: success, version: HTTP/1.1)
HTTP/1.1 200 OK
X-Powered-By: Express
Vary: X-HTTP-Method-Override
Content-Type: application/json; charset=utf-8
Content-Length: 137
ETag: W/"89-EK+YjhLLiw8xakv/idRkvIZBq0k"
Date: Tue, 09 May 2023 13:19:22 GMT
Connection: keep-alive
Keep-Alive: timeout=600

20:19:22.484 [AsyncHttpClient-1-2] DEBUG org.asynchttpclient.netty.channel.ChannelManager - Adding key: http://127.0.0.1:4723 for channel [id: 0xd6ee6950, L:/127.0.0.1:56984 - R:/127.0.0.1:4723]
20:19:22.486 [Forwarding isElementDisplayed on session b8edad10-6cf5-4416-8c6b-33aa246bbb98 to remote] DEBUG org.asynchttpclient.netty.request.NettyRequestSender - Using pooled Channel '[id: 0xd6ee6950, L:/127.0.0.1:56984 - R:/127.0.0.1:4723]' for 'GET' to 'http://127.0.0.1:4723/wd/hub/session/b8edad10-6cf5-4416-8c6b-33aa246bbb98/element/00000000-0000-0294-0000-000700000003/displayed'
20:19:22.486 [Forwarding isElementDisplayed on session b8edad10-6cf5-4416-8c6b-33aa246bbb98 to remote] DEBUG org.asynchttpclient.netty.request.NettyRequestSender - Using open Channel [id: 0xd6ee6950, L:/127.0.0.1:56984 - R:/127.0.0.1:4723] for GET '/wd/hub/session/b8edad10-6cf5-4416-8c6b-33aa246bbb98/element/00000000-0000-0294-0000-000700000003/displayed'
20:19:22.494 [AsyncHttpClient-1-2] DEBUG org.asynchttpclient.netty.handler.HttpHandler - 

Request DefaultFullHttpRequest(decodeResult: success, version: HTTP/1.1, content: EmptyByteBufBE)
GET /wd/hub/session/b8edad10-6cf5-4416-8c6b-33aa246bbb98/element/00000000-0000-0294-0000-000700000003/displayed HTTP/1.1
User-Agent: appium/8.3.0 (selenium/4.8.1 (java mac))
Cache-Control: no-cache
Content-Type: application/json; charset=utf-8
host: 127.0.0.1:4723
accept: */*

Response DefaultHttpResponse(decodeResult: success, version: HTTP/1.1)
HTTP/1.1 200 OK
X-Powered-By: Express
Content-Type: application/json; charset=utf-8
Content-Length: 14
ETag: W/"e-2ZHvAWebNQpyjGZTg6uyV8/spTo"
Date: Tue, 09 May 2023 13:19:22 GMT
Connection: keep-alive
Keep-Alive: timeout=600

20:19:22.495 [AsyncHttpClient-1-2] DEBUG org.asynchttpclient.netty.channel.ChannelManager - Adding key: http://127.0.0.1:4723 for channel [id: 0xd6ee6950, L:/127.0.0.1:56984 - R:/127.0.0.1:4723]
20:19:22.498 [Forwarding isElementEnabled on session b8edad10-6cf5-4416-8c6b-33aa246bbb98 to remote] DEBUG org.asynchttpclient.netty.request.NettyRequestSender - Using pooled Channel '[id: 0xd6ee6950, L:/127.0.0.1:56984 - R:/127.0.0.1:4723]' for 'GET' to 'http://127.0.0.1:4723/wd/hub/session/b8edad10-6cf5-4416-8c6b-33aa246bbb98/element/00000000-0000-0294-0000-000700000003/enabled'
20:19:22.498 [Forwarding isElementEnabled on session b8edad10-6cf5-4416-8c6b-33aa246bbb98 to remote] DEBUG org.asynchttpclient.netty.request.NettyRequestSender - Using open Channel [id: 0xd6ee6950, L:/127.0.0.1:56984 - R:/127.0.0.1:4723] for GET '/wd/hub/session/b8edad10-6cf5-4416-8c6b-33aa246bbb98/element/00000000-0000-0294-0000-000700000003/enabled'
20:19:22.508 [AsyncHttpClient-1-2] DEBUG org.asynchttpclient.netty.handler.HttpHandler - 

Request DefaultFullHttpRequest(decodeResult: success, version: HTTP/1.1, content: EmptyByteBufBE)
GET /wd/hub/session/b8edad10-6cf5-4416-8c6b-33aa246bbb98/element/00000000-0000-0294-0000-000700000003/enabled HTTP/1.1
User-Agent: appium/8.3.0 (selenium/4.8.1 (java mac))
Cache-Control: no-cache
Content-Type: application/json; charset=utf-8
host: 127.0.0.1:4723
accept: */*

Response DefaultHttpResponse(decodeResult: success, version: HTTP/1.1)
HTTP/1.1 200 OK
X-Powered-By: Express
Content-Type: application/json; charset=utf-8
Content-Length: 14
ETag: W/"e-2ZHvAWebNQpyjGZTg6uyV8/spTo"
Date: Tue, 09 May 2023 13:19:22 GMT
Connection: keep-alive
Keep-Alive: timeout=600

20:19:22.508 [AsyncHttpClient-1-2] DEBUG org.asynchttpclient.netty.channel.ChannelManager - Adding key: http://127.0.0.1:4723 for channel [id: 0xd6ee6950, L:/127.0.0.1:56984 - R:/127.0.0.1:4723]
20:19:22.510 [Forwarding clickElement on session b8edad10-6cf5-4416-8c6b-33aa246bbb98 to remote] DEBUG org.asynchttpclient.netty.request.NettyRequestSender - Using pooled Channel '[id: 0xd6ee6950, L:/127.0.0.1:56984 - R:/127.0.0.1:4723]' for 'POST' to 'http://127.0.0.1:4723/wd/hub/session/b8edad10-6cf5-4416-8c6b-33aa246bbb98/element/00000000-0000-0294-0000-000700000003/click'
20:19:22.510 [Forwarding clickElement on session b8edad10-6cf5-4416-8c6b-33aa246bbb98 to remote] DEBUG org.asynchttpclient.netty.request.NettyRequestSender - Using open Channel [id: 0xd6ee6950, L:/127.0.0.1:56984 - R:/127.0.0.1:4723] for POST '/wd/hub/session/b8edad10-6cf5-4416-8c6b-33aa246bbb98/element/00000000-0000-0294-0000-000700000003/click'
20:19:23.359 [AsyncHttpClient-1-2] DEBUG org.asynchttpclient.netty.handler.HttpHandler - 

Request DefaultHttpRequest(decodeResult: success, version: HTTP/1.1)
POST /wd/hub/session/b8edad10-6cf5-4416-8c6b-33aa246bbb98/element/00000000-0000-0294-0000-000700000003/click HTTP/1.1
User-Agent: appium/8.3.0 (selenium/4.8.1 (java mac))
Content-Length: 50
Content-Type: application/json; charset=utf-8
host: 127.0.0.1:4723
accept: */*

Response DefaultHttpResponse(decodeResult: success, version: HTTP/1.1)
HTTP/1.1 200 OK
X-Powered-By: Express
Vary: X-HTTP-Method-Override
Content-Type: application/json; charset=utf-8
Content-Length: 14
ETag: W/"e-9/1BuKMgFObM1mWJm+YjxtXJnUM"
Date: Tue, 09 May 2023 13:19:23 GMT
Connection: keep-alive
Keep-Alive: timeout=600

20:19:23.360 [AsyncHttpClient-1-2] DEBUG org.asynchttpclient.netty.channel.ChannelManager - Adding key: http://127.0.0.1:4723 for channel [id: 0xd6ee6950, L:/127.0.0.1:56984 - R:/127.0.0.1:4723]
20:19:23.365 [main] DEBUG net.thucydides.core.steps.StepInterceptor - STEP DONE: clickAccount
]]></system-out>
  </testcase>
  <testcase name="New user click register3" classname="As a new user, I have be able to create new account without password" time="0.969">
    <system-out><![CDATA[20:19:23.398 [main] DEBUG net.thucydides.core.steps.StepInterceptor - STARTING STEP: RegisterSteps3.userClickRegisterLink - clickRegisterLink
20:19:23.407 [Forwarding findElement on session b8edad10-6cf5-4416-8c6b-33aa246bbb98 to remote] DEBUG org.asynchttpclient.netty.request.NettyRequestSender - Using pooled Channel '[id: 0xd6ee6950, L:/127.0.0.1:56984 - R:/127.0.0.1:4723]' for 'POST' to 'http://127.0.0.1:4723/wd/hub/session/b8edad10-6cf5-4416-8c6b-33aa246bbb98/element'
20:19:23.408 [Forwarding findElement on session b8edad10-6cf5-4416-8c6b-33aa246bbb98 to remote] DEBUG org.asynchttpclient.netty.request.NettyRequestSender - Using open Channel [id: 0xd6ee6950, L:/127.0.0.1:56984 - R:/127.0.0.1:4723] for POST '/wd/hub/session/b8edad10-6cf5-4416-8c6b-33aa246bbb98/element'
20:19:23.461 [AsyncHttpClient-1-2] DEBUG org.asynchttpclient.netty.handler.HttpHandler - 

Request DefaultHttpRequest(decodeResult: success, version: HTTP/1.1)
POST /wd/hub/session/b8edad10-6cf5-4416-8c6b-33aa246bbb98/element HTTP/1.1
User-Agent: appium/8.3.0 (selenium/4.8.1 (java mac))
Content-Length: 102
Content-Type: application/json; charset=utf-8
host: 127.0.0.1:4723
accept: */*

Response DefaultHttpResponse(decodeResult: success, version: HTTP/1.1)
HTTP/1.1 200 OK
X-Powered-By: Express
Vary: X-HTTP-Method-Override
Content-Type: application/json; charset=utf-8
Content-Length: 137
ETag: W/"89-PyGUkn+ux7/SiCaH6DgKsRtY/kA"
Date: Tue, 09 May 2023 13:19:23 GMT
Connection: keep-alive
Keep-Alive: timeout=600

20:19:23.461 [AsyncHttpClient-1-2] DEBUG org.asynchttpclient.netty.channel.ChannelManager - Adding key: http://127.0.0.1:4723 for channel [id: 0xd6ee6950, L:/127.0.0.1:56984 - R:/127.0.0.1:4723]
20:19:23.463 [Forwarding isElementDisplayed on session b8edad10-6cf5-4416-8c6b-33aa246bbb98 to remote] DEBUG org.asynchttpclient.netty.request.NettyRequestSender - Using pooled Channel '[id: 0xd6ee6950, L:/127.0.0.1:56984 - R:/127.0.0.1:4723]' for 'GET' to 'http://127.0.0.1:4723/wd/hub/session/b8edad10-6cf5-4416-8c6b-33aa246bbb98/element/00000000-0000-0294-0000-002a00000003/displayed'
20:19:23.463 [Forwarding isElementDisplayed on session b8edad10-6cf5-4416-8c6b-33aa246bbb98 to remote] DEBUG org.asynchttpclient.netty.request.NettyRequestSender - Using open Channel [id: 0xd6ee6950, L:/127.0.0.1:56984 - R:/127.0.0.1:4723] for GET '/wd/hub/session/b8edad10-6cf5-4416-8c6b-33aa246bbb98/element/00000000-0000-0294-0000-002a00000003/displayed'
20:19:23.477 [AsyncHttpClient-1-2] DEBUG org.asynchttpclient.netty.handler.HttpHandler - 

Request DefaultFullHttpRequest(decodeResult: success, version: HTTP/1.1, content: EmptyByteBufBE)
GET /wd/hub/session/b8edad10-6cf5-4416-8c6b-33aa246bbb98/element/00000000-0000-0294-0000-002a00000003/displayed HTTP/1.1
User-Agent: appium/8.3.0 (selenium/4.8.1 (java mac))
Cache-Control: no-cache
Content-Type: application/json; charset=utf-8
host: 127.0.0.1:4723
accept: */*

Response DefaultHttpResponse(decodeResult: success, version: HTTP/1.1)
HTTP/1.1 200 OK
X-Powered-By: Express
Content-Type: application/json; charset=utf-8
Content-Length: 14
ETag: W/"e-2ZHvAWebNQpyjGZTg6uyV8/spTo"
Date: Tue, 09 May 2023 13:19:23 GMT
Connection: keep-alive
Keep-Alive: timeout=600

20:19:23.480 [AsyncHttpClient-1-2] DEBUG org.asynchttpclient.netty.channel.ChannelManager - Adding key: http://127.0.0.1:4723 for channel [id: 0xd6ee6950, L:/127.0.0.1:56984 - R:/127.0.0.1:4723]
20:19:23.481 [Forwarding isElementEnabled on session b8edad10-6cf5-4416-8c6b-33aa246bbb98 to remote] DEBUG org.asynchttpclient.netty.request.NettyRequestSender - Using pooled Channel '[id: 0xd6ee6950, L:/127.0.0.1:56984 - R:/127.0.0.1:4723]' for 'GET' to 'http://127.0.0.1:4723/wd/hub/session/b8edad10-6cf5-4416-8c6b-33aa246bbb98/element/00000000-0000-0294-0000-002a00000003/enabled'
20:19:23.481 [Forwarding isElementEnabled on session b8edad10-6cf5-4416-8c6b-33aa246bbb98 to remote] DEBUG org.asynchttpclient.netty.request.NettyRequestSender - Using open Channel [id: 0xd6ee6950, L:/127.0.0.1:56984 - R:/127.0.0.1:4723] for GET '/wd/hub/session/b8edad10-6cf5-4416-8c6b-33aa246bbb98/element/00000000-0000-0294-0000-002a00000003/enabled'
20:19:23.492 [AsyncHttpClient-1-2] DEBUG org.asynchttpclient.netty.handler.HttpHandler - 

Request DefaultFullHttpRequest(decodeResult: success, version: HTTP/1.1, content: EmptyByteBufBE)
GET /wd/hub/session/b8edad10-6cf5-4416-8c6b-33aa246bbb98/element/00000000-0000-0294-0000-002a00000003/enabled HTTP/1.1
User-Agent: appium/8.3.0 (selenium/4.8.1 (java mac))
Cache-Control: no-cache
Content-Type: application/json; charset=utf-8
host: 127.0.0.1:4723
accept: */*

Response DefaultHttpResponse(decodeResult: success, version: HTTP/1.1)
HTTP/1.1 200 OK
X-Powered-By: Express
Content-Type: application/json; charset=utf-8
Content-Length: 14
ETag: W/"e-2ZHvAWebNQpyjGZTg6uyV8/spTo"
Date: Tue, 09 May 2023 13:19:23 GMT
Connection: keep-alive
Keep-Alive: timeout=600

20:19:23.493 [AsyncHttpClient-1-2] DEBUG org.asynchttpclient.netty.channel.ChannelManager - Adding key: http://127.0.0.1:4723 for channel [id: 0xd6ee6950, L:/127.0.0.1:56984 - R:/127.0.0.1:4723]
20:19:23.496 [Forwarding clickElement on session b8edad10-6cf5-4416-8c6b-33aa246bbb98 to remote] DEBUG org.asynchttpclient.netty.request.NettyRequestSender - Using pooled Channel '[id: 0xd6ee6950, L:/127.0.0.1:56984 - R:/127.0.0.1:4723]' for 'POST' to 'http://127.0.0.1:4723/wd/hub/session/b8edad10-6cf5-4416-8c6b-33aa246bbb98/element/00000000-0000-0294-0000-002a00000003/click'
20:19:23.496 [Forwarding clickElement on session b8edad10-6cf5-4416-8c6b-33aa246bbb98 to remote] DEBUG org.asynchttpclient.netty.request.NettyRequestSender - Using open Channel [id: 0xd6ee6950, L:/127.0.0.1:56984 - R:/127.0.0.1:4723] for POST '/wd/hub/session/b8edad10-6cf5-4416-8c6b-33aa246bbb98/element/00000000-0000-0294-0000-002a00000003/click'
20:19:24.343 [AsyncHttpClient-1-2] DEBUG org.asynchttpclient.netty.handler.HttpHandler - 

Request DefaultHttpRequest(decodeResult: success, version: HTTP/1.1)
POST /wd/hub/session/b8edad10-6cf5-4416-8c6b-33aa246bbb98/element/00000000-0000-0294-0000-002a00000003/click HTTP/1.1
User-Agent: appium/8.3.0 (selenium/4.8.1 (java mac))
Content-Length: 50
Content-Type: application/json; charset=utf-8
host: 127.0.0.1:4723
accept: */*

Response DefaultHttpResponse(decodeResult: success, version: HTTP/1.1)
HTTP/1.1 200 OK
X-Powered-By: Express
Vary: X-HTTP-Method-Override
Content-Type: application/json; charset=utf-8
Content-Length: 14
ETag: W/"e-9/1BuKMgFObM1mWJm+YjxtXJnUM"
Date: Tue, 09 May 2023 13:19:24 GMT
Connection: keep-alive
Keep-Alive: timeout=600

20:19:24.345 [AsyncHttpClient-1-2] DEBUG org.asynchttpclient.netty.channel.ChannelManager - Adding key: http://127.0.0.1:4723 for channel [id: 0xd6ee6950, L:/127.0.0.1:56984 - R:/127.0.0.1:4723]
20:19:24.349 [main] DEBUG net.thucydides.core.steps.StepInterceptor - STEP DONE: clickRegisterLink
]]></system-out>
  </testcase>
  <testcase name="New user input name on name field3" classname="As a new user, I have be able to create new account without password" time="0.921">
    <system-out><![CDATA[20:19:24.356 [main] DEBUG net.thucydides.core.steps.StepInterceptor - STARTING STEP: RegisterSteps3.inputNameField - clicktypeNameField
20:19:24.363 [Forwarding findElement on session b8edad10-6cf5-4416-8c6b-33aa246bbb98 to remote] DEBUG org.asynchttpclient.netty.request.NettyRequestSender - Using pooled Channel '[id: 0xd6ee6950, L:/127.0.0.1:56984 - R:/127.0.0.1:4723]' for 'POST' to 'http://127.0.0.1:4723/wd/hub/session/b8edad10-6cf5-4416-8c6b-33aa246bbb98/element'
20:19:24.363 [Forwarding findElement on session b8edad10-6cf5-4416-8c6b-33aa246bbb98 to remote] DEBUG org.asynchttpclient.netty.request.NettyRequestSender - Using open Channel [id: 0xd6ee6950, L:/127.0.0.1:56984 - R:/127.0.0.1:4723] for POST '/wd/hub/session/b8edad10-6cf5-4416-8c6b-33aa246bbb98/element'
20:19:24.441 [AsyncHttpClient-1-2] DEBUG org.asynchttpclient.netty.handler.HttpHandler - 

Request DefaultHttpRequest(decodeResult: success, version: HTTP/1.1)
POST /wd/hub/session/b8edad10-6cf5-4416-8c6b-33aa246bbb98/element HTTP/1.1
User-Agent: appium/8.3.0 (selenium/4.8.1 (java mac))
Content-Length: 309
Content-Type: application/json; charset=utf-8
host: 127.0.0.1:4723
accept: */*

Response DefaultHttpResponse(decodeResult: success, version: HTTP/1.1)
HTTP/1.1 200 OK
X-Powered-By: Express
Vary: X-HTTP-Method-Override
Content-Type: application/json; charset=utf-8
Content-Length: 137
ETag: W/"89-icrcOTlZ9z2qn+tjYaFFkamW88k"
Date: Tue, 09 May 2023 13:19:24 GMT
Connection: keep-alive
Keep-Alive: timeout=600

20:19:24.441 [AsyncHttpClient-1-2] DEBUG org.asynchttpclient.netty.channel.ChannelManager - Adding key: http://127.0.0.1:4723 for channel [id: 0xd6ee6950, L:/127.0.0.1:56984 - R:/127.0.0.1:4723]
20:19:24.443 [Forwarding isElementDisplayed on session b8edad10-6cf5-4416-8c6b-33aa246bbb98 to remote] DEBUG org.asynchttpclient.netty.request.NettyRequestSender - Using pooled Channel '[id: 0xd6ee6950, L:/127.0.0.1:56984 - R:/127.0.0.1:4723]' for 'GET' to 'http://127.0.0.1:4723/wd/hub/session/b8edad10-6cf5-4416-8c6b-33aa246bbb98/element/00000000-0000-0294-0000-003000000003/displayed'
20:19:24.444 [Forwarding isElementDisplayed on session b8edad10-6cf5-4416-8c6b-33aa246bbb98 to remote] DEBUG org.asynchttpclient.netty.request.NettyRequestSender - Using open Channel [id: 0xd6ee6950, L:/127.0.0.1:56984 - R:/127.0.0.1:4723] for GET '/wd/hub/session/b8edad10-6cf5-4416-8c6b-33aa246bbb98/element/00000000-0000-0294-0000-003000000003/displayed'
20:19:24.453 [AsyncHttpClient-1-2] DEBUG org.asynchttpclient.netty.handler.HttpHandler - 

Request DefaultFullHttpRequest(decodeResult: success, version: HTTP/1.1, content: EmptyByteBufBE)
GET /wd/hub/session/b8edad10-6cf5-4416-8c6b-33aa246bbb98/element/00000000-0000-0294-0000-003000000003/displayed HTTP/1.1
User-Agent: appium/8.3.0 (selenium/4.8.1 (java mac))
Cache-Control: no-cache
Content-Type: application/json; charset=utf-8
host: 127.0.0.1:4723
accept: */*

Response DefaultHttpResponse(decodeResult: success, version: HTTP/1.1)
HTTP/1.1 200 OK
X-Powered-By: Express
Content-Type: application/json; charset=utf-8
Content-Length: 14
ETag: W/"e-2ZHvAWebNQpyjGZTg6uyV8/spTo"
Date: Tue, 09 May 2023 13:19:24 GMT
Connection: keep-alive
Keep-Alive: timeout=600

20:19:24.454 [AsyncHttpClient-1-2] DEBUG org.asynchttpclient.netty.channel.ChannelManager - Adding key: http://127.0.0.1:4723 for channel [id: 0xd6ee6950, L:/127.0.0.1:56984 - R:/127.0.0.1:4723]
20:19:24.455 [Forwarding isElementEnabled on session b8edad10-6cf5-4416-8c6b-33aa246bbb98 to remote] DEBUG org.asynchttpclient.netty.request.NettyRequestSender - Using pooled Channel '[id: 0xd6ee6950, L:/127.0.0.1:56984 - R:/127.0.0.1:4723]' for 'GET' to 'http://127.0.0.1:4723/wd/hub/session/b8edad10-6cf5-4416-8c6b-33aa246bbb98/element/00000000-0000-0294-0000-003000000003/enabled'
20:19:24.455 [Forwarding isElementEnabled on session b8edad10-6cf5-4416-8c6b-33aa246bbb98 to remote] DEBUG org.asynchttpclient.netty.request.NettyRequestSender - Using open Channel [id: 0xd6ee6950, L:/127.0.0.1:56984 - R:/127.0.0.1:4723] for GET '/wd/hub/session/b8edad10-6cf5-4416-8c6b-33aa246bbb98/element/00000000-0000-0294-0000-003000000003/enabled'
20:19:24.464 [AsyncHttpClient-1-2] DEBUG org.asynchttpclient.netty.handler.HttpHandler - 

Request DefaultFullHttpRequest(decodeResult: success, version: HTTP/1.1, content: EmptyByteBufBE)
GET /wd/hub/session/b8edad10-6cf5-4416-8c6b-33aa246bbb98/element/00000000-0000-0294-0000-003000000003/enabled HTTP/1.1
User-Agent: appium/8.3.0 (selenium/4.8.1 (java mac))
Cache-Control: no-cache
Content-Type: application/json; charset=utf-8
host: 127.0.0.1:4723
accept: */*

Response DefaultHttpResponse(decodeResult: success, version: HTTP/1.1)
HTTP/1.1 200 OK
X-Powered-By: Express
Content-Type: application/json; charset=utf-8
Content-Length: 14
ETag: W/"e-2ZHvAWebNQpyjGZTg6uyV8/spTo"
Date: Tue, 09 May 2023 13:19:24 GMT
Connection: keep-alive
Keep-Alive: timeout=600

20:19:24.465 [AsyncHttpClient-1-2] DEBUG org.asynchttpclient.netty.channel.ChannelManager - Adding key: http://127.0.0.1:4723 for channel [id: 0xd6ee6950, L:/127.0.0.1:56984 - R:/127.0.0.1:4723]
20:19:24.466 [Forwarding clickElement on session b8edad10-6cf5-4416-8c6b-33aa246bbb98 to remote] DEBUG org.asynchttpclient.netty.request.NettyRequestSender - Using pooled Channel '[id: 0xd6ee6950, L:/127.0.0.1:56984 - R:/127.0.0.1:4723]' for 'POST' to 'http://127.0.0.1:4723/wd/hub/session/b8edad10-6cf5-4416-8c6b-33aa246bbb98/element/00000000-0000-0294-0000-003000000003/click'
20:19:24.466 [Forwarding clickElement on session b8edad10-6cf5-4416-8c6b-33aa246bbb98 to remote] DEBUG org.asynchttpclient.netty.request.NettyRequestSender - Using open Channel [id: 0xd6ee6950, L:/127.0.0.1:56984 - R:/127.0.0.1:4723] for POST '/wd/hub/session/b8edad10-6cf5-4416-8c6b-33aa246bbb98/element/00000000-0000-0294-0000-003000000003/click'
20:19:25.184 [AsyncHttpClient-1-2] DEBUG org.asynchttpclient.netty.handler.HttpHandler - 

Request DefaultHttpRequest(decodeResult: success, version: HTTP/1.1)
POST /wd/hub/session/b8edad10-6cf5-4416-8c6b-33aa246bbb98/element/00000000-0000-0294-0000-003000000003/click HTTP/1.1
User-Agent: appium/8.3.0 (selenium/4.8.1 (java mac))
Content-Length: 50
Content-Type: application/json; charset=utf-8
host: 127.0.0.1:4723
accept: */*

Response DefaultHttpResponse(decodeResult: success, version: HTTP/1.1)
HTTP/1.1 200 OK
X-Powered-By: Express
Vary: X-HTTP-Method-Override
Content-Type: application/json; charset=utf-8
Content-Length: 14
ETag: W/"e-9/1BuKMgFObM1mWJm+YjxtXJnUM"
Date: Tue, 09 May 2023 13:19:25 GMT
Connection: keep-alive
Keep-Alive: timeout=600

20:19:25.185 [AsyncHttpClient-1-2] DEBUG org.asynchttpclient.netty.channel.ChannelManager - Adding key: http://127.0.0.1:4723 for channel [id: 0xd6ee6950, L:/127.0.0.1:56984 - R:/127.0.0.1:4723]
20:19:25.187 [main] DEBUG net.thucydides.core.steps.StepInterceptor - STEP DONE: clicktypeNameField
20:19:25.193 [main] DEBUG net.thucydides.core.steps.StepInterceptor - STARTING STEP: RegisterSteps3.inputNameField - inputNameField
20:19:25.197 [Forwarding findElement on session b8edad10-6cf5-4416-8c6b-33aa246bbb98 to remote] DEBUG org.asynchttpclient.netty.request.NettyRequestSender - Using pooled Channel '[id: 0xd6ee6950, L:/127.0.0.1:56984 - R:/127.0.0.1:4723]' for 'POST' to 'http://127.0.0.1:4723/wd/hub/session/b8edad10-6cf5-4416-8c6b-33aa246bbb98/element'
20:19:25.197 [Forwarding findElement on session b8edad10-6cf5-4416-8c6b-33aa246bbb98 to remote] DEBUG org.asynchttpclient.netty.request.NettyRequestSender - Using open Channel [id: 0xd6ee6950, L:/127.0.0.1:56984 - R:/127.0.0.1:4723] for POST '/wd/hub/session/b8edad10-6cf5-4416-8c6b-33aa246bbb98/element'
20:19:25.239 [AsyncHttpClient-1-2] DEBUG org.asynchttpclient.netty.handler.HttpHandler - 

Request DefaultHttpRequest(decodeResult: success, version: HTTP/1.1)
POST /wd/hub/session/b8edad10-6cf5-4416-8c6b-33aa246bbb98/element HTTP/1.1
User-Agent: appium/8.3.0 (selenium/4.8.1 (java mac))
Content-Length: 309
Content-Type: application/json; charset=utf-8
host: 127.0.0.1:4723
accept: */*

Response DefaultHttpResponse(decodeResult: success, version: HTTP/1.1)
HTTP/1.1 200 OK
X-Powered-By: Express
Vary: X-HTTP-Method-Override
Content-Type: application/json; charset=utf-8
Content-Length: 137
ETag: W/"89-icrcOTlZ9z2qn+tjYaFFkamW88k"
Date: Tue, 09 May 2023 13:19:25 GMT
Connection: keep-alive
Keep-Alive: timeout=600

20:19:25.239 [AsyncHttpClient-1-2] DEBUG org.asynchttpclient.netty.channel.ChannelManager - Adding key: http://127.0.0.1:4723 for channel [id: 0xd6ee6950, L:/127.0.0.1:56984 - R:/127.0.0.1:4723]
20:19:25.242 [Forwarding sendKeysToElement on session b8edad10-6cf5-4416-8c6b-33aa246bbb98 to remote] DEBUG org.asynchttpclient.netty.request.NettyRequestSender - Using pooled Channel '[id: 0xd6ee6950, L:/127.0.0.1:56984 - R:/127.0.0.1:4723]' for 'POST' to 'http://127.0.0.1:4723/wd/hub/session/b8edad10-6cf5-4416-8c6b-33aa246bbb98/element/00000000-0000-0294-0000-003000000003/value'
20:19:25.242 [Forwarding sendKeysToElement on session b8edad10-6cf5-4416-8c6b-33aa246bbb98 to remote] DEBUG org.asynchttpclient.netty.request.NettyRequestSender - Using open Channel [id: 0xd6ee6950, L:/127.0.0.1:56984 - R:/127.0.0.1:4723] for POST '/wd/hub/session/b8edad10-6cf5-4416-8c6b-33aa246bbb98/element/00000000-0000-0294-0000-003000000003/value'
20:19:25.271 [AsyncHttpClient-1-2] DEBUG org.asynchttpclient.netty.handler.HttpHandler - 

Request DefaultHttpRequest(decodeResult: success, version: HTTP/1.1)
POST /wd/hub/session/b8edad10-6cf5-4416-8c6b-33aa246bbb98/element/00000000-0000-0294-0000-003000000003/value HTTP/1.1
User-Agent: appium/8.3.0 (selenium/4.8.1 (java mac))
Content-Length: 231
Content-Type: application/json; charset=utf-8
host: 127.0.0.1:4723
accept: */*

Response DefaultHttpResponse(decodeResult: success, version: HTTP/1.1)
HTTP/1.1 200 OK
X-Powered-By: Express
Vary: X-HTTP-Method-Override
Content-Type: application/json; charset=utf-8
Content-Length: 14
ETag: W/"e-9/1BuKMgFObM1mWJm+YjxtXJnUM"
Date: Tue, 09 May 2023 13:19:25 GMT
Connection: keep-alive
Keep-Alive: timeout=600

20:19:25.271 [AsyncHttpClient-1-2] DEBUG org.asynchttpclient.netty.channel.ChannelManager - Adding key: http://127.0.0.1:4723 for channel [id: 0xd6ee6950, L:/127.0.0.1:56984 - R:/127.0.0.1:4723]
20:19:25.272 [main] DEBUG net.thucydides.core.steps.StepInterceptor - STEP DONE: inputNameField
]]></system-out>
  </testcase>
  <testcase name="New user input email on email field3" classname="As a new user, I have be able to create new account without password" time="2.752">
    <system-out><![CDATA[20:19:25.286 [main] DEBUG net.thucydides.core.steps.StepInterceptor - STARTING STEP: RegisterSteps3.inputEmailField - clicktypeEmailField
20:19:25.289 [Forwarding findElement on session b8edad10-6cf5-4416-8c6b-33aa246bbb98 to remote] DEBUG org.asynchttpclient.netty.request.NettyRequestSender - Using pooled Channel '[id: 0xd6ee6950, L:/127.0.0.1:56984 - R:/127.0.0.1:4723]' for 'POST' to 'http://127.0.0.1:4723/wd/hub/session/b8edad10-6cf5-4416-8c6b-33aa246bbb98/element'
20:19:25.289 [Forwarding findElement on session b8edad10-6cf5-4416-8c6b-33aa246bbb98 to remote] DEBUG org.asynchttpclient.netty.request.NettyRequestSender - Using open Channel [id: 0xd6ee6950, L:/127.0.0.1:56984 - R:/127.0.0.1:4723] for POST '/wd/hub/session/b8edad10-6cf5-4416-8c6b-33aa246bbb98/element'
20:19:25.995 [AsyncHttpClient-1-2] DEBUG org.asynchttpclient.netty.handler.HttpHandler - 

Request DefaultHttpRequest(decodeResult: success, version: HTTP/1.1)
POST /wd/hub/session/b8edad10-6cf5-4416-8c6b-33aa246bbb98/element HTTP/1.1
User-Agent: appium/8.3.0 (selenium/4.8.1 (java mac))
Content-Length: 309
Content-Type: application/json; charset=utf-8
host: 127.0.0.1:4723
accept: */*

Response DefaultHttpResponse(decodeResult: success, version: HTTP/1.1)
HTTP/1.1 200 OK
X-Powered-By: Express
Vary: X-HTTP-Method-Override
Content-Type: application/json; charset=utf-8
Content-Length: 137
ETag: W/"89-8txfoGHnsS82oj+0dtxxyuPhDWo"
Date: Tue, 09 May 2023 13:19:25 GMT
Connection: keep-alive
Keep-Alive: timeout=600

20:19:25.997 [AsyncHttpClient-1-2] DEBUG org.asynchttpclient.netty.channel.ChannelManager - Adding key: http://127.0.0.1:4723 for channel [id: 0xd6ee6950, L:/127.0.0.1:56984 - R:/127.0.0.1:4723]
20:19:26.000 [Forwarding isElementDisplayed on session b8edad10-6cf5-4416-8c6b-33aa246bbb98 to remote] DEBUG org.asynchttpclient.netty.request.NettyRequestSender - Using pooled Channel '[id: 0xd6ee6950, L:/127.0.0.1:56984 - R:/127.0.0.1:4723]' for 'GET' to 'http://127.0.0.1:4723/wd/hub/session/b8edad10-6cf5-4416-8c6b-33aa246bbb98/element/00000000-0000-0294-0000-003100000003/displayed'
20:19:26.000 [Forwarding isElementDisplayed on session b8edad10-6cf5-4416-8c6b-33aa246bbb98 to remote] DEBUG org.asynchttpclient.netty.request.NettyRequestSender - Using open Channel [id: 0xd6ee6950, L:/127.0.0.1:56984 - R:/127.0.0.1:4723] for GET '/wd/hub/session/b8edad10-6cf5-4416-8c6b-33aa246bbb98/element/00000000-0000-0294-0000-003100000003/displayed'
20:19:26.011 [AsyncHttpClient-1-2] DEBUG org.asynchttpclient.netty.handler.HttpHandler - 

Request DefaultFullHttpRequest(decodeResult: success, version: HTTP/1.1, content: EmptyByteBufBE)
GET /wd/hub/session/b8edad10-6cf5-4416-8c6b-33aa246bbb98/element/00000000-0000-0294-0000-003100000003/displayed HTTP/1.1
User-Agent: appium/8.3.0 (selenium/4.8.1 (java mac))
Cache-Control: no-cache
Content-Type: application/json; charset=utf-8
host: 127.0.0.1:4723
accept: */*

Response DefaultHttpResponse(decodeResult: success, version: HTTP/1.1)
HTTP/1.1 200 OK
X-Powered-By: Express
Content-Type: application/json; charset=utf-8
Content-Length: 14
ETag: W/"e-2ZHvAWebNQpyjGZTg6uyV8/spTo"
Date: Tue, 09 May 2023 13:19:26 GMT
Connection: keep-alive
Keep-Alive: timeout=600

20:19:26.012 [AsyncHttpClient-1-2] DEBUG org.asynchttpclient.netty.channel.ChannelManager - Adding key: http://127.0.0.1:4723 for channel [id: 0xd6ee6950, L:/127.0.0.1:56984 - R:/127.0.0.1:4723]
20:19:26.014 [Forwarding isElementEnabled on session b8edad10-6cf5-4416-8c6b-33aa246bbb98 to remote] DEBUG org.asynchttpclient.netty.request.NettyRequestSender - Using pooled Channel '[id: 0xd6ee6950, L:/127.0.0.1:56984 - R:/127.0.0.1:4723]' for 'GET' to 'http://127.0.0.1:4723/wd/hub/session/b8edad10-6cf5-4416-8c6b-33aa246bbb98/element/00000000-0000-0294-0000-003100000003/enabled'
20:19:26.014 [Forwarding isElementEnabled on session b8edad10-6cf5-4416-8c6b-33aa246bbb98 to remote] DEBUG org.asynchttpclient.netty.request.NettyRequestSender - Using open Channel [id: 0xd6ee6950, L:/127.0.0.1:56984 - R:/127.0.0.1:4723] for GET '/wd/hub/session/b8edad10-6cf5-4416-8c6b-33aa246bbb98/element/00000000-0000-0294-0000-003100000003/enabled'
20:19:26.025 [AsyncHttpClient-1-2] DEBUG org.asynchttpclient.netty.handler.HttpHandler - 

Request DefaultFullHttpRequest(decodeResult: success, version: HTTP/1.1, content: EmptyByteBufBE)
GET /wd/hub/session/b8edad10-6cf5-4416-8c6b-33aa246bbb98/element/00000000-0000-0294-0000-003100000003/enabled HTTP/1.1
User-Agent: appium/8.3.0 (selenium/4.8.1 (java mac))
Cache-Control: no-cache
Content-Type: application/json; charset=utf-8
host: 127.0.0.1:4723
accept: */*

Response DefaultHttpResponse(decodeResult: success, version: HTTP/1.1)
HTTP/1.1 200 OK
X-Powered-By: Express
Content-Type: application/json; charset=utf-8
Content-Length: 14
ETag: W/"e-2ZHvAWebNQpyjGZTg6uyV8/spTo"
Date: Tue, 09 May 2023 13:19:26 GMT
Connection: keep-alive
Keep-Alive: timeout=600

20:19:26.025 [AsyncHttpClient-1-2] DEBUG org.asynchttpclient.netty.channel.ChannelManager - Adding key: http://127.0.0.1:4723 for channel [id: 0xd6ee6950, L:/127.0.0.1:56984 - R:/127.0.0.1:4723]
20:19:26.029 [Forwarding clickElement on session b8edad10-6cf5-4416-8c6b-33aa246bbb98 to remote] DEBUG org.asynchttpclient.netty.request.NettyRequestSender - Using pooled Channel '[id: 0xd6ee6950, L:/127.0.0.1:56984 - R:/127.0.0.1:4723]' for 'POST' to 'http://127.0.0.1:4723/wd/hub/session/b8edad10-6cf5-4416-8c6b-33aa246bbb98/element/00000000-0000-0294-0000-003100000003/click'
20:19:26.029 [Forwarding clickElement on session b8edad10-6cf5-4416-8c6b-33aa246bbb98 to remote] DEBUG org.asynchttpclient.netty.request.NettyRequestSender - Using open Channel [id: 0xd6ee6950, L:/127.0.0.1:56984 - R:/127.0.0.1:4723] for POST '/wd/hub/session/b8edad10-6cf5-4416-8c6b-33aa246bbb98/element/00000000-0000-0294-0000-003100000003/click'
20:19:26.663 [AsyncHttpClient-1-2] DEBUG org.asynchttpclient.netty.handler.HttpHandler - 

Request DefaultHttpRequest(decodeResult: success, version: HTTP/1.1)
POST /wd/hub/session/b8edad10-6cf5-4416-8c6b-33aa246bbb98/element/00000000-0000-0294-0000-003100000003/click HTTP/1.1
User-Agent: appium/8.3.0 (selenium/4.8.1 (java mac))
Content-Length: 50
Content-Type: application/json; charset=utf-8
host: 127.0.0.1:4723
accept: */*

Response DefaultHttpResponse(decodeResult: success, version: HTTP/1.1)
HTTP/1.1 200 OK
X-Powered-By: Express
Vary: X-HTTP-Method-Override
Content-Type: application/json; charset=utf-8
Content-Length: 14
ETag: W/"e-9/1BuKMgFObM1mWJm+YjxtXJnUM"
Date: Tue, 09 May 2023 13:19:26 GMT
Connection: keep-alive
Keep-Alive: timeout=600

20:19:26.663 [AsyncHttpClient-1-2] DEBUG org.asynchttpclient.netty.channel.ChannelManager - Adding key: http://127.0.0.1:4723 for channel [id: 0xd6ee6950, L:/127.0.0.1:56984 - R:/127.0.0.1:4723]
20:19:26.666 [main] DEBUG net.thucydides.core.steps.StepInterceptor - STEP DONE: clicktypeEmailField
20:19:26.673 [Forwarding findElement on session b8edad10-6cf5-4416-8c6b-33aa246bbb98 to remote] DEBUG org.asynchttpclient.netty.request.NettyRequestSender - Using pooled Channel '[id: 0xd6ee6950, L:/127.0.0.1:56984 - R:/127.0.0.1:4723]' for 'POST' to 'http://127.0.0.1:4723/wd/hub/session/b8edad10-6cf5-4416-8c6b-33aa246bbb98/element'
20:19:26.673 [Forwarding findElement on session b8edad10-6cf5-4416-8c6b-33aa246bbb98 to remote] DEBUG org.asynchttpclient.netty.request.NettyRequestSender - Using open Channel [id: 0xd6ee6950, L:/127.0.0.1:56984 - R:/127.0.0.1:4723] for POST '/wd/hub/session/b8edad10-6cf5-4416-8c6b-33aa246bbb98/element'
20:19:26.696 [AsyncHttpClient-1-2] DEBUG org.asynchttpclient.netty.handler.HttpHandler - 

Request DefaultHttpRequest(decodeResult: success, version: HTTP/1.1)
POST /wd/hub/session/b8edad10-6cf5-4416-8c6b-33aa246bbb98/element HTTP/1.1
User-Agent: appium/8.3.0 (selenium/4.8.1 (java mac))
Content-Length: 309
Content-Type: application/json; charset=utf-8
host: 127.0.0.1:4723
accept: */*

Response DefaultHttpResponse(decodeResult: success, version: HTTP/1.1)
HTTP/1.1 200 OK
X-Powered-By: Express
Vary: X-HTTP-Method-Override
Content-Type: application/json; charset=utf-8
Content-Length: 137
ETag: W/"89-8txfoGHnsS82oj+0dtxxyuPhDWo"
Date: Tue, 09 May 2023 13:19:26 GMT
Connection: keep-alive
Keep-Alive: timeout=600

20:19:26.698 [AsyncHttpClient-1-2] DEBUG org.asynchttpclient.netty.channel.ChannelManager - Adding key: http://127.0.0.1:4723 for channel [id: 0xd6ee6950, L:/127.0.0.1:56984 - R:/127.0.0.1:4723]
20:19:26.706 [Forwarding sendKeysToElement on session b8edad10-6cf5-4416-8c6b-33aa246bbb98 to remote] DEBUG org.asynchttpclient.netty.request.NettyRequestSender - Using pooled Channel '[id: 0xd6ee6950, L:/127.0.0.1:56984 - R:/127.0.0.1:4723]' for 'POST' to 'http://127.0.0.1:4723/wd/hub/session/b8edad10-6cf5-4416-8c6b-33aa246bbb98/element/00000000-0000-0294-0000-003100000003/value'
20:19:26.707 [Forwarding sendKeysToElement on session b8edad10-6cf5-4416-8c6b-33aa246bbb98 to remote] DEBUG org.asynchttpclient.netty.request.NettyRequestSender - Using open Channel [id: 0xd6ee6950, L:/127.0.0.1:56984 - R:/127.0.0.1:4723] for POST '/wd/hub/session/b8edad10-6cf5-4416-8c6b-33aa246bbb98/element/00000000-0000-0294-0000-003100000003/value'
20:19:26.723 [AsyncHttpClient-1-2] DEBUG org.asynchttpclient.netty.handler.HttpHandler - 

Request DefaultHttpRequest(decodeResult: success, version: HTTP/1.1)
POST /wd/hub/session/b8edad10-6cf5-4416-8c6b-33aa246bbb98/element/00000000-0000-0294-0000-003100000003/value HTTP/1.1
User-Agent: appium/8.3.0 (selenium/4.8.1 (java mac))
Content-Length: 321
Content-Type: application/json; charset=utf-8
host: 127.0.0.1:4723
accept: */*

Response DefaultHttpResponse(decodeResult: success, version: HTTP/1.1)
HTTP/1.1 200 OK
X-Powered-By: Express
Vary: X-HTTP-Method-Override
Content-Type: application/json; charset=utf-8
Content-Length: 14
ETag: W/"e-9/1BuKMgFObM1mWJm+YjxtXJnUM"
Date: Tue, 09 May 2023 13:19:26 GMT
Connection: keep-alive
Keep-Alive: timeout=600

20:19:26.725 [AsyncHttpClient-1-2] DEBUG org.asynchttpclient.netty.channel.ChannelManager - Adding key: http://127.0.0.1:4723 for channel [id: 0xd6ee6950, L:/127.0.0.1:56984 - R:/127.0.0.1:4723]
20:19:26.731 [main] DEBUG net.thucydides.core.steps.StepInterceptor - STARTING STEP: RegisterSteps3.inputEmailField - clicktypePasswordField
20:19:26.736 [Forwarding findElement on session b8edad10-6cf5-4416-8c6b-33aa246bbb98 to remote] DEBUG org.asynchttpclient.netty.request.NettyRequestSender - Using pooled Channel '[id: 0xd6ee6950, L:/127.0.0.1:56984 - R:/127.0.0.1:4723]' for 'POST' to 'http://127.0.0.1:4723/wd/hub/session/b8edad10-6cf5-4416-8c6b-33aa246bbb98/element'
20:19:26.739 [Forwarding findElement on session b8edad10-6cf5-4416-8c6b-33aa246bbb98 to remote] DEBUG org.asynchttpclient.netty.request.NettyRequestSender - Using open Channel [id: 0xd6ee6950, L:/127.0.0.1:56984 - R:/127.0.0.1:4723] for POST '/wd/hub/session/b8edad10-6cf5-4416-8c6b-33aa246bbb98/element'
20:19:27.280 [AsyncHttpClient-1-2] DEBUG org.asynchttpclient.netty.handler.HttpHandler - 

Request DefaultHttpRequest(decodeResult: success, version: HTTP/1.1)
POST /wd/hub/session/b8edad10-6cf5-4416-8c6b-33aa246bbb98/element HTTP/1.1
User-Agent: appium/8.3.0 (selenium/4.8.1 (java mac))
Content-Length: 309
Content-Type: application/json; charset=utf-8
host: 127.0.0.1:4723
accept: */*

Response DefaultHttpResponse(decodeResult: success, version: HTTP/1.1)
HTTP/1.1 200 OK
X-Powered-By: Express
Vary: X-HTTP-Method-Override
Content-Type: application/json; charset=utf-8
Content-Length: 137
ETag: W/"89-+H3bO1tfHn5qT+hyTHDX0sv90o0"
Date: Tue, 09 May 2023 13:19:27 GMT
Connection: keep-alive
Keep-Alive: timeout=600

20:19:27.281 [AsyncHttpClient-1-2] DEBUG org.asynchttpclient.netty.channel.ChannelManager - Adding key: http://127.0.0.1:4723 for channel [id: 0xd6ee6950, L:/127.0.0.1:56984 - R:/127.0.0.1:4723]
20:19:27.287 [Forwarding isElementDisplayed on session b8edad10-6cf5-4416-8c6b-33aa246bbb98 to remote] DEBUG org.asynchttpclient.netty.request.NettyRequestSender - Using pooled Channel '[id: 0xd6ee6950, L:/127.0.0.1:56984 - R:/127.0.0.1:4723]' for 'GET' to 'http://127.0.0.1:4723/wd/hub/session/b8edad10-6cf5-4416-8c6b-33aa246bbb98/element/00000000-0000-0294-0000-003200000003/displayed'
20:19:27.288 [Forwarding isElementDisplayed on session b8edad10-6cf5-4416-8c6b-33aa246bbb98 to remote] DEBUG org.asynchttpclient.netty.request.NettyRequestSender - Using open Channel [id: 0xd6ee6950, L:/127.0.0.1:56984 - R:/127.0.0.1:4723] for GET '/wd/hub/session/b8edad10-6cf5-4416-8c6b-33aa246bbb98/element/00000000-0000-0294-0000-003200000003/displayed'
20:19:27.304 [AsyncHttpClient-1-2] DEBUG org.asynchttpclient.netty.handler.HttpHandler - 

Request DefaultFullHttpRequest(decodeResult: success, version: HTTP/1.1, content: EmptyByteBufBE)
GET /wd/hub/session/b8edad10-6cf5-4416-8c6b-33aa246bbb98/element/00000000-0000-0294-0000-003200000003/displayed HTTP/1.1
User-Agent: appium/8.3.0 (selenium/4.8.1 (java mac))
Cache-Control: no-cache
Content-Type: application/json; charset=utf-8
host: 127.0.0.1:4723
accept: */*

Response DefaultHttpResponse(decodeResult: success, version: HTTP/1.1)
HTTP/1.1 200 OK
X-Powered-By: Express
Content-Type: application/json; charset=utf-8
Content-Length: 14
ETag: W/"e-2ZHvAWebNQpyjGZTg6uyV8/spTo"
Date: Tue, 09 May 2023 13:19:27 GMT
Connection: keep-alive
Keep-Alive: timeout=600

20:19:27.306 [AsyncHttpClient-1-2] DEBUG org.asynchttpclient.netty.channel.ChannelManager - Adding key: http://127.0.0.1:4723 for channel [id: 0xd6ee6950, L:/127.0.0.1:56984 - R:/127.0.0.1:4723]
20:19:27.307 [Forwarding isElementEnabled on session b8edad10-6cf5-4416-8c6b-33aa246bbb98 to remote] DEBUG org.asynchttpclient.netty.request.NettyRequestSender - Using pooled Channel '[id: 0xd6ee6950, L:/127.0.0.1:56984 - R:/127.0.0.1:4723]' for 'GET' to 'http://127.0.0.1:4723/wd/hub/session/b8edad10-6cf5-4416-8c6b-33aa246bbb98/element/00000000-0000-0294-0000-003200000003/enabled'
20:19:27.308 [Forwarding isElementEnabled on session b8edad10-6cf5-4416-8c6b-33aa246bbb98 to remote] DEBUG org.asynchttpclient.netty.request.NettyRequestSender - Using open Channel [id: 0xd6ee6950, L:/127.0.0.1:56984 - R:/127.0.0.1:4723] for GET '/wd/hub/session/b8edad10-6cf5-4416-8c6b-33aa246bbb98/element/00000000-0000-0294-0000-003200000003/enabled'
20:19:27.319 [AsyncHttpClient-1-2] DEBUG org.asynchttpclient.netty.handler.HttpHandler - 

Request DefaultFullHttpRequest(decodeResult: success, version: HTTP/1.1, content: EmptyByteBufBE)
GET /wd/hub/session/b8edad10-6cf5-4416-8c6b-33aa246bbb98/element/00000000-0000-0294-0000-003200000003/enabled HTTP/1.1
User-Agent: appium/8.3.0 (selenium/4.8.1 (java mac))
Cache-Control: no-cache
Content-Type: application/json; charset=utf-8
host: 127.0.0.1:4723
accept: */*

Response DefaultHttpResponse(decodeResult: success, version: HTTP/1.1)
HTTP/1.1 200 OK
X-Powered-By: Express
Content-Type: application/json; charset=utf-8
Content-Length: 14
ETag: W/"e-2ZHvAWebNQpyjGZTg6uyV8/spTo"
Date: Tue, 09 May 2023 13:19:27 GMT
Connection: keep-alive
Keep-Alive: timeout=600

20:19:27.319 [AsyncHttpClient-1-2] DEBUG org.asynchttpclient.netty.channel.ChannelManager - Adding key: http://127.0.0.1:4723 for channel [id: 0xd6ee6950, L:/127.0.0.1:56984 - R:/127.0.0.1:4723]
20:19:27.321 [Forwarding clickElement on session b8edad10-6cf5-4416-8c6b-33aa246bbb98 to remote] DEBUG org.asynchttpclient.netty.request.NettyRequestSender - Using pooled Channel '[id: 0xd6ee6950, L:/127.0.0.1:56984 - R:/127.0.0.1:4723]' for 'POST' to 'http://127.0.0.1:4723/wd/hub/session/b8edad10-6cf5-4416-8c6b-33aa246bbb98/element/00000000-0000-0294-0000-003200000003/click'
20:19:27.321 [Forwarding clickElement on session b8edad10-6cf5-4416-8c6b-33aa246bbb98 to remote] DEBUG org.asynchttpclient.netty.request.NettyRequestSender - Using open Channel [id: 0xd6ee6950, L:/127.0.0.1:56984 - R:/127.0.0.1:4723] for POST '/wd/hub/session/b8edad10-6cf5-4416-8c6b-33aa246bbb98/element/00000000-0000-0294-0000-003200000003/click'
20:19:27.372 [AsyncHttpClient-1-2] DEBUG org.asynchttpclient.netty.handler.HttpHandler - 

Request DefaultHttpRequest(decodeResult: success, version: HTTP/1.1)
POST /wd/hub/session/b8edad10-6cf5-4416-8c6b-33aa246bbb98/element/00000000-0000-0294-0000-003200000003/click HTTP/1.1
User-Agent: appium/8.3.0 (selenium/4.8.1 (java mac))
Content-Length: 50
Content-Type: application/json; charset=utf-8
host: 127.0.0.1:4723
accept: */*

Response DefaultHttpResponse(decodeResult: success, version: HTTP/1.1)
HTTP/1.1 200 OK
X-Powered-By: Express
Vary: X-HTTP-Method-Override
Content-Type: application/json; charset=utf-8
Content-Length: 14
ETag: W/"e-9/1BuKMgFObM1mWJm+YjxtXJnUM"
Date: Tue, 09 May 2023 13:19:27 GMT
Connection: keep-alive
Keep-Alive: timeout=600

20:19:27.372 [AsyncHttpClient-1-2] DEBUG org.asynchttpclient.netty.channel.ChannelManager - Adding key: http://127.0.0.1:4723 for channel [id: 0xd6ee6950, L:/127.0.0.1:56984 - R:/127.0.0.1:4723]
20:19:27.374 [main] DEBUG net.thucydides.core.steps.StepInterceptor - STEP DONE: clicktypePasswordField
20:19:27.379 [Forwarding findElement on session b8edad10-6cf5-4416-8c6b-33aa246bbb98 to remote] DEBUG org.asynchttpclient.netty.request.NettyRequestSender - Using pooled Channel '[id: 0xd6ee6950, L:/127.0.0.1:56984 - R:/127.0.0.1:4723]' for 'POST' to 'http://127.0.0.1:4723/wd/hub/session/b8edad10-6cf5-4416-8c6b-33aa246bbb98/element'
20:19:27.379 [Forwarding findElement on session b8edad10-6cf5-4416-8c6b-33aa246bbb98 to remote] DEBUG org.asynchttpclient.netty.request.NettyRequestSender - Using open Channel [id: 0xd6ee6950, L:/127.0.0.1:56984 - R:/127.0.0.1:4723] for POST '/wd/hub/session/b8edad10-6cf5-4416-8c6b-33aa246bbb98/element'
20:19:28.005 [AsyncHttpClient-1-2] DEBUG org.asynchttpclient.netty.handler.HttpHandler - 

Request DefaultHttpRequest(decodeResult: success, version: HTTP/1.1)
POST /wd/hub/session/b8edad10-6cf5-4416-8c6b-33aa246bbb98/element HTTP/1.1
User-Agent: appium/8.3.0 (selenium/4.8.1 (java mac))
Content-Length: 309
Content-Type: application/json; charset=utf-8
host: 127.0.0.1:4723
accept: */*

Response DefaultHttpResponse(decodeResult: success, version: HTTP/1.1)
HTTP/1.1 200 OK
X-Powered-By: Express
Vary: X-HTTP-Method-Override
Content-Type: application/json; charset=utf-8
Content-Length: 137
ETag: W/"89-+H3bO1tfHn5qT+hyTHDX0sv90o0"
Date: Tue, 09 May 2023 13:19:28 GMT
Connection: keep-alive
Keep-Alive: timeout=600

20:19:28.007 [AsyncHttpClient-1-2] DEBUG org.asynchttpclient.netty.channel.ChannelManager - Adding key: http://127.0.0.1:4723 for channel [id: 0xd6ee6950, L:/127.0.0.1:56984 - R:/127.0.0.1:4723]
20:19:28.011 [Forwarding sendKeysToElement on session b8edad10-6cf5-4416-8c6b-33aa246bbb98 to remote] DEBUG org.asynchttpclient.netty.request.NettyRequestSender - Using pooled Channel '[id: 0xd6ee6950, L:/127.0.0.1:56984 - R:/127.0.0.1:4723]' for 'POST' to 'http://127.0.0.1:4723/wd/hub/session/b8edad10-6cf5-4416-8c6b-33aa246bbb98/element/00000000-0000-0294-0000-003200000003/value'
20:19:28.011 [Forwarding sendKeysToElement on session b8edad10-6cf5-4416-8c6b-33aa246bbb98 to remote] DEBUG org.asynchttpclient.netty.request.NettyRequestSender - Using open Channel [id: 0xd6ee6950, L:/127.0.0.1:56984 - R:/127.0.0.1:4723] for POST '/wd/hub/session/b8edad10-6cf5-4416-8c6b-33aa246bbb98/element/00000000-0000-0294-0000-003200000003/value'
20:19:28.031 [AsyncHttpClient-1-2] DEBUG org.asynchttpclient.netty.handler.HttpHandler - 

Request DefaultHttpRequest(decodeResult: success, version: HTTP/1.1)
POST /wd/hub/session/b8edad10-6cf5-4416-8c6b-33aa246bbb98/element/00000000-0000-0294-0000-003200000003/value HTTP/1.1
User-Agent: appium/8.3.0 (selenium/4.8.1 (java mac))
Content-Length: 82
Content-Type: application/json; charset=utf-8
host: 127.0.0.1:4723
accept: */*

Response DefaultHttpResponse(decodeResult: success, version: HTTP/1.1)
HTTP/1.1 200 OK
X-Powered-By: Express
Vary: X-HTTP-Method-Override
Content-Type: application/json; charset=utf-8
Content-Length: 14
ETag: W/"e-9/1BuKMgFObM1mWJm+YjxtXJnUM"
Date: Tue, 09 May 2023 13:19:28 GMT
Connection: keep-alive
Keep-Alive: timeout=600

20:19:28.031 [AsyncHttpClient-1-2] DEBUG org.asynchttpclient.netty.channel.ChannelManager - Adding key: http://127.0.0.1:4723 for channel [id: 0xd6ee6950, L:/127.0.0.1:56984 - R:/127.0.0.1:4723]
]]></system-out>
  </testcase>
  <testcase name="New user click register button3" classname="As a new user, I have be able to create new account without password" time="1.137">
    <system-out><![CDATA[20:19:28.048 [main] DEBUG net.thucydides.core.steps.StepInterceptor - STARTING STEP: RegisterSteps3.clickRegisterButton - clickRegisterButton
20:19:28.051 [Forwarding findElement on session b8edad10-6cf5-4416-8c6b-33aa246bbb98 to remote] DEBUG org.asynchttpclient.netty.request.NettyRequestSender - Using pooled Channel '[id: 0xd6ee6950, L:/127.0.0.1:56984 - R:/127.0.0.1:4723]' for 'POST' to 'http://127.0.0.1:4723/wd/hub/session/b8edad10-6cf5-4416-8c6b-33aa246bbb98/element'
20:19:28.052 [Forwarding findElement on session b8edad10-6cf5-4416-8c6b-33aa246bbb98 to remote] DEBUG org.asynchttpclient.netty.request.NettyRequestSender - Using open Channel [id: 0xd6ee6950, L:/127.0.0.1:56984 - R:/127.0.0.1:4723] for POST '/wd/hub/session/b8edad10-6cf5-4416-8c6b-33aa246bbb98/element'
20:19:28.580 [AsyncHttpClient-1-2] DEBUG org.asynchttpclient.netty.handler.HttpHandler - 

Request DefaultHttpRequest(decodeResult: success, version: HTTP/1.1)
POST /wd/hub/session/b8edad10-6cf5-4416-8c6b-33aa246bbb98/element HTTP/1.1
User-Agent: appium/8.3.0 (selenium/4.8.1 (java mac))
Content-Length: 102
Content-Type: application/json; charset=utf-8
host: 127.0.0.1:4723
accept: */*

Response DefaultHttpResponse(decodeResult: success, version: HTTP/1.1)
HTTP/1.1 200 OK
X-Powered-By: Express
Vary: X-HTTP-Method-Override
Content-Type: application/json; charset=utf-8
Content-Length: 137
ETag: W/"89-rsDN8uT/JB2LVOpEbC3t5BRsqjA"
Date: Tue, 09 May 2023 13:19:28 GMT
Connection: keep-alive
Keep-Alive: timeout=600

20:19:28.581 [AsyncHttpClient-1-2] DEBUG org.asynchttpclient.netty.channel.ChannelManager - Adding key: http://127.0.0.1:4723 for channel [id: 0xd6ee6950, L:/127.0.0.1:56984 - R:/127.0.0.1:4723]
20:19:28.584 [Forwarding isElementDisplayed on session b8edad10-6cf5-4416-8c6b-33aa246bbb98 to remote] DEBUG org.asynchttpclient.netty.request.NettyRequestSender - Using pooled Channel '[id: 0xd6ee6950, L:/127.0.0.1:56984 - R:/127.0.0.1:4723]' for 'GET' to 'http://127.0.0.1:4723/wd/hub/session/b8edad10-6cf5-4416-8c6b-33aa246bbb98/element/00000000-0000-0294-0000-003300000003/displayed'
20:19:28.584 [Forwarding isElementDisplayed on session b8edad10-6cf5-4416-8c6b-33aa246bbb98 to remote] DEBUG org.asynchttpclient.netty.request.NettyRequestSender - Using open Channel [id: 0xd6ee6950, L:/127.0.0.1:56984 - R:/127.0.0.1:4723] for GET '/wd/hub/session/b8edad10-6cf5-4416-8c6b-33aa246bbb98/element/00000000-0000-0294-0000-003300000003/displayed'
20:19:28.593 [AsyncHttpClient-1-2] DEBUG org.asynchttpclient.netty.handler.HttpHandler - 

Request DefaultFullHttpRequest(decodeResult: success, version: HTTP/1.1, content: EmptyByteBufBE)
GET /wd/hub/session/b8edad10-6cf5-4416-8c6b-33aa246bbb98/element/00000000-0000-0294-0000-003300000003/displayed HTTP/1.1
User-Agent: appium/8.3.0 (selenium/4.8.1 (java mac))
Cache-Control: no-cache
Content-Type: application/json; charset=utf-8
host: 127.0.0.1:4723
accept: */*

Response DefaultHttpResponse(decodeResult: success, version: HTTP/1.1)
HTTP/1.1 200 OK
X-Powered-By: Express
Content-Type: application/json; charset=utf-8
Content-Length: 14
ETag: W/"e-2ZHvAWebNQpyjGZTg6uyV8/spTo"
Date: Tue, 09 May 2023 13:19:28 GMT
Connection: keep-alive
Keep-Alive: timeout=600

20:19:28.594 [AsyncHttpClient-1-2] DEBUG org.asynchttpclient.netty.channel.ChannelManager - Adding key: http://127.0.0.1:4723 for channel [id: 0xd6ee6950, L:/127.0.0.1:56984 - R:/127.0.0.1:4723]
20:19:28.596 [Forwarding isElementEnabled on session b8edad10-6cf5-4416-8c6b-33aa246bbb98 to remote] DEBUG org.asynchttpclient.netty.request.NettyRequestSender - Using pooled Channel '[id: 0xd6ee6950, L:/127.0.0.1:56984 - R:/127.0.0.1:4723]' for 'GET' to 'http://127.0.0.1:4723/wd/hub/session/b8edad10-6cf5-4416-8c6b-33aa246bbb98/element/00000000-0000-0294-0000-003300000003/enabled'
20:19:28.596 [Forwarding isElementEnabled on session b8edad10-6cf5-4416-8c6b-33aa246bbb98 to remote] DEBUG org.asynchttpclient.netty.request.NettyRequestSender - Using open Channel [id: 0xd6ee6950, L:/127.0.0.1:56984 - R:/127.0.0.1:4723] for GET '/wd/hub/session/b8edad10-6cf5-4416-8c6b-33aa246bbb98/element/00000000-0000-0294-0000-003300000003/enabled'
20:19:28.606 [AsyncHttpClient-1-2] DEBUG org.asynchttpclient.netty.handler.HttpHandler - 

Request DefaultFullHttpRequest(decodeResult: success, version: HTTP/1.1, content: EmptyByteBufBE)
GET /wd/hub/session/b8edad10-6cf5-4416-8c6b-33aa246bbb98/element/00000000-0000-0294-0000-003300000003/enabled HTTP/1.1
User-Agent: appium/8.3.0 (selenium/4.8.1 (java mac))
Cache-Control: no-cache
Content-Type: application/json; charset=utf-8
host: 127.0.0.1:4723
accept: */*

Response DefaultHttpResponse(decodeResult: success, version: HTTP/1.1)
HTTP/1.1 200 OK
X-Powered-By: Express
Content-Type: application/json; charset=utf-8
Content-Length: 14
ETag: W/"e-2ZHvAWebNQpyjGZTg6uyV8/spTo"
Date: Tue, 09 May 2023 13:19:28 GMT
Connection: keep-alive
Keep-Alive: timeout=600

20:19:28.607 [AsyncHttpClient-1-2] DEBUG org.asynchttpclient.netty.channel.ChannelManager - Adding key: http://127.0.0.1:4723 for channel [id: 0xd6ee6950, L:/127.0.0.1:56984 - R:/127.0.0.1:4723]
20:19:28.611 [Forwarding clickElement on session b8edad10-6cf5-4416-8c6b-33aa246bbb98 to remote] DEBUG org.asynchttpclient.netty.request.NettyRequestSender - Using pooled Channel '[id: 0xd6ee6950, L:/127.0.0.1:56984 - R:/127.0.0.1:4723]' for 'POST' to 'http://127.0.0.1:4723/wd/hub/session/b8edad10-6cf5-4416-8c6b-33aa246bbb98/element/00000000-0000-0294-0000-003300000003/click'
20:19:28.611 [Forwarding clickElement on session b8edad10-6cf5-4416-8c6b-33aa246bbb98 to remote] DEBUG org.asynchttpclient.netty.request.NettyRequestSender - Using open Channel [id: 0xd6ee6950, L:/127.0.0.1:56984 - R:/127.0.0.1:4723] for POST '/wd/hub/session/b8edad10-6cf5-4416-8c6b-33aa246bbb98/element/00000000-0000-0294-0000-003300000003/click'
20:19:29.173 [AsyncHttpClient-1-2] DEBUG org.asynchttpclient.netty.handler.HttpHandler - 

Request DefaultHttpRequest(decodeResult: success, version: HTTP/1.1)
POST /wd/hub/session/b8edad10-6cf5-4416-8c6b-33aa246bbb98/element/00000000-0000-0294-0000-003300000003/click HTTP/1.1
User-Agent: appium/8.3.0 (selenium/4.8.1 (java mac))
Content-Length: 50
Content-Type: application/json; charset=utf-8
host: 127.0.0.1:4723
accept: */*

Response DefaultHttpResponse(decodeResult: success, version: HTTP/1.1)
HTTP/1.1 200 OK
X-Powered-By: Express
Vary: X-HTTP-Method-Override
Content-Type: application/json; charset=utf-8
Content-Length: 14
ETag: W/"e-9/1BuKMgFObM1mWJm+YjxtXJnUM"
Date: Tue, 09 May 2023 13:19:29 GMT
Connection: keep-alive
Keep-Alive: timeout=600

20:19:29.173 [AsyncHttpClient-1-2] DEBUG org.asynchttpclient.netty.channel.ChannelManager - Adding key: http://127.0.0.1:4723 for channel [id: 0xd6ee6950, L:/127.0.0.1:56984 - R:/127.0.0.1:4723]
20:19:29.177 [main] DEBUG net.thucydides.core.steps.StepInterceptor - STEP DONE: clickRegisterButton
]]></system-out>
  </testcase>
  <testcase name="user see error message3" classname="As a new user, I have be able to create new account without password" time="0.091">
    <system-out><![CDATA[20:19:29.187 [main] DEBUG net.thucydides.core.steps.StepInterceptor - STARTING STEP: RegisterSteps3.validateRegistered - validateHomePage
20:19:29.201 [Forwarding findElement on session b8edad10-6cf5-4416-8c6b-33aa246bbb98 to remote] DEBUG org.asynchttpclient.netty.request.NettyRequestSender - Using pooled Channel '[id: 0xd6ee6950, L:/127.0.0.1:56984 - R:/127.0.0.1:4723]' for 'POST' to 'http://127.0.0.1:4723/wd/hub/session/b8edad10-6cf5-4416-8c6b-33aa246bbb98/element'
20:19:29.201 [Forwarding findElement on session b8edad10-6cf5-4416-8c6b-33aa246bbb98 to remote] DEBUG org.asynchttpclient.netty.request.NettyRequestSender - Using open Channel [id: 0xd6ee6950, L:/127.0.0.1:56984 - R:/127.0.0.1:4723] for POST '/wd/hub/session/b8edad10-6cf5-4416-8c6b-33aa246bbb98/element'
20:19:29.248 [AsyncHttpClient-1-2] DEBUG org.asynchttpclient.netty.handler.HttpHandler - 

Request DefaultHttpRequest(decodeResult: success, version: HTTP/1.1)
POST /wd/hub/session/b8edad10-6cf5-4416-8c6b-33aa246bbb98/element HTTP/1.1
User-Agent: appium/8.3.0 (selenium/4.8.1 (java mac))
Content-Length: 330
Content-Type: application/json; charset=utf-8
host: 127.0.0.1:4723
accept: */*

Response DefaultHttpResponse(decodeResult: success, version: HTTP/1.1)
HTTP/1.1 200 OK
X-Powered-By: Express
Vary: X-HTTP-Method-Override
Content-Type: application/json; charset=utf-8
Content-Length: 137
ETag: W/"89-DxPii2Q/XoeJllRnyiCyxa4ic3g"
Date: Tue, 09 May 2023 13:19:29 GMT
Connection: keep-alive
Keep-Alive: timeout=600

20:19:29.249 [AsyncHttpClient-1-2] DEBUG org.asynchttpclient.netty.channel.ChannelManager - Adding key: http://127.0.0.1:4723 for channel [id: 0xd6ee6950, L:/127.0.0.1:56984 - R:/127.0.0.1:4723]
20:19:29.256 [Forwarding isElementDisplayed on session b8edad10-6cf5-4416-8c6b-33aa246bbb98 to remote] DEBUG org.asynchttpclient.netty.request.NettyRequestSender - Using pooled Channel '[id: 0xd6ee6950, L:/127.0.0.1:56984 - R:/127.0.0.1:4723]' for 'GET' to 'http://127.0.0.1:4723/wd/hub/session/b8edad10-6cf5-4416-8c6b-33aa246bbb98/element/00000000-0000-0294-0000-003500000003/displayed'
20:19:29.256 [Forwarding isElementDisplayed on session b8edad10-6cf5-4416-8c6b-33aa246bbb98 to remote] DEBUG org.asynchttpclient.netty.request.NettyRequestSender - Using open Channel [id: 0xd6ee6950, L:/127.0.0.1:56984 - R:/127.0.0.1:4723] for GET '/wd/hub/session/b8edad10-6cf5-4416-8c6b-33aa246bbb98/element/00000000-0000-0294-0000-003500000003/displayed'
20:19:29.269 [AsyncHttpClient-1-2] DEBUG org.asynchttpclient.netty.handler.HttpHandler - 

Request DefaultFullHttpRequest(decodeResult: success, version: HTTP/1.1, content: EmptyByteBufBE)
GET /wd/hub/session/b8edad10-6cf5-4416-8c6b-33aa246bbb98/element/00000000-0000-0294-0000-003500000003/displayed HTTP/1.1
User-Agent: appium/8.3.0 (selenium/4.8.1 (java mac))
Cache-Control: no-cache
Content-Type: application/json; charset=utf-8
host: 127.0.0.1:4723
accept: */*

Response DefaultHttpResponse(decodeResult: success, version: HTTP/1.1)
HTTP/1.1 200 OK
X-Powered-By: Express
Content-Type: application/json; charset=utf-8
Content-Length: 14
ETag: W/"e-2ZHvAWebNQpyjGZTg6uyV8/spTo"
Date: Tue, 09 May 2023 13:19:29 GMT
Connection: keep-alive
Keep-Alive: timeout=600

20:19:29.270 [AsyncHttpClient-1-2] DEBUG org.asynchttpclient.netty.channel.ChannelManager - Adding key: http://127.0.0.1:4723 for channel [id: 0xd6ee6950, L:/127.0.0.1:56984 - R:/127.0.0.1:4723]
20:19:29.272 [main] DEBUG net.thucydides.core.steps.StepInterceptor - STEP DONE: validateHomePage
]]></system-out>
  </testcase>
</testsuite>